[0.043s] Invoking command in '/home/eceteam4/ECE480Team4/build/vesc': CMAKE_PREFIX_PATH=/home/eceteam4/ECE480Team4/install/vesc_driver:/home/eceteam4/ECE480Team4/install/vesc_ackermann:/home/eceteam4/ECE480Team4/install/vesc_msgs:/home/eceteam4/ECE480Team4/install/vesc:/home/eceteam4/ECE480Team4/install/curvy_road:/home/eceteam4/ECE480Team4/install/vesc_control:/home/eceteam4/ECE480Team4/install/sensors_lidar_bridge:/home/eceteam4/ECE480Team4/install/sensors_imu_bridge:/home/eceteam4/ECE480Team4/install/sensors_camera_node:/home/eceteam4/ECE480Team4/install/perception_sync_node:/home/eceteam4/ECE480Team4/install/perception_ml_node:/home/eceteam4/ECE480Team4/install/obstacle_det:/home/eceteam4/ECE480Team4/install/lane_follow:/opt/ros/humble /usr/bin/cmake --build /home/eceteam4/ECE480Team4/build/vesc -- -j6 -l6
[0.128s] Invoked command in '/home/eceteam4/ECE480Team4/build/vesc' returned '0': CMAKE_PREFIX_PATH=/home/eceteam4/ECE480Team4/install/vesc_driver:/home/eceteam4/ECE480Team4/install/vesc_ackermann:/home/eceteam4/ECE480Team4/install/vesc_msgs:/home/eceteam4/ECE480Team4/install/vesc:/home/eceteam4/ECE480Team4/install/curvy_road:/home/eceteam4/ECE480Team4/install/vesc_control:/home/eceteam4/ECE480Team4/install/sensors_lidar_bridge:/home/eceteam4/ECE480Team4/install/sensors_imu_bridge:/home/eceteam4/ECE480Team4/install/sensors_camera_node:/home/eceteam4/ECE480Team4/install/perception_sync_node:/home/eceteam4/ECE480Team4/install/perception_ml_node:/home/eceteam4/ECE480Team4/install/obstacle_det:/home/eceteam4/ECE480Team4/install/lane_follow:/opt/ros/humble /usr/bin/cmake --build /home/eceteam4/ECE480Team4/build/vesc -- -j6 -l6
[0.133s] Invoking command in '/home/eceteam4/ECE480Team4/build/vesc': CMAKE_PREFIX_PATH=/home/eceteam4/ECE480Team4/install/vesc_driver:/home/eceteam4/ECE480Team4/install/vesc_ackermann:/home/eceteam4/ECE480Team4/install/vesc_msgs:/home/eceteam4/ECE480Team4/install/vesc:/home/eceteam4/ECE480Team4/install/curvy_road:/home/eceteam4/ECE480Team4/install/vesc_control:/home/eceteam4/ECE480Team4/install/sensors_lidar_bridge:/home/eceteam4/ECE480Team4/install/sensors_imu_bridge:/home/eceteam4/ECE480Team4/install/sensors_camera_node:/home/eceteam4/ECE480Team4/install/perception_sync_node:/home/eceteam4/ECE480Team4/install/perception_ml_node:/home/eceteam4/ECE480Team4/install/obstacle_det:/home/eceteam4/ECE480Team4/install/lane_follow:/opt/ros/humble /usr/bin/cmake --install /home/eceteam4/ECE480Team4/build/vesc
[0.150s] -- Install configuration: ""
[0.153s] -- Execute custom install script
[0.156s] -- Up-to-date symlink: /home/eceteam4/ECE480Team4/install/vesc/share/ament_index/resource_index/package_run_dependencies/vesc
[0.158s] -- Up-to-date symlink: /home/eceteam4/ECE480Team4/install/vesc/share/ament_index/resource_index/parent_prefix_path/vesc
[0.159s] -- Up-to-date symlink: /home/eceteam4/ECE480Team4/install/vesc/share/vesc/environment/ament_prefix_path.sh
[0.159s] -- Up-to-date symlink: /home/eceteam4/ECE480Team4/install/vesc/share/vesc/environment/ament_prefix_path.dsv
[0.160s] -- Up-to-date symlink: /home/eceteam4/ECE480Team4/install/vesc/share/vesc/environment/path.sh
[0.161s] -- Up-to-date symlink: /home/eceteam4/ECE480Team4/install/vesc/share/vesc/environment/path.dsv
[0.163s] -- Up-to-date symlink: /home/eceteam4/ECE480Team4/install/vesc/share/vesc/local_setup.bash
[0.163s] -- Up-to-date symlink: /home/eceteam4/ECE480Team4/install/vesc/share/vesc/local_setup.sh
[0.164s] -- Up-to-date symlink: /home/eceteam4/ECE480Team4/install/vesc/share/vesc/local_setup.zsh
[0.165s] -- Up-to-date symlink: /home/eceteam4/ECE480Team4/install/vesc/share/vesc/local_setup.dsv
[0.165s] -- Symlinking: /home/eceteam4/ECE480Team4/install/vesc/share/vesc/package.dsv
[0.188s] -- Up-to-date symlink: /home/eceteam4/ECE480Team4/install/vesc/share/ament_index/resource_index/packages/vesc
[0.189s] -- Up-to-date symlink: /home/eceteam4/ECE480Team4/install/vesc/share/vesc/cmake/vescConfig.cmake
[0.189s] -- Up-to-date symlink: /home/eceteam4/ECE480Team4/install/vesc/share/vesc/cmake/vescConfig-version.cmake
[0.190s] -- Up-to-date symlink: /home/eceteam4/ECE480Team4/install/vesc/share/vesc/package.xml
[0.198s] Invoked command in '/home/eceteam4/ECE480Team4/build/vesc' returned '0': CMAKE_PREFIX_PATH=/home/eceteam4/ECE480Team4/install/vesc_driver:/home/eceteam4/ECE480Team4/install/vesc_ackermann:/home/eceteam4/ECE480Team4/install/vesc_msgs:/home/eceteam4/ECE480Team4/install/vesc:/home/eceteam4/ECE480Team4/install/curvy_road:/home/eceteam4/ECE480Team4/install/vesc_control:/home/eceteam4/ECE480Team4/install/sensors_lidar_bridge:/home/eceteam4/ECE480Team4/install/sensors_imu_bridge:/home/eceteam4/ECE480Team4/install/sensors_camera_node:/home/eceteam4/ECE480Team4/install/perception_sync_node:/home/eceteam4/ECE480Team4/install/perception_ml_node:/home/eceteam4/ECE480Team4/install/obstacle_det:/home/eceteam4/ECE480Team4/install/lane_follow:/opt/ros/humble /usr/bin/cmake --install /home/eceteam4/ECE480Team4/build/vesc
