[0.110s] Invoking command in '/home/eceteam4/ECE480Team4/ros2_ws/build/vesc_msgs': /usr/bin/cmake --build /home/eceteam4/ECE480Team4/ros2_ws/build/vesc_msgs -- -j6 -l6
[1.902s] [ 12%] Built target vesc_msgs__rosidl_generator_c
[1.903s] [ 12%] Built target vesc_msgs__cpp
[1.904s] [ 12%] Built target ament_cmake_python_symlink_vesc_msgs
[1.904s] [ 23%] Built target vesc_msgs__rosidl_typesupport_c
[1.904s] [ 34%] Built target vesc_msgs__rosidl_typesupport_fastrtps_c
[1.905s] [ 52%] Built target vesc_msgs__rosidl_typesupport_fastrtps_cpp
[1.906s] [ 57%] Built target vesc_msgs__rosidl_typesupport_introspection_c
[1.907s] [ 68%] Built target vesc_msgs__rosidl_typesupport_introspection_cpp
[1.910s] [ 79%] Built target vesc_msgs__rosidl_typesupport_cpp
[1.911s] [ 79%] Built target vesc_msgs
[1.912s] [ 80%] Built target vesc_msgs__py
[1.912s] [ 90%] Built target vesc_msgs__rosidl_generator_py
[1.912s] [ 93%] Built target vesc_msgs__rosidl_typesupport_fastrtps_c__pyext
[1.913s] [ 96%] Built target vesc_msgs__rosidl_typesupport_introspection_c__pyext
[1.913s] [100%] Built target vesc_msgs__rosidl_typesupport_c__pyext
[1.913s] running egg_info
[1.913s] writing vesc_msgs.egg-info/PKG-INFO
[1.913s] writing dependency_links to vesc_msgs.egg-info/dependency_links.txt
[1.914s] writing top-level names to vesc_msgs.egg-info/top_level.txt
[1.914s] reading manifest file 'vesc_msgs.egg-info/SOURCES.txt'
[1.915s] writing manifest file 'vesc_msgs.egg-info/SOURCES.txt'
[1.915s] [100%] Built target ament_cmake_python_build_vesc_msgs_egg
[1.938s] Invoked command in '/home/eceteam4/ECE480Team4/ros2_ws/build/vesc_msgs' returned '0': /usr/bin/cmake --build /home/eceteam4/ECE480Team4/ros2_ws/build/vesc_msgs -- -j6 -l6
[1.941s] Invoking command in '/home/eceteam4/ECE480Team4/ros2_ws/build/vesc_msgs': /usr/bin/cmake --install /home/eceteam4/ECE480Team4/ros2_ws/build/vesc_msgs
[2.477s] -- Install configuration: ""
[2.477s] -- Execute custom install script
[2.477s] -- Up-to-date symlink: /home/eceteam4/ECE480Team4/ros2_ws/install/vesc_msgs/share/ament_index/resource_index/rosidl_interfaces/vesc_msgs
[2.478s] -- Up-to-date symlink: /home/eceteam4/ECE480Team4/ros2_ws/install/vesc_msgs/include/vesc_msgs/vesc_msgs/msg/detail/vesc_cmd__functions.h
[2.478s] -- Up-to-date symlink: /home/eceteam4/ECE480Team4/ros2_ws/install/vesc_msgs/include/vesc_msgs/vesc_msgs/msg/detail/vesc_cmd__struct.h
[2.478s] -- Up-to-date symlink: /home/eceteam4/ECE480Team4/ros2_ws/install/vesc_msgs/include/vesc_msgs/vesc_msgs/msg/detail/vesc_cmd__type_support.h
[2.478s] -- Up-to-date symlink: /home/eceteam4/ECE480Team4/ros2_ws/install/vesc_msgs/include/vesc_msgs/vesc_msgs/msg/detail/vesc_imu__functions.h
[2.478s] -- Up-to-date symlink: /home/eceteam4/ECE480Team4/ros2_ws/install/vesc_msgs/include/vesc_msgs/vesc_msgs/msg/detail/vesc_imu__struct.h
[2.478s] -- Up-to-date symlink: /home/eceteam4/ECE480Team4/ros2_ws/install/vesc_msgs/include/vesc_msgs/vesc_msgs/msg/detail/vesc_imu__type_support.h
[2.479s] -- Up-to-date symlink: /home/eceteam4/ECE480Team4/ros2_ws/install/vesc_msgs/include/vesc_msgs/vesc_msgs/msg/detail/vesc_imu_stamped__functions.h
[2.480s] -- Up-to-date symlink: /home/eceteam4/ECE480Team4/ros2_ws/install/vesc_msgs/include/vesc_msgs/vesc_msgs/msg/detail/vesc_imu_stamped__struct.h
[2.480s] -- Up-to-date symlink: /home/eceteam4/ECE480Team4/ros2_ws/install/vesc_msgs/include/vesc_msgs/vesc_msgs/msg/detail/vesc_imu_stamped__type_support.h
[2.480s] -- Up-to-date symlink: /home/eceteam4/ECE480Team4/ros2_ws/install/vesc_msgs/include/vesc_msgs/vesc_msgs/msg/detail/vesc_state__functions.h
[2.484s] -- Up-to-date symlink: /home/eceteam4/ECE480Team4/ros2_ws/install/vesc_msgs/include/vesc_msgs/vesc_msgs/msg/detail/vesc_state__struct.h
[2.484s] -- Up-to-date symlink: /home/eceteam4/ECE480Team4/ros2_ws/install/vesc_msgs/include/vesc_msgs/vesc_msgs/msg/detail/vesc_state__type_support.h
[2.484s] -- Up-to-date symlink: /home/eceteam4/ECE480Team4/ros2_ws/install/vesc_msgs/include/vesc_msgs/vesc_msgs/msg/detail/vesc_state_stamped__functions.h
[2.484s] -- Up-to-date symlink: /home/eceteam4/ECE480Team4/ros2_ws/install/vesc_msgs/include/vesc_msgs/vesc_msgs/msg/detail/vesc_state_stamped__struct.h
[2.485s] -- Up-to-date symlink: /home/eceteam4/ECE480Team4/ros2_ws/install/vesc_msgs/include/vesc_msgs/vesc_msgs/msg/detail/vesc_state_stamped__type_support.h
[2.485s] -- Up-to-date symlink: /home/eceteam4/ECE480Team4/ros2_ws/install/vesc_msgs/include/vesc_msgs/vesc_msgs/msg/rosidl_generator_c__visibility_control.h
[2.485s] -- Up-to-date symlink: /home/eceteam4/ECE480Team4/ros2_ws/install/vesc_msgs/include/vesc_msgs/vesc_msgs/msg/vesc_cmd.h
[2.485s] -- Up-to-date symlink: /home/eceteam4/ECE480Team4/ros2_ws/install/vesc_msgs/include/vesc_msgs/vesc_msgs/msg/vesc_imu.h
[2.485s] -- Up-to-date symlink: /home/eceteam4/ECE480Team4/ros2_ws/install/vesc_msgs/include/vesc_msgs/vesc_msgs/msg/vesc_imu_stamped.h
[2.486s] -- Up-to-date symlink: /home/eceteam4/ECE480Team4/ros2_ws/install/vesc_msgs/include/vesc_msgs/vesc_msgs/msg/vesc_state.h
[2.488s] -- Up-to-date symlink: /home/eceteam4/ECE480Team4/ros2_ws/install/vesc_msgs/include/vesc_msgs/vesc_msgs/msg/vesc_state_stamped.h
[2.489s] -- Up-to-date symlink: /home/eceteam4/ECE480Team4/ros2_ws/install/vesc_msgs/share/vesc_msgs/environment/library_path.sh
[2.489s] -- Up-to-date symlink: /home/eceteam4/ECE480Team4/ros2_ws/install/vesc_msgs/share/vesc_msgs/environment/library_path.dsv
[2.489s] -- Up-to-date symlink: /home/eceteam4/ECE480Team4/ros2_ws/install/vesc_msgs/include/vesc_msgs/vesc_msgs/msg/detail/vesc_cmd__rosidl_typesupport_fastrtps_c.h
[2.489s] -- Up-to-date symlink: /home/eceteam4/ECE480Team4/ros2_ws/install/vesc_msgs/include/vesc_msgs/vesc_msgs/msg/detail/vesc_imu__rosidl_typesupport_fastrtps_c.h
[2.489s] -- Up-to-date symlink: /home/eceteam4/ECE480Team4/ros2_ws/install/vesc_msgs/include/vesc_msgs/vesc_msgs/msg/detail/vesc_imu_stamped__rosidl_typesupport_fastrtps_c.h
[2.489s] -- Up-to-date symlink: /home/eceteam4/ECE480Team4/ros2_ws/install/vesc_msgs/include/vesc_msgs/vesc_msgs/msg/detail/vesc_state__rosidl_typesupport_fastrtps_c.h
[2.494s] -- Up-to-date symlink: /home/eceteam4/ECE480Team4/ros2_ws/install/vesc_msgs/include/vesc_msgs/vesc_msgs/msg/detail/vesc_state_stamped__rosidl_typesupport_fastrtps_c.h
[2.494s] -- Up-to-date symlink: /home/eceteam4/ECE480Team4/ros2_ws/install/vesc_msgs/include/vesc_msgs/vesc_msgs/msg/rosidl_typesupport_fastrtps_c__visibility_control.h
[2.494s] -- Up-to-date symlink: /home/eceteam4/ECE480Team4/ros2_ws/install/vesc_msgs/include/vesc_msgs/vesc_msgs/msg/detail/vesc_cmd__rosidl_typesupport_introspection_c.h
[2.495s] -- Up-to-date symlink: /home/eceteam4/ECE480Team4/ros2_ws/install/vesc_msgs/include/vesc_msgs/vesc_msgs/msg/detail/vesc_imu__rosidl_typesupport_introspection_c.h
[2.500s] -- Up-to-date symlink: /home/eceteam4/ECE480Team4/ros2_ws/install/vesc_msgs/include/vesc_msgs/vesc_msgs/msg/detail/vesc_imu_stamped__rosidl_typesupport_introspection_c.h
[2.500s] -- Up-to-date symlink: /home/eceteam4/ECE480Team4/ros2_ws/install/vesc_msgs/include/vesc_msgs/vesc_msgs/msg/detail/vesc_state__rosidl_typesupport_introspection_c.h
[2.500s] -- Up-to-date symlink: /home/eceteam4/ECE480Team4/ros2_ws/install/vesc_msgs/include/vesc_msgs/vesc_msgs/msg/detail/vesc_state_stamped__rosidl_typesupport_introspection_c.h
[2.500s] -- Up-to-date symlink: /home/eceteam4/ECE480Team4/ros2_ws/install/vesc_msgs/include/vesc_msgs/vesc_msgs/msg/rosidl_typesupport_introspection_c__visibility_control.h
[2.501s] -- Up-to-date symlink: /home/eceteam4/ECE480Team4/ros2_ws/install/vesc_msgs/include/vesc_msgs/vesc_msgs/msg/detail/vesc_cmd__builder.hpp
[2.501s] -- Up-to-date symlink: /home/eceteam4/ECE480Team4/ros2_ws/install/vesc_msgs/include/vesc_msgs/vesc_msgs/msg/detail/vesc_cmd__struct.hpp
[2.501s] -- Up-to-date symlink: /home/eceteam4/ECE480Team4/ros2_ws/install/vesc_msgs/include/vesc_msgs/vesc_msgs/msg/detail/vesc_cmd__traits.hpp
[2.501s] -- Up-to-date symlink: /home/eceteam4/ECE480Team4/ros2_ws/install/vesc_msgs/include/vesc_msgs/vesc_msgs/msg/detail/vesc_cmd__type_support.hpp
[2.501s] -- Up-to-date symlink: /home/eceteam4/ECE480Team4/ros2_ws/install/vesc_msgs/include/vesc_msgs/vesc_msgs/msg/detail/vesc_imu__builder.hpp
[2.501s] -- Up-to-date symlink: /home/eceteam4/ECE480Team4/ros2_ws/install/vesc_msgs/include/vesc_msgs/vesc_msgs/msg/detail/vesc_imu__struct.hpp
[2.501s] -- Up-to-date symlink: /home/eceteam4/ECE480Team4/ros2_ws/install/vesc_msgs/include/vesc_msgs/vesc_msgs/msg/detail/vesc_imu__traits.hpp
[2.501s] -- Up-to-date symlink: /home/eceteam4/ECE480Team4/ros2_ws/install/vesc_msgs/include/vesc_msgs/vesc_msgs/msg/detail/vesc_imu__type_support.hpp
[2.502s] -- Up-to-date symlink: /home/eceteam4/ECE480Team4/ros2_ws/install/vesc_msgs/include/vesc_msgs/vesc_msgs/msg/detail/vesc_imu_stamped__builder.hpp
[2.502s] -- Up-to-date symlink: /home/eceteam4/ECE480Team4/ros2_ws/install/vesc_msgs/include/vesc_msgs/vesc_msgs/msg/detail/vesc_imu_stamped__struct.hpp
[2.502s] -- Up-to-date symlink: /home/eceteam4/ECE480Team4/ros2_ws/install/vesc_msgs/include/vesc_msgs/vesc_msgs/msg/detail/vesc_imu_stamped__traits.hpp
[2.502s] -- Up-to-date symlink: /home/eceteam4/ECE480Team4/ros2_ws/install/vesc_msgs/include/vesc_msgs/vesc_msgs/msg/detail/vesc_imu_stamped__type_support.hpp
[2.502s] -- Up-to-date symlink: /home/eceteam4/ECE480Team4/ros2_ws/install/vesc_msgs/include/vesc_msgs/vesc_msgs/msg/detail/vesc_state__builder.hpp
[2.502s] -- Up-to-date symlink: /home/eceteam4/ECE480Team4/ros2_ws/install/vesc_msgs/include/vesc_msgs/vesc_msgs/msg/detail/vesc_state__struct.hpp
[2.502s] -- Up-to-date symlink: /home/eceteam4/ECE480Team4/ros2_ws/install/vesc_msgs/include/vesc_msgs/vesc_msgs/msg/detail/vesc_state__traits.hpp
[2.503s] -- Up-to-date symlink: /home/eceteam4/ECE480Team4/ros2_ws/install/vesc_msgs/include/vesc_msgs/vesc_msgs/msg/detail/vesc_state__type_support.hpp
[2.505s] -- Up-to-date symlink: /home/eceteam4/ECE480Team4/ros2_ws/install/vesc_msgs/include/vesc_msgs/vesc_msgs/msg/detail/vesc_state_stamped__builder.hpp
[2.505s] -- Up-to-date symlink: /home/eceteam4/ECE480Team4/ros2_ws/install/vesc_msgs/include/vesc_msgs/vesc_msgs/msg/detail/vesc_state_stamped__struct.hpp
[2.505s] -- Up-to-date symlink: /home/eceteam4/ECE480Team4/ros2_ws/install/vesc_msgs/include/vesc_msgs/vesc_msgs/msg/detail/vesc_state_stamped__traits.hpp
[2.505s] -- Up-to-date symlink: /home/eceteam4/ECE480Team4/ros2_ws/install/vesc_msgs/include/vesc_msgs/vesc_msgs/msg/detail/vesc_state_stamped__type_support.hpp
[2.505s] -- Up-to-date symlink: /home/eceteam4/ECE480Team4/ros2_ws/install/vesc_msgs/include/vesc_msgs/vesc_msgs/msg/rosidl_generator_cpp__visibility_control.hpp
[2.506s] -- Up-to-date symlink: /home/eceteam4/ECE480Team4/ros2_ws/install/vesc_msgs/include/vesc_msgs/vesc_msgs/msg/vesc_cmd.hpp
[2.506s] -- Up-to-date symlink: /home/eceteam4/ECE480Team4/ros2_ws/install/vesc_msgs/include/vesc_msgs/vesc_msgs/msg/vesc_imu.hpp
[2.510s] -- Up-to-date symlink: /home/eceteam4/ECE480Team4/ros2_ws/install/vesc_msgs/include/vesc_msgs/vesc_msgs/msg/vesc_imu_stamped.hpp
[2.510s] -- Up-to-date symlink: /home/eceteam4/ECE480Team4/ros2_ws/install/vesc_msgs/include/vesc_msgs/vesc_msgs/msg/vesc_state.hpp
[2.511s] -- Up-to-date symlink: /home/eceteam4/ECE480Team4/ros2_ws/install/vesc_msgs/include/vesc_msgs/vesc_msgs/msg/vesc_state_stamped.hpp
[2.511s] -- Up-to-date symlink: /home/eceteam4/ECE480Team4/ros2_ws/install/vesc_msgs/include/vesc_msgs/vesc_msgs/msg/detail/vesc_cmd__rosidl_typesupport_fastrtps_cpp.hpp
[2.511s] -- Up-to-date symlink: /home/eceteam4/ECE480Team4/ros2_ws/install/vesc_msgs/include/vesc_msgs/vesc_msgs/msg/detail/vesc_imu__rosidl_typesupport_fastrtps_cpp.hpp
[2.511s] -- Up-to-date symlink: /home/eceteam4/ECE480Team4/ros2_ws/install/vesc_msgs/include/vesc_msgs/vesc_msgs/msg/detail/vesc_imu_stamped__rosidl_typesupport_fastrtps_cpp.hpp
[2.512s] -- Up-to-date symlink: /home/eceteam4/ECE480Team4/ros2_ws/install/vesc_msgs/include/vesc_msgs/vesc_msgs/msg/detail/vesc_state__rosidl_typesupport_fastrtps_cpp.hpp
[2.512s] -- Up-to-date symlink: /home/eceteam4/ECE480Team4/ros2_ws/install/vesc_msgs/include/vesc_msgs/vesc_msgs/msg/detail/vesc_state_stamped__rosidl_typesupport_fastrtps_cpp.hpp
[2.512s] -- Up-to-date symlink: /home/eceteam4/ECE480Team4/ros2_ws/install/vesc_msgs/include/vesc_msgs/vesc_msgs/msg/rosidl_typesupport_fastrtps_cpp__visibility_control.h
[2.512s] -- Up-to-date symlink: /home/eceteam4/ECE480Team4/ros2_ws/install/vesc_msgs/include/vesc_msgs/vesc_msgs/msg/detail/vesc_cmd__rosidl_typesupport_introspection_cpp.hpp
[2.512s] -- Up-to-date symlink: /home/eceteam4/ECE480Team4/ros2_ws/install/vesc_msgs/include/vesc_msgs/vesc_msgs/msg/detail/vesc_imu__rosidl_typesupport_introspection_cpp.hpp
[2.512s] -- Up-to-date symlink: /home/eceteam4/ECE480Team4/ros2_ws/install/vesc_msgs/include/vesc_msgs/vesc_msgs/msg/detail/vesc_imu_stamped__rosidl_typesupport_introspection_cpp.hpp
[2.512s] -- Up-to-date symlink: /home/eceteam4/ECE480Team4/ros2_ws/install/vesc_msgs/include/vesc_msgs/vesc_msgs/msg/detail/vesc_state__rosidl_typesupport_introspection_cpp.hpp
[2.513s] -- Up-to-date symlink: /home/eceteam4/ECE480Team4/ros2_ws/install/vesc_msgs/include/vesc_msgs/vesc_msgs/msg/detail/vesc_state_stamped__rosidl_typesupport_introspection_cpp.hpp
[2.513s] -- Up-to-date symlink: /home/eceteam4/ECE480Team4/ros2_ws/install/vesc_msgs/share/vesc_msgs/environment/pythonpath.sh
[2.513s] -- Up-to-date symlink: /home/eceteam4/ECE480Team4/ros2_ws/install/vesc_msgs/share/vesc_msgs/environment/pythonpath.dsv
[2.513s] -- Up-to-date symlink: /home/eceteam4/ECE480Team4/ros2_ws/install/vesc_msgs/local/lib/python3.10/dist-packages/vesc_msgs-1.1.0-py3.10.egg-info/PKG-INFO
[2.513s] -- Up-to-date symlink: /home/eceteam4/ECE480Team4/ros2_ws/install/vesc_msgs/local/lib/python3.10/dist-packages/vesc_msgs-1.1.0-py3.10.egg-info/SOURCES.txt
[2.513s] -- Up-to-date symlink: /home/eceteam4/ECE480Team4/ros2_ws/install/vesc_msgs/local/lib/python3.10/dist-packages/vesc_msgs-1.1.0-py3.10.egg-info/dependency_links.txt
[2.513s] -- Up-to-date symlink: /home/eceteam4/ECE480Team4/ros2_ws/install/vesc_msgs/local/lib/python3.10/dist-packages/vesc_msgs-1.1.0-py3.10.egg-info/top_level.txt
[2.513s] -- Up-to-date symlink: /home/eceteam4/ECE480Team4/ros2_ws/install/vesc_msgs/local/lib/python3.10/dist-packages/vesc_msgs/__init__.py
[2.513s] -- Up-to-date symlink: /home/eceteam4/ECE480Team4/ros2_ws/install/vesc_msgs/local/lib/python3.10/dist-packages/vesc_msgs/_vesc_msgs_s.ep.rosidl_typesupport_c.c
[2.514s] -- Up-to-date symlink: /home/eceteam4/ECE480Team4/ros2_ws/install/vesc_msgs/local/lib/python3.10/dist-packages/vesc_msgs/_vesc_msgs_s.ep.rosidl_typesupport_fastrtps_c.c
[2.531s] -- Up-to-date symlink: /home/eceteam4/ECE480Team4/ros2_ws/install/vesc_msgs/local/lib/python3.10/dist-packages/vesc_msgs/_vesc_msgs_s.ep.rosidl_typesupport_introspection_c.c
[2.532s] -- Up-to-date symlink: /home/eceteam4/ECE480Team4/ros2_ws/install/vesc_msgs/local/lib/python3.10/dist-packages/vesc_msgs/libvesc_msgs__rosidl_generator_py.so
[2.532s] -- Up-to-date symlink: /home/eceteam4/ECE480Team4/ros2_ws/install/vesc_msgs/local/lib/python3.10/dist-packages/vesc_msgs/msg/__init__.py
[2.532s] -- Up-to-date symlink: /home/eceteam4/ECE480Team4/ros2_ws/install/vesc_msgs/local/lib/python3.10/dist-packages/vesc_msgs/msg/_vesc_cmd.py
[2.532s] -- Up-to-date symlink: /home/eceteam4/ECE480Team4/ros2_ws/install/vesc_msgs/local/lib/python3.10/dist-packages/vesc_msgs/msg/_vesc_cmd_s.c
[2.532s] -- Up-to-date symlink: /home/eceteam4/ECE480Team4/ros2_ws/install/vesc_msgs/local/lib/python3.10/dist-packages/vesc_msgs/msg/_vesc_imu.py
[2.532s] -- Up-to-date symlink: /home/eceteam4/ECE480Team4/ros2_ws/install/vesc_msgs/local/lib/python3.10/dist-packages/vesc_msgs/msg/_vesc_imu_s.c
[2.532s] -- Up-to-date symlink: /home/eceteam4/ECE480Team4/ros2_ws/install/vesc_msgs/local/lib/python3.10/dist-packages/vesc_msgs/msg/_vesc_imu_stamped.py
[2.532s] -- Up-to-date symlink: /home/eceteam4/ECE480Team4/ros2_ws/install/vesc_msgs/local/lib/python3.10/dist-packages/vesc_msgs/msg/_vesc_imu_stamped_s.c
[2.532s] -- Up-to-date symlink: /home/eceteam4/ECE480Team4/ros2_ws/install/vesc_msgs/local/lib/python3.10/dist-packages/vesc_msgs/msg/_vesc_state.py
[2.535s] -- Up-to-date symlink: /home/eceteam4/ECE480Team4/ros2_ws/install/vesc_msgs/local/lib/python3.10/dist-packages/vesc_msgs/msg/_vesc_state_s.c
[2.535s] -- Up-to-date symlink: /home/eceteam4/ECE480Team4/ros2_ws/install/vesc_msgs/local/lib/python3.10/dist-packages/vesc_msgs/msg/_vesc_state_stamped.py
[2.535s] -- Up-to-date symlink: /home/eceteam4/ECE480Team4/ros2_ws/install/vesc_msgs/local/lib/python3.10/dist-packages/vesc_msgs/msg/_vesc_state_stamped_s.c
[2.536s] -- Up-to-date symlink: /home/eceteam4/ECE480Team4/ros2_ws/install/vesc_msgs/local/lib/python3.10/dist-packages/vesc_msgs/vesc_msgs_s__rosidl_typesupport_c.cpython-310-aarch64-linux-gnu.so
[2.536s] -- Up-to-date symlink: /home/eceteam4/ECE480Team4/ros2_ws/install/vesc_msgs/local/lib/python3.10/dist-packages/vesc_msgs/vesc_msgs_s__rosidl_typesupport_fastrtps_c.cpython-310-aarch64-linux-gnu.so
[2.536s] -- Up-to-date symlink: /home/eceteam4/ECE480Team4/ros2_ws/install/vesc_msgs/local/lib/python3.10/dist-packages/vesc_msgs/vesc_msgs_s__rosidl_typesupport_introspection_c.cpython-310-aarch64-linux-gnu.so
[2.536s] -- Up-to-date symlink: /home/eceteam4/ECE480Team4/ros2_ws/install/vesc_msgs/local/lib/python3.10/dist-packages/vesc_msgs/vesc_msgs_s__rosidl_typesupport_fastrtps_c.cpython-310-aarch64-linux-gnu.so
[2.536s] -- Up-to-date symlink: /home/eceteam4/ECE480Team4/ros2_ws/install/vesc_msgs/local/lib/python3.10/dist-packages/vesc_msgs/vesc_msgs_s__rosidl_typesupport_introspection_c.cpython-310-aarch64-linux-gnu.so
[2.537s] -- Up-to-date symlink: /home/eceteam4/ECE480Team4/ros2_ws/install/vesc_msgs/local/lib/python3.10/dist-packages/vesc_msgs/vesc_msgs_s__rosidl_typesupport_c.cpython-310-aarch64-linux-gnu.so
[2.547s] -- Up-to-date symlink: /home/eceteam4/ECE480Team4/ros2_ws/install/vesc_msgs/share/vesc_msgs/msg/VescCmd.idl
[2.547s] -- Up-to-date symlink: /home/eceteam4/ECE480Team4/ros2_ws/install/vesc_msgs/share/vesc_msgs/msg/VescImu.idl
[2.547s] -- Up-to-date symlink: /home/eceteam4/ECE480Team4/ros2_ws/install/vesc_msgs/share/vesc_msgs/msg/VescImuStamped.idl
[2.547s] -- Up-to-date symlink: /home/eceteam4/ECE480Team4/ros2_ws/install/vesc_msgs/share/vesc_msgs/msg/VescState.idl
[2.548s] -- Up-to-date symlink: /home/eceteam4/ECE480Team4/ros2_ws/install/vesc_msgs/share/vesc_msgs/msg/VescStateStamped.idl
[2.548s] -- Up-to-date symlink: /home/eceteam4/ECE480Team4/ros2_ws/install/vesc_msgs/share/vesc_msgs/msg/VescCmd.msg
[2.548s] -- Up-to-date symlink: /home/eceteam4/ECE480Team4/ros2_ws/install/vesc_msgs/share/vesc_msgs/msg/VescImu.msg
[2.550s] -- Up-to-date symlink: /home/eceteam4/ECE480Team4/ros2_ws/install/vesc_msgs/share/vesc_msgs/msg/VescImuStamped.msg
[2.550s] -- Up-to-date symlink: /home/eceteam4/ECE480Team4/ros2_ws/install/vesc_msgs/share/vesc_msgs/msg/VescState.msg
[2.551s] -- Up-to-date symlink: /home/eceteam4/ECE480Team4/ros2_ws/install/vesc_msgs/share/vesc_msgs/msg/VescStateStamped.msg
[2.551s] -- Up-to-date symlink: /home/eceteam4/ECE480Team4/ros2_ws/install/vesc_msgs/share/ament_index/resource_index/package_run_dependencies/vesc_msgs
[2.551s] -- Up-to-date symlink: /home/eceteam4/ECE480Team4/ros2_ws/install/vesc_msgs/share/ament_index/resource_index/parent_prefix_path/vesc_msgs
[2.551s] -- Up-to-date symlink: /home/eceteam4/ECE480Team4/ros2_ws/install/vesc_msgs/share/vesc_msgs/environment/ament_prefix_path.sh
[2.551s] -- Up-to-date symlink: /home/eceteam4/ECE480Team4/ros2_ws/install/vesc_msgs/share/vesc_msgs/environment/ament_prefix_path.dsv
[2.551s] -- Up-to-date symlink: /home/eceteam4/ECE480Team4/ros2_ws/install/vesc_msgs/share/vesc_msgs/environment/path.sh
[2.551s] -- Up-to-date symlink: /home/eceteam4/ECE480Team4/ros2_ws/install/vesc_msgs/share/vesc_msgs/environment/path.dsv
[2.551s] -- Up-to-date symlink: /home/eceteam4/ECE480Team4/ros2_ws/install/vesc_msgs/share/vesc_msgs/local_setup.bash
[2.552s] -- Up-to-date symlink: /home/eceteam4/ECE480Team4/ros2_ws/install/vesc_msgs/share/vesc_msgs/local_setup.sh
[2.552s] -- Up-to-date symlink: /home/eceteam4/ECE480Team4/ros2_ws/install/vesc_msgs/share/vesc_msgs/local_setup.zsh
[2.558s] -- Up-to-date symlink: /home/eceteam4/ECE480Team4/ros2_ws/install/vesc_msgs/share/vesc_msgs/local_setup.dsv
[2.558s] -- Symlinking: /home/eceteam4/ECE480Team4/ros2_ws/install/vesc_msgs/share/vesc_msgs/package.dsv
[2.559s] -- Up-to-date symlink: /home/eceteam4/ECE480Team4/ros2_ws/install/vesc_msgs/share/ament_index/resource_index/packages/vesc_msgs
[2.559s] -- Up-to-date symlink: /home/eceteam4/ECE480Team4/ros2_ws/install/vesc_msgs/share/vesc_msgs/cmake/rosidl_cmake-extras.cmake
[2.559s] -- Up-to-date symlink: /home/eceteam4/ECE480Team4/ros2_ws/install/vesc_msgs/share/vesc_msgs/cmake/ament_cmake_export_dependencies-extras.cmake
[2.559s] -- Up-to-date symlink: /home/eceteam4/ECE480Team4/ros2_ws/install/vesc_msgs/share/vesc_msgs/cmake/ament_cmake_export_include_directories-extras.cmake
[2.559s] -- Up-to-date symlink: /home/eceteam4/ECE480Team4/ros2_ws/install/vesc_msgs/share/vesc_msgs/cmake/ament_cmake_export_libraries-extras.cmake
[2.559s] -- Up-to-date symlink: /home/eceteam4/ECE480Team4/ros2_ws/install/vesc_msgs/share/vesc_msgs/cmake/ament_cmake_export_targets-extras.cmake
[2.559s] -- Up-to-date symlink: /home/eceteam4/ECE480Team4/ros2_ws/install/vesc_msgs/share/vesc_msgs/cmake/rosidl_cmake_export_typesupport_targets-extras.cmake
[2.559s] -- Up-to-date symlink: /home/eceteam4/ECE480Team4/ros2_ws/install/vesc_msgs/share/vesc_msgs/cmake/rosidl_cmake_export_typesupport_libraries-extras.cmake
[2.560s] -- Up-to-date symlink: /home/eceteam4/ECE480Team4/ros2_ws/install/vesc_msgs/share/vesc_msgs/cmake/vesc_msgsConfig.cmake
[2.560s] -- Up-to-date symlink: /home/eceteam4/ECE480Team4/ros2_ws/install/vesc_msgs/share/vesc_msgs/cmake/vesc_msgsConfig-version.cmake
[2.560s] -- Up-to-date symlink: /home/eceteam4/ECE480Team4/ros2_ws/install/vesc_msgs/share/vesc_msgs/package.xml
[2.560s] -- Up-to-date: /home/eceteam4/ECE480Team4/ros2_ws/install/vesc_msgs/lib/libvesc_msgs__rosidl_generator_c.so
[2.560s] -- Up-to-date: /home/eceteam4/ECE480Team4/ros2_ws/install/vesc_msgs/lib/libvesc_msgs__rosidl_typesupport_fastrtps_c.so
[2.560s] -- Up-to-date: /home/eceteam4/ECE480Team4/ros2_ws/install/vesc_msgs/lib/libvesc_msgs__rosidl_typesupport_introspection_c.so
[2.560s] -- Up-to-date: /home/eceteam4/ECE480Team4/ros2_ws/install/vesc_msgs/lib/libvesc_msgs__rosidl_typesupport_c.so
[2.561s] -- Up-to-date: /home/eceteam4/ECE480Team4/ros2_ws/install/vesc_msgs/lib/libvesc_msgs__rosidl_typesupport_fastrtps_cpp.so
[2.561s] -- Up-to-date: /home/eceteam4/ECE480Team4/ros2_ws/install/vesc_msgs/lib/libvesc_msgs__rosidl_typesupport_introspection_cpp.so
[2.561s] -- Up-to-date: /home/eceteam4/ECE480Team4/ros2_ws/install/vesc_msgs/lib/libvesc_msgs__rosidl_typesupport_cpp.so
[2.561s] Listing '/home/eceteam4/ECE480Team4/ros2_ws/install/vesc_msgs/local/lib/python3.10/dist-packages/vesc_msgs'...
[2.561s] Listing '/home/eceteam4/ECE480Team4/ros2_ws/install/vesc_msgs/local/lib/python3.10/dist-packages/vesc_msgs/msg'...
[2.583s] -- Up-to-date: /home/eceteam4/ECE480Team4/ros2_ws/install/vesc_msgs/lib/libvesc_msgs__rosidl_generator_py.so
[2.583s] -- Up-to-date: /home/eceteam4/ECE480Team4/ros2_ws/install/vesc_msgs/share/vesc_msgs/cmake/export_vesc_msgs__rosidl_generator_cExport.cmake
[2.583s] -- Up-to-date: /home/eceteam4/ECE480Team4/ros2_ws/install/vesc_msgs/share/vesc_msgs/cmake/export_vesc_msgs__rosidl_generator_cExport-noconfig.cmake
[2.583s] -- Up-to-date: /home/eceteam4/ECE480Team4/ros2_ws/install/vesc_msgs/share/vesc_msgs/cmake/export_vesc_msgs__rosidl_typesupport_fastrtps_cExport.cmake
[2.583s] -- Up-to-date: /home/eceteam4/ECE480Team4/ros2_ws/install/vesc_msgs/share/vesc_msgs/cmake/export_vesc_msgs__rosidl_typesupport_fastrtps_cExport-noconfig.cmake
[2.584s] -- Up-to-date: /home/eceteam4/ECE480Team4/ros2_ws/install/vesc_msgs/share/vesc_msgs/cmake/vesc_msgs__rosidl_typesupport_introspection_cExport.cmake
[2.584s] -- Up-to-date: /home/eceteam4/ECE480Team4/ros2_ws/install/vesc_msgs/share/vesc_msgs/cmake/vesc_msgs__rosidl_typesupport_introspection_cExport-noconfig.cmake
[2.584s] -- Up-to-date: /home/eceteam4/ECE480Team4/ros2_ws/install/vesc_msgs/share/vesc_msgs/cmake/vesc_msgs__rosidl_typesupport_cExport.cmake
[2.584s] -- Up-to-date: /home/eceteam4/ECE480Team4/ros2_ws/install/vesc_msgs/share/vesc_msgs/cmake/vesc_msgs__rosidl_typesupport_cExport-noconfig.cmake
[2.584s] -- Up-to-date: /home/eceteam4/ECE480Team4/ros2_ws/install/vesc_msgs/share/vesc_msgs/cmake/export_vesc_msgs__rosidl_generator_cppExport.cmake
[2.584s] -- Up-to-date: /home/eceteam4/ECE480Team4/ros2_ws/install/vesc_msgs/share/vesc_msgs/cmake/export_vesc_msgs__rosidl_typesupport_fastrtps_cppExport.cmake
[2.584s] -- Up-to-date: /home/eceteam4/ECE480Team4/ros2_ws/install/vesc_msgs/share/vesc_msgs/cmake/export_vesc_msgs__rosidl_typesupport_fastrtps_cppExport-noconfig.cmake
[2.584s] -- Up-to-date: /home/eceteam4/ECE480Team4/ros2_ws/install/vesc_msgs/share/vesc_msgs/cmake/vesc_msgs__rosidl_typesupport_introspection_cppExport.cmake
[2.584s] -- Up-to-date: /home/eceteam4/ECE480Team4/ros2_ws/install/vesc_msgs/share/vesc_msgs/cmake/vesc_msgs__rosidl_typesupport_introspection_cppExport-noconfig.cmake
[2.585s] -- Up-to-date: /home/eceteam4/ECE480Team4/ros2_ws/install/vesc_msgs/share/vesc_msgs/cmake/vesc_msgs__rosidl_typesupport_cppExport.cmake
[2.585s] -- Up-to-date: /home/eceteam4/ECE480Team4/ros2_ws/install/vesc_msgs/share/vesc_msgs/cmake/vesc_msgs__rosidl_typesupport_cppExport-noconfig.cmake
[2.585s] -- Up-to-date: /home/eceteam4/ECE480Team4/ros2_ws/install/vesc_msgs/share/vesc_msgs/cmake/export_vesc_msgs__rosidl_generator_pyExport.cmake
[2.586s] -- Up-to-date: /home/eceteam4/ECE480Team4/ros2_ws/install/vesc_msgs/share/vesc_msgs/cmake/export_vesc_msgs__rosidl_generator_pyExport-noconfig.cmake
[2.704s] Invoked command in '/home/eceteam4/ECE480Team4/ros2_ws/build/vesc_msgs' returned '0': /usr/bin/cmake --install /home/eceteam4/ECE480Team4/ros2_ws/build/vesc_msgs
