[3.917s] Invoking command in '/home/eceteam4/ECE480Team4/build/lane_follow': PYTHONPATH=/home/eceteam4/ECE480Team4/build/lane_follow/prefix_override:/usr/lib/python3/dist-packages/colcon_core/task/python/colcon_distutils_commands:/home/eceteam4/ECE480Team4/install/lane_follow/lib/python3.10/site-packages:${PYTHONPATH} /usr/bin/python3 -W ignore:setup.py install is deprecated -W ignore:easy_install command is deprecated setup.py develop --editable --build-directory /home/eceteam4/ECE480Team4/build/lane_follow/build --no-deps symlink_data
[4.842s] running develop
[5.450s] running egg_info
[5.451s] writing lane_follow.egg-info/PKG-INFO
[5.452s] writing dependency_links to lane_follow.egg-info/dependency_links.txt
[5.452s] writing entry points to lane_follow.egg-info/entry_points.txt
[5.452s] writing requirements to lane_follow.egg-info/requires.txt
[5.453s] writing top-level names to lane_follow.egg-info/top_level.txt
[5.458s] reading manifest file 'lane_follow.egg-info/SOURCES.txt'
[5.471s] writing manifest file 'lane_follow.egg-info/SOURCES.txt'
[5.476s] running build_ext
[5.476s] Creating /home/eceteam4/ECE480Team4/install/lane_follow/lib/python3.10/site-packages/lane-follow.egg-link (link to .)
[5.479s] Installing detect script to /home/eceteam4/ECE480Team4/install/lane_follow/lib/lane_follow
[5.479s] Installing follow_pid script to /home/eceteam4/ECE480Team4/install/lane_follow/lib/lane_follow
[5.479s] Installing follow_pure_pursuit script to /home/eceteam4/ECE480Team4/install/lane_follow/lib/lane_follow
[5.479s] Installing ground_spot script to /home/eceteam4/ECE480Team4/install/lane_follow/lib/lane_follow
[5.480s] Installing sensors_camera_node script to /home/eceteam4/ECE480Team4/install/lane_follow/lib/lane_follow
[5.480s] 
[5.480s] Installed /home/eceteam4/ECE480Team4/build/lane_follow
[5.480s] running symlink_data
[5.633s] Invoked command in '/home/eceteam4/ECE480Team4/build/lane_follow' returned '0': PYTHONPATH=/home/eceteam4/ECE480Team4/build/lane_follow/prefix_override:/usr/lib/python3/dist-packages/colcon_core/task/python/colcon_distutils_commands:/home/eceteam4/ECE480Team4/install/lane_follow/lib/python3.10/site-packages:${PYTHONPATH} /usr/bin/python3 -W ignore:setup.py install is deprecated -W ignore:easy_install command is deprecated setup.py develop --editable --build-directory /home/eceteam4/ECE480Team4/build/lane_follow/build --no-deps symlink_data
