[3.148s] Invoking command in '/home/eceteam4/ECE480Team4/ros2_ws/build/racing_line': PYTHONPATH=/home/eceteam4/ECE480Team4/ros2_ws/build/racing_line/prefix_override:/usr/lib/python3/dist-packages/colcon_core/task/python/colcon_distutils_commands:/home/eceteam4/ECE480Team4/ros2_ws/install/racing_line/lib/python3.10/site-packages:${PYTHONPATH} /usr/bin/python3 -W ignore:setup.py install is deprecated -W ignore:easy_install command is deprecated setup.py develop --editable --build-directory /home/eceteam4/ECE480Team4/ros2_ws/build/racing_line/build --no-deps symlink_data
[3.958s] running develop
[4.336s] running egg_info
[4.358s] creating racing_line.egg-info
[4.359s] writing racing_line.egg-info/PKG-INFO
[4.359s] writing dependency_links to racing_line.egg-info/dependency_links.txt
[4.359s] writing entry points to racing_line.egg-info/entry_points.txt
[4.359s] writing requirements to racing_line.egg-info/requires.txt
[4.359s] writing top-level names to racing_line.egg-info/top_level.txt
[4.359s] writing manifest file 'racing_line.egg-info/SOURCES.txt'
[4.359s] reading manifest file 'racing_line.egg-info/SOURCES.txt'
[4.359s] writing manifest file 'racing_line.egg-info/SOURCES.txt'
[4.363s] running build_ext
[4.364s] Creating /home/eceteam4/ECE480Team4/ros2_ws/install/racing_line/lib/python3.10/site-packages/racing-line.egg-link (link to .)
[4.367s] Installing racing_line script to /home/eceteam4/ECE480Team4/ros2_ws/install/racing_line/lib/racing_line
[4.368s] 
[4.368s] Installed /home/eceteam4/ECE480Team4/ros2_ws/build/racing_line
[4.369s] running symlink_data
[4.369s] creating /home/eceteam4/ECE480Team4/ros2_ws/install/racing_line/share/ament_index
[4.371s] creating /home/eceteam4/ECE480Team4/ros2_ws/install/racing_line/share/ament_index/resource_index
[4.371s] creating /home/eceteam4/ECE480Team4/ros2_ws/install/racing_line/share/ament_index/resource_index/packages
[4.371s] symbolically linking /home/eceteam4/ECE480Team4/ros2_ws/build/racing_line/resource/racing_line -> /home/eceteam4/ECE480Team4/ros2_ws/install/racing_line/share/ament_index/resource_index/packages
[4.371s] symbolically linking /home/eceteam4/ECE480Team4/ros2_ws/build/racing_line/package.xml -> /home/eceteam4/ECE480Team4/ros2_ws/install/racing_line/share/racing_line
[4.484s] Invoked command in '/home/eceteam4/ECE480Team4/ros2_ws/build/racing_line' returned '0': PYTHONPATH=/home/eceteam4/ECE480Team4/ros2_ws/build/racing_line/prefix_override:/usr/lib/python3/dist-packages/colcon_core/task/python/colcon_distutils_commands:/home/eceteam4/ECE480Team4/ros2_ws/install/racing_line/lib/python3.10/site-packages:${PYTHONPATH} /usr/bin/python3 -W ignore:setup.py install is deprecated -W ignore:easy_install command is deprecated setup.py develop --editable --build-directory /home/eceteam4/ECE480Team4/ros2_ws/build/racing_line/build --no-deps symlink_data
