[0.051s] Invoking command in '/home/eceteam4/ECE480Team4/build/vesc': AMENT_PREFIX_PATH=/home/eceteam4/ECE480Team4/install/vesc_driver:/home/eceteam4/ECE480Team4/install/vesc_ackermann:/home/eceteam4/ECE480Team4/install/vesc_msgs CMAKE_PREFIX_PATH=/home/eceteam4/ECE480Team4/install/vesc_driver:/home/eceteam4/ECE480Team4/install/vesc_ackermann:/home/eceteam4/ECE480Team4/install/vesc_msgs LD_LIBRARY_PATH=/home/eceteam4/ECE480Team4/install/vesc_driver/lib:/home/eceteam4/ECE480Team4/install/vesc_ackermann/lib:/home/eceteam4/ECE480Team4/install/vesc_msgs/lib PYTHONPATH=/home/eceteam4/ECE480Team4/install/vesc_msgs/local/lib/python3.10/dist-packages /usr/bin/cmake --build /home/eceteam4/ECE480Team4/build/vesc -- -j6 -l6
[0.177s] Invoked command in '/home/eceteam4/ECE480Team4/build/vesc' returned '0': AMENT_PREFIX_PATH=/home/eceteam4/ECE480Team4/install/vesc_driver:/home/eceteam4/ECE480Team4/install/vesc_ackermann:/home/eceteam4/ECE480Team4/install/vesc_msgs CMAKE_PREFIX_PATH=/home/eceteam4/ECE480Team4/install/vesc_driver:/home/eceteam4/ECE480Team4/install/vesc_ackermann:/home/eceteam4/ECE480Team4/install/vesc_msgs LD_LIBRARY_PATH=/home/eceteam4/ECE480Team4/install/vesc_driver/lib:/home/eceteam4/ECE480Team4/install/vesc_ackermann/lib:/home/eceteam4/ECE480Team4/install/vesc_msgs/lib PYTHONPATH=/home/eceteam4/ECE480Team4/install/vesc_msgs/local/lib/python3.10/dist-packages /usr/bin/cmake --build /home/eceteam4/ECE480Team4/build/vesc -- -j6 -l6
[0.182s] Invoking command in '/home/eceteam4/ECE480Team4/build/vesc': AMENT_PREFIX_PATH=/home/eceteam4/ECE480Team4/install/vesc_driver:/home/eceteam4/ECE480Team4/install/vesc_ackermann:/home/eceteam4/ECE480Team4/install/vesc_msgs CMAKE_PREFIX_PATH=/home/eceteam4/ECE480Team4/install/vesc_driver:/home/eceteam4/ECE480Team4/install/vesc_ackermann:/home/eceteam4/ECE480Team4/install/vesc_msgs LD_LIBRARY_PATH=/home/eceteam4/ECE480Team4/install/vesc_driver/lib:/home/eceteam4/ECE480Team4/install/vesc_ackermann/lib:/home/eceteam4/ECE480Team4/install/vesc_msgs/lib PYTHONPATH=/home/eceteam4/ECE480Team4/install/vesc_msgs/local/lib/python3.10/dist-packages /usr/bin/cmake --install /home/eceteam4/ECE480Team4/build/vesc
[0.200s] -- Install configuration: ""
[0.203s] -- Execute custom install script
[0.211s] -- Up-to-date symlink: /home/eceteam4/ECE480Team4/install/vesc/share/ament_index/resource_index/package_run_dependencies/vesc
[0.214s] -- Up-to-date symlink: /home/eceteam4/ECE480Team4/install/vesc/share/ament_index/resource_index/parent_prefix_path/vesc
[0.228s] -- Up-to-date symlink: /home/eceteam4/ECE480Team4/install/vesc/share/vesc/environment/ament_prefix_path.sh
[0.228s] -- Up-to-date symlink: /home/eceteam4/ECE480Team4/install/vesc/share/vesc/environment/ament_prefix_path.dsv
[0.229s] -- Up-to-date symlink: /home/eceteam4/ECE480Team4/install/vesc/share/vesc/environment/path.sh
[0.230s] -- Up-to-date symlink: /home/eceteam4/ECE480Team4/install/vesc/share/vesc/environment/path.dsv
[0.230s] -- Up-to-date symlink: /home/eceteam4/ECE480Team4/install/vesc/share/vesc/local_setup.bash
[0.231s] -- Up-to-date symlink: /home/eceteam4/ECE480Team4/install/vesc/share/vesc/local_setup.sh
[0.232s] -- Up-to-date symlink: /home/eceteam4/ECE480Team4/install/vesc/share/vesc/local_setup.zsh
[0.232s] -- Up-to-date symlink: /home/eceteam4/ECE480Team4/install/vesc/share/vesc/local_setup.dsv
[0.233s] -- Symlinking: /home/eceteam4/ECE480Team4/install/vesc/share/vesc/package.dsv
[0.251s] -- Up-to-date symlink: /home/eceteam4/ECE480Team4/install/vesc/share/ament_index/resource_index/packages/vesc
[0.252s] -- Up-to-date symlink: /home/eceteam4/ECE480Team4/install/vesc/share/vesc/cmake/vescConfig.cmake
[0.253s] -- Up-to-date symlink: /home/eceteam4/ECE480Team4/install/vesc/share/vesc/cmake/vescConfig-version.cmake
[0.253s] -- Up-to-date symlink: /home/eceteam4/ECE480Team4/install/vesc/share/vesc/package.xml
[0.259s] Invoked command in '/home/eceteam4/ECE480Team4/build/vesc' returned '0': AMENT_PREFIX_PATH=/home/eceteam4/ECE480Team4/install/vesc_driver:/home/eceteam4/ECE480Team4/install/vesc_ackermann:/home/eceteam4/ECE480Team4/install/vesc_msgs CMAKE_PREFIX_PATH=/home/eceteam4/ECE480Team4/install/vesc_driver:/home/eceteam4/ECE480Team4/install/vesc_ackermann:/home/eceteam4/ECE480Team4/install/vesc_msgs LD_LIBRARY_PATH=/home/eceteam4/ECE480Team4/install/vesc_driver/lib:/home/eceteam4/ECE480Team4/install/vesc_ackermann/lib:/home/eceteam4/ECE480Team4/install/vesc_msgs/lib PYTHONPATH=/home/eceteam4/ECE480Team4/install/vesc_msgs/local/lib/python3.10/dist-packages /usr/bin/cmake --install /home/eceteam4/ECE480Team4/build/vesc
