[0.616s] Invoking command in '/home/eceteam4/ECE480Team4/ros2_ws/build/vesc': AMENT_PREFIX_PATH=/home/eceteam4/ECE480Team4/ros2_ws/install/vesc_driver:/home/eceteam4/ECE480Team4/ros2_ws/install/vesc_ackermann:/home/eceteam4/ECE480Team4/ros2_ws/install/vesc_msgs CMAKE_PREFIX_PATH=/home/eceteam4/ECE480Team4/ros2_ws/install/vesc_driver:/home/eceteam4/ECE480Team4/ros2_ws/install/vesc_ackermann:/home/eceteam4/ECE480Team4/ros2_ws/install/vesc_msgs LD_LIBRARY_PATH=/home/eceteam4/ECE480Team4/ros2_ws/install/vesc_driver/lib:/home/eceteam4/ECE480Team4/ros2_ws/install/vesc_ackermann/lib:/home/eceteam4/ECE480Team4/ros2_ws/install/vesc_msgs/lib PYTHONPATH=/home/eceteam4/ECE480Team4/ros2_ws/install/vesc_msgs/local/lib/python3.10/dist-packages /usr/bin/cmake --build /home/eceteam4/ECE480Team4/ros2_ws/build/vesc -- -j6 -l6
[0.727s] Invoked command in '/home/eceteam4/ECE480Team4/ros2_ws/build/vesc' returned '0': AMENT_PREFIX_PATH=/home/eceteam4/ECE480Team4/ros2_ws/install/vesc_driver:/home/eceteam4/ECE480Team4/ros2_ws/install/vesc_ackermann:/home/eceteam4/ECE480Team4/ros2_ws/install/vesc_msgs CMAKE_PREFIX_PATH=/home/eceteam4/ECE480Team4/ros2_ws/install/vesc_driver:/home/eceteam4/ECE480Team4/ros2_ws/install/vesc_ackermann:/home/eceteam4/ECE480Team4/ros2_ws/install/vesc_msgs LD_LIBRARY_PATH=/home/eceteam4/ECE480Team4/ros2_ws/install/vesc_driver/lib:/home/eceteam4/ECE480Team4/ros2_ws/install/vesc_ackermann/lib:/home/eceteam4/ECE480Team4/ros2_ws/install/vesc_msgs/lib PYTHONPATH=/home/eceteam4/ECE480Team4/ros2_ws/install/vesc_msgs/local/lib/python3.10/dist-packages /usr/bin/cmake --build /home/eceteam4/ECE480Team4/ros2_ws/build/vesc -- -j6 -l6
[0.731s] Invoking command in '/home/eceteam4/ECE480Team4/ros2_ws/build/vesc': AMENT_PREFIX_PATH=/home/eceteam4/ECE480Team4/ros2_ws/install/vesc_driver:/home/eceteam4/ECE480Team4/ros2_ws/install/vesc_ackermann:/home/eceteam4/ECE480Team4/ros2_ws/install/vesc_msgs CMAKE_PREFIX_PATH=/home/eceteam4/ECE480Team4/ros2_ws/install/vesc_driver:/home/eceteam4/ECE480Team4/ros2_ws/install/vesc_ackermann:/home/eceteam4/ECE480Team4/ros2_ws/install/vesc_msgs LD_LIBRARY_PATH=/home/eceteam4/ECE480Team4/ros2_ws/install/vesc_driver/lib:/home/eceteam4/ECE480Team4/ros2_ws/install/vesc_ackermann/lib:/home/eceteam4/ECE480Team4/ros2_ws/install/vesc_msgs/lib PYTHONPATH=/home/eceteam4/ECE480Team4/ros2_ws/install/vesc_msgs/local/lib/python3.10/dist-packages /usr/bin/cmake --install /home/eceteam4/ECE480Team4/ros2_ws/build/vesc
[0.743s] -- Install configuration: ""
[0.744s] -- Execute custom install script
[0.745s] -- Up-to-date symlink: /home/eceteam4/ECE480Team4/ros2_ws/install/vesc/share/ament_index/resource_index/package_run_dependencies/vesc
[0.745s] -- Up-to-date symlink: /home/eceteam4/ECE480Team4/ros2_ws/install/vesc/share/ament_index/resource_index/parent_prefix_path/vesc
[0.746s] -- Up-to-date symlink: /home/eceteam4/ECE480Team4/ros2_ws/install/vesc/share/vesc/environment/ament_prefix_path.sh
[0.746s] -- Up-to-date symlink: /home/eceteam4/ECE480Team4/ros2_ws/install/vesc/share/vesc/environment/ament_prefix_path.dsv
[0.747s] -- Up-to-date symlink: /home/eceteam4/ECE480Team4/ros2_ws/install/vesc/share/vesc/environment/path.sh
[0.747s] -- Up-to-date symlink: /home/eceteam4/ECE480Team4/ros2_ws/install/vesc/share/vesc/environment/path.dsv
[0.747s] -- Up-to-date symlink: /home/eceteam4/ECE480Team4/ros2_ws/install/vesc/share/vesc/local_setup.bash
[0.748s] -- Up-to-date symlink: /home/eceteam4/ECE480Team4/ros2_ws/install/vesc/share/vesc/local_setup.sh
[0.748s] -- Up-to-date symlink: /home/eceteam4/ECE480Team4/ros2_ws/install/vesc/share/vesc/local_setup.zsh
[0.748s] -- Up-to-date symlink: /home/eceteam4/ECE480Team4/ros2_ws/install/vesc/share/vesc/local_setup.dsv
[0.749s] -- Symlinking: /home/eceteam4/ECE480Team4/ros2_ws/install/vesc/share/vesc/package.dsv
[0.783s] -- Up-to-date symlink: /home/eceteam4/ECE480Team4/ros2_ws/install/vesc/share/ament_index/resource_index/packages/vesc
[0.784s] -- Up-to-date symlink: /home/eceteam4/ECE480Team4/ros2_ws/install/vesc/share/vesc/cmake/vescConfig.cmake
[0.784s] -- Up-to-date symlink: /home/eceteam4/ECE480Team4/ros2_ws/install/vesc/share/vesc/cmake/vescConfig-version.cmake
[0.784s] -- Up-to-date symlink: /home/eceteam4/ECE480Team4/ros2_ws/install/vesc/share/vesc/package.xml
[0.790s] Invoked command in '/home/eceteam4/ECE480Team4/ros2_ws/build/vesc' returned '0': AMENT_PREFIX_PATH=/home/eceteam4/ECE480Team4/ros2_ws/install/vesc_driver:/home/eceteam4/ECE480Team4/ros2_ws/install/vesc_ackermann:/home/eceteam4/ECE480Team4/ros2_ws/install/vesc_msgs CMAKE_PREFIX_PATH=/home/eceteam4/ECE480Team4/ros2_ws/install/vesc_driver:/home/eceteam4/ECE480Team4/ros2_ws/install/vesc_ackermann:/home/eceteam4/ECE480Team4/ros2_ws/install/vesc_msgs LD_LIBRARY_PATH=/home/eceteam4/ECE480Team4/ros2_ws/install/vesc_driver/lib:/home/eceteam4/ECE480Team4/ros2_ws/install/vesc_ackermann/lib:/home/eceteam4/ECE480Team4/ros2_ws/install/vesc_msgs/lib PYTHONPATH=/home/eceteam4/ECE480Team4/ros2_ws/install/vesc_msgs/local/lib/python3.10/dist-packages /usr/bin/cmake --install /home/eceteam4/ECE480Team4/ros2_ws/build/vesc
