[0.038s] Invoking command in '/home/eceteam4/ECE480Team4/build/vesc_ackermann': CMAKE_PREFIX_PATH=/home/eceteam4/ECE480Team4/install/vesc_msgs:/home/eceteam4/ECE480Team4/install/vesc:/home/eceteam4/ECE480Team4/install/vesc_driver:/home/eceteam4/ECE480Team4/install/vesc_ackermann:/home/eceteam4/ECE480Team4/install/curvy_road:/home/eceteam4/ECE480Team4/install/vesc_control:/home/eceteam4/ECE480Team4/install/sensors_lidar_bridge:/home/eceteam4/ECE480Team4/install/sensors_imu_bridge:/home/eceteam4/ECE480Team4/install/sensors_camera_node:/home/eceteam4/ECE480Team4/install/perception_sync_node:/home/eceteam4/ECE480Team4/install/perception_ml_node:/home/eceteam4/ECE480Team4/install/obstacle_det:/home/eceteam4/ECE480Team4/install/lane_follow:/opt/ros/humble LD_LIBRARY_PATH=/home/eceteam4/ECE480Team4/install/vesc_msgs/lib:/home/eceteam4/ECE480Team4/install/vesc_driver/lib:/home/eceteam4/ECE480Team4/install/vesc_ackermann/lib:/opt/ros/humble/opt/rviz_ogre_vendor/lib:/opt/ros/humble/lib/aarch64-linux-gnu:/opt/ros/humble/lib /usr/bin/cmake --build /home/eceteam4/ECE480Team4/build/vesc_ackermann -- -j6 -l6
[0.167s] [35m[1mConsolidate compiler generated dependencies of target vesc_ackermann[0m
[0.213s] [ 14%] [32mBuilding CXX object CMakeFiles/vesc_ackermann.dir/src/vesc_to_odom.cpp.o[0m
[0.251s] [ 71%] Built target ackermann_to_vesc_node
[0.266s] [ 71%] Built target vesc_to_odom_node
[5.994s] [01m[K/home/eceteam4/ECE480Team4/ros2_ws/src/vesc_ackermann/src/vesc_to_odom.cpp:[m[K In member function ‘[01m[Kvoid vesc_ackermann::VescToOdom::vescStateCallback(vesc_msgs::msg::VescStateStamped_<std::allocator<void> >::SharedPtr)[m[K’:
[5.995s] [01m[K/home/eceteam4/ECE480Team4/ros2_ws/src/vesc_ackermann/src/vesc_to_odom.cpp:105:3:[m[K [01;31m[Kerror: [m[Kexpected ‘[01m[K,[m[K’ or ‘[01m[K;[m[K’ before ‘[01m[Kif[m[K’
[5.995s]   105 |   [01;31m[Kif[m[K (std::fabs(current_speed) < 0.05) {
[5.995s]       |   [01;31m[K^~[m[K
[5.996s] In file included from [01m[K/opt/ros/humble/include/rclcpp/rclcpp/logging.hpp:24[m[K,
[5.996s]                  from [01m[K/opt/ros/humble/include/rclcpp/rclcpp/client.hpp:40[m[K,
[5.996s]                  from [01m[K/opt/ros/humble/include/rclcpp/rclcpp/callback_group.hpp:24[m[K,
[5.996s]                  from [01m[K/opt/ros/humble/include/rclcpp/rclcpp/any_executable.hpp:20[m[K,
[5.997s]                  from [01m[K/opt/ros/humble/include/rclcpp/rclcpp/memory_strategy.hpp:25[m[K,
[5.997s]                  from [01m[K/opt/ros/humble/include/rclcpp/rclcpp/memory_strategies.hpp:18[m[K,
[5.997s]                  from [01m[K/opt/ros/humble/include/rclcpp/rclcpp/executor_options.hpp:20[m[K,
[5.997s]                  from [01m[K/opt/ros/humble/include/rclcpp/rclcpp/executor.hpp:37[m[K,
[5.997s]                  from [01m[K/opt/ros/humble/include/rclcpp/rclcpp/executors/multi_threaded_executor.hpp:25[m[K,
[5.997s]                  from [01m[K/opt/ros/humble/include/rclcpp/rclcpp/executors.hpp:21[m[K,
[5.998s]                  from [01m[K/opt/ros/humble/include/rclcpp/rclcpp/rclcpp.hpp:155[m[K,
[5.999s]                  from [01m[K/opt/ros/humble/include/tf2_ros/tf2_ros/transform_broadcaster.hpp:41[m[K,
[5.999s]                  from [01m[K/opt/ros/humble/include/tf2_ros/tf2_ros/transform_broadcaster.h:36[m[K,
[5.999s]                  from [01m[K/home/eceteam4/ECE480Team4/ros2_ws/src/vesc_ackermann/include/vesc_ackermann/vesc_to_odom.hpp:34[m[K,
[6.000s]                  from [01m[K/home/eceteam4/ECE480Team4/ros2_ws/src/vesc_ackermann/src/vesc_to_odom.cpp:31[m[K:
[6.000s] [01m[K/home/eceteam4/ECE480Team4/ros2_ws/src/vesc_ackermann/src/vesc_to_odom.cpp:115:37:[m[K [01;35m[Kwarning: [m[Ktoo many arguments for format [[01;35m[K]8;;https://gcc.gnu.org/onlinedocs/gcc/Warning-Options.html#index-Wformat-extra-args-Wformat-extra-args]8;;[m[K]
[6.000s]   115 |     RCLCPP_INFO(this->get_logger(), [01;35m[K"Use servo cmd"[m[K, current_speed);
[6.000s]       |                                     [01;35m[K^~~~~~~~~~~~~~~[m[K
[13.377s] gmake[2]: *** [CMakeFiles/vesc_ackermann.dir/build.make:90: CMakeFiles/vesc_ackermann.dir/src/vesc_to_odom.cpp.o] Error 1
[13.378s] gmake[1]: *** [CMakeFiles/Makefile2:141: CMakeFiles/vesc_ackermann.dir/all] Error 2
[13.378s] gmake: *** [Makefile:146: all] Error 2
[13.386s] Invoked command in '/home/eceteam4/ECE480Team4/build/vesc_ackermann' returned '2': CMAKE_PREFIX_PATH=/home/eceteam4/ECE480Team4/install/vesc_msgs:/home/eceteam4/ECE480Team4/install/vesc:/home/eceteam4/ECE480Team4/install/vesc_driver:/home/eceteam4/ECE480Team4/install/vesc_ackermann:/home/eceteam4/ECE480Team4/install/curvy_road:/home/eceteam4/ECE480Team4/install/vesc_control:/home/eceteam4/ECE480Team4/install/sensors_lidar_bridge:/home/eceteam4/ECE480Team4/install/sensors_imu_bridge:/home/eceteam4/ECE480Team4/install/sensors_camera_node:/home/eceteam4/ECE480Team4/install/perception_sync_node:/home/eceteam4/ECE480Team4/install/perception_ml_node:/home/eceteam4/ECE480Team4/install/obstacle_det:/home/eceteam4/ECE480Team4/install/lane_follow:/opt/ros/humble LD_LIBRARY_PATH=/home/eceteam4/ECE480Team4/install/vesc_msgs/lib:/home/eceteam4/ECE480Team4/install/vesc_driver/lib:/home/eceteam4/ECE480Team4/install/vesc_ackermann/lib:/opt/ros/humble/opt/rviz_ogre_vendor/lib:/opt/ros/humble/lib/aarch64-linux-gnu:/opt/ros/humble/lib /usr/bin/cmake --build /home/eceteam4/ECE480Team4/build/vesc_ackermann -- -j6 -l6
