running develop
running egg_info
creating obstacle_det.egg-info
writing obstacle_det.egg-info/PKG-INFO
writing dependency_links to obstacle_det.egg-info/dependency_links.txt
writing entry points to obstacle_det.egg-info/entry_points.txt
writing requirements to obstacle_det.egg-info/requires.txt
writing top-level names to obstacle_det.egg-info/top_level.txt
writing manifest file 'obstacle_det.egg-info/SOURCES.txt'
reading manifest file 'obstacle_det.egg-info/SOURCES.txt'
writing manifest file 'obstacle_det.egg-info/SOURCES.txt'
running build_ext
Creating /mnt/home/leflarsa/av/ECE480Team4/ros2_ws/install/obstacle_det/lib/python3.10/site-packages/obstacle-det.egg-link (link to .)
Installing obstacles_det script to /mnt/home/leflarsa/av/ECE480Team4/ros2_ws/install/obstacle_det/lib/obstacle_det

Installed /mnt/home/leflarsa/av/ECE480Team4/ros2_ws/build/obstacle_det
running symlink_data
creating /mnt/home/leflarsa/av/ECE480Team4/ros2_ws/install/obstacle_det/share/ament_index
creating /mnt/home/leflarsa/av/ECE480Team4/ros2_ws/install/obstacle_det/share/ament_index/resource_index
creating /mnt/home/leflarsa/av/ECE480Team4/ros2_ws/install/obstacle_det/share/ament_index/resource_index/packages
symbolically linking /mnt/home/leflarsa/av/ECE480Team4/ros2_ws/build/obstacle_det/resource/obstacle_det -> /mnt/home/leflarsa/av/ECE480Team4/ros2_ws/install/obstacle_det/share/ament_index/resource_index/packages
symbolically linking /mnt/home/leflarsa/av/ECE480Team4/ros2_ws/build/obstacle_det/package.xml -> /mnt/home/leflarsa/av/ECE480Team4/ros2_ws/install/obstacle_det/share/obstacle_det
