[1.880s] Invoking command in '/mnt/home/leflarsa/av/ECE480Team4/ros2_ws/build/obstacle_det': PS1=humble:\u@\h:\w\$ PYTHONPATH=/mnt/home/leflarsa/av/ECE480Team4/ros2_ws/build/obstacle_det/prefix_override:/usr/lib/python3/dist-packages/colcon_core/task/python/colcon_distutils_commands:/mnt/home/leflarsa/av/ECE480Team4/ros2_ws/install/obstacle_det/lib/python3.10/site-packages:${PYTHONPATH} /usr/bin/python3 -W ignore:setup.py install is deprecated -W ignore:easy_install command is deprecated setup.py develop --editable --build-directory /mnt/home/leflarsa/av/ECE480Team4/ros2_ws/build/obstacle_det/build --no-deps symlink_data
[2.163s] running develop
[2.381s] running egg_info
[2.381s] creating obstacle_det.egg-info
[2.383s] writing obstacle_det.egg-info/PKG-INFO
[2.387s] writing dependency_links to obstacle_det.egg-info/dependency_links.txt
[2.390s] writing entry points to obstacle_det.egg-info/entry_points.txt
[2.392s] writing requirements to obstacle_det.egg-info/requires.txt
[2.395s] writing top-level names to obstacle_det.egg-info/top_level.txt
[2.398s] writing manifest file 'obstacle_det.egg-info/SOURCES.txt'
[2.404s] reading manifest file 'obstacle_det.egg-info/SOURCES.txt'
[2.407s] writing manifest file 'obstacle_det.egg-info/SOURCES.txt'
[2.409s] running build_ext
[2.409s] Creating /mnt/home/leflarsa/av/ECE480Team4/ros2_ws/install/obstacle_det/lib/python3.10/site-packages/obstacle-det.egg-link (link to .)
[2.413s] Installing obstacles_det script to /mnt/home/leflarsa/av/ECE480Team4/ros2_ws/install/obstacle_det/lib/obstacle_det
[2.418s] 
[2.418s] Installed /mnt/home/leflarsa/av/ECE480Team4/ros2_ws/build/obstacle_det
[2.418s] running symlink_data
[2.419s] creating /mnt/home/leflarsa/av/ECE480Team4/ros2_ws/install/obstacle_det/share/ament_index
[2.420s] creating /mnt/home/leflarsa/av/ECE480Team4/ros2_ws/install/obstacle_det/share/ament_index/resource_index
[2.422s] creating /mnt/home/leflarsa/av/ECE480Team4/ros2_ws/install/obstacle_det/share/ament_index/resource_index/packages
[2.424s] symbolically linking /mnt/home/leflarsa/av/ECE480Team4/ros2_ws/build/obstacle_det/resource/obstacle_det -> /mnt/home/leflarsa/av/ECE480Team4/ros2_ws/install/obstacle_det/share/ament_index/resource_index/packages
[2.425s] symbolically linking /mnt/home/leflarsa/av/ECE480Team4/ros2_ws/build/obstacle_det/package.xml -> /mnt/home/leflarsa/av/ECE480Team4/ros2_ws/install/obstacle_det/share/obstacle_det
[2.551s] Invoked command in '/mnt/home/leflarsa/av/ECE480Team4/ros2_ws/build/obstacle_det' returned '0': PS1=humble:\u@\h:\w\$ PYTHONPATH=/mnt/home/leflarsa/av/ECE480Team4/ros2_ws/build/obstacle_det/prefix_override:/usr/lib/python3/dist-packages/colcon_core/task/python/colcon_distutils_commands:/mnt/home/leflarsa/av/ECE480Team4/ros2_ws/install/obstacle_det/lib/python3.10/site-packages:${PYTHONPATH} /usr/bin/python3 -W ignore:setup.py install is deprecated -W ignore:easy_install command is deprecated setup.py develop --editable --build-directory /mnt/home/leflarsa/av/ECE480Team4/ros2_ws/build/obstacle_det/build --no-deps symlink_data
