[0.074s] Invoking command in '/home/eceteam4/ECE480Team4/build/vesc_msgs': CMAKE_PREFIX_PATH=${CMAKE_PREFIX_PATH}:/home/eceteam4/ECE480Team4/install/vesc_control:/home/eceteam4/ECE480Team4/install/sensors_lidar_bridge:/home/eceteam4/ECE480Team4/install/sensors_imu_bridge:/home/eceteam4/ECE480Team4/install/sensors_camera_node:/home/eceteam4/ECE480Team4/install/perception_sync_node:/home/eceteam4/ECE480Team4/install/perception_ml_node:/home/eceteam4/ECE480Team4/install/obstacle_det:/home/eceteam4/ECE480Team4/install/lane_follow:/opt/ros/humble /usr/bin/cmake --build /home/eceteam4/ECE480Team4/build/vesc_msgs -- -j6 -l6
[1.839s] [  1%] Built target vesc_msgs__cpp
[1.841s] [  1%] Built target ament_cmake_python_symlink_vesc_msgs
[1.842s] [ 12%] Built target vesc_msgs__rosidl_generator_c
[1.842s] [ 23%] Built target vesc_msgs__rosidl_typesupport_fastrtps_cpp
[1.845s] [ 34%] Built target vesc_msgs__rosidl_typesupport_introspection_cpp
[1.845s] [ 46%] Built target vesc_msgs__rosidl_typesupport_cpp
[1.845s] [ 68%] Built target vesc_msgs__rosidl_typesupport_fastrtps_c
[1.846s] [ 68%] Built target vesc_msgs__rosidl_typesupport_introspection_c
[1.846s] [ 79%] Built target vesc_msgs__rosidl_typesupport_c
[1.846s] [ 79%] Built target vesc_msgs
[1.846s] [ 80%] Built target vesc_msgs__py
[1.846s] [ 90%] Built target vesc_msgs__rosidl_generator_py
[1.847s] [ 93%] Built target vesc_msgs__rosidl_typesupport_fastrtps_c__pyext
[1.847s] [ 96%] Built target vesc_msgs__rosidl_typesupport_c__pyext
[1.847s] [100%] Built target vesc_msgs__rosidl_typesupport_introspection_c__pyext
[1.847s] running egg_info
[1.848s] writing vesc_msgs.egg-info/PKG-INFO
[1.848s] writing dependency_links to vesc_msgs.egg-info/dependency_links.txt
[1.848s] writing top-level names to vesc_msgs.egg-info/top_level.txt
[1.848s] reading manifest file 'vesc_msgs.egg-info/SOURCES.txt'
[1.849s] writing manifest file 'vesc_msgs.egg-info/SOURCES.txt'
[1.849s] [100%] Built target ament_cmake_python_build_vesc_msgs_egg
[2.427s] Invoked command in '/home/eceteam4/ECE480Team4/build/vesc_msgs' returned '0': CMAKE_PREFIX_PATH=${CMAKE_PREFIX_PATH}:/home/eceteam4/ECE480Team4/install/vesc_control:/home/eceteam4/ECE480Team4/install/sensors_lidar_bridge:/home/eceteam4/ECE480Team4/install/sensors_imu_bridge:/home/eceteam4/ECE480Team4/install/sensors_camera_node:/home/eceteam4/ECE480Team4/install/perception_sync_node:/home/eceteam4/ECE480Team4/install/perception_ml_node:/home/eceteam4/ECE480Team4/install/obstacle_det:/home/eceteam4/ECE480Team4/install/lane_follow:/opt/ros/humble /usr/bin/cmake --build /home/eceteam4/ECE480Team4/build/vesc_msgs -- -j6 -l6
[2.431s] Invoking command in '/home/eceteam4/ECE480Team4/build/vesc_msgs': CMAKE_PREFIX_PATH=${CMAKE_PREFIX_PATH}:/home/eceteam4/ECE480Team4/install/vesc_control:/home/eceteam4/ECE480Team4/install/sensors_lidar_bridge:/home/eceteam4/ECE480Team4/install/sensors_imu_bridge:/home/eceteam4/ECE480Team4/install/sensors_camera_node:/home/eceteam4/ECE480Team4/install/perception_sync_node:/home/eceteam4/ECE480Team4/install/perception_ml_node:/home/eceteam4/ECE480Team4/install/obstacle_det:/home/eceteam4/ECE480Team4/install/lane_follow:/opt/ros/humble /usr/bin/cmake --install /home/eceteam4/ECE480Team4/build/vesc_msgs
[2.459s] -- Install configuration: ""
[2.459s] -- Execute custom install script
[2.459s] -- Up-to-date symlink: /home/eceteam4/ECE480Team4/install/vesc_msgs/share/ament_index/resource_index/rosidl_interfaces/vesc_msgs
[2.460s] -- Up-to-date symlink: /home/eceteam4/ECE480Team4/install/vesc_msgs/include/vesc_msgs/vesc_msgs/msg/detail/vesc_cmd__functions.h
[2.460s] -- Up-to-date symlink: /home/eceteam4/ECE480Team4/install/vesc_msgs/include/vesc_msgs/vesc_msgs/msg/detail/vesc_cmd__struct.h
[2.460s] -- Up-to-date symlink: /home/eceteam4/ECE480Team4/install/vesc_msgs/include/vesc_msgs/vesc_msgs/msg/detail/vesc_cmd__type_support.h
[2.461s] -- Up-to-date symlink: /home/eceteam4/ECE480Team4/install/vesc_msgs/include/vesc_msgs/vesc_msgs/msg/detail/vesc_imu__functions.h
[2.465s] -- Up-to-date symlink: /home/eceteam4/ECE480Team4/install/vesc_msgs/include/vesc_msgs/vesc_msgs/msg/detail/vesc_imu__struct.h
[2.466s] -- Up-to-date symlink: /home/eceteam4/ECE480Team4/install/vesc_msgs/include/vesc_msgs/vesc_msgs/msg/detail/vesc_imu__type_support.h
[2.467s] -- Up-to-date symlink: /home/eceteam4/ECE480Team4/install/vesc_msgs/include/vesc_msgs/vesc_msgs/msg/detail/vesc_imu_stamped__functions.h
[2.467s] -- Up-to-date symlink: /home/eceteam4/ECE480Team4/install/vesc_msgs/include/vesc_msgs/vesc_msgs/msg/detail/vesc_imu_stamped__struct.h
[2.468s] -- Up-to-date symlink: /home/eceteam4/ECE480Team4/install/vesc_msgs/include/vesc_msgs/vesc_msgs/msg/detail/vesc_imu_stamped__type_support.h
[2.470s] -- Up-to-date symlink: /home/eceteam4/ECE480Team4/install/vesc_msgs/include/vesc_msgs/vesc_msgs/msg/detail/vesc_state__functions.h
[2.471s] -- Up-to-date symlink: /home/eceteam4/ECE480Team4/install/vesc_msgs/include/vesc_msgs/vesc_msgs/msg/detail/vesc_state__struct.h
[2.471s] -- Up-to-date symlink: /home/eceteam4/ECE480Team4/install/vesc_msgs/include/vesc_msgs/vesc_msgs/msg/detail/vesc_state__type_support.h
[2.472s] -- Up-to-date symlink: /home/eceteam4/ECE480Team4/install/vesc_msgs/include/vesc_msgs/vesc_msgs/msg/detail/vesc_state_stamped__functions.h
[2.473s] -- Up-to-date symlink: /home/eceteam4/ECE480Team4/install/vesc_msgs/include/vesc_msgs/vesc_msgs/msg/detail/vesc_state_stamped__struct.h
[2.473s] -- Up-to-date symlink: /home/eceteam4/ECE480Team4/install/vesc_msgs/include/vesc_msgs/vesc_msgs/msg/detail/vesc_state_stamped__type_support.h
[2.473s] -- Up-to-date symlink: /home/eceteam4/ECE480Team4/install/vesc_msgs/include/vesc_msgs/vesc_msgs/msg/rosidl_generator_c__visibility_control.h
[2.474s] -- Up-to-date symlink: /home/eceteam4/ECE480Team4/install/vesc_msgs/include/vesc_msgs/vesc_msgs/msg/vesc_cmd.h
[2.474s] -- Up-to-date symlink: /home/eceteam4/ECE480Team4/install/vesc_msgs/include/vesc_msgs/vesc_msgs/msg/vesc_imu.h
[2.475s] -- Up-to-date symlink: /home/eceteam4/ECE480Team4/install/vesc_msgs/include/vesc_msgs/vesc_msgs/msg/vesc_imu_stamped.h
[2.475s] -- Up-to-date symlink: /home/eceteam4/ECE480Team4/install/vesc_msgs/include/vesc_msgs/vesc_msgs/msg/vesc_state.h
[2.476s] -- Up-to-date symlink: /home/eceteam4/ECE480Team4/install/vesc_msgs/include/vesc_msgs/vesc_msgs/msg/vesc_state_stamped.h
[2.481s] -- Up-to-date symlink: /home/eceteam4/ECE480Team4/install/vesc_msgs/share/vesc_msgs/environment/library_path.sh
[2.481s] -- Up-to-date symlink: /home/eceteam4/ECE480Team4/install/vesc_msgs/share/vesc_msgs/environment/library_path.dsv
[2.481s] -- Up-to-date symlink: /home/eceteam4/ECE480Team4/install/vesc_msgs/include/vesc_msgs/vesc_msgs/msg/detail/vesc_cmd__rosidl_typesupport_fastrtps_c.h
[2.481s] -- Up-to-date symlink: /home/eceteam4/ECE480Team4/install/vesc_msgs/include/vesc_msgs/vesc_msgs/msg/detail/vesc_imu__rosidl_typesupport_fastrtps_c.h
[2.481s] -- Up-to-date symlink: /home/eceteam4/ECE480Team4/install/vesc_msgs/include/vesc_msgs/vesc_msgs/msg/detail/vesc_imu_stamped__rosidl_typesupport_fastrtps_c.h
[2.481s] -- Up-to-date symlink: /home/eceteam4/ECE480Team4/install/vesc_msgs/include/vesc_msgs/vesc_msgs/msg/detail/vesc_state__rosidl_typesupport_fastrtps_c.h
[2.481s] -- Up-to-date symlink: /home/eceteam4/ECE480Team4/install/vesc_msgs/include/vesc_msgs/vesc_msgs/msg/detail/vesc_state_stamped__rosidl_typesupport_fastrtps_c.h
[2.482s] -- Up-to-date symlink: /home/eceteam4/ECE480Team4/install/vesc_msgs/include/vesc_msgs/vesc_msgs/msg/rosidl_typesupport_fastrtps_c__visibility_control.h
[2.482s] -- Up-to-date symlink: /home/eceteam4/ECE480Team4/install/vesc_msgs/include/vesc_msgs/vesc_msgs/msg/detail/vesc_cmd__rosidl_typesupport_introspection_c.h
[2.482s] -- Up-to-date symlink: /home/eceteam4/ECE480Team4/install/vesc_msgs/include/vesc_msgs/vesc_msgs/msg/detail/vesc_imu__rosidl_typesupport_introspection_c.h
[2.482s] -- Up-to-date symlink: /home/eceteam4/ECE480Team4/install/vesc_msgs/include/vesc_msgs/vesc_msgs/msg/detail/vesc_imu_stamped__rosidl_typesupport_introspection_c.h
[2.482s] -- Up-to-date symlink: /home/eceteam4/ECE480Team4/install/vesc_msgs/include/vesc_msgs/vesc_msgs/msg/detail/vesc_state__rosidl_typesupport_introspection_c.h
[2.482s] -- Up-to-date symlink: /home/eceteam4/ECE480Team4/install/vesc_msgs/include/vesc_msgs/vesc_msgs/msg/detail/vesc_state_stamped__rosidl_typesupport_introspection_c.h
[2.482s] -- Up-to-date symlink: /home/eceteam4/ECE480Team4/install/vesc_msgs/include/vesc_msgs/vesc_msgs/msg/rosidl_typesupport_introspection_c__visibility_control.h
[2.482s] -- Up-to-date symlink: /home/eceteam4/ECE480Team4/install/vesc_msgs/include/vesc_msgs/vesc_msgs/msg/detail/vesc_cmd__builder.hpp
[2.482s] -- Up-to-date symlink: /home/eceteam4/ECE480Team4/install/vesc_msgs/include/vesc_msgs/vesc_msgs/msg/detail/vesc_cmd__struct.hpp
[2.482s] -- Up-to-date symlink: /home/eceteam4/ECE480Team4/install/vesc_msgs/include/vesc_msgs/vesc_msgs/msg/detail/vesc_cmd__traits.hpp
[2.483s] -- Up-to-date symlink: /home/eceteam4/ECE480Team4/install/vesc_msgs/include/vesc_msgs/vesc_msgs/msg/detail/vesc_cmd__type_support.hpp
[2.483s] -- Up-to-date symlink: /home/eceteam4/ECE480Team4/install/vesc_msgs/include/vesc_msgs/vesc_msgs/msg/detail/vesc_imu__builder.hpp
[2.484s] -- Up-to-date symlink: /home/eceteam4/ECE480Team4/install/vesc_msgs/include/vesc_msgs/vesc_msgs/msg/detail/vesc_imu__struct.hpp
[2.484s] -- Up-to-date symlink: /home/eceteam4/ECE480Team4/install/vesc_msgs/include/vesc_msgs/vesc_msgs/msg/detail/vesc_imu__traits.hpp
[2.484s] -- Up-to-date symlink: /home/eceteam4/ECE480Team4/install/vesc_msgs/include/vesc_msgs/vesc_msgs/msg/detail/vesc_imu__type_support.hpp
[2.484s] -- Up-to-date symlink: /home/eceteam4/ECE480Team4/install/vesc_msgs/include/vesc_msgs/vesc_msgs/msg/detail/vesc_imu_stamped__builder.hpp
[2.484s] -- Up-to-date symlink: /home/eceteam4/ECE480Team4/install/vesc_msgs/include/vesc_msgs/vesc_msgs/msg/detail/vesc_imu_stamped__struct.hpp
[2.484s] -- Up-to-date symlink: /home/eceteam4/ECE480Team4/install/vesc_msgs/include/vesc_msgs/vesc_msgs/msg/detail/vesc_imu_stamped__traits.hpp
[2.485s] -- Up-to-date symlink: /home/eceteam4/ECE480Team4/install/vesc_msgs/include/vesc_msgs/vesc_msgs/msg/detail/vesc_imu_stamped__type_support.hpp
[2.485s] -- Up-to-date symlink: /home/eceteam4/ECE480Team4/install/vesc_msgs/include/vesc_msgs/vesc_msgs/msg/detail/vesc_state__builder.hpp
[2.485s] -- Up-to-date symlink: /home/eceteam4/ECE480Team4/install/vesc_msgs/include/vesc_msgs/vesc_msgs/msg/detail/vesc_state__struct.hpp
[2.485s] -- Up-to-date symlink: /home/eceteam4/ECE480Team4/install/vesc_msgs/include/vesc_msgs/vesc_msgs/msg/detail/vesc_state__traits.hpp
[2.485s] -- Up-to-date symlink: /home/eceteam4/ECE480Team4/install/vesc_msgs/include/vesc_msgs/vesc_msgs/msg/detail/vesc_state__type_support.hpp
[2.485s] -- Up-to-date symlink: /home/eceteam4/ECE480Team4/install/vesc_msgs/include/vesc_msgs/vesc_msgs/msg/detail/vesc_state_stamped__builder.hpp
[2.486s] -- Up-to-date symlink: /home/eceteam4/ECE480Team4/install/vesc_msgs/include/vesc_msgs/vesc_msgs/msg/detail/vesc_state_stamped__struct.hpp
[2.486s] -- Up-to-date symlink: /home/eceteam4/ECE480Team4/install/vesc_msgs/include/vesc_msgs/vesc_msgs/msg/detail/vesc_state_stamped__traits.hpp
[2.486s] -- Up-to-date symlink: /home/eceteam4/ECE480Team4/install/vesc_msgs/include/vesc_msgs/vesc_msgs/msg/detail/vesc_state_stamped__type_support.hpp
[2.486s] -- Up-to-date symlink: /home/eceteam4/ECE480Team4/install/vesc_msgs/include/vesc_msgs/vesc_msgs/msg/rosidl_generator_cpp__visibility_control.hpp
[2.486s] -- Up-to-date symlink: /home/eceteam4/ECE480Team4/install/vesc_msgs/include/vesc_msgs/vesc_msgs/msg/vesc_cmd.hpp
[2.486s] -- Up-to-date symlink: /home/eceteam4/ECE480Team4/install/vesc_msgs/include/vesc_msgs/vesc_msgs/msg/vesc_imu.hpp
[2.486s] -- Up-to-date symlink: /home/eceteam4/ECE480Team4/install/vesc_msgs/include/vesc_msgs/vesc_msgs/msg/vesc_imu_stamped.hpp
[2.486s] -- Up-to-date symlink: /home/eceteam4/ECE480Team4/install/vesc_msgs/include/vesc_msgs/vesc_msgs/msg/vesc_state.hpp
[2.487s] -- Up-to-date symlink: /home/eceteam4/ECE480Team4/install/vesc_msgs/include/vesc_msgs/vesc_msgs/msg/vesc_state_stamped.hpp
[2.487s] -- Up-to-date symlink: /home/eceteam4/ECE480Team4/install/vesc_msgs/include/vesc_msgs/vesc_msgs/msg/detail/vesc_cmd__rosidl_typesupport_fastrtps_cpp.hpp
[2.487s] -- Up-to-date symlink: /home/eceteam4/ECE480Team4/install/vesc_msgs/include/vesc_msgs/vesc_msgs/msg/detail/vesc_imu__rosidl_typesupport_fastrtps_cpp.hpp
[2.487s] -- Up-to-date symlink: /home/eceteam4/ECE480Team4/install/vesc_msgs/include/vesc_msgs/vesc_msgs/msg/detail/vesc_imu_stamped__rosidl_typesupport_fastrtps_cpp.hpp
[2.487s] -- Up-to-date symlink: /home/eceteam4/ECE480Team4/install/vesc_msgs/include/vesc_msgs/vesc_msgs/msg/detail/vesc_state__rosidl_typesupport_fastrtps_cpp.hpp
[2.487s] -- Up-to-date symlink: /home/eceteam4/ECE480Team4/install/vesc_msgs/include/vesc_msgs/vesc_msgs/msg/detail/vesc_state_stamped__rosidl_typesupport_fastrtps_cpp.hpp
[2.487s] -- Up-to-date symlink: /home/eceteam4/ECE480Team4/install/vesc_msgs/include/vesc_msgs/vesc_msgs/msg/rosidl_typesupport_fastrtps_cpp__visibility_control.h
[2.488s] -- Up-to-date symlink: /home/eceteam4/ECE480Team4/install/vesc_msgs/include/vesc_msgs/vesc_msgs/msg/detail/vesc_cmd__rosidl_typesupport_introspection_cpp.hpp
[2.488s] -- Up-to-date symlink: /home/eceteam4/ECE480Team4/install/vesc_msgs/include/vesc_msgs/vesc_msgs/msg/detail/vesc_imu__rosidl_typesupport_introspection_cpp.hpp
[2.488s] -- Up-to-date symlink: /home/eceteam4/ECE480Team4/install/vesc_msgs/include/vesc_msgs/vesc_msgs/msg/detail/vesc_imu_stamped__rosidl_typesupport_introspection_cpp.hpp
[2.488s] -- Up-to-date symlink: /home/eceteam4/ECE480Team4/install/vesc_msgs/include/vesc_msgs/vesc_msgs/msg/detail/vesc_state__rosidl_typesupport_introspection_cpp.hpp
[2.488s] -- Up-to-date symlink: /home/eceteam4/ECE480Team4/install/vesc_msgs/include/vesc_msgs/vesc_msgs/msg/detail/vesc_state_stamped__rosidl_typesupport_introspection_cpp.hpp
[2.488s] -- Up-to-date symlink: /home/eceteam4/ECE480Team4/install/vesc_msgs/share/vesc_msgs/environment/pythonpath.sh
[2.488s] -- Up-to-date symlink: /home/eceteam4/ECE480Team4/install/vesc_msgs/share/vesc_msgs/environment/pythonpath.dsv
[2.489s] -- Up-to-date symlink: /home/eceteam4/ECE480Team4/install/vesc_msgs/local/lib/python3.10/dist-packages/vesc_msgs-1.1.0-py3.10.egg-info/PKG-INFO
[2.489s] -- Up-to-date symlink: /home/eceteam4/ECE480Team4/install/vesc_msgs/local/lib/python3.10/dist-packages/vesc_msgs-1.1.0-py3.10.egg-info/SOURCES.txt
[2.489s] -- Up-to-date symlink: /home/eceteam4/ECE480Team4/install/vesc_msgs/local/lib/python3.10/dist-packages/vesc_msgs-1.1.0-py3.10.egg-info/dependency_links.txt
[2.489s] -- Up-to-date symlink: /home/eceteam4/ECE480Team4/install/vesc_msgs/local/lib/python3.10/dist-packages/vesc_msgs-1.1.0-py3.10.egg-info/top_level.txt
[2.489s] -- Up-to-date symlink: /home/eceteam4/ECE480Team4/install/vesc_msgs/local/lib/python3.10/dist-packages/vesc_msgs/__init__.py
[2.489s] -- Up-to-date symlink: /home/eceteam4/ECE480Team4/install/vesc_msgs/local/lib/python3.10/dist-packages/vesc_msgs/_vesc_msgs_s.ep.rosidl_typesupport_c.c
[2.490s] -- Up-to-date symlink: /home/eceteam4/ECE480Team4/install/vesc_msgs/local/lib/python3.10/dist-packages/vesc_msgs/_vesc_msgs_s.ep.rosidl_typesupport_fastrtps_c.c
[2.490s] -- Up-to-date symlink: /home/eceteam4/ECE480Team4/install/vesc_msgs/local/lib/python3.10/dist-packages/vesc_msgs/_vesc_msgs_s.ep.rosidl_typesupport_introspection_c.c
[2.491s] -- Up-to-date symlink: /home/eceteam4/ECE480Team4/install/vesc_msgs/local/lib/python3.10/dist-packages/vesc_msgs/libvesc_msgs__rosidl_generator_py.so
[2.491s] -- Up-to-date symlink: /home/eceteam4/ECE480Team4/install/vesc_msgs/local/lib/python3.10/dist-packages/vesc_msgs/msg/__init__.py
[2.491s] -- Up-to-date symlink: /home/eceteam4/ECE480Team4/install/vesc_msgs/local/lib/python3.10/dist-packages/vesc_msgs/msg/_vesc_cmd.py
[2.491s] -- Up-to-date symlink: /home/eceteam4/ECE480Team4/install/vesc_msgs/local/lib/python3.10/dist-packages/vesc_msgs/msg/_vesc_cmd_s.c
[2.491s] -- Up-to-date symlink: /home/eceteam4/ECE480Team4/install/vesc_msgs/local/lib/python3.10/dist-packages/vesc_msgs/msg/_vesc_imu.py
[2.491s] -- Up-to-date symlink: /home/eceteam4/ECE480Team4/install/vesc_msgs/local/lib/python3.10/dist-packages/vesc_msgs/msg/_vesc_imu_s.c
[2.492s] -- Up-to-date symlink: /home/eceteam4/ECE480Team4/install/vesc_msgs/local/lib/python3.10/dist-packages/vesc_msgs/msg/_vesc_imu_stamped.py
[2.492s] -- Up-to-date symlink: /home/eceteam4/ECE480Team4/install/vesc_msgs/local/lib/python3.10/dist-packages/vesc_msgs/msg/_vesc_imu_stamped_s.c
[2.492s] -- Up-to-date symlink: /home/eceteam4/ECE480Team4/install/vesc_msgs/local/lib/python3.10/dist-packages/vesc_msgs/msg/_vesc_state.py
[2.492s] -- Up-to-date symlink: /home/eceteam4/ECE480Team4/install/vesc_msgs/local/lib/python3.10/dist-packages/vesc_msgs/msg/_vesc_state_s.c
[2.492s] -- Up-to-date symlink: /home/eceteam4/ECE480Team4/install/vesc_msgs/local/lib/python3.10/dist-packages/vesc_msgs/msg/_vesc_state_stamped.py
[2.492s] -- Up-to-date symlink: /home/eceteam4/ECE480Team4/install/vesc_msgs/local/lib/python3.10/dist-packages/vesc_msgs/msg/_vesc_state_stamped_s.c
[2.492s] -- Up-to-date symlink: /home/eceteam4/ECE480Team4/install/vesc_msgs/local/lib/python3.10/dist-packages/vesc_msgs/vesc_msgs_s__rosidl_typesupport_c.cpython-310-aarch64-linux-gnu.so
[2.493s] -- Up-to-date symlink: /home/eceteam4/ECE480Team4/install/vesc_msgs/local/lib/python3.10/dist-packages/vesc_msgs/vesc_msgs_s__rosidl_typesupport_fastrtps_c.cpython-310-aarch64-linux-gnu.so
[2.493s] -- Up-to-date symlink: /home/eceteam4/ECE480Team4/install/vesc_msgs/local/lib/python3.10/dist-packages/vesc_msgs/vesc_msgs_s__rosidl_typesupport_introspection_c.cpython-310-aarch64-linux-gnu.so
[2.493s] -- Up-to-date symlink: /home/eceteam4/ECE480Team4/install/vesc_msgs/local/lib/python3.10/dist-packages/vesc_msgs/vesc_msgs_s__rosidl_typesupport_fastrtps_c.cpython-310-aarch64-linux-gnu.so
[2.493s] -- Up-to-date symlink: /home/eceteam4/ECE480Team4/install/vesc_msgs/local/lib/python3.10/dist-packages/vesc_msgs/vesc_msgs_s__rosidl_typesupport_introspection_c.cpython-310-aarch64-linux-gnu.so
[2.493s] -- Up-to-date symlink: /home/eceteam4/ECE480Team4/install/vesc_msgs/local/lib/python3.10/dist-packages/vesc_msgs/vesc_msgs_s__rosidl_typesupport_c.cpython-310-aarch64-linux-gnu.so
[2.493s] -- Up-to-date symlink: /home/eceteam4/ECE480Team4/install/vesc_msgs/share/vesc_msgs/msg/VescCmd.idl
[2.493s] -- Up-to-date symlink: /home/eceteam4/ECE480Team4/install/vesc_msgs/share/vesc_msgs/msg/VescImu.idl
[2.493s] -- Up-to-date symlink: /home/eceteam4/ECE480Team4/install/vesc_msgs/share/vesc_msgs/msg/VescImuStamped.idl
[2.493s] -- Up-to-date symlink: /home/eceteam4/ECE480Team4/install/vesc_msgs/share/vesc_msgs/msg/VescState.idl
[2.494s] -- Up-to-date symlink: /home/eceteam4/ECE480Team4/install/vesc_msgs/share/vesc_msgs/msg/VescStateStamped.idl
[2.494s] -- Up-to-date symlink: /home/eceteam4/ECE480Team4/install/vesc_msgs/share/vesc_msgs/msg/VescCmd.msg
[2.494s] -- Up-to-date symlink: /home/eceteam4/ECE480Team4/install/vesc_msgs/share/vesc_msgs/msg/VescImu.msg
[2.494s] -- Up-to-date symlink: /home/eceteam4/ECE480Team4/install/vesc_msgs/share/vesc_msgs/msg/VescImuStamped.msg
[2.494s] -- Up-to-date symlink: /home/eceteam4/ECE480Team4/install/vesc_msgs/share/vesc_msgs/msg/VescState.msg
[2.494s] -- Up-to-date symlink: /home/eceteam4/ECE480Team4/install/vesc_msgs/share/vesc_msgs/msg/VescStateStamped.msg
[2.494s] -- Up-to-date symlink: /home/eceteam4/ECE480Team4/install/vesc_msgs/share/ament_index/resource_index/package_run_dependencies/vesc_msgs
[2.494s] -- Up-to-date symlink: /home/eceteam4/ECE480Team4/install/vesc_msgs/share/ament_index/resource_index/parent_prefix_path/vesc_msgs
[2.494s] -- Up-to-date symlink: /home/eceteam4/ECE480Team4/install/vesc_msgs/share/vesc_msgs/environment/ament_prefix_path.sh
[2.494s] -- Up-to-date symlink: /home/eceteam4/ECE480Team4/install/vesc_msgs/share/vesc_msgs/environment/ament_prefix_path.dsv
[2.495s] -- Up-to-date symlink: /home/eceteam4/ECE480Team4/install/vesc_msgs/share/vesc_msgs/environment/path.sh
[2.495s] -- Up-to-date symlink: /home/eceteam4/ECE480Team4/install/vesc_msgs/share/vesc_msgs/environment/path.dsv
[2.495s] -- Up-to-date symlink: /home/eceteam4/ECE480Team4/install/vesc_msgs/share/vesc_msgs/local_setup.bash
[2.495s] -- Up-to-date symlink: /home/eceteam4/ECE480Team4/install/vesc_msgs/share/vesc_msgs/local_setup.sh
[2.495s] -- Up-to-date symlink: /home/eceteam4/ECE480Team4/install/vesc_msgs/share/vesc_msgs/local_setup.zsh
[2.495s] -- Up-to-date symlink: /home/eceteam4/ECE480Team4/install/vesc_msgs/share/vesc_msgs/local_setup.dsv
[2.495s] -- Symlinking: /home/eceteam4/ECE480Team4/install/vesc_msgs/share/vesc_msgs/package.dsv
[2.534s] -- Up-to-date symlink: /home/eceteam4/ECE480Team4/install/vesc_msgs/share/ament_index/resource_index/packages/vesc_msgs
[2.534s] -- Up-to-date symlink: /home/eceteam4/ECE480Team4/install/vesc_msgs/share/vesc_msgs/cmake/rosidl_cmake-extras.cmake
[2.535s] -- Up-to-date symlink: /home/eceteam4/ECE480Team4/install/vesc_msgs/share/vesc_msgs/cmake/ament_cmake_export_dependencies-extras.cmake
[2.535s] -- Up-to-date symlink: /home/eceteam4/ECE480Team4/install/vesc_msgs/share/vesc_msgs/cmake/ament_cmake_export_include_directories-extras.cmake
[2.535s] -- Up-to-date symlink: /home/eceteam4/ECE480Team4/install/vesc_msgs/share/vesc_msgs/cmake/ament_cmake_export_libraries-extras.cmake
[2.536s] -- Up-to-date symlink: /home/eceteam4/ECE480Team4/install/vesc_msgs/share/vesc_msgs/cmake/ament_cmake_export_targets-extras.cmake
[2.536s] -- Up-to-date symlink: /home/eceteam4/ECE480Team4/install/vesc_msgs/share/vesc_msgs/cmake/rosidl_cmake_export_typesupport_targets-extras.cmake
[2.536s] -- Up-to-date symlink: /home/eceteam4/ECE480Team4/install/vesc_msgs/share/vesc_msgs/cmake/rosidl_cmake_export_typesupport_libraries-extras.cmake
[2.538s] -- Up-to-date symlink: /home/eceteam4/ECE480Team4/install/vesc_msgs/share/vesc_msgs/cmake/vesc_msgsConfig.cmake
[2.539s] -- Up-to-date symlink: /home/eceteam4/ECE480Team4/install/vesc_msgs/share/vesc_msgs/cmake/vesc_msgsConfig-version.cmake
[2.539s] -- Up-to-date symlink: /home/eceteam4/ECE480Team4/install/vesc_msgs/share/vesc_msgs/package.xml
[2.539s] -- Up-to-date: /home/eceteam4/ECE480Team4/install/vesc_msgs/lib/libvesc_msgs__rosidl_generator_c.so
[2.539s] -- Up-to-date: /home/eceteam4/ECE480Team4/install/vesc_msgs/lib/libvesc_msgs__rosidl_typesupport_fastrtps_c.so
[2.539s] -- Up-to-date: /home/eceteam4/ECE480Team4/install/vesc_msgs/lib/libvesc_msgs__rosidl_typesupport_introspection_c.so
[2.540s] -- Up-to-date: /home/eceteam4/ECE480Team4/install/vesc_msgs/lib/libvesc_msgs__rosidl_typesupport_c.so
[2.540s] -- Up-to-date: /home/eceteam4/ECE480Team4/install/vesc_msgs/lib/libvesc_msgs__rosidl_typesupport_fastrtps_cpp.so
[2.541s] -- Up-to-date: /home/eceteam4/ECE480Team4/install/vesc_msgs/lib/libvesc_msgs__rosidl_typesupport_introspection_cpp.so
[2.541s] -- Up-to-date: /home/eceteam4/ECE480Team4/install/vesc_msgs/lib/libvesc_msgs__rosidl_typesupport_cpp.so
[2.616s] Listing '/home/eceteam4/ECE480Team4/install/vesc_msgs/local/lib/python3.10/dist-packages/vesc_msgs'...
[2.616s] Listing '/home/eceteam4/ECE480Team4/install/vesc_msgs/local/lib/python3.10/dist-packages/vesc_msgs/msg'...
[2.635s] -- Up-to-date: /home/eceteam4/ECE480Team4/install/vesc_msgs/lib/libvesc_msgs__rosidl_generator_py.so
[2.635s] -- Up-to-date: /home/eceteam4/ECE480Team4/install/vesc_msgs/share/vesc_msgs/cmake/export_vesc_msgs__rosidl_generator_cExport.cmake
[2.635s] -- Up-to-date: /home/eceteam4/ECE480Team4/install/vesc_msgs/share/vesc_msgs/cmake/export_vesc_msgs__rosidl_generator_cExport-noconfig.cmake
[2.635s] -- Up-to-date: /home/eceteam4/ECE480Team4/install/vesc_msgs/share/vesc_msgs/cmake/export_vesc_msgs__rosidl_typesupport_fastrtps_cExport.cmake
[2.635s] -- Up-to-date: /home/eceteam4/ECE480Team4/install/vesc_msgs/share/vesc_msgs/cmake/export_vesc_msgs__rosidl_typesupport_fastrtps_cExport-noconfig.cmake
[2.635s] -- Up-to-date: /home/eceteam4/ECE480Team4/install/vesc_msgs/share/vesc_msgs/cmake/vesc_msgs__rosidl_typesupport_introspection_cExport.cmake
[2.636s] -- Up-to-date: /home/eceteam4/ECE480Team4/install/vesc_msgs/share/vesc_msgs/cmake/vesc_msgs__rosidl_typesupport_introspection_cExport-noconfig.cmake
[2.636s] -- Up-to-date: /home/eceteam4/ECE480Team4/install/vesc_msgs/share/vesc_msgs/cmake/vesc_msgs__rosidl_typesupport_cExport.cmake
[2.636s] -- Up-to-date: /home/eceteam4/ECE480Team4/install/vesc_msgs/share/vesc_msgs/cmake/vesc_msgs__rosidl_typesupport_cExport-noconfig.cmake
[2.636s] -- Up-to-date: /home/eceteam4/ECE480Team4/install/vesc_msgs/share/vesc_msgs/cmake/export_vesc_msgs__rosidl_generator_cppExport.cmake
[2.636s] -- Up-to-date: /home/eceteam4/ECE480Team4/install/vesc_msgs/share/vesc_msgs/cmake/export_vesc_msgs__rosidl_typesupport_fastrtps_cppExport.cmake
[2.636s] -- Up-to-date: /home/eceteam4/ECE480Team4/install/vesc_msgs/share/vesc_msgs/cmake/export_vesc_msgs__rosidl_typesupport_fastrtps_cppExport-noconfig.cmake
[2.636s] -- Up-to-date: /home/eceteam4/ECE480Team4/install/vesc_msgs/share/vesc_msgs/cmake/vesc_msgs__rosidl_typesupport_introspection_cppExport.cmake
[2.636s] -- Up-to-date: /home/eceteam4/ECE480Team4/install/vesc_msgs/share/vesc_msgs/cmake/vesc_msgs__rosidl_typesupport_introspection_cppExport-noconfig.cmake
[2.637s] -- Up-to-date: /home/eceteam4/ECE480Team4/install/vesc_msgs/share/vesc_msgs/cmake/vesc_msgs__rosidl_typesupport_cppExport.cmake
[2.637s] -- Up-to-date: /home/eceteam4/ECE480Team4/install/vesc_msgs/share/vesc_msgs/cmake/vesc_msgs__rosidl_typesupport_cppExport-noconfig.cmake
[2.637s] -- Up-to-date: /home/eceteam4/ECE480Team4/install/vesc_msgs/share/vesc_msgs/cmake/export_vesc_msgs__rosidl_generator_pyExport.cmake
[2.637s] -- Up-to-date: /home/eceteam4/ECE480Team4/install/vesc_msgs/share/vesc_msgs/cmake/export_vesc_msgs__rosidl_generator_pyExport-noconfig.cmake
[3.214s] Invoked command in '/home/eceteam4/ECE480Team4/build/vesc_msgs' returned '0': CMAKE_PREFIX_PATH=${CMAKE_PREFIX_PATH}:/home/eceteam4/ECE480Team4/install/vesc_control:/home/eceteam4/ECE480Team4/install/sensors_lidar_bridge:/home/eceteam4/ECE480Team4/install/sensors_imu_bridge:/home/eceteam4/ECE480Team4/install/sensors_camera_node:/home/eceteam4/ECE480Team4/install/perception_sync_node:/home/eceteam4/ECE480Team4/install/perception_ml_node:/home/eceteam4/ECE480Team4/install/obstacle_det:/home/eceteam4/ECE480Team4/install/lane_follow:/opt/ros/humble /usr/bin/cmake --install /home/eceteam4/ECE480Team4/build/vesc_msgs
