running develop
running egg_info
creating lane_follow.egg-info
writing lane_follow.egg-info/PKG-INFO
writing dependency_links to lane_follow.egg-info/dependency_links.txt
writing entry points to lane_follow.egg-info/entry_points.txt
writing requirements to lane_follow.egg-info/requires.txt
writing top-level names to lane_follow.egg-info/top_level.txt
writing manifest file 'lane_follow.egg-info/SOURCES.txt'
reading manifest file 'lane_follow.egg-info/SOURCES.txt'
writing manifest file 'lane_follow.egg-info/SOURCES.txt'
running build_ext
Creating /mnt/home/leflarsa/av/ECE480Team4/ros2_ws/install/lane_follow/lib/python3.10/site-packages/lane-follow.egg-link (link to .)
Installing detect script to /mnt/home/leflarsa/av/ECE480Team4/ros2_ws/install/lane_follow/lib/lane_follow
Installing follow_pid script to /mnt/home/leflarsa/av/ECE480Team4/ros2_ws/install/lane_follow/lib/lane_follow
Installing follow_pure_pursuit script to /mnt/home/leflarsa/av/ECE480Team4/ros2_ws/install/lane_follow/lib/lane_follow
Installing ground_spot script to /mnt/home/leflarsa/av/ECE480Team4/ros2_ws/install/lane_follow/lib/lane_follow

Installed /mnt/home/leflarsa/av/ECE480Team4/ros2_ws/build/lane_follow
running symlink_data
creating /mnt/home/leflarsa/av/ECE480Team4/ros2_ws/install/lane_follow/share/ament_index
creating /mnt/home/leflarsa/av/ECE480Team4/ros2_ws/install/lane_follow/share/ament_index/resource_index
creating /mnt/home/leflarsa/av/ECE480Team4/ros2_ws/install/lane_follow/share/ament_index/resource_index/packages
symbolically linking /mnt/home/leflarsa/av/ECE480Team4/ros2_ws/build/lane_follow/resource/lane_follow -> /mnt/home/leflarsa/av/ECE480Team4/ros2_ws/install/lane_follow/share/ament_index/resource_index/packages
symbolically linking /mnt/home/leflarsa/av/ECE480Team4/ros2_ws/build/lane_follow/package.xml -> /mnt/home/leflarsa/av/ECE480Team4/ros2_ws/install/lane_follow/share/lane_follow
creating /mnt/home/leflarsa/av/ECE480Team4/ros2_ws/install/lane_follow/share/lane_follow/launch
symbolically linking /mnt/home/leflarsa/av/ECE480Team4/ros2_ws/build/lane_follow/launch/lane_follow.launch.py -> /mnt/home/leflarsa/av/ECE480Team4/ros2_ws/install/lane_follow/share/lane_follow/launch
