[1.887s] Invoking command in '/mnt/home/leflarsa/av/ECE480Team4/ros2_ws/build/lane_follow': PS1=humble:\u@\h:\w\$ PYTHONPATH=/mnt/home/leflarsa/av/ECE480Team4/ros2_ws/build/lane_follow/prefix_override:/usr/lib/python3/dist-packages/colcon_core/task/python/colcon_distutils_commands:/mnt/home/leflarsa/av/ECE480Team4/ros2_ws/install/lane_follow/lib/python3.10/site-packages:${PYTHONPATH} /usr/bin/python3 -W ignore:setup.py install is deprecated -W ignore:easy_install command is deprecated setup.py develop --editable --build-directory /mnt/home/leflarsa/av/ECE480Team4/ros2_ws/build/lane_follow/build --no-deps symlink_data
[2.181s] running develop
[2.392s] running egg_info
[2.392s] creating lane_follow.egg-info
[2.395s] writing lane_follow.egg-info/PKG-INFO
[2.400s] writing dependency_links to lane_follow.egg-info/dependency_links.txt
[2.403s] writing entry points to lane_follow.egg-info/entry_points.txt
[2.405s] writing requirements to lane_follow.egg-info/requires.txt
[2.408s] writing top-level names to lane_follow.egg-info/top_level.txt
[2.411s] writing manifest file 'lane_follow.egg-info/SOURCES.txt'
[2.418s] reading manifest file 'lane_follow.egg-info/SOURCES.txt'
[2.420s] writing manifest file 'lane_follow.egg-info/SOURCES.txt'
[2.422s] running build_ext
[2.422s] Creating /mnt/home/leflarsa/av/ECE480Team4/ros2_ws/install/lane_follow/lib/python3.10/site-packages/lane-follow.egg-link (link to .)
[2.426s] Installing detect script to /mnt/home/leflarsa/av/ECE480Team4/ros2_ws/install/lane_follow/lib/lane_follow
[2.431s] Installing follow_pid script to /mnt/home/leflarsa/av/ECE480Team4/ros2_ws/install/lane_follow/lib/lane_follow
[2.435s] Installing follow_pure_pursuit script to /mnt/home/leflarsa/av/ECE480Team4/ros2_ws/install/lane_follow/lib/lane_follow
[2.438s] Installing ground_spot script to /mnt/home/leflarsa/av/ECE480Team4/ros2_ws/install/lane_follow/lib/lane_follow
[2.441s] 
[2.441s] Installed /mnt/home/leflarsa/av/ECE480Team4/ros2_ws/build/lane_follow
[2.441s] running symlink_data
[2.441s] creating /mnt/home/leflarsa/av/ECE480Team4/ros2_ws/install/lane_follow/share/ament_index
[2.443s] creating /mnt/home/leflarsa/av/ECE480Team4/ros2_ws/install/lane_follow/share/ament_index/resource_index
[2.444s] creating /mnt/home/leflarsa/av/ECE480Team4/ros2_ws/install/lane_follow/share/ament_index/resource_index/packages
[2.447s] symbolically linking /mnt/home/leflarsa/av/ECE480Team4/ros2_ws/build/lane_follow/resource/lane_follow -> /mnt/home/leflarsa/av/ECE480Team4/ros2_ws/install/lane_follow/share/ament_index/resource_index/packages
[2.448s] symbolically linking /mnt/home/leflarsa/av/ECE480Team4/ros2_ws/build/lane_follow/package.xml -> /mnt/home/leflarsa/av/ECE480Team4/ros2_ws/install/lane_follow/share/lane_follow
[2.449s] creating /mnt/home/leflarsa/av/ECE480Team4/ros2_ws/install/lane_follow/share/lane_follow/launch
[2.451s] symbolically linking /mnt/home/leflarsa/av/ECE480Team4/ros2_ws/build/lane_follow/launch/lane_follow.launch.py -> /mnt/home/leflarsa/av/ECE480Team4/ros2_ws/install/lane_follow/share/lane_follow/launch
[2.506s] Invoked command in '/mnt/home/leflarsa/av/ECE480Team4/ros2_ws/build/lane_follow' returned '0': PS1=humble:\u@\h:\w\$ PYTHONPATH=/mnt/home/leflarsa/av/ECE480Team4/ros2_ws/build/lane_follow/prefix_override:/usr/lib/python3/dist-packages/colcon_core/task/python/colcon_distutils_commands:/mnt/home/leflarsa/av/ECE480Team4/ros2_ws/install/lane_follow/lib/python3.10/site-packages:${PYTHONPATH} /usr/bin/python3 -W ignore:setup.py install is deprecated -W ignore:easy_install command is deprecated setup.py develop --editable --build-directory /mnt/home/leflarsa/av/ECE480Team4/ros2_ws/build/lane_follow/build --no-deps symlink_data
