[0.905s] Invoking command in '/home/eceteam4/ECE480Team4/build/vesc': AMENT_PREFIX_PATH=/home/eceteam4/ECE480Team4/install/vesc_driver:/home/eceteam4/ECE480Team4/install/vesc_ackermann:/home/eceteam4/ECE480Team4/install/vesc_msgs CMAKE_PREFIX_PATH=/home/eceteam4/ECE480Team4/install/vesc_driver:/home/eceteam4/ECE480Team4/install/vesc_ackermann:/home/eceteam4/ECE480Team4/install/vesc_msgs LD_LIBRARY_PATH=/home/eceteam4/ECE480Team4/install/vesc_driver/lib:/home/eceteam4/ECE480Team4/install/vesc_ackermann/lib:/home/eceteam4/ECE480Team4/install/vesc_msgs/lib PYTHONPATH=/home/eceteam4/ECE480Team4/install/vesc_msgs/local/lib/python3.10/dist-packages /usr/bin/cmake --build /home/eceteam4/ECE480Team4/build/vesc -- -j6 -l6
[1.004s] Invoked command in '/home/eceteam4/ECE480Team4/build/vesc' returned '0': AMENT_PREFIX_PATH=/home/eceteam4/ECE480Team4/install/vesc_driver:/home/eceteam4/ECE480Team4/install/vesc_ackermann:/home/eceteam4/ECE480Team4/install/vesc_msgs CMAKE_PREFIX_PATH=/home/eceteam4/ECE480Team4/install/vesc_driver:/home/eceteam4/ECE480Team4/install/vesc_ackermann:/home/eceteam4/ECE480Team4/install/vesc_msgs LD_LIBRARY_PATH=/home/eceteam4/ECE480Team4/install/vesc_driver/lib:/home/eceteam4/ECE480Team4/install/vesc_ackermann/lib:/home/eceteam4/ECE480Team4/install/vesc_msgs/lib PYTHONPATH=/home/eceteam4/ECE480Team4/install/vesc_msgs/local/lib/python3.10/dist-packages /usr/bin/cmake --build /home/eceteam4/ECE480Team4/build/vesc -- -j6 -l6
[1.010s] Invoking command in '/home/eceteam4/ECE480Team4/build/vesc': AMENT_PREFIX_PATH=/home/eceteam4/ECE480Team4/install/vesc_driver:/home/eceteam4/ECE480Team4/install/vesc_ackermann:/home/eceteam4/ECE480Team4/install/vesc_msgs CMAKE_PREFIX_PATH=/home/eceteam4/ECE480Team4/install/vesc_driver:/home/eceteam4/ECE480Team4/install/vesc_ackermann:/home/eceteam4/ECE480Team4/install/vesc_msgs LD_LIBRARY_PATH=/home/eceteam4/ECE480Team4/install/vesc_driver/lib:/home/eceteam4/ECE480Team4/install/vesc_ackermann/lib:/home/eceteam4/ECE480Team4/install/vesc_msgs/lib PYTHONPATH=/home/eceteam4/ECE480Team4/install/vesc_msgs/local/lib/python3.10/dist-packages /usr/bin/cmake --install /home/eceteam4/ECE480Team4/build/vesc
[1.026s] -- Install configuration: ""
[1.027s] -- Execute custom install script
[1.031s] -- Up-to-date symlink: /home/eceteam4/ECE480Team4/install/vesc/share/ament_index/resource_index/package_run_dependencies/vesc
[1.032s] -- Up-to-date symlink: /home/eceteam4/ECE480Team4/install/vesc/share/ament_index/resource_index/parent_prefix_path/vesc
[1.033s] -- Up-to-date symlink: /home/eceteam4/ECE480Team4/install/vesc/share/vesc/environment/ament_prefix_path.sh
[1.034s] -- Up-to-date symlink: /home/eceteam4/ECE480Team4/install/vesc/share/vesc/environment/ament_prefix_path.dsv
[1.035s] -- Up-to-date symlink: /home/eceteam4/ECE480Team4/install/vesc/share/vesc/environment/path.sh
[1.035s] -- Up-to-date symlink: /home/eceteam4/ECE480Team4/install/vesc/share/vesc/environment/path.dsv
[1.036s] -- Up-to-date symlink: /home/eceteam4/ECE480Team4/install/vesc/share/vesc/local_setup.bash
[1.037s] -- Up-to-date symlink: /home/eceteam4/ECE480Team4/install/vesc/share/vesc/local_setup.sh
[1.037s] -- Up-to-date symlink: /home/eceteam4/ECE480Team4/install/vesc/share/vesc/local_setup.zsh
[1.038s] -- Up-to-date symlink: /home/eceteam4/ECE480Team4/install/vesc/share/vesc/local_setup.dsv
[1.039s] -- Symlinking: /home/eceteam4/ECE480Team4/install/vesc/share/vesc/package.dsv
[1.059s] -- Up-to-date symlink: /home/eceteam4/ECE480Team4/install/vesc/share/ament_index/resource_index/packages/vesc
[1.060s] -- Up-to-date symlink: /home/eceteam4/ECE480Team4/install/vesc/share/vesc/cmake/vescConfig.cmake
[1.061s] -- Up-to-date symlink: /home/eceteam4/ECE480Team4/install/vesc/share/vesc/cmake/vescConfig-version.cmake
[1.061s] -- Up-to-date symlink: /home/eceteam4/ECE480Team4/install/vesc/share/vesc/package.xml
[1.069s] Invoked command in '/home/eceteam4/ECE480Team4/build/vesc' returned '0': AMENT_PREFIX_PATH=/home/eceteam4/ECE480Team4/install/vesc_driver:/home/eceteam4/ECE480Team4/install/vesc_ackermann:/home/eceteam4/ECE480Team4/install/vesc_msgs CMAKE_PREFIX_PATH=/home/eceteam4/ECE480Team4/install/vesc_driver:/home/eceteam4/ECE480Team4/install/vesc_ackermann:/home/eceteam4/ECE480Team4/install/vesc_msgs LD_LIBRARY_PATH=/home/eceteam4/ECE480Team4/install/vesc_driver/lib:/home/eceteam4/ECE480Team4/install/vesc_ackermann/lib:/home/eceteam4/ECE480Team4/install/vesc_msgs/lib PYTHONPATH=/home/eceteam4/ECE480Team4/install/vesc_msgs/local/lib/python3.10/dist-packages /usr/bin/cmake --install /home/eceteam4/ECE480Team4/build/vesc
