[0.029s] Invoking command in '/home/eceteam4/ECE480Team4/ros2_ws/build/vesc': AMENT_PREFIX_PATH=/home/eceteam4/ECE480Team4/ros2_ws/install/vesc_driver:/home/eceteam4/ECE480Team4/ros2_ws/install/vesc_ackermann:/home/eceteam4/ECE480Team4/ros2_ws/install/vesc_msgs:${AMENT_PREFIX_PATH} CMAKE_PREFIX_PATH=/home/eceteam4/ECE480Team4/ros2_ws/install/vesc_driver:/home/eceteam4/ECE480Team4/ros2_ws/install/vesc_ackermann:/home/eceteam4/ECE480Team4/ros2_ws/install/vesc_msgs:/opt/ros/humble LD_LIBRARY_PATH=/home/eceteam4/ECE480Team4/ros2_ws/install/vesc_driver/lib:/home/eceteam4/ECE480Team4/ros2_ws/install/vesc_ackermann/lib:/home/eceteam4/ECE480Team4/ros2_ws/install/vesc_msgs/lib:${LD_LIBRARY_PATH} PYTHONPATH=/home/eceteam4/ECE480Team4/ros2_ws/install/vesc_msgs/local/lib/python3.10/dist-packages:${PYTHONPATH} /usr/bin/cmake --build /home/eceteam4/ECE480Team4/ros2_ws/build/vesc -- -j6 -l6
[0.059s] [0mCMake Deprecation Warning at CMakeLists.txt:1 (cmake_minimum_required):
[0.060s]   Compatibility with CMake < 3.10 will be removed from a future version of
[0.060s]   CMake.
[0.060s] 
[0.061s]   Update the VERSION argument <min> value.  Or, use the <min>...<max> syntax
[0.061s]   to tell CMake that the project requires at least <min> but has been updated
[0.061s]   to work with policies introduced by <max> or earlier.
[0.061s] 
[0.062s] [0m
[0.192s] -- The C compiler identification is GNU 11.4.0
[0.349s] -- The CXX compiler identification is GNU 11.4.0
[0.366s] -- Detecting C compiler ABI info
[0.500s] -- Detecting C compiler ABI info - done
[0.549s] -- Check for working C compiler: /usr/bin/cc - skipped
[0.550s] -- Detecting C compile features
[0.552s] -- Detecting C compile features - done
[0.588s] -- Detecting CXX compiler ABI info
[0.732s] -- Detecting CXX compiler ABI info - done
[0.772s] -- Check for working CXX compiler: /usr/bin/c++ - skipped
[0.774s] -- Detecting CXX compile features
[0.775s] -- Detecting CXX compile features - done
[0.792s] -- Found ament_cmake_auto: 1.3.13 (/opt/ros/humble/share/ament_cmake_auto/cmake)
[1.097s] -- Found Python3: /usr/bin/python3 (found version "3.10.12") found components: Interpreter
[1.246s] -- Override CMake install command with custom implementation using symlinks instead of copying resources
[1.437s] -- Configuring done (1.4s)
[1.456s] -- Generating done (0.0s)
[1.463s] -- Build files have been written to: /home/eceteam4/ECE480Team4/ros2_ws/build/vesc
[1.499s] Invoked command in '/home/eceteam4/ECE480Team4/ros2_ws/build/vesc' returned '0': AMENT_PREFIX_PATH=/home/eceteam4/ECE480Team4/ros2_ws/install/vesc_driver:/home/eceteam4/ECE480Team4/ros2_ws/install/vesc_ackermann:/home/eceteam4/ECE480Team4/ros2_ws/install/vesc_msgs:${AMENT_PREFIX_PATH} CMAKE_PREFIX_PATH=/home/eceteam4/ECE480Team4/ros2_ws/install/vesc_driver:/home/eceteam4/ECE480Team4/ros2_ws/install/vesc_ackermann:/home/eceteam4/ECE480Team4/ros2_ws/install/vesc_msgs:/opt/ros/humble LD_LIBRARY_PATH=/home/eceteam4/ECE480Team4/ros2_ws/install/vesc_driver/lib:/home/eceteam4/ECE480Team4/ros2_ws/install/vesc_ackermann/lib:/home/eceteam4/ECE480Team4/ros2_ws/install/vesc_msgs/lib:${LD_LIBRARY_PATH} PYTHONPATH=/home/eceteam4/ECE480Team4/ros2_ws/install/vesc_msgs/local/lib/python3.10/dist-packages:${PYTHONPATH} /usr/bin/cmake --build /home/eceteam4/ECE480Team4/ros2_ws/build/vesc -- -j6 -l6
[1.503s] Invoking command in '/home/eceteam4/ECE480Team4/ros2_ws/build/vesc': AMENT_PREFIX_PATH=/home/eceteam4/ECE480Team4/ros2_ws/install/vesc_driver:/home/eceteam4/ECE480Team4/ros2_ws/install/vesc_ackermann:/home/eceteam4/ECE480Team4/ros2_ws/install/vesc_msgs:${AMENT_PREFIX_PATH} CMAKE_PREFIX_PATH=/home/eceteam4/ECE480Team4/ros2_ws/install/vesc_driver:/home/eceteam4/ECE480Team4/ros2_ws/install/vesc_ackermann:/home/eceteam4/ECE480Team4/ros2_ws/install/vesc_msgs:/opt/ros/humble LD_LIBRARY_PATH=/home/eceteam4/ECE480Team4/ros2_ws/install/vesc_driver/lib:/home/eceteam4/ECE480Team4/ros2_ws/install/vesc_ackermann/lib:/home/eceteam4/ECE480Team4/ros2_ws/install/vesc_msgs/lib:${LD_LIBRARY_PATH} PYTHONPATH=/home/eceteam4/ECE480Team4/ros2_ws/install/vesc_msgs/local/lib/python3.10/dist-packages:${PYTHONPATH} /usr/bin/cmake --install /home/eceteam4/ECE480Team4/ros2_ws/build/vesc
[1.510s] -- Install configuration: ""
[1.510s] -- Execute custom install script
[1.514s] -- Up-to-date symlink: /home/eceteam4/ECE480Team4/ros2_ws/install/vesc/share/ament_index/resource_index/package_run_dependencies/vesc
[1.515s] -- Up-to-date symlink: /home/eceteam4/ECE480Team4/ros2_ws/install/vesc/share/ament_index/resource_index/parent_prefix_path/vesc
[1.516s] -- Up-to-date symlink: /home/eceteam4/ECE480Team4/ros2_ws/install/vesc/share/vesc/environment/ament_prefix_path.sh
[1.517s] -- Up-to-date symlink: /home/eceteam4/ECE480Team4/ros2_ws/install/vesc/share/vesc/environment/ament_prefix_path.dsv
[1.517s] -- Up-to-date symlink: /home/eceteam4/ECE480Team4/ros2_ws/install/vesc/share/vesc/environment/path.sh
[1.518s] -- Up-to-date symlink: /home/eceteam4/ECE480Team4/ros2_ws/install/vesc/share/vesc/environment/path.dsv
[1.519s] -- Up-to-date symlink: /home/eceteam4/ECE480Team4/ros2_ws/install/vesc/share/vesc/local_setup.bash
[1.519s] -- Up-to-date symlink: /home/eceteam4/ECE480Team4/ros2_ws/install/vesc/share/vesc/local_setup.sh
[1.520s] -- Up-to-date symlink: /home/eceteam4/ECE480Team4/ros2_ws/install/vesc/share/vesc/local_setup.zsh
[1.521s] -- Up-to-date symlink: /home/eceteam4/ECE480Team4/ros2_ws/install/vesc/share/vesc/local_setup.dsv
[1.521s] -- Symlinking: /home/eceteam4/ECE480Team4/ros2_ws/install/vesc/share/vesc/package.dsv
[1.532s] -- Up-to-date symlink: /home/eceteam4/ECE480Team4/ros2_ws/install/vesc/share/ament_index/resource_index/packages/vesc
[1.532s] -- Up-to-date symlink: /home/eceteam4/ECE480Team4/ros2_ws/install/vesc/share/vesc/cmake/vescConfig.cmake
[1.533s] -- Up-to-date symlink: /home/eceteam4/ECE480Team4/ros2_ws/install/vesc/share/vesc/cmake/vescConfig-version.cmake
[1.533s] -- Up-to-date symlink: /home/eceteam4/ECE480Team4/ros2_ws/install/vesc/share/vesc/package.xml
[1.538s] Invoked command in '/home/eceteam4/ECE480Team4/ros2_ws/build/vesc' returned '0': AMENT_PREFIX_PATH=/home/eceteam4/ECE480Team4/ros2_ws/install/vesc_driver:/home/eceteam4/ECE480Team4/ros2_ws/install/vesc_ackermann:/home/eceteam4/ECE480Team4/ros2_ws/install/vesc_msgs:${AMENT_PREFIX_PATH} CMAKE_PREFIX_PATH=/home/eceteam4/ECE480Team4/ros2_ws/install/vesc_driver:/home/eceteam4/ECE480Team4/ros2_ws/install/vesc_ackermann:/home/eceteam4/ECE480Team4/ros2_ws/install/vesc_msgs:/opt/ros/humble LD_LIBRARY_PATH=/home/eceteam4/ECE480Team4/ros2_ws/install/vesc_driver/lib:/home/eceteam4/ECE480Team4/ros2_ws/install/vesc_ackermann/lib:/home/eceteam4/ECE480Team4/ros2_ws/install/vesc_msgs/lib:${LD_LIBRARY_PATH} PYTHONPATH=/home/eceteam4/ECE480Team4/ros2_ws/install/vesc_msgs/local/lib/python3.10/dist-packages:${PYTHONPATH} /usr/bin/cmake --install /home/eceteam4/ECE480Team4/ros2_ws/build/vesc
