[0.629s] Invoking command in '/home/eceteam4/ECE480Team4/build/kiss_icp': CMAKE_PREFIX_PATH=${CMAKE_PREFIX_PATH}:/home/eceteam4/ECE480Team4/install/vesc_control:/home/eceteam4/ECE480Team4/install/sensors_lidar_bridge:/home/eceteam4/ECE480Team4/install/sensors_imu_bridge:/home/eceteam4/ECE480Team4/install/sensors_camera_node:/home/eceteam4/ECE480Team4/install/racing_line:/home/eceteam4/ECE480Team4/install/perception_sync_node:/home/eceteam4/ECE480Team4/install/perception_ml_node:/home/eceteam4/ECE480Team4/install/obstacle_det:/home/eceteam4/ECE480Team4/install/lane_follow:/home/eceteam4/ECE480Team4/install/bot_slam:/opt/ros/humble /usr/bin/cmake /home/eceteam4/ECE480Team4/ros2_ws/src/kiss-icp/ros -DAMENT_CMAKE_SYMLINK_INSTALL=1 -DCMAKE_INSTALL_PREFIX=/home/eceteam4/ECE480Team4/install/kiss_icp
[0.780s] -- The CXX compiler identification is GNU 11.4.0
[0.798s] -- Detecting CXX compiler ABI info
[0.951s] -- Detecting CXX compiler ABI info - done
[0.979s] -- Check for working CXX compiler: /usr/bin/c++ - skipped
[0.980s] -- Detecting CXX compile features
[0.981s] -- Detecting CXX compile features - done
[1.003s] [0mCMake Deprecation Warning at /home/eceteam4/ECE480Team4/ros2_ws/src/kiss-icp/cpp/kiss_icp/3rdparty/find_dependencies.cmake:25 (cmake_policy):
[1.003s]   The OLD behavior for policy CMP0135 will be removed from a future version
[1.003s]   of CMake.
[1.003s] 
[1.003s]   The cmake-policies(7) manual explains that the OLD behaviors of all
[1.003s]   policies are deprecated and that a policy should be set to OLD only under
[1.003s]   specific short-term circumstances.  Projects should be ported to the NEW
[1.003s]   behavior and not rely on setting a policy to OLD.
[1.004s] Call Stack (most recent call first):
[1.004s]   /home/eceteam4/ECE480Team4/ros2_ws/src/kiss-icp/cpp/kiss_icp/CMakeLists.txt:48 (include)
[1.004s] 
[1.004s] [0m
[2.210s] -- The C compiler identification is GNU 11.4.0
[2.224s] -- Detecting C compiler ABI info
[2.341s] -- Detecting C compiler ABI info - done
[2.365s] -- Check for working C compiler: /usr/bin/cc - skipped
[2.366s] -- Detecting C compile features
[2.367s] -- Detecting C compile features - done
[3.280s] [0mCMake Deprecation Warning at /home/eceteam4/ECE480Team4/build/kiss_icp/_deps/tessil-src/CMakeLists.txt:1 (cmake_minimum_required):
[3.280s]   Compatibility with CMake < 3.10 will be removed from a future version of
[3.280s]   CMake.
[3.280s] 
[3.281s]   Update the VERSION argument <min> value.  Or, use the <min>...<max> syntax
[3.281s]   to tell CMake that the project requires at least <min> but has been updated
[3.281s]   to work with policies introduced by <max> or earlier.
[3.281s] 
[3.281s] [0m
[3.298s] -- Found ament_cmake: 1.3.13 (/opt/ros/humble/share/ament_cmake/cmake)
[3.649s] -- Found Python3: /usr/bin/python3 (found version "3.10.12") found components: Interpreter
[3.808s] -- Override CMake install command with custom implementation using symlinks instead of copying resources
[3.939s] -- Found geometry_msgs: 4.9.1 (/opt/ros/humble/share/geometry_msgs/cmake)
[4.055s] -- Found rosidl_generator_c: 3.1.8 (/opt/ros/humble/share/rosidl_generator_c/cmake)
[4.071s] -- Found rosidl_adapter: 3.1.8 (/opt/ros/humble/share/rosidl_adapter/cmake)
[4.103s] -- Found rosidl_generator_cpp: 3.1.8 (/opt/ros/humble/share/rosidl_generator_cpp/cmake)
[4.146s] -- Using all available rosidl_typesupport_c: rosidl_typesupport_fastrtps_c;rosidl_typesupport_introspection_c
[4.190s] -- Using all available rosidl_typesupport_cpp: rosidl_typesupport_fastrtps_cpp;rosidl_typesupport_introspection_cpp
[4.299s] -- Found nav_msgs: 4.9.1 (/opt/ros/humble/share/nav_msgs/cmake)
[4.341s] -- Found rclcpp: 16.0.18 (/opt/ros/humble/share/rclcpp/cmake)
[4.466s] -- Found rmw_implementation_cmake: 6.1.2 (/opt/ros/humble/share/rmw_implementation_cmake/cmake)
[4.476s] -- Found rmw_fastrtps_cpp: 6.2.10 (/opt/ros/humble/share/rmw_fastrtps_cpp/cmake)
[4.699s] -- Found OpenSSL: /usr/lib/aarch64-linux-gnu/libcrypto.so (found version "3.0.2")
[4.777s] -- Found FastRTPS: /opt/ros/humble/include
[4.888s] -- Using RMW implementation 'rmw_fastrtps_cpp' as default
[4.921s] -- Performing Test CMAKE_HAVE_LIBC_PTHREAD
[5.079s] -- Performing Test CMAKE_HAVE_LIBC_PTHREAD - Success
[5.082s] -- Found Threads: TRUE
[5.195s] -- Found rclcpp_components: 16.0.18 (/opt/ros/humble/share/rclcpp_components/cmake)
[5.270s] -- Found sensor_msgs: 4.9.1 (/opt/ros/humble/share/sensor_msgs/cmake)
[5.313s] -- Found tf2_ros: 0.25.17 (/opt/ros/humble/share/tf2_ros/cmake)
[5.510s] -- Found std_srvs: 4.9.1 (/opt/ros/humble/share/std_srvs/cmake)
[5.729s] -- Configuring done (5.1s)
[5.796s] -- Generating done (0.1s)
[5.879s] -- Build files have been written to: /home/eceteam4/ECE480Team4/build/kiss_icp
[5.937s] Invoked command in '/home/eceteam4/ECE480Team4/build/kiss_icp' returned '0': CMAKE_PREFIX_PATH=${CMAKE_PREFIX_PATH}:/home/eceteam4/ECE480Team4/install/vesc_control:/home/eceteam4/ECE480Team4/install/sensors_lidar_bridge:/home/eceteam4/ECE480Team4/install/sensors_imu_bridge:/home/eceteam4/ECE480Team4/install/sensors_camera_node:/home/eceteam4/ECE480Team4/install/racing_line:/home/eceteam4/ECE480Team4/install/perception_sync_node:/home/eceteam4/ECE480Team4/install/perception_ml_node:/home/eceteam4/ECE480Team4/install/obstacle_det:/home/eceteam4/ECE480Team4/install/lane_follow:/home/eceteam4/ECE480Team4/install/bot_slam:/opt/ros/humble /usr/bin/cmake /home/eceteam4/ECE480Team4/ros2_ws/src/kiss-icp/ros -DAMENT_CMAKE_SYMLINK_INSTALL=1 -DCMAKE_INSTALL_PREFIX=/home/eceteam4/ECE480Team4/install/kiss_icp
[5.944s] Invoking command in '/home/eceteam4/ECE480Team4/build/kiss_icp': CMAKE_PREFIX_PATH=${CMAKE_PREFIX_PATH}:/home/eceteam4/ECE480Team4/install/vesc_control:/home/eceteam4/ECE480Team4/install/sensors_lidar_bridge:/home/eceteam4/ECE480Team4/install/sensors_imu_bridge:/home/eceteam4/ECE480Team4/install/sensors_camera_node:/home/eceteam4/ECE480Team4/install/racing_line:/home/eceteam4/ECE480Team4/install/perception_sync_node:/home/eceteam4/ECE480Team4/install/perception_ml_node:/home/eceteam4/ECE480Team4/install/obstacle_det:/home/eceteam4/ECE480Team4/install/lane_follow:/home/eceteam4/ECE480Team4/install/bot_slam:/opt/ros/humble /usr/bin/cmake --build /home/eceteam4/ECE480Team4/build/kiss_icp -- -j6 -l6
[6.019s] [  7%] [32mBuilding CXX object kiss_icp/core/CMakeFiles/kiss_icp_core.dir/VoxelHashMap.cpp.o[0m
[6.028s] [ 14%] [32mBuilding CXX object kiss_icp/core/CMakeFiles/kiss_icp_core.dir/VoxelUtils.cpp.o[0m
[6.034s] [ 21%] [32mBuilding CXX object kiss_icp/core/CMakeFiles/kiss_icp_core.dir/Registration.cpp.o[0m
[6.055s] [ 28%] [32mBuilding CXX object CMakeFiles/kiss_icp_node.dir/rclcpp_components/node_main_kiss_icp_node.cpp.o[0m
[6.065s] [ 35%] [32mBuilding CXX object kiss_icp/core/CMakeFiles/kiss_icp_core.dir/Preprocessing.cpp.o[0m
[6.092s] [ 42%] [32mBuilding CXX object kiss_icp/metrics/CMakeFiles/kiss_icp_metrics.dir/Metrics.cpp.o[0m
[14.897s] [ 50%] [32mBuilding CXX object kiss_icp/core/CMakeFiles/kiss_icp_core.dir/Threshold.cpp.o[0m
[22.580s] [ 57%] [1m[32mLinking CXX executable kiss_icp_node[0m
[22.948s] [ 57%] Built target kiss_icp_node
[34.237s] [ 64%] [1m[32mLinking CXX static library libkiss_icp_core.a[0m
[34.556s] [ 64%] Built target kiss_icp_core
[49.395s] [ 71%] [1m[32mLinking CXX static library libkiss_icp_metrics.a[0m
[49.444s] [ 71%] Built target kiss_icp_metrics
[49.480s] [ 78%] [32mBuilding CXX object kiss_icp/pipeline/CMakeFiles/kiss_icp_pipeline.dir/KissICP.cpp.o[0m
[54.620s] [ 85%] [1m[32mLinking CXX static library libkiss_icp_pipeline.a[0m
[54.662s] [ 85%] Built target kiss_icp_pipeline
[54.691s] [ 92%] [32mBuilding CXX object CMakeFiles/odometry_component.dir/src/OdometryServer.cpp.o[0m
[96.396s] [100%] [1m[32mLinking CXX shared library libodometry_component.so[0m
[96.801s] [100%] Built target odometry_component
[96.818s] Invoked command in '/home/eceteam4/ECE480Team4/build/kiss_icp' returned '0': CMAKE_PREFIX_PATH=${CMAKE_PREFIX_PATH}:/home/eceteam4/ECE480Team4/install/vesc_control:/home/eceteam4/ECE480Team4/install/sensors_lidar_bridge:/home/eceteam4/ECE480Team4/install/sensors_imu_bridge:/home/eceteam4/ECE480Team4/install/sensors_camera_node:/home/eceteam4/ECE480Team4/install/racing_line:/home/eceteam4/ECE480Team4/install/perception_sync_node:/home/eceteam4/ECE480Team4/install/perception_ml_node:/home/eceteam4/ECE480Team4/install/obstacle_det:/home/eceteam4/ECE480Team4/install/lane_follow:/home/eceteam4/ECE480Team4/install/bot_slam:/opt/ros/humble /usr/bin/cmake --build /home/eceteam4/ECE480Team4/build/kiss_icp -- -j6 -l6
[96.825s] Invoking command in '/home/eceteam4/ECE480Team4/build/kiss_icp': CMAKE_PREFIX_PATH=${CMAKE_PREFIX_PATH}:/home/eceteam4/ECE480Team4/install/vesc_control:/home/eceteam4/ECE480Team4/install/sensors_lidar_bridge:/home/eceteam4/ECE480Team4/install/sensors_imu_bridge:/home/eceteam4/ECE480Team4/install/sensors_camera_node:/home/eceteam4/ECE480Team4/install/racing_line:/home/eceteam4/ECE480Team4/install/perception_sync_node:/home/eceteam4/ECE480Team4/install/perception_ml_node:/home/eceteam4/ECE480Team4/install/obstacle_det:/home/eceteam4/ECE480Team4/install/lane_follow:/home/eceteam4/ECE480Team4/install/bot_slam:/opt/ros/humble /usr/bin/cmake --install /home/eceteam4/ECE480Team4/build/kiss_icp
[96.836s] -- Install configuration: "Release"
[96.845s] -- Execute custom install script
[96.846s] -- Symlinking: /home/eceteam4/ECE480Team4/install/kiss_icp/lib/kiss_icp/kiss_icp_node
[96.855s] -- Symlinking: /home/eceteam4/ECE480Team4/install/kiss_icp/lib/libodometry_component.so
[96.866s] -- Symlinking: /home/eceteam4/ECE480Team4/install/kiss_icp/share/kiss_icp//launch/my_odometry.launch.py
[96.877s] -- Symlinking: /home/eceteam4/ECE480Team4/install/kiss_icp/share/kiss_icp//launch/odometry.launch.py
[96.887s] -- Symlinking: /home/eceteam4/ECE480Team4/install/kiss_icp/share/kiss_icp//rviz/kiss_icp.rviz
[96.899s] -- Symlinking: /home/eceteam4/ECE480Team4/install/kiss_icp/share/kiss_icp//config/config.yaml
[96.909s] -- Symlinking: /home/eceteam4/ECE480Team4/install/kiss_icp/share/ament_index/resource_index/package_run_dependencies/kiss_icp
[96.921s] -- Symlinking: /home/eceteam4/ECE480Team4/install/kiss_icp/share/ament_index/resource_index/parent_prefix_path/kiss_icp
[96.932s] -- Symlinking: /home/eceteam4/ECE480Team4/install/kiss_icp/share/kiss_icp/environment/ament_prefix_path.sh
[96.943s] -- Symlinking: /home/eceteam4/ECE480Team4/install/kiss_icp/share/kiss_icp/environment/ament_prefix_path.dsv
[96.950s] -- Symlinking: /home/eceteam4/ECE480Team4/install/kiss_icp/share/kiss_icp/environment/path.sh
[96.960s] -- Symlinking: /home/eceteam4/ECE480Team4/install/kiss_icp/share/kiss_icp/environment/path.dsv
[96.967s] -- Symlinking: /home/eceteam4/ECE480Team4/install/kiss_icp/share/kiss_icp/local_setup.bash
[96.976s] -- Symlinking: /home/eceteam4/ECE480Team4/install/kiss_icp/share/kiss_icp/local_setup.sh
[96.983s] -- Symlinking: /home/eceteam4/ECE480Team4/install/kiss_icp/share/kiss_icp/local_setup.zsh
[96.993s] -- Symlinking: /home/eceteam4/ECE480Team4/install/kiss_icp/share/kiss_icp/local_setup.dsv
[97.005s] -- Symlinking: /home/eceteam4/ECE480Team4/install/kiss_icp/share/kiss_icp/package.dsv
[97.013s] -- Symlinking: /home/eceteam4/ECE480Team4/install/kiss_icp/share/ament_index/resource_index/packages/kiss_icp
[97.023s] -- Symlinking: /home/eceteam4/ECE480Team4/install/kiss_icp/share/ament_index/resource_index/rclcpp_components/kiss_icp
[97.033s] -- Symlinking: /home/eceteam4/ECE480Team4/install/kiss_icp/share/kiss_icp/cmake/kiss_icpConfig.cmake
[97.046s] -- Symlinking: /home/eceteam4/ECE480Team4/install/kiss_icp/share/kiss_icp/cmake/kiss_icpConfig-version.cmake
[97.056s] -- Symlinking: /home/eceteam4/ECE480Team4/install/kiss_icp/share/kiss_icp/package.xml
[97.074s] Invoked command in '/home/eceteam4/ECE480Team4/build/kiss_icp' returned '0': CMAKE_PREFIX_PATH=${CMAKE_PREFIX_PATH}:/home/eceteam4/ECE480Team4/install/vesc_control:/home/eceteam4/ECE480Team4/install/sensors_lidar_bridge:/home/eceteam4/ECE480Team4/install/sensors_imu_bridge:/home/eceteam4/ECE480Team4/install/sensors_camera_node:/home/eceteam4/ECE480Team4/install/racing_line:/home/eceteam4/ECE480Team4/install/perception_sync_node:/home/eceteam4/ECE480Team4/install/perception_ml_node:/home/eceteam4/ECE480Team4/install/obstacle_det:/home/eceteam4/ECE480Team4/install/lane_follow:/home/eceteam4/ECE480Team4/install/bot_slam:/opt/ros/humble /usr/bin/cmake --install /home/eceteam4/ECE480Team4/build/kiss_icp
