[0.105s] DEBUG:colcon:Command line arguments: ['/usr/bin/colcon', 'build', '--symlink-install', '--packages-select', 'src/curvy_road']
[0.105s] DEBUG:colcon:Parsed command line arguments: Namespace(log_base=None, log_level=None, verb_name='build', build_base='build', install_base='install', merge_install=False, symlink_install=True, test_result_base=None, continue_on_error=False, executor='parallel', parallel_workers=6, event_handlers=None, ignore_user_meta=False, metas=['./colcon.meta'], base_paths=['.'], packages_ignore=None, packages_ignore_regex=None, paths=None, packages_up_to=None, packages_up_to_regex=None, packages_above=None, packages_above_and_dependencies=None, packages_above_depth=None, packages_select_by_dep=None, packages_skip_by_dep=None, packages_skip_up_to=None, packages_select_build_failed=False, packages_skip_build_finished=False, packages_select_test_failures=False, packages_skip_test_passed=False, packages_select=['src/curvy_road'], packages_skip=None, packages_select_regex=None, packages_skip_regex=None, packages_start=None, packages_end=None, cmake_args=None, cmake_target=None, cmake_target_skip_unavailable=False, cmake_clean_cache=False, cmake_clean_first=False, cmake_force_configure=False, ament_cmake_args=None, catkin_cmake_args=None, catkin_skip_building_tests=False, mixin_files=None, mixin=None, verb_parser=<colcon_mixin.mixin.mixin_argument.MixinArgumentDecorator object at 0x14e655fbea40>, verb_extension=<colcon_core.verb.build.BuildVerb object at 0x14e656107970>, main=<bound method BuildVerb.main of <colcon_core.verb.build.BuildVerb object at 0x14e656107970>>, mixin_verb=('build',))
[0.272s] Level 1:colcon.colcon_core.package_discovery:discover_packages(colcon_meta) check parameters
[0.272s] Level 1:colcon.colcon_core.package_discovery:discover_packages(recursive) check parameters
[0.273s] Level 1:colcon.colcon_core.package_discovery:discover_packages(ignore) check parameters
[0.273s] Level 1:colcon.colcon_core.package_discovery:discover_packages(path) check parameters
[0.273s] Level 1:colcon.colcon_core.package_discovery:discover_packages(colcon_meta) discover
[0.273s] Level 1:colcon.colcon_core.package_discovery:discover_packages(recursive) discover
[0.273s] INFO:colcon.colcon_core.package_discovery:Crawling recursively for packages in '/mnt/home/leflarsa/autonomous-vehicle-project/ros2_ws'
[0.273s] Level 1:colcon.colcon_core.package_identification:_identify(.) by extensions ['ignore', 'ignore_ament_install']
[0.273s] Level 1:colcon.colcon_core.package_identification:_identify(.) by extension 'ignore'
[0.273s] Level 1:colcon.colcon_core.package_identification:_identify(.) by extension 'ignore_ament_install'
[0.273s] Level 1:colcon.colcon_core.package_identification:_identify(.) by extensions ['colcon_pkg']
[0.273s] Level 1:colcon.colcon_core.package_identification:_identify(.) by extension 'colcon_pkg'
[0.273s] Level 1:colcon.colcon_core.package_identification:_identify(.) by extensions ['colcon_meta']
[0.273s] Level 1:colcon.colcon_core.package_identification:_identify(.) by extension 'colcon_meta'
[0.273s] Level 1:colcon.colcon_core.package_identification:_identify(.) by extensions ['ros']
[0.273s] Level 1:colcon.colcon_core.package_identification:_identify(.) by extension 'ros'
[0.283s] Level 1:colcon.colcon_core.package_identification:_identify(.) by extensions ['cmake', 'python']
[0.283s] Level 1:colcon.colcon_core.package_identification:_identify(.) by extension 'cmake'
[0.283s] Level 1:colcon.colcon_core.package_identification:_identify(.) by extension 'python'
[0.284s] Level 1:colcon.colcon_core.package_identification:_identify(.) by extensions ['python_setup_py']
[0.284s] Level 1:colcon.colcon_core.package_identification:_identify(.) by extension 'python_setup_py'
[0.284s] Level 1:colcon.colcon_core.package_identification:_identify(build) by extensions ['ignore', 'ignore_ament_install']
[0.284s] Level 1:colcon.colcon_core.package_identification:_identify(build) by extension 'ignore'
[0.284s] Level 1:colcon.colcon_core.package_identification:_identify(build) ignored
[0.284s] Level 1:colcon.colcon_core.package_identification:_identify(config) by extensions ['ignore', 'ignore_ament_install']
[0.284s] Level 1:colcon.colcon_core.package_identification:_identify(config) by extension 'ignore'
[0.284s] Level 1:colcon.colcon_core.package_identification:_identify(config) by extension 'ignore_ament_install'
[0.285s] Level 1:colcon.colcon_core.package_identification:_identify(config) by extensions ['colcon_pkg']
[0.285s] Level 1:colcon.colcon_core.package_identification:_identify(config) by extension 'colcon_pkg'
[0.285s] Level 1:colcon.colcon_core.package_identification:_identify(config) by extensions ['colcon_meta']
[0.285s] Level 1:colcon.colcon_core.package_identification:_identify(config) by extension 'colcon_meta'
[0.285s] Level 1:colcon.colcon_core.package_identification:_identify(config) by extensions ['ros']
[0.285s] Level 1:colcon.colcon_core.package_identification:_identify(config) by extension 'ros'
[0.285s] Level 1:colcon.colcon_core.package_identification:_identify(config) by extensions ['cmake', 'python']
[0.285s] Level 1:colcon.colcon_core.package_identification:_identify(config) by extension 'cmake'
[0.285s] Level 1:colcon.colcon_core.package_identification:_identify(config) by extension 'python'
[0.285s] Level 1:colcon.colcon_core.package_identification:_identify(config) by extensions ['python_setup_py']
[0.285s] Level 1:colcon.colcon_core.package_identification:_identify(config) by extension 'python_setup_py'
[0.287s] Level 1:colcon.colcon_core.package_identification:_identify(install) by extensions ['ignore', 'ignore_ament_install']
[0.287s] Level 1:colcon.colcon_core.package_identification:_identify(install) by extension 'ignore'
[0.287s] Level 1:colcon.colcon_core.package_identification:_identify(install) ignored
[0.288s] Level 1:colcon.colcon_core.package_identification:_identify(launch) by extensions ['ignore', 'ignore_ament_install']
[0.288s] Level 1:colcon.colcon_core.package_identification:_identify(launch) by extension 'ignore'
[0.288s] Level 1:colcon.colcon_core.package_identification:_identify(launch) by extension 'ignore_ament_install'
[0.288s] Level 1:colcon.colcon_core.package_identification:_identify(launch) by extensions ['colcon_pkg']
[0.288s] Level 1:colcon.colcon_core.package_identification:_identify(launch) by extension 'colcon_pkg'
[0.288s] Level 1:colcon.colcon_core.package_identification:_identify(launch) by extensions ['colcon_meta']
[0.288s] Level 1:colcon.colcon_core.package_identification:_identify(launch) by extension 'colcon_meta'
[0.288s] Level 1:colcon.colcon_core.package_identification:_identify(launch) by extensions ['ros']
[0.288s] Level 1:colcon.colcon_core.package_identification:_identify(launch) by extension 'ros'
[0.288s] Level 1:colcon.colcon_core.package_identification:_identify(launch) by extensions ['cmake', 'python']
[0.288s] Level 1:colcon.colcon_core.package_identification:_identify(launch) by extension 'cmake'
[0.288s] Level 1:colcon.colcon_core.package_identification:_identify(launch) by extension 'python'
[0.288s] Level 1:colcon.colcon_core.package_identification:_identify(launch) by extensions ['python_setup_py']
[0.288s] Level 1:colcon.colcon_core.package_identification:_identify(launch) by extension 'python_setup_py'
[0.290s] Level 1:colcon.colcon_core.package_identification:_identify(log) by extensions ['ignore', 'ignore_ament_install']
[0.290s] Level 1:colcon.colcon_core.package_identification:_identify(log) by extension 'ignore'
[0.290s] Level 1:colcon.colcon_core.package_identification:_identify(log) ignored
[0.290s] Level 1:colcon.colcon_core.package_identification:_identify(src) by extensions ['ignore', 'ignore_ament_install']
[0.290s] Level 1:colcon.colcon_core.package_identification:_identify(src) by extension 'ignore'
[0.290s] Level 1:colcon.colcon_core.package_identification:_identify(src) by extension 'ignore_ament_install'
[0.290s] Level 1:colcon.colcon_core.package_identification:_identify(src) by extensions ['colcon_pkg']
[0.290s] Level 1:colcon.colcon_core.package_identification:_identify(src) by extension 'colcon_pkg'
[0.290s] Level 1:colcon.colcon_core.package_identification:_identify(src) by extensions ['colcon_meta']
[0.290s] Level 1:colcon.colcon_core.package_identification:_identify(src) by extension 'colcon_meta'
[0.290s] Level 1:colcon.colcon_core.package_identification:_identify(src) by extensions ['ros']
[0.290s] Level 1:colcon.colcon_core.package_identification:_identify(src) by extension 'ros'
[0.291s] Level 1:colcon.colcon_core.package_identification:_identify(src) by extensions ['cmake', 'python']
[0.291s] Level 1:colcon.colcon_core.package_identification:_identify(src) by extension 'cmake'
[0.291s] Level 1:colcon.colcon_core.package_identification:_identify(src) by extension 'python'
[0.291s] Level 1:colcon.colcon_core.package_identification:_identify(src) by extensions ['python_setup_py']
[0.291s] Level 1:colcon.colcon_core.package_identification:_identify(src) by extension 'python_setup_py'
[0.291s] Level 1:colcon.colcon_core.package_identification:_identify(src/control_pure_pursuit_node) by extensions ['ignore', 'ignore_ament_install']
[0.291s] Level 1:colcon.colcon_core.package_identification:_identify(src/control_pure_pursuit_node) by extension 'ignore'
[0.291s] Level 1:colcon.colcon_core.package_identification:_identify(src/control_pure_pursuit_node) by extension 'ignore_ament_install'
[0.291s] Level 1:colcon.colcon_core.package_identification:_identify(src/control_pure_pursuit_node) by extensions ['colcon_pkg']
[0.291s] Level 1:colcon.colcon_core.package_identification:_identify(src/control_pure_pursuit_node) by extension 'colcon_pkg'
[0.291s] Level 1:colcon.colcon_core.package_identification:_identify(src/control_pure_pursuit_node) by extensions ['colcon_meta']
[0.291s] Level 1:colcon.colcon_core.package_identification:_identify(src/control_pure_pursuit_node) by extension 'colcon_meta'
[0.291s] Level 1:colcon.colcon_core.package_identification:_identify(src/control_pure_pursuit_node) by extensions ['ros']
[0.291s] Level 1:colcon.colcon_core.package_identification:_identify(src/control_pure_pursuit_node) by extension 'ros'
[0.291s] Level 1:colcon.colcon_core.package_identification:_identify(src/control_pure_pursuit_node) by extensions ['cmake', 'python']
[0.291s] Level 1:colcon.colcon_core.package_identification:_identify(src/control_pure_pursuit_node) by extension 'cmake'
[0.291s] Level 1:colcon.colcon_core.package_identification:_identify(src/control_pure_pursuit_node) by extension 'python'
[0.291s] Level 1:colcon.colcon_core.package_identification:_identify(src/control_pure_pursuit_node) by extensions ['python_setup_py']
[0.291s] Level 1:colcon.colcon_core.package_identification:_identify(src/control_pure_pursuit_node) by extension 'python_setup_py'
[0.292s] Level 1:colcon.colcon_core.package_identification:_identify(src/curvy_road) by extensions ['ignore', 'ignore_ament_install']
[0.292s] Level 1:colcon.colcon_core.package_identification:_identify(src/curvy_road) by extension 'ignore'
[0.292s] Level 1:colcon.colcon_core.package_identification:_identify(src/curvy_road) by extension 'ignore_ament_install'
[0.292s] Level 1:colcon.colcon_core.package_identification:_identify(src/curvy_road) by extensions ['colcon_pkg']
[0.292s] Level 1:colcon.colcon_core.package_identification:_identify(src/curvy_road) by extension 'colcon_pkg'
[0.292s] Level 1:colcon.colcon_core.package_identification:_identify(src/curvy_road) by extensions ['colcon_meta']
[0.292s] Level 1:colcon.colcon_core.package_identification:_identify(src/curvy_road) by extension 'colcon_meta'
[0.292s] Level 1:colcon.colcon_core.package_identification:_identify(src/curvy_road) by extensions ['ros']
[0.292s] Level 1:colcon.colcon_core.package_identification:_identify(src/curvy_road) by extension 'ros'
[0.295s] DEBUG:colcon.colcon_core.package_identification:Package 'src/curvy_road' with type 'ros.ament_cmake' and name 'curvy_road'
[0.296s] Level 1:colcon.colcon_core.package_identification:_identify(src/localization_ekf_node) by extensions ['ignore', 'ignore_ament_install']
[0.296s] Level 1:colcon.colcon_core.package_identification:_identify(src/localization_ekf_node) by extension 'ignore'
[0.296s] Level 1:colcon.colcon_core.package_identification:_identify(src/localization_ekf_node) by extension 'ignore_ament_install'
[0.296s] Level 1:colcon.colcon_core.package_identification:_identify(src/localization_ekf_node) by extensions ['colcon_pkg']
[0.296s] Level 1:colcon.colcon_core.package_identification:_identify(src/localization_ekf_node) by extension 'colcon_pkg'
[0.296s] Level 1:colcon.colcon_core.package_identification:_identify(src/localization_ekf_node) by extensions ['colcon_meta']
[0.296s] Level 1:colcon.colcon_core.package_identification:_identify(src/localization_ekf_node) by extension 'colcon_meta'
[0.296s] Level 1:colcon.colcon_core.package_identification:_identify(src/localization_ekf_node) by extensions ['ros']
[0.296s] Level 1:colcon.colcon_core.package_identification:_identify(src/localization_ekf_node) by extension 'ros'
[0.296s] Level 1:colcon.colcon_core.package_identification:_identify(src/localization_ekf_node) by extensions ['cmake', 'python']
[0.296s] Level 1:colcon.colcon_core.package_identification:_identify(src/localization_ekf_node) by extension 'cmake'
[0.296s] Level 1:colcon.colcon_core.package_identification:_identify(src/localization_ekf_node) by extension 'python'
[0.296s] Level 1:colcon.colcon_core.package_identification:_identify(src/localization_ekf_node) by extensions ['python_setup_py']
[0.296s] Level 1:colcon.colcon_core.package_identification:_identify(src/localization_ekf_node) by extension 'python_setup_py'
[0.297s] Level 1:colcon.colcon_core.package_identification:_identify(src/localization_orb_slam_vio_node) by extensions ['ignore', 'ignore_ament_install']
[0.297s] Level 1:colcon.colcon_core.package_identification:_identify(src/localization_orb_slam_vio_node) by extension 'ignore'
[0.297s] Level 1:colcon.colcon_core.package_identification:_identify(src/localization_orb_slam_vio_node) by extension 'ignore_ament_install'
[0.297s] Level 1:colcon.colcon_core.package_identification:_identify(src/localization_orb_slam_vio_node) by extensions ['colcon_pkg']
[0.297s] Level 1:colcon.colcon_core.package_identification:_identify(src/localization_orb_slam_vio_node) by extension 'colcon_pkg'
[0.297s] Level 1:colcon.colcon_core.package_identification:_identify(src/localization_orb_slam_vio_node) by extensions ['colcon_meta']
[0.297s] Level 1:colcon.colcon_core.package_identification:_identify(src/localization_orb_slam_vio_node) by extension 'colcon_meta'
[0.297s] Level 1:colcon.colcon_core.package_identification:_identify(src/localization_orb_slam_vio_node) by extensions ['ros']
[0.297s] Level 1:colcon.colcon_core.package_identification:_identify(src/localization_orb_slam_vio_node) by extension 'ros'
[0.297s] Level 1:colcon.colcon_core.package_identification:_identify(src/localization_orb_slam_vio_node) by extensions ['cmake', 'python']
[0.297s] Level 1:colcon.colcon_core.package_identification:_identify(src/localization_orb_slam_vio_node) by extension 'cmake'
[0.297s] Level 1:colcon.colcon_core.package_identification:_identify(src/localization_orb_slam_vio_node) by extension 'python'
[0.297s] Level 1:colcon.colcon_core.package_identification:_identify(src/localization_orb_slam_vio_node) by extensions ['python_setup_py']
[0.297s] Level 1:colcon.colcon_core.package_identification:_identify(src/localization_orb_slam_vio_node) by extension 'python_setup_py'
[0.297s] Level 1:colcon.colcon_core.package_identification:_identify(src/perception_fusion_node) by extensions ['ignore', 'ignore_ament_install']
[0.297s] Level 1:colcon.colcon_core.package_identification:_identify(src/perception_fusion_node) by extension 'ignore'
[0.298s] Level 1:colcon.colcon_core.package_identification:_identify(src/perception_fusion_node) by extension 'ignore_ament_install'
[0.298s] Level 1:colcon.colcon_core.package_identification:_identify(src/perception_fusion_node) by extensions ['colcon_pkg']
[0.298s] Level 1:colcon.colcon_core.package_identification:_identify(src/perception_fusion_node) by extension 'colcon_pkg'
[0.298s] Level 1:colcon.colcon_core.package_identification:_identify(src/perception_fusion_node) by extensions ['colcon_meta']
[0.298s] Level 1:colcon.colcon_core.package_identification:_identify(src/perception_fusion_node) by extension 'colcon_meta'
[0.298s] Level 1:colcon.colcon_core.package_identification:_identify(src/perception_fusion_node) by extensions ['ros']
[0.298s] Level 1:colcon.colcon_core.package_identification:_identify(src/perception_fusion_node) by extension 'ros'
[0.298s] Level 1:colcon.colcon_core.package_identification:_identify(src/perception_fusion_node) by extensions ['cmake', 'python']
[0.298s] Level 1:colcon.colcon_core.package_identification:_identify(src/perception_fusion_node) by extension 'cmake'
[0.298s] Level 1:colcon.colcon_core.package_identification:_identify(src/perception_fusion_node) by extension 'python'
[0.298s] Level 1:colcon.colcon_core.package_identification:_identify(src/perception_fusion_node) by extensions ['python_setup_py']
[0.298s] Level 1:colcon.colcon_core.package_identification:_identify(src/perception_fusion_node) by extension 'python_setup_py'
[0.298s] Level 1:colcon.colcon_core.package_identification:_identify(src/perception_ml_node) by extensions ['ignore', 'ignore_ament_install']
[0.298s] Level 1:colcon.colcon_core.package_identification:_identify(src/perception_ml_node) by extension 'ignore'
[0.298s] Level 1:colcon.colcon_core.package_identification:_identify(src/perception_ml_node) by extension 'ignore_ament_install'
[0.298s] Level 1:colcon.colcon_core.package_identification:_identify(src/perception_ml_node) by extensions ['colcon_pkg']
[0.298s] Level 1:colcon.colcon_core.package_identification:_identify(src/perception_ml_node) by extension 'colcon_pkg'
[0.298s] Level 1:colcon.colcon_core.package_identification:_identify(src/perception_ml_node) by extensions ['colcon_meta']
[0.298s] Level 1:colcon.colcon_core.package_identification:_identify(src/perception_ml_node) by extension 'colcon_meta'
[0.298s] Level 1:colcon.colcon_core.package_identification:_identify(src/perception_ml_node) by extensions ['ros']
[0.298s] Level 1:colcon.colcon_core.package_identification:_identify(src/perception_ml_node) by extension 'ros'
[0.300s] DEBUG:colcon.colcon_core.package_identification:Package 'src/perception_ml_node' with type 'ros.catkin' and name 'perception_ml_node'
[0.300s] Level 1:colcon.colcon_core.package_identification:_identify(src/perception_sync_node) by extensions ['ignore', 'ignore_ament_install']
[0.300s] Level 1:colcon.colcon_core.package_identification:_identify(src/perception_sync_node) by extension 'ignore'
[0.300s] Level 1:colcon.colcon_core.package_identification:_identify(src/perception_sync_node) by extension 'ignore_ament_install'
[0.300s] Level 1:colcon.colcon_core.package_identification:_identify(src/perception_sync_node) by extensions ['colcon_pkg']
[0.300s] Level 1:colcon.colcon_core.package_identification:_identify(src/perception_sync_node) by extension 'colcon_pkg'
[0.300s] Level 1:colcon.colcon_core.package_identification:_identify(src/perception_sync_node) by extensions ['colcon_meta']
[0.300s] Level 1:colcon.colcon_core.package_identification:_identify(src/perception_sync_node) by extension 'colcon_meta'
[0.300s] Level 1:colcon.colcon_core.package_identification:_identify(src/perception_sync_node) by extensions ['ros']
[0.300s] Level 1:colcon.colcon_core.package_identification:_identify(src/perception_sync_node) by extension 'ros'
[0.301s] DEBUG:colcon.colcon_core.package_identification:Failed to parse potential ROS package manifest in'src/perception_sync_node': Error(s) in package 'src/perception_sync_node/package.xml':
The manifest contains invalid XML:
not well-formed (invalid token): line 6, column 36
[0.301s] Level 1:colcon.colcon_core.package_identification:_identify(src/perception_sync_node) by extensions ['cmake', 'python']
[0.301s] Level 1:colcon.colcon_core.package_identification:_identify(src/perception_sync_node) by extension 'cmake'
[0.301s] Level 1:colcon.colcon_core.package_identification:_identify(src/perception_sync_node) by extension 'python'
[0.302s] DEBUG:colcon.colcon_core.package_identification:Python package in 'src/perception_sync_node' passes arguments to the setup() function which requires a different identification extension than 'python'
[0.302s] Level 1:colcon.colcon_core.package_identification:_identify(src/perception_sync_node) by extensions ['python_setup_py']
[0.302s] Level 1:colcon.colcon_core.package_identification:_identify(src/perception_sync_node) by extension 'python_setup_py'
[0.545s] DEBUG:colcon.colcon_core.package_identification:Package 'src/perception_sync_node' with type 'python' and name 'perception_sync_node'
[0.545s] Level 1:colcon.colcon_core.package_identification:_identify(src/planning_global_planner_node) by extensions ['ignore', 'ignore_ament_install']
[0.545s] Level 1:colcon.colcon_core.package_identification:_identify(src/planning_global_planner_node) by extension 'ignore'
[0.545s] Level 1:colcon.colcon_core.package_identification:_identify(src/planning_global_planner_node) by extension 'ignore_ament_install'
[0.545s] Level 1:colcon.colcon_core.package_identification:_identify(src/planning_global_planner_node) by extensions ['colcon_pkg']
[0.545s] Level 1:colcon.colcon_core.package_identification:_identify(src/planning_global_planner_node) by extension 'colcon_pkg'
[0.545s] Level 1:colcon.colcon_core.package_identification:_identify(src/planning_global_planner_node) by extensions ['colcon_meta']
[0.545s] Level 1:colcon.colcon_core.package_identification:_identify(src/planning_global_planner_node) by extension 'colcon_meta'
[0.545s] Level 1:colcon.colcon_core.package_identification:_identify(src/planning_global_planner_node) by extensions ['ros']
[0.545s] Level 1:colcon.colcon_core.package_identification:_identify(src/planning_global_planner_node) by extension 'ros'
[0.545s] Level 1:colcon.colcon_core.package_identification:_identify(src/planning_global_planner_node) by extensions ['cmake', 'python']
[0.546s] Level 1:colcon.colcon_core.package_identification:_identify(src/planning_global_planner_node) by extension 'cmake'
[0.546s] Level 1:colcon.colcon_core.package_identification:_identify(src/planning_global_planner_node) by extension 'python'
[0.546s] Level 1:colcon.colcon_core.package_identification:_identify(src/planning_global_planner_node) by extensions ['python_setup_py']
[0.546s] Level 1:colcon.colcon_core.package_identification:_identify(src/planning_global_planner_node) by extension 'python_setup_py'
[0.546s] Level 1:colcon.colcon_core.package_identification:_identify(src/sensors_camera_node) by extensions ['ignore', 'ignore_ament_install']
[0.546s] Level 1:colcon.colcon_core.package_identification:_identify(src/sensors_camera_node) by extension 'ignore'
[0.546s] Level 1:colcon.colcon_core.package_identification:_identify(src/sensors_camera_node) by extension 'ignore_ament_install'
[0.546s] Level 1:colcon.colcon_core.package_identification:_identify(src/sensors_camera_node) by extensions ['colcon_pkg']
[0.546s] Level 1:colcon.colcon_core.package_identification:_identify(src/sensors_camera_node) by extension 'colcon_pkg'
[0.546s] Level 1:colcon.colcon_core.package_identification:_identify(src/sensors_camera_node) by extensions ['colcon_meta']
[0.546s] Level 1:colcon.colcon_core.package_identification:_identify(src/sensors_camera_node) by extension 'colcon_meta'
[0.546s] Level 1:colcon.colcon_core.package_identification:_identify(src/sensors_camera_node) by extensions ['ros']
[0.546s] Level 1:colcon.colcon_core.package_identification:_identify(src/sensors_camera_node) by extension 'ros'
[0.548s] DEBUG:colcon.colcon_core.package_identification:Package 'src/sensors_camera_node' with type 'ros.catkin' and name 'sensors_camera_node'
[0.548s] Level 1:colcon.colcon_core.package_identification:_identify(src/sensors_imu_bridge) by extensions ['ignore', 'ignore_ament_install']
[0.548s] Level 1:colcon.colcon_core.package_identification:_identify(src/sensors_imu_bridge) by extension 'ignore'
[0.548s] Level 1:colcon.colcon_core.package_identification:_identify(src/sensors_imu_bridge) by extension 'ignore_ament_install'
[0.548s] Level 1:colcon.colcon_core.package_identification:_identify(src/sensors_imu_bridge) by extensions ['colcon_pkg']
[0.548s] Level 1:colcon.colcon_core.package_identification:_identify(src/sensors_imu_bridge) by extension 'colcon_pkg'
[0.548s] Level 1:colcon.colcon_core.package_identification:_identify(src/sensors_imu_bridge) by extensions ['colcon_meta']
[0.548s] Level 1:colcon.colcon_core.package_identification:_identify(src/sensors_imu_bridge) by extension 'colcon_meta'
[0.548s] Level 1:colcon.colcon_core.package_identification:_identify(src/sensors_imu_bridge) by extensions ['ros']
[0.548s] Level 1:colcon.colcon_core.package_identification:_identify(src/sensors_imu_bridge) by extension 'ros'
[0.549s] DEBUG:colcon.colcon_core.package_identification:Package 'src/sensors_imu_bridge' with type 'ros.catkin' and name 'sensors_imu_bridge'
[0.550s] Level 1:colcon.colcon_core.package_identification:_identify(src/sensors_lidar_bridge) by extensions ['ignore', 'ignore_ament_install']
[0.550s] Level 1:colcon.colcon_core.package_identification:_identify(src/sensors_lidar_bridge) by extension 'ignore'
[0.550s] Level 1:colcon.colcon_core.package_identification:_identify(src/sensors_lidar_bridge) by extension 'ignore_ament_install'
[0.550s] Level 1:colcon.colcon_core.package_identification:_identify(src/sensors_lidar_bridge) by extensions ['colcon_pkg']
[0.550s] Level 1:colcon.colcon_core.package_identification:_identify(src/sensors_lidar_bridge) by extension 'colcon_pkg'
[0.550s] Level 1:colcon.colcon_core.package_identification:_identify(src/sensors_lidar_bridge) by extensions ['colcon_meta']
[0.550s] Level 1:colcon.colcon_core.package_identification:_identify(src/sensors_lidar_bridge) by extension 'colcon_meta'
[0.550s] Level 1:colcon.colcon_core.package_identification:_identify(src/sensors_lidar_bridge) by extensions ['ros']
[0.550s] Level 1:colcon.colcon_core.package_identification:_identify(src/sensors_lidar_bridge) by extension 'ros'
[0.551s] DEBUG:colcon.colcon_core.package_identification:Package 'src/sensors_lidar_bridge' with type 'ros.catkin' and name 'sensors_lidar_bridge'
[0.551s] Level 1:colcon.colcon_core.package_identification:_identify(src/tools_bag_recorder) by extensions ['ignore', 'ignore_ament_install']
[0.551s] Level 1:colcon.colcon_core.package_identification:_identify(src/tools_bag_recorder) by extension 'ignore'
[0.551s] Level 1:colcon.colcon_core.package_identification:_identify(src/tools_bag_recorder) by extension 'ignore_ament_install'
[0.552s] Level 1:colcon.colcon_core.package_identification:_identify(src/tools_bag_recorder) by extensions ['colcon_pkg']
[0.552s] Level 1:colcon.colcon_core.package_identification:_identify(src/tools_bag_recorder) by extension 'colcon_pkg'
[0.552s] Level 1:colcon.colcon_core.package_identification:_identify(src/tools_bag_recorder) by extensions ['colcon_meta']
[0.552s] Level 1:colcon.colcon_core.package_identification:_identify(src/tools_bag_recorder) by extension 'colcon_meta'
[0.552s] Level 1:colcon.colcon_core.package_identification:_identify(src/tools_bag_recorder) by extensions ['ros']
[0.552s] Level 1:colcon.colcon_core.package_identification:_identify(src/tools_bag_recorder) by extension 'ros'
[0.552s] Level 1:colcon.colcon_core.package_identification:_identify(src/tools_bag_recorder) by extensions ['cmake', 'python']
[0.552s] Level 1:colcon.colcon_core.package_identification:_identify(src/tools_bag_recorder) by extension 'cmake'
[0.552s] Level 1:colcon.colcon_core.package_identification:_identify(src/tools_bag_recorder) by extension 'python'
[0.552s] Level 1:colcon.colcon_core.package_identification:_identify(src/tools_bag_recorder) by extensions ['python_setup_py']
[0.552s] Level 1:colcon.colcon_core.package_identification:_identify(src/tools_bag_recorder) by extension 'python_setup_py'
[0.552s] Level 1:colcon.colcon_core.package_identification:_identify(src/viz_rviz) by extensions ['ignore', 'ignore_ament_install']
[0.552s] Level 1:colcon.colcon_core.package_identification:_identify(src/viz_rviz) by extension 'ignore'
[0.552s] Level 1:colcon.colcon_core.package_identification:_identify(src/viz_rviz) by extension 'ignore_ament_install'
[0.552s] Level 1:colcon.colcon_core.package_identification:_identify(src/viz_rviz) by extensions ['colcon_pkg']
[0.552s] Level 1:colcon.colcon_core.package_identification:_identify(src/viz_rviz) by extension 'colcon_pkg'
[0.552s] Level 1:colcon.colcon_core.package_identification:_identify(src/viz_rviz) by extensions ['colcon_meta']
[0.552s] Level 1:colcon.colcon_core.package_identification:_identify(src/viz_rviz) by extension 'colcon_meta'
[0.552s] Level 1:colcon.colcon_core.package_identification:_identify(src/viz_rviz) by extensions ['ros']
[0.552s] Level 1:colcon.colcon_core.package_identification:_identify(src/viz_rviz) by extension 'ros'
[0.552s] Level 1:colcon.colcon_core.package_identification:_identify(src/viz_rviz) by extensions ['cmake', 'python']
[0.553s] Level 1:colcon.colcon_core.package_identification:_identify(src/viz_rviz) by extension 'cmake'
[0.553s] Level 1:colcon.colcon_core.package_identification:_identify(src/viz_rviz) by extension 'python'
[0.553s] Level 1:colcon.colcon_core.package_identification:_identify(src/viz_rviz) by extensions ['python_setup_py']
[0.553s] Level 1:colcon.colcon_core.package_identification:_identify(src/viz_rviz) by extension 'python_setup_py'
[0.553s] Level 1:colcon.colcon_core.package_identification:_identify(test) by extensions ['ignore', 'ignore_ament_install']
[0.553s] Level 1:colcon.colcon_core.package_identification:_identify(test) by extension 'ignore'
[0.553s] Level 1:colcon.colcon_core.package_identification:_identify(test) by extension 'ignore_ament_install'
[0.553s] Level 1:colcon.colcon_core.package_identification:_identify(test) by extensions ['colcon_pkg']
[0.553s] Level 1:colcon.colcon_core.package_identification:_identify(test) by extension 'colcon_pkg'
[0.553s] Level 1:colcon.colcon_core.package_identification:_identify(test) by extensions ['colcon_meta']
[0.553s] Level 1:colcon.colcon_core.package_identification:_identify(test) by extension 'colcon_meta'
[0.553s] Level 1:colcon.colcon_core.package_identification:_identify(test) by extensions ['ros']
[0.553s] Level 1:colcon.colcon_core.package_identification:_identify(test) by extension 'ros'
[0.553s] Level 1:colcon.colcon_core.package_identification:_identify(test) by extensions ['cmake', 'python']
[0.553s] Level 1:colcon.colcon_core.package_identification:_identify(test) by extension 'cmake'
[0.553s] Level 1:colcon.colcon_core.package_identification:_identify(test) by extension 'python'
[0.553s] Level 1:colcon.colcon_core.package_identification:_identify(test) by extensions ['python_setup_py']
[0.553s] Level 1:colcon.colcon_core.package_identification:_identify(test) by extension 'python_setup_py'
[0.553s] Level 1:colcon.colcon_core.package_discovery:discover_packages(recursive) using defaults
[0.554s] Level 1:colcon.colcon_core.package_discovery:discover_packages(ignore) discover
[0.554s] Level 1:colcon.colcon_core.package_discovery:discover_packages(ignore) using defaults
[0.554s] Level 1:colcon.colcon_core.package_discovery:discover_packages(path) discover
[0.554s] Level 1:colcon.colcon_core.package_discovery:discover_packages(path) using defaults
[0.554s] WARNING:colcon.colcon_core.package_selection:ignoring unknown package 'src/curvy_road' in --packages-select
[0.582s] INFO:colcon.colcon_core.package_selection:Skipping not selected package 'curvy_road' in 'src/curvy_road'
[0.582s] INFO:colcon.colcon_core.package_selection:Skipping not selected package 'perception_ml_node' in 'src/perception_ml_node'
[0.582s] INFO:colcon.colcon_core.package_selection:Skipping not selected package 'perception_sync_node' in 'src/perception_sync_node'
[0.582s] INFO:colcon.colcon_core.package_selection:Skipping not selected package 'sensors_camera_node' in 'src/sensors_camera_node'
[0.582s] INFO:colcon.colcon_core.package_selection:Skipping not selected package 'sensors_imu_bridge' in 'src/sensors_imu_bridge'
[0.582s] INFO:colcon.colcon_core.package_selection:Skipping not selected package 'sensors_lidar_bridge' in 'src/sensors_lidar_bridge'
[0.582s] INFO:colcon.colcon_core.executor:Executing jobs using 'parallel' executor
[0.583s] DEBUG:colcon.colcon_parallel_executor.executor.parallel:run_until_complete
[0.583s] DEBUG:colcon.colcon_parallel_executor.executor.parallel:closing loop
[0.583s] DEBUG:colcon.colcon_parallel_executor.executor.parallel:loop closed
[0.583s] DEBUG:colcon.colcon_parallel_executor.executor.parallel:run_until_complete finished with '0'
[0.583s] DEBUG:colcon.colcon_core.event_reactor:joining thread
[0.589s] INFO:colcon.colcon_core.plugin_system:Skipping extension 'colcon_notification.desktop_notification.notify_send': Could not find 'notify-send'
[0.589s] INFO:colcon.colcon_core.plugin_system:Skipping extension 'colcon_notification.desktop_notification.terminal_notifier': Not used on non-Darwin systems
[0.589s] INFO:colcon.colcon_core.plugin_system:Skipping extension 'colcon_notification.desktop_notification.win32': Not used on non-Windows systems
[0.590s] INFO:colcon.colcon_notification.desktop_notification:Sending desktop notification using 'notify2'
[0.601s] DEBUG:colcon.colcon_core.event_reactor:joined thread
[0.603s] INFO:colcon.colcon_core.plugin_system:Skipping extension 'colcon_core.shell.bat': Not used on non-Windows systems
[0.603s] INFO:colcon.colcon_core.shell:Creating prefix script '/mnt/home/leflarsa/autonomous-vehicle-project/ros2_ws/install/local_setup.ps1'
[0.607s] INFO:colcon.colcon_core.shell:Creating prefix util module '/mnt/home/leflarsa/autonomous-vehicle-project/ros2_ws/install/_local_setup_util_ps1.py'
[0.611s] INFO:colcon.colcon_core.shell:Creating prefix chain script '/mnt/home/leflarsa/autonomous-vehicle-project/ros2_ws/install/setup.ps1'
[0.615s] INFO:colcon.colcon_core.shell:Creating prefix script '/mnt/home/leflarsa/autonomous-vehicle-project/ros2_ws/install/local_setup.sh'
[0.618s] INFO:colcon.colcon_core.shell:Creating prefix util module '/mnt/home/leflarsa/autonomous-vehicle-project/ros2_ws/install/_local_setup_util_sh.py'
[0.621s] INFO:colcon.colcon_core.shell:Creating prefix chain script '/mnt/home/leflarsa/autonomous-vehicle-project/ros2_ws/install/setup.sh'
[0.624s] INFO:colcon.colcon_core.shell:Creating prefix script '/mnt/home/leflarsa/autonomous-vehicle-project/ros2_ws/install/local_setup.bash'
[0.628s] INFO:colcon.colcon_core.shell:Creating prefix chain script '/mnt/home/leflarsa/autonomous-vehicle-project/ros2_ws/install/setup.bash'
[0.631s] INFO:colcon.colcon_core.shell:Creating prefix script '/mnt/home/leflarsa/autonomous-vehicle-project/ros2_ws/install/local_setup.zsh'
[0.638s] INFO:colcon.colcon_core.shell:Creating prefix chain script '/mnt/home/leflarsa/autonomous-vehicle-project/ros2_ws/install/setup.zsh'
