[2.596s] Invoking command in '/home/eceteam4/ECE480Team4/build/sensors_lidar_bridge': PYTHONPATH=/home/eceteam4/ECE480Team4/build/sensors_lidar_bridge/prefix_override:/usr/lib/python3/dist-packages/colcon_core/task/python/colcon_distutils_commands:/home/eceteam4/ECE480Team4/install/sensors_lidar_bridge/lib/python3.10/site-packages:${PYTHONPATH} /usr/bin/python3 -W ignore:setup.py install is deprecated -W ignore:easy_install command is deprecated setup.py develop --editable --build-directory /home/eceteam4/ECE480Team4/build/sensors_lidar_bridge/build --no-deps symlink_data
[3.194s] running develop
[3.619s] running egg_info
[3.620s] creating sensors_lidar_bridge.egg-info
[3.621s] writing sensors_lidar_bridge.egg-info/PKG-INFO
[3.622s] writing dependency_links to sensors_lidar_bridge.egg-info/dependency_links.txt
[3.622s] writing entry points to sensors_lidar_bridge.egg-info/entry_points.txt
[3.623s] writing requirements to sensors_lidar_bridge.egg-info/requires.txt
[3.623s] writing top-level names to sensors_lidar_bridge.egg-info/top_level.txt
[3.624s] writing manifest file 'sensors_lidar_bridge.egg-info/SOURCES.txt'
[3.629s] reading manifest file 'sensors_lidar_bridge.egg-info/SOURCES.txt'
[3.631s] writing manifest file 'sensors_lidar_bridge.egg-info/SOURCES.txt'
[3.637s] running build_ext
[3.638s] Creating /home/eceteam4/ECE480Team4/install/sensors_lidar_bridge/lib/python3.10/site-packages/sensors-lidar-bridge.egg-link (link to .)
[3.641s] Installing sensors_lidar_bridge script to /home/eceteam4/ECE480Team4/install/sensors_lidar_bridge/lib/sensors_lidar_bridge
[3.641s] 
[3.642s] Installed /home/eceteam4/ECE480Team4/build/sensors_lidar_bridge
[3.642s] running symlink_data
[3.642s] creating /home/eceteam4/ECE480Team4/install/sensors_lidar_bridge/share/ament_index
[3.642s] creating /home/eceteam4/ECE480Team4/install/sensors_lidar_bridge/share/ament_index/resource_index
[3.643s] creating /home/eceteam4/ECE480Team4/install/sensors_lidar_bridge/share/ament_index/resource_index/packages
[3.643s] symbolically linking /home/eceteam4/ECE480Team4/build/sensors_lidar_bridge/resource/sensors_lidar_bridge -> /home/eceteam4/ECE480Team4/install/sensors_lidar_bridge/share/ament_index/resource_index/packages
[3.643s] symbolically linking /home/eceteam4/ECE480Team4/build/sensors_lidar_bridge/package.xml -> /home/eceteam4/ECE480Team4/install/sensors_lidar_bridge/share/sensors_lidar_bridge
[3.644s] creating /home/eceteam4/ECE480Team4/install/sensors_lidar_bridge/share/sensors_lidar_bridge/launch
[3.644s] symbolically linking /home/eceteam4/ECE480Team4/build/sensors_lidar_bridge/launch/lidar.launch.py -> /home/eceteam4/ECE480Team4/install/sensors_lidar_bridge/share/sensors_lidar_bridge/launch
[3.782s] Invoked command in '/home/eceteam4/ECE480Team4/build/sensors_lidar_bridge' returned '0': PYTHONPATH=/home/eceteam4/ECE480Team4/build/sensors_lidar_bridge/prefix_override:/usr/lib/python3/dist-packages/colcon_core/task/python/colcon_distutils_commands:/home/eceteam4/ECE480Team4/install/sensors_lidar_bridge/lib/python3.10/site-packages:${PYTHONPATH} /usr/bin/python3 -W ignore:setup.py install is deprecated -W ignore:easy_install command is deprecated setup.py develop --editable --build-directory /home/eceteam4/ECE480Team4/build/sensors_lidar_bridge/build --no-deps symlink_data
