[0.145s] Invoking command in '/mnt/home/leflarsa/autonomous-vehicle-project/ros2_ws/src/build/curvy_road': CMAKE_PREFIX_PATH=/opt/ros/humble PS1=humble:\u@\h:\w\$ /usr/bin/cmake /mnt/home/leflarsa/autonomous-vehicle-project/ros2_ws/src/curvy_road -DAMENT_CMAKE_SYMLINK_INSTALL=1 -DCMAKE_INSTALL_PREFIX=/mnt/home/leflarsa/autonomous-vehicle-project/ros2_ws/src/install/curvy_road
[0.476s] -- The C compiler identification is GNU 11.4.0
[0.476s] -- The CXX compiler identification is GNU 11.4.0
[0.476s] -- Detecting C compiler ABI info
[0.545s] -- Detecting C compiler ABI info - done
[0.570s] -- Check for working C compiler: /usr/bin/cc - skipped
[0.570s] -- Detecting C compile features
[0.571s] -- Detecting C compile features - done
[0.602s] -- Detecting CXX compiler ABI info
[0.794s] -- Detecting CXX compiler ABI info - done
[0.815s] -- Check for working CXX compiler: /usr/bin/c++ - skipped
[0.815s] -- Detecting CXX compile features
[0.815s] -- Detecting CXX compile features - done
[0.829s] -- Found ament_cmake: 1.3.12 (/opt/ros/humble/share/ament_cmake/cmake)
[0.976s] -- Found Python3: /usr/bin/python3 (found version "3.10.12") found components: Interpreter 
[1.062s] -- Override CMake install command with custom implementation using symlinks instead of copying resources
[1.146s] -- Found PkgConfig: /usr/bin/pkg-config (found version "0.29.2") 
[1.150s] -- Checking for module 'bullet>=2.82'
[1.162s] --   Found bullet, version 3.05
[1.269s] -- Found fcl: /usr/include (found suitable version "0.7.0", minimum required is "0.5.0") 
[1.314s] -- Found assimp: /usr/include (found version "5.2.0") 
[1.340s] -- Found DART: /usr/include (Required is at least version "6.6") found components: dart 
[1.799s] -- Found Boost: /usr/lib/x86_64-linux-gnu/cmake/Boost-1.74.0/BoostConfig.cmake (found suitable version "1.74.0", minimum required is "1.40.0") found components: thread system filesystem program_options regex iostreams date_time 
[1.813s] -- Found Protobuf: /usr/lib/x86_64-linux-gnu/libprotobuf.so (found version "3.12.4") 
[1.821s] -- Looking for ignition-math6 -- found version 6.15.1
[1.829s] -- Searching for dependencies of ignition-math6
[1.830s] -- Looking for OGRE...
[1.831s] -- OGRE_PREFIX_WATCH changed.
[1.836s] -- Checking for module 'OGRE'
[1.848s] --   Found OGRE, version 1.9.0
[1.878s] -- Found Ogre Ghadamon (1.9.0)
[1.886s] -- Found OGRE: optimized;/usr/lib/x86_64-linux-gnu/libOgreMain.so;debug;/usr/lib/x86_64-linux-gnu/libOgreMain.so
[1.896s] -- Looking for OGRE_Paging...
[1.899s] -- Found OGRE_Paging: optimized;/usr/lib/x86_64-linux-gnu/libOgrePaging.so;debug;/usr/lib/x86_64-linux-gnu/libOgrePaging.so
[1.899s] -- Looking for OGRE_Terrain...
[1.903s] -- Found OGRE_Terrain: optimized;/usr/lib/x86_64-linux-gnu/libOgreTerrain.so;debug;/usr/lib/x86_64-linux-gnu/libOgreTerrain.so
[1.903s] -- Looking for OGRE_Property...
[1.907s] -- Found OGRE_Property: optimized;/usr/lib/x86_64-linux-gnu/libOgreProperty.so;debug;/usr/lib/x86_64-linux-gnu/libOgreProperty.so
[1.907s] -- Looking for OGRE_RTShaderSystem...
[1.910s] -- Found OGRE_RTShaderSystem: optimized;/usr/lib/x86_64-linux-gnu/libOgreRTShaderSystem.so;debug;/usr/lib/x86_64-linux-gnu/libOgreRTShaderSystem.so
[1.910s] -- Looking for OGRE_Volume...
[1.914s] -- Found OGRE_Volume: optimized;/usr/lib/x86_64-linux-gnu/libOgreVolume.so;debug;/usr/lib/x86_64-linux-gnu/libOgreVolume.so
[1.914s] -- Looking for OGRE_Overlay...
[1.917s] -- Found OGRE_Overlay: optimized;/usr/lib/x86_64-linux-gnu/libOgreOverlay.so;debug;/usr/lib/x86_64-linux-gnu/libOgreOverlay.so
[1.996s] -- Looking for ignition-math6 -- found version 6.15.1
[1.999s] -- Looking for ignition-transport8 -- found version 8.2.1
[2.000s] -- Searching for dependencies of ignition-transport8
[2.020s] -- Found Protobuf: /usr/lib/x86_64-linux-gnu/libprotobuf.so (found suitable version "3.12.4", minimum required is "3") 
[2.035s] -- Config-file not installed for ZeroMQ -- checking for pkg-config
[2.039s] -- Checking for module 'libzmq >= 4'
[2.052s] --   Found libzmq , version 4.3.4
[2.093s] -- Found ZeroMQ: TRUE (Required is at least version "4") 
[2.099s] -- Checking for module 'uuid'
[2.111s] --   Found uuid, version 2.37.2
[2.140s] -- Found UUID: TRUE  
[2.144s] -- Looking for ignition-msgs5 -- found version 5.8.1
[2.144s] -- Searching for dependencies of ignition-msgs5
[2.167s] -- Looking for ignition-math6 -- found version 6.15.1
[2.171s] -- Checking for module 'tinyxml2'
[2.184s] --   Found tinyxml2, version 9.0.0
[2.215s] -- Looking for ignition-msgs5 -- found version 5.8.1
[2.218s] -- Looking for ignition-common3 -- found version 3.14.0
[2.219s] -- Searching for dependencies of ignition-common3
[2.219s] -- Looking for dlfcn.h - found
[2.220s] -- Looking for libdl - found
[2.221s] -- Found DL: TRUE  
[2.233s] -- Found tinyobjloader: /usr/lib/x86_64-linux-gnu/cmake/tinyobjloader/tinyobjloader-config.cmake (found version "2.0.0") 
[2.233s] -- Searching for <ignition-common3> component [graphics]
[2.237s] -- Looking for ignition-common3-graphics -- found version 3.14.0
[2.238s] -- Searching for dependencies of ignition-common3-graphics
[2.238s] -- Looking for ignition-math6 -- found version 6.15.1
[2.242s] -- Looking for ignition-fuel_tools4 -- found version 4.4.0
[2.243s] -- Searching for dependencies of ignition-fuel_tools4
[2.317s] -- Found CURL: /usr/lib/x86_64-linux-gnu/libcurl.so (found version "7.81.0")  
[2.326s] -- Checking for module 'jsoncpp'
[2.337s] --   Found jsoncpp, version 1.9.5
[2.368s] -- Found JSONCPP: TRUE  
[2.374s] -- Checking for module 'libzip'
[2.386s] --   Found libzip, version 1.7.3
[2.417s] -- Found ZIP: TRUE  
[2.417s] -- Looking for ignition-common3 -- found version 3.14.0
[2.418s] -- Looking for ignition-math6 -- found version 6.15.1
[2.418s] -- Looking for ignition-msgs5 -- found version 5.8.1
[2.426s] -- Found gazebo_ros_pkgs: 3.9.0 (/opt/ros/humble/share/gazebo_ros_pkgs/cmake)
[2.429s] -- Found geometry_msgs: 4.9.0 (/opt/ros/humble/share/geometry_msgs/cmake)
[2.471s] -- Found rosidl_generator_c: 3.1.7 (/opt/ros/humble/share/rosidl_generator_c/cmake)
[2.478s] -- Found rosidl_adapter: 3.1.7 (/opt/ros/humble/share/rosidl_adapter/cmake)
[2.490s] -- Found rosidl_generator_cpp: 3.1.7 (/opt/ros/humble/share/rosidl_generator_cpp/cmake)
[2.505s] -- Using all available rosidl_typesupport_c: rosidl_typesupport_fastrtps_c;rosidl_typesupport_introspection_c
[2.525s] -- Using all available rosidl_typesupport_cpp: rosidl_typesupport_fastrtps_cpp;rosidl_typesupport_introspection_cpp
[2.571s] -- Found nav_msgs: 4.9.0 (/opt/ros/humble/share/nav_msgs/cmake)
[2.591s] -- Found rclcpp: 16.0.14 (/opt/ros/humble/share/rclcpp/cmake)
[2.641s] -- Found rmw_implementation_cmake: 6.1.2 (/opt/ros/humble/share/rmw_implementation_cmake/cmake)
[2.645s] -- Found rmw_fastrtps_cpp: 6.2.8 (/opt/ros/humble/share/rmw_fastrtps_cpp/cmake)
[2.743s] -- Found OpenSSL: /usr/lib/x86_64-linux-gnu/libcrypto.so (found version "3.0.2")  
[2.770s] -- Found FastRTPS: /opt/ros/humble/include  
[2.818s] -- Using RMW implementation 'rmw_fastrtps_cpp' as default
[2.830s] -- Found Threads: TRUE  
[2.875s] -- Found sensor_msgs: 4.9.0 (/opt/ros/humble/share/sensor_msgs/cmake)
[2.895s] -- Found tf2: 0.25.16 (/opt/ros/humble/share/tf2/cmake)
[3.136s] -- Configuring done
[3.247s] -- Generating done
[3.305s] -- Build files have been written to: /mnt/home/leflarsa/autonomous-vehicle-project/ros2_ws/src/build/curvy_road
