[3.370s] Invoking command in '/home/eceteam4/ECE480Team4/ros2_ws/build/lane_follow': PYTHONPATH=/home/eceteam4/ECE480Team4/ros2_ws/build/lane_follow/prefix_override:/usr/lib/python3/dist-packages/colcon_core/task/python/colcon_distutils_commands:/home/eceteam4/ECE480Team4/ros2_ws/install/lane_follow/lib/python3.10/site-packages:${PYTHONPATH} /usr/bin/python3 -W ignore:setup.py install is deprecated -W ignore:easy_install command is deprecated setup.py develop --editable --build-directory /home/eceteam4/ECE480Team4/ros2_ws/build/lane_follow/build --no-deps symlink_data
[4.279s] running develop
[4.659s] running egg_info
[4.660s] writing lane_follow.egg-info/PKG-INFO
[4.660s] writing dependency_links to lane_follow.egg-info/dependency_links.txt
[4.661s] writing entry points to lane_follow.egg-info/entry_points.txt
[4.661s] writing requirements to lane_follow.egg-info/requires.txt
[4.662s] writing top-level names to lane_follow.egg-info/top_level.txt
[4.667s] reading manifest file 'lane_follow.egg-info/SOURCES.txt'
[4.669s] writing manifest file 'lane_follow.egg-info/SOURCES.txt'
[4.673s] running build_ext
[4.673s] Creating /home/eceteam4/ECE480Team4/ros2_ws/install/lane_follow/lib/python3.10/site-packages/lane-follow.egg-link (link to .)
[4.675s] Installing detect script to /home/eceteam4/ECE480Team4/ros2_ws/install/lane_follow/lib/lane_follow
[4.676s] Installing follow_pid script to /home/eceteam4/ECE480Team4/ros2_ws/install/lane_follow/lib/lane_follow
[4.676s] Installing follow_pure_pursuit script to /home/eceteam4/ECE480Team4/ros2_ws/install/lane_follow/lib/lane_follow
[4.676s] Installing ground_spot script to /home/eceteam4/ECE480Team4/ros2_ws/install/lane_follow/lib/lane_follow
[4.676s] Installing sensors_camera_node script to /home/eceteam4/ECE480Team4/ros2_ws/install/lane_follow/lib/lane_follow
[4.677s] 
[4.677s] Installed /home/eceteam4/ECE480Team4/ros2_ws/build/lane_follow
[4.677s] running symlink_data
[5.245s] Invoked command in '/home/eceteam4/ECE480Team4/ros2_ws/build/lane_follow' returned '0': PYTHONPATH=/home/eceteam4/ECE480Team4/ros2_ws/build/lane_follow/prefix_override:/usr/lib/python3/dist-packages/colcon_core/task/python/colcon_distutils_commands:/home/eceteam4/ECE480Team4/ros2_ws/install/lane_follow/lib/python3.10/site-packages:${PYTHONPATH} /usr/bin/python3 -W ignore:setup.py install is deprecated -W ignore:easy_install command is deprecated setup.py develop --editable --build-directory /home/eceteam4/ECE480Team4/ros2_ws/build/lane_follow/build --no-deps symlink_data
