[2.642s] Invoking command in '/home/eceteam4/ECE480Team4/ros2_ws/build/bot_slam': PYTHONPATH=/home/eceteam4/ECE480Team4/ros2_ws/build/bot_slam/prefix_override:/usr/lib/python3/dist-packages/colcon_core/task/python/colcon_distutils_commands:/home/eceteam4/ECE480Team4/ros2_ws/install/bot_slam/lib/python3.10/site-packages:${PYTHONPATH} /usr/bin/python3 -W ignore:setup.py install is deprecated -W ignore:easy_install command is deprecated setup.py develop --editable --build-directory /home/eceteam4/ECE480Team4/ros2_ws/build/bot_slam/build --no-deps symlink_data
[3.212s] running develop
[3.535s] running egg_info
[3.535s] creating bot_slam.egg-info
[3.535s] writing bot_slam.egg-info/PKG-INFO
[3.537s] writing dependency_links to bot_slam.egg-info/dependency_links.txt
[3.537s] writing entry points to bot_slam.egg-info/entry_points.txt
[3.538s] writing requirements to bot_slam.egg-info/requires.txt
[3.538s] writing top-level names to bot_slam.egg-info/top_level.txt
[3.538s] writing manifest file 'bot_slam.egg-info/SOURCES.txt'
[3.541s] reading manifest file 'bot_slam.egg-info/SOURCES.txt'
[3.542s] writing manifest file 'bot_slam.egg-info/SOURCES.txt'
[3.545s] running build_ext
[3.545s] Creating /home/eceteam4/ECE480Team4/ros2_ws/install/bot_slam/lib/python3.10/site-packages/bot-slam.egg-link (link to .)
[3.547s] Installing obstacles script to /home/eceteam4/ECE480Team4/ros2_ws/install/bot_slam/lib/bot_slam
[3.547s] Installing waypoint_follower script to /home/eceteam4/ECE480Team4/ros2_ws/install/bot_slam/lib/bot_slam
[3.548s] 
[3.548s] Installed /home/eceteam4/ECE480Team4/ros2_ws/build/bot_slam
[3.548s] running symlink_data
[3.548s] creating /home/eceteam4/ECE480Team4/ros2_ws/install/bot_slam/share/ament_index
[3.548s] creating /home/eceteam4/ECE480Team4/ros2_ws/install/bot_slam/share/ament_index/resource_index
[3.549s] creating /home/eceteam4/ECE480Team4/ros2_ws/install/bot_slam/share/ament_index/resource_index/packages
[3.549s] symbolically linking /home/eceteam4/ECE480Team4/ros2_ws/build/bot_slam/resource/bot_slam -> /home/eceteam4/ECE480Team4/ros2_ws/install/bot_slam/share/ament_index/resource_index/packages
[3.549s] symbolically linking /home/eceteam4/ECE480Team4/ros2_ws/build/bot_slam/package.xml -> /home/eceteam4/ECE480Team4/ros2_ws/install/bot_slam/share/bot_slam
[3.549s] creating /home/eceteam4/ECE480Team4/ros2_ws/install/bot_slam/share/bot_slam/launch
[3.549s] symbolically linking /home/eceteam4/ECE480Team4/ros2_ws/build/bot_slam/launch/waypoint_nav.launch.py -> /home/eceteam4/ECE480Team4/ros2_ws/install/bot_slam/share/bot_slam/launch
[3.549s] symbolically linking /home/eceteam4/ECE480Team4/ros2_ws/build/bot_slam/launch/cartographer.launch.py -> /home/eceteam4/ECE480Team4/ros2_ws/install/bot_slam/share/bot_slam/launch
[3.549s] creating /home/eceteam4/ECE480Team4/ros2_ws/install/bot_slam/share/bot_slam/config
[3.550s] symbolically linking /home/eceteam4/ECE480Team4/ros2_ws/build/bot_slam/config/waypoints.json -> /home/eceteam4/ECE480Team4/ros2_ws/install/bot_slam/share/bot_slam/config
[3.967s] Invoked command in '/home/eceteam4/ECE480Team4/ros2_ws/build/bot_slam' returned '0': PYTHONPATH=/home/eceteam4/ECE480Team4/ros2_ws/build/bot_slam/prefix_override:/usr/lib/python3/dist-packages/colcon_core/task/python/colcon_distutils_commands:/home/eceteam4/ECE480Team4/ros2_ws/install/bot_slam/lib/python3.10/site-packages:${PYTHONPATH} /usr/bin/python3 -W ignore:setup.py install is deprecated -W ignore:easy_install command is deprecated setup.py develop --editable --build-directory /home/eceteam4/ECE480Team4/ros2_ws/build/bot_slam/build --no-deps symlink_data
