[0.108s] Invoking command in '/home/eceteam4/ECE480Team4/ros2_ws/build/curvy_road': CMAKE_PREFIX_PATH=/opt/ros/humble /usr/bin/cmake --build /home/eceteam4/ECE480Team4/ros2_ws/build/curvy_road -- -j6 -l6
[2.186s] Invoked command in '/home/eceteam4/ECE480Team4/ros2_ws/build/curvy_road' returned '0': CMAKE_PREFIX_PATH=/opt/ros/humble /usr/bin/cmake --build /home/eceteam4/ECE480Team4/ros2_ws/build/curvy_road -- -j6 -l6
[2.208s] Invoking command in '/home/eceteam4/ECE480Team4/ros2_ws/build/curvy_road': CMAKE_PREFIX_PATH=/opt/ros/humble /usr/bin/cmake --install /home/eceteam4/ECE480Team4/ros2_ws/build/curvy_road
[2.224s] -- Install configuration: ""
[2.226s] -- Execute custom install script
[2.229s] -- Up-to-date symlink: /home/eceteam4/ECE480Team4/ros2_ws/install/curvy_road/share/curvy_road//launch/curvy_road.launch.py
[2.232s] -- Up-to-date symlink: /home/eceteam4/ECE480Team4/ros2_ws/install/curvy_road/share/curvy_road//launch/empty_world.launch.py
[2.233s] -- Up-to-date symlink: /home/eceteam4/ECE480Team4/ros2_ws/install/curvy_road/share/curvy_road//launch/robot_state_publisher.launch.py
[2.234s] -- Up-to-date symlink: /home/eceteam4/ECE480Team4/ros2_ws/install/curvy_road/share/curvy_road//launch/turtlebot3_world.launch.py
[2.268s] -- Up-to-date symlink: /home/eceteam4/ECE480Team4/ros2_ws/install/curvy_road/share/curvy_road//models/turtlebot3_burger/meshes/burger_base.dae
[2.268s] -- Up-to-date symlink: /home/eceteam4/ECE480Team4/ros2_ws/install/curvy_road/share/curvy_road//models/turtlebot3_burger/meshes/lds.dae
[2.268s] -- Up-to-date symlink: /home/eceteam4/ECE480Team4/ros2_ws/install/curvy_road/share/curvy_road//models/turtlebot3_burger/meshes/tire.dae
[2.268s] -- Up-to-date symlink: /home/eceteam4/ECE480Team4/ros2_ws/install/curvy_road/share/curvy_road//models/turtlebot3_burger/model-1_4.sdf
[2.268s] -- Up-to-date symlink: /home/eceteam4/ECE480Team4/ros2_ws/install/curvy_road/share/curvy_road//models/turtlebot3_burger/model.config
[2.268s] -- Up-to-date symlink: /home/eceteam4/ECE480Team4/ros2_ws/install/curvy_road/share/curvy_road//models/turtlebot3_burger/model.sdf
[2.269s] -- Up-to-date symlink: /home/eceteam4/ECE480Team4/ros2_ws/install/curvy_road/share/curvy_road//models/turtlebot3_curvy_road/course/materials/scripts/course.material
[2.269s] -- Up-to-date symlink: /home/eceteam4/ECE480Team4/ros2_ws/install/curvy_road/share/curvy_road//models/turtlebot3_curvy_road/course/materials/textures/road_2.png
[2.269s] -- Up-to-date symlink: /home/eceteam4/ECE480Team4/ros2_ws/install/curvy_road/share/curvy_road//models/turtlebot3_curvy_road/course/materials/textures/road_3.png
[2.269s] -- Up-to-date symlink: /home/eceteam4/ECE480Team4/ros2_ws/install/curvy_road/share/curvy_road//models/turtlebot3_curvy_road/course/model.config
[2.269s] -- Up-to-date symlink: /home/eceteam4/ECE480Team4/ros2_ws/install/curvy_road/share/curvy_road//models/turtlebot3_curvy_road/course/model.sdf
[2.272s] -- Up-to-date symlink: /home/eceteam4/ECE480Team4/ros2_ws/install/curvy_road/share/curvy_road//models/turtlebot3_curvy_road/curvy_road/model.config
[2.272s] -- Up-to-date symlink: /home/eceteam4/ECE480Team4/ros2_ws/install/curvy_road/share/curvy_road//models/turtlebot3_curvy_road/curvy_road/model.sdf
[2.272s] -- Up-to-date symlink: /home/eceteam4/ECE480Team4/ros2_ws/install/curvy_road/share/curvy_road//models/turtlebot3_curvy_road/curvy_road_world/model.config
[2.272s] -- Up-to-date symlink: /home/eceteam4/ECE480Team4/ros2_ws/install/curvy_road/share/curvy_road//models/turtlebot3_curvy_road/curvy_road_world/model.sdf
[2.274s] -- Up-to-date symlink: /home/eceteam4/ECE480Team4/ros2_ws/install/curvy_road/share/curvy_road//models/turtlebot3_curvy_road/model.config
[2.278s] -- Up-to-date symlink: /home/eceteam4/ECE480Team4/ros2_ws/install/curvy_road/share/curvy_road//models/turtlebot3_curvy_road/traffic_parking/materials/scripts/traffic_parking.material
[2.280s] -- Up-to-date symlink: /home/eceteam4/ECE480Team4/ros2_ws/install/curvy_road/share/curvy_road//models/turtlebot3_curvy_road/traffic_parking/materials/textures/traffic_parking.png
[2.281s] -- Up-to-date symlink: /home/eceteam4/ECE480Team4/ros2_ws/install/curvy_road/share/curvy_road//models/turtlebot3_curvy_road/traffic_parking/model.config
[2.282s] -- Up-to-date symlink: /home/eceteam4/ECE480Team4/ros2_ws/install/curvy_road/share/curvy_road//models/turtlebot3_curvy_road/traffic_parking/model.sdf
[2.284s] -- Up-to-date symlink: /home/eceteam4/ECE480Team4/ros2_ws/install/curvy_road/share/curvy_road//models/turtlebot3_waffle/meshes/lds.dae
[2.284s] -- Up-to-date symlink: /home/eceteam4/ECE480Team4/ros2_ws/install/curvy_road/share/curvy_road//models/turtlebot3_waffle/meshes/r200.dae
[2.285s] -- Up-to-date symlink: /home/eceteam4/ECE480Team4/ros2_ws/install/curvy_road/share/curvy_road//models/turtlebot3_waffle/meshes/tire.dae
[2.286s] -- Up-to-date symlink: /home/eceteam4/ECE480Team4/ros2_ws/install/curvy_road/share/curvy_road//models/turtlebot3_waffle/meshes/waffle_base.dae
[2.287s] -- Up-to-date symlink: /home/eceteam4/ECE480Team4/ros2_ws/install/curvy_road/share/curvy_road//models/turtlebot3_waffle/model-1_4.sdf
[2.287s] -- Up-to-date symlink: /home/eceteam4/ECE480Team4/ros2_ws/install/curvy_road/share/curvy_road//models/turtlebot3_waffle/model.config
[2.288s] -- Up-to-date symlink: /home/eceteam4/ECE480Team4/ros2_ws/install/curvy_road/share/curvy_road//models/turtlebot3_waffle/model.sdf
[2.289s] -- Up-to-date symlink: /home/eceteam4/ECE480Team4/ros2_ws/install/curvy_road/share/curvy_road//models/turtlebot3_waffle_pi/meshes/lds.dae
[2.290s] -- Up-to-date symlink: /home/eceteam4/ECE480Team4/ros2_ws/install/curvy_road/share/curvy_road//models/turtlebot3_waffle_pi/meshes/tire.dae
[2.291s] -- Up-to-date symlink: /home/eceteam4/ECE480Team4/ros2_ws/install/curvy_road/share/curvy_road//models/turtlebot3_waffle_pi/meshes/waffle_pi_base.dae
[2.292s] -- Up-to-date symlink: /home/eceteam4/ECE480Team4/ros2_ws/install/curvy_road/share/curvy_road//models/turtlebot3_waffle_pi/model-1_4_.sdf
[2.293s] -- Up-to-date symlink: /home/eceteam4/ECE480Team4/ros2_ws/install/curvy_road/share/curvy_road//models/turtlebot3_waffle_pi/model.config
[2.294s] -- Up-to-date symlink: /home/eceteam4/ECE480Team4/ros2_ws/install/curvy_road/share/curvy_road//models/turtlebot3_waffle_pi/model.sdf
[2.296s] -- Up-to-date symlink: /home/eceteam4/ECE480Team4/ros2_ws/install/curvy_road/share/curvy_road//models/turtlebot3_waffle_robot1/meshes/lds.dae
[2.297s] -- Up-to-date symlink: /home/eceteam4/ECE480Team4/ros2_ws/install/curvy_road/share/curvy_road//models/turtlebot3_waffle_robot1/meshes/r200.dae
[2.298s] -- Up-to-date symlink: /home/eceteam4/ECE480Team4/ros2_ws/install/curvy_road/share/curvy_road//models/turtlebot3_waffle_robot1/meshes/tire.dae
[2.298s] -- Up-to-date symlink: /home/eceteam4/ECE480Team4/ros2_ws/install/curvy_road/share/curvy_road//models/turtlebot3_waffle_robot1/meshes/waffle_base.dae
[2.299s] -- Up-to-date symlink: /home/eceteam4/ECE480Team4/ros2_ws/install/curvy_road/share/curvy_road//models/turtlebot3_waffle_robot1/model-1_4.sdf
[2.300s] -- Up-to-date symlink: /home/eceteam4/ECE480Team4/ros2_ws/install/curvy_road/share/curvy_road//models/turtlebot3_waffle_robot1/model.config
[2.301s] -- Up-to-date symlink: /home/eceteam4/ECE480Team4/ros2_ws/install/curvy_road/share/curvy_road//models/turtlebot3_waffle_robot1/model.sdf
[2.302s] -- Up-to-date symlink: /home/eceteam4/ECE480Team4/ros2_ws/install/curvy_road/share/curvy_road//models/turtlebot3_world/meshes/hexagon.dae
[2.303s] -- Up-to-date symlink: /home/eceteam4/ECE480Team4/ros2_ws/install/curvy_road/share/curvy_road//models/turtlebot3_world/meshes/wall.dae
[2.304s] -- Up-to-date symlink: /home/eceteam4/ECE480Team4/ros2_ws/install/curvy_road/share/curvy_road//models/turtlebot3_world/model-1_4.sdf
[2.304s] -- Up-to-date symlink: /home/eceteam4/ECE480Team4/ros2_ws/install/curvy_road/share/curvy_road//models/turtlebot3_world/model.config
[2.305s] -- Up-to-date symlink: /home/eceteam4/ECE480Team4/ros2_ws/install/curvy_road/share/curvy_road//models/turtlebot3_world/model.sdf
[2.307s] -- Up-to-date symlink: /home/eceteam4/ECE480Team4/ros2_ws/install/curvy_road/share/curvy_road//rviz/tb3_gazebo.rviz
[2.311s] -- Up-to-date symlink: /home/eceteam4/ECE480Team4/ros2_ws/install/curvy_road/share/curvy_road//worlds/empty_worlds/burger.model
[2.312s] -- Up-to-date symlink: /home/eceteam4/ECE480Team4/ros2_ws/install/curvy_road/share/curvy_road//worlds/empty_worlds/waffle.model
[2.313s] -- Up-to-date symlink: /home/eceteam4/ECE480Team4/ros2_ws/install/curvy_road/share/curvy_road//worlds/empty_worlds/waffle_pi.model
[2.315s] -- Up-to-date symlink: /home/eceteam4/ECE480Team4/ros2_ws/install/curvy_road/share/curvy_road//worlds/turtlebot3_curvy_road/burger.model
[2.316s] -- Up-to-date symlink: /home/eceteam4/ECE480Team4/ros2_ws/install/curvy_road/share/curvy_road//worlds/turtlebot3_curvy_road/waffle.model
[2.316s] -- Up-to-date symlink: /home/eceteam4/ECE480Team4/ros2_ws/install/curvy_road/share/curvy_road//worlds/turtlebot3_curvy_road/waffle_pi.model
[2.318s] -- Up-to-date symlink: /home/eceteam4/ECE480Team4/ros2_ws/install/curvy_road/share/curvy_road//worlds/turtlebot3_worlds/burger.model
[2.319s] -- Up-to-date symlink: /home/eceteam4/ECE480Team4/ros2_ws/install/curvy_road/share/curvy_road//worlds/turtlebot3_worlds/waffle.model
[2.319s] -- Up-to-date symlink: /home/eceteam4/ECE480Team4/ros2_ws/install/curvy_road/share/curvy_road//worlds/turtlebot3_worlds/waffle_pi.model
[2.321s] -- Up-to-date symlink: /home/eceteam4/ECE480Team4/ros2_ws/install/curvy_road/share/ament_index/resource_index/package_run_dependencies/curvy_road
[2.322s] -- Up-to-date symlink: /home/eceteam4/ECE480Team4/ros2_ws/install/curvy_road/share/ament_index/resource_index/parent_prefix_path/curvy_road
[2.324s] -- Up-to-date symlink: /home/eceteam4/ECE480Team4/ros2_ws/install/curvy_road/share/curvy_road/environment/ament_prefix_path.sh
[2.325s] -- Up-to-date symlink: /home/eceteam4/ECE480Team4/ros2_ws/install/curvy_road/share/curvy_road/environment/ament_prefix_path.dsv
[2.325s] -- Up-to-date symlink: /home/eceteam4/ECE480Team4/ros2_ws/install/curvy_road/share/curvy_road/environment/path.sh
[2.326s] -- Up-to-date symlink: /home/eceteam4/ECE480Team4/ros2_ws/install/curvy_road/share/curvy_road/environment/path.dsv
[2.327s] -- Up-to-date symlink: /home/eceteam4/ECE480Team4/ros2_ws/install/curvy_road/share/curvy_road/local_setup.bash
[2.328s] -- Up-to-date symlink: /home/eceteam4/ECE480Team4/ros2_ws/install/curvy_road/share/curvy_road/local_setup.sh
[2.328s] -- Up-to-date symlink: /home/eceteam4/ECE480Team4/ros2_ws/install/curvy_road/share/curvy_road/local_setup.zsh
[2.329s] -- Up-to-date symlink: /home/eceteam4/ECE480Team4/ros2_ws/install/curvy_road/share/curvy_road/local_setup.dsv
[2.329s] -- Symlinking: /home/eceteam4/ECE480Team4/ros2_ws/install/curvy_road/share/curvy_road/package.dsv
[2.350s] -- Up-to-date symlink: /home/eceteam4/ECE480Team4/ros2_ws/install/curvy_road/share/ament_index/resource_index/packages/curvy_road
[2.351s] -- Up-to-date symlink: /home/eceteam4/ECE480Team4/ros2_ws/install/curvy_road/share/curvy_road/cmake/ament_cmake_export_include_directories-extras.cmake
[2.352s] -- Up-to-date symlink: /home/eceteam4/ECE480Team4/ros2_ws/install/curvy_road/share/curvy_road/cmake/ament_cmake_export_dependencies-extras.cmake
[2.352s] -- Up-to-date symlink: /home/eceteam4/ECE480Team4/ros2_ws/install/curvy_road/share/curvy_road/cmake/curvy_roadConfig.cmake
[2.353s] -- Up-to-date symlink: /home/eceteam4/ECE480Team4/ros2_ws/install/curvy_road/share/curvy_road/cmake/curvy_roadConfig-version.cmake
[2.354s] -- Up-to-date symlink: /home/eceteam4/ECE480Team4/ros2_ws/install/curvy_road/share/curvy_road/package.xml
[2.359s] Invoked command in '/home/eceteam4/ECE480Team4/ros2_ws/build/curvy_road' returned '0': CMAKE_PREFIX_PATH=/opt/ros/humble /usr/bin/cmake --install /home/eceteam4/ECE480Team4/ros2_ws/build/curvy_road
