[3.058s] Invoking command in '/home/eceteam4/ECE480Team4/build/obstacle_det': PYTHONPATH=/home/eceteam4/ECE480Team4/build/obstacle_det/prefix_override:/usr/lib/python3/dist-packages/colcon_core/task/python/colcon_distutils_commands:/home/eceteam4/ECE480Team4/install/obstacle_det/lib/python3.10/site-packages:${PYTHONPATH} /usr/bin/python3 -W ignore:setup.py install is deprecated -W ignore:easy_install command is deprecated setup.py develop --editable --build-directory /home/eceteam4/ECE480Team4/build/obstacle_det/build --no-deps symlink_data
[3.591s] running develop
[3.923s] running egg_info
[3.924s] creating obstacle_det.egg-info
[3.924s] writing obstacle_det.egg-info/PKG-INFO
[3.924s] writing dependency_links to obstacle_det.egg-info/dependency_links.txt
[3.925s] writing entry points to obstacle_det.egg-info/entry_points.txt
[3.925s] writing requirements to obstacle_det.egg-info/requires.txt
[3.925s] writing top-level names to obstacle_det.egg-info/top_level.txt
[3.926s] writing manifest file 'obstacle_det.egg-info/SOURCES.txt'
[3.930s] reading manifest file 'obstacle_det.egg-info/SOURCES.txt'
[3.931s] writing manifest file 'obstacle_det.egg-info/SOURCES.txt'
[3.934s] running build_ext
[3.934s] Creating /home/eceteam4/ECE480Team4/install/obstacle_det/lib/python3.10/site-packages/obstacle-det.egg-link (link to .)
[3.936s] Installing obstacles_det script to /home/eceteam4/ECE480Team4/install/obstacle_det/lib/obstacle_det
[3.937s] 
[3.937s] Installed /home/eceteam4/ECE480Team4/build/obstacle_det
[3.937s] running symlink_data
[3.937s] creating /home/eceteam4/ECE480Team4/install/obstacle_det/share/ament_index
[3.937s] creating /home/eceteam4/ECE480Team4/install/obstacle_det/share/ament_index/resource_index
[3.937s] creating /home/eceteam4/ECE480Team4/install/obstacle_det/share/ament_index/resource_index/packages
[3.938s] symbolically linking /home/eceteam4/ECE480Team4/build/obstacle_det/resource/obstacle_det -> /home/eceteam4/ECE480Team4/install/obstacle_det/share/ament_index/resource_index/packages
[3.938s] symbolically linking /home/eceteam4/ECE480Team4/build/obstacle_det/package.xml -> /home/eceteam4/ECE480Team4/install/obstacle_det/share/obstacle_det
[4.045s] Invoked command in '/home/eceteam4/ECE480Team4/build/obstacle_det' returned '0': PYTHONPATH=/home/eceteam4/ECE480Team4/build/obstacle_det/prefix_override:/usr/lib/python3/dist-packages/colcon_core/task/python/colcon_distutils_commands:/home/eceteam4/ECE480Team4/install/obstacle_det/lib/python3.10/site-packages:${PYTHONPATH} /usr/bin/python3 -W ignore:setup.py install is deprecated -W ignore:easy_install command is deprecated setup.py develop --editable --build-directory /home/eceteam4/ECE480Team4/build/obstacle_det/build --no-deps symlink_data
