[0.064s] Invoking command in '/home/eceteam4/ECE480Team4/ros2_ws/build/curvy_road': /usr/bin/cmake /home/eceteam4/ECE480Team4/ros2_ws/src/curvy_road -DAMENT_CMAKE_SYMLINK_INSTALL=1 -DCMAKE_INSTALL_PREFIX=/home/eceteam4/ECE480Team4/ros2_ws/install/curvy_road
[1.366s] -- The C compiler identification is GNU 11.4.0
[1.366s] -- The CXX compiler identification is GNU 11.4.0
[1.366s] -- Detecting C compiler ABI info
[1.367s] -- Detecting C compiler ABI info - done
[1.367s] -- Check for working C compiler: /usr/bin/cc - skipped
[1.367s] -- Detecting C compile features
[1.367s] -- Detecting C compile features - done
[1.390s] -- Detecting CXX compiler ABI info
[1.561s] -- Detecting CXX compiler ABI info - done
[1.568s] -- Check for working CXX compiler: /usr/bin/c++ - skipped
[1.569s] -- Detecting CXX compile features
[1.570s] -- Detecting CXX compile features - done
[1.588s] [31mCMake Error at CMakeLists.txt:25 (find_package):
[1.588s]   By not providing "Findament_cmake.cmake" in CMAKE_MODULE_PATH this project
[1.588s]   has asked CMake to find a package configuration file provided by
[1.589s]   "ament_cmake", but CMake did not find one.
[1.589s] 
[1.589s]   Could not find a package configuration file provided by "ament_cmake" with
[1.589s]   any of the following names:
[1.589s] 
[1.589s]     ament_cmakeConfig.cmake
[1.589s]     ament_cmake-config.cmake
[1.589s] 
[1.589s]   Add the installation prefix of "ament_cmake" to CMAKE_PREFIX_PATH or set
[1.589s]   "ament_cmake_DIR" to a directory containing one of the above files.  If
[1.590s]   "ament_cmake" provides a separate development package or SDK, be sure it
[1.590s]   has been installed.
[1.590s] 
[1.590s] [0m
[1.590s] -- Configuring incomplete, errors occurred!
[1.590s] See also "/home/eceteam4/ECE480Team4/ros2_ws/build/curvy_road/CMakeFiles/CMakeOutput.log".
[1.598s] Invoked command in '/home/eceteam4/ECE480Team4/ros2_ws/build/curvy_road' returned '1': /usr/bin/cmake /home/eceteam4/ECE480Team4/ros2_ws/src/curvy_road -DAMENT_CMAKE_SYMLINK_INSTALL=1 -DCMAKE_INSTALL_PREFIX=/home/eceteam4/ECE480Team4/ros2_ws/install/curvy_road
