[2.264s] Invoking command in '/home/eceteam4/ECE480Team4/ros2_ws/build/vesc_control': PYTHONPATH=/home/eceteam4/ECE480Team4/ros2_ws/build/vesc_control/prefix_override:/usr/lib/python3/dist-packages/colcon_core/task/python/colcon_distutils_commands:/home/eceteam4/ECE480Team4/ros2_ws/install/vesc_control/lib/python3.10/site-packages:${PYTHONPATH} /usr/bin/python3 -W ignore:setup.py install is deprecated -W ignore:easy_install command is deprecated setup.py develop --editable --build-directory /home/eceteam4/ECE480Team4/ros2_ws/build/vesc_control/build --no-deps symlink_data
[2.851s] running develop
[3.279s] running egg_info
[3.280s] creating vesc_control.egg-info
[3.280s] writing vesc_control.egg-info/PKG-INFO
[3.281s] writing dependency_links to vesc_control.egg-info/dependency_links.txt
[3.281s] writing entry points to vesc_control.egg-info/entry_points.txt
[3.281s] writing requirements to vesc_control.egg-info/requires.txt
[3.281s] writing top-level names to vesc_control.egg-info/top_level.txt
[3.281s] writing manifest file 'vesc_control.egg-info/SOURCES.txt'
[3.286s] reading manifest file 'vesc_control.egg-info/SOURCES.txt'
[3.288s] writing manifest file 'vesc_control.egg-info/SOURCES.txt'
[3.294s] running build_ext
[3.295s] Creating /home/eceteam4/ECE480Team4/ros2_ws/install/vesc_control/lib/python3.10/site-packages/vesc-control.egg-link (link to .)
[3.298s] Installing vesc_bridge script to /home/eceteam4/ECE480Team4/ros2_ws/install/vesc_control/lib/vesc_control
[3.299s] 
[3.299s] Installed /home/eceteam4/ECE480Team4/ros2_ws/build/vesc_control
[3.300s] running symlink_data
[3.300s] creating /home/eceteam4/ECE480Team4/ros2_ws/install/vesc_control/share/ament_index
[3.301s] creating /home/eceteam4/ECE480Team4/ros2_ws/install/vesc_control/share/ament_index/resource_index
[3.301s] creating /home/eceteam4/ECE480Team4/ros2_ws/install/vesc_control/share/ament_index/resource_index/packages
[3.302s] symbolically linking /home/eceteam4/ECE480Team4/ros2_ws/build/vesc_control/resource/vesc_control -> /home/eceteam4/ECE480Team4/ros2_ws/install/vesc_control/share/ament_index/resource_index/packages
[3.303s] symbolically linking /home/eceteam4/ECE480Team4/ros2_ws/build/vesc_control/package.xml -> /home/eceteam4/ECE480Team4/ros2_ws/install/vesc_control/share/vesc_control
[3.421s] Invoked command in '/home/eceteam4/ECE480Team4/ros2_ws/build/vesc_control' returned '0': PYTHONPATH=/home/eceteam4/ECE480Team4/ros2_ws/build/vesc_control/prefix_override:/usr/lib/python3/dist-packages/colcon_core/task/python/colcon_distutils_commands:/home/eceteam4/ECE480Team4/ros2_ws/install/vesc_control/lib/python3.10/site-packages:${PYTHONPATH} /usr/bin/python3 -W ignore:setup.py install is deprecated -W ignore:easy_install command is deprecated setup.py develop --editable --build-directory /home/eceteam4/ECE480Team4/ros2_ws/build/vesc_control/build --no-deps symlink_data
