[3.352s] Invoking command in '/home/eceteam4/ECE480Team4/ros2_ws/build/obstacle_det': PYTHONPATH=/home/eceteam4/ECE480Team4/ros2_ws/build/obstacle_det/prefix_override:/usr/lib/python3/dist-packages/colcon_core/task/python/colcon_distutils_commands:/home/eceteam4/ECE480Team4/ros2_ws/install/obstacle_det/lib/python3.10/site-packages:${PYTHONPATH} /usr/bin/python3 -W ignore:setup.py install is deprecated -W ignore:easy_install command is deprecated setup.py develop --editable --build-directory /home/eceteam4/ECE480Team4/ros2_ws/build/obstacle_det/build --no-deps symlink_data
[3.895s] running develop
[4.204s] running egg_info
[4.205s] creating obstacle_det.egg-info
[4.205s] writing obstacle_det.egg-info/PKG-INFO
[4.205s] writing dependency_links to obstacle_det.egg-info/dependency_links.txt
[4.206s] writing entry points to obstacle_det.egg-info/entry_points.txt
[4.206s] writing requirements to obstacle_det.egg-info/requires.txt
[4.206s] writing top-level names to obstacle_det.egg-info/top_level.txt
[4.206s] writing manifest file 'obstacle_det.egg-info/SOURCES.txt'
[4.210s] reading manifest file 'obstacle_det.egg-info/SOURCES.txt'
[4.211s] writing manifest file 'obstacle_det.egg-info/SOURCES.txt'
[4.214s] running build_ext
[4.214s] Creating /home/eceteam4/ECE480Team4/ros2_ws/install/obstacle_det/lib/python3.10/site-packages/obstacle-det.egg-link (link to .)
[4.216s] Installing obstacles_det script to /home/eceteam4/ECE480Team4/ros2_ws/install/obstacle_det/lib/obstacle_det
[4.216s] 
[4.217s] Installed /home/eceteam4/ECE480Team4/ros2_ws/build/obstacle_det
[4.217s] running symlink_data
[4.217s] creating /home/eceteam4/ECE480Team4/ros2_ws/install/obstacle_det/share/ament_index
[4.217s] creating /home/eceteam4/ECE480Team4/ros2_ws/install/obstacle_det/share/ament_index/resource_index
[4.217s] creating /home/eceteam4/ECE480Team4/ros2_ws/install/obstacle_det/share/ament_index/resource_index/packages
[4.217s] symbolically linking /home/eceteam4/ECE480Team4/ros2_ws/build/obstacle_det/resource/obstacle_det -> /home/eceteam4/ECE480Team4/ros2_ws/install/obstacle_det/share/ament_index/resource_index/packages
[4.217s] symbolically linking /home/eceteam4/ECE480Team4/ros2_ws/build/obstacle_det/package.xml -> /home/eceteam4/ECE480Team4/ros2_ws/install/obstacle_det/share/obstacle_det
[4.599s] Invoked command in '/home/eceteam4/ECE480Team4/ros2_ws/build/obstacle_det' returned '0': PYTHONPATH=/home/eceteam4/ECE480Team4/ros2_ws/build/obstacle_det/prefix_override:/usr/lib/python3/dist-packages/colcon_core/task/python/colcon_distutils_commands:/home/eceteam4/ECE480Team4/ros2_ws/install/obstacle_det/lib/python3.10/site-packages:${PYTHONPATH} /usr/bin/python3 -W ignore:setup.py install is deprecated -W ignore:easy_install command is deprecated setup.py develop --editable --build-directory /home/eceteam4/ECE480Team4/ros2_ws/build/obstacle_det/build --no-deps symlink_data
