[2.039s] Invoking command in '/home/eceteam4/ECE480Team4/build/lane_follow': PYTHONPATH=/home/eceteam4/ECE480Team4/build/lane_follow/prefix_override:/usr/lib/python3/dist-packages/colcon_core/task/python/colcon_distutils_commands:/home/eceteam4/ECE480Team4/install/lane_follow/lib/python3.10/site-packages:${PYTHONPATH} /usr/bin/python3 -W ignore:setup.py install is deprecated -W ignore:easy_install command is deprecated setup.py develop --editable --build-directory /home/eceteam4/ECE480Team4/build/lane_follow/build --no-deps symlink_data
[2.700s] running develop
[3.116s] running egg_info
[3.117s] writing lane_follow.egg-info/PKG-INFO
[3.117s] writing dependency_links to lane_follow.egg-info/dependency_links.txt
[3.117s] writing entry points to lane_follow.egg-info/entry_points.txt
[3.118s] writing requirements to lane_follow.egg-info/requires.txt
[3.118s] writing top-level names to lane_follow.egg-info/top_level.txt
[3.123s] reading manifest file 'lane_follow.egg-info/SOURCES.txt'
[3.126s] writing manifest file 'lane_follow.egg-info/SOURCES.txt'
[3.130s] running build_ext
[3.130s] Creating /home/eceteam4/ECE480Team4/install/lane_follow/lib/python3.10/site-packages/lane-follow.egg-link (link to .)
[3.132s] Installing detect script to /home/eceteam4/ECE480Team4/install/lane_follow/lib/lane_follow
[3.132s] Installing follow_pid script to /home/eceteam4/ECE480Team4/install/lane_follow/lib/lane_follow
[3.132s] Installing follow_pure_pursuit script to /home/eceteam4/ECE480Team4/install/lane_follow/lib/lane_follow
[3.133s] Installing ground_spot script to /home/eceteam4/ECE480Team4/install/lane_follow/lib/lane_follow
[3.133s] Installing sensors_camera_node script to /home/eceteam4/ECE480Team4/install/lane_follow/lib/lane_follow
[3.133s] 
[3.134s] Installed /home/eceteam4/ECE480Team4/build/lane_follow
[3.134s] running symlink_data
[4.136s] Invoked command in '/home/eceteam4/ECE480Team4/build/lane_follow' returned '0': PYTHONPATH=/home/eceteam4/ECE480Team4/build/lane_follow/prefix_override:/usr/lib/python3/dist-packages/colcon_core/task/python/colcon_distutils_commands:/home/eceteam4/ECE480Team4/install/lane_follow/lib/python3.10/site-packages:${PYTHONPATH} /usr/bin/python3 -W ignore:setup.py install is deprecated -W ignore:easy_install command is deprecated setup.py develop --editable --build-directory /home/eceteam4/ECE480Team4/build/lane_follow/build --no-deps symlink_data
