[0.107s] Invoking command in '/home/eceteam4/ECE480Team4/build/vesc_msgs': /usr/bin/cmake --build /home/eceteam4/ECE480Team4/build/vesc_msgs -- -j6 -l6
[0.997s] [  1%] Built target vesc_msgs__cpp
[0.999s] [  1%] Built target ament_cmake_python_symlink_vesc_msgs
[1.001s] [ 12%] Built target vesc_msgs__rosidl_generator_c
[1.001s] [ 34%] Built target vesc_msgs__rosidl_typesupport_introspection_cpp
[1.001s] [ 34%] Built target vesc_msgs__rosidl_typesupport_cpp
[1.002s] [ 46%] Built target vesc_msgs__rosidl_typesupport_fastrtps_cpp
[1.002s] [ 63%] Built target vesc_msgs__rosidl_typesupport_introspection_c
[1.003s] [ 68%] Built target vesc_msgs__rosidl_typesupport_fastrtps_c
[1.004s] [ 79%] Built target vesc_msgs__rosidl_typesupport_c
[1.004s] [ 79%] Built target vesc_msgs
[1.004s] [ 80%] Built target vesc_msgs__py
[1.004s] [ 90%] Built target vesc_msgs__rosidl_generator_py
[1.005s] [100%] Built target vesc_msgs__rosidl_typesupport_introspection_c__pyext
[1.005s] [100%] Built target vesc_msgs__rosidl_typesupport_fastrtps_c__pyext
[1.005s] [100%] Built target vesc_msgs__rosidl_typesupport_c__pyext
[1.005s] running egg_info
[1.006s] writing vesc_msgs.egg-info/PKG-INFO
[1.006s] writing dependency_links to vesc_msgs.egg-info/dependency_links.txt
[1.006s] writing top-level names to vesc_msgs.egg-info/top_level.txt
[1.006s] reading manifest file 'vesc_msgs.egg-info/SOURCES.txt'
[1.007s] writing manifest file 'vesc_msgs.egg-info/SOURCES.txt'
[1.007s] [100%] Built target ament_cmake_python_build_vesc_msgs_egg
[1.447s] Invoked command in '/home/eceteam4/ECE480Team4/build/vesc_msgs' returned '0': /usr/bin/cmake --build /home/eceteam4/ECE480Team4/build/vesc_msgs -- -j6 -l6
[1.453s] Invoking command in '/home/eceteam4/ECE480Team4/build/vesc_msgs': /usr/bin/cmake --install /home/eceteam4/ECE480Team4/build/vesc_msgs
[1.470s] -- Install configuration: ""
[1.473s] -- Execute custom install script
[1.481s] -- Up-to-date symlink: /home/eceteam4/ECE480Team4/install/vesc_msgs/share/ament_index/resource_index/rosidl_interfaces/vesc_msgs
[1.489s] -- Up-to-date symlink: /home/eceteam4/ECE480Team4/install/vesc_msgs/include/vesc_msgs/vesc_msgs/msg/detail/vesc_cmd__functions.h
[1.490s] -- Up-to-date symlink: /home/eceteam4/ECE480Team4/install/vesc_msgs/include/vesc_msgs/vesc_msgs/msg/detail/vesc_cmd__struct.h
[1.490s] -- Up-to-date symlink: /home/eceteam4/ECE480Team4/install/vesc_msgs/include/vesc_msgs/vesc_msgs/msg/detail/vesc_cmd__type_support.h
[1.491s] -- Up-to-date symlink: /home/eceteam4/ECE480Team4/install/vesc_msgs/include/vesc_msgs/vesc_msgs/msg/detail/vesc_imu__functions.h
[1.492s] -- Up-to-date symlink: /home/eceteam4/ECE480Team4/install/vesc_msgs/include/vesc_msgs/vesc_msgs/msg/detail/vesc_imu__struct.h
[1.492s] -- Up-to-date symlink: /home/eceteam4/ECE480Team4/install/vesc_msgs/include/vesc_msgs/vesc_msgs/msg/detail/vesc_imu__type_support.h
[1.493s] -- Up-to-date symlink: /home/eceteam4/ECE480Team4/install/vesc_msgs/include/vesc_msgs/vesc_msgs/msg/detail/vesc_imu_stamped__functions.h
[1.494s] -- Up-to-date symlink: /home/eceteam4/ECE480Team4/install/vesc_msgs/include/vesc_msgs/vesc_msgs/msg/detail/vesc_imu_stamped__struct.h
[1.495s] -- Up-to-date symlink: /home/eceteam4/ECE480Team4/install/vesc_msgs/include/vesc_msgs/vesc_msgs/msg/detail/vesc_imu_stamped__type_support.h
[1.496s] -- Up-to-date symlink: /home/eceteam4/ECE480Team4/install/vesc_msgs/include/vesc_msgs/vesc_msgs/msg/detail/vesc_state__functions.h
[1.497s] -- Up-to-date symlink: /home/eceteam4/ECE480Team4/install/vesc_msgs/include/vesc_msgs/vesc_msgs/msg/detail/vesc_state__struct.h
[1.498s] -- Up-to-date symlink: /home/eceteam4/ECE480Team4/install/vesc_msgs/include/vesc_msgs/vesc_msgs/msg/detail/vesc_state__type_support.h
[1.498s] -- Up-to-date symlink: /home/eceteam4/ECE480Team4/install/vesc_msgs/include/vesc_msgs/vesc_msgs/msg/detail/vesc_state_stamped__functions.h
[1.499s] -- Up-to-date symlink: /home/eceteam4/ECE480Team4/install/vesc_msgs/include/vesc_msgs/vesc_msgs/msg/detail/vesc_state_stamped__struct.h
[1.500s] -- Up-to-date symlink: /home/eceteam4/ECE480Team4/install/vesc_msgs/include/vesc_msgs/vesc_msgs/msg/detail/vesc_state_stamped__type_support.h
[1.501s] -- Up-to-date symlink: /home/eceteam4/ECE480Team4/install/vesc_msgs/include/vesc_msgs/vesc_msgs/msg/rosidl_generator_c__visibility_control.h
[1.501s] -- Up-to-date symlink: /home/eceteam4/ECE480Team4/install/vesc_msgs/include/vesc_msgs/vesc_msgs/msg/vesc_cmd.h
[1.502s] -- Up-to-date symlink: /home/eceteam4/ECE480Team4/install/vesc_msgs/include/vesc_msgs/vesc_msgs/msg/vesc_imu.h
[1.503s] -- Up-to-date symlink: /home/eceteam4/ECE480Team4/install/vesc_msgs/include/vesc_msgs/vesc_msgs/msg/vesc_imu_stamped.h
[1.505s] -- Up-to-date symlink: /home/eceteam4/ECE480Team4/install/vesc_msgs/include/vesc_msgs/vesc_msgs/msg/vesc_state.h
[1.505s] -- Up-to-date symlink: /home/eceteam4/ECE480Team4/install/vesc_msgs/include/vesc_msgs/vesc_msgs/msg/vesc_state_stamped.h
[1.506s] -- Up-to-date symlink: /home/eceteam4/ECE480Team4/install/vesc_msgs/share/vesc_msgs/environment/library_path.sh
[1.509s] -- Up-to-date symlink: /home/eceteam4/ECE480Team4/install/vesc_msgs/share/vesc_msgs/environment/library_path.dsv
[1.511s] -- Up-to-date symlink: /home/eceteam4/ECE480Team4/install/vesc_msgs/include/vesc_msgs/vesc_msgs/msg/detail/vesc_cmd__rosidl_typesupport_fastrtps_c.h
[1.513s] -- Up-to-date symlink: /home/eceteam4/ECE480Team4/install/vesc_msgs/include/vesc_msgs/vesc_msgs/msg/detail/vesc_imu__rosidl_typesupport_fastrtps_c.h
[1.519s] -- Up-to-date symlink: /home/eceteam4/ECE480Team4/install/vesc_msgs/include/vesc_msgs/vesc_msgs/msg/detail/vesc_imu_stamped__rosidl_typesupport_fastrtps_c.h
[1.519s] -- Up-to-date symlink: /home/eceteam4/ECE480Team4/install/vesc_msgs/include/vesc_msgs/vesc_msgs/msg/detail/vesc_state__rosidl_typesupport_fastrtps_c.h
[1.520s] -- Up-to-date symlink: /home/eceteam4/ECE480Team4/install/vesc_msgs/include/vesc_msgs/vesc_msgs/msg/detail/vesc_state_stamped__rosidl_typesupport_fastrtps_c.h
[1.520s] -- Up-to-date symlink: /home/eceteam4/ECE480Team4/install/vesc_msgs/include/vesc_msgs/vesc_msgs/msg/rosidl_typesupport_fastrtps_c__visibility_control.h
[1.521s] -- Up-to-date symlink: /home/eceteam4/ECE480Team4/install/vesc_msgs/include/vesc_msgs/vesc_msgs/msg/detail/vesc_cmd__rosidl_typesupport_introspection_c.h
[1.524s] -- Up-to-date symlink: /home/eceteam4/ECE480Team4/install/vesc_msgs/include/vesc_msgs/vesc_msgs/msg/detail/vesc_imu__rosidl_typesupport_introspection_c.h
[1.536s] -- Up-to-date symlink: /home/eceteam4/ECE480Team4/install/vesc_msgs/include/vesc_msgs/vesc_msgs/msg/detail/vesc_imu_stamped__rosidl_typesupport_introspection_c.h
[1.536s] -- Up-to-date symlink: /home/eceteam4/ECE480Team4/install/vesc_msgs/include/vesc_msgs/vesc_msgs/msg/detail/vesc_state__rosidl_typesupport_introspection_c.h
[1.539s] -- Up-to-date symlink: /home/eceteam4/ECE480Team4/install/vesc_msgs/include/vesc_msgs/vesc_msgs/msg/detail/vesc_state_stamped__rosidl_typesupport_introspection_c.h
[1.542s] -- Up-to-date symlink: /home/eceteam4/ECE480Team4/install/vesc_msgs/include/vesc_msgs/vesc_msgs/msg/rosidl_typesupport_introspection_c__visibility_control.h
[1.542s] -- Up-to-date symlink: /home/eceteam4/ECE480Team4/install/vesc_msgs/include/vesc_msgs/vesc_msgs/msg/detail/vesc_cmd__builder.hpp
[1.542s] -- Up-to-date symlink: /home/eceteam4/ECE480Team4/install/vesc_msgs/include/vesc_msgs/vesc_msgs/msg/detail/vesc_cmd__struct.hpp
[1.542s] -- Up-to-date symlink: /home/eceteam4/ECE480Team4/install/vesc_msgs/include/vesc_msgs/vesc_msgs/msg/detail/vesc_cmd__traits.hpp
[1.542s] -- Up-to-date symlink: /home/eceteam4/ECE480Team4/install/vesc_msgs/include/vesc_msgs/vesc_msgs/msg/detail/vesc_cmd__type_support.hpp
[1.542s] -- Up-to-date symlink: /home/eceteam4/ECE480Team4/install/vesc_msgs/include/vesc_msgs/vesc_msgs/msg/detail/vesc_imu__builder.hpp
[1.543s] -- Up-to-date symlink: /home/eceteam4/ECE480Team4/install/vesc_msgs/include/vesc_msgs/vesc_msgs/msg/detail/vesc_imu__struct.hpp
[1.546s] -- Up-to-date symlink: /home/eceteam4/ECE480Team4/install/vesc_msgs/include/vesc_msgs/vesc_msgs/msg/detail/vesc_imu__traits.hpp
[1.547s] -- Up-to-date symlink: /home/eceteam4/ECE480Team4/install/vesc_msgs/include/vesc_msgs/vesc_msgs/msg/detail/vesc_imu__type_support.hpp
[1.548s] -- Up-to-date symlink: /home/eceteam4/ECE480Team4/install/vesc_msgs/include/vesc_msgs/vesc_msgs/msg/detail/vesc_imu_stamped__builder.hpp
[1.549s] -- Up-to-date symlink: /home/eceteam4/ECE480Team4/install/vesc_msgs/include/vesc_msgs/vesc_msgs/msg/detail/vesc_imu_stamped__struct.hpp
[1.551s] -- Up-to-date symlink: /home/eceteam4/ECE480Team4/install/vesc_msgs/include/vesc_msgs/vesc_msgs/msg/detail/vesc_imu_stamped__traits.hpp
[1.551s] -- Up-to-date symlink: /home/eceteam4/ECE480Team4/install/vesc_msgs/include/vesc_msgs/vesc_msgs/msg/detail/vesc_imu_stamped__type_support.hpp
[1.552s] -- Up-to-date symlink: /home/eceteam4/ECE480Team4/install/vesc_msgs/include/vesc_msgs/vesc_msgs/msg/detail/vesc_state__builder.hpp
[1.552s] -- Up-to-date symlink: /home/eceteam4/ECE480Team4/install/vesc_msgs/include/vesc_msgs/vesc_msgs/msg/detail/vesc_state__struct.hpp
[1.556s] -- Up-to-date symlink: /home/eceteam4/ECE480Team4/install/vesc_msgs/include/vesc_msgs/vesc_msgs/msg/detail/vesc_state__traits.hpp
[1.557s] -- Up-to-date symlink: /home/eceteam4/ECE480Team4/install/vesc_msgs/include/vesc_msgs/vesc_msgs/msg/detail/vesc_state__type_support.hpp
[1.557s] -- Up-to-date symlink: /home/eceteam4/ECE480Team4/install/vesc_msgs/include/vesc_msgs/vesc_msgs/msg/detail/vesc_state_stamped__builder.hpp
[1.558s] -- Up-to-date symlink: /home/eceteam4/ECE480Team4/install/vesc_msgs/include/vesc_msgs/vesc_msgs/msg/detail/vesc_state_stamped__struct.hpp
[1.558s] -- Up-to-date symlink: /home/eceteam4/ECE480Team4/install/vesc_msgs/include/vesc_msgs/vesc_msgs/msg/detail/vesc_state_stamped__traits.hpp
[1.559s] -- Up-to-date symlink: /home/eceteam4/ECE480Team4/install/vesc_msgs/include/vesc_msgs/vesc_msgs/msg/detail/vesc_state_stamped__type_support.hpp
[1.559s] -- Up-to-date symlink: /home/eceteam4/ECE480Team4/install/vesc_msgs/include/vesc_msgs/vesc_msgs/msg/rosidl_generator_cpp__visibility_control.hpp
[1.559s] -- Up-to-date symlink: /home/eceteam4/ECE480Team4/install/vesc_msgs/include/vesc_msgs/vesc_msgs/msg/vesc_cmd.hpp
[1.560s] -- Up-to-date symlink: /home/eceteam4/ECE480Team4/install/vesc_msgs/include/vesc_msgs/vesc_msgs/msg/vesc_imu.hpp
[1.560s] -- Up-to-date symlink: /home/eceteam4/ECE480Team4/install/vesc_msgs/include/vesc_msgs/vesc_msgs/msg/vesc_imu_stamped.hpp
[1.560s] -- Up-to-date symlink: /home/eceteam4/ECE480Team4/install/vesc_msgs/include/vesc_msgs/vesc_msgs/msg/vesc_state.hpp
[1.561s] -- Up-to-date symlink: /home/eceteam4/ECE480Team4/install/vesc_msgs/include/vesc_msgs/vesc_msgs/msg/vesc_state_stamped.hpp
[1.561s] -- Up-to-date symlink: /home/eceteam4/ECE480Team4/install/vesc_msgs/include/vesc_msgs/vesc_msgs/msg/detail/vesc_cmd__rosidl_typesupport_fastrtps_cpp.hpp
[1.561s] -- Up-to-date symlink: /home/eceteam4/ECE480Team4/install/vesc_msgs/include/vesc_msgs/vesc_msgs/msg/detail/vesc_imu__rosidl_typesupport_fastrtps_cpp.hpp
[1.561s] -- Up-to-date symlink: /home/eceteam4/ECE480Team4/install/vesc_msgs/include/vesc_msgs/vesc_msgs/msg/detail/vesc_imu_stamped__rosidl_typesupport_fastrtps_cpp.hpp
[1.562s] -- Up-to-date symlink: /home/eceteam4/ECE480Team4/install/vesc_msgs/include/vesc_msgs/vesc_msgs/msg/detail/vesc_state__rosidl_typesupport_fastrtps_cpp.hpp
[1.562s] -- Up-to-date symlink: /home/eceteam4/ECE480Team4/install/vesc_msgs/include/vesc_msgs/vesc_msgs/msg/detail/vesc_state_stamped__rosidl_typesupport_fastrtps_cpp.hpp
[1.566s] -- Up-to-date symlink: /home/eceteam4/ECE480Team4/install/vesc_msgs/include/vesc_msgs/vesc_msgs/msg/rosidl_typesupport_fastrtps_cpp__visibility_control.h
[1.567s] -- Up-to-date symlink: /home/eceteam4/ECE480Team4/install/vesc_msgs/include/vesc_msgs/vesc_msgs/msg/detail/vesc_cmd__rosidl_typesupport_introspection_cpp.hpp
[1.572s] -- Up-to-date symlink: /home/eceteam4/ECE480Team4/install/vesc_msgs/include/vesc_msgs/vesc_msgs/msg/detail/vesc_imu__rosidl_typesupport_introspection_cpp.hpp
[1.573s] -- Up-to-date symlink: /home/eceteam4/ECE480Team4/install/vesc_msgs/include/vesc_msgs/vesc_msgs/msg/detail/vesc_imu_stamped__rosidl_typesupport_introspection_cpp.hpp
[1.573s] -- Up-to-date symlink: /home/eceteam4/ECE480Team4/install/vesc_msgs/include/vesc_msgs/vesc_msgs/msg/detail/vesc_state__rosidl_typesupport_introspection_cpp.hpp
[1.573s] -- Up-to-date symlink: /home/eceteam4/ECE480Team4/install/vesc_msgs/include/vesc_msgs/vesc_msgs/msg/detail/vesc_state_stamped__rosidl_typesupport_introspection_cpp.hpp
[1.574s] -- Up-to-date symlink: /home/eceteam4/ECE480Team4/install/vesc_msgs/share/vesc_msgs/environment/pythonpath.sh
[1.574s] -- Up-to-date symlink: /home/eceteam4/ECE480Team4/install/vesc_msgs/share/vesc_msgs/environment/pythonpath.dsv
[1.579s] -- Up-to-date symlink: /home/eceteam4/ECE480Team4/install/vesc_msgs/local/lib/python3.10/dist-packages/vesc_msgs-1.1.0-py3.10.egg-info/PKG-INFO
[1.583s] -- Up-to-date symlink: /home/eceteam4/ECE480Team4/install/vesc_msgs/local/lib/python3.10/dist-packages/vesc_msgs-1.1.0-py3.10.egg-info/SOURCES.txt
[1.583s] -- Up-to-date symlink: /home/eceteam4/ECE480Team4/install/vesc_msgs/local/lib/python3.10/dist-packages/vesc_msgs-1.1.0-py3.10.egg-info/dependency_links.txt
[1.583s] -- Up-to-date symlink: /home/eceteam4/ECE480Team4/install/vesc_msgs/local/lib/python3.10/dist-packages/vesc_msgs-1.1.0-py3.10.egg-info/top_level.txt
[1.587s] -- Up-to-date symlink: /home/eceteam4/ECE480Team4/install/vesc_msgs/local/lib/python3.10/dist-packages/vesc_msgs/__init__.py
[1.587s] -- Up-to-date symlink: /home/eceteam4/ECE480Team4/install/vesc_msgs/local/lib/python3.10/dist-packages/vesc_msgs/_vesc_msgs_s.ep.rosidl_typesupport_c.c
[1.590s] -- Up-to-date symlink: /home/eceteam4/ECE480Team4/install/vesc_msgs/local/lib/python3.10/dist-packages/vesc_msgs/_vesc_msgs_s.ep.rosidl_typesupport_fastrtps_c.c
[1.591s] -- Up-to-date symlink: /home/eceteam4/ECE480Team4/install/vesc_msgs/local/lib/python3.10/dist-packages/vesc_msgs/_vesc_msgs_s.ep.rosidl_typesupport_introspection_c.c
[1.593s] -- Up-to-date symlink: /home/eceteam4/ECE480Team4/install/vesc_msgs/local/lib/python3.10/dist-packages/vesc_msgs/libvesc_msgs__rosidl_generator_py.so
[1.593s] -- Up-to-date symlink: /home/eceteam4/ECE480Team4/install/vesc_msgs/local/lib/python3.10/dist-packages/vesc_msgs/msg/__init__.py
[1.594s] -- Up-to-date symlink: /home/eceteam4/ECE480Team4/install/vesc_msgs/local/lib/python3.10/dist-packages/vesc_msgs/msg/_vesc_cmd.py
[1.596s] -- Up-to-date symlink: /home/eceteam4/ECE480Team4/install/vesc_msgs/local/lib/python3.10/dist-packages/vesc_msgs/msg/_vesc_cmd_s.c
[1.597s] -- Up-to-date symlink: /home/eceteam4/ECE480Team4/install/vesc_msgs/local/lib/python3.10/dist-packages/vesc_msgs/msg/_vesc_imu.py
[1.599s] -- Up-to-date symlink: /home/eceteam4/ECE480Team4/install/vesc_msgs/local/lib/python3.10/dist-packages/vesc_msgs/msg/_vesc_imu_s.c
[1.600s] -- Up-to-date symlink: /home/eceteam4/ECE480Team4/install/vesc_msgs/local/lib/python3.10/dist-packages/vesc_msgs/msg/_vesc_imu_stamped.py
[1.600s] -- Up-to-date symlink: /home/eceteam4/ECE480Team4/install/vesc_msgs/local/lib/python3.10/dist-packages/vesc_msgs/msg/_vesc_imu_stamped_s.c
[1.601s] -- Up-to-date symlink: /home/eceteam4/ECE480Team4/install/vesc_msgs/local/lib/python3.10/dist-packages/vesc_msgs/msg/_vesc_state.py
[1.601s] -- Up-to-date symlink: /home/eceteam4/ECE480Team4/install/vesc_msgs/local/lib/python3.10/dist-packages/vesc_msgs/msg/_vesc_state_s.c
[1.602s] -- Up-to-date symlink: /home/eceteam4/ECE480Team4/install/vesc_msgs/local/lib/python3.10/dist-packages/vesc_msgs/msg/_vesc_state_stamped.py
[1.602s] -- Up-to-date symlink: /home/eceteam4/ECE480Team4/install/vesc_msgs/local/lib/python3.10/dist-packages/vesc_msgs/msg/_vesc_state_stamped_s.c
[1.603s] -- Up-to-date symlink: /home/eceteam4/ECE480Team4/install/vesc_msgs/local/lib/python3.10/dist-packages/vesc_msgs/vesc_msgs_s__rosidl_typesupport_c.cpython-310-aarch64-linux-gnu.so
[1.604s] -- Up-to-date symlink: /home/eceteam4/ECE480Team4/install/vesc_msgs/local/lib/python3.10/dist-packages/vesc_msgs/vesc_msgs_s__rosidl_typesupport_fastrtps_c.cpython-310-aarch64-linux-gnu.so
[1.605s] -- Up-to-date symlink: /home/eceteam4/ECE480Team4/install/vesc_msgs/local/lib/python3.10/dist-packages/vesc_msgs/vesc_msgs_s__rosidl_typesupport_introspection_c.cpython-310-aarch64-linux-gnu.so
[1.605s] -- Up-to-date symlink: /home/eceteam4/ECE480Team4/install/vesc_msgs/local/lib/python3.10/dist-packages/vesc_msgs/vesc_msgs_s__rosidl_typesupport_fastrtps_c.cpython-310-aarch64-linux-gnu.so
[1.606s] -- Up-to-date symlink: /home/eceteam4/ECE480Team4/install/vesc_msgs/local/lib/python3.10/dist-packages/vesc_msgs/vesc_msgs_s__rosidl_typesupport_introspection_c.cpython-310-aarch64-linux-gnu.so
[1.607s] -- Up-to-date symlink: /home/eceteam4/ECE480Team4/install/vesc_msgs/local/lib/python3.10/dist-packages/vesc_msgs/vesc_msgs_s__rosidl_typesupport_c.cpython-310-aarch64-linux-gnu.so
[1.608s] -- Up-to-date symlink: /home/eceteam4/ECE480Team4/install/vesc_msgs/share/vesc_msgs/msg/VescCmd.idl
[1.608s] -- Up-to-date symlink: /home/eceteam4/ECE480Team4/install/vesc_msgs/share/vesc_msgs/msg/VescImu.idl
[1.609s] -- Up-to-date symlink: /home/eceteam4/ECE480Team4/install/vesc_msgs/share/vesc_msgs/msg/VescImuStamped.idl
[1.610s] -- Up-to-date symlink: /home/eceteam4/ECE480Team4/install/vesc_msgs/share/vesc_msgs/msg/VescState.idl
[1.610s] -- Up-to-date symlink: /home/eceteam4/ECE480Team4/install/vesc_msgs/share/vesc_msgs/msg/VescStateStamped.idl
[1.612s] -- Up-to-date symlink: /home/eceteam4/ECE480Team4/install/vesc_msgs/share/vesc_msgs/msg/VescCmd.msg
[1.620s] -- Up-to-date symlink: /home/eceteam4/ECE480Team4/install/vesc_msgs/share/vesc_msgs/msg/VescImu.msg
[1.621s] -- Up-to-date symlink: /home/eceteam4/ECE480Team4/install/vesc_msgs/share/vesc_msgs/msg/VescImuStamped.msg
[1.621s] -- Up-to-date symlink: /home/eceteam4/ECE480Team4/install/vesc_msgs/share/vesc_msgs/msg/VescState.msg
[1.624s] -- Up-to-date symlink: /home/eceteam4/ECE480Team4/install/vesc_msgs/share/vesc_msgs/msg/VescStateStamped.msg
[1.628s] -- Up-to-date symlink: /home/eceteam4/ECE480Team4/install/vesc_msgs/share/ament_index/resource_index/package_run_dependencies/vesc_msgs
[1.631s] -- Up-to-date symlink: /home/eceteam4/ECE480Team4/install/vesc_msgs/share/ament_index/resource_index/parent_prefix_path/vesc_msgs
[1.631s] -- Up-to-date symlink: /home/eceteam4/ECE480Team4/install/vesc_msgs/share/vesc_msgs/environment/ament_prefix_path.sh
[1.632s] -- Up-to-date symlink: /home/eceteam4/ECE480Team4/install/vesc_msgs/share/vesc_msgs/environment/ament_prefix_path.dsv
[1.633s] -- Up-to-date symlink: /home/eceteam4/ECE480Team4/install/vesc_msgs/share/vesc_msgs/environment/path.sh
[1.634s] -- Up-to-date symlink: /home/eceteam4/ECE480Team4/install/vesc_msgs/share/vesc_msgs/environment/path.dsv
[1.636s] -- Up-to-date symlink: /home/eceteam4/ECE480Team4/install/vesc_msgs/share/vesc_msgs/local_setup.bash
[1.638s] -- Up-to-date symlink: /home/eceteam4/ECE480Team4/install/vesc_msgs/share/vesc_msgs/local_setup.sh
[1.641s] -- Up-to-date symlink: /home/eceteam4/ECE480Team4/install/vesc_msgs/share/vesc_msgs/local_setup.zsh
[1.645s] -- Up-to-date symlink: /home/eceteam4/ECE480Team4/install/vesc_msgs/share/vesc_msgs/local_setup.dsv
[1.646s] -- Symlinking: /home/eceteam4/ECE480Team4/install/vesc_msgs/share/vesc_msgs/package.dsv
[1.694s] -- Up-to-date symlink: /home/eceteam4/ECE480Team4/install/vesc_msgs/share/ament_index/resource_index/packages/vesc_msgs
[1.698s] -- Up-to-date symlink: /home/eceteam4/ECE480Team4/install/vesc_msgs/share/vesc_msgs/cmake/rosidl_cmake-extras.cmake
[1.699s] -- Up-to-date symlink: /home/eceteam4/ECE480Team4/install/vesc_msgs/share/vesc_msgs/cmake/ament_cmake_export_dependencies-extras.cmake
[1.701s] -- Up-to-date symlink: /home/eceteam4/ECE480Team4/install/vesc_msgs/share/vesc_msgs/cmake/ament_cmake_export_include_directories-extras.cmake
[1.703s] -- Up-to-date symlink: /home/eceteam4/ECE480Team4/install/vesc_msgs/share/vesc_msgs/cmake/ament_cmake_export_libraries-extras.cmake
[1.704s] -- Up-to-date symlink: /home/eceteam4/ECE480Team4/install/vesc_msgs/share/vesc_msgs/cmake/ament_cmake_export_targets-extras.cmake
[1.708s] -- Up-to-date symlink: /home/eceteam4/ECE480Team4/install/vesc_msgs/share/vesc_msgs/cmake/rosidl_cmake_export_typesupport_targets-extras.cmake
[1.709s] -- Up-to-date symlink: /home/eceteam4/ECE480Team4/install/vesc_msgs/share/vesc_msgs/cmake/rosidl_cmake_export_typesupport_libraries-extras.cmake
[1.709s] -- Up-to-date symlink: /home/eceteam4/ECE480Team4/install/vesc_msgs/share/vesc_msgs/cmake/vesc_msgsConfig.cmake
[1.709s] -- Up-to-date symlink: /home/eceteam4/ECE480Team4/install/vesc_msgs/share/vesc_msgs/cmake/vesc_msgsConfig-version.cmake
[1.709s] -- Up-to-date symlink: /home/eceteam4/ECE480Team4/install/vesc_msgs/share/vesc_msgs/package.xml
[1.714s] -- Up-to-date: /home/eceteam4/ECE480Team4/install/vesc_msgs/lib/libvesc_msgs__rosidl_generator_c.so
[1.716s] -- Up-to-date: /home/eceteam4/ECE480Team4/install/vesc_msgs/lib/libvesc_msgs__rosidl_typesupport_fastrtps_c.so
[1.717s] -- Up-to-date: /home/eceteam4/ECE480Team4/install/vesc_msgs/lib/libvesc_msgs__rosidl_typesupport_introspection_c.so
[1.718s] -- Up-to-date: /home/eceteam4/ECE480Team4/install/vesc_msgs/lib/libvesc_msgs__rosidl_typesupport_c.so
[1.720s] -- Up-to-date: /home/eceteam4/ECE480Team4/install/vesc_msgs/lib/libvesc_msgs__rosidl_typesupport_fastrtps_cpp.so
[1.722s] -- Up-to-date: /home/eceteam4/ECE480Team4/install/vesc_msgs/lib/libvesc_msgs__rosidl_typesupport_introspection_cpp.so
[1.723s] -- Up-to-date: /home/eceteam4/ECE480Team4/install/vesc_msgs/lib/libvesc_msgs__rosidl_typesupport_cpp.so
[1.789s] Listing '/home/eceteam4/ECE480Team4/install/vesc_msgs/local/lib/python3.10/dist-packages/vesc_msgs'...
[1.790s] Listing '/home/eceteam4/ECE480Team4/install/vesc_msgs/local/lib/python3.10/dist-packages/vesc_msgs/msg'...
[1.803s] -- Up-to-date: /home/eceteam4/ECE480Team4/install/vesc_msgs/lib/libvesc_msgs__rosidl_generator_py.so
[1.806s] -- Up-to-date: /home/eceteam4/ECE480Team4/install/vesc_msgs/share/vesc_msgs/cmake/export_vesc_msgs__rosidl_generator_cExport.cmake
[1.806s] -- Up-to-date: /home/eceteam4/ECE480Team4/install/vesc_msgs/share/vesc_msgs/cmake/export_vesc_msgs__rosidl_generator_cExport-noconfig.cmake
[1.807s] -- Up-to-date: /home/eceteam4/ECE480Team4/install/vesc_msgs/share/vesc_msgs/cmake/export_vesc_msgs__rosidl_typesupport_fastrtps_cExport.cmake
[1.807s] -- Up-to-date: /home/eceteam4/ECE480Team4/install/vesc_msgs/share/vesc_msgs/cmake/export_vesc_msgs__rosidl_typesupport_fastrtps_cExport-noconfig.cmake
[1.808s] -- Up-to-date: /home/eceteam4/ECE480Team4/install/vesc_msgs/share/vesc_msgs/cmake/vesc_msgs__rosidl_typesupport_introspection_cExport.cmake
[1.808s] -- Up-to-date: /home/eceteam4/ECE480Team4/install/vesc_msgs/share/vesc_msgs/cmake/vesc_msgs__rosidl_typesupport_introspection_cExport-noconfig.cmake
[1.809s] -- Up-to-date: /home/eceteam4/ECE480Team4/install/vesc_msgs/share/vesc_msgs/cmake/vesc_msgs__rosidl_typesupport_cExport.cmake
[1.809s] -- Up-to-date: /home/eceteam4/ECE480Team4/install/vesc_msgs/share/vesc_msgs/cmake/vesc_msgs__rosidl_typesupport_cExport-noconfig.cmake
[1.810s] -- Up-to-date: /home/eceteam4/ECE480Team4/install/vesc_msgs/share/vesc_msgs/cmake/export_vesc_msgs__rosidl_generator_cppExport.cmake
[1.811s] -- Up-to-date: /home/eceteam4/ECE480Team4/install/vesc_msgs/share/vesc_msgs/cmake/export_vesc_msgs__rosidl_typesupport_fastrtps_cppExport.cmake
[1.811s] -- Up-to-date: /home/eceteam4/ECE480Team4/install/vesc_msgs/share/vesc_msgs/cmake/export_vesc_msgs__rosidl_typesupport_fastrtps_cppExport-noconfig.cmake
[1.812s] -- Up-to-date: /home/eceteam4/ECE480Team4/install/vesc_msgs/share/vesc_msgs/cmake/vesc_msgs__rosidl_typesupport_introspection_cppExport.cmake
[1.812s] -- Up-to-date: /home/eceteam4/ECE480Team4/install/vesc_msgs/share/vesc_msgs/cmake/vesc_msgs__rosidl_typesupport_introspection_cppExport-noconfig.cmake
[1.813s] -- Up-to-date: /home/eceteam4/ECE480Team4/install/vesc_msgs/share/vesc_msgs/cmake/vesc_msgs__rosidl_typesupport_cppExport.cmake
[1.814s] -- Up-to-date: /home/eceteam4/ECE480Team4/install/vesc_msgs/share/vesc_msgs/cmake/vesc_msgs__rosidl_typesupport_cppExport-noconfig.cmake
[1.814s] -- Up-to-date: /home/eceteam4/ECE480Team4/install/vesc_msgs/share/vesc_msgs/cmake/export_vesc_msgs__rosidl_generator_pyExport.cmake
[1.815s] -- Up-to-date: /home/eceteam4/ECE480Team4/install/vesc_msgs/share/vesc_msgs/cmake/export_vesc_msgs__rosidl_generator_pyExport-noconfig.cmake
[2.596s] Invoked command in '/home/eceteam4/ECE480Team4/build/vesc_msgs' returned '0': /usr/bin/cmake --install /home/eceteam4/ECE480Team4/build/vesc_msgs
