[0.171s] Invoking command in '/mnt/home/leflarsa/av/ECE480Team4/ros2_ws/build/curvy_road': CMAKE_PREFIX_PATH=/opt/ros/humble PS1=humble:\u@\h:\w\$ /usr/bin/cmake /mnt/home/leflarsa/av/ECE480Team4/ros2_ws/src/curvy_road -DAMENT_CMAKE_SYMLINK_INSTALL=1 -DCMAKE_INSTALL_PREFIX=/mnt/home/leflarsa/av/ECE480Team4/ros2_ws/install/curvy_road
[1.165s] -- The C compiler identification is GNU 11.4.0
[1.165s] -- The CXX compiler identification is GNU 11.4.0
[1.165s] -- Detecting C compiler ABI info
[1.165s] -- Detecting C compiler ABI info - done
[1.165s] -- Check for working C compiler: /usr/bin/cc - skipped
[1.165s] -- Detecting C compile features
[1.166s] -- Detecting C compile features - done
[1.166s] -- Detecting CXX compiler ABI info
[1.166s] -- Detecting CXX compiler ABI info - done
[1.166s] -- Check for working CXX compiler: /usr/bin/c++ - skipped
[1.166s] -- Detecting CXX compile features
[1.166s] -- Detecting CXX compile features - done
[1.166s] -- Found ament_cmake: 1.3.12 (/opt/ros/humble/share/ament_cmake/cmake)
[1.166s] -- Found Python3: /usr/bin/python3 (found version "3.10.12") found components: Interpreter 
[1.166s] -- Override CMake install command with custom implementation using symlinks instead of copying resources
[1.233s] -- Found PkgConfig: /usr/bin/pkg-config (found version "0.29.2") 
[1.237s] -- Checking for module 'bullet>=2.82'
[1.248s] --   Found bullet, version 3.05
[1.356s] -- Found fcl: /usr/include (found suitable version "0.7.0", minimum required is "0.5.0") 
[1.400s] -- Found assimp: /usr/include (found version "5.2.0") 
[1.430s] -- Found DART: /usr/include (Required is at least version "6.6") found components: dart 
[2.011s] -- Found Boost: /usr/lib/x86_64-linux-gnu/cmake/Boost-1.74.0/BoostConfig.cmake (found suitable version "1.74.0", minimum required is "1.40.0") found components: thread system filesystem program_options regex iostreams date_time 
[2.023s] -- Found Protobuf: /usr/lib/x86_64-linux-gnu/libprotobuf.so (found version "3.12.4") 
[2.031s] -- Looking for ignition-math6 -- found version 6.15.1
[2.039s] -- Searching for dependencies of ignition-math6
[2.041s] -- Looking for OGRE...
[2.041s] -- OGRE_PREFIX_WATCH changed.
[2.047s] -- Checking for module 'OGRE'
[2.062s] --   Found OGRE, version 1.9.0
[2.087s] -- Found Ogre Ghadamon (1.9.0)
[2.096s] -- Found OGRE: optimized;/usr/lib/x86_64-linux-gnu/libOgreMain.so;debug;/usr/lib/x86_64-linux-gnu/libOgreMain.so
[2.106s] -- Looking for OGRE_Paging...
[2.109s] -- Found OGRE_Paging: optimized;/usr/lib/x86_64-linux-gnu/libOgrePaging.so;debug;/usr/lib/x86_64-linux-gnu/libOgrePaging.so
[2.109s] -- Looking for OGRE_Terrain...
[2.113s] -- Found OGRE_Terrain: optimized;/usr/lib/x86_64-linux-gnu/libOgreTerrain.so;debug;/usr/lib/x86_64-linux-gnu/libOgreTerrain.so
[2.113s] -- Looking for OGRE_Property...
[2.122s] -- Found OGRE_Property: optimized;/usr/lib/x86_64-linux-gnu/libOgreProperty.so;debug;/usr/lib/x86_64-linux-gnu/libOgreProperty.so
[2.122s] -- Looking for OGRE_RTShaderSystem...
[2.122s] -- Found OGRE_RTShaderSystem: optimized;/usr/lib/x86_64-linux-gnu/libOgreRTShaderSystem.so;debug;/usr/lib/x86_64-linux-gnu/libOgreRTShaderSystem.so
[2.122s] -- Looking for OGRE_Volume...
[2.122s] -- Found OGRE_Volume: optimized;/usr/lib/x86_64-linux-gnu/libOgreVolume.so;debug;/usr/lib/x86_64-linux-gnu/libOgreVolume.so
[2.122s] -- Looking for OGRE_Overlay...
[2.125s] -- Found OGRE_Overlay: optimized;/usr/lib/x86_64-linux-gnu/libOgreOverlay.so;debug;/usr/lib/x86_64-linux-gnu/libOgreOverlay.so
[2.200s] -- Looking for ignition-math6 -- found version 6.15.1
[2.204s] -- Looking for ignition-transport8 -- found version 8.2.1
[2.204s] -- Searching for dependencies of ignition-transport8
[2.231s] -- Found Protobuf: /usr/lib/x86_64-linux-gnu/libprotobuf.so (found suitable version "3.12.4", minimum required is "3") 
[2.248s] -- Config-file not installed for ZeroMQ -- checking for pkg-config
[2.253s] -- Checking for module 'libzmq >= 4'
[2.268s] --   Found libzmq , version 4.3.4
[2.306s] -- Found ZeroMQ: TRUE (Required is at least version "4") 
[2.310s] -- Checking for module 'uuid'
[2.330s] --   Found uuid, version 2.37.2
[2.359s] -- Found UUID: TRUE  
[2.365s] -- Looking for ignition-msgs5 -- found version 5.8.1
[2.366s] -- Searching for dependencies of ignition-msgs5
[2.394s] -- Looking for ignition-math6 -- found version 6.15.1
[2.399s] -- Checking for module 'tinyxml2'
[2.409s] --   Found tinyxml2, version 9.0.0
[2.438s] -- Looking for ignition-msgs5 -- found version 5.8.1
[2.441s] -- Looking for ignition-common3 -- found version 3.14.0
[2.441s] -- Searching for dependencies of ignition-common3
[2.442s] -- Looking for dlfcn.h - found
[2.442s] -- Looking for libdl - found
[2.443s] -- Found DL: TRUE  
[2.454s] -- Found tinyobjloader: /usr/lib/x86_64-linux-gnu/cmake/tinyobjloader/tinyobjloader-config.cmake (found version "2.0.0") 
[2.455s] -- Searching for <ignition-common3> component [graphics]
[2.458s] -- Looking for ignition-common3-graphics -- found version 3.14.0
[2.459s] -- Searching for dependencies of ignition-common3-graphics
[2.459s] -- Looking for ignition-math6 -- found version 6.15.1
[2.463s] -- Looking for ignition-fuel_tools4 -- found version 4.4.0
[2.464s] -- Searching for dependencies of ignition-fuel_tools4
[2.533s] -- Found CURL: /usr/lib/x86_64-linux-gnu/libcurl.so (found version "7.81.0")  
[2.542s] -- Checking for module 'jsoncpp'
[2.553s] --   Found jsoncpp, version 1.9.5
[2.578s] -- Found JSONCPP: TRUE  
[2.588s] -- Checking for module 'libzip'
[2.593s] --   Found libzip, version 1.7.3
[2.617s] -- Found ZIP: TRUE  
[2.618s] -- Looking for ignition-common3 -- found version 3.14.0
[2.618s] -- Looking for ignition-math6 -- found version 6.15.1
[2.619s] -- Looking for ignition-msgs5 -- found version 5.8.1
[2.626s] -- Found gazebo_ros_pkgs: 3.9.0 (/opt/ros/humble/share/gazebo_ros_pkgs/cmake)
[2.629s] -- Found geometry_msgs: 4.9.0 (/opt/ros/humble/share/geometry_msgs/cmake)
[2.670s] -- Found rosidl_generator_c: 3.1.7 (/opt/ros/humble/share/rosidl_generator_c/cmake)
[2.678s] -- Found rosidl_adapter: 3.1.7 (/opt/ros/humble/share/rosidl_adapter/cmake)
[2.689s] -- Found rosidl_generator_cpp: 3.1.7 (/opt/ros/humble/share/rosidl_generator_cpp/cmake)
[2.705s] -- Using all available rosidl_typesupport_c: rosidl_typesupport_fastrtps_c;rosidl_typesupport_introspection_c
[2.726s] -- Using all available rosidl_typesupport_cpp: rosidl_typesupport_fastrtps_cpp;rosidl_typesupport_introspection_cpp
[2.770s] -- Found nav_msgs: 4.9.0 (/opt/ros/humble/share/nav_msgs/cmake)
[2.789s] -- Found rclcpp: 16.0.14 (/opt/ros/humble/share/rclcpp/cmake)
[2.837s] -- Found rmw_implementation_cmake: 6.1.2 (/opt/ros/humble/share/rmw_implementation_cmake/cmake)
[2.844s] -- Found rmw_fastrtps_cpp: 6.2.8 (/opt/ros/humble/share/rmw_fastrtps_cpp/cmake)
[2.932s] -- Found OpenSSL: /usr/lib/x86_64-linux-gnu/libcrypto.so (found version "3.0.2")  
[2.957s] -- Found FastRTPS: /opt/ros/humble/include  
[3.002s] -- Using RMW implementation 'rmw_fastrtps_cpp' as default
[3.015s] -- Found Threads: TRUE  
[3.060s] -- Found sensor_msgs: 4.9.0 (/opt/ros/humble/share/sensor_msgs/cmake)
[3.080s] -- Found tf2: 0.25.16 (/opt/ros/humble/share/tf2/cmake)
[3.358s] -- Configuring done
[3.482s] -- Generating done
[3.550s] -- Build files have been written to: /mnt/home/leflarsa/av/ECE480Team4/ros2_ws/build/curvy_road
[3.585s] Invoked command in '/mnt/home/leflarsa/av/ECE480Team4/ros2_ws/build/curvy_road' returned '0': CMAKE_PREFIX_PATH=/opt/ros/humble PS1=humble:\u@\h:\w\$ /usr/bin/cmake /mnt/home/leflarsa/av/ECE480Team4/ros2_ws/src/curvy_road -DAMENT_CMAKE_SYMLINK_INSTALL=1 -DCMAKE_INSTALL_PREFIX=/mnt/home/leflarsa/av/ECE480Team4/ros2_ws/install/curvy_road
[3.586s] Invoking command in '/mnt/home/leflarsa/av/ECE480Team4/ros2_ws/build/curvy_road': CMAKE_PREFIX_PATH=/opt/ros/humble PS1=humble:\u@\h:\w\$ /usr/bin/cmake --build /mnt/home/leflarsa/av/ECE480Team4/ros2_ws/build/curvy_road -- -j6 -l6
[3.632s] Invoked command in '/mnt/home/leflarsa/av/ECE480Team4/ros2_ws/build/curvy_road' returned '0': CMAKE_PREFIX_PATH=/opt/ros/humble PS1=humble:\u@\h:\w\$ /usr/bin/cmake --build /mnt/home/leflarsa/av/ECE480Team4/ros2_ws/build/curvy_road -- -j6 -l6
[3.659s] Invoking command in '/mnt/home/leflarsa/av/ECE480Team4/ros2_ws/build/curvy_road': CMAKE_PREFIX_PATH=/opt/ros/humble PS1=humble:\u@\h:\w\$ /usr/bin/cmake --install /mnt/home/leflarsa/av/ECE480Team4/ros2_ws/build/curvy_road
[3.666s] -- Install configuration: ""
[3.668s] -- Execute custom install script
[3.688s] -- Symlinking: /mnt/home/leflarsa/av/ECE480Team4/ros2_ws/install/curvy_road/share/curvy_road//launch/curvy_road.launch.py
[3.690s] -- Symlinking: /mnt/home/leflarsa/av/ECE480Team4/ros2_ws/install/curvy_road/share/curvy_road//launch/empty_world.launch.py
[3.700s] -- Symlinking: /mnt/home/leflarsa/av/ECE480Team4/ros2_ws/install/curvy_road/share/curvy_road//launch/robot_state_publisher.launch.py
[3.708s] -- Symlinking: /mnt/home/leflarsa/av/ECE480Team4/ros2_ws/install/curvy_road/share/curvy_road//launch/turtlebot3_world.launch.py
[3.740s] -- Symlinking: /mnt/home/leflarsa/av/ECE480Team4/ros2_ws/install/curvy_road/share/curvy_road//models/turtlebot3_burger/meshes/burger_base.dae
[3.750s] -- Symlinking: /mnt/home/leflarsa/av/ECE480Team4/ros2_ws/install/curvy_road/share/curvy_road//models/turtlebot3_burger/meshes/lds.dae
[3.761s] -- Symlinking: /mnt/home/leflarsa/av/ECE480Team4/ros2_ws/install/curvy_road/share/curvy_road//models/turtlebot3_burger/meshes/tire.dae
[3.770s] -- Symlinking: /mnt/home/leflarsa/av/ECE480Team4/ros2_ws/install/curvy_road/share/curvy_road//models/turtlebot3_burger/model-1_4.sdf
[3.780s] -- Symlinking: /mnt/home/leflarsa/av/ECE480Team4/ros2_ws/install/curvy_road/share/curvy_road//models/turtlebot3_burger/model.config
[3.789s] -- Symlinking: /mnt/home/leflarsa/av/ECE480Team4/ros2_ws/install/curvy_road/share/curvy_road//models/turtlebot3_burger/model.sdf
[3.807s] -- Symlinking: /mnt/home/leflarsa/av/ECE480Team4/ros2_ws/install/curvy_road/share/curvy_road//models/turtlebot3_curvy_road/course/materials/scripts/course.material
[3.823s] -- Symlinking: /mnt/home/leflarsa/av/ECE480Team4/ros2_ws/install/curvy_road/share/curvy_road//models/turtlebot3_curvy_road/course/materials/textures/road_2.png
[3.833s] -- Symlinking: /mnt/home/leflarsa/av/ECE480Team4/ros2_ws/install/curvy_road/share/curvy_road//models/turtlebot3_curvy_road/course/materials/textures/road_3.png
[3.842s] -- Symlinking: /mnt/home/leflarsa/av/ECE480Team4/ros2_ws/install/curvy_road/share/curvy_road//models/turtlebot3_curvy_road/course/model.config
[3.852s] -- Symlinking: /mnt/home/leflarsa/av/ECE480Team4/ros2_ws/install/curvy_road/share/curvy_road//models/turtlebot3_curvy_road/course/model.sdf
[3.864s] -- Symlinking: /mnt/home/leflarsa/av/ECE480Team4/ros2_ws/install/curvy_road/share/curvy_road//models/turtlebot3_curvy_road/curvy_road/model.config
[3.875s] -- Symlinking: /mnt/home/leflarsa/av/ECE480Team4/ros2_ws/install/curvy_road/share/curvy_road//models/turtlebot3_curvy_road/curvy_road/model.sdf
[3.888s] -- Symlinking: /mnt/home/leflarsa/av/ECE480Team4/ros2_ws/install/curvy_road/share/curvy_road//models/turtlebot3_curvy_road/curvy_road_world/model.config
[3.898s] -- Symlinking: /mnt/home/leflarsa/av/ECE480Team4/ros2_ws/install/curvy_road/share/curvy_road//models/turtlebot3_curvy_road/curvy_road_world/model.sdf
[3.906s] -- Symlinking: /mnt/home/leflarsa/av/ECE480Team4/ros2_ws/install/curvy_road/share/curvy_road//models/turtlebot3_curvy_road/model.config
[3.921s] -- Symlinking: /mnt/home/leflarsa/av/ECE480Team4/ros2_ws/install/curvy_road/share/curvy_road//models/turtlebot3_curvy_road/traffic_parking/materials/scripts/traffic_parking.material
[3.935s] -- Symlinking: /mnt/home/leflarsa/av/ECE480Team4/ros2_ws/install/curvy_road/share/curvy_road//models/turtlebot3_curvy_road/traffic_parking/materials/textures/traffic_parking.png
[3.945s] -- Symlinking: /mnt/home/leflarsa/av/ECE480Team4/ros2_ws/install/curvy_road/share/curvy_road//models/turtlebot3_curvy_road/traffic_parking/model.config
[3.955s] -- Symlinking: /mnt/home/leflarsa/av/ECE480Team4/ros2_ws/install/curvy_road/share/curvy_road//models/turtlebot3_curvy_road/traffic_parking/model.sdf
[3.972s] -- Symlinking: /mnt/home/leflarsa/av/ECE480Team4/ros2_ws/install/curvy_road/share/curvy_road//models/turtlebot3_waffle/meshes/lds.dae
[3.981s] -- Symlinking: /mnt/home/leflarsa/av/ECE480Team4/ros2_ws/install/curvy_road/share/curvy_road//models/turtlebot3_waffle/meshes/r200.dae
[3.990s] -- Symlinking: /mnt/home/leflarsa/av/ECE480Team4/ros2_ws/install/curvy_road/share/curvy_road//models/turtlebot3_waffle/meshes/tire.dae
[4.000s] -- Symlinking: /mnt/home/leflarsa/av/ECE480Team4/ros2_ws/install/curvy_road/share/curvy_road//models/turtlebot3_waffle/meshes/waffle_base.dae
[4.010s] -- Symlinking: /mnt/home/leflarsa/av/ECE480Team4/ros2_ws/install/curvy_road/share/curvy_road//models/turtlebot3_waffle/model-1_4.sdf
[4.019s] -- Symlinking: /mnt/home/leflarsa/av/ECE480Team4/ros2_ws/install/curvy_road/share/curvy_road//models/turtlebot3_waffle/model.config
[4.031s] -- Symlinking: /mnt/home/leflarsa/av/ECE480Team4/ros2_ws/install/curvy_road/share/curvy_road//models/turtlebot3_waffle/model.sdf
[4.046s] -- Symlinking: /mnt/home/leflarsa/av/ECE480Team4/ros2_ws/install/curvy_road/share/curvy_road//models/turtlebot3_waffle_pi/meshes/lds.dae
[4.063s] -- Symlinking: /mnt/home/leflarsa/av/ECE480Team4/ros2_ws/install/curvy_road/share/curvy_road//models/turtlebot3_waffle_pi/meshes/tire.dae
[4.067s] -- Symlinking: /mnt/home/leflarsa/av/ECE480Team4/ros2_ws/install/curvy_road/share/curvy_road//models/turtlebot3_waffle_pi/meshes/waffle_pi_base.dae
[4.076s] -- Symlinking: /mnt/home/leflarsa/av/ECE480Team4/ros2_ws/install/curvy_road/share/curvy_road//models/turtlebot3_waffle_pi/model-1_4_.sdf
[4.084s] -- Symlinking: /mnt/home/leflarsa/av/ECE480Team4/ros2_ws/install/curvy_road/share/curvy_road//models/turtlebot3_waffle_pi/model.config
[4.092s] -- Symlinking: /mnt/home/leflarsa/av/ECE480Team4/ros2_ws/install/curvy_road/share/curvy_road//models/turtlebot3_waffle_pi/model.sdf
[4.106s] -- Symlinking: /mnt/home/leflarsa/av/ECE480Team4/ros2_ws/install/curvy_road/share/curvy_road//models/turtlebot3_waffle_robot1/meshes/lds.dae
[4.115s] -- Symlinking: /mnt/home/leflarsa/av/ECE480Team4/ros2_ws/install/curvy_road/share/curvy_road//models/turtlebot3_waffle_robot1/meshes/r200.dae
[4.124s] -- Symlinking: /mnt/home/leflarsa/av/ECE480Team4/ros2_ws/install/curvy_road/share/curvy_road//models/turtlebot3_waffle_robot1/meshes/tire.dae
[4.133s] -- Symlinking: /mnt/home/leflarsa/av/ECE480Team4/ros2_ws/install/curvy_road/share/curvy_road//models/turtlebot3_waffle_robot1/meshes/waffle_base.dae
[4.141s] -- Symlinking: /mnt/home/leflarsa/av/ECE480Team4/ros2_ws/install/curvy_road/share/curvy_road//models/turtlebot3_waffle_robot1/model-1_4.sdf
[4.150s] -- Symlinking: /mnt/home/leflarsa/av/ECE480Team4/ros2_ws/install/curvy_road/share/curvy_road//models/turtlebot3_waffle_robot1/model.config
[4.159s] -- Symlinking: /mnt/home/leflarsa/av/ECE480Team4/ros2_ws/install/curvy_road/share/curvy_road//models/turtlebot3_waffle_robot1/model.sdf
[4.173s] -- Symlinking: /mnt/home/leflarsa/av/ECE480Team4/ros2_ws/install/curvy_road/share/curvy_road//models/turtlebot3_world/meshes/hexagon.dae
[4.181s] -- Symlinking: /mnt/home/leflarsa/av/ECE480Team4/ros2_ws/install/curvy_road/share/curvy_road//models/turtlebot3_world/meshes/wall.dae
[4.189s] -- Symlinking: /mnt/home/leflarsa/av/ECE480Team4/ros2_ws/install/curvy_road/share/curvy_road//models/turtlebot3_world/model-1_4.sdf
[4.206s] -- Symlinking: /mnt/home/leflarsa/av/ECE480Team4/ros2_ws/install/curvy_road/share/curvy_road//models/turtlebot3_world/model.config
[4.214s] -- Symlinking: /mnt/home/leflarsa/av/ECE480Team4/ros2_ws/install/curvy_road/share/curvy_road//models/turtlebot3_world/model.sdf
[4.230s] -- Symlinking: /mnt/home/leflarsa/av/ECE480Team4/ros2_ws/install/curvy_road/share/curvy_road//rviz/tb3_gazebo.rviz
[4.246s] -- Symlinking: /mnt/home/leflarsa/av/ECE480Team4/ros2_ws/install/curvy_road/share/curvy_road//worlds/empty_worlds/burger.model
[4.255s] -- Symlinking: /mnt/home/leflarsa/av/ECE480Team4/ros2_ws/install/curvy_road/share/curvy_road//worlds/empty_worlds/waffle.model
[4.264s] -- Symlinking: /mnt/home/leflarsa/av/ECE480Team4/ros2_ws/install/curvy_road/share/curvy_road//worlds/empty_worlds/waffle_pi.model
[4.279s] -- Symlinking: /mnt/home/leflarsa/av/ECE480Team4/ros2_ws/install/curvy_road/share/curvy_road//worlds/turtlebot3_curvy_road/burger.model
[4.287s] -- Symlinking: /mnt/home/leflarsa/av/ECE480Team4/ros2_ws/install/curvy_road/share/curvy_road//worlds/turtlebot3_curvy_road/waffle.model
[4.296s] -- Symlinking: /mnt/home/leflarsa/av/ECE480Team4/ros2_ws/install/curvy_road/share/curvy_road//worlds/turtlebot3_curvy_road/waffle_pi.model
[4.307s] -- Symlinking: /mnt/home/leflarsa/av/ECE480Team4/ros2_ws/install/curvy_road/share/curvy_road//worlds/turtlebot3_worlds/burger.model
[4.315s] -- Symlinking: /mnt/home/leflarsa/av/ECE480Team4/ros2_ws/install/curvy_road/share/curvy_road//worlds/turtlebot3_worlds/waffle.model
[4.324s] -- Symlinking: /mnt/home/leflarsa/av/ECE480Team4/ros2_ws/install/curvy_road/share/curvy_road//worlds/turtlebot3_worlds/waffle_pi.model
[4.339s] -- Symlinking: /mnt/home/leflarsa/av/ECE480Team4/ros2_ws/install/curvy_road/share/ament_index/resource_index/package_run_dependencies/curvy_road
[4.351s] -- Symlinking: /mnt/home/leflarsa/av/ECE480Team4/ros2_ws/install/curvy_road/share/ament_index/resource_index/parent_prefix_path/curvy_road
[4.363s] -- Symlinking: /mnt/home/leflarsa/av/ECE480Team4/ros2_ws/install/curvy_road/share/curvy_road/environment/ament_prefix_path.sh
[4.372s] -- Symlinking: /mnt/home/leflarsa/av/ECE480Team4/ros2_ws/install/curvy_road/share/curvy_road/environment/ament_prefix_path.dsv
[4.380s] -- Symlinking: /mnt/home/leflarsa/av/ECE480Team4/ros2_ws/install/curvy_road/share/curvy_road/environment/path.sh
[4.389s] -- Symlinking: /mnt/home/leflarsa/av/ECE480Team4/ros2_ws/install/curvy_road/share/curvy_road/environment/path.dsv
[4.398s] -- Symlinking: /mnt/home/leflarsa/av/ECE480Team4/ros2_ws/install/curvy_road/share/curvy_road/local_setup.bash
[4.407s] -- Symlinking: /mnt/home/leflarsa/av/ECE480Team4/ros2_ws/install/curvy_road/share/curvy_road/local_setup.sh
[4.417s] -- Symlinking: /mnt/home/leflarsa/av/ECE480Team4/ros2_ws/install/curvy_road/share/curvy_road/local_setup.zsh
[4.425s] -- Symlinking: /mnt/home/leflarsa/av/ECE480Team4/ros2_ws/install/curvy_road/share/curvy_road/local_setup.dsv
[4.435s] -- Symlinking: /mnt/home/leflarsa/av/ECE480Team4/ros2_ws/install/curvy_road/share/curvy_road/package.dsv
[4.447s] -- Symlinking: /mnt/home/leflarsa/av/ECE480Team4/ros2_ws/install/curvy_road/share/ament_index/resource_index/packages/curvy_road
[4.460s] -- Symlinking: /mnt/home/leflarsa/av/ECE480Team4/ros2_ws/install/curvy_road/share/curvy_road/cmake/ament_cmake_export_include_directories-extras.cmake
[4.469s] -- Symlinking: /mnt/home/leflarsa/av/ECE480Team4/ros2_ws/install/curvy_road/share/curvy_road/cmake/ament_cmake_export_dependencies-extras.cmake
[4.478s] -- Symlinking: /mnt/home/leflarsa/av/ECE480Team4/ros2_ws/install/curvy_road/share/curvy_road/cmake/curvy_roadConfig.cmake
[4.486s] -- Symlinking: /mnt/home/leflarsa/av/ECE480Team4/ros2_ws/install/curvy_road/share/curvy_road/cmake/curvy_roadConfig-version.cmake
[4.495s] -- Symlinking: /mnt/home/leflarsa/av/ECE480Team4/ros2_ws/install/curvy_road/share/curvy_road/package.xml
