[1.235s] Invoking command in '/mnt/home/ramosriv/av/ECE480Team4/ros2_ws/src/racing_line': PS1=jazzy:\u@\h:\w\$ PYTHONPATH=/mnt/home/ramosriv/av/ECE480Team4/ros2_ws/build/racing_line/prefix_override:/usr/lib/python3/dist-packages/colcon_core/task/python/colcon_distutils_commands:/mnt/home/ramosriv/av/ECE480Team4/ros2_ws/install/racing_line/lib/python3.12/site-packages:${PYTHONPATH} VIRTUAL_ENV_PROMPT=(.venv) /usr/bin/python3 -W ignore:setup.py install is deprecated -W ignore:easy_install command is deprecated setup.py egg_info --egg-base ../../build/racing_line build --build-base /mnt/home/ramosriv/av/ECE480Team4/ros2_ws/build/racing_line/build install --record /mnt/home/ramosriv/av/ECE480Team4/ros2_ws/build/racing_line/install.log --single-version-externally-managed install_data
[1.520s] running egg_info
[1.521s] creating ../../build/racing_line/racing_line.egg-info
[1.542s] writing ../../build/racing_line/racing_line.egg-info/PKG-INFO
[1.547s] writing dependency_links to ../../build/racing_line/racing_line.egg-info/dependency_links.txt
[1.550s] writing entry points to ../../build/racing_line/racing_line.egg-info/entry_points.txt
[1.552s] writing requirements to ../../build/racing_line/racing_line.egg-info/requires.txt
[1.553s] writing top-level names to ../../build/racing_line/racing_line.egg-info/top_level.txt
[1.556s] writing manifest file '../../build/racing_line/racing_line.egg-info/SOURCES.txt'
[1.599s] reading manifest file '../../build/racing_line/racing_line.egg-info/SOURCES.txt'
[1.602s] writing manifest file '../../build/racing_line/racing_line.egg-info/SOURCES.txt'
[1.602s] running build
[1.602s] running build_py
[1.603s] creating /mnt/home/ramosriv/av/ECE480Team4/ros2_ws/build/racing_line/build
[1.605s] creating /mnt/home/ramosriv/av/ECE480Team4/ros2_ws/build/racing_line/build/lib
[1.607s] creating /mnt/home/ramosriv/av/ECE480Team4/ros2_ws/build/racing_line/build/lib/racing_line
[1.609s] copying racing_line/__init__.py -> /mnt/home/ramosriv/av/ECE480Team4/ros2_ws/build/racing_line/build/lib/racing_line
[1.611s] copying racing_line/racing_line.py -> /mnt/home/ramosriv/av/ECE480Team4/ros2_ws/build/racing_line/build/lib/racing_line
[1.614s] running install
[1.621s] running install_lib
[1.644s] creating /mnt/home/ramosriv/av/ECE480Team4/ros2_ws/install/racing_line/lib/python3.12/site-packages/racing_line
[1.646s] copying /mnt/home/ramosriv/av/ECE480Team4/ros2_ws/build/racing_line/build/lib/racing_line/__init__.py -> /mnt/home/ramosriv/av/ECE480Team4/ros2_ws/install/racing_line/lib/python3.12/site-packages/racing_line
[1.649s] copying /mnt/home/ramosriv/av/ECE480Team4/ros2_ws/build/racing_line/build/lib/racing_line/racing_line.py -> /mnt/home/ramosriv/av/ECE480Team4/ros2_ws/install/racing_line/lib/python3.12/site-packages/racing_line
[1.652s] byte-compiling /mnt/home/ramosriv/av/ECE480Team4/ros2_ws/install/racing_line/lib/python3.12/site-packages/racing_line/__init__.py to __init__.cpython-312.pyc
[1.659s] byte-compiling /mnt/home/ramosriv/av/ECE480Team4/ros2_ws/install/racing_line/lib/python3.12/site-packages/racing_line/racing_line.py to racing_line.cpython-312.pyc
[1.665s] running install_data
[1.666s] creating /mnt/home/ramosriv/av/ECE480Team4/ros2_ws/install/racing_line/share/ament_index
[1.667s] creating /mnt/home/ramosriv/av/ECE480Team4/ros2_ws/install/racing_line/share/ament_index/resource_index
[1.668s] creating /mnt/home/ramosriv/av/ECE480Team4/ros2_ws/install/racing_line/share/ament_index/resource_index/packages
[1.670s] copying resource/racing_line -> /mnt/home/ramosriv/av/ECE480Team4/ros2_ws/install/racing_line/share/ament_index/resource_index/packages
[1.675s] copying package.xml -> /mnt/home/ramosriv/av/ECE480Team4/ros2_ws/install/racing_line/share/racing_line
[1.676s] running install_egg_info
[1.698s] Copying ../../build/racing_line/racing_line.egg-info to /mnt/home/ramosriv/av/ECE480Team4/ros2_ws/install/racing_line/lib/python3.12/site-packages/racing_line-0.0.0-py3.12.egg-info
[1.724s] running install_scripts
[1.886s] Installing racing_line script to /mnt/home/ramosriv/av/ECE480Team4/ros2_ws/install/racing_line/lib/racing_line_pkg
[1.890s] writing list of installed files to '/mnt/home/ramosriv/av/ECE480Team4/ros2_ws/build/racing_line/install.log'
[1.921s] Invoked command in '/mnt/home/ramosriv/av/ECE480Team4/ros2_ws/src/racing_line' returned '0': PS1=jazzy:\u@\h:\w\$ PYTHONPATH=/mnt/home/ramosriv/av/ECE480Team4/ros2_ws/build/racing_line/prefix_override:/usr/lib/python3/dist-packages/colcon_core/task/python/colcon_distutils_commands:/mnt/home/ramosriv/av/ECE480Team4/ros2_ws/install/racing_line/lib/python3.12/site-packages:${PYTHONPATH} VIRTUAL_ENV_PROMPT=(.venv) /usr/bin/python3 -W ignore:setup.py install is deprecated -W ignore:easy_install command is deprecated setup.py egg_info --egg-base ../../build/racing_line build --build-base /mnt/home/ramosriv/av/ECE480Team4/ros2_ws/build/racing_line/build install --record /mnt/home/ramosriv/av/ECE480Team4/ros2_ws/build/racing_line/install.log --single-version-externally-managed install_data
