running develop
running egg_info
creating vesc_control.egg-info
writing vesc_control.egg-info/PKG-INFO
writing dependency_links to vesc_control.egg-info/dependency_links.txt
writing entry points to vesc_control.egg-info/entry_points.txt
writing requirements to vesc_control.egg-info/requires.txt
writing top-level names to vesc_control.egg-info/top_level.txt
writing manifest file 'vesc_control.egg-info/SOURCES.txt'
reading manifest file 'vesc_control.egg-info/SOURCES.txt'
writing manifest file 'vesc_control.egg-info/SOURCES.txt'
running build_ext
Creating /home/eceteam4/ECE480Team4/ros2_ws/install/vesc_control/lib/python3.10/site-packages/vesc-control.egg-link (link to .)
Installing vesc_bridge script to /home/eceteam4/ECE480Team4/ros2_ws/install/vesc_control/lib/vesc_control

Installed /home/eceteam4/ECE480Team4/ros2_ws/build/vesc_control
running symlink_data
creating /home/eceteam4/ECE480Team4/ros2_ws/install/vesc_control/share/ament_index
creating /home/eceteam4/ECE480Team4/ros2_ws/install/vesc_control/share/ament_index/resource_index
creating /home/eceteam4/ECE480Team4/ros2_ws/install/vesc_control/share/ament_index/resource_index/packages
symbolically linking /home/eceteam4/ECE480Team4/ros2_ws/build/vesc_control/resource/vesc_control -> /home/eceteam4/ECE480Team4/ros2_ws/install/vesc_control/share/ament_index/resource_index/packages
symbolically linking /home/eceteam4/ECE480Team4/ros2_ws/build/vesc_control/package.xml -> /home/eceteam4/ECE480Team4/ros2_ws/install/vesc_control/share/vesc_control
