[1.653s] Invoking command in '/home/eceteam4/ECE480Team4/ros2_ws/build/vesc_control': PYTHONPATH=/home/eceteam4/ECE480Team4/ros2_ws/build/vesc_control/prefix_override:/usr/lib/python3/dist-packages/colcon_core/task/python/colcon_distutils_commands:/home/eceteam4/ECE480Team4/ros2_ws/install/vesc_control/lib/python3.10/site-packages:${PYTHONPATH} /usr/bin/python3 -W ignore:setup.py install is deprecated -W ignore:easy_install command is deprecated setup.py develop --editable --build-directory /home/eceteam4/ECE480Team4/ros2_ws/build/vesc_control/build --no-deps symlink_data
[2.329s] running develop
[2.711s] running egg_info
[2.711s] creating vesc_control.egg-info
[2.711s] writing vesc_control.egg-info/PKG-INFO
[2.711s] writing dependency_links to vesc_control.egg-info/dependency_links.txt
[2.712s] writing entry points to vesc_control.egg-info/entry_points.txt
[2.712s] writing requirements to vesc_control.egg-info/requires.txt
[2.712s] writing top-level names to vesc_control.egg-info/top_level.txt
[2.713s] writing manifest file 'vesc_control.egg-info/SOURCES.txt'
[2.716s] reading manifest file 'vesc_control.egg-info/SOURCES.txt'
[2.717s] writing manifest file 'vesc_control.egg-info/SOURCES.txt'
[2.720s] running build_ext
[2.720s] Creating /home/eceteam4/ECE480Team4/ros2_ws/install/vesc_control/lib/python3.10/site-packages/vesc-control.egg-link (link to .)
[2.722s] Installing vesc_bridge script to /home/eceteam4/ECE480Team4/ros2_ws/install/vesc_control/lib/vesc_control
[2.722s] 
[2.723s] Installed /home/eceteam4/ECE480Team4/ros2_ws/build/vesc_control
[2.723s] running symlink_data
[2.723s] creating /home/eceteam4/ECE480Team4/ros2_ws/install/vesc_control/share/ament_index
[2.723s] creating /home/eceteam4/ECE480Team4/ros2_ws/install/vesc_control/share/ament_index/resource_index
[2.723s] creating /home/eceteam4/ECE480Team4/ros2_ws/install/vesc_control/share/ament_index/resource_index/packages
[2.723s] symbolically linking /home/eceteam4/ECE480Team4/ros2_ws/build/vesc_control/resource/vesc_control -> /home/eceteam4/ECE480Team4/ros2_ws/install/vesc_control/share/ament_index/resource_index/packages
[2.724s] symbolically linking /home/eceteam4/ECE480Team4/ros2_ws/build/vesc_control/package.xml -> /home/eceteam4/ECE480Team4/ros2_ws/install/vesc_control/share/vesc_control
[2.808s] Invoked command in '/home/eceteam4/ECE480Team4/ros2_ws/build/vesc_control' returned '0': PYTHONPATH=/home/eceteam4/ECE480Team4/ros2_ws/build/vesc_control/prefix_override:/usr/lib/python3/dist-packages/colcon_core/task/python/colcon_distutils_commands:/home/eceteam4/ECE480Team4/ros2_ws/install/vesc_control/lib/python3.10/site-packages:${PYTHONPATH} /usr/bin/python3 -W ignore:setup.py install is deprecated -W ignore:easy_install command is deprecated setup.py develop --editable --build-directory /home/eceteam4/ECE480Team4/ros2_ws/build/vesc_control/build --no-deps symlink_data
