[0.111s] Invoking command in '/mnt/home/leflarsa/autonomous-vehicle-project/ros2_ws/build/curvy_road': CMAKE_PREFIX_PATH=/opt/ros/humble PS1=humble:\u@\h:\w\$ /usr/bin/cmake /mnt/home/leflarsa/autonomous-vehicle-project/ros2_ws/curvy_road -DAMENT_CMAKE_SYMLINK_INSTALL=1 -DCMAKE_INSTALL_PREFIX=/mnt/home/leflarsa/autonomous-vehicle-project/ros2_ws/install/curvy_road
[0.964s] -- The C compiler identification is GNU 11.4.0
[1.216s] -- The CXX compiler identification is GNU 11.4.0
[1.255s] -- Detecting C compiler ABI info
[1.511s] -- Detecting C compiler ABI info - done
[1.532s] -- Check for working C compiler: /usr/bin/cc - skipped
[1.533s] -- Detecting C compile features
[1.537s] -- Detecting C compile features - done
[1.553s] -- Detecting CXX compiler ABI info
[1.764s] -- Detecting CXX compiler ABI info - done
[1.785s] -- Check for working CXX compiler: /usr/bin/c++ - skipped
[1.785s] -- Detecting CXX compile features
[1.786s] -- Detecting CXX compile features - done
[1.802s] -- Found ament_cmake: 1.3.12 (/opt/ros/humble/share/ament_cmake/cmake)
[1.966s] -- Found Python3: /usr/bin/python3 (found version "3.10.12") found components: Interpreter 
[2.090s] -- Override CMake install command with custom implementation using symlinks instead of copying resources
[2.225s] -- Found PkgConfig: /usr/bin/pkg-config (found version "0.29.2") 
[2.229s] -- Checking for module 'bullet>=2.82'
[2.299s] --   Found bullet, version 3.05
[2.427s] -- Found fcl: /usr/include (found suitable version "0.7.0", minimum required is "0.5.0") 
[2.475s] -- Found assimp: /usr/include (found version "5.2.0") 
[2.515s] -- Found DART: /usr/include (Required is at least version "6.6") found components: dart 
[3.047s] -- Found Boost: /usr/lib/x86_64-linux-gnu/cmake/Boost-1.74.0/BoostConfig.cmake (found suitable version "1.74.0", minimum required is "1.40.0") found components: thread system filesystem program_options regex iostreams date_time 
[3.111s] -- Found Protobuf: /usr/lib/x86_64-linux-gnu/libprotobuf.so (found version "3.12.4") 
[3.121s] -- Looking for ignition-math6 -- found version 6.15.1
[3.162s] -- Searching for dependencies of ignition-math6
[3.168s] -- Looking for OGRE...
[3.168s] -- OGRE_PREFIX_WATCH changed.
[3.173s] -- Checking for module 'OGRE'
[3.186s] --   Found OGRE, version 1.9.0
[3.221s] -- Found Ogre Ghadamon (1.9.0)
[3.232s] -- Found OGRE: optimized;/usr/lib/x86_64-linux-gnu/libOgreMain.so;debug;/usr/lib/x86_64-linux-gnu/libOgreMain.so
[3.242s] -- Looking for OGRE_Paging...
[3.246s] -- Found OGRE_Paging: optimized;/usr/lib/x86_64-linux-gnu/libOgrePaging.so;debug;/usr/lib/x86_64-linux-gnu/libOgrePaging.so
[3.246s] -- Looking for OGRE_Terrain...
[3.250s] -- Found OGRE_Terrain: optimized;/usr/lib/x86_64-linux-gnu/libOgreTerrain.so;debug;/usr/lib/x86_64-linux-gnu/libOgreTerrain.so
[3.251s] -- Looking for OGRE_Property...
[3.255s] -- Found OGRE_Property: optimized;/usr/lib/x86_64-linux-gnu/libOgreProperty.so;debug;/usr/lib/x86_64-linux-gnu/libOgreProperty.so
[3.255s] -- Looking for OGRE_RTShaderSystem...
[3.259s] -- Found OGRE_RTShaderSystem: optimized;/usr/lib/x86_64-linux-gnu/libOgreRTShaderSystem.so;debug;/usr/lib/x86_64-linux-gnu/libOgreRTShaderSystem.so
[3.259s] -- Looking for OGRE_Volume...
[3.263s] -- Found OGRE_Volume: optimized;/usr/lib/x86_64-linux-gnu/libOgreVolume.so;debug;/usr/lib/x86_64-linux-gnu/libOgreVolume.so
[3.263s] -- Looking for OGRE_Overlay...
[3.268s] -- Found OGRE_Overlay: optimized;/usr/lib/x86_64-linux-gnu/libOgreOverlay.so;debug;/usr/lib/x86_64-linux-gnu/libOgreOverlay.so
[3.355s] -- Looking for ignition-math6 -- found version 6.15.1
[3.359s] -- Looking for ignition-transport8 -- found version 8.2.1
[3.360s] -- Searching for dependencies of ignition-transport8
[3.385s] -- Found Protobuf: /usr/lib/x86_64-linux-gnu/libprotobuf.so (found suitable version "3.12.4", minimum required is "3") 
[3.400s] -- Config-file not installed for ZeroMQ -- checking for pkg-config
[3.405s] -- Checking for module 'libzmq >= 4'
[3.424s] --   Found libzmq , version 4.3.4
[3.466s] -- Found ZeroMQ: TRUE (Required is at least version "4") 
[3.473s] -- Checking for module 'uuid'
[3.486s] --   Found uuid, version 2.37.2
[3.516s] -- Found UUID: TRUE  
[3.521s] -- Looking for ignition-msgs5 -- found version 5.8.1
[3.522s] -- Searching for dependencies of ignition-msgs5
[3.544s] -- Looking for ignition-math6 -- found version 6.15.1
[3.549s] -- Checking for module 'tinyxml2'
[3.562s] --   Found tinyxml2, version 9.0.0
[3.594s] -- Looking for ignition-msgs5 -- found version 5.8.1
[3.599s] -- Looking for ignition-common3 -- found version 3.14.0
[3.599s] -- Searching for dependencies of ignition-common3
[3.601s] -- Looking for dlfcn.h - found
[3.602s] -- Looking for libdl - found
[3.603s] -- Found DL: TRUE  
[3.622s] -- Found tinyobjloader: /usr/lib/x86_64-linux-gnu/cmake/tinyobjloader/tinyobjloader-config.cmake (found version "2.0.0") 
[3.623s] -- Searching for <ignition-common3> component [graphics]
[3.628s] -- Looking for ignition-common3-graphics -- found version 3.14.0
[3.628s] -- Searching for dependencies of ignition-common3-graphics
[3.629s] -- Looking for ignition-math6 -- found version 6.15.1
[3.634s] -- Looking for ignition-fuel_tools4 -- found version 4.4.0
[3.635s] -- Searching for dependencies of ignition-fuel_tools4
[3.715s] -- Found CURL: /usr/lib/x86_64-linux-gnu/libcurl.so (found version "7.81.0")  
[3.726s] -- Checking for module 'jsoncpp'
[3.739s] --   Found jsoncpp, version 1.9.5
[3.770s] -- Found JSONCPP: TRUE  
[3.815s] -- Checking for module 'libzip'
[3.828s] --   Found libzip, version 1.7.3
[3.859s] -- Found ZIP: TRUE  
[3.859s] -- Looking for ignition-common3 -- found version 3.14.0
[3.860s] -- Looking for ignition-math6 -- found version 6.15.1
[3.860s] -- Looking for ignition-msgs5 -- found version 5.8.1
[3.872s] -- Found gazebo_ros_pkgs: 3.9.0 (/opt/ros/humble/share/gazebo_ros_pkgs/cmake)
[3.876s] -- Found geometry_msgs: 4.9.0 (/opt/ros/humble/share/geometry_msgs/cmake)
[3.954s] -- Found rosidl_generator_c: 3.1.7 (/opt/ros/humble/share/rosidl_generator_c/cmake)
[3.964s] -- Found rosidl_adapter: 3.1.7 (/opt/ros/humble/share/rosidl_adapter/cmake)
[3.980s] -- Found rosidl_generator_cpp: 3.1.7 (/opt/ros/humble/share/rosidl_generator_cpp/cmake)
[4.002s] -- Using all available rosidl_typesupport_c: rosidl_typesupport_fastrtps_c;rosidl_typesupport_introspection_c
[4.031s] -- Using all available rosidl_typesupport_cpp: rosidl_typesupport_fastrtps_cpp;rosidl_typesupport_introspection_cpp
[4.095s] -- Found nav_msgs: 4.9.0 (/opt/ros/humble/share/nav_msgs/cmake)
[4.120s] -- Found rclcpp: 16.0.14 (/opt/ros/humble/share/rclcpp/cmake)
[4.189s] -- Found rmw_implementation_cmake: 6.1.2 (/opt/ros/humble/share/rmw_implementation_cmake/cmake)
[4.193s] -- Found rmw_fastrtps_cpp: 6.2.8 (/opt/ros/humble/share/rmw_fastrtps_cpp/cmake)
[4.314s] -- Found OpenSSL: /usr/lib/x86_64-linux-gnu/libcrypto.so (found version "3.0.2")  
[4.343s] -- Found FastRTPS: /opt/ros/humble/include  
[4.392s] -- Using RMW implementation 'rmw_fastrtps_cpp' as default
[4.410s] -- Found Threads: TRUE  
[4.468s] -- Found sensor_msgs: 4.9.0 (/opt/ros/humble/share/sensor_msgs/cmake)
[4.491s] -- Found tf2: 0.25.16 (/opt/ros/humble/share/tf2/cmake)
[4.758s] -- Configuring done
[4.884s] -- Generating done
[4.972s] -- Build files have been written to: /mnt/home/leflarsa/autonomous-vehicle-project/ros2_ws/build/curvy_road
