[0.542s] Invoking command in '/home/eceteam4/ECE480Team4/build/vesc_ackermann': AMENT_PREFIX_PATH=/home/eceteam4/ECE480Team4/install/vesc_msgs:${AMENT_PREFIX_PATH} CMAKE_PREFIX_PATH=/home/eceteam4/ECE480Team4/install/vesc_msgs:/opt/ros/humble LD_LIBRARY_PATH=/home/eceteam4/ECE480Team4/install/vesc_msgs/lib:${LD_LIBRARY_PATH} PYTHONPATH=/home/eceteam4/ECE480Team4/install/vesc_msgs/local/lib/python3.10/dist-packages:${PYTHONPATH} /usr/bin/cmake --build /home/eceteam4/ECE480Team4/build/vesc_ackermann -- -j6 -l6
[0.635s] [35m[1mConsolidate compiler generated dependencies of target vesc_ackermann[0m
[0.695s] [ 42%] Built target vesc_ackermann
[0.712s] [ 71%] Built target ackermann_to_vesc_node
[0.734s] [100%] Built target vesc_to_odom_node
[0.756s] Invoked command in '/home/eceteam4/ECE480Team4/build/vesc_ackermann' returned '0': AMENT_PREFIX_PATH=/home/eceteam4/ECE480Team4/install/vesc_msgs:${AMENT_PREFIX_PATH} CMAKE_PREFIX_PATH=/home/eceteam4/ECE480Team4/install/vesc_msgs:/opt/ros/humble LD_LIBRARY_PATH=/home/eceteam4/ECE480Team4/install/vesc_msgs/lib:${LD_LIBRARY_PATH} PYTHONPATH=/home/eceteam4/ECE480Team4/install/vesc_msgs/local/lib/python3.10/dist-packages:${PYTHONPATH} /usr/bin/cmake --build /home/eceteam4/ECE480Team4/build/vesc_ackermann -- -j6 -l6
[0.757s] Invoking command in '/home/eceteam4/ECE480Team4/build/vesc_ackermann': AMENT_PREFIX_PATH=/home/eceteam4/ECE480Team4/install/vesc_msgs:${AMENT_PREFIX_PATH} CMAKE_PREFIX_PATH=/home/eceteam4/ECE480Team4/install/vesc_msgs:/opt/ros/humble LD_LIBRARY_PATH=/home/eceteam4/ECE480Team4/install/vesc_msgs/lib:${LD_LIBRARY_PATH} PYTHONPATH=/home/eceteam4/ECE480Team4/install/vesc_msgs/local/lib/python3.10/dist-packages:${PYTHONPATH} /usr/bin/cmake --install /home/eceteam4/ECE480Team4/build/vesc_ackermann
[0.772s] -- Install configuration: ""
[0.775s] -- Execute custom install script
[0.775s] -- Up-to-date symlink: /home/eceteam4/ECE480Team4/install/vesc_ackermann/lib/vesc_ackermann/ackermann_to_vesc_node
[0.775s] -- Up-to-date symlink: /home/eceteam4/ECE480Team4/install/vesc_ackermann/lib/vesc_ackermann/vesc_to_odom_node
[0.775s] -- Up-to-date symlink: /home/eceteam4/ECE480Team4/install/vesc_ackermann/include/vesc_ackermann/ackermann_to_vesc.hpp
[0.776s] -- Up-to-date symlink: /home/eceteam4/ECE480Team4/install/vesc_ackermann/include/vesc_ackermann/vesc_to_odom.hpp
[0.776s] -- Up-to-date symlink: /home/eceteam4/ECE480Team4/install/vesc_ackermann/share/vesc_ackermann/environment/library_path.sh
[0.777s] -- Up-to-date symlink: /home/eceteam4/ECE480Team4/install/vesc_ackermann/share/vesc_ackermann/environment/library_path.dsv
[0.778s] -- Up-to-date symlink: /home/eceteam4/ECE480Team4/install/vesc_ackermann/lib/libvesc_ackermann.so
[0.778s] -- Up-to-date symlink: /home/eceteam4/ECE480Team4/install/vesc_ackermann/share/vesc_ackermann/launch/ackermann_to_vesc_node.launch.xml
[0.779s] -- Up-to-date symlink: /home/eceteam4/ECE480Team4/install/vesc_ackermann/share/vesc_ackermann/launch/vesc_to_odom_node.launch.xml
[0.780s] -- Up-to-date symlink: /home/eceteam4/ECE480Team4/install/vesc_ackermann/share/ament_index/resource_index/package_run_dependencies/vesc_ackermann
[0.780s] -- Up-to-date symlink: /home/eceteam4/ECE480Team4/install/vesc_ackermann/share/ament_index/resource_index/parent_prefix_path/vesc_ackermann
[0.781s] -- Up-to-date symlink: /home/eceteam4/ECE480Team4/install/vesc_ackermann/share/vesc_ackermann/environment/ament_prefix_path.sh
[0.781s] -- Up-to-date symlink: /home/eceteam4/ECE480Team4/install/vesc_ackermann/share/vesc_ackermann/environment/ament_prefix_path.dsv
[0.782s] -- Up-to-date symlink: /home/eceteam4/ECE480Team4/install/vesc_ackermann/share/vesc_ackermann/environment/path.sh
[0.783s] -- Up-to-date symlink: /home/eceteam4/ECE480Team4/install/vesc_ackermann/share/vesc_ackermann/environment/path.dsv
[0.783s] -- Up-to-date symlink: /home/eceteam4/ECE480Team4/install/vesc_ackermann/share/vesc_ackermann/local_setup.bash
[0.784s] -- Up-to-date symlink: /home/eceteam4/ECE480Team4/install/vesc_ackermann/share/vesc_ackermann/local_setup.sh
[0.784s] -- Up-to-date symlink: /home/eceteam4/ECE480Team4/install/vesc_ackermann/share/vesc_ackermann/local_setup.zsh
[0.785s] -- Up-to-date symlink: /home/eceteam4/ECE480Team4/install/vesc_ackermann/share/vesc_ackermann/local_setup.dsv
[0.785s] -- Symlinking: /home/eceteam4/ECE480Team4/install/vesc_ackermann/share/vesc_ackermann/package.dsv
[0.813s] -- Up-to-date symlink: /home/eceteam4/ECE480Team4/install/vesc_ackermann/share/ament_index/resource_index/packages/vesc_ackermann
[0.813s] -- Up-to-date symlink: /home/eceteam4/ECE480Team4/install/vesc_ackermann/share/ament_index/resource_index/rclcpp_components/vesc_ackermann
[0.814s] -- Up-to-date symlink: /home/eceteam4/ECE480Team4/install/vesc_ackermann/share/vesc_ackermann/cmake/ament_cmake_export_dependencies-extras.cmake
[0.814s] -- Up-to-date symlink: /home/eceteam4/ECE480Team4/install/vesc_ackermann/share/vesc_ackermann/cmake/ament_cmake_export_include_directories-extras.cmake
[0.814s] -- Up-to-date symlink: /home/eceteam4/ECE480Team4/install/vesc_ackermann/share/vesc_ackermann/cmake/ament_cmake_export_libraries-extras.cmake
[0.814s] -- Up-to-date symlink: /home/eceteam4/ECE480Team4/install/vesc_ackermann/share/vesc_ackermann/cmake/vesc_ackermannConfig.cmake
[0.814s] -- Up-to-date symlink: /home/eceteam4/ECE480Team4/install/vesc_ackermann/share/vesc_ackermann/cmake/vesc_ackermannConfig-version.cmake
[0.814s] -- Up-to-date symlink: /home/eceteam4/ECE480Team4/install/vesc_ackermann/share/vesc_ackermann/package.xml
[0.814s] Invoked command in '/home/eceteam4/ECE480Team4/build/vesc_ackermann' returned '0': AMENT_PREFIX_PATH=/home/eceteam4/ECE480Team4/install/vesc_msgs:${AMENT_PREFIX_PATH} CMAKE_PREFIX_PATH=/home/eceteam4/ECE480Team4/install/vesc_msgs:/opt/ros/humble LD_LIBRARY_PATH=/home/eceteam4/ECE480Team4/install/vesc_msgs/lib:${LD_LIBRARY_PATH} PYTHONPATH=/home/eceteam4/ECE480Team4/install/vesc_msgs/local/lib/python3.10/dist-packages:${PYTHONPATH} /usr/bin/cmake --install /home/eceteam4/ECE480Team4/build/vesc_ackermann
