[0.000000] (-) TimerEvent: {}
[0.000346] (curvy_road) JobQueued: {'identifier': 'curvy_road', 'dependencies': OrderedDict()}
[0.000617] (lane_follow) JobQueued: {'identifier': 'lane_follow', 'dependencies': OrderedDict()}
[0.001185] (obstacle_det) JobQueued: {'identifier': 'obstacle_det', 'dependencies': OrderedDict()}
[0.001405] (perception_ml_node) JobQueued: {'identifier': 'perception_ml_node', 'dependencies': OrderedDict()}
[0.001694] (perception_sync_node) JobQueued: {'identifier': 'perception_sync_node', 'dependencies': OrderedDict()}
[0.001817] (sensors_camera_node) JobQueued: {'identifier': 'sensors_camera_node', 'dependencies': OrderedDict()}
[0.001891] (sensors_imu_bridge) JobQueued: {'identifier': 'sensors_imu_bridge', 'dependencies': OrderedDict()}
[0.001965] (sensors_lidar_bridge) JobQueued: {'identifier': 'sensors_lidar_bridge', 'dependencies': OrderedDict()}
[0.002029] (vesc_ackermann) JobQueued: {'identifier': 'vesc_ackermann', 'dependencies': OrderedDict()}
[0.002083] (vesc_control) JobQueued: {'identifier': 'vesc_control', 'dependencies': OrderedDict()}
[0.002149] (vesc_driver) JobQueued: {'identifier': 'vesc_driver', 'dependencies': OrderedDict()}
[0.002197] (vesc) JobQueued: {'identifier': 'vesc', 'dependencies': OrderedDict([('vesc_ackermann', '/home/eceteam4/ECE480Team4/ros2_ws/install/vesc_ackermann'), ('vesc_driver', '/home/eceteam4/ECE480Team4/ros2_ws/install/vesc_driver')])}
[0.002323] (vesc_ackermann) JobStarted: {'identifier': 'vesc_ackermann'}
[0.010614] (vesc_driver) JobStarted: {'identifier': 'vesc_driver'}
[0.013437] (curvy_road) JobStarted: {'identifier': 'curvy_road'}
[0.016189] (lane_follow) JobStarted: {'identifier': 'lane_follow'}
[0.022162] (obstacle_det) JobStarted: {'identifier': 'obstacle_det'}
[0.055892] (perception_ml_node) JobStarted: {'identifier': 'perception_ml_node'}
[0.067091] (vesc_ackermann) JobProgress: {'identifier': 'vesc_ackermann', 'progress': 'cmake'}
[0.067954] (vesc_ackermann) Command: {'cmd': ['/usr/bin/cmake', '/home/eceteam4/ECE480Team4/ros2_ws/src/vesc_ackermann', '-DAMENT_CMAKE_SYMLINK_INSTALL=1', '-DCMAKE_INSTALL_PREFIX=/home/eceteam4/ECE480Team4/ros2_ws/install/vesc_ackermann'], 'cwd': '/home/eceteam4/ECE480Team4/ros2_ws/build/vesc_ackermann', 'env': OrderedDict([('USER', 'eceteam4'), ('XDG_SESSION_TYPE', 'x11'), ('SHLVL', '1'), ('HOME', '/home/eceteam4'), ('OLDPWD', '/home/eceteam4'), ('DESKTOP_SESSION', 'ubuntu'), ('GNOME_SHELL_SESSION_MODE', 'ubuntu'), ('GTK_MODULES', 'gail:atk-bridge'), ('SYSTEMD_EXEC_PID', '1824'), ('DBUS_SESSION_BUS_ADDRESS', 'unix:path=/run/user/1000/bus'), ('COLORTERM', 'truecolor'), ('IM_CONFIG_PHASE', '1'), ('GTK_IM_MODULE', 'ibus'), ('LOGNAME', 'eceteam4'), ('_', '/usr/bin/colcon'), ('XDG_SESSION_CLASS', 'user'), ('PROMPT_DIRTRIM', '4'), ('USERNAME', 'eceteam4'), ('TERM', 'xterm-256color'), ('GNOME_DESKTOP_SESSION_ID', 'this-is-deprecated'), ('WINDOWPATH', '2'), ('PATH', '/home/eceteam4/.local/bin:/usr/local/sbin:/usr/local/bin:/usr/sbin:/usr/bin:/sbin:/bin:/usr/games:/usr/local/games:/snap/bin:/snap/bin'), ('SESSION_MANAGER', 'local/eceteam4-desktop:@/tmp/.ICE-unix/1798,unix/eceteam4-desktop:/tmp/.ICE-unix/1798'), ('XDG_MENU_PREFIX', 'gnome-'), ('GNOME_TERMINAL_SCREEN', '/org/gnome/Terminal/screen/87ae8d3f_6c0b_4383_896f_32dcb5144f82'), ('XDG_RUNTIME_DIR', '/run/user/1000'), ('DISPLAY', ':0'), ('LANG', 'en_US.UTF-8'), ('XDG_CURRENT_DESKTOP', 'ubuntu:GNOME'), ('XMODIFIERS', '@im=ibus'), ('XDG_SESSION_DESKTOP', 'ubuntu'), ('XAUTHORITY', '/run/user/1000/gdm/Xauthority'), ('GNOME_TERMINAL_SERVICE', ':1.98'), ('SSH_AGENT_LAUNCHER', 'gnome-keyring'), ('SSH_AUTH_SOCK', '/run/user/1000/keyring/ssh'), ('SHELL', '/bin/bash'), ('QT_ACCESSIBILITY', '1'), ('GDMSESSION', 'ubuntu'), ('GPG_AGENT_INFO', '/run/user/1000/gnupg/S.gpg-agent:0:1'), ('QT_IM_MODULE', 'ibus'), ('PWD', '/home/eceteam4/ECE480Team4/ros2_ws/build/vesc_ackermann'), ('XDG_CONFIG_DIRS', '/etc/xdg/xdg-ubuntu:/etc/xdg'), ('XDG_DATA_DIRS', '/usr/share/ubuntu:/usr/share/gnome:/usr/local/share/:/usr/share/:/var/lib/snapd/desktop'), ('COLCON', '1'), ('VTE_VERSION', '6800')]), 'shell': False}
[0.071393] (vesc_driver) JobProgress: {'identifier': 'vesc_driver', 'progress': 'cmake'}
[0.072128] (vesc_driver) Command: {'cmd': ['/usr/bin/cmake', '/home/eceteam4/ECE480Team4/ros2_ws/src/vesc_driver', '-DAMENT_CMAKE_SYMLINK_INSTALL=1', '-DCMAKE_INSTALL_PREFIX=/home/eceteam4/ECE480Team4/ros2_ws/install/vesc_driver'], 'cwd': '/home/eceteam4/ECE480Team4/ros2_ws/build/vesc_driver', 'env': OrderedDict([('USER', 'eceteam4'), ('XDG_SESSION_TYPE', 'x11'), ('SHLVL', '1'), ('HOME', '/home/eceteam4'), ('OLDPWD', '/home/eceteam4'), ('DESKTOP_SESSION', 'ubuntu'), ('GNOME_SHELL_SESSION_MODE', 'ubuntu'), ('GTK_MODULES', 'gail:atk-bridge'), ('SYSTEMD_EXEC_PID', '1824'), ('DBUS_SESSION_BUS_ADDRESS', 'unix:path=/run/user/1000/bus'), ('COLORTERM', 'truecolor'), ('IM_CONFIG_PHASE', '1'), ('GTK_IM_MODULE', 'ibus'), ('LOGNAME', 'eceteam4'), ('_', '/usr/bin/colcon'), ('XDG_SESSION_CLASS', 'user'), ('PROMPT_DIRTRIM', '4'), ('USERNAME', 'eceteam4'), ('TERM', 'xterm-256color'), ('GNOME_DESKTOP_SESSION_ID', 'this-is-deprecated'), ('WINDOWPATH', '2'), ('PATH', '/home/eceteam4/.local/bin:/usr/local/sbin:/usr/local/bin:/usr/sbin:/usr/bin:/sbin:/bin:/usr/games:/usr/local/games:/snap/bin:/snap/bin'), ('SESSION_MANAGER', 'local/eceteam4-desktop:@/tmp/.ICE-unix/1798,unix/eceteam4-desktop:/tmp/.ICE-unix/1798'), ('XDG_MENU_PREFIX', 'gnome-'), ('GNOME_TERMINAL_SCREEN', '/org/gnome/Terminal/screen/87ae8d3f_6c0b_4383_896f_32dcb5144f82'), ('XDG_RUNTIME_DIR', '/run/user/1000'), ('DISPLAY', ':0'), ('LANG', 'en_US.UTF-8'), ('XDG_CURRENT_DESKTOP', 'ubuntu:GNOME'), ('XMODIFIERS', '@im=ibus'), ('XDG_SESSION_DESKTOP', 'ubuntu'), ('XAUTHORITY', '/run/user/1000/gdm/Xauthority'), ('GNOME_TERMINAL_SERVICE', ':1.98'), ('SSH_AGENT_LAUNCHER', 'gnome-keyring'), ('SSH_AUTH_SOCK', '/run/user/1000/keyring/ssh'), ('SHELL', '/bin/bash'), ('QT_ACCESSIBILITY', '1'), ('GDMSESSION', 'ubuntu'), ('GPG_AGENT_INFO', '/run/user/1000/gnupg/S.gpg-agent:0:1'), ('QT_IM_MODULE', 'ibus'), ('PWD', '/home/eceteam4/ECE480Team4/ros2_ws/build/vesc_driver'), ('XDG_CONFIG_DIRS', '/etc/xdg/xdg-ubuntu:/etc/xdg'), ('XDG_DATA_DIRS', '/usr/share/ubuntu:/usr/share/gnome:/usr/local/share/:/usr/share/:/var/lib/snapd/desktop'), ('COLCON', '1'), ('VTE_VERSION', '6800')]), 'shell': False}
[0.074779] (curvy_road) JobProgress: {'identifier': 'curvy_road', 'progress': 'cmake'}
[0.075346] (curvy_road) Command: {'cmd': ['/usr/bin/cmake', '/home/eceteam4/ECE480Team4/ros2_ws/src/curvy_road', '-DAMENT_CMAKE_SYMLINK_INSTALL=1', '-DCMAKE_INSTALL_PREFIX=/home/eceteam4/ECE480Team4/ros2_ws/install/curvy_road'], 'cwd': '/home/eceteam4/ECE480Team4/ros2_ws/build/curvy_road', 'env': OrderedDict([('USER', 'eceteam4'), ('XDG_SESSION_TYPE', 'x11'), ('SHLVL', '1'), ('HOME', '/home/eceteam4'), ('OLDPWD', '/home/eceteam4'), ('DESKTOP_SESSION', 'ubuntu'), ('GNOME_SHELL_SESSION_MODE', 'ubuntu'), ('GTK_MODULES', 'gail:atk-bridge'), ('SYSTEMD_EXEC_PID', '1824'), ('DBUS_SESSION_BUS_ADDRESS', 'unix:path=/run/user/1000/bus'), ('COLORTERM', 'truecolor'), ('IM_CONFIG_PHASE', '1'), ('GTK_IM_MODULE', 'ibus'), ('LOGNAME', 'eceteam4'), ('_', '/usr/bin/colcon'), ('XDG_SESSION_CLASS', 'user'), ('PROMPT_DIRTRIM', '4'), ('USERNAME', 'eceteam4'), ('TERM', 'xterm-256color'), ('GNOME_DESKTOP_SESSION_ID', 'this-is-deprecated'), ('WINDOWPATH', '2'), ('PATH', '/home/eceteam4/.local/bin:/usr/local/sbin:/usr/local/bin:/usr/sbin:/usr/bin:/sbin:/bin:/usr/games:/usr/local/games:/snap/bin:/snap/bin'), ('SESSION_MANAGER', 'local/eceteam4-desktop:@/tmp/.ICE-unix/1798,unix/eceteam4-desktop:/tmp/.ICE-unix/1798'), ('XDG_MENU_PREFIX', 'gnome-'), ('GNOME_TERMINAL_SCREEN', '/org/gnome/Terminal/screen/87ae8d3f_6c0b_4383_896f_32dcb5144f82'), ('XDG_RUNTIME_DIR', '/run/user/1000'), ('DISPLAY', ':0'), ('LANG', 'en_US.UTF-8'), ('XDG_CURRENT_DESKTOP', 'ubuntu:GNOME'), ('XMODIFIERS', '@im=ibus'), ('XDG_SESSION_DESKTOP', 'ubuntu'), ('XAUTHORITY', '/run/user/1000/gdm/Xauthority'), ('GNOME_TERMINAL_SERVICE', ':1.98'), ('SSH_AGENT_LAUNCHER', 'gnome-keyring'), ('SSH_AUTH_SOCK', '/run/user/1000/keyring/ssh'), ('SHELL', '/bin/bash'), ('QT_ACCESSIBILITY', '1'), ('GDMSESSION', 'ubuntu'), ('GPG_AGENT_INFO', '/run/user/1000/gnupg/S.gpg-agent:0:1'), ('QT_IM_MODULE', 'ibus'), ('PWD', '/home/eceteam4/ECE480Team4/ros2_ws/build/curvy_road'), ('XDG_CONFIG_DIRS', '/etc/xdg/xdg-ubuntu:/etc/xdg'), ('XDG_DATA_DIRS', '/usr/share/ubuntu:/usr/share/gnome:/usr/local/share/:/usr/share/:/var/lib/snapd/desktop'), ('COLCON', '1'), ('VTE_VERSION', '6800')]), 'shell': False}
[0.099512] (-) TimerEvent: {}
[0.200073] (-) TimerEvent: {}
[0.300679] (-) TimerEvent: {}
[0.401285] (-) TimerEvent: {}
[0.501898] (-) TimerEvent: {}
[0.602523] (-) TimerEvent: {}
[0.703120] (-) TimerEvent: {}
[0.803758] (-) TimerEvent: {}
[0.904461] (-) TimerEvent: {}
[1.005167] (-) TimerEvent: {}
[1.105850] (-) TimerEvent: {}
[1.206486] (-) TimerEvent: {}
[1.307113] (-) TimerEvent: {}
[1.372795] (vesc_ackermann) StdoutLine: {'line': b'-- The C compiler identification is GNU 11.4.0\n'}
[1.375470] (vesc_ackermann) StdoutLine: {'line': b'-- The CXX compiler identification is GNU 11.4.0\n'}
[1.376319] (vesc_ackermann) StdoutLine: {'line': b'-- Detecting C compiler ABI info\n'}
[1.377148] (vesc_ackermann) StdoutLine: {'line': b'-- Detecting C compiler ABI info - done\n'}
[1.377511] (vesc_driver) StdoutLine: {'line': b'-- The C compiler identification is GNU 11.4.0\n'}
[1.378042] (vesc_driver) StdoutLine: {'line': b'-- The CXX compiler identification is GNU 11.4.0\n'}
[1.378425] (vesc_driver) StdoutLine: {'line': b'-- Detecting C compiler ABI info\n'}
[1.379346] (vesc_driver) StdoutLine: {'line': b'-- Detecting C compiler ABI info - done\n'}
[1.379554] (curvy_road) StdoutLine: {'line': b'-- The C compiler identification is GNU 11.4.0\n'}
[1.379772] (curvy_road) StdoutLine: {'line': b'-- The CXX compiler identification is GNU 11.4.0\n'}
[1.379920] (curvy_road) StdoutLine: {'line': b'-- Detecting C compiler ABI info\n'}
[1.380098] (curvy_road) StdoutLine: {'line': b'-- Detecting C compiler ABI info - done\n'}
[1.380221] (curvy_road) StdoutLine: {'line': b'-- Check for working C compiler: /usr/bin/cc - skipped\n'}
[1.380340] (curvy_road) StdoutLine: {'line': b'-- Detecting C compile features\n'}
[1.380454] (curvy_road) StdoutLine: {'line': b'-- Detecting C compile features - done\n'}
[1.384084] (vesc_ackermann) StdoutLine: {'line': b'-- Check for working C compiler: /usr/bin/cc - skipped\n'}
[1.384472] (vesc_ackermann) StdoutLine: {'line': b'-- Detecting C compile features\n'}
[1.384693] (vesc_ackermann) StdoutLine: {'line': b'-- Detecting C compile features - done\n'}
[1.388168] (vesc_driver) StdoutLine: {'line': b'-- Check for working C compiler: /usr/bin/cc - skipped\n'}
[1.388599] (vesc_driver) StdoutLine: {'line': b'-- Detecting C compile features\n'}
[1.389819] (vesc_driver) StdoutLine: {'line': b'-- Detecting C compile features - done\n'}
[1.402747] (vesc_driver) StdoutLine: {'line': b'-- Detecting CXX compiler ABI info\n'}
[1.403467] (curvy_road) StdoutLine: {'line': b'-- Detecting CXX compiler ABI info\n'}
[1.407254] (-) TimerEvent: {}
[1.407954] (vesc_ackermann) StdoutLine: {'line': b'-- Detecting CXX compiler ABI info\n'}
[1.507428] (-) TimerEvent: {}
[1.545948] (vesc_ackermann) StdoutLine: {'line': b'-- Detecting CXX compiler ABI info - done\n'}
[1.561219] (vesc_driver) StdoutLine: {'line': b'-- Detecting CXX compiler ABI info - done\n'}
[1.561704] (vesc_ackermann) StdoutLine: {'line': b'-- Check for working CXX compiler: /usr/bin/c++ - skipped\n'}
[1.561899] (vesc_ackermann) StdoutLine: {'line': b'-- Detecting CXX compile features\n'}
[1.562026] (vesc_ackermann) StdoutLine: {'line': b'-- Detecting CXX compile features - done\n'}
[1.574136] (vesc_driver) StdoutLine: {'line': b'-- Check for working CXX compiler: /usr/bin/c++ - skipped\n'}
[1.574552] (vesc_driver) StdoutLine: {'line': b'-- Detecting CXX compile features\n'}
[1.574698] (vesc_driver) StdoutLine: {'line': b'-- Detecting CXX compile features - done\n'}
[1.574917] (curvy_road) StdoutLine: {'line': b'-- Detecting CXX compiler ABI info - done\n'}
[1.581898] (curvy_road) StdoutLine: {'line': b'-- Check for working CXX compiler: /usr/bin/c++ - skipped\n'}
[1.582329] (curvy_road) StdoutLine: {'line': b'-- Detecting CXX compile features\n'}
[1.583112] (curvy_road) StdoutLine: {'line': b'-- Detecting CXX compile features - done\n'}
[1.584360] (vesc_ackermann) StderrLine: {'line': b'\x1b[31mCMake Error at CMakeLists.txt:13 (find_package):\n'}
[1.584663] (vesc_ackermann) StderrLine: {'line': b'  By not providing "Findament_cmake_auto.cmake" in CMAKE_MODULE_PATH this\n'}
[1.584803] (vesc_ackermann) StderrLine: {'line': b'  project has asked CMake to find a package configuration file provided by\n'}
[1.584922] (vesc_ackermann) StderrLine: {'line': b'  "ament_cmake_auto", but CMake did not find one.\n'}
[1.585030] (vesc_ackermann) StderrLine: {'line': b'\n'}
[1.585134] (vesc_ackermann) StderrLine: {'line': b'  Could not find a package configuration file provided by "ament_cmake_auto"\n'}
[1.585238] (vesc_ackermann) StderrLine: {'line': b'  with any of the following names:\n'}
[1.585339] (vesc_ackermann) StderrLine: {'line': b'\n'}
[1.585437] (vesc_ackermann) StderrLine: {'line': b'    ament_cmake_autoConfig.cmake\n'}
[1.585535] (vesc_ackermann) StderrLine: {'line': b'    ament_cmake_auto-config.cmake\n'}
[1.585776] (vesc_ackermann) StderrLine: {'line': b'\n'}
[1.585891] (vesc_ackermann) StderrLine: {'line': b'  Add the installation prefix of "ament_cmake_auto" to CMAKE_PREFIX_PATH or\n'}
[1.585995] (vesc_ackermann) StderrLine: {'line': b'  set "ament_cmake_auto_DIR" to a directory containing one of the above\n'}
[1.586098] (vesc_ackermann) StderrLine: {'line': b'  files.  If "ament_cmake_auto" provides a separate development package or\n'}
[1.586198] (vesc_ackermann) StderrLine: {'line': b'  SDK, be sure it has been installed.\n'}
[1.586296] (vesc_ackermann) StderrLine: {'line': b'\n'}
[1.586393] (vesc_ackermann) StderrLine: {'line': b'\x1b[0m\n'}
[1.586695] (vesc_ackermann) StdoutLine: {'line': b'-- Configuring incomplete, errors occurred!\n'}
[1.586842] (vesc_ackermann) StdoutLine: {'line': b'See also "/home/eceteam4/ECE480Team4/ros2_ws/build/vesc_ackermann/CMakeFiles/CMakeOutput.log".\n'}
[1.592499] (vesc_driver) StderrLine: {'line': b'\x1b[31mCMake Error at CMakeLists.txt:13 (find_package):\n'}
[1.593297] (vesc_driver) StderrLine: {'line': b'  By not providing "Findament_cmake_auto.cmake" in CMAKE_MODULE_PATH this\n'}
[1.593472] (vesc_driver) StderrLine: {'line': b'  project has asked CMake to find a package configuration file provided by\n'}
[1.593596] (vesc_driver) StderrLine: {'line': b'  "ament_cmake_auto", but CMake did not find one.\n'}
[1.593745] (vesc_driver) StderrLine: {'line': b'\n'}
[1.593854] (vesc_driver) StderrLine: {'line': b'  Could not find a package configuration file provided by "ament_cmake_auto"\n'}
[1.593962] (vesc_driver) StderrLine: {'line': b'  with any of the following names:\n'}
[1.594063] (vesc_driver) StderrLine: {'line': b'\n'}
[1.594163] (vesc_driver) StderrLine: {'line': b'    ament_cmake_autoConfig.cmake\n'}
[1.594264] (vesc_driver) StderrLine: {'line': b'    ament_cmake_auto-config.cmake\n'}
[1.594362] (vesc_driver) StderrLine: {'line': b'\n'}
[1.594458] (vesc_driver) StderrLine: {'line': b'  Add the installation prefix of "ament_cmake_auto" to CMAKE_PREFIX_PATH or\n'}
[1.594556] (vesc_driver) StderrLine: {'line': b'  set "ament_cmake_auto_DIR" to a directory containing one of the above\n'}
[1.594655] (vesc_driver) StderrLine: {'line': b'  files.  If "ament_cmake_auto" provides a separate development package or\n'}
[1.594753] (vesc_driver) StderrLine: {'line': b'  SDK, be sure it has been installed.\n'}
[1.594850] (vesc_driver) StderrLine: {'line': b'\n'}
[1.594947] (vesc_driver) StderrLine: {'line': b'\x1b[0m\n'}
[1.595042] (vesc_driver) StdoutLine: {'line': b'-- Configuring incomplete, errors occurred!\n'}
[1.595160] (vesc_driver) StdoutLine: {'line': b'See also "/home/eceteam4/ECE480Team4/ros2_ws/build/vesc_driver/CMakeFiles/CMakeOutput.log".\n'}
[1.597365] (vesc_ackermann) CommandEnded: {'returncode': 1}
[1.601504] (curvy_road) StderrLine: {'line': b'\x1b[31mCMake Error at CMakeLists.txt:25 (find_package):\n'}
[1.601924] (curvy_road) StderrLine: {'line': b'  By not providing "Findament_cmake.cmake" in CMAKE_MODULE_PATH this project\n'}
[1.602083] (curvy_road) StderrLine: {'line': b'  has asked CMake to find a package configuration file provided by\n'}
[1.602203] (curvy_road) StderrLine: {'line': b'  "ament_cmake", but CMake did not find one.\n'}
[1.602315] (curvy_road) StderrLine: {'line': b'\n'}
[1.602422] (curvy_road) StderrLine: {'line': b'  Could not find a package configuration file provided by "ament_cmake" with\n'}
[1.602525] (curvy_road) StderrLine: {'line': b'  any of the following names:\n'}
[1.602626] (curvy_road) StderrLine: {'line': b'\n'}
[1.602725] (curvy_road) StderrLine: {'line': b'    ament_cmakeConfig.cmake\n'}
[1.602823] (curvy_road) StderrLine: {'line': b'    ament_cmake-config.cmake\n'}
[1.602920] (curvy_road) StderrLine: {'line': b'\n'}
[1.603015] (curvy_road) StderrLine: {'line': b'  Add the installation prefix of "ament_cmake" to CMAKE_PREFIX_PATH or set\n'}
[1.603112] (curvy_road) StderrLine: {'line': b'  "ament_cmake_DIR" to a directory containing one of the above files.  If\n'}
[1.603208] (curvy_road) StderrLine: {'line': b'  "ament_cmake" provides a separate development package or SDK, be sure it\n'}
[1.603304] (curvy_road) StderrLine: {'line': b'  has been installed.\n'}
[1.603399] (curvy_road) StderrLine: {'line': b'\n'}
[1.603492] (curvy_road) StderrLine: {'line': b'\x1b[0m\n'}
[1.603588] (curvy_road) StdoutLine: {'line': b'-- Configuring incomplete, errors occurred!\n'}
[1.603708] (curvy_road) StdoutLine: {'line': b'See also "/home/eceteam4/ECE480Team4/ros2_ws/build/curvy_road/CMakeFiles/CMakeOutput.log".\n'}
[1.607301] (vesc_driver) CommandEnded: {'returncode': 1}
[1.607992] (-) TimerEvent: {}
[1.611002] (curvy_road) CommandEnded: {'returncode': 1}
[1.634588] (vesc_ackermann) JobEnded: {'identifier': 'vesc_ackermann', 'rc': 1}
[1.636546] (vesc_driver) JobEnded: {'identifier': 'vesc_driver', 'rc': 'SIGINT'}
[1.637110] (curvy_road) JobEnded: {'identifier': 'curvy_road', 'rc': 'SIGINT'}
[1.708147] (-) TimerEvent: {}
[1.808709] (-) TimerEvent: {}
[1.909333] (-) TimerEvent: {}
[1.958273] (perception_ml_node) JobEnded: {'identifier': 'perception_ml_node', 'rc': 'SIGINT'}
[1.985743] (lane_follow) JobEnded: {'identifier': 'lane_follow', 'rc': 'SIGINT'}
[1.986710] (obstacle_det) JobEnded: {'identifier': 'obstacle_det', 'rc': 'SIGINT'}
[1.997893] (perception_sync_node) JobSkipped: {'identifier': 'perception_sync_node'}
[1.998189] (sensors_camera_node) JobSkipped: {'identifier': 'sensors_camera_node'}
[1.998386] (sensors_imu_bridge) JobSkipped: {'identifier': 'sensors_imu_bridge'}
[1.998538] (sensors_lidar_bridge) JobSkipped: {'identifier': 'sensors_lidar_bridge'}
[1.998616] (vesc_control) JobSkipped: {'identifier': 'vesc_control'}
[1.998684] (vesc) JobSkipped: {'identifier': 'vesc'}
[1.998754] (-) EventReactorShutdown: {}
