[3.088s] Invoking command in '/home/eceteam4/ECE480Team4/ros2_ws/build/lane_follow': PYTHONPATH=/home/eceteam4/ECE480Team4/ros2_ws/build/lane_follow/prefix_override:/usr/lib/python3/dist-packages/colcon_core/task/python/colcon_distutils_commands:/home/eceteam4/ECE480Team4/ros2_ws/install/lane_follow/lib/python3.10/site-packages:${PYTHONPATH} /usr/bin/python3 -W ignore:setup.py install is deprecated -W ignore:easy_install command is deprecated setup.py develop --editable --build-directory /home/eceteam4/ECE480Team4/ros2_ws/build/lane_follow/build --no-deps symlink_data
[3.841s] running develop
[4.016s] running egg_info
[4.016s] creating lane_follow.egg-info
[4.016s] writing lane_follow.egg-info/PKG-INFO
[4.017s] writing dependency_links to lane_follow.egg-info/dependency_links.txt
[4.017s] writing entry points to lane_follow.egg-info/entry_points.txt
[4.017s] writing requirements to lane_follow.egg-info/requires.txt
[4.018s] writing top-level names to lane_follow.egg-info/top_level.txt
[4.020s] writing manifest file 'lane_follow.egg-info/SOURCES.txt'
[4.026s] reading manifest file 'lane_follow.egg-info/SOURCES.txt'
[4.026s] writing manifest file 'lane_follow.egg-info/SOURCES.txt'
[4.028s] running build_ext
[4.029s] Creating /home/eceteam4/ECE480Team4/ros2_ws/install/lane_follow/lib/python3.10/site-packages/lane-follow.egg-link (link to .)
[4.030s] Installing detect script to /home/eceteam4/ECE480Team4/ros2_ws/install/lane_follow/lib/lane_follow
[4.031s] Installing follow_pid script to /home/eceteam4/ECE480Team4/ros2_ws/install/lane_follow/lib/lane_follow
[4.031s] Installing follow_pure_pursuit script to /home/eceteam4/ECE480Team4/ros2_ws/install/lane_follow/lib/lane_follow
[4.031s] Installing ground_spot script to /home/eceteam4/ECE480Team4/ros2_ws/install/lane_follow/lib/lane_follow
[4.032s] Installing sensors_camera_node script to /home/eceteam4/ECE480Team4/ros2_ws/install/lane_follow/lib/lane_follow
[4.032s] 
[4.032s] Installed /home/eceteam4/ECE480Team4/ros2_ws/build/lane_follow
[4.032s] running symlink_data
[4.033s] creating /home/eceteam4/ECE480Team4/ros2_ws/install/lane_follow/share/ament_index
[4.033s] creating /home/eceteam4/ECE480Team4/ros2_ws/install/lane_follow/share/ament_index/resource_index
[4.033s] creating /home/eceteam4/ECE480Team4/ros2_ws/install/lane_follow/share/ament_index/resource_index/packages
[4.033s] symbolically linking /home/eceteam4/ECE480Team4/ros2_ws/build/lane_follow/resource/lane_follow -> /home/eceteam4/ECE480Team4/ros2_ws/install/lane_follow/share/ament_index/resource_index/packages
[4.033s] symbolically linking /home/eceteam4/ECE480Team4/ros2_ws/build/lane_follow/package.xml -> /home/eceteam4/ECE480Team4/ros2_ws/install/lane_follow/share/lane_follow
[4.033s] creating /home/eceteam4/ECE480Team4/ros2_ws/install/lane_follow/share/lane_follow/launch
[4.034s] symbolically linking /home/eceteam4/ECE480Team4/ros2_ws/build/lane_follow/launch/lane_follow.launch.py -> /home/eceteam4/ECE480Team4/ros2_ws/install/lane_follow/share/lane_follow/launch
[4.159s] Invoked command in '/home/eceteam4/ECE480Team4/ros2_ws/build/lane_follow' returned '0': PYTHONPATH=/home/eceteam4/ECE480Team4/ros2_ws/build/lane_follow/prefix_override:/usr/lib/python3/dist-packages/colcon_core/task/python/colcon_distutils_commands:/home/eceteam4/ECE480Team4/ros2_ws/install/lane_follow/lib/python3.10/site-packages:${PYTHONPATH} /usr/bin/python3 -W ignore:setup.py install is deprecated -W ignore:easy_install command is deprecated setup.py develop --editable --build-directory /home/eceteam4/ECE480Team4/ros2_ws/build/lane_follow/build --no-deps symlink_data
