[0.154s] Invoking command in '/home/eceteam4/ECE480Team4/ros2_ws/build/curvy_road': /usr/bin/cmake --build /home/eceteam4/ECE480Team4/ros2_ws/build/curvy_road -- -j6 -l6
[2.004s] Invoked command in '/home/eceteam4/ECE480Team4/ros2_ws/build/curvy_road' returned '0': /usr/bin/cmake --build /home/eceteam4/ECE480Team4/ros2_ws/build/curvy_road -- -j6 -l6
[2.031s] Invoking command in '/home/eceteam4/ECE480Team4/ros2_ws/build/curvy_road': /usr/bin/cmake --install /home/eceteam4/ECE480Team4/ros2_ws/build/curvy_road
[2.051s] -- Install configuration: ""
[2.053s] -- Execute custom install script
[2.058s] -- Up-to-date symlink: /home/eceteam4/ECE480Team4/ros2_ws/install/curvy_road/share/curvy_road//launch/curvy_road.launch.py
[2.059s] -- Up-to-date symlink: /home/eceteam4/ECE480Team4/ros2_ws/install/curvy_road/share/curvy_road//launch/empty_world.launch.py
[2.060s] -- Up-to-date symlink: /home/eceteam4/ECE480Team4/ros2_ws/install/curvy_road/share/curvy_road//launch/robot_state_publisher.launch.py
[2.061s] -- Up-to-date symlink: /home/eceteam4/ECE480Team4/ros2_ws/install/curvy_road/share/curvy_road//launch/turtlebot3_world.launch.py
[2.081s] -- Up-to-date symlink: /home/eceteam4/ECE480Team4/ros2_ws/install/curvy_road/share/curvy_road//models/turtlebot3_burger/meshes/burger_base.dae
[2.087s] -- Up-to-date symlink: /home/eceteam4/ECE480Team4/ros2_ws/install/curvy_road/share/curvy_road//models/turtlebot3_burger/meshes/lds.dae
[2.089s] -- Up-to-date symlink: /home/eceteam4/ECE480Team4/ros2_ws/install/curvy_road/share/curvy_road//models/turtlebot3_burger/meshes/tire.dae
[2.092s] -- Up-to-date symlink: /home/eceteam4/ECE480Team4/ros2_ws/install/curvy_road/share/curvy_road//models/turtlebot3_burger/model-1_4.sdf
[2.092s] -- Up-to-date symlink: /home/eceteam4/ECE480Team4/ros2_ws/install/curvy_road/share/curvy_road//models/turtlebot3_burger/model.config
[2.096s] -- Up-to-date symlink: /home/eceteam4/ECE480Team4/ros2_ws/install/curvy_road/share/curvy_road//models/turtlebot3_burger/model.sdf
[2.096s] -- Up-to-date symlink: /home/eceteam4/ECE480Team4/ros2_ws/install/curvy_road/share/curvy_road//models/turtlebot3_curvy_road/course/materials/scripts/course.material
[2.097s] -- Up-to-date symlink: /home/eceteam4/ECE480Team4/ros2_ws/install/curvy_road/share/curvy_road//models/turtlebot3_curvy_road/course/materials/textures/road_2.png
[2.097s] -- Up-to-date symlink: /home/eceteam4/ECE480Team4/ros2_ws/install/curvy_road/share/curvy_road//models/turtlebot3_curvy_road/course/materials/textures/road_3.png
[2.098s] -- Up-to-date symlink: /home/eceteam4/ECE480Team4/ros2_ws/install/curvy_road/share/curvy_road//models/turtlebot3_curvy_road/course/model.config
[2.100s] -- Up-to-date symlink: /home/eceteam4/ECE480Team4/ros2_ws/install/curvy_road/share/curvy_road//models/turtlebot3_curvy_road/course/model.sdf
[2.101s] -- Up-to-date symlink: /home/eceteam4/ECE480Team4/ros2_ws/install/curvy_road/share/curvy_road//models/turtlebot3_curvy_road/curvy_road/model.config
[2.109s] -- Up-to-date symlink: /home/eceteam4/ECE480Team4/ros2_ws/install/curvy_road/share/curvy_road//models/turtlebot3_curvy_road/curvy_road/model.sdf
[2.110s] -- Up-to-date symlink: /home/eceteam4/ECE480Team4/ros2_ws/install/curvy_road/share/curvy_road//models/turtlebot3_curvy_road/curvy_road_world/model.config
[2.110s] -- Up-to-date symlink: /home/eceteam4/ECE480Team4/ros2_ws/install/curvy_road/share/curvy_road//models/turtlebot3_curvy_road/curvy_road_world/model.sdf
[2.110s] -- Up-to-date symlink: /home/eceteam4/ECE480Team4/ros2_ws/install/curvy_road/share/curvy_road//models/turtlebot3_curvy_road/model.config
[2.111s] -- Up-to-date symlink: /home/eceteam4/ECE480Team4/ros2_ws/install/curvy_road/share/curvy_road//models/turtlebot3_curvy_road/traffic_parking/materials/scripts/traffic_parking.material
[2.111s] -- Up-to-date symlink: /home/eceteam4/ECE480Team4/ros2_ws/install/curvy_road/share/curvy_road//models/turtlebot3_curvy_road/traffic_parking/materials/textures/traffic_parking.png
[2.111s] -- Up-to-date symlink: /home/eceteam4/ECE480Team4/ros2_ws/install/curvy_road/share/curvy_road//models/turtlebot3_curvy_road/traffic_parking/model.config
[2.112s] -- Up-to-date symlink: /home/eceteam4/ECE480Team4/ros2_ws/install/curvy_road/share/curvy_road//models/turtlebot3_curvy_road/traffic_parking/model.sdf
[2.114s] -- Up-to-date symlink: /home/eceteam4/ECE480Team4/ros2_ws/install/curvy_road/share/curvy_road//models/turtlebot3_waffle/meshes/lds.dae
[2.115s] -- Up-to-date symlink: /home/eceteam4/ECE480Team4/ros2_ws/install/curvy_road/share/curvy_road//models/turtlebot3_waffle/meshes/r200.dae
[2.115s] -- Up-to-date symlink: /home/eceteam4/ECE480Team4/ros2_ws/install/curvy_road/share/curvy_road//models/turtlebot3_waffle/meshes/tire.dae
[2.116s] -- Up-to-date symlink: /home/eceteam4/ECE480Team4/ros2_ws/install/curvy_road/share/curvy_road//models/turtlebot3_waffle/meshes/waffle_base.dae
[2.117s] -- Up-to-date symlink: /home/eceteam4/ECE480Team4/ros2_ws/install/curvy_road/share/curvy_road//models/turtlebot3_waffle/model-1_4.sdf
[2.117s] -- Up-to-date symlink: /home/eceteam4/ECE480Team4/ros2_ws/install/curvy_road/share/curvy_road//models/turtlebot3_waffle/model.config
[2.118s] -- Up-to-date symlink: /home/eceteam4/ECE480Team4/ros2_ws/install/curvy_road/share/curvy_road//models/turtlebot3_waffle/model.sdf
[2.131s] -- Up-to-date symlink: /home/eceteam4/ECE480Team4/ros2_ws/install/curvy_road/share/curvy_road//models/turtlebot3_waffle_pi/meshes/lds.dae
[2.131s] -- Up-to-date symlink: /home/eceteam4/ECE480Team4/ros2_ws/install/curvy_road/share/curvy_road//models/turtlebot3_waffle_pi/meshes/tire.dae
[2.134s] -- Up-to-date symlink: /home/eceteam4/ECE480Team4/ros2_ws/install/curvy_road/share/curvy_road//models/turtlebot3_waffle_pi/meshes/waffle_pi_base.dae
[2.134s] -- Up-to-date symlink: /home/eceteam4/ECE480Team4/ros2_ws/install/curvy_road/share/curvy_road//models/turtlebot3_waffle_pi/model-1_4_.sdf
[2.136s] -- Up-to-date symlink: /home/eceteam4/ECE480Team4/ros2_ws/install/curvy_road/share/curvy_road//models/turtlebot3_waffle_pi/model.config
[2.136s] -- Up-to-date symlink: /home/eceteam4/ECE480Team4/ros2_ws/install/curvy_road/share/curvy_road//models/turtlebot3_waffle_pi/model.sdf
[2.137s] -- Up-to-date symlink: /home/eceteam4/ECE480Team4/ros2_ws/install/curvy_road/share/curvy_road//models/turtlebot3_waffle_robot1/meshes/lds.dae
[2.137s] -- Up-to-date symlink: /home/eceteam4/ECE480Team4/ros2_ws/install/curvy_road/share/curvy_road//models/turtlebot3_waffle_robot1/meshes/r200.dae
[2.137s] -- Up-to-date symlink: /home/eceteam4/ECE480Team4/ros2_ws/install/curvy_road/share/curvy_road//models/turtlebot3_waffle_robot1/meshes/tire.dae
[2.137s] -- Up-to-date symlink: /home/eceteam4/ECE480Team4/ros2_ws/install/curvy_road/share/curvy_road//models/turtlebot3_waffle_robot1/meshes/waffle_base.dae
[2.137s] -- Up-to-date symlink: /home/eceteam4/ECE480Team4/ros2_ws/install/curvy_road/share/curvy_road//models/turtlebot3_waffle_robot1/model-1_4.sdf
[2.138s] -- Up-to-date symlink: /home/eceteam4/ECE480Team4/ros2_ws/install/curvy_road/share/curvy_road//models/turtlebot3_waffle_robot1/model.config
[2.139s] -- Up-to-date symlink: /home/eceteam4/ECE480Team4/ros2_ws/install/curvy_road/share/curvy_road//models/turtlebot3_waffle_robot1/model.sdf
[2.142s] -- Up-to-date symlink: /home/eceteam4/ECE480Team4/ros2_ws/install/curvy_road/share/curvy_road//models/turtlebot3_world/meshes/hexagon.dae
[2.142s] -- Up-to-date symlink: /home/eceteam4/ECE480Team4/ros2_ws/install/curvy_road/share/curvy_road//models/turtlebot3_world/meshes/wall.dae
[2.145s] -- Up-to-date symlink: /home/eceteam4/ECE480Team4/ros2_ws/install/curvy_road/share/curvy_road//models/turtlebot3_world/model-1_4.sdf
[2.146s] -- Up-to-date symlink: /home/eceteam4/ECE480Team4/ros2_ws/install/curvy_road/share/curvy_road//models/turtlebot3_world/model.config
[2.146s] -- Up-to-date symlink: /home/eceteam4/ECE480Team4/ros2_ws/install/curvy_road/share/curvy_road//models/turtlebot3_world/model.sdf
[2.149s] -- Up-to-date symlink: /home/eceteam4/ECE480Team4/ros2_ws/install/curvy_road/share/curvy_road//rviz/tb3_gazebo.rviz
[2.154s] -- Up-to-date symlink: /home/eceteam4/ECE480Team4/ros2_ws/install/curvy_road/share/curvy_road//worlds/empty_worlds/burger.model
[2.155s] -- Up-to-date symlink: /home/eceteam4/ECE480Team4/ros2_ws/install/curvy_road/share/curvy_road//worlds/empty_worlds/waffle.model
[2.156s] -- Up-to-date symlink: /home/eceteam4/ECE480Team4/ros2_ws/install/curvy_road/share/curvy_road//worlds/empty_worlds/waffle_pi.model
[2.157s] -- Up-to-date symlink: /home/eceteam4/ECE480Team4/ros2_ws/install/curvy_road/share/curvy_road//worlds/turtlebot3_curvy_road/burger.model
[2.157s] -- Up-to-date symlink: /home/eceteam4/ECE480Team4/ros2_ws/install/curvy_road/share/curvy_road//worlds/turtlebot3_curvy_road/waffle.model
[2.158s] -- Up-to-date symlink: /home/eceteam4/ECE480Team4/ros2_ws/install/curvy_road/share/curvy_road//worlds/turtlebot3_curvy_road/waffle_pi.model
[2.159s] -- Up-to-date symlink: /home/eceteam4/ECE480Team4/ros2_ws/install/curvy_road/share/curvy_road//worlds/turtlebot3_worlds/burger.model
[2.160s] -- Up-to-date symlink: /home/eceteam4/ECE480Team4/ros2_ws/install/curvy_road/share/curvy_road//worlds/turtlebot3_worlds/waffle.model
[2.160s] -- Up-to-date symlink: /home/eceteam4/ECE480Team4/ros2_ws/install/curvy_road/share/curvy_road//worlds/turtlebot3_worlds/waffle_pi.model
[2.163s] -- Up-to-date symlink: /home/eceteam4/ECE480Team4/ros2_ws/install/curvy_road/share/ament_index/resource_index/package_run_dependencies/curvy_road
[2.165s] -- Up-to-date symlink: /home/eceteam4/ECE480Team4/ros2_ws/install/curvy_road/share/ament_index/resource_index/parent_prefix_path/curvy_road
[2.166s] -- Up-to-date symlink: /home/eceteam4/ECE480Team4/ros2_ws/install/curvy_road/share/curvy_road/environment/ament_prefix_path.sh
[2.167s] -- Up-to-date symlink: /home/eceteam4/ECE480Team4/ros2_ws/install/curvy_road/share/curvy_road/environment/ament_prefix_path.dsv
[2.167s] -- Up-to-date symlink: /home/eceteam4/ECE480Team4/ros2_ws/install/curvy_road/share/curvy_road/environment/path.sh
[2.169s] -- Up-to-date symlink: /home/eceteam4/ECE480Team4/ros2_ws/install/curvy_road/share/curvy_road/environment/path.dsv
[2.170s] -- Up-to-date symlink: /home/eceteam4/ECE480Team4/ros2_ws/install/curvy_road/share/curvy_road/local_setup.bash
[2.171s] -- Up-to-date symlink: /home/eceteam4/ECE480Team4/ros2_ws/install/curvy_road/share/curvy_road/local_setup.sh
[2.172s] -- Up-to-date symlink: /home/eceteam4/ECE480Team4/ros2_ws/install/curvy_road/share/curvy_road/local_setup.zsh
[2.173s] -- Up-to-date symlink: /home/eceteam4/ECE480Team4/ros2_ws/install/curvy_road/share/curvy_road/local_setup.dsv
[2.173s] -- Symlinking: /home/eceteam4/ECE480Team4/ros2_ws/install/curvy_road/share/curvy_road/package.dsv
[2.223s] -- Up-to-date symlink: /home/eceteam4/ECE480Team4/ros2_ws/install/curvy_road/share/ament_index/resource_index/packages/curvy_road
[2.224s] -- Up-to-date symlink: /home/eceteam4/ECE480Team4/ros2_ws/install/curvy_road/share/curvy_road/cmake/ament_cmake_export_include_directories-extras.cmake
[2.225s] -- Up-to-date symlink: /home/eceteam4/ECE480Team4/ros2_ws/install/curvy_road/share/curvy_road/cmake/ament_cmake_export_dependencies-extras.cmake
[2.226s] -- Up-to-date symlink: /home/eceteam4/ECE480Team4/ros2_ws/install/curvy_road/share/curvy_road/cmake/curvy_roadConfig.cmake
[2.228s] -- Up-to-date symlink: /home/eceteam4/ECE480Team4/ros2_ws/install/curvy_road/share/curvy_road/cmake/curvy_roadConfig-version.cmake
[2.230s] -- Up-to-date symlink: /home/eceteam4/ECE480Team4/ros2_ws/install/curvy_road/share/curvy_road/package.xml
[2.237s] Invoked command in '/home/eceteam4/ECE480Team4/ros2_ws/build/curvy_road' returned '0': /usr/bin/cmake --install /home/eceteam4/ECE480Team4/ros2_ws/build/curvy_road
