running develop
running egg_info
creating bot_slam.egg-info
writing bot_slam.egg-info/PKG-INFO
writing dependency_links to bot_slam.egg-info/dependency_links.txt
writing entry points to bot_slam.egg-info/entry_points.txt
writing requirements to bot_slam.egg-info/requires.txt
writing top-level names to bot_slam.egg-info/top_level.txt
writing manifest file 'bot_slam.egg-info/SOURCES.txt'
reading manifest file 'bot_slam.egg-info/SOURCES.txt'
writing manifest file 'bot_slam.egg-info/SOURCES.txt'
running build_ext
Creating /home/eceteam4/ECE480Team4/install/bot_slam/lib/python3.10/site-packages/bot-slam.egg-link (link to .)
Installing obstacles script to /home/eceteam4/ECE480Team4/install/bot_slam/lib/bot_slam
Installing waypoint_follower script to /home/eceteam4/ECE480Team4/install/bot_slam/lib/bot_slam

Installed /home/eceteam4/ECE480Team4/build/bot_slam
running symlink_data
creating /home/eceteam4/ECE480Team4/install/bot_slam/share/ament_index
creating /home/eceteam4/ECE480Team4/install/bot_slam/share/ament_index/resource_index
creating /home/eceteam4/ECE480Team4/install/bot_slam/share/ament_index/resource_index/packages
symbolically linking /home/eceteam4/ECE480Team4/build/bot_slam/resource/bot_slam -> /home/eceteam4/ECE480Team4/install/bot_slam/share/ament_index/resource_index/packages
symbolically linking /home/eceteam4/ECE480Team4/build/bot_slam/package.xml -> /home/eceteam4/ECE480Team4/install/bot_slam/share/bot_slam
creating /home/eceteam4/ECE480Team4/install/bot_slam/share/bot_slam/launch
symbolically linking /home/eceteam4/ECE480Team4/build/bot_slam/launch/waypoint_nav.launch.py -> /home/eceteam4/ECE480Team4/install/bot_slam/share/bot_slam/launch
creating /home/eceteam4/ECE480Team4/install/bot_slam/share/bot_slam/config
symbolically linking /home/eceteam4/ECE480Team4/build/bot_slam/config/waypoints.json -> /home/eceteam4/ECE480Team4/install/bot_slam/share/bot_slam/config
