[3.027s] Invoking command in '/home/eceteam4/ECE480Team4/build/bot_slam': PYTHONPATH=/home/eceteam4/ECE480Team4/build/bot_slam/prefix_override:/usr/lib/python3/dist-packages/colcon_core/task/python/colcon_distutils_commands:/home/eceteam4/ECE480Team4/install/bot_slam/lib/python3.10/site-packages:${PYTHONPATH} /usr/bin/python3 -W ignore:setup.py install is deprecated -W ignore:easy_install command is deprecated setup.py develop --editable --build-directory /home/eceteam4/ECE480Team4/build/bot_slam/build --no-deps symlink_data
[3.680s] running develop
[4.015s] running egg_info
[4.015s] creating bot_slam.egg-info
[4.016s] writing bot_slam.egg-info/PKG-INFO
[4.016s] writing dependency_links to bot_slam.egg-info/dependency_links.txt
[4.017s] writing entry points to bot_slam.egg-info/entry_points.txt
[4.017s] writing requirements to bot_slam.egg-info/requires.txt
[4.017s] writing top-level names to bot_slam.egg-info/top_level.txt
[4.018s] writing manifest file 'bot_slam.egg-info/SOURCES.txt'
[4.022s] reading manifest file 'bot_slam.egg-info/SOURCES.txt'
[4.023s] writing manifest file 'bot_slam.egg-info/SOURCES.txt'
[4.027s] running build_ext
[4.027s] Creating /home/eceteam4/ECE480Team4/install/bot_slam/lib/python3.10/site-packages/bot-slam.egg-link (link to .)
[4.029s] Installing obstacles script to /home/eceteam4/ECE480Team4/install/bot_slam/lib/bot_slam
[4.029s] Installing waypoint_follower script to /home/eceteam4/ECE480Team4/install/bot_slam/lib/bot_slam
[4.030s] 
[4.030s] Installed /home/eceteam4/ECE480Team4/build/bot_slam
[4.030s] running symlink_data
[4.030s] creating /home/eceteam4/ECE480Team4/install/bot_slam/share/ament_index
[4.031s] creating /home/eceteam4/ECE480Team4/install/bot_slam/share/ament_index/resource_index
[4.031s] creating /home/eceteam4/ECE480Team4/install/bot_slam/share/ament_index/resource_index/packages
[4.031s] symbolically linking /home/eceteam4/ECE480Team4/build/bot_slam/resource/bot_slam -> /home/eceteam4/ECE480Team4/install/bot_slam/share/ament_index/resource_index/packages
[4.031s] symbolically linking /home/eceteam4/ECE480Team4/build/bot_slam/package.xml -> /home/eceteam4/ECE480Team4/install/bot_slam/share/bot_slam
[4.031s] creating /home/eceteam4/ECE480Team4/install/bot_slam/share/bot_slam/launch
[4.032s] symbolically linking /home/eceteam4/ECE480Team4/build/bot_slam/launch/waypoint_nav.launch.py -> /home/eceteam4/ECE480Team4/install/bot_slam/share/bot_slam/launch
[4.032s] creating /home/eceteam4/ECE480Team4/install/bot_slam/share/bot_slam/config
[4.032s] symbolically linking /home/eceteam4/ECE480Team4/build/bot_slam/config/waypoints.json -> /home/eceteam4/ECE480Team4/install/bot_slam/share/bot_slam/config
[4.534s] Invoked command in '/home/eceteam4/ECE480Team4/build/bot_slam' returned '0': PYTHONPATH=/home/eceteam4/ECE480Team4/build/bot_slam/prefix_override:/usr/lib/python3/dist-packages/colcon_core/task/python/colcon_distutils_commands:/home/eceteam4/ECE480Team4/install/bot_slam/lib/python3.10/site-packages:${PYTHONPATH} /usr/bin/python3 -W ignore:setup.py install is deprecated -W ignore:easy_install command is deprecated setup.py develop --editable --build-directory /home/eceteam4/ECE480Team4/build/bot_slam/build --no-deps symlink_data
