-- The C compiler identification is GNU 11.4.0
-- The CXX compiler identification is GNU 11.4.0
-- Detecting C compiler ABI info
-- Detecting C compiler ABI info - done
-- Check for working C compiler: /usr/bin/cc - skipped
-- Detecting C compile features
-- Detecting C compile features - done
-- Detecting CXX compiler ABI info
-- Detecting CXX compiler ABI info - done
-- Check for working CXX compiler: /usr/bin/c++ - skipped
-- Detecting CXX compile features
-- Detecting CXX compile features - done
-- Found ament_cmake_auto: 1.3.13 (/opt/ros/humble/share/ament_cmake_auto/cmake)
-- Found Python3: /usr/bin/python3 (found version "3.10.12") found components: Interpreter
-- Override CMake install command with custom implementation using symlinks instead of copying resources
-- Using all available rosidl_typesupport_c: rosidl_typesupport_fastrtps_c;rosidl_typesupport_introspection_c
-- Found rosidl_adapter: 3.1.8 (/opt/ros/humble/share/rosidl_adapter/cmake)
-- Using all available rosidl_typesupport_cpp: rosidl_typesupport_fastrtps_cpp;rosidl_typesupport_introspection_cpp
-- Found ament_cmake_ros: 0.10.0 (/opt/ros/humble/share/ament_cmake_ros/cmake)
-- Using all available rosidl_typesupport_c: rosidl_typesupport_fastrtps_c;rosidl_typesupport_introspection_c
-- Using all available rosidl_typesupport_cpp: rosidl_typesupport_fastrtps_cpp;rosidl_typesupport_introspection_cpp
-- Found python_cmake_module: 0.10.0 (/opt/ros/humble/share/python_cmake_module/cmake)
-- Using PYTHON_EXECUTABLE: /usr/bin/python3
-- Using PYTHON_INCLUDE_DIRS: /usr/include/python3.10
-- Using PYTHON_LIBRARIES: /usr/lib/aarch64-linux-gnu/libpython3.10.so
-- Found ament_lint_auto: 0.12.15 (/opt/ros/humble/share/ament_lint_auto/cmake)
-- Added test 'copyright' to check source files copyright and LICENSE
-- Added test 'lint_cmake' to check CMake code style
-- Added test 'xmllint' to check XML markup files
-- Configuring done (5.8s)
-- Generating done (0.1s)
-- Build files have been written to: /home/eceteam4/ECE480Team4/build/vesc_msgs
[  1%] [32mBuilding C object CMakeFiles/vesc_msgs__rosidl_generator_c.dir/rosidl_generator_c/vesc_msgs/msg/detail/vesc_cmd__functions.c.o[0m
[  3%] [32mBuilding C object CMakeFiles/vesc_msgs__rosidl_generator_c.dir/rosidl_generator_c/vesc_msgs/msg/detail/vesc_imu__functions.c.o[0m
[  4%] Built target vesc_msgs__cpp
[  6%] [32mBuilding C object CMakeFiles/vesc_msgs__rosidl_generator_c.dir/rosidl_generator_c/vesc_msgs/msg/detail/vesc_state__functions.c.o[0m
[  7%] [32mBuilding C object CMakeFiles/vesc_msgs__rosidl_generator_c.dir/rosidl_generator_c/vesc_msgs/msg/detail/vesc_imu_stamped__functions.c.o[0m
[  7%] Built target ament_cmake_python_symlink_vesc_msgs
[  9%] [32mBuilding CXX object CMakeFiles/vesc_msgs__rosidl_typesupport_introspection_cpp.dir/rosidl_typesupport_introspection_cpp/vesc_msgs/msg/detail/vesc_cmd__type_support.cpp.o[0m
[ 11%] [32mBuilding CXX object CMakeFiles/vesc_msgs__rosidl_typesupport_fastrtps_cpp.dir/rosidl_typesupport_fastrtps_cpp/vesc_msgs/msg/detail/dds_fastrtps/vesc_cmd__type_support.cpp.o[0m
[ 12%] [32mBuilding CXX object CMakeFiles/vesc_msgs__rosidl_typesupport_fastrtps_cpp.dir/rosidl_typesupport_fastrtps_cpp/vesc_msgs/msg/detail/dds_fastrtps/vesc_imu__type_support.cpp.o[0m
[ 14%] [32mBuilding C object CMakeFiles/vesc_msgs__rosidl_generator_c.dir/rosidl_generator_c/vesc_msgs/msg/detail/vesc_state_stamped__functions.c.o[0m
[ 15%] [32mBuilding CXX object CMakeFiles/vesc_msgs__rosidl_typesupport_introspection_cpp.dir/rosidl_typesupport_introspection_cpp/vesc_msgs/msg/detail/vesc_imu__type_support.cpp.o[0m
[ 17%] [32mBuilding CXX object CMakeFiles/vesc_msgs__rosidl_typesupport_fastrtps_cpp.dir/rosidl_typesupport_fastrtps_cpp/vesc_msgs/msg/detail/dds_fastrtps/vesc_imu_stamped__type_support.cpp.o[0m
[ 19%] [1m[32mLinking C shared library libvesc_msgs__rosidl_generator_c.so[0m
[ 20%] Built target vesc_msgs__rosidl_generator_c
[ 22%] [32mBuilding CXX object CMakeFiles/vesc_msgs__rosidl_typesupport_cpp.dir/rosidl_typesupport_cpp/vesc_msgs/msg/vesc_cmd__type_support.cpp.o[0m
[ 23%] [32mBuilding CXX object CMakeFiles/vesc_msgs__rosidl_typesupport_introspection_cpp.dir/rosidl_typesupport_introspection_cpp/vesc_msgs/msg/detail/vesc_imu_stamped__type_support.cpp.o[0m
[ 25%] [32mBuilding CXX object CMakeFiles/vesc_msgs__rosidl_typesupport_introspection_cpp.dir/rosidl_typesupport_introspection_cpp/vesc_msgs/msg/detail/vesc_state__type_support.cpp.o[0m
[ 26%] [32mBuilding CXX object CMakeFiles/vesc_msgs__rosidl_typesupport_fastrtps_cpp.dir/rosidl_typesupport_fastrtps_cpp/vesc_msgs/msg/detail/dds_fastrtps/vesc_state__type_support.cpp.o[0m
[ 28%] [32mBuilding CXX object CMakeFiles/vesc_msgs__rosidl_typesupport_fastrtps_cpp.dir/rosidl_typesupport_fastrtps_cpp/vesc_msgs/msg/detail/dds_fastrtps/vesc_state_stamped__type_support.cpp.o[0m
[ 30%] [32mBuilding CXX object CMakeFiles/vesc_msgs__rosidl_typesupport_cpp.dir/rosidl_typesupport_cpp/vesc_msgs/msg/vesc_imu__type_support.cpp.o[0m
[ 31%] [32mBuilding CXX object CMakeFiles/vesc_msgs__rosidl_typesupport_cpp.dir/rosidl_typesupport_cpp/vesc_msgs/msg/vesc_imu_stamped__type_support.cpp.o[0m
[ 33%] [32mBuilding CXX object CMakeFiles/vesc_msgs__rosidl_typesupport_introspection_cpp.dir/rosidl_typesupport_introspection_cpp/vesc_msgs/msg/detail/vesc_state_stamped__type_support.cpp.o[0m
[ 34%] [32mBuilding CXX object CMakeFiles/vesc_msgs__rosidl_typesupport_cpp.dir/rosidl_typesupport_cpp/vesc_msgs/msg/vesc_state__type_support.cpp.o[0m
[ 36%] [32mBuilding CXX object CMakeFiles/vesc_msgs__rosidl_typesupport_cpp.dir/rosidl_typesupport_cpp/vesc_msgs/msg/vesc_state_stamped__type_support.cpp.o[0m
[ 38%] [32mBuilding CXX object CMakeFiles/vesc_msgs__rosidl_typesupport_fastrtps_c.dir/rosidl_typesupport_fastrtps_c/vesc_msgs/msg/detail/vesc_cmd__type_support_c.cpp.o[0m
[ 39%] [32mBuilding CXX object CMakeFiles/vesc_msgs__rosidl_typesupport_fastrtps_c.dir/rosidl_typesupport_fastrtps_c/vesc_msgs/msg/detail/vesc_imu__type_support_c.cpp.o[0m
[ 41%] [1m[32mLinking CXX shared library libvesc_msgs__rosidl_typesupport_fastrtps_cpp.so[0m
[ 42%] [32mBuilding CXX object CMakeFiles/vesc_msgs__rosidl_typesupport_fastrtps_c.dir/rosidl_typesupport_fastrtps_c/vesc_msgs/msg/detail/vesc_imu_stamped__type_support_c.cpp.o[0m
[ 44%] Built target vesc_msgs__rosidl_typesupport_fastrtps_cpp
[ 46%] [1m[32mLinking CXX shared library libvesc_msgs__rosidl_typesupport_cpp.so[0m
[ 47%] Built target vesc_msgs__rosidl_typesupport_cpp
[ 49%] [32mBuilding C object CMakeFiles/vesc_msgs__rosidl_typesupport_introspection_c.dir/rosidl_typesupport_introspection_c/vesc_msgs/msg/detail/vesc_cmd__type_support.c.o[0m
[ 50%] [1m[32mLinking CXX shared library libvesc_msgs__rosidl_typesupport_introspection_cpp.so[0m
[ 52%] [32mBuilding CXX object CMakeFiles/vesc_msgs__rosidl_typesupport_fastrtps_c.dir/rosidl_typesupport_fastrtps_c/vesc_msgs/msg/detail/vesc_state__type_support_c.cpp.o[0m
[ 53%] [32mBuilding C object CMakeFiles/vesc_msgs__rosidl_typesupport_introspection_c.dir/rosidl_typesupport_introspection_c/vesc_msgs/msg/detail/vesc_imu__type_support.c.o[0m
[ 55%] [32mBuilding C object CMakeFiles/vesc_msgs__rosidl_typesupport_introspection_c.dir/rosidl_typesupport_introspection_c/vesc_msgs/msg/detail/vesc_imu_stamped__type_support.c.o[0m
[ 57%] Built target vesc_msgs__rosidl_typesupport_introspection_cpp
[ 58%] [32mBuilding CXX object CMakeFiles/vesc_msgs__rosidl_typesupport_c.dir/rosidl_typesupport_c/vesc_msgs/msg/vesc_cmd__type_support.cpp.o[0m
[ 60%] [32mBuilding C object CMakeFiles/vesc_msgs__rosidl_typesupport_introspection_c.dir/rosidl_typesupport_introspection_c/vesc_msgs/msg/detail/vesc_state__type_support.c.o[0m
[ 61%] [32mBuilding CXX object CMakeFiles/vesc_msgs__rosidl_typesupport_c.dir/rosidl_typesupport_c/vesc_msgs/msg/vesc_imu__type_support.cpp.o[0m
[ 63%] [32mBuilding CXX object CMakeFiles/vesc_msgs__rosidl_typesupport_c.dir/rosidl_typesupport_c/vesc_msgs/msg/vesc_imu_stamped__type_support.cpp.o[0m
[ 65%] [32mBuilding C object CMakeFiles/vesc_msgs__rosidl_typesupport_introspection_c.dir/rosidl_typesupport_introspection_c/vesc_msgs/msg/detail/vesc_state_stamped__type_support.c.o[0m
running egg_info
writing vesc_msgs.egg-info/PKG-INFO
writing dependency_links to vesc_msgs.egg-info/dependency_links.txt
writing top-level names to vesc_msgs.egg-info/top_level.txt
reading manifest file 'vesc_msgs.egg-info/SOURCES.txt'
writing manifest file 'vesc_msgs.egg-info/SOURCES.txt'
[ 66%] [32mBuilding CXX object CMakeFiles/vesc_msgs__rosidl_typesupport_c.dir/rosidl_typesupport_c/vesc_msgs/msg/vesc_state__type_support.cpp.o[0m
[ 68%] [1m[32mLinking C shared library libvesc_msgs__rosidl_typesupport_introspection_c.so[0m
[ 69%] [32mBuilding CXX object CMakeFiles/vesc_msgs__rosidl_typesupport_c.dir/rosidl_typesupport_c/vesc_msgs/msg/vesc_state_stamped__type_support.cpp.o[0m
[ 69%] Built target ament_cmake_python_build_vesc_msgs_egg
[ 71%] Built target vesc_msgs__rosidl_typesupport_introspection_c
[ 73%] [32mBuilding CXX object CMakeFiles/vesc_msgs__rosidl_typesupport_fastrtps_c.dir/rosidl_typesupport_fastrtps_c/vesc_msgs/msg/detail/vesc_state_stamped__type_support_c.cpp.o[0m
[ 74%] [1m[32mLinking CXX shared library libvesc_msgs__rosidl_typesupport_c.so[0m
[ 76%] Built target vesc_msgs__rosidl_typesupport_c
[ 77%] [1m[32mLinking CXX shared library libvesc_msgs__rosidl_typesupport_fastrtps_c.so[0m
[ 79%] Built target vesc_msgs__rosidl_typesupport_fastrtps_c
[ 79%] Built target vesc_msgs
[ 80%] Built target vesc_msgs__py
[ 82%] [32mBuilding C object CMakeFiles/vesc_msgs__rosidl_generator_py.dir/rosidl_generator_py/vesc_msgs/msg/_vesc_cmd_s.c.o[0m
[ 84%] [32mBuilding C object CMakeFiles/vesc_msgs__rosidl_generator_py.dir/rosidl_generator_py/vesc_msgs/msg/_vesc_imu_s.c.o[0m
[ 85%] [32mBuilding C object CMakeFiles/vesc_msgs__rosidl_generator_py.dir/rosidl_generator_py/vesc_msgs/msg/_vesc_imu_stamped_s.c.o[0m
[ 87%] [32mBuilding C object CMakeFiles/vesc_msgs__rosidl_generator_py.dir/rosidl_generator_py/vesc_msgs/msg/_vesc_state_s.c.o[0m
[ 88%] [32mBuilding C object CMakeFiles/vesc_msgs__rosidl_generator_py.dir/rosidl_generator_py/vesc_msgs/msg/_vesc_state_stamped_s.c.o[0m
[ 90%] [1m[32mLinking C shared library rosidl_generator_py/vesc_msgs/libvesc_msgs__rosidl_generator_py.so[0m
[ 90%] Built target vesc_msgs__rosidl_generator_py
[ 92%] [32mBuilding C object CMakeFiles/vesc_msgs__rosidl_typesupport_fastrtps_c__pyext.dir/rosidl_generator_py/vesc_msgs/_vesc_msgs_s.ep.rosidl_typesupport_fastrtps_c.c.o[0m
[ 93%] [32mBuilding C object CMakeFiles/vesc_msgs__rosidl_typesupport_introspection_c__pyext.dir/rosidl_generator_py/vesc_msgs/_vesc_msgs_s.ep.rosidl_typesupport_introspection_c.c.o[0m
[ 95%] [32mBuilding C object CMakeFiles/vesc_msgs__rosidl_typesupport_c__pyext.dir/rosidl_generator_py/vesc_msgs/_vesc_msgs_s.ep.rosidl_typesupport_c.c.o[0m
[ 96%] [1m[32mLinking C shared library rosidl_generator_py/vesc_msgs/vesc_msgs_s__rosidl_typesupport_fastrtps_c.cpython-310-aarch64-linux-gnu.so[0m
[ 98%] [1m[32mLinking C shared library rosidl_generator_py/vesc_msgs/vesc_msgs_s__rosidl_typesupport_c.cpython-310-aarch64-linux-gnu.so[0m
[ 98%] Built target vesc_msgs__rosidl_typesupport_fastrtps_c__pyext
[100%] [1m[32mLinking C shared library rosidl_generator_py/vesc_msgs/vesc_msgs_s__rosidl_typesupport_introspection_c.cpython-310-aarch64-linux-gnu.so[0m
[100%] Built target vesc_msgs__rosidl_typesupport_c__pyext
[100%] Built target vesc_msgs__rosidl_typesupport_introspection_c__pyext
-- Install configuration: ""
-- Execute custom install script
-- Up-to-date symlink: /home/eceteam4/ECE480Team4/install/vesc_msgs/share/ament_index/resource_index/rosidl_interfaces/vesc_msgs
-- Up-to-date symlink: /home/eceteam4/ECE480Team4/install/vesc_msgs/include/vesc_msgs/vesc_msgs/msg/detail/vesc_cmd__functions.h
-- Up-to-date symlink: /home/eceteam4/ECE480Team4/install/vesc_msgs/include/vesc_msgs/vesc_msgs/msg/detail/vesc_cmd__struct.h
-- Up-to-date symlink: /home/eceteam4/ECE480Team4/install/vesc_msgs/include/vesc_msgs/vesc_msgs/msg/detail/vesc_cmd__type_support.h
-- Up-to-date symlink: /home/eceteam4/ECE480Team4/install/vesc_msgs/include/vesc_msgs/vesc_msgs/msg/detail/vesc_imu__functions.h
-- Up-to-date symlink: /home/eceteam4/ECE480Team4/install/vesc_msgs/include/vesc_msgs/vesc_msgs/msg/detail/vesc_imu__struct.h
-- Up-to-date symlink: /home/eceteam4/ECE480Team4/install/vesc_msgs/include/vesc_msgs/vesc_msgs/msg/detail/vesc_imu__type_support.h
-- Up-to-date symlink: /home/eceteam4/ECE480Team4/install/vesc_msgs/include/vesc_msgs/vesc_msgs/msg/detail/vesc_imu_stamped__functions.h
-- Up-to-date symlink: /home/eceteam4/ECE480Team4/install/vesc_msgs/include/vesc_msgs/vesc_msgs/msg/detail/vesc_imu_stamped__struct.h
-- Up-to-date symlink: /home/eceteam4/ECE480Team4/install/vesc_msgs/include/vesc_msgs/vesc_msgs/msg/detail/vesc_imu_stamped__type_support.h
-- Up-to-date symlink: /home/eceteam4/ECE480Team4/install/vesc_msgs/include/vesc_msgs/vesc_msgs/msg/detail/vesc_state__functions.h
-- Up-to-date symlink: /home/eceteam4/ECE480Team4/install/vesc_msgs/include/vesc_msgs/vesc_msgs/msg/detail/vesc_state__struct.h
-- Up-to-date symlink: /home/eceteam4/ECE480Team4/install/vesc_msgs/include/vesc_msgs/vesc_msgs/msg/detail/vesc_state__type_support.h
-- Up-to-date symlink: /home/eceteam4/ECE480Team4/install/vesc_msgs/include/vesc_msgs/vesc_msgs/msg/detail/vesc_state_stamped__functions.h
-- Up-to-date symlink: /home/eceteam4/ECE480Team4/install/vesc_msgs/include/vesc_msgs/vesc_msgs/msg/detail/vesc_state_stamped__struct.h
-- Up-to-date symlink: /home/eceteam4/ECE480Team4/install/vesc_msgs/include/vesc_msgs/vesc_msgs/msg/detail/vesc_state_stamped__type_support.h
-- Up-to-date symlink: /home/eceteam4/ECE480Team4/install/vesc_msgs/include/vesc_msgs/vesc_msgs/msg/rosidl_generator_c__visibility_control.h
-- Up-to-date symlink: /home/eceteam4/ECE480Team4/install/vesc_msgs/include/vesc_msgs/vesc_msgs/msg/vesc_cmd.h
-- Up-to-date symlink: /home/eceteam4/ECE480Team4/install/vesc_msgs/include/vesc_msgs/vesc_msgs/msg/vesc_imu.h
-- Up-to-date symlink: /home/eceteam4/ECE480Team4/install/vesc_msgs/include/vesc_msgs/vesc_msgs/msg/vesc_imu_stamped.h
-- Up-to-date symlink: /home/eceteam4/ECE480Team4/install/vesc_msgs/include/vesc_msgs/vesc_msgs/msg/vesc_state.h
-- Up-to-date symlink: /home/eceteam4/ECE480Team4/install/vesc_msgs/include/vesc_msgs/vesc_msgs/msg/vesc_state_stamped.h
-- Up-to-date symlink: /home/eceteam4/ECE480Team4/install/vesc_msgs/share/vesc_msgs/environment/library_path.sh
-- Up-to-date symlink: /home/eceteam4/ECE480Team4/install/vesc_msgs/share/vesc_msgs/environment/library_path.dsv
-- Up-to-date symlink: /home/eceteam4/ECE480Team4/install/vesc_msgs/include/vesc_msgs/vesc_msgs/msg/detail/vesc_cmd__rosidl_typesupport_fastrtps_c.h
-- Up-to-date symlink: /home/eceteam4/ECE480Team4/install/vesc_msgs/include/vesc_msgs/vesc_msgs/msg/detail/vesc_imu__rosidl_typesupport_fastrtps_c.h
-- Up-to-date symlink: /home/eceteam4/ECE480Team4/install/vesc_msgs/include/vesc_msgs/vesc_msgs/msg/detail/vesc_imu_stamped__rosidl_typesupport_fastrtps_c.h
-- Up-to-date symlink: /home/eceteam4/ECE480Team4/install/vesc_msgs/include/vesc_msgs/vesc_msgs/msg/detail/vesc_state__rosidl_typesupport_fastrtps_c.h
-- Up-to-date symlink: /home/eceteam4/ECE480Team4/install/vesc_msgs/include/vesc_msgs/vesc_msgs/msg/detail/vesc_state_stamped__rosidl_typesupport_fastrtps_c.h
-- Up-to-date symlink: /home/eceteam4/ECE480Team4/install/vesc_msgs/include/vesc_msgs/vesc_msgs/msg/rosidl_typesupport_fastrtps_c__visibility_control.h
-- Up-to-date symlink: /home/eceteam4/ECE480Team4/install/vesc_msgs/include/vesc_msgs/vesc_msgs/msg/detail/vesc_cmd__rosidl_typesupport_introspection_c.h
-- Up-to-date symlink: /home/eceteam4/ECE480Team4/install/vesc_msgs/include/vesc_msgs/vesc_msgs/msg/detail/vesc_imu__rosidl_typesupport_introspection_c.h
-- Up-to-date symlink: /home/eceteam4/ECE480Team4/install/vesc_msgs/include/vesc_msgs/vesc_msgs/msg/detail/vesc_imu_stamped__rosidl_typesupport_introspection_c.h
-- Up-to-date symlink: /home/eceteam4/ECE480Team4/install/vesc_msgs/include/vesc_msgs/vesc_msgs/msg/detail/vesc_state__rosidl_typesupport_introspection_c.h
-- Up-to-date symlink: /home/eceteam4/ECE480Team4/install/vesc_msgs/include/vesc_msgs/vesc_msgs/msg/detail/vesc_state_stamped__rosidl_typesupport_introspection_c.h
-- Up-to-date symlink: /home/eceteam4/ECE480Team4/install/vesc_msgs/include/vesc_msgs/vesc_msgs/msg/rosidl_typesupport_introspection_c__visibility_control.h
-- Up-to-date symlink: /home/eceteam4/ECE480Team4/install/vesc_msgs/include/vesc_msgs/vesc_msgs/msg/detail/vesc_cmd__builder.hpp
-- Up-to-date symlink: /home/eceteam4/ECE480Team4/install/vesc_msgs/include/vesc_msgs/vesc_msgs/msg/detail/vesc_cmd__struct.hpp
-- Up-to-date symlink: /home/eceteam4/ECE480Team4/install/vesc_msgs/include/vesc_msgs/vesc_msgs/msg/detail/vesc_cmd__traits.hpp
-- Up-to-date symlink: /home/eceteam4/ECE480Team4/install/vesc_msgs/include/vesc_msgs/vesc_msgs/msg/detail/vesc_cmd__type_support.hpp
-- Up-to-date symlink: /home/eceteam4/ECE480Team4/install/vesc_msgs/include/vesc_msgs/vesc_msgs/msg/detail/vesc_imu__builder.hpp
-- Up-to-date symlink: /home/eceteam4/ECE480Team4/install/vesc_msgs/include/vesc_msgs/vesc_msgs/msg/detail/vesc_imu__struct.hpp
-- Up-to-date symlink: /home/eceteam4/ECE480Team4/install/vesc_msgs/include/vesc_msgs/vesc_msgs/msg/detail/vesc_imu__traits.hpp
-- Up-to-date symlink: /home/eceteam4/ECE480Team4/install/vesc_msgs/include/vesc_msgs/vesc_msgs/msg/detail/vesc_imu__type_support.hpp
-- Up-to-date symlink: /home/eceteam4/ECE480Team4/install/vesc_msgs/include/vesc_msgs/vesc_msgs/msg/detail/vesc_imu_stamped__builder.hpp
-- Up-to-date symlink: /home/eceteam4/ECE480Team4/install/vesc_msgs/include/vesc_msgs/vesc_msgs/msg/detail/vesc_imu_stamped__struct.hpp
-- Up-to-date symlink: /home/eceteam4/ECE480Team4/install/vesc_msgs/include/vesc_msgs/vesc_msgs/msg/detail/vesc_imu_stamped__traits.hpp
-- Up-to-date symlink: /home/eceteam4/ECE480Team4/install/vesc_msgs/include/vesc_msgs/vesc_msgs/msg/detail/vesc_imu_stamped__type_support.hpp
-- Up-to-date symlink: /home/eceteam4/ECE480Team4/install/vesc_msgs/include/vesc_msgs/vesc_msgs/msg/detail/vesc_state__builder.hpp
-- Up-to-date symlink: /home/eceteam4/ECE480Team4/install/vesc_msgs/include/vesc_msgs/vesc_msgs/msg/detail/vesc_state__struct.hpp
-- Up-to-date symlink: /home/eceteam4/ECE480Team4/install/vesc_msgs/include/vesc_msgs/vesc_msgs/msg/detail/vesc_state__traits.hpp
-- Up-to-date symlink: /home/eceteam4/ECE480Team4/install/vesc_msgs/include/vesc_msgs/vesc_msgs/msg/detail/vesc_state__type_support.hpp
-- Up-to-date symlink: /home/eceteam4/ECE480Team4/install/vesc_msgs/include/vesc_msgs/vesc_msgs/msg/detail/vesc_state_stamped__builder.hpp
-- Up-to-date symlink: /home/eceteam4/ECE480Team4/install/vesc_msgs/include/vesc_msgs/vesc_msgs/msg/detail/vesc_state_stamped__struct.hpp
-- Up-to-date symlink: /home/eceteam4/ECE480Team4/install/vesc_msgs/include/vesc_msgs/vesc_msgs/msg/detail/vesc_state_stamped__traits.hpp
-- Up-to-date symlink: /home/eceteam4/ECE480Team4/install/vesc_msgs/include/vesc_msgs/vesc_msgs/msg/detail/vesc_state_stamped__type_support.hpp
-- Up-to-date symlink: /home/eceteam4/ECE480Team4/install/vesc_msgs/include/vesc_msgs/vesc_msgs/msg/rosidl_generator_cpp__visibility_control.hpp
-- Up-to-date symlink: /home/eceteam4/ECE480Team4/install/vesc_msgs/include/vesc_msgs/vesc_msgs/msg/vesc_cmd.hpp
-- Up-to-date symlink: /home/eceteam4/ECE480Team4/install/vesc_msgs/include/vesc_msgs/vesc_msgs/msg/vesc_imu.hpp
-- Up-to-date symlink: /home/eceteam4/ECE480Team4/install/vesc_msgs/include/vesc_msgs/vesc_msgs/msg/vesc_imu_stamped.hpp
-- Up-to-date symlink: /home/eceteam4/ECE480Team4/install/vesc_msgs/include/vesc_msgs/vesc_msgs/msg/vesc_state.hpp
-- Up-to-date symlink: /home/eceteam4/ECE480Team4/install/vesc_msgs/include/vesc_msgs/vesc_msgs/msg/vesc_state_stamped.hpp
-- Up-to-date symlink: /home/eceteam4/ECE480Team4/install/vesc_msgs/include/vesc_msgs/vesc_msgs/msg/detail/vesc_cmd__rosidl_typesupport_fastrtps_cpp.hpp
-- Up-to-date symlink: /home/eceteam4/ECE480Team4/install/vesc_msgs/include/vesc_msgs/vesc_msgs/msg/detail/vesc_imu__rosidl_typesupport_fastrtps_cpp.hpp
-- Up-to-date symlink: /home/eceteam4/ECE480Team4/install/vesc_msgs/include/vesc_msgs/vesc_msgs/msg/detail/vesc_imu_stamped__rosidl_typesupport_fastrtps_cpp.hpp
-- Up-to-date symlink: /home/eceteam4/ECE480Team4/install/vesc_msgs/include/vesc_msgs/vesc_msgs/msg/detail/vesc_state__rosidl_typesupport_fastrtps_cpp.hpp
-- Up-to-date symlink: /home/eceteam4/ECE480Team4/install/vesc_msgs/include/vesc_msgs/vesc_msgs/msg/detail/vesc_state_stamped__rosidl_typesupport_fastrtps_cpp.hpp
-- Up-to-date symlink: /home/eceteam4/ECE480Team4/install/vesc_msgs/include/vesc_msgs/vesc_msgs/msg/rosidl_typesupport_fastrtps_cpp__visibility_control.h
-- Up-to-date symlink: /home/eceteam4/ECE480Team4/install/vesc_msgs/include/vesc_msgs/vesc_msgs/msg/detail/vesc_cmd__rosidl_typesupport_introspection_cpp.hpp
-- Up-to-date symlink: /home/eceteam4/ECE480Team4/install/vesc_msgs/include/vesc_msgs/vesc_msgs/msg/detail/vesc_imu__rosidl_typesupport_introspection_cpp.hpp
-- Up-to-date symlink: /home/eceteam4/ECE480Team4/install/vesc_msgs/include/vesc_msgs/vesc_msgs/msg/detail/vesc_imu_stamped__rosidl_typesupport_introspection_cpp.hpp
-- Up-to-date symlink: /home/eceteam4/ECE480Team4/install/vesc_msgs/include/vesc_msgs/vesc_msgs/msg/detail/vesc_state__rosidl_typesupport_introspection_cpp.hpp
-- Up-to-date symlink: /home/eceteam4/ECE480Team4/install/vesc_msgs/include/vesc_msgs/vesc_msgs/msg/detail/vesc_state_stamped__rosidl_typesupport_introspection_cpp.hpp
-- Up-to-date symlink: /home/eceteam4/ECE480Team4/install/vesc_msgs/share/vesc_msgs/environment/pythonpath.sh
-- Up-to-date symlink: /home/eceteam4/ECE480Team4/install/vesc_msgs/share/vesc_msgs/environment/pythonpath.dsv
-- Up-to-date symlink: /home/eceteam4/ECE480Team4/install/vesc_msgs/local/lib/python3.10/dist-packages/vesc_msgs-1.1.0-py3.10.egg-info/PKG-INFO
-- Up-to-date symlink: /home/eceteam4/ECE480Team4/install/vesc_msgs/local/lib/python3.10/dist-packages/vesc_msgs-1.1.0-py3.10.egg-info/SOURCES.txt
-- Up-to-date symlink: /home/eceteam4/ECE480Team4/install/vesc_msgs/local/lib/python3.10/dist-packages/vesc_msgs-1.1.0-py3.10.egg-info/dependency_links.txt
-- Up-to-date symlink: /home/eceteam4/ECE480Team4/install/vesc_msgs/local/lib/python3.10/dist-packages/vesc_msgs-1.1.0-py3.10.egg-info/top_level.txt
-- Up-to-date symlink: /home/eceteam4/ECE480Team4/install/vesc_msgs/local/lib/python3.10/dist-packages/vesc_msgs/__init__.py
-- Up-to-date symlink: /home/eceteam4/ECE480Team4/install/vesc_msgs/local/lib/python3.10/dist-packages/vesc_msgs/_vesc_msgs_s.ep.rosidl_typesupport_c.c
-- Up-to-date symlink: /home/eceteam4/ECE480Team4/install/vesc_msgs/local/lib/python3.10/dist-packages/vesc_msgs/_vesc_msgs_s.ep.rosidl_typesupport_fastrtps_c.c
-- Up-to-date symlink: /home/eceteam4/ECE480Team4/install/vesc_msgs/local/lib/python3.10/dist-packages/vesc_msgs/_vesc_msgs_s.ep.rosidl_typesupport_introspection_c.c
-- Up-to-date symlink: /home/eceteam4/ECE480Team4/install/vesc_msgs/local/lib/python3.10/dist-packages/vesc_msgs/libvesc_msgs__rosidl_generator_py.so
-- Up-to-date symlink: /home/eceteam4/ECE480Team4/install/vesc_msgs/local/lib/python3.10/dist-packages/vesc_msgs/msg/__init__.py
-- Up-to-date symlink: /home/eceteam4/ECE480Team4/install/vesc_msgs/local/lib/python3.10/dist-packages/vesc_msgs/msg/_vesc_cmd.py
-- Up-to-date symlink: /home/eceteam4/ECE480Team4/install/vesc_msgs/local/lib/python3.10/dist-packages/vesc_msgs/msg/_vesc_cmd_s.c
-- Up-to-date symlink: /home/eceteam4/ECE480Team4/install/vesc_msgs/local/lib/python3.10/dist-packages/vesc_msgs/msg/_vesc_imu.py
-- Up-to-date symlink: /home/eceteam4/ECE480Team4/install/vesc_msgs/local/lib/python3.10/dist-packages/vesc_msgs/msg/_vesc_imu_s.c
-- Up-to-date symlink: /home/eceteam4/ECE480Team4/install/vesc_msgs/local/lib/python3.10/dist-packages/vesc_msgs/msg/_vesc_imu_stamped.py
-- Up-to-date symlink: /home/eceteam4/ECE480Team4/install/vesc_msgs/local/lib/python3.10/dist-packages/vesc_msgs/msg/_vesc_imu_stamped_s.c
-- Up-to-date symlink: /home/eceteam4/ECE480Team4/install/vesc_msgs/local/lib/python3.10/dist-packages/vesc_msgs/msg/_vesc_state.py
-- Up-to-date symlink: /home/eceteam4/ECE480Team4/install/vesc_msgs/local/lib/python3.10/dist-packages/vesc_msgs/msg/_vesc_state_s.c
-- Up-to-date symlink: /home/eceteam4/ECE480Team4/install/vesc_msgs/local/lib/python3.10/dist-packages/vesc_msgs/msg/_vesc_state_stamped.py
-- Up-to-date symlink: /home/eceteam4/ECE480Team4/install/vesc_msgs/local/lib/python3.10/dist-packages/vesc_msgs/msg/_vesc_state_stamped_s.c
-- Up-to-date symlink: /home/eceteam4/ECE480Team4/install/vesc_msgs/local/lib/python3.10/dist-packages/vesc_msgs/vesc_msgs_s__rosidl_typesupport_c.cpython-310-aarch64-linux-gnu.so
-- Up-to-date symlink: /home/eceteam4/ECE480Team4/install/vesc_msgs/local/lib/python3.10/dist-packages/vesc_msgs/vesc_msgs_s__rosidl_typesupport_fastrtps_c.cpython-310-aarch64-linux-gnu.so
-- Up-to-date symlink: /home/eceteam4/ECE480Team4/install/vesc_msgs/local/lib/python3.10/dist-packages/vesc_msgs/vesc_msgs_s__rosidl_typesupport_introspection_c.cpython-310-aarch64-linux-gnu.so
-- Up-to-date symlink: /home/eceteam4/ECE480Team4/install/vesc_msgs/local/lib/python3.10/dist-packages/vesc_msgs/vesc_msgs_s__rosidl_typesupport_fastrtps_c.cpython-310-aarch64-linux-gnu.so
-- Up-to-date symlink: /home/eceteam4/ECE480Team4/install/vesc_msgs/local/lib/python3.10/dist-packages/vesc_msgs/vesc_msgs_s__rosidl_typesupport_introspection_c.cpython-310-aarch64-linux-gnu.so
-- Up-to-date symlink: /home/eceteam4/ECE480Team4/install/vesc_msgs/local/lib/python3.10/dist-packages/vesc_msgs/vesc_msgs_s__rosidl_typesupport_c.cpython-310-aarch64-linux-gnu.so
-- Up-to-date symlink: /home/eceteam4/ECE480Team4/install/vesc_msgs/share/vesc_msgs/msg/VescCmd.idl
-- Up-to-date symlink: /home/eceteam4/ECE480Team4/install/vesc_msgs/share/vesc_msgs/msg/VescImu.idl
-- Up-to-date symlink: /home/eceteam4/ECE480Team4/install/vesc_msgs/share/vesc_msgs/msg/VescImuStamped.idl
-- Up-to-date symlink: /home/eceteam4/ECE480Team4/install/vesc_msgs/share/vesc_msgs/msg/VescState.idl
-- Up-to-date symlink: /home/eceteam4/ECE480Team4/install/vesc_msgs/share/vesc_msgs/msg/VescStateStamped.idl
-- Up-to-date symlink: /home/eceteam4/ECE480Team4/install/vesc_msgs/share/vesc_msgs/msg/VescCmd.msg
-- Up-to-date symlink: /home/eceteam4/ECE480Team4/install/vesc_msgs/share/vesc_msgs/msg/VescImu.msg
-- Up-to-date symlink: /home/eceteam4/ECE480Team4/install/vesc_msgs/share/vesc_msgs/msg/VescImuStamped.msg
-- Up-to-date symlink: /home/eceteam4/ECE480Team4/install/vesc_msgs/share/vesc_msgs/msg/VescState.msg
-- Up-to-date symlink: /home/eceteam4/ECE480Team4/install/vesc_msgs/share/vesc_msgs/msg/VescStateStamped.msg
-- Up-to-date symlink: /home/eceteam4/ECE480Team4/install/vesc_msgs/share/ament_index/resource_index/package_run_dependencies/vesc_msgs
-- Up-to-date symlink: /home/eceteam4/ECE480Team4/install/vesc_msgs/share/ament_index/resource_index/parent_prefix_path/vesc_msgs
-- Up-to-date symlink: /home/eceteam4/ECE480Team4/install/vesc_msgs/share/vesc_msgs/environment/ament_prefix_path.sh
-- Up-to-date symlink: /home/eceteam4/ECE480Team4/install/vesc_msgs/share/vesc_msgs/environment/ament_prefix_path.dsv
-- Up-to-date symlink: /home/eceteam4/ECE480Team4/install/vesc_msgs/share/vesc_msgs/environment/path.sh
-- Up-to-date symlink: /home/eceteam4/ECE480Team4/install/vesc_msgs/share/vesc_msgs/environment/path.dsv
-- Up-to-date symlink: /home/eceteam4/ECE480Team4/install/vesc_msgs/share/vesc_msgs/local_setup.bash
-- Up-to-date symlink: /home/eceteam4/ECE480Team4/install/vesc_msgs/share/vesc_msgs/local_setup.sh
-- Up-to-date symlink: /home/eceteam4/ECE480Team4/install/vesc_msgs/share/vesc_msgs/local_setup.zsh
-- Up-to-date symlink: /home/eceteam4/ECE480Team4/install/vesc_msgs/share/vesc_msgs/local_setup.dsv
-- Symlinking: /home/eceteam4/ECE480Team4/install/vesc_msgs/share/vesc_msgs/package.dsv
-- Up-to-date symlink: /home/eceteam4/ECE480Team4/install/vesc_msgs/share/ament_index/resource_index/packages/vesc_msgs
-- Up-to-date symlink: /home/eceteam4/ECE480Team4/install/vesc_msgs/share/vesc_msgs/cmake/rosidl_cmake-extras.cmake
-- Up-to-date symlink: /home/eceteam4/ECE480Team4/install/vesc_msgs/share/vesc_msgs/cmake/ament_cmake_export_dependencies-extras.cmake
-- Up-to-date symlink: /home/eceteam4/ECE480Team4/install/vesc_msgs/share/vesc_msgs/cmake/ament_cmake_export_include_directories-extras.cmake
-- Up-to-date symlink: /home/eceteam4/ECE480Team4/install/vesc_msgs/share/vesc_msgs/cmake/ament_cmake_export_libraries-extras.cmake
-- Up-to-date symlink: /home/eceteam4/ECE480Team4/install/vesc_msgs/share/vesc_msgs/cmake/ament_cmake_export_targets-extras.cmake
-- Up-to-date symlink: /home/eceteam4/ECE480Team4/install/vesc_msgs/share/vesc_msgs/cmake/rosidl_cmake_export_typesupport_targets-extras.cmake
-- Up-to-date symlink: /home/eceteam4/ECE480Team4/install/vesc_msgs/share/vesc_msgs/cmake/rosidl_cmake_export_typesupport_libraries-extras.cmake
-- Up-to-date symlink: /home/eceteam4/ECE480Team4/install/vesc_msgs/share/vesc_msgs/cmake/vesc_msgsConfig.cmake
-- Up-to-date symlink: /home/eceteam4/ECE480Team4/install/vesc_msgs/share/vesc_msgs/cmake/vesc_msgsConfig-version.cmake
-- Up-to-date symlink: /home/eceteam4/ECE480Team4/install/vesc_msgs/share/vesc_msgs/package.xml
-- Installing: /home/eceteam4/ECE480Team4/install/vesc_msgs/lib/libvesc_msgs__rosidl_generator_c.so
-- Set non-toolchain portion of runtime path of "/home/eceteam4/ECE480Team4/install/vesc_msgs/lib/libvesc_msgs__rosidl_generator_c.so" to ""
-- Installing: /home/eceteam4/ECE480Team4/install/vesc_msgs/lib/libvesc_msgs__rosidl_typesupport_fastrtps_c.so
-- Set non-toolchain portion of runtime path of "/home/eceteam4/ECE480Team4/install/vesc_msgs/lib/libvesc_msgs__rosidl_typesupport_fastrtps_c.so" to ""
-- Installing: /home/eceteam4/ECE480Team4/install/vesc_msgs/lib/libvesc_msgs__rosidl_typesupport_introspection_c.so
-- Set non-toolchain portion of runtime path of "/home/eceteam4/ECE480Team4/install/vesc_msgs/lib/libvesc_msgs__rosidl_typesupport_introspection_c.so" to ""
-- Installing: /home/eceteam4/ECE480Team4/install/vesc_msgs/lib/libvesc_msgs__rosidl_typesupport_c.so
-- Set non-toolchain portion of runtime path of "/home/eceteam4/ECE480Team4/install/vesc_msgs/lib/libvesc_msgs__rosidl_typesupport_c.so" to ""
-- Installing: /home/eceteam4/ECE480Team4/install/vesc_msgs/lib/libvesc_msgs__rosidl_typesupport_fastrtps_cpp.so
-- Set non-toolchain portion of runtime path of "/home/eceteam4/ECE480Team4/install/vesc_msgs/lib/libvesc_msgs__rosidl_typesupport_fastrtps_cpp.so" to ""
-- Installing: /home/eceteam4/ECE480Team4/install/vesc_msgs/lib/libvesc_msgs__rosidl_typesupport_introspection_cpp.so
-- Set non-toolchain portion of runtime path of "/home/eceteam4/ECE480Team4/install/vesc_msgs/lib/libvesc_msgs__rosidl_typesupport_introspection_cpp.so" to ""
-- Installing: /home/eceteam4/ECE480Team4/install/vesc_msgs/lib/libvesc_msgs__rosidl_typesupport_cpp.so
-- Set non-toolchain portion of runtime path of "/home/eceteam4/ECE480Team4/install/vesc_msgs/lib/libvesc_msgs__rosidl_typesupport_cpp.so" to ""
Listing '/home/eceteam4/ECE480Team4/install/vesc_msgs/local/lib/python3.10/dist-packages/vesc_msgs'...
Compiling '/home/eceteam4/ECE480Team4/install/vesc_msgs/local/lib/python3.10/dist-packages/vesc_msgs/__init__.py'...
Listing '/home/eceteam4/ECE480Team4/install/vesc_msgs/local/lib/python3.10/dist-packages/vesc_msgs/msg'...
-- Installing: /home/eceteam4/ECE480Team4/install/vesc_msgs/lib/libvesc_msgs__rosidl_generator_py.so
-- Set non-toolchain portion of runtime path of "/home/eceteam4/ECE480Team4/install/vesc_msgs/lib/libvesc_msgs__rosidl_generator_py.so" to ""
-- Old export file "/home/eceteam4/ECE480Team4/install/vesc_msgs/share/vesc_msgs/cmake/export_vesc_msgs__rosidl_generator_cExport.cmake" will be replaced.  Removing files [/home/eceteam4/ECE480Team4/install/vesc_msgs/share/vesc_msgs/cmake/export_vesc_msgs__rosidl_generator_cExport-noconfig.cmake].
-- Installing: /home/eceteam4/ECE480Team4/install/vesc_msgs/share/vesc_msgs/cmake/export_vesc_msgs__rosidl_generator_cExport.cmake
-- Installing: /home/eceteam4/ECE480Team4/install/vesc_msgs/share/vesc_msgs/cmake/export_vesc_msgs__rosidl_generator_cExport-noconfig.cmake
-- Old export file "/home/eceteam4/ECE480Team4/install/vesc_msgs/share/vesc_msgs/cmake/export_vesc_msgs__rosidl_typesupport_fastrtps_cExport.cmake" will be replaced.  Removing files [/home/eceteam4/ECE480Team4/install/vesc_msgs/share/vesc_msgs/cmake/export_vesc_msgs__rosidl_typesupport_fastrtps_cExport-noconfig.cmake].
-- Installing: /home/eceteam4/ECE480Team4/install/vesc_msgs/share/vesc_msgs/cmake/export_vesc_msgs__rosidl_typesupport_fastrtps_cExport.cmake
-- Installing: /home/eceteam4/ECE480Team4/install/vesc_msgs/share/vesc_msgs/cmake/export_vesc_msgs__rosidl_typesupport_fastrtps_cExport-noconfig.cmake
-- Old export file "/home/eceteam4/ECE480Team4/install/vesc_msgs/share/vesc_msgs/cmake/vesc_msgs__rosidl_typesupport_introspection_cExport.cmake" will be replaced.  Removing files [/home/eceteam4/ECE480Team4/install/vesc_msgs/share/vesc_msgs/cmake/vesc_msgs__rosidl_typesupport_introspection_cExport-noconfig.cmake].
-- Installing: /home/eceteam4/ECE480Team4/install/vesc_msgs/share/vesc_msgs/cmake/vesc_msgs__rosidl_typesupport_introspection_cExport.cmake
-- Installing: /home/eceteam4/ECE480Team4/install/vesc_msgs/share/vesc_msgs/cmake/vesc_msgs__rosidl_typesupport_introspection_cExport-noconfig.cmake
-- Old export file "/home/eceteam4/ECE480Team4/install/vesc_msgs/share/vesc_msgs/cmake/vesc_msgs__rosidl_typesupport_cExport.cmake" will be replaced.  Removing files [/home/eceteam4/ECE480Team4/install/vesc_msgs/share/vesc_msgs/cmake/vesc_msgs__rosidl_typesupport_cExport-noconfig.cmake].
-- Installing: /home/eceteam4/ECE480Team4/install/vesc_msgs/share/vesc_msgs/cmake/vesc_msgs__rosidl_typesupport_cExport.cmake
-- Installing: /home/eceteam4/ECE480Team4/install/vesc_msgs/share/vesc_msgs/cmake/vesc_msgs__rosidl_typesupport_cExport-noconfig.cmake
-- Installing: /home/eceteam4/ECE480Team4/install/vesc_msgs/share/vesc_msgs/cmake/export_vesc_msgs__rosidl_generator_cppExport.cmake
-- Old export file "/home/eceteam4/ECE480Team4/install/vesc_msgs/share/vesc_msgs/cmake/export_vesc_msgs__rosidl_typesupport_fastrtps_cppExport.cmake" will be replaced.  Removing files [/home/eceteam4/ECE480Team4/install/vesc_msgs/share/vesc_msgs/cmake/export_vesc_msgs__rosidl_typesupport_fastrtps_cppExport-noconfig.cmake].
-- Installing: /home/eceteam4/ECE480Team4/install/vesc_msgs/share/vesc_msgs/cmake/export_vesc_msgs__rosidl_typesupport_fastrtps_cppExport.cmake
-- Installing: /home/eceteam4/ECE480Team4/install/vesc_msgs/share/vesc_msgs/cmake/export_vesc_msgs__rosidl_typesupport_fastrtps_cppExport-noconfig.cmake
-- Old export file "/home/eceteam4/ECE480Team4/install/vesc_msgs/share/vesc_msgs/cmake/vesc_msgs__rosidl_typesupport_introspection_cppExport.cmake" will be replaced.  Removing files [/home/eceteam4/ECE480Team4/install/vesc_msgs/share/vesc_msgs/cmake/vesc_msgs__rosidl_typesupport_introspection_cppExport-noconfig.cmake].
-- Installing: /home/eceteam4/ECE480Team4/install/vesc_msgs/share/vesc_msgs/cmake/vesc_msgs__rosidl_typesupport_introspection_cppExport.cmake
-- Installing: /home/eceteam4/ECE480Team4/install/vesc_msgs/share/vesc_msgs/cmake/vesc_msgs__rosidl_typesupport_introspection_cppExport-noconfig.cmake
-- Old export file "/home/eceteam4/ECE480Team4/install/vesc_msgs/share/vesc_msgs/cmake/vesc_msgs__rosidl_typesupport_cppExport.cmake" will be replaced.  Removing files [/home/eceteam4/ECE480Team4/install/vesc_msgs/share/vesc_msgs/cmake/vesc_msgs__rosidl_typesupport_cppExport-noconfig.cmake].
-- Installing: /home/eceteam4/ECE480Team4/install/vesc_msgs/share/vesc_msgs/cmake/vesc_msgs__rosidl_typesupport_cppExport.cmake
-- Installing: /home/eceteam4/ECE480Team4/install/vesc_msgs/share/vesc_msgs/cmake/vesc_msgs__rosidl_typesupport_cppExport-noconfig.cmake
-- Old export file "/home/eceteam4/ECE480Team4/install/vesc_msgs/share/vesc_msgs/cmake/export_vesc_msgs__rosidl_generator_pyExport.cmake" will be replaced.  Removing files [/home/eceteam4/ECE480Team4/install/vesc_msgs/share/vesc_msgs/cmake/export_vesc_msgs__rosidl_generator_pyExport-noconfig.cmake].
-- Installing: /home/eceteam4/ECE480Team4/install/vesc_msgs/share/vesc_msgs/cmake/export_vesc_msgs__rosidl_generator_pyExport.cmake
-- Installing: /home/eceteam4/ECE480Team4/install/vesc_msgs/share/vesc_msgs/cmake/export_vesc_msgs__rosidl_generator_pyExport-noconfig.cmake
