[2.328s] Invoking command in '/home/eceteam4/ECE480Team4/ros2_ws/build/lane_follow': PYTHONPATH=/home/eceteam4/ECE480Team4/ros2_ws/build/lane_follow/prefix_override:/usr/lib/python3/dist-packages/colcon_core/task/python/colcon_distutils_commands:/home/eceteam4/ECE480Team4/ros2_ws/install/lane_follow/lib/python3.10/site-packages:${PYTHONPATH} /usr/bin/python3 -W ignore:setup.py install is deprecated -W ignore:easy_install command is deprecated setup.py develop --editable --build-directory /home/eceteam4/ECE480Team4/ros2_ws/build/lane_follow/build --no-deps symlink_data
[2.897s] running develop
[3.701s] running egg_info
[3.702s] creating lane_follow.egg-info
[3.702s] writing lane_follow.egg-info/PKG-INFO
[3.702s] writing dependency_links to lane_follow.egg-info/dependency_links.txt
[3.703s] writing entry points to lane_follow.egg-info/entry_points.txt
[3.703s] writing requirements to lane_follow.egg-info/requires.txt
[3.703s] writing top-level names to lane_follow.egg-info/top_level.txt
[3.704s] writing manifest file 'lane_follow.egg-info/SOURCES.txt'
[3.721s] reading manifest file 'lane_follow.egg-info/SOURCES.txt'
[3.723s] writing manifest file 'lane_follow.egg-info/SOURCES.txt'
[3.730s] running build_ext
[3.731s] Creating /home/eceteam4/ECE480Team4/ros2_ws/install/lane_follow/lib/python3.10/site-packages/lane-follow.egg-link (link to .)
[3.733s] Installing detect script to /home/eceteam4/ECE480Team4/ros2_ws/install/lane_follow/lib/lane_follow
[3.733s] Installing follow_pid script to /home/eceteam4/ECE480Team4/ros2_ws/install/lane_follow/lib/lane_follow
[3.733s] Installing follow_pure_pursuit script to /home/eceteam4/ECE480Team4/ros2_ws/install/lane_follow/lib/lane_follow
[3.734s] Installing ground_spot script to /home/eceteam4/ECE480Team4/ros2_ws/install/lane_follow/lib/lane_follow
[3.734s] Installing sensors_camera_node script to /home/eceteam4/ECE480Team4/ros2_ws/install/lane_follow/lib/lane_follow
[3.734s] 
[3.734s] Installed /home/eceteam4/ECE480Team4/ros2_ws/build/lane_follow
[3.735s] running symlink_data
[3.735s] creating /home/eceteam4/ECE480Team4/ros2_ws/install/lane_follow/share/ament_index
[3.735s] creating /home/eceteam4/ECE480Team4/ros2_ws/install/lane_follow/share/ament_index/resource_index
[3.735s] creating /home/eceteam4/ECE480Team4/ros2_ws/install/lane_follow/share/ament_index/resource_index/packages
[3.735s] symbolically linking /home/eceteam4/ECE480Team4/ros2_ws/build/lane_follow/resource/lane_follow -> /home/eceteam4/ECE480Team4/ros2_ws/install/lane_follow/share/ament_index/resource_index/packages
[3.735s] symbolically linking /home/eceteam4/ECE480Team4/ros2_ws/build/lane_follow/package.xml -> /home/eceteam4/ECE480Team4/ros2_ws/install/lane_follow/share/lane_follow
[3.736s] creating /home/eceteam4/ECE480Team4/ros2_ws/install/lane_follow/share/lane_follow/launch
[3.736s] symbolically linking /home/eceteam4/ECE480Team4/ros2_ws/build/lane_follow/launch/lane_follow.launch.py -> /home/eceteam4/ECE480Team4/ros2_ws/install/lane_follow/share/lane_follow/launch
[3.926s] Invoked command in '/home/eceteam4/ECE480Team4/ros2_ws/build/lane_follow' returned '0': PYTHONPATH=/home/eceteam4/ECE480Team4/ros2_ws/build/lane_follow/prefix_override:/usr/lib/python3/dist-packages/colcon_core/task/python/colcon_distutils_commands:/home/eceteam4/ECE480Team4/ros2_ws/install/lane_follow/lib/python3.10/site-packages:${PYTHONPATH} /usr/bin/python3 -W ignore:setup.py install is deprecated -W ignore:easy_install command is deprecated setup.py develop --editable --build-directory /home/eceteam4/ECE480Team4/ros2_ws/build/lane_follow/build --no-deps symlink_data
