[0mCMake Deprecation Warning at CMakeLists.txt:1 (cmake_minimum_required):
  Compatibility with CMake < 3.10 will be removed from a future version of
  CMake.

  Update the VERSION argument <min> value.  Or, use the <min>...<max> syntax
  to tell CMake that the project requires at least <min> but has been updated
  to work with policies introduced by <max> or earlier.

[0m
-- The C compiler identification is GNU 11.4.0
-- The CXX compiler identification is GNU 11.4.0
-- Detecting C compiler ABI info
-- Detecting C compiler ABI info - done
-- Check for working C compiler: /usr/bin/cc - skipped
-- Detecting C compile features
-- Detecting C compile features - done
-- Detecting CXX compiler ABI info
-- Detecting CXX compiler ABI info - done
-- Check for working CXX compiler: /usr/bin/c++ - skipped
-- Detecting CXX compile features
-- Detecting CXX compile features - done
-- Found ament_cmake: 1.3.13 (/opt/ros/humble/share/ament_cmake/cmake)
-- Found Python3: /usr/bin/python3 (found version "3.10.12") found components: Interpreter
-- Override CMake install command with custom implementation using symlinks instead of copying resources
-- Configuring done (1.4s)
-- Generating done (0.0s)
-- Build files have been written to: /home/eceteam4/ECE480Team4/build/gazebo_world
-- Install configuration: ""
-- Execute custom install script
-- Up-to-date symlink: /home/eceteam4/ECE480Team4/install/gazebo_world/share/gazebo_world/launch/empty_world.launch.py
-- Up-to-date symlink: /home/eceteam4/ECE480Team4/install/gazebo_world/share/gazebo_world/launch/world.launch.py
-- Up-to-date symlink: /home/eceteam4/ECE480Team4/install/gazebo_world/share/gazebo_world/worlds/my_world.sdf
-- Up-to-date symlink: /home/eceteam4/ECE480Team4/install/gazebo_world/share/gazebo_world/worlds/my_world2.sdf
-- Up-to-date symlink: /home/eceteam4/ECE480Team4/install/gazebo_world/share/gazebo_world/worlds/package.xml
-- Up-to-date symlink: /home/eceteam4/ECE480Team4/install/gazebo_world/share/ament_index/resource_index/package_run_dependencies/gazebo_world
-- Up-to-date symlink: /home/eceteam4/ECE480Team4/install/gazebo_world/share/ament_index/resource_index/parent_prefix_path/gazebo_world
-- Up-to-date symlink: /home/eceteam4/ECE480Team4/install/gazebo_world/share/gazebo_world/environment/ament_prefix_path.sh
-- Up-to-date symlink: /home/eceteam4/ECE480Team4/install/gazebo_world/share/gazebo_world/environment/ament_prefix_path.dsv
-- Up-to-date symlink: /home/eceteam4/ECE480Team4/install/gazebo_world/share/gazebo_world/environment/path.sh
-- Up-to-date symlink: /home/eceteam4/ECE480Team4/install/gazebo_world/share/gazebo_world/environment/path.dsv
-- Up-to-date symlink: /home/eceteam4/ECE480Team4/install/gazebo_world/share/gazebo_world/local_setup.bash
-- Up-to-date symlink: /home/eceteam4/ECE480Team4/install/gazebo_world/share/gazebo_world/local_setup.sh
-- Up-to-date symlink: /home/eceteam4/ECE480Team4/install/gazebo_world/share/gazebo_world/local_setup.zsh
-- Up-to-date symlink: /home/eceteam4/ECE480Team4/install/gazebo_world/share/gazebo_world/local_setup.dsv
-- Symlinking: /home/eceteam4/ECE480Team4/install/gazebo_world/share/gazebo_world/package.dsv
-- Up-to-date symlink: /home/eceteam4/ECE480Team4/install/gazebo_world/share/ament_index/resource_index/packages/gazebo_world
-- Up-to-date symlink: /home/eceteam4/ECE480Team4/install/gazebo_world/share/gazebo_world/cmake/gazebo_worldConfig.cmake
-- Up-to-date symlink: /home/eceteam4/ECE480Team4/install/gazebo_world/share/gazebo_world/cmake/gazebo_worldConfig-version.cmake
-- Up-to-date symlink: /home/eceteam4/ECE480Team4/install/gazebo_world/share/gazebo_world/package.xml
