[3.073s] Invoking command in '/home/eceteam4/ECE480Team4/ros2_ws/build/sensors_camera_node': PYTHONPATH=/home/eceteam4/ECE480Team4/ros2_ws/build/sensors_camera_node/prefix_override:/usr/lib/python3/dist-packages/colcon_core/task/python/colcon_distutils_commands:/home/eceteam4/ECE480Team4/ros2_ws/install/sensors_camera_node/lib/python3.10/site-packages:${PYTHONPATH} /usr/bin/python3 -W ignore:setup.py install is deprecated -W ignore:easy_install command is deprecated setup.py develop --editable --build-directory /home/eceteam4/ECE480Team4/ros2_ws/build/sensors_camera_node/build --no-deps symlink_data
[3.788s] running develop
[4.173s] running egg_info
[4.173s] creating sensors_camera_node.egg-info
[4.173s] writing sensors_camera_node.egg-info/PKG-INFO
[4.174s] writing dependency_links to sensors_camera_node.egg-info/dependency_links.txt
[4.174s] writing entry points to sensors_camera_node.egg-info/entry_points.txt
[4.174s] writing requirements to sensors_camera_node.egg-info/requires.txt
[4.174s] writing top-level names to sensors_camera_node.egg-info/top_level.txt
[4.175s] writing manifest file 'sensors_camera_node.egg-info/SOURCES.txt'
[4.180s] reading manifest file 'sensors_camera_node.egg-info/SOURCES.txt'
[4.181s] writing manifest file 'sensors_camera_node.egg-info/SOURCES.txt'
[4.185s] running build_ext
[4.185s] Creating /home/eceteam4/ECE480Team4/ros2_ws/install/sensors_camera_node/lib/python3.10/site-packages/sensors-camera-node.egg-link (link to .)
[4.197s] Installing sensors_camera_node script to /home/eceteam4/ECE480Team4/ros2_ws/install/sensors_camera_node/lib/sensors_camera_node
[4.198s] 
[4.199s] Installed /home/eceteam4/ECE480Team4/ros2_ws/build/sensors_camera_node
[4.199s] running symlink_data
[4.199s] creating /home/eceteam4/ECE480Team4/ros2_ws/install/sensors_camera_node/share/ament_index
[4.199s] creating /home/eceteam4/ECE480Team4/ros2_ws/install/sensors_camera_node/share/ament_index/resource_index
[4.199s] creating /home/eceteam4/ECE480Team4/ros2_ws/install/sensors_camera_node/share/ament_index/resource_index/packages
[4.200s] symbolically linking /home/eceteam4/ECE480Team4/ros2_ws/build/sensors_camera_node/resource/sensors_camera_node -> /home/eceteam4/ECE480Team4/ros2_ws/install/sensors_camera_node/share/ament_index/resource_index/packages
[4.200s] symbolically linking /home/eceteam4/ECE480Team4/ros2_ws/build/sensors_camera_node/package.xml -> /home/eceteam4/ECE480Team4/ros2_ws/install/sensors_camera_node/share/sensors_camera_node
[4.200s] creating /home/eceteam4/ECE480Team4/ros2_ws/install/sensors_camera_node/share/sensors_camera_node/launch
[4.200s] symbolically linking /home/eceteam4/ECE480Team4/ros2_ws/build/sensors_camera_node/launch/cam.launch.py -> /home/eceteam4/ECE480Team4/ros2_ws/install/sensors_camera_node/share/sensors_camera_node/launch
[4.337s] Invoked command in '/home/eceteam4/ECE480Team4/ros2_ws/build/sensors_camera_node' returned '0': PYTHONPATH=/home/eceteam4/ECE480Team4/ros2_ws/build/sensors_camera_node/prefix_override:/usr/lib/python3/dist-packages/colcon_core/task/python/colcon_distutils_commands:/home/eceteam4/ECE480Team4/ros2_ws/install/sensors_camera_node/lib/python3.10/site-packages:${PYTHONPATH} /usr/bin/python3 -W ignore:setup.py install is deprecated -W ignore:easy_install command is deprecated setup.py develop --editable --build-directory /home/eceteam4/ECE480Team4/ros2_ws/build/sensors_camera_node/build --no-deps symlink_data
