running develop
running egg_info
creating perception_sync_node.egg-info
writing perception_sync_node.egg-info/PKG-INFO
writing dependency_links to perception_sync_node.egg-info/dependency_links.txt
writing entry points to perception_sync_node.egg-info/entry_points.txt
writing requirements to perception_sync_node.egg-info/requires.txt
writing top-level names to perception_sync_node.egg-info/top_level.txt
writing manifest file 'perception_sync_node.egg-info/SOURCES.txt'
reading manifest file 'perception_sync_node.egg-info/SOURCES.txt'
writing manifest file 'perception_sync_node.egg-info/SOURCES.txt'
running build_ext
Creating /home/eceteam4/ECE480Team4/install/perception_sync_node/lib/python3.10/site-packages/perception-sync-node.egg-link (link to .)
Installing perception_sync_node script to /home/eceteam4/ECE480Team4/install/perception_sync_node/lib/perception_sync_node

Installed /home/eceteam4/ECE480Team4/build/perception_sync_node
running symlink_data
creating /home/eceteam4/ECE480Team4/install/perception_sync_node/share/ament_index
creating /home/eceteam4/ECE480Team4/install/perception_sync_node/share/ament_index/resource_index
creating /home/eceteam4/ECE480Team4/install/perception_sync_node/share/ament_index/resource_index/packages
symbolically linking /home/eceteam4/ECE480Team4/build/perception_sync_node/resource/perception_sync_node -> /home/eceteam4/ECE480Team4/install/perception_sync_node/share/ament_index/resource_index/packages
symbolically linking /home/eceteam4/ECE480Team4/build/perception_sync_node/package.xml -> /home/eceteam4/ECE480Team4/install/perception_sync_node/share/perception_sync_node
