[3.167s] Invoking command in '/home/eceteam4/ECE480Team4/build/perception_sync_node': PYTHONPATH=/home/eceteam4/ECE480Team4/build/perception_sync_node/prefix_override:/usr/lib/python3/dist-packages/colcon_core/task/python/colcon_distutils_commands:/home/eceteam4/ECE480Team4/install/perception_sync_node/lib/python3.10/site-packages:${PYTHONPATH} /usr/bin/python3 -W ignore:setup.py install is deprecated -W ignore:easy_install command is deprecated setup.py develop --editable --build-directory /home/eceteam4/ECE480Team4/build/perception_sync_node/build --no-deps symlink_data
[4.026s] running develop
[4.190s] running egg_info
[4.191s] creating perception_sync_node.egg-info
[4.192s] writing perception_sync_node.egg-info/PKG-INFO
[4.193s] writing dependency_links to perception_sync_node.egg-info/dependency_links.txt
[4.193s] writing entry points to perception_sync_node.egg-info/entry_points.txt
[4.194s] writing requirements to perception_sync_node.egg-info/requires.txt
[4.194s] writing top-level names to perception_sync_node.egg-info/top_level.txt
[4.195s] writing manifest file 'perception_sync_node.egg-info/SOURCES.txt'
[4.204s] reading manifest file 'perception_sync_node.egg-info/SOURCES.txt'
[4.206s] writing manifest file 'perception_sync_node.egg-info/SOURCES.txt'
[4.210s] running build_ext
[4.211s] Creating /home/eceteam4/ECE480Team4/install/perception_sync_node/lib/python3.10/site-packages/perception-sync-node.egg-link (link to .)
[4.214s] Installing perception_sync_node script to /home/eceteam4/ECE480Team4/install/perception_sync_node/lib/perception_sync_node
[4.215s] 
[4.215s] Installed /home/eceteam4/ECE480Team4/build/perception_sync_node
[4.216s] running symlink_data
[4.216s] creating /home/eceteam4/ECE480Team4/install/perception_sync_node/share/ament_index
[4.216s] creating /home/eceteam4/ECE480Team4/install/perception_sync_node/share/ament_index/resource_index
[4.216s] creating /home/eceteam4/ECE480Team4/install/perception_sync_node/share/ament_index/resource_index/packages
[4.216s] symbolically linking /home/eceteam4/ECE480Team4/build/perception_sync_node/resource/perception_sync_node -> /home/eceteam4/ECE480Team4/install/perception_sync_node/share/ament_index/resource_index/packages
[4.217s] symbolically linking /home/eceteam4/ECE480Team4/build/perception_sync_node/package.xml -> /home/eceteam4/ECE480Team4/install/perception_sync_node/share/perception_sync_node
[4.732s] Invoked command in '/home/eceteam4/ECE480Team4/build/perception_sync_node' returned '0': PYTHONPATH=/home/eceteam4/ECE480Team4/build/perception_sync_node/prefix_override:/usr/lib/python3/dist-packages/colcon_core/task/python/colcon_distutils_commands:/home/eceteam4/ECE480Team4/install/perception_sync_node/lib/python3.10/site-packages:${PYTHONPATH} /usr/bin/python3 -W ignore:setup.py install is deprecated -W ignore:easy_install command is deprecated setup.py develop --editable --build-directory /home/eceteam4/ECE480Team4/build/perception_sync_node/build --no-deps symlink_data
