[2.522s] Invoking command in '/home/eceteam4/ECE480Team4/build/lane_follow': PYTHONPATH=/home/eceteam4/ECE480Team4/build/lane_follow/prefix_override:/usr/lib/python3/dist-packages/colcon_core/task/python/colcon_distutils_commands:/home/eceteam4/ECE480Team4/install/lane_follow/lib/python3.10/site-packages: /usr/bin/python3 -W ignore:setup.py install is deprecated -W ignore:easy_install command is deprecated setup.py develop --editable --build-directory /home/eceteam4/ECE480Team4/build/lane_follow/build --no-deps symlink_data
[2.971s] running develop
[3.219s] running egg_info
[3.219s] writing lane_follow.egg-info/PKG-INFO
[3.221s] writing dependency_links to lane_follow.egg-info/dependency_links.txt
[3.221s] writing entry points to lane_follow.egg-info/entry_points.txt
[3.222s] writing requirements to lane_follow.egg-info/requires.txt
[3.223s] writing top-level names to lane_follow.egg-info/top_level.txt
[3.229s] reading manifest file 'lane_follow.egg-info/SOURCES.txt'
[3.231s] writing manifest file 'lane_follow.egg-info/SOURCES.txt'
[3.235s] running build_ext
[3.236s] Creating /home/eceteam4/ECE480Team4/install/lane_follow/lib/python3.10/site-packages/lane-follow.egg-link (link to .)
[3.239s] Installing detect script to /home/eceteam4/ECE480Team4/install/lane_follow/lib/lane_follow
[3.240s] Installing follow_pid script to /home/eceteam4/ECE480Team4/install/lane_follow/lib/lane_follow
[3.241s] Installing follow_pure_pursuit script to /home/eceteam4/ECE480Team4/install/lane_follow/lib/lane_follow
[3.242s] Installing ground_spot script to /home/eceteam4/ECE480Team4/install/lane_follow/lib/lane_follow
[3.243s] Installing sensors_camera_node script to /home/eceteam4/ECE480Team4/install/lane_follow/lib/lane_follow
[3.244s] 
[3.244s] Installed /home/eceteam4/ECE480Team4/build/lane_follow
[3.244s] running symlink_data
[3.792s] Invoked command in '/home/eceteam4/ECE480Team4/build/lane_follow' returned '0': PYTHONPATH=/home/eceteam4/ECE480Team4/build/lane_follow/prefix_override:/usr/lib/python3/dist-packages/colcon_core/task/python/colcon_distutils_commands:/home/eceteam4/ECE480Team4/install/lane_follow/lib/python3.10/site-packages: /usr/bin/python3 -W ignore:setup.py install is deprecated -W ignore:easy_install command is deprecated setup.py develop --editable --build-directory /home/eceteam4/ECE480Team4/build/lane_follow/build --no-deps symlink_data
