[0.811s] Invoking command in '/home/eceteam4/ECE480Team4/ros2_ws/build/curvy_road': CMAKE_PREFIX_PATH=/opt/ros/humble /usr/bin/cmake --build /home/eceteam4/ECE480Team4/ros2_ws/build/curvy_road -- -j6 -l6
[1.406s] [0mCMake Deprecation Warning at CMakeLists.txt:4 (cmake_minimum_required):
[1.406s]   Compatibility with CMake < 3.10 will be removed from a future version of
[1.406s]   CMake.
[1.406s] 
[1.407s]   Update the VERSION argument <min> value.  Or, use the <min>...<max> syntax
[1.407s]   to tell CMake that the project requires at least <min> but has been updated
[1.407s]   to work with policies introduced by <max> or earlier.
[1.407s] 
[1.407s] [0m
[1.408s] -- The C compiler identification is GNU 11.4.0
[1.556s] -- The CXX compiler identification is GNU 11.4.0
[1.613s] -- Detecting C compiler ABI info
[1.870s] -- Detecting C compiler ABI info - done
[1.907s] -- Check for working C compiler: /usr/bin/cc - skipped
[1.909s] -- Detecting C compile features
[1.909s] -- Detecting C compile features - done
[1.966s] -- Detecting CXX compiler ABI info
[2.152s] -- Detecting CXX compiler ABI info - done
[2.178s] -- Check for working CXX compiler: /usr/bin/c++ - skipped
[2.178s] -- Detecting CXX compile features
[2.180s] -- Detecting CXX compile features - done
[2.203s] -- Found ament_cmake: 1.3.13 (/opt/ros/humble/share/ament_cmake/cmake)
[2.511s] -- Found Python3: /usr/bin/python3 (found version "3.10.12") found components: Interpreter
[2.667s] -- Override CMake install command with custom implementation using symlinks instead of copying resources
[2.720s] -- Found geometry_msgs: 4.9.1 (/opt/ros/humble/share/geometry_msgs/cmake)
[2.816s] -- Found rosidl_generator_c: 3.1.8 (/opt/ros/humble/share/rosidl_generator_c/cmake)
[2.834s] -- Found rosidl_adapter: 3.1.8 (/opt/ros/humble/share/rosidl_adapter/cmake)
[2.856s] -- Found rosidl_generator_cpp: 3.1.8 (/opt/ros/humble/share/rosidl_generator_cpp/cmake)
[2.909s] -- Using all available rosidl_typesupport_c: rosidl_typesupport_fastrtps_c;rosidl_typesupport_introspection_c
[2.992s] -- Using all available rosidl_typesupport_cpp: rosidl_typesupport_fastrtps_cpp;rosidl_typesupport_introspection_cpp
[3.175s] -- Found nav_msgs: 4.9.1 (/opt/ros/humble/share/nav_msgs/cmake)
[3.274s] -- Found rclcpp: 16.0.18 (/opt/ros/humble/share/rclcpp/cmake)
[3.457s] -- Found rmw_implementation_cmake: 6.1.2 (/opt/ros/humble/share/rmw_implementation_cmake/cmake)
[3.468s] -- Found rmw_fastrtps_cpp: 6.2.10 (/opt/ros/humble/share/rmw_fastrtps_cpp/cmake)
[3.607s] -- Found OpenSSL: /usr/lib/aarch64-linux-gnu/libcrypto.so (found version "3.0.2")
[3.752s] -- Using RMW implementation 'rmw_fastrtps_cpp' as default
[3.895s] -- Found sensor_msgs: 4.9.1 (/opt/ros/humble/share/sensor_msgs/cmake)
[3.940s] -- Found tf2: 0.25.17 (/opt/ros/humble/share/tf2/cmake)
[4.098s] -- Configuring done (3.1s)
[4.126s] -- Generating done (0.0s)
[4.183s] -- Build files have been written to: /home/eceteam4/ECE480Team4/ros2_ws/build/curvy_road
[4.701s] Invoked command in '/home/eceteam4/ECE480Team4/ros2_ws/build/curvy_road' returned '0': CMAKE_PREFIX_PATH=/opt/ros/humble /usr/bin/cmake --build /home/eceteam4/ECE480Team4/ros2_ws/build/curvy_road -- -j6 -l6
[4.704s] Invoking command in '/home/eceteam4/ECE480Team4/ros2_ws/build/curvy_road': CMAKE_PREFIX_PATH=/opt/ros/humble /usr/bin/cmake --install /home/eceteam4/ECE480Team4/ros2_ws/build/curvy_road
[4.737s] -- Install configuration: ""
[4.737s] -- Execute custom install script
[4.737s] -- Up-to-date symlink: /home/eceteam4/ECE480Team4/ros2_ws/install/curvy_road/share/curvy_road//launch/curvy_road.launch.py
[4.738s] -- Up-to-date symlink: /home/eceteam4/ECE480Team4/ros2_ws/install/curvy_road/share/curvy_road//launch/empty_world.launch.py
[4.738s] -- Up-to-date symlink: /home/eceteam4/ECE480Team4/ros2_ws/install/curvy_road/share/curvy_road//launch/robot_state_publisher.launch.py
[4.738s] -- Up-to-date symlink: /home/eceteam4/ECE480Team4/ros2_ws/install/curvy_road/share/curvy_road//launch/turtlebot3_world.launch.py
[4.745s] -- Up-to-date symlink: /home/eceteam4/ECE480Team4/ros2_ws/install/curvy_road/share/curvy_road//models/turtlebot3_burger/meshes/burger_base.dae
[4.746s] -- Up-to-date symlink: /home/eceteam4/ECE480Team4/ros2_ws/install/curvy_road/share/curvy_road//models/turtlebot3_burger/meshes/lds.dae
[4.747s] -- Up-to-date symlink: /home/eceteam4/ECE480Team4/ros2_ws/install/curvy_road/share/curvy_road//models/turtlebot3_burger/meshes/tire.dae
[4.748s] -- Up-to-date symlink: /home/eceteam4/ECE480Team4/ros2_ws/install/curvy_road/share/curvy_road//models/turtlebot3_burger/model-1_4.sdf
[4.749s] -- Up-to-date symlink: /home/eceteam4/ECE480Team4/ros2_ws/install/curvy_road/share/curvy_road//models/turtlebot3_burger/model.config
[4.750s] -- Up-to-date symlink: /home/eceteam4/ECE480Team4/ros2_ws/install/curvy_road/share/curvy_road//models/turtlebot3_burger/model.sdf
[4.753s] -- Up-to-date symlink: /home/eceteam4/ECE480Team4/ros2_ws/install/curvy_road/share/curvy_road//models/turtlebot3_curvy_road/course/materials/scripts/course.material
[4.754s] -- Up-to-date symlink: /home/eceteam4/ECE480Team4/ros2_ws/install/curvy_road/share/curvy_road//models/turtlebot3_curvy_road/course/materials/textures/road_2.png
[4.755s] -- Up-to-date symlink: /home/eceteam4/ECE480Team4/ros2_ws/install/curvy_road/share/curvy_road//models/turtlebot3_curvy_road/course/materials/textures/road_3.png
[4.756s] -- Up-to-date symlink: /home/eceteam4/ECE480Team4/ros2_ws/install/curvy_road/share/curvy_road//models/turtlebot3_curvy_road/course/model.config
[4.756s] -- Up-to-date symlink: /home/eceteam4/ECE480Team4/ros2_ws/install/curvy_road/share/curvy_road//models/turtlebot3_curvy_road/course/model.sdf
[4.760s] -- Up-to-date symlink: /home/eceteam4/ECE480Team4/ros2_ws/install/curvy_road/share/curvy_road//models/turtlebot3_curvy_road/curvy_road/model.config
[4.760s] -- Up-to-date symlink: /home/eceteam4/ECE480Team4/ros2_ws/install/curvy_road/share/curvy_road//models/turtlebot3_curvy_road/curvy_road/model.sdf
[4.760s] -- Up-to-date symlink: /home/eceteam4/ECE480Team4/ros2_ws/install/curvy_road/share/curvy_road//models/turtlebot3_curvy_road/curvy_road_world/model.config
[4.776s] -- Up-to-date symlink: /home/eceteam4/ECE480Team4/ros2_ws/install/curvy_road/share/curvy_road//models/turtlebot3_curvy_road/curvy_road_world/model.sdf
[4.776s] -- Up-to-date symlink: /home/eceteam4/ECE480Team4/ros2_ws/install/curvy_road/share/curvy_road//models/turtlebot3_curvy_road/model.config
[4.776s] -- Up-to-date symlink: /home/eceteam4/ECE480Team4/ros2_ws/install/curvy_road/share/curvy_road//models/turtlebot3_curvy_road/traffic_parking/materials/scripts/traffic_parking.material
[4.776s] -- Up-to-date symlink: /home/eceteam4/ECE480Team4/ros2_ws/install/curvy_road/share/curvy_road//models/turtlebot3_curvy_road/traffic_parking/materials/textures/traffic_parking.png
[4.776s] -- Up-to-date symlink: /home/eceteam4/ECE480Team4/ros2_ws/install/curvy_road/share/curvy_road//models/turtlebot3_curvy_road/traffic_parking/model.config
[4.776s] -- Up-to-date symlink: /home/eceteam4/ECE480Team4/ros2_ws/install/curvy_road/share/curvy_road//models/turtlebot3_curvy_road/traffic_parking/model.sdf
[4.776s] -- Up-to-date symlink: /home/eceteam4/ECE480Team4/ros2_ws/install/curvy_road/share/curvy_road//models/turtlebot3_waffle/meshes/lds.dae
[4.777s] -- Up-to-date symlink: /home/eceteam4/ECE480Team4/ros2_ws/install/curvy_road/share/curvy_road//models/turtlebot3_waffle/meshes/r200.dae
[4.777s] -- Up-to-date symlink: /home/eceteam4/ECE480Team4/ros2_ws/install/curvy_road/share/curvy_road//models/turtlebot3_waffle/meshes/tire.dae
[4.777s] -- Up-to-date symlink: /home/eceteam4/ECE480Team4/ros2_ws/install/curvy_road/share/curvy_road//models/turtlebot3_waffle/meshes/waffle_base.dae
[4.777s] -- Up-to-date symlink: /home/eceteam4/ECE480Team4/ros2_ws/install/curvy_road/share/curvy_road//models/turtlebot3_waffle/model-1_4.sdf
[4.777s] -- Up-to-date symlink: /home/eceteam4/ECE480Team4/ros2_ws/install/curvy_road/share/curvy_road//models/turtlebot3_waffle/model.config
[4.777s] -- Up-to-date symlink: /home/eceteam4/ECE480Team4/ros2_ws/install/curvy_road/share/curvy_road//models/turtlebot3_waffle/model.sdf
[4.778s] -- Up-to-date symlink: /home/eceteam4/ECE480Team4/ros2_ws/install/curvy_road/share/curvy_road//models/turtlebot3_waffle_pi/meshes/lds.dae
[4.778s] -- Up-to-date symlink: /home/eceteam4/ECE480Team4/ros2_ws/install/curvy_road/share/curvy_road//models/turtlebot3_waffle_pi/meshes/tire.dae
[4.782s] -- Up-to-date symlink: /home/eceteam4/ECE480Team4/ros2_ws/install/curvy_road/share/curvy_road//models/turtlebot3_waffle_pi/meshes/waffle_pi_base.dae
[4.783s] -- Up-to-date symlink: /home/eceteam4/ECE480Team4/ros2_ws/install/curvy_road/share/curvy_road//models/turtlebot3_waffle_pi/model-1_4_.sdf
[4.784s] -- Up-to-date symlink: /home/eceteam4/ECE480Team4/ros2_ws/install/curvy_road/share/curvy_road//models/turtlebot3_waffle_pi/model.config
[4.785s] -- Up-to-date symlink: /home/eceteam4/ECE480Team4/ros2_ws/install/curvy_road/share/curvy_road//models/turtlebot3_waffle_pi/model.sdf
[4.786s] -- Up-to-date symlink: /home/eceteam4/ECE480Team4/ros2_ws/install/curvy_road/share/curvy_road//models/turtlebot3_waffle_robot1/meshes/lds.dae
[4.787s] -- Up-to-date symlink: /home/eceteam4/ECE480Team4/ros2_ws/install/curvy_road/share/curvy_road//models/turtlebot3_waffle_robot1/meshes/r200.dae
[4.788s] -- Up-to-date symlink: /home/eceteam4/ECE480Team4/ros2_ws/install/curvy_road/share/curvy_road//models/turtlebot3_waffle_robot1/meshes/tire.dae
[4.788s] -- Up-to-date symlink: /home/eceteam4/ECE480Team4/ros2_ws/install/curvy_road/share/curvy_road//models/turtlebot3_waffle_robot1/meshes/waffle_base.dae
[4.789s] -- Up-to-date symlink: /home/eceteam4/ECE480Team4/ros2_ws/install/curvy_road/share/curvy_road//models/turtlebot3_waffle_robot1/model-1_4.sdf
[4.790s] -- Up-to-date symlink: /home/eceteam4/ECE480Team4/ros2_ws/install/curvy_road/share/curvy_road//models/turtlebot3_waffle_robot1/model.config
[4.791s] -- Up-to-date symlink: /home/eceteam4/ECE480Team4/ros2_ws/install/curvy_road/share/curvy_road//models/turtlebot3_waffle_robot1/model.sdf
[4.793s] -- Up-to-date symlink: /home/eceteam4/ECE480Team4/ros2_ws/install/curvy_road/share/curvy_road//models/turtlebot3_world/meshes/hexagon.dae
[4.796s] -- Up-to-date symlink: /home/eceteam4/ECE480Team4/ros2_ws/install/curvy_road/share/curvy_road//models/turtlebot3_world/meshes/wall.dae
[4.799s] -- Up-to-date symlink: /home/eceteam4/ECE480Team4/ros2_ws/install/curvy_road/share/curvy_road//models/turtlebot3_world/model-1_4.sdf
[4.802s] -- Up-to-date symlink: /home/eceteam4/ECE480Team4/ros2_ws/install/curvy_road/share/curvy_road//models/turtlebot3_world/model.config
[4.802s] -- Up-to-date symlink: /home/eceteam4/ECE480Team4/ros2_ws/install/curvy_road/share/curvy_road//models/turtlebot3_world/model.sdf
[4.807s] -- Up-to-date symlink: /home/eceteam4/ECE480Team4/ros2_ws/install/curvy_road/share/curvy_road//rviz/tb3_gazebo.rviz
[4.819s] -- Up-to-date symlink: /home/eceteam4/ECE480Team4/ros2_ws/install/curvy_road/share/curvy_road//worlds/empty_worlds/burger.model
[4.820s] -- Up-to-date symlink: /home/eceteam4/ECE480Team4/ros2_ws/install/curvy_road/share/curvy_road//worlds/empty_worlds/waffle.model
[4.821s] -- Up-to-date symlink: /home/eceteam4/ECE480Team4/ros2_ws/install/curvy_road/share/curvy_road//worlds/empty_worlds/waffle_pi.model
[4.822s] -- Up-to-date symlink: /home/eceteam4/ECE480Team4/ros2_ws/install/curvy_road/share/curvy_road//worlds/turtlebot3_curvy_road/burger.model
[4.823s] -- Up-to-date symlink: /home/eceteam4/ECE480Team4/ros2_ws/install/curvy_road/share/curvy_road//worlds/turtlebot3_curvy_road/waffle.model
[4.823s] -- Up-to-date symlink: /home/eceteam4/ECE480Team4/ros2_ws/install/curvy_road/share/curvy_road//worlds/turtlebot3_curvy_road/waffle_pi.model
[4.824s] -- Up-to-date symlink: /home/eceteam4/ECE480Team4/ros2_ws/install/curvy_road/share/curvy_road//worlds/turtlebot3_worlds/burger.model
[4.825s] -- Up-to-date symlink: /home/eceteam4/ECE480Team4/ros2_ws/install/curvy_road/share/curvy_road//worlds/turtlebot3_worlds/waffle.model
[4.825s] -- Up-to-date symlink: /home/eceteam4/ECE480Team4/ros2_ws/install/curvy_road/share/curvy_road//worlds/turtlebot3_worlds/waffle_pi.model
[4.827s] -- Up-to-date symlink: /home/eceteam4/ECE480Team4/ros2_ws/install/curvy_road/share/ament_index/resource_index/package_run_dependencies/curvy_road
[4.829s] -- Up-to-date symlink: /home/eceteam4/ECE480Team4/ros2_ws/install/curvy_road/share/ament_index/resource_index/parent_prefix_path/curvy_road
[4.830s] -- Up-to-date symlink: /home/eceteam4/ECE480Team4/ros2_ws/install/curvy_road/share/curvy_road/environment/ament_prefix_path.sh
[4.832s] -- Up-to-date symlink: /home/eceteam4/ECE480Team4/ros2_ws/install/curvy_road/share/curvy_road/environment/ament_prefix_path.dsv
[4.833s] -- Up-to-date symlink: /home/eceteam4/ECE480Team4/ros2_ws/install/curvy_road/share/curvy_road/environment/path.sh
[4.834s] -- Up-to-date symlink: /home/eceteam4/ECE480Team4/ros2_ws/install/curvy_road/share/curvy_road/environment/path.dsv
[4.835s] -- Up-to-date symlink: /home/eceteam4/ECE480Team4/ros2_ws/install/curvy_road/share/curvy_road/local_setup.bash
[4.836s] -- Up-to-date symlink: /home/eceteam4/ECE480Team4/ros2_ws/install/curvy_road/share/curvy_road/local_setup.sh
[4.838s] -- Up-to-date symlink: /home/eceteam4/ECE480Team4/ros2_ws/install/curvy_road/share/curvy_road/local_setup.zsh
[4.842s] -- Up-to-date symlink: /home/eceteam4/ECE480Team4/ros2_ws/install/curvy_road/share/curvy_road/local_setup.dsv
[4.843s] -- Symlinking: /home/eceteam4/ECE480Team4/ros2_ws/install/curvy_road/share/curvy_road/package.dsv
[4.859s] -- Up-to-date symlink: /home/eceteam4/ECE480Team4/ros2_ws/install/curvy_road/share/ament_index/resource_index/packages/curvy_road
[4.860s] -- Up-to-date symlink: /home/eceteam4/ECE480Team4/ros2_ws/install/curvy_road/share/curvy_road/cmake/ament_cmake_export_include_directories-extras.cmake
[4.862s] -- Up-to-date symlink: /home/eceteam4/ECE480Team4/ros2_ws/install/curvy_road/share/curvy_road/cmake/ament_cmake_export_dependencies-extras.cmake
[4.864s] -- Up-to-date symlink: /home/eceteam4/ECE480Team4/ros2_ws/install/curvy_road/share/curvy_road/cmake/curvy_roadConfig.cmake
[4.865s] -- Up-to-date symlink: /home/eceteam4/ECE480Team4/ros2_ws/install/curvy_road/share/curvy_road/cmake/curvy_roadConfig-version.cmake
[4.866s] -- Up-to-date symlink: /home/eceteam4/ECE480Team4/ros2_ws/install/curvy_road/share/curvy_road/package.xml
[5.320s] Invoked command in '/home/eceteam4/ECE480Team4/ros2_ws/build/curvy_road' returned '0': CMAKE_PREFIX_PATH=/opt/ros/humble /usr/bin/cmake --install /home/eceteam4/ECE480Team4/ros2_ws/build/curvy_road
