running develop
running egg_info
creating sensors_imu_bridge.egg-info
writing sensors_imu_bridge.egg-info/PKG-INFO
writing dependency_links to sensors_imu_bridge.egg-info/dependency_links.txt
writing entry points to sensors_imu_bridge.egg-info/entry_points.txt
writing requirements to sensors_imu_bridge.egg-info/requires.txt
writing top-level names to sensors_imu_bridge.egg-info/top_level.txt
writing manifest file 'sensors_imu_bridge.egg-info/SOURCES.txt'
reading manifest file 'sensors_imu_bridge.egg-info/SOURCES.txt'
writing manifest file 'sensors_imu_bridge.egg-info/SOURCES.txt'
running build_ext
Creating /home/eceteam4/ECE480Team4/ros2_ws/install/sensors_imu_bridge/lib/python3.10/site-packages/sensors-imu-bridge.egg-link (link to .)
Installing sensors_imu_bridge script to /home/eceteam4/ECE480Team4/ros2_ws/install/sensors_imu_bridge/bin

Installed /home/eceteam4/ECE480Team4/ros2_ws/build/sensors_imu_bridge
running symlink_data
creating /home/eceteam4/ECE480Team4/ros2_ws/install/sensors_imu_bridge/share/ament_index
creating /home/eceteam4/ECE480Team4/ros2_ws/install/sensors_imu_bridge/share/ament_index/resource_index
creating /home/eceteam4/ECE480Team4/ros2_ws/install/sensors_imu_bridge/share/ament_index/resource_index/packages
symbolically linking /home/eceteam4/ECE480Team4/ros2_ws/build/sensors_imu_bridge/resource/sensors_imu_bridge -> /home/eceteam4/ECE480Team4/ros2_ws/install/sensors_imu_bridge/share/ament_index/resource_index/packages
symbolically linking /home/eceteam4/ECE480Team4/ros2_ws/build/sensors_imu_bridge/package.xml -> /home/eceteam4/ECE480Team4/ros2_ws/install/sensors_imu_bridge/share/sensors_imu_bridge
creating /home/eceteam4/ECE480Team4/ros2_ws/install/sensors_imu_bridge/share/sensors_imu_bridge/launch
symbolically linking /home/eceteam4/ECE480Team4/ros2_ws/build/sensors_imu_bridge/launch/imu.launch.py -> /home/eceteam4/ECE480Team4/ros2_ws/install/sensors_imu_bridge/share/sensors_imu_bridge/launch
