[1.481s] Invoking command in '/home/eceteam4/ECE480Team4/ros2_ws/build/sensors_imu_bridge': PYTHONPATH=/home/eceteam4/ECE480Team4/ros2_ws/build/sensors_imu_bridge/prefix_override:/usr/lib/python3/dist-packages/colcon_core/task/python/colcon_distutils_commands:/home/eceteam4/ECE480Team4/ros2_ws/install/sensors_imu_bridge/lib/python3.10/site-packages:${PYTHONPATH} /usr/bin/python3 -W ignore:setup.py install is deprecated -W ignore:easy_install command is deprecated setup.py develop --editable --build-directory /home/eceteam4/ECE480Team4/ros2_ws/build/sensors_imu_bridge/build --no-deps symlink_data
[1.982s] running develop
[2.298s] running egg_info
[2.298s] creating sensors_imu_bridge.egg-info
[2.298s] writing sensors_imu_bridge.egg-info/PKG-INFO
[2.299s] writing dependency_links to sensors_imu_bridge.egg-info/dependency_links.txt
[2.299s] writing entry points to sensors_imu_bridge.egg-info/entry_points.txt
[2.299s] writing requirements to sensors_imu_bridge.egg-info/requires.txt
[2.300s] writing top-level names to sensors_imu_bridge.egg-info/top_level.txt
[2.300s] writing manifest file 'sensors_imu_bridge.egg-info/SOURCES.txt'
[2.303s] reading manifest file 'sensors_imu_bridge.egg-info/SOURCES.txt'
[2.304s] writing manifest file 'sensors_imu_bridge.egg-info/SOURCES.txt'
[2.307s] running build_ext
[2.308s] Creating /home/eceteam4/ECE480Team4/ros2_ws/install/sensors_imu_bridge/lib/python3.10/site-packages/sensors-imu-bridge.egg-link (link to .)
[2.309s] Installing sensors_imu_bridge script to /home/eceteam4/ECE480Team4/ros2_ws/install/sensors_imu_bridge/bin
[2.310s] 
[2.310s] Installed /home/eceteam4/ECE480Team4/ros2_ws/build/sensors_imu_bridge
[2.310s] running symlink_data
[2.310s] creating /home/eceteam4/ECE480Team4/ros2_ws/install/sensors_imu_bridge/share/ament_index
[2.310s] creating /home/eceteam4/ECE480Team4/ros2_ws/install/sensors_imu_bridge/share/ament_index/resource_index
[2.311s] creating /home/eceteam4/ECE480Team4/ros2_ws/install/sensors_imu_bridge/share/ament_index/resource_index/packages
[2.311s] symbolically linking /home/eceteam4/ECE480Team4/ros2_ws/build/sensors_imu_bridge/resource/sensors_imu_bridge -> /home/eceteam4/ECE480Team4/ros2_ws/install/sensors_imu_bridge/share/ament_index/resource_index/packages
[2.311s] symbolically linking /home/eceteam4/ECE480Team4/ros2_ws/build/sensors_imu_bridge/package.xml -> /home/eceteam4/ECE480Team4/ros2_ws/install/sensors_imu_bridge/share/sensors_imu_bridge
[2.311s] creating /home/eceteam4/ECE480Team4/ros2_ws/install/sensors_imu_bridge/share/sensors_imu_bridge/launch
[2.311s] symbolically linking /home/eceteam4/ECE480Team4/ros2_ws/build/sensors_imu_bridge/launch/imu.launch.py -> /home/eceteam4/ECE480Team4/ros2_ws/install/sensors_imu_bridge/share/sensors_imu_bridge/launch
[2.388s] Invoked command in '/home/eceteam4/ECE480Team4/ros2_ws/build/sensors_imu_bridge' returned '0': PYTHONPATH=/home/eceteam4/ECE480Team4/ros2_ws/build/sensors_imu_bridge/prefix_override:/usr/lib/python3/dist-packages/colcon_core/task/python/colcon_distutils_commands:/home/eceteam4/ECE480Team4/ros2_ws/install/sensors_imu_bridge/lib/python3.10/site-packages:${PYTHONPATH} /usr/bin/python3 -W ignore:setup.py install is deprecated -W ignore:easy_install command is deprecated setup.py develop --editable --build-directory /home/eceteam4/ECE480Team4/ros2_ws/build/sensors_imu_bridge/build --no-deps symlink_data
