[0.110s] DEBUG:colcon:Command line arguments: ['/usr/bin/colcon', 'build', '--symlink-install']
[0.110s] DEBUG:colcon:Parsed command line arguments: Namespace(log_base=None, log_level=None, verb_name='build', build_base='build', install_base='install', merge_install=False, symlink_install=True, test_result_base=None, continue_on_error=False, executor='parallel', parallel_workers=6, event_handlers=None, ignore_user_meta=False, metas=['./colcon.meta'], base_paths=['.'], packages_ignore=None, packages_ignore_regex=None, paths=None, packages_up_to=None, packages_up_to_regex=None, packages_above=None, packages_above_and_dependencies=None, packages_above_depth=None, packages_select_by_dep=None, packages_skip_by_dep=None, packages_skip_up_to=None, packages_select_build_failed=False, packages_skip_build_finished=False, packages_select_test_failures=False, packages_skip_test_passed=False, packages_select=None, packages_skip=None, packages_select_regex=None, packages_skip_regex=None, packages_start=None, packages_end=None, cmake_args=None, cmake_target=None, cmake_target_skip_unavailable=False, cmake_clean_cache=False, cmake_clean_first=False, cmake_force_configure=False, ament_cmake_args=None, catkin_cmake_args=None, catkin_skip_building_tests=False, mixin_files=None, mixin=None, verb_parser=<colcon_mixin.mixin.mixin_argument.MixinArgumentDecorator object at 0x14f2388fe9e0>, verb_extension=<colcon_core.verb.build.BuildVerb object at 0x14f238a47910>, main=<bound method BuildVerb.main of <colcon_core.verb.build.BuildVerb object at 0x14f238a47910>>, mixin_verb=('build',))
[0.273s] Level 1:colcon.colcon_core.package_discovery:discover_packages(colcon_meta) check parameters
[0.273s] Level 1:colcon.colcon_core.package_discovery:discover_packages(recursive) check parameters
[0.273s] Level 1:colcon.colcon_core.package_discovery:discover_packages(ignore) check parameters
[0.273s] Level 1:colcon.colcon_core.package_discovery:discover_packages(path) check parameters
[0.273s] Level 1:colcon.colcon_core.package_discovery:discover_packages(colcon_meta) discover
[0.273s] Level 1:colcon.colcon_core.package_discovery:discover_packages(recursive) discover
[0.273s] INFO:colcon.colcon_core.package_discovery:Crawling recursively for packages in '/mnt/home/leflarsa/av/ECE480Team4/ros2_ws'
[0.274s] Level 1:colcon.colcon_core.package_identification:_identify(.) by extensions ['ignore', 'ignore_ament_install']
[0.274s] Level 1:colcon.colcon_core.package_identification:_identify(.) by extension 'ignore'
[0.274s] Level 1:colcon.colcon_core.package_identification:_identify(.) by extension 'ignore_ament_install'
[0.274s] Level 1:colcon.colcon_core.package_identification:_identify(.) by extensions ['colcon_pkg']
[0.274s] Level 1:colcon.colcon_core.package_identification:_identify(.) by extension 'colcon_pkg'
[0.274s] Level 1:colcon.colcon_core.package_identification:_identify(.) by extensions ['colcon_meta']
[0.274s] Level 1:colcon.colcon_core.package_identification:_identify(.) by extension 'colcon_meta'
[0.274s] Level 1:colcon.colcon_core.package_identification:_identify(.) by extensions ['ros']
[0.274s] Level 1:colcon.colcon_core.package_identification:_identify(.) by extension 'ros'
[0.283s] Level 1:colcon.colcon_core.package_identification:_identify(.) by extensions ['cmake', 'python']
[0.284s] Level 1:colcon.colcon_core.package_identification:_identify(.) by extension 'cmake'
[0.284s] Level 1:colcon.colcon_core.package_identification:_identify(.) by extension 'python'
[0.284s] Level 1:colcon.colcon_core.package_identification:_identify(.) by extensions ['python_setup_py']
[0.284s] Level 1:colcon.colcon_core.package_identification:_identify(.) by extension 'python_setup_py'
[0.315s] Level 1:colcon.colcon_core.package_identification:_identify(build) by extensions ['ignore', 'ignore_ament_install']
[0.315s] Level 1:colcon.colcon_core.package_identification:_identify(build) by extension 'ignore'
[0.315s] Level 1:colcon.colcon_core.package_identification:_identify(build) ignored
[0.315s] Level 1:colcon.colcon_core.package_identification:_identify(config) by extensions ['ignore', 'ignore_ament_install']
[0.315s] Level 1:colcon.colcon_core.package_identification:_identify(config) by extension 'ignore'
[0.315s] Level 1:colcon.colcon_core.package_identification:_identify(config) by extension 'ignore_ament_install'
[0.315s] Level 1:colcon.colcon_core.package_identification:_identify(config) by extensions ['colcon_pkg']
[0.315s] Level 1:colcon.colcon_core.package_identification:_identify(config) by extension 'colcon_pkg'
[0.315s] Level 1:colcon.colcon_core.package_identification:_identify(config) by extensions ['colcon_meta']
[0.315s] Level 1:colcon.colcon_core.package_identification:_identify(config) by extension 'colcon_meta'
[0.316s] Level 1:colcon.colcon_core.package_identification:_identify(config) by extensions ['ros']
[0.316s] Level 1:colcon.colcon_core.package_identification:_identify(config) by extension 'ros'
[0.316s] Level 1:colcon.colcon_core.package_identification:_identify(config) by extensions ['cmake', 'python']
[0.316s] Level 1:colcon.colcon_core.package_identification:_identify(config) by extension 'cmake'
[0.316s] Level 1:colcon.colcon_core.package_identification:_identify(config) by extension 'python'
[0.316s] Level 1:colcon.colcon_core.package_identification:_identify(config) by extensions ['python_setup_py']
[0.316s] Level 1:colcon.colcon_core.package_identification:_identify(config) by extension 'python_setup_py'
[0.317s] Level 1:colcon.colcon_core.package_identification:_identify(install) by extensions ['ignore', 'ignore_ament_install']
[0.318s] Level 1:colcon.colcon_core.package_identification:_identify(install) by extension 'ignore'
[0.318s] Level 1:colcon.colcon_core.package_identification:_identify(install) ignored
[0.318s] Level 1:colcon.colcon_core.package_identification:_identify(launch) by extensions ['ignore', 'ignore_ament_install']
[0.318s] Level 1:colcon.colcon_core.package_identification:_identify(launch) by extension 'ignore'
[0.318s] Level 1:colcon.colcon_core.package_identification:_identify(launch) by extension 'ignore_ament_install'
[0.318s] Level 1:colcon.colcon_core.package_identification:_identify(launch) by extensions ['colcon_pkg']
[0.318s] Level 1:colcon.colcon_core.package_identification:_identify(launch) by extension 'colcon_pkg'
[0.318s] Level 1:colcon.colcon_core.package_identification:_identify(launch) by extensions ['colcon_meta']
[0.318s] Level 1:colcon.colcon_core.package_identification:_identify(launch) by extension 'colcon_meta'
[0.318s] Level 1:colcon.colcon_core.package_identification:_identify(launch) by extensions ['ros']
[0.318s] Level 1:colcon.colcon_core.package_identification:_identify(launch) by extension 'ros'
[0.318s] Level 1:colcon.colcon_core.package_identification:_identify(launch) by extensions ['cmake', 'python']
[0.318s] Level 1:colcon.colcon_core.package_identification:_identify(launch) by extension 'cmake'
[0.318s] Level 1:colcon.colcon_core.package_identification:_identify(launch) by extension 'python'
[0.318s] Level 1:colcon.colcon_core.package_identification:_identify(launch) by extensions ['python_setup_py']
[0.318s] Level 1:colcon.colcon_core.package_identification:_identify(launch) by extension 'python_setup_py'
[0.320s] Level 1:colcon.colcon_core.package_identification:_identify(log) by extensions ['ignore', 'ignore_ament_install']
[0.320s] Level 1:colcon.colcon_core.package_identification:_identify(log) by extension 'ignore'
[0.320s] Level 1:colcon.colcon_core.package_identification:_identify(log) ignored
[0.328s] Level 1:colcon.colcon_core.package_identification:_identify(src) by extensions ['ignore', 'ignore_ament_install']
[0.328s] Level 1:colcon.colcon_core.package_identification:_identify(src) by extension 'ignore'
[0.328s] Level 1:colcon.colcon_core.package_identification:_identify(src) by extension 'ignore_ament_install'
[0.328s] Level 1:colcon.colcon_core.package_identification:_identify(src) by extensions ['colcon_pkg']
[0.329s] Level 1:colcon.colcon_core.package_identification:_identify(src) by extension 'colcon_pkg'
[0.329s] Level 1:colcon.colcon_core.package_identification:_identify(src) by extensions ['colcon_meta']
[0.329s] Level 1:colcon.colcon_core.package_identification:_identify(src) by extension 'colcon_meta'
[0.329s] Level 1:colcon.colcon_core.package_identification:_identify(src) by extensions ['ros']
[0.329s] Level 1:colcon.colcon_core.package_identification:_identify(src) by extension 'ros'
[0.329s] Level 1:colcon.colcon_core.package_identification:_identify(src) by extensions ['cmake', 'python']
[0.329s] Level 1:colcon.colcon_core.package_identification:_identify(src) by extension 'cmake'
[0.329s] Level 1:colcon.colcon_core.package_identification:_identify(src) by extension 'python'
[0.329s] Level 1:colcon.colcon_core.package_identification:_identify(src) by extensions ['python_setup_py']
[0.329s] Level 1:colcon.colcon_core.package_identification:_identify(src) by extension 'python_setup_py'
[0.329s] Level 1:colcon.colcon_core.package_identification:_identify(src/control_pure_pursuit_node) by extensions ['ignore', 'ignore_ament_install']
[0.329s] Level 1:colcon.colcon_core.package_identification:_identify(src/control_pure_pursuit_node) by extension 'ignore'
[0.329s] Level 1:colcon.colcon_core.package_identification:_identify(src/control_pure_pursuit_node) by extension 'ignore_ament_install'
[0.330s] Level 1:colcon.colcon_core.package_identification:_identify(src/control_pure_pursuit_node) by extensions ['colcon_pkg']
[0.330s] Level 1:colcon.colcon_core.package_identification:_identify(src/control_pure_pursuit_node) by extension 'colcon_pkg'
[0.330s] Level 1:colcon.colcon_core.package_identification:_identify(src/control_pure_pursuit_node) by extensions ['colcon_meta']
[0.330s] Level 1:colcon.colcon_core.package_identification:_identify(src/control_pure_pursuit_node) by extension 'colcon_meta'
[0.330s] Level 1:colcon.colcon_core.package_identification:_identify(src/control_pure_pursuit_node) by extensions ['ros']
[0.330s] Level 1:colcon.colcon_core.package_identification:_identify(src/control_pure_pursuit_node) by extension 'ros'
[0.330s] Level 1:colcon.colcon_core.package_identification:_identify(src/control_pure_pursuit_node) by extensions ['cmake', 'python']
[0.330s] Level 1:colcon.colcon_core.package_identification:_identify(src/control_pure_pursuit_node) by extension 'cmake'
[0.330s] Level 1:colcon.colcon_core.package_identification:_identify(src/control_pure_pursuit_node) by extension 'python'
[0.330s] Level 1:colcon.colcon_core.package_identification:_identify(src/control_pure_pursuit_node) by extensions ['python_setup_py']
[0.330s] Level 1:colcon.colcon_core.package_identification:_identify(src/control_pure_pursuit_node) by extension 'python_setup_py'
[0.330s] Level 1:colcon.colcon_core.package_identification:_identify(src/curvy_road) by extensions ['ignore', 'ignore_ament_install']
[0.330s] Level 1:colcon.colcon_core.package_identification:_identify(src/curvy_road) by extension 'ignore'
[0.330s] Level 1:colcon.colcon_core.package_identification:_identify(src/curvy_road) by extension 'ignore_ament_install'
[0.330s] Level 1:colcon.colcon_core.package_identification:_identify(src/curvy_road) by extensions ['colcon_pkg']
[0.330s] Level 1:colcon.colcon_core.package_identification:_identify(src/curvy_road) by extension 'colcon_pkg'
[0.330s] Level 1:colcon.colcon_core.package_identification:_identify(src/curvy_road) by extensions ['colcon_meta']
[0.330s] Level 1:colcon.colcon_core.package_identification:_identify(src/curvy_road) by extension 'colcon_meta'
[0.331s] Level 1:colcon.colcon_core.package_identification:_identify(src/curvy_road) by extensions ['ros']
[0.331s] Level 1:colcon.colcon_core.package_identification:_identify(src/curvy_road) by extension 'ros'
[0.334s] DEBUG:colcon.colcon_core.package_identification:Package 'src/curvy_road' with type 'ros.ament_cmake' and name 'curvy_road'
[0.334s] Level 1:colcon.colcon_core.package_identification:_identify(src/lane_follow) by extensions ['ignore', 'ignore_ament_install']
[0.334s] Level 1:colcon.colcon_core.package_identification:_identify(src/lane_follow) by extension 'ignore'
[0.334s] Level 1:colcon.colcon_core.package_identification:_identify(src/lane_follow) by extension 'ignore_ament_install'
[0.334s] Level 1:colcon.colcon_core.package_identification:_identify(src/lane_follow) by extensions ['colcon_pkg']
[0.334s] Level 1:colcon.colcon_core.package_identification:_identify(src/lane_follow) by extension 'colcon_pkg'
[0.334s] Level 1:colcon.colcon_core.package_identification:_identify(src/lane_follow) by extensions ['colcon_meta']
[0.334s] Level 1:colcon.colcon_core.package_identification:_identify(src/lane_follow) by extension 'colcon_meta'
[0.335s] Level 1:colcon.colcon_core.package_identification:_identify(src/lane_follow) by extensions ['ros']
[0.335s] Level 1:colcon.colcon_core.package_identification:_identify(src/lane_follow) by extension 'ros'
[0.336s] DEBUG:colcon.colcon_core.package_identification:Package 'src/lane_follow' with type 'ros.ament_python' and name 'lane_follow'
[0.336s] Level 1:colcon.colcon_core.package_identification:_identify(src/localization_ekf_node) by extensions ['ignore', 'ignore_ament_install']
[0.336s] Level 1:colcon.colcon_core.package_identification:_identify(src/localization_ekf_node) by extension 'ignore'
[0.336s] Level 1:colcon.colcon_core.package_identification:_identify(src/localization_ekf_node) by extension 'ignore_ament_install'
[0.336s] Level 1:colcon.colcon_core.package_identification:_identify(src/localization_ekf_node) by extensions ['colcon_pkg']
[0.336s] Level 1:colcon.colcon_core.package_identification:_identify(src/localization_ekf_node) by extension 'colcon_pkg'
[0.336s] Level 1:colcon.colcon_core.package_identification:_identify(src/localization_ekf_node) by extensions ['colcon_meta']
[0.336s] Level 1:colcon.colcon_core.package_identification:_identify(src/localization_ekf_node) by extension 'colcon_meta'
[0.336s] Level 1:colcon.colcon_core.package_identification:_identify(src/localization_ekf_node) by extensions ['ros']
[0.336s] Level 1:colcon.colcon_core.package_identification:_identify(src/localization_ekf_node) by extension 'ros'
[0.336s] Level 1:colcon.colcon_core.package_identification:_identify(src/localization_ekf_node) by extensions ['cmake', 'python']
[0.336s] Level 1:colcon.colcon_core.package_identification:_identify(src/localization_ekf_node) by extension 'cmake'
[0.336s] Level 1:colcon.colcon_core.package_identification:_identify(src/localization_ekf_node) by extension 'python'
[0.336s] Level 1:colcon.colcon_core.package_identification:_identify(src/localization_ekf_node) by extensions ['python_setup_py']
[0.336s] Level 1:colcon.colcon_core.package_identification:_identify(src/localization_ekf_node) by extension 'python_setup_py'
[0.337s] Level 1:colcon.colcon_core.package_identification:_identify(src/localization_orb_slam_vio_node) by extensions ['ignore', 'ignore_ament_install']
[0.337s] Level 1:colcon.colcon_core.package_identification:_identify(src/localization_orb_slam_vio_node) by extension 'ignore'
[0.337s] Level 1:colcon.colcon_core.package_identification:_identify(src/localization_orb_slam_vio_node) by extension 'ignore_ament_install'
[0.337s] Level 1:colcon.colcon_core.package_identification:_identify(src/localization_orb_slam_vio_node) by extensions ['colcon_pkg']
[0.337s] Level 1:colcon.colcon_core.package_identification:_identify(src/localization_orb_slam_vio_node) by extension 'colcon_pkg'
[0.337s] Level 1:colcon.colcon_core.package_identification:_identify(src/localization_orb_slam_vio_node) by extensions ['colcon_meta']
[0.337s] Level 1:colcon.colcon_core.package_identification:_identify(src/localization_orb_slam_vio_node) by extension 'colcon_meta'
[0.337s] Level 1:colcon.colcon_core.package_identification:_identify(src/localization_orb_slam_vio_node) by extensions ['ros']
[0.337s] Level 1:colcon.colcon_core.package_identification:_identify(src/localization_orb_slam_vio_node) by extension 'ros'
[0.337s] Level 1:colcon.colcon_core.package_identification:_identify(src/localization_orb_slam_vio_node) by extensions ['cmake', 'python']
[0.337s] Level 1:colcon.colcon_core.package_identification:_identify(src/localization_orb_slam_vio_node) by extension 'cmake'
[0.337s] Level 1:colcon.colcon_core.package_identification:_identify(src/localization_orb_slam_vio_node) by extension 'python'
[0.337s] Level 1:colcon.colcon_core.package_identification:_identify(src/localization_orb_slam_vio_node) by extensions ['python_setup_py']
[0.337s] Level 1:colcon.colcon_core.package_identification:_identify(src/localization_orb_slam_vio_node) by extension 'python_setup_py'
[0.337s] Level 1:colcon.colcon_core.package_identification:_identify(src/obstacles_det) by extensions ['ignore', 'ignore_ament_install']
[0.337s] Level 1:colcon.colcon_core.package_identification:_identify(src/obstacles_det) by extension 'ignore'
[0.338s] Level 1:colcon.colcon_core.package_identification:_identify(src/obstacles_det) by extension 'ignore_ament_install'
[0.338s] Level 1:colcon.colcon_core.package_identification:_identify(src/obstacles_det) by extensions ['colcon_pkg']
[0.338s] Level 1:colcon.colcon_core.package_identification:_identify(src/obstacles_det) by extension 'colcon_pkg'
[0.338s] Level 1:colcon.colcon_core.package_identification:_identify(src/obstacles_det) by extensions ['colcon_meta']
[0.338s] Level 1:colcon.colcon_core.package_identification:_identify(src/obstacles_det) by extension 'colcon_meta'
[0.338s] Level 1:colcon.colcon_core.package_identification:_identify(src/obstacles_det) by extensions ['ros']
[0.338s] Level 1:colcon.colcon_core.package_identification:_identify(src/obstacles_det) by extension 'ros'
[0.338s] Level 1:colcon.colcon_core.package_identification:_identify(src/obstacles_det) by extensions ['cmake', 'python']
[0.338s] Level 1:colcon.colcon_core.package_identification:_identify(src/obstacles_det) by extension 'cmake'
[0.338s] Level 1:colcon.colcon_core.package_identification:_identify(src/obstacles_det) by extension 'python'
[0.338s] Level 1:colcon.colcon_core.package_identification:_identify(src/obstacles_det) by extensions ['python_setup_py']
[0.338s] Level 1:colcon.colcon_core.package_identification:_identify(src/obstacles_det) by extension 'python_setup_py'
[0.338s] Level 1:colcon.colcon_core.package_identification:_identify(src/obstacles_det/obstacle_det) by extensions ['ignore', 'ignore_ament_install']
[0.338s] Level 1:colcon.colcon_core.package_identification:_identify(src/obstacles_det/obstacle_det) by extension 'ignore'
[0.338s] Level 1:colcon.colcon_core.package_identification:_identify(src/obstacles_det/obstacle_det) by extension 'ignore_ament_install'
[0.338s] Level 1:colcon.colcon_core.package_identification:_identify(src/obstacles_det/obstacle_det) by extensions ['colcon_pkg']
[0.338s] Level 1:colcon.colcon_core.package_identification:_identify(src/obstacles_det/obstacle_det) by extension 'colcon_pkg'
[0.338s] Level 1:colcon.colcon_core.package_identification:_identify(src/obstacles_det/obstacle_det) by extensions ['colcon_meta']
[0.338s] Level 1:colcon.colcon_core.package_identification:_identify(src/obstacles_det/obstacle_det) by extension 'colcon_meta'
[0.338s] Level 1:colcon.colcon_core.package_identification:_identify(src/obstacles_det/obstacle_det) by extensions ['ros']
[0.338s] Level 1:colcon.colcon_core.package_identification:_identify(src/obstacles_det/obstacle_det) by extension 'ros'
[0.339s] DEBUG:colcon.colcon_core.package_identification:Package 'src/obstacles_det/obstacle_det' with type 'ros.ament_python' and name 'obstacle_det'
[0.340s] Level 1:colcon.colcon_core.package_identification:_identify(src/perception_fusion_node) by extensions ['ignore', 'ignore_ament_install']
[0.340s] Level 1:colcon.colcon_core.package_identification:_identify(src/perception_fusion_node) by extension 'ignore'
[0.340s] Level 1:colcon.colcon_core.package_identification:_identify(src/perception_fusion_node) by extension 'ignore_ament_install'
[0.340s] Level 1:colcon.colcon_core.package_identification:_identify(src/perception_fusion_node) by extensions ['colcon_pkg']
[0.340s] Level 1:colcon.colcon_core.package_identification:_identify(src/perception_fusion_node) by extension 'colcon_pkg'
[0.340s] Level 1:colcon.colcon_core.package_identification:_identify(src/perception_fusion_node) by extensions ['colcon_meta']
[0.340s] Level 1:colcon.colcon_core.package_identification:_identify(src/perception_fusion_node) by extension 'colcon_meta'
[0.340s] Level 1:colcon.colcon_core.package_identification:_identify(src/perception_fusion_node) by extensions ['ros']
[0.340s] Level 1:colcon.colcon_core.package_identification:_identify(src/perception_fusion_node) by extension 'ros'
[0.340s] Level 1:colcon.colcon_core.package_identification:_identify(src/perception_fusion_node) by extensions ['cmake', 'python']
[0.340s] Level 1:colcon.colcon_core.package_identification:_identify(src/perception_fusion_node) by extension 'cmake'
[0.340s] Level 1:colcon.colcon_core.package_identification:_identify(src/perception_fusion_node) by extension 'python'
[0.340s] Level 1:colcon.colcon_core.package_identification:_identify(src/perception_fusion_node) by extensions ['python_setup_py']
[0.340s] Level 1:colcon.colcon_core.package_identification:_identify(src/perception_fusion_node) by extension 'python_setup_py'
[0.341s] Level 1:colcon.colcon_core.package_identification:_identify(src/perception_ml_node) by extensions ['ignore', 'ignore_ament_install']
[0.341s] Level 1:colcon.colcon_core.package_identification:_identify(src/perception_ml_node) by extension 'ignore'
[0.341s] Level 1:colcon.colcon_core.package_identification:_identify(src/perception_ml_node) by extension 'ignore_ament_install'
[0.341s] Level 1:colcon.colcon_core.package_identification:_identify(src/perception_ml_node) by extensions ['colcon_pkg']
[0.341s] Level 1:colcon.colcon_core.package_identification:_identify(src/perception_ml_node) by extension 'colcon_pkg'
[0.341s] Level 1:colcon.colcon_core.package_identification:_identify(src/perception_ml_node) by extensions ['colcon_meta']
[0.341s] Level 1:colcon.colcon_core.package_identification:_identify(src/perception_ml_node) by extension 'colcon_meta'
[0.341s] Level 1:colcon.colcon_core.package_identification:_identify(src/perception_ml_node) by extensions ['ros']
[0.341s] Level 1:colcon.colcon_core.package_identification:_identify(src/perception_ml_node) by extension 'ros'
[0.342s] DEBUG:colcon.colcon_core.package_identification:Package 'src/perception_ml_node' with type 'ros.ament_python' and name 'perception_ml_node'
[0.342s] Level 1:colcon.colcon_core.package_identification:_identify(src/perception_sync_node) by extensions ['ignore', 'ignore_ament_install']
[0.342s] Level 1:colcon.colcon_core.package_identification:_identify(src/perception_sync_node) by extension 'ignore'
[0.342s] Level 1:colcon.colcon_core.package_identification:_identify(src/perception_sync_node) by extension 'ignore_ament_install'
[0.342s] Level 1:colcon.colcon_core.package_identification:_identify(src/perception_sync_node) by extensions ['colcon_pkg']
[0.342s] Level 1:colcon.colcon_core.package_identification:_identify(src/perception_sync_node) by extension 'colcon_pkg'
[0.342s] Level 1:colcon.colcon_core.package_identification:_identify(src/perception_sync_node) by extensions ['colcon_meta']
[0.342s] Level 1:colcon.colcon_core.package_identification:_identify(src/perception_sync_node) by extension 'colcon_meta'
[0.342s] Level 1:colcon.colcon_core.package_identification:_identify(src/perception_sync_node) by extensions ['ros']
[0.343s] Level 1:colcon.colcon_core.package_identification:_identify(src/perception_sync_node) by extension 'ros'
[0.343s] DEBUG:colcon.colcon_core.package_identification:Failed to parse potential ROS package manifest in'src/perception_sync_node': Error(s) in package 'src/perception_sync_node/package.xml':
The manifest contains invalid XML:
not well-formed (invalid token): line 6, column 36
[0.343s] Level 1:colcon.colcon_core.package_identification:_identify(src/perception_sync_node) by extensions ['cmake', 'python']
[0.343s] Level 1:colcon.colcon_core.package_identification:_identify(src/perception_sync_node) by extension 'cmake'
[0.343s] Level 1:colcon.colcon_core.package_identification:_identify(src/perception_sync_node) by extension 'python'
[0.344s] DEBUG:colcon.colcon_core.package_identification:Python package in 'src/perception_sync_node' passes arguments to the setup() function which requires a different identification extension than 'python'
[0.344s] Level 1:colcon.colcon_core.package_identification:_identify(src/perception_sync_node) by extensions ['python_setup_py']
[0.344s] Level 1:colcon.colcon_core.package_identification:_identify(src/perception_sync_node) by extension 'python_setup_py'
[0.583s] DEBUG:colcon.colcon_core.package_identification:Package 'src/perception_sync_node' with type 'python' and name 'perception_sync_node'
[0.583s] Level 1:colcon.colcon_core.package_identification:_identify(src/planning_global_planner_node) by extensions ['ignore', 'ignore_ament_install']
[0.583s] Level 1:colcon.colcon_core.package_identification:_identify(src/planning_global_planner_node) by extension 'ignore'
[0.583s] Level 1:colcon.colcon_core.package_identification:_identify(src/planning_global_planner_node) by extension 'ignore_ament_install'
[0.583s] Level 1:colcon.colcon_core.package_identification:_identify(src/planning_global_planner_node) by extensions ['colcon_pkg']
[0.583s] Level 1:colcon.colcon_core.package_identification:_identify(src/planning_global_planner_node) by extension 'colcon_pkg'
[0.583s] Level 1:colcon.colcon_core.package_identification:_identify(src/planning_global_planner_node) by extensions ['colcon_meta']
[0.583s] Level 1:colcon.colcon_core.package_identification:_identify(src/planning_global_planner_node) by extension 'colcon_meta'
[0.583s] Level 1:colcon.colcon_core.package_identification:_identify(src/planning_global_planner_node) by extensions ['ros']
[0.584s] Level 1:colcon.colcon_core.package_identification:_identify(src/planning_global_planner_node) by extension 'ros'
[0.584s] Level 1:colcon.colcon_core.package_identification:_identify(src/planning_global_planner_node) by extensions ['cmake', 'python']
[0.584s] Level 1:colcon.colcon_core.package_identification:_identify(src/planning_global_planner_node) by extension 'cmake'
[0.584s] Level 1:colcon.colcon_core.package_identification:_identify(src/planning_global_planner_node) by extension 'python'
[0.584s] Level 1:colcon.colcon_core.package_identification:_identify(src/planning_global_planner_node) by extensions ['python_setup_py']
[0.584s] Level 1:colcon.colcon_core.package_identification:_identify(src/planning_global_planner_node) by extension 'python_setup_py'
[0.584s] Level 1:colcon.colcon_core.package_identification:_identify(src/sensors_camera_node) by extensions ['ignore', 'ignore_ament_install']
[0.584s] Level 1:colcon.colcon_core.package_identification:_identify(src/sensors_camera_node) by extension 'ignore'
[0.584s] Level 1:colcon.colcon_core.package_identification:_identify(src/sensors_camera_node) by extension 'ignore_ament_install'
[0.584s] Level 1:colcon.colcon_core.package_identification:_identify(src/sensors_camera_node) by extensions ['colcon_pkg']
[0.584s] Level 1:colcon.colcon_core.package_identification:_identify(src/sensors_camera_node) by extension 'colcon_pkg'
[0.584s] Level 1:colcon.colcon_core.package_identification:_identify(src/sensors_camera_node) by extensions ['colcon_meta']
[0.584s] Level 1:colcon.colcon_core.package_identification:_identify(src/sensors_camera_node) by extension 'colcon_meta'
[0.584s] Level 1:colcon.colcon_core.package_identification:_identify(src/sensors_camera_node) by extensions ['ros']
[0.584s] Level 1:colcon.colcon_core.package_identification:_identify(src/sensors_camera_node) by extension 'ros'
[0.586s] DEBUG:colcon.colcon_core.package_identification:Package 'src/sensors_camera_node' with type 'ros.ament_python' and name 'sensors_camera_node'
[0.586s] Level 1:colcon.colcon_core.package_identification:_identify(src/sensors_imu_bridge) by extensions ['ignore', 'ignore_ament_install']
[0.586s] Level 1:colcon.colcon_core.package_identification:_identify(src/sensors_imu_bridge) by extension 'ignore'
[0.586s] Level 1:colcon.colcon_core.package_identification:_identify(src/sensors_imu_bridge) by extension 'ignore_ament_install'
[0.586s] Level 1:colcon.colcon_core.package_identification:_identify(src/sensors_imu_bridge) by extensions ['colcon_pkg']
[0.586s] Level 1:colcon.colcon_core.package_identification:_identify(src/sensors_imu_bridge) by extension 'colcon_pkg'
[0.586s] Level 1:colcon.colcon_core.package_identification:_identify(src/sensors_imu_bridge) by extensions ['colcon_meta']
[0.586s] Level 1:colcon.colcon_core.package_identification:_identify(src/sensors_imu_bridge) by extension 'colcon_meta'
[0.586s] Level 1:colcon.colcon_core.package_identification:_identify(src/sensors_imu_bridge) by extensions ['ros']
[0.586s] Level 1:colcon.colcon_core.package_identification:_identify(src/sensors_imu_bridge) by extension 'ros'
[0.587s] DEBUG:colcon.colcon_core.package_identification:Package 'src/sensors_imu_bridge' with type 'ros.ament_python' and name 'sensors_imu_bridge'
[0.587s] Level 1:colcon.colcon_core.package_identification:_identify(src/sensors_lidar_bridge) by extensions ['ignore', 'ignore_ament_install']
[0.588s] Level 1:colcon.colcon_core.package_identification:_identify(src/sensors_lidar_bridge) by extension 'ignore'
[0.588s] Level 1:colcon.colcon_core.package_identification:_identify(src/sensors_lidar_bridge) by extension 'ignore_ament_install'
[0.588s] Level 1:colcon.colcon_core.package_identification:_identify(src/sensors_lidar_bridge) by extensions ['colcon_pkg']
[0.588s] Level 1:colcon.colcon_core.package_identification:_identify(src/sensors_lidar_bridge) by extension 'colcon_pkg'
[0.588s] Level 1:colcon.colcon_core.package_identification:_identify(src/sensors_lidar_bridge) by extensions ['colcon_meta']
[0.588s] Level 1:colcon.colcon_core.package_identification:_identify(src/sensors_lidar_bridge) by extension 'colcon_meta'
[0.588s] Level 1:colcon.colcon_core.package_identification:_identify(src/sensors_lidar_bridge) by extensions ['ros']
[0.588s] Level 1:colcon.colcon_core.package_identification:_identify(src/sensors_lidar_bridge) by extension 'ros'
[0.589s] DEBUG:colcon.colcon_core.package_identification:Package 'src/sensors_lidar_bridge' with type 'ros.ament_python' and name 'sensors_lidar_bridge'
[0.589s] Level 1:colcon.colcon_core.package_identification:_identify(src/tools_bag_recorder) by extensions ['ignore', 'ignore_ament_install']
[0.589s] Level 1:colcon.colcon_core.package_identification:_identify(src/tools_bag_recorder) by extension 'ignore'
[0.589s] Level 1:colcon.colcon_core.package_identification:_identify(src/tools_bag_recorder) by extension 'ignore_ament_install'
[0.589s] Level 1:colcon.colcon_core.package_identification:_identify(src/tools_bag_recorder) by extensions ['colcon_pkg']
[0.589s] Level 1:colcon.colcon_core.package_identification:_identify(src/tools_bag_recorder) by extension 'colcon_pkg'
[0.589s] Level 1:colcon.colcon_core.package_identification:_identify(src/tools_bag_recorder) by extensions ['colcon_meta']
[0.589s] Level 1:colcon.colcon_core.package_identification:_identify(src/tools_bag_recorder) by extension 'colcon_meta'
[0.589s] Level 1:colcon.colcon_core.package_identification:_identify(src/tools_bag_recorder) by extensions ['ros']
[0.589s] Level 1:colcon.colcon_core.package_identification:_identify(src/tools_bag_recorder) by extension 'ros'
[0.590s] Level 1:colcon.colcon_core.package_identification:_identify(src/tools_bag_recorder) by extensions ['cmake', 'python']
[0.590s] Level 1:colcon.colcon_core.package_identification:_identify(src/tools_bag_recorder) by extension 'cmake'
[0.590s] Level 1:colcon.colcon_core.package_identification:_identify(src/tools_bag_recorder) by extension 'python'
[0.590s] Level 1:colcon.colcon_core.package_identification:_identify(src/tools_bag_recorder) by extensions ['python_setup_py']
[0.590s] Level 1:colcon.colcon_core.package_identification:_identify(src/tools_bag_recorder) by extension 'python_setup_py'
[0.590s] Level 1:colcon.colcon_core.package_identification:_identify(src/viz_rviz) by extensions ['ignore', 'ignore_ament_install']
[0.590s] Level 1:colcon.colcon_core.package_identification:_identify(src/viz_rviz) by extension 'ignore'
[0.590s] Level 1:colcon.colcon_core.package_identification:_identify(src/viz_rviz) by extension 'ignore_ament_install'
[0.590s] Level 1:colcon.colcon_core.package_identification:_identify(src/viz_rviz) by extensions ['colcon_pkg']
[0.590s] Level 1:colcon.colcon_core.package_identification:_identify(src/viz_rviz) by extension 'colcon_pkg'
[0.590s] Level 1:colcon.colcon_core.package_identification:_identify(src/viz_rviz) by extensions ['colcon_meta']
[0.590s] Level 1:colcon.colcon_core.package_identification:_identify(src/viz_rviz) by extension 'colcon_meta'
[0.591s] Level 1:colcon.colcon_core.package_identification:_identify(src/viz_rviz) by extensions ['ros']
[0.591s] Level 1:colcon.colcon_core.package_identification:_identify(src/viz_rviz) by extension 'ros'
[0.591s] Level 1:colcon.colcon_core.package_identification:_identify(src/viz_rviz) by extensions ['cmake', 'python']
[0.591s] Level 1:colcon.colcon_core.package_identification:_identify(src/viz_rviz) by extension 'cmake'
[0.591s] Level 1:colcon.colcon_core.package_identification:_identify(src/viz_rviz) by extension 'python'
[0.591s] Level 1:colcon.colcon_core.package_identification:_identify(src/viz_rviz) by extensions ['python_setup_py']
[0.591s] Level 1:colcon.colcon_core.package_identification:_identify(src/viz_rviz) by extension 'python_setup_py'
[0.591s] Level 1:colcon.colcon_core.package_identification:_identify(test) by extensions ['ignore', 'ignore_ament_install']
[0.591s] Level 1:colcon.colcon_core.package_identification:_identify(test) by extension 'ignore'
[0.591s] Level 1:colcon.colcon_core.package_identification:_identify(test) by extension 'ignore_ament_install'
[0.591s] Level 1:colcon.colcon_core.package_identification:_identify(test) by extensions ['colcon_pkg']
[0.591s] Level 1:colcon.colcon_core.package_identification:_identify(test) by extension 'colcon_pkg'
[0.591s] Level 1:colcon.colcon_core.package_identification:_identify(test) by extensions ['colcon_meta']
[0.591s] Level 1:colcon.colcon_core.package_identification:_identify(test) by extension 'colcon_meta'
[0.591s] Level 1:colcon.colcon_core.package_identification:_identify(test) by extensions ['ros']
[0.591s] Level 1:colcon.colcon_core.package_identification:_identify(test) by extension 'ros'
[0.591s] Level 1:colcon.colcon_core.package_identification:_identify(test) by extensions ['cmake', 'python']
[0.591s] Level 1:colcon.colcon_core.package_identification:_identify(test) by extension 'cmake'
[0.591s] Level 1:colcon.colcon_core.package_identification:_identify(test) by extension 'python'
[0.591s] Level 1:colcon.colcon_core.package_identification:_identify(test) by extensions ['python_setup_py']
[0.591s] Level 1:colcon.colcon_core.package_identification:_identify(test) by extension 'python_setup_py'
[0.592s] Level 1:colcon.colcon_core.package_discovery:discover_packages(recursive) using defaults
[0.592s] Level 1:colcon.colcon_core.package_discovery:discover_packages(ignore) discover
[0.592s] Level 1:colcon.colcon_core.package_discovery:discover_packages(ignore) using defaults
[0.592s] Level 1:colcon.colcon_core.package_discovery:discover_packages(path) discover
[0.592s] Level 1:colcon.colcon_core.package_discovery:discover_packages(path) using defaults
[0.622s] Level 5:colcon.colcon_core.verb:set package 'curvy_road' build argument 'cmake_args' from command line to 'None'
[0.622s] Level 5:colcon.colcon_core.verb:set package 'curvy_road' build argument 'cmake_target' from command line to 'None'
[0.622s] Level 5:colcon.colcon_core.verb:set package 'curvy_road' build argument 'cmake_target_skip_unavailable' from command line to 'False'
[0.622s] Level 5:colcon.colcon_core.verb:set package 'curvy_road' build argument 'cmake_clean_cache' from command line to 'False'
[0.622s] Level 5:colcon.colcon_core.verb:set package 'curvy_road' build argument 'cmake_clean_first' from command line to 'False'
[0.622s] Level 5:colcon.colcon_core.verb:set package 'curvy_road' build argument 'cmake_force_configure' from command line to 'False'
[0.622s] Level 5:colcon.colcon_core.verb:set package 'curvy_road' build argument 'ament_cmake_args' from command line to 'None'
[0.622s] Level 5:colcon.colcon_core.verb:set package 'curvy_road' build argument 'catkin_cmake_args' from command line to 'None'
[0.622s] Level 5:colcon.colcon_core.verb:set package 'curvy_road' build argument 'catkin_skip_building_tests' from command line to 'False'
[0.622s] DEBUG:colcon.colcon_core.verb:Building package 'curvy_road' with the following arguments: {'ament_cmake_args': None, 'build_base': '/mnt/home/leflarsa/av/ECE480Team4/ros2_ws/build/curvy_road', 'catkin_cmake_args': None, 'catkin_skip_building_tests': False, 'cmake_args': None, 'cmake_clean_cache': False, 'cmake_clean_first': False, 'cmake_force_configure': False, 'cmake_target': None, 'cmake_target_skip_unavailable': False, 'install_base': '/mnt/home/leflarsa/av/ECE480Team4/ros2_ws/install/curvy_road', 'merge_install': False, 'path': '/mnt/home/leflarsa/av/ECE480Team4/ros2_ws/src/curvy_road', 'symlink_install': True, 'test_result_base': None}
[0.622s] Level 5:colcon.colcon_core.verb:set package 'lane_follow' build argument 'cmake_args' from command line to 'None'
[0.622s] Level 5:colcon.colcon_core.verb:set package 'lane_follow' build argument 'cmake_target' from command line to 'None'
[0.622s] Level 5:colcon.colcon_core.verb:set package 'lane_follow' build argument 'cmake_target_skip_unavailable' from command line to 'False'
[0.622s] Level 5:colcon.colcon_core.verb:set package 'lane_follow' build argument 'cmake_clean_cache' from command line to 'False'
[0.622s] Level 5:colcon.colcon_core.verb:set package 'lane_follow' build argument 'cmake_clean_first' from command line to 'False'
[0.622s] Level 5:colcon.colcon_core.verb:set package 'lane_follow' build argument 'cmake_force_configure' from command line to 'False'
[0.622s] Level 5:colcon.colcon_core.verb:set package 'lane_follow' build argument 'ament_cmake_args' from command line to 'None'
[0.622s] Level 5:colcon.colcon_core.verb:set package 'lane_follow' build argument 'catkin_cmake_args' from command line to 'None'
[0.622s] Level 5:colcon.colcon_core.verb:set package 'lane_follow' build argument 'catkin_skip_building_tests' from command line to 'False'
[0.622s] DEBUG:colcon.colcon_core.verb:Building package 'lane_follow' with the following arguments: {'ament_cmake_args': None, 'build_base': '/mnt/home/leflarsa/av/ECE480Team4/ros2_ws/build/lane_follow', 'catkin_cmake_args': None, 'catkin_skip_building_tests': False, 'cmake_args': None, 'cmake_clean_cache': False, 'cmake_clean_first': False, 'cmake_force_configure': False, 'cmake_target': None, 'cmake_target_skip_unavailable': False, 'install_base': '/mnt/home/leflarsa/av/ECE480Team4/ros2_ws/install/lane_follow', 'merge_install': False, 'path': '/mnt/home/leflarsa/av/ECE480Team4/ros2_ws/src/lane_follow', 'symlink_install': True, 'test_result_base': None}
[0.623s] Level 5:colcon.colcon_core.verb:set package 'obstacle_det' build argument 'cmake_args' from command line to 'None'
[0.623s] Level 5:colcon.colcon_core.verb:set package 'obstacle_det' build argument 'cmake_target' from command line to 'None'
[0.623s] Level 5:colcon.colcon_core.verb:set package 'obstacle_det' build argument 'cmake_target_skip_unavailable' from command line to 'False'
[0.623s] Level 5:colcon.colcon_core.verb:set package 'obstacle_det' build argument 'cmake_clean_cache' from command line to 'False'
[0.623s] Level 5:colcon.colcon_core.verb:set package 'obstacle_det' build argument 'cmake_clean_first' from command line to 'False'
[0.623s] Level 5:colcon.colcon_core.verb:set package 'obstacle_det' build argument 'cmake_force_configure' from command line to 'False'
[0.623s] Level 5:colcon.colcon_core.verb:set package 'obstacle_det' build argument 'ament_cmake_args' from command line to 'None'
[0.623s] Level 5:colcon.colcon_core.verb:set package 'obstacle_det' build argument 'catkin_cmake_args' from command line to 'None'
[0.623s] Level 5:colcon.colcon_core.verb:set package 'obstacle_det' build argument 'catkin_skip_building_tests' from command line to 'False'
[0.623s] DEBUG:colcon.colcon_core.verb:Building package 'obstacle_det' with the following arguments: {'ament_cmake_args': None, 'build_base': '/mnt/home/leflarsa/av/ECE480Team4/ros2_ws/build/obstacle_det', 'catkin_cmake_args': None, 'catkin_skip_building_tests': False, 'cmake_args': None, 'cmake_clean_cache': False, 'cmake_clean_first': False, 'cmake_force_configure': False, 'cmake_target': None, 'cmake_target_skip_unavailable': False, 'install_base': '/mnt/home/leflarsa/av/ECE480Team4/ros2_ws/install/obstacle_det', 'merge_install': False, 'path': '/mnt/home/leflarsa/av/ECE480Team4/ros2_ws/src/obstacles_det/obstacle_det', 'symlink_install': True, 'test_result_base': None}
[0.623s] Level 5:colcon.colcon_core.verb:set package 'perception_ml_node' build argument 'cmake_args' from command line to 'None'
[0.623s] Level 5:colcon.colcon_core.verb:set package 'perception_ml_node' build argument 'cmake_target' from command line to 'None'
[0.623s] Level 5:colcon.colcon_core.verb:set package 'perception_ml_node' build argument 'cmake_target_skip_unavailable' from command line to 'False'
[0.623s] Level 5:colcon.colcon_core.verb:set package 'perception_ml_node' build argument 'cmake_clean_cache' from command line to 'False'
[0.623s] Level 5:colcon.colcon_core.verb:set package 'perception_ml_node' build argument 'cmake_clean_first' from command line to 'False'
[0.623s] Level 5:colcon.colcon_core.verb:set package 'perception_ml_node' build argument 'cmake_force_configure' from command line to 'False'
[0.623s] Level 5:colcon.colcon_core.verb:set package 'perception_ml_node' build argument 'ament_cmake_args' from command line to 'None'
[0.623s] Level 5:colcon.colcon_core.verb:set package 'perception_ml_node' build argument 'catkin_cmake_args' from command line to 'None'
[0.623s] Level 5:colcon.colcon_core.verb:set package 'perception_ml_node' build argument 'catkin_skip_building_tests' from command line to 'False'
[0.623s] DEBUG:colcon.colcon_core.verb:Building package 'perception_ml_node' with the following arguments: {'ament_cmake_args': None, 'build_base': '/mnt/home/leflarsa/av/ECE480Team4/ros2_ws/build/perception_ml_node', 'catkin_cmake_args': None, 'catkin_skip_building_tests': False, 'cmake_args': None, 'cmake_clean_cache': False, 'cmake_clean_first': False, 'cmake_force_configure': False, 'cmake_target': None, 'cmake_target_skip_unavailable': False, 'install_base': '/mnt/home/leflarsa/av/ECE480Team4/ros2_ws/install/perception_ml_node', 'merge_install': False, 'path': '/mnt/home/leflarsa/av/ECE480Team4/ros2_ws/src/perception_ml_node', 'symlink_install': True, 'test_result_base': None}
[0.624s] Level 5:colcon.colcon_core.verb:set package 'perception_sync_node' build argument 'cmake_args' from command line to 'None'
[0.624s] Level 5:colcon.colcon_core.verb:set package 'perception_sync_node' build argument 'cmake_target' from command line to 'None'
[0.624s] Level 5:colcon.colcon_core.verb:set package 'perception_sync_node' build argument 'cmake_target_skip_unavailable' from command line to 'False'
[0.624s] Level 5:colcon.colcon_core.verb:set package 'perception_sync_node' build argument 'cmake_clean_cache' from command line to 'False'
[0.624s] Level 5:colcon.colcon_core.verb:set package 'perception_sync_node' build argument 'cmake_clean_first' from command line to 'False'
[0.624s] Level 5:colcon.colcon_core.verb:set package 'perception_sync_node' build argument 'cmake_force_configure' from command line to 'False'
[0.624s] Level 5:colcon.colcon_core.verb:set package 'perception_sync_node' build argument 'ament_cmake_args' from command line to 'None'
[0.624s] Level 5:colcon.colcon_core.verb:set package 'perception_sync_node' build argument 'catkin_cmake_args' from command line to 'None'
[0.624s] Level 5:colcon.colcon_core.verb:set package 'perception_sync_node' build argument 'catkin_skip_building_tests' from command line to 'False'
[0.624s] DEBUG:colcon.colcon_core.verb:Building package 'perception_sync_node' with the following arguments: {'ament_cmake_args': None, 'build_base': '/mnt/home/leflarsa/av/ECE480Team4/ros2_ws/build/perception_sync_node', 'catkin_cmake_args': None, 'catkin_skip_building_tests': False, 'cmake_args': None, 'cmake_clean_cache': False, 'cmake_clean_first': False, 'cmake_force_configure': False, 'cmake_target': None, 'cmake_target_skip_unavailable': False, 'install_base': '/mnt/home/leflarsa/av/ECE480Team4/ros2_ws/install/perception_sync_node', 'merge_install': False, 'path': '/mnt/home/leflarsa/av/ECE480Team4/ros2_ws/src/perception_sync_node', 'symlink_install': True, 'test_result_base': None}
[0.624s] Level 5:colcon.colcon_core.verb:set package 'sensors_camera_node' build argument 'cmake_args' from command line to 'None'
[0.624s] Level 5:colcon.colcon_core.verb:set package 'sensors_camera_node' build argument 'cmake_target' from command line to 'None'
[0.624s] Level 5:colcon.colcon_core.verb:set package 'sensors_camera_node' build argument 'cmake_target_skip_unavailable' from command line to 'False'
[0.624s] Level 5:colcon.colcon_core.verb:set package 'sensors_camera_node' build argument 'cmake_clean_cache' from command line to 'False'
[0.624s] Level 5:colcon.colcon_core.verb:set package 'sensors_camera_node' build argument 'cmake_clean_first' from command line to 'False'
[0.624s] Level 5:colcon.colcon_core.verb:set package 'sensors_camera_node' build argument 'cmake_force_configure' from command line to 'False'
[0.624s] Level 5:colcon.colcon_core.verb:set package 'sensors_camera_node' build argument 'ament_cmake_args' from command line to 'None'
[0.624s] Level 5:colcon.colcon_core.verb:set package 'sensors_camera_node' build argument 'catkin_cmake_args' from command line to 'None'
[0.624s] Level 5:colcon.colcon_core.verb:set package 'sensors_camera_node' build argument 'catkin_skip_building_tests' from command line to 'False'
[0.624s] DEBUG:colcon.colcon_core.verb:Building package 'sensors_camera_node' with the following arguments: {'ament_cmake_args': None, 'build_base': '/mnt/home/leflarsa/av/ECE480Team4/ros2_ws/build/sensors_camera_node', 'catkin_cmake_args': None, 'catkin_skip_building_tests': False, 'cmake_args': None, 'cmake_clean_cache': False, 'cmake_clean_first': False, 'cmake_force_configure': False, 'cmake_target': None, 'cmake_target_skip_unavailable': False, 'install_base': '/mnt/home/leflarsa/av/ECE480Team4/ros2_ws/install/sensors_camera_node', 'merge_install': False, 'path': '/mnt/home/leflarsa/av/ECE480Team4/ros2_ws/src/sensors_camera_node', 'symlink_install': True, 'test_result_base': None}
[0.625s] Level 5:colcon.colcon_core.verb:set package 'sensors_imu_bridge' build argument 'cmake_args' from command line to 'None'
[0.625s] Level 5:colcon.colcon_core.verb:set package 'sensors_imu_bridge' build argument 'cmake_target' from command line to 'None'
[0.625s] Level 5:colcon.colcon_core.verb:set package 'sensors_imu_bridge' build argument 'cmake_target_skip_unavailable' from command line to 'False'
[0.625s] Level 5:colcon.colcon_core.verb:set package 'sensors_imu_bridge' build argument 'cmake_clean_cache' from command line to 'False'
[0.625s] Level 5:colcon.colcon_core.verb:set package 'sensors_imu_bridge' build argument 'cmake_clean_first' from command line to 'False'
[0.625s] Level 5:colcon.colcon_core.verb:set package 'sensors_imu_bridge' build argument 'cmake_force_configure' from command line to 'False'
[0.625s] Level 5:colcon.colcon_core.verb:set package 'sensors_imu_bridge' build argument 'ament_cmake_args' from command line to 'None'
[0.625s] Level 5:colcon.colcon_core.verb:set package 'sensors_imu_bridge' build argument 'catkin_cmake_args' from command line to 'None'
[0.625s] Level 5:colcon.colcon_core.verb:set package 'sensors_imu_bridge' build argument 'catkin_skip_building_tests' from command line to 'False'
[0.625s] DEBUG:colcon.colcon_core.verb:Building package 'sensors_imu_bridge' with the following arguments: {'ament_cmake_args': None, 'build_base': '/mnt/home/leflarsa/av/ECE480Team4/ros2_ws/build/sensors_imu_bridge', 'catkin_cmake_args': None, 'catkin_skip_building_tests': False, 'cmake_args': None, 'cmake_clean_cache': False, 'cmake_clean_first': False, 'cmake_force_configure': False, 'cmake_target': None, 'cmake_target_skip_unavailable': False, 'install_base': '/mnt/home/leflarsa/av/ECE480Team4/ros2_ws/install/sensors_imu_bridge', 'merge_install': False, 'path': '/mnt/home/leflarsa/av/ECE480Team4/ros2_ws/src/sensors_imu_bridge', 'symlink_install': True, 'test_result_base': None}
[0.625s] Level 5:colcon.colcon_core.verb:set package 'sensors_lidar_bridge' build argument 'cmake_args' from command line to 'None'
[0.625s] Level 5:colcon.colcon_core.verb:set package 'sensors_lidar_bridge' build argument 'cmake_target' from command line to 'None'
[0.625s] Level 5:colcon.colcon_core.verb:set package 'sensors_lidar_bridge' build argument 'cmake_target_skip_unavailable' from command line to 'False'
[0.625s] Level 5:colcon.colcon_core.verb:set package 'sensors_lidar_bridge' build argument 'cmake_clean_cache' from command line to 'False'
[0.625s] Level 5:colcon.colcon_core.verb:set package 'sensors_lidar_bridge' build argument 'cmake_clean_first' from command line to 'False'
[0.625s] Level 5:colcon.colcon_core.verb:set package 'sensors_lidar_bridge' build argument 'cmake_force_configure' from command line to 'False'
[0.625s] Level 5:colcon.colcon_core.verb:set package 'sensors_lidar_bridge' build argument 'ament_cmake_args' from command line to 'None'
[0.625s] Level 5:colcon.colcon_core.verb:set package 'sensors_lidar_bridge' build argument 'catkin_cmake_args' from command line to 'None'
[0.625s] Level 5:colcon.colcon_core.verb:set package 'sensors_lidar_bridge' build argument 'catkin_skip_building_tests' from command line to 'False'
[0.625s] DEBUG:colcon.colcon_core.verb:Building package 'sensors_lidar_bridge' with the following arguments: {'ament_cmake_args': None, 'build_base': '/mnt/home/leflarsa/av/ECE480Team4/ros2_ws/build/sensors_lidar_bridge', 'catkin_cmake_args': None, 'catkin_skip_building_tests': False, 'cmake_args': None, 'cmake_clean_cache': False, 'cmake_clean_first': False, 'cmake_force_configure': False, 'cmake_target': None, 'cmake_target_skip_unavailable': False, 'install_base': '/mnt/home/leflarsa/av/ECE480Team4/ros2_ws/install/sensors_lidar_bridge', 'merge_install': False, 'path': '/mnt/home/leflarsa/av/ECE480Team4/ros2_ws/src/sensors_lidar_bridge', 'symlink_install': True, 'test_result_base': None}
[0.625s] INFO:colcon.colcon_core.executor:Executing jobs using 'parallel' executor
[0.626s] DEBUG:colcon.colcon_parallel_executor.executor.parallel:run_until_complete
[0.626s] INFO:colcon.colcon_ros.task.ament_cmake.build:Building ROS package in '/mnt/home/leflarsa/av/ECE480Team4/ros2_ws/src/curvy_road' with build type 'ament_cmake'
[0.626s] INFO:colcon.colcon_cmake.task.cmake.build:Building CMake package in '/mnt/home/leflarsa/av/ECE480Team4/ros2_ws/src/curvy_road'
[0.629s] INFO:colcon.colcon_core.plugin_system:Skipping extension 'colcon_core.shell.bat': Not used on non-Windows systems
[0.629s] INFO:colcon.colcon_core.shell:Skip shell extension 'powershell' for command environment: Not usable outside of PowerShell
[0.629s] DEBUG:colcon.colcon_core.shell:Skip shell extension 'dsv' for command environment
[0.638s] INFO:colcon.colcon_ros.task.ament_python.build:Building ROS package in '/mnt/home/leflarsa/av/ECE480Team4/ros2_ws/src/lane_follow' with build type 'ament_python'
[0.638s] Level 1:colcon.colcon_core.shell:create_environment_hook('lane_follow', 'ament_prefix_path')
[0.639s] INFO:colcon.colcon_core.shell:Creating environment hook '/mnt/home/leflarsa/av/ECE480Team4/ros2_ws/install/lane_follow/share/lane_follow/hook/ament_prefix_path.ps1'
[0.642s] INFO:colcon.colcon_core.shell:Creating environment descriptor '/mnt/home/leflarsa/av/ECE480Team4/ros2_ws/install/lane_follow/share/lane_follow/hook/ament_prefix_path.dsv'
[0.645s] INFO:colcon.colcon_core.shell:Creating environment hook '/mnt/home/leflarsa/av/ECE480Team4/ros2_ws/install/lane_follow/share/lane_follow/hook/ament_prefix_path.sh'
[0.649s] INFO:colcon.colcon_core.shell:Skip shell extension 'powershell' for command environment: Not usable outside of PowerShell
[0.649s] DEBUG:colcon.colcon_core.shell:Skip shell extension 'dsv' for command environment
[0.657s] INFO:colcon.colcon_ros.task.ament_python.build:Building ROS package in '/mnt/home/leflarsa/av/ECE480Team4/ros2_ws/src/obstacles_det/obstacle_det' with build type 'ament_python'
[0.657s] Level 1:colcon.colcon_core.shell:create_environment_hook('obstacle_det', 'ament_prefix_path')
[0.658s] INFO:colcon.colcon_core.shell:Creating environment hook '/mnt/home/leflarsa/av/ECE480Team4/ros2_ws/install/obstacle_det/share/obstacle_det/hook/ament_prefix_path.ps1'
[0.661s] INFO:colcon.colcon_core.shell:Creating environment descriptor '/mnt/home/leflarsa/av/ECE480Team4/ros2_ws/install/obstacle_det/share/obstacle_det/hook/ament_prefix_path.dsv'
[0.664s] INFO:colcon.colcon_core.shell:Creating environment hook '/mnt/home/leflarsa/av/ECE480Team4/ros2_ws/install/obstacle_det/share/obstacle_det/hook/ament_prefix_path.sh'
[0.668s] INFO:colcon.colcon_core.shell:Skip shell extension 'powershell' for command environment: Not usable outside of PowerShell
[0.668s] DEBUG:colcon.colcon_core.shell:Skip shell extension 'dsv' for command environment
[0.675s] INFO:colcon.colcon_ros.task.ament_python.build:Building ROS package in '/mnt/home/leflarsa/av/ECE480Team4/ros2_ws/src/perception_ml_node' with build type 'ament_python'
[0.676s] Level 1:colcon.colcon_core.shell:create_environment_hook('perception_ml_node', 'ament_prefix_path')
[0.676s] INFO:colcon.colcon_core.shell:Creating environment hook '/mnt/home/leflarsa/av/ECE480Team4/ros2_ws/install/perception_ml_node/share/perception_ml_node/hook/ament_prefix_path.ps1'
[0.681s] INFO:colcon.colcon_core.shell:Creating environment descriptor '/mnt/home/leflarsa/av/ECE480Team4/ros2_ws/install/perception_ml_node/share/perception_ml_node/hook/ament_prefix_path.dsv'
[0.685s] INFO:colcon.colcon_core.shell:Creating environment hook '/mnt/home/leflarsa/av/ECE480Team4/ros2_ws/install/perception_ml_node/share/perception_ml_node/hook/ament_prefix_path.sh'
[0.689s] INFO:colcon.colcon_core.shell:Skip shell extension 'powershell' for command environment: Not usable outside of PowerShell
[0.689s] DEBUG:colcon.colcon_core.shell:Skip shell extension 'dsv' for command environment
[0.697s] INFO:colcon.colcon_core.task.python.build:Building Python package in '/mnt/home/leflarsa/av/ECE480Team4/ros2_ws/src/perception_sync_node'
[0.697s] INFO:colcon.colcon_core.shell:Skip shell extension 'powershell' for command environment: Not usable outside of PowerShell
[0.697s] DEBUG:colcon.colcon_core.shell:Skip shell extension 'dsv' for command environment
[0.705s] INFO:colcon.colcon_ros.task.ament_python.build:Building ROS package in '/mnt/home/leflarsa/av/ECE480Team4/ros2_ws/src/sensors_camera_node' with build type 'ament_python'
[0.705s] Level 1:colcon.colcon_core.shell:create_environment_hook('sensors_camera_node', 'ament_prefix_path')
[0.705s] INFO:colcon.colcon_core.shell:Creating environment hook '/mnt/home/leflarsa/av/ECE480Team4/ros2_ws/install/sensors_camera_node/share/sensors_camera_node/hook/ament_prefix_path.ps1'
[0.708s] INFO:colcon.colcon_core.shell:Creating environment descriptor '/mnt/home/leflarsa/av/ECE480Team4/ros2_ws/install/sensors_camera_node/share/sensors_camera_node/hook/ament_prefix_path.dsv'
[0.711s] INFO:colcon.colcon_core.shell:Creating environment hook '/mnt/home/leflarsa/av/ECE480Team4/ros2_ws/install/sensors_camera_node/share/sensors_camera_node/hook/ament_prefix_path.sh'
[0.715s] INFO:colcon.colcon_core.shell:Skip shell extension 'powershell' for command environment: Not usable outside of PowerShell
[0.715s] DEBUG:colcon.colcon_core.shell:Skip shell extension 'dsv' for command environment
[1.029s] DEBUG:colcon.colcon_core.event_handler.log_command:Invoking command in '/mnt/home/leflarsa/av/ECE480Team4/ros2_ws/build/curvy_road': CMAKE_PREFIX_PATH=/opt/ros/humble PS1=humble:\u@\h:\w\$ /usr/bin/cmake --build /mnt/home/leflarsa/av/ECE480Team4/ros2_ws/build/curvy_road -- -j6 -l6
[1.256s] INFO:colcon.colcon_core.task.python.build:Building Python package in '/mnt/home/leflarsa/av/ECE480Team4/ros2_ws/src/lane_follow'
[1.257s] INFO:colcon.colcon_core.shell:Skip shell extension 'powershell' for command environment: Not usable outside of PowerShell
[1.257s] DEBUG:colcon.colcon_core.shell:Skip shell extension 'dsv' for command environment
[1.507s] INFO:colcon.colcon_core.task.python.build:Building Python package in '/mnt/home/leflarsa/av/ECE480Team4/ros2_ws/src/obstacles_det/obstacle_det'
[1.508s] INFO:colcon.colcon_core.shell:Skip shell extension 'powershell' for command environment: Not usable outside of PowerShell
[1.508s] DEBUG:colcon.colcon_core.shell:Skip shell extension 'dsv' for command environment
[1.756s] INFO:colcon.colcon_core.task.python.build:Building Python package in '/mnt/home/leflarsa/av/ECE480Team4/ros2_ws/src/perception_ml_node'
[1.756s] INFO:colcon.colcon_core.shell:Skip shell extension 'powershell' for command environment: Not usable outside of PowerShell
[1.756s] DEBUG:colcon.colcon_core.shell:Skip shell extension 'dsv' for command environment
[2.005s] INFO:colcon.colcon_core.task.python.build:Building Python package in '/mnt/home/leflarsa/av/ECE480Team4/ros2_ws/src/sensors_camera_node'
[2.005s] INFO:colcon.colcon_core.shell:Skip shell extension 'powershell' for command environment: Not usable outside of PowerShell
[2.005s] DEBUG:colcon.colcon_core.shell:Skip shell extension 'dsv' for command environment
[2.028s] DEBUG:colcon.colcon_core.event_handler.log_command:Invoking command in '/mnt/home/leflarsa/av/ECE480Team4/ros2_ws/build/perception_sync_node': PS1=humble:\u@\h:\w\$ PYTHONPATH=/mnt/home/leflarsa/av/ECE480Team4/ros2_ws/build/perception_sync_node/prefix_override:/usr/lib/python3/dist-packages/colcon_core/task/python/colcon_distutils_commands:/mnt/home/leflarsa/av/ECE480Team4/ros2_ws/install/perception_sync_node/lib/python3.10/site-packages:${PYTHONPATH} /usr/bin/python3 -W ignore:setup.py install is deprecated -W ignore:easy_install command is deprecated setup.py develop --editable --build-directory /mnt/home/leflarsa/av/ECE480Team4/ros2_ws/build/perception_sync_node/build --no-deps
[2.029s] DEBUG:colcon.colcon_core.event_handler.log_command:Invoked command in '/mnt/home/leflarsa/av/ECE480Team4/ros2_ws/build/curvy_road' returned '0': CMAKE_PREFIX_PATH=/opt/ros/humble PS1=humble:\u@\h:\w\$ /usr/bin/cmake --build /mnt/home/leflarsa/av/ECE480Team4/ros2_ws/build/curvy_road -- -j6 -l6
[2.038s] DEBUG:colcon.colcon_core.event_handler.log_command:Invoking command in '/mnt/home/leflarsa/av/ECE480Team4/ros2_ws/build/curvy_road': CMAKE_PREFIX_PATH=/opt/ros/humble PS1=humble:\u@\h:\w\$ /usr/bin/cmake --install /mnt/home/leflarsa/av/ECE480Team4/ros2_ws/build/curvy_road
[2.175s] Level 1:colcon.colcon_core.environment:create_environment_scripts_only(curvy_road)
[2.177s] DEBUG:colcon.colcon_core.event_handler.log_command:Invoked command in '/mnt/home/leflarsa/av/ECE480Team4/ros2_ws/build/curvy_road' returned '0': CMAKE_PREFIX_PATH=/opt/ros/humble PS1=humble:\u@\h:\w\$ /usr/bin/cmake --install /mnt/home/leflarsa/av/ECE480Team4/ros2_ws/build/curvy_road
[2.179s] Level 1:colcon.colcon_core.environment:checking '/mnt/home/leflarsa/av/ECE480Team4/ros2_ws/install/curvy_road' for CMake module files
[2.184s] Level 1:colcon.colcon_core.environment:checking '/mnt/home/leflarsa/av/ECE480Team4/ros2_ws/install/curvy_road' for CMake config files
[2.192s] Level 1:colcon.colcon_core.shell:create_environment_hook('curvy_road', 'cmake_prefix_path')
[2.192s] INFO:colcon.colcon_core.shell:Creating environment hook '/mnt/home/leflarsa/av/ECE480Team4/ros2_ws/install/curvy_road/share/curvy_road/hook/cmake_prefix_path.ps1'
[2.197s] INFO:colcon.colcon_core.shell:Creating environment descriptor '/mnt/home/leflarsa/av/ECE480Team4/ros2_ws/install/curvy_road/share/curvy_road/hook/cmake_prefix_path.dsv'
[2.199s] INFO:colcon.colcon_core.shell:Creating environment hook '/mnt/home/leflarsa/av/ECE480Team4/ros2_ws/install/curvy_road/share/curvy_road/hook/cmake_prefix_path.sh'
[2.202s] Level 1:colcon.colcon_core.environment:checking '/mnt/home/leflarsa/av/ECE480Team4/ros2_ws/install/curvy_road/bin'
[2.202s] Level 1:colcon.colcon_core.environment:checking '/mnt/home/leflarsa/av/ECE480Team4/ros2_ws/install/curvy_road/lib/pkgconfig/curvy_road.pc'
[2.203s] Level 1:colcon.colcon_core.environment:checking '/mnt/home/leflarsa/av/ECE480Team4/ros2_ws/install/curvy_road/lib/python3.10/site-packages'
[2.203s] Level 1:colcon.colcon_core.environment:checking '/mnt/home/leflarsa/av/ECE480Team4/ros2_ws/install/curvy_road/bin'
[2.203s] INFO:colcon.colcon_core.shell:Creating package script '/mnt/home/leflarsa/av/ECE480Team4/ros2_ws/install/curvy_road/share/curvy_road/package.ps1'
[2.208s] INFO:colcon.colcon_core.shell:Creating package descriptor '/mnt/home/leflarsa/av/ECE480Team4/ros2_ws/install/curvy_road/share/curvy_road/package.dsv'
[2.212s] INFO:colcon.colcon_core.shell:Creating package script '/mnt/home/leflarsa/av/ECE480Team4/ros2_ws/install/curvy_road/share/curvy_road/package.sh'
[2.215s] INFO:colcon.colcon_core.shell:Creating package script '/mnt/home/leflarsa/av/ECE480Team4/ros2_ws/install/curvy_road/share/curvy_road/package.bash'
[2.218s] INFO:colcon.colcon_core.shell:Creating package script '/mnt/home/leflarsa/av/ECE480Team4/ros2_ws/install/curvy_road/share/curvy_road/package.zsh'
[2.221s] Level 1:colcon.colcon_core.environment:create_file_with_runtime_dependencies(/mnt/home/leflarsa/av/ECE480Team4/ros2_ws/install/curvy_road/share/colcon-core/packages/curvy_road)
[2.229s] Level 1:colcon.colcon_core.environment:create_environment_scripts_only(curvy_road)
[2.229s] Level 1:colcon.colcon_core.environment:checking '/mnt/home/leflarsa/av/ECE480Team4/ros2_ws/install/curvy_road' for CMake module files
[2.232s] Level 1:colcon.colcon_core.environment:checking '/mnt/home/leflarsa/av/ECE480Team4/ros2_ws/install/curvy_road' for CMake config files
[2.237s] Level 1:colcon.colcon_core.shell:create_environment_hook('curvy_road', 'cmake_prefix_path')
[2.237s] INFO:colcon.colcon_core.shell:Creating environment hook '/mnt/home/leflarsa/av/ECE480Team4/ros2_ws/install/curvy_road/share/curvy_road/hook/cmake_prefix_path.ps1'
[2.240s] INFO:colcon.colcon_core.shell:Creating environment descriptor '/mnt/home/leflarsa/av/ECE480Team4/ros2_ws/install/curvy_road/share/curvy_road/hook/cmake_prefix_path.dsv'
[2.242s] INFO:colcon.colcon_core.shell:Creating environment hook '/mnt/home/leflarsa/av/ECE480Team4/ros2_ws/install/curvy_road/share/curvy_road/hook/cmake_prefix_path.sh'
[2.245s] Level 1:colcon.colcon_core.environment:checking '/mnt/home/leflarsa/av/ECE480Team4/ros2_ws/install/curvy_road/bin'
[2.245s] Level 1:colcon.colcon_core.environment:checking '/mnt/home/leflarsa/av/ECE480Team4/ros2_ws/install/curvy_road/lib/pkgconfig/curvy_road.pc'
[2.245s] Level 1:colcon.colcon_core.environment:checking '/mnt/home/leflarsa/av/ECE480Team4/ros2_ws/install/curvy_road/lib/python3.10/site-packages'
[2.246s] Level 1:colcon.colcon_core.environment:checking '/mnt/home/leflarsa/av/ECE480Team4/ros2_ws/install/curvy_road/bin'
[2.246s] INFO:colcon.colcon_core.shell:Creating package script '/mnt/home/leflarsa/av/ECE480Team4/ros2_ws/install/curvy_road/share/curvy_road/package.ps1'
[2.249s] INFO:colcon.colcon_core.shell:Creating package descriptor '/mnt/home/leflarsa/av/ECE480Team4/ros2_ws/install/curvy_road/share/curvy_road/package.dsv'
[2.251s] INFO:colcon.colcon_core.shell:Creating package script '/mnt/home/leflarsa/av/ECE480Team4/ros2_ws/install/curvy_road/share/curvy_road/package.sh'
[2.254s] INFO:colcon.colcon_core.shell:Creating package script '/mnt/home/leflarsa/av/ECE480Team4/ros2_ws/install/curvy_road/share/curvy_road/package.bash'
[2.256s] INFO:colcon.colcon_core.shell:Creating package script '/mnt/home/leflarsa/av/ECE480Team4/ros2_ws/install/curvy_road/share/curvy_road/package.zsh'
[2.259s] Level 1:colcon.colcon_core.environment:create_file_with_runtime_dependencies(/mnt/home/leflarsa/av/ECE480Team4/ros2_ws/install/curvy_road/share/colcon-core/packages/curvy_road)
[2.262s] INFO:colcon.colcon_ros.task.ament_python.build:Building ROS package in '/mnt/home/leflarsa/av/ECE480Team4/ros2_ws/src/sensors_imu_bridge' with build type 'ament_python'
[2.262s] Level 1:colcon.colcon_core.shell:create_environment_hook('sensors_imu_bridge', 'ament_prefix_path')
[2.262s] INFO:colcon.colcon_core.shell:Creating environment hook '/mnt/home/leflarsa/av/ECE480Team4/ros2_ws/install/sensors_imu_bridge/share/sensors_imu_bridge/hook/ament_prefix_path.ps1'
[2.265s] INFO:colcon.colcon_core.shell:Creating environment descriptor '/mnt/home/leflarsa/av/ECE480Team4/ros2_ws/install/sensors_imu_bridge/share/sensors_imu_bridge/hook/ament_prefix_path.dsv'
[2.269s] INFO:colcon.colcon_core.shell:Creating environment hook '/mnt/home/leflarsa/av/ECE480Team4/ros2_ws/install/sensors_imu_bridge/share/sensors_imu_bridge/hook/ament_prefix_path.sh'
[2.281s] INFO:colcon.colcon_core.shell:Skip shell extension 'powershell' for command environment: Not usable outside of PowerShell
[2.281s] DEBUG:colcon.colcon_core.shell:Skip shell extension 'dsv' for command environment
[2.568s] INFO:colcon.colcon_core.task.python.build:Building Python package in '/mnt/home/leflarsa/av/ECE480Team4/ros2_ws/src/sensors_imu_bridge'
[2.568s] INFO:colcon.colcon_core.shell:Skip shell extension 'powershell' for command environment: Not usable outside of PowerShell
[2.568s] DEBUG:colcon.colcon_core.shell:Skip shell extension 'dsv' for command environment
[2.595s] DEBUG:colcon.colcon_core.event_handler.log_command:Invoking command in '/mnt/home/leflarsa/av/ECE480Team4/ros2_ws/build/lane_follow': PS1=humble:\u@\h:\w\$ PYTHONPATH=/mnt/home/leflarsa/av/ECE480Team4/ros2_ws/build/lane_follow/prefix_override:/usr/lib/python3/dist-packages/colcon_core/task/python/colcon_distutils_commands:/mnt/home/leflarsa/av/ECE480Team4/ros2_ws/install/lane_follow/lib/python3.10/site-packages:${PYTHONPATH} /usr/bin/python3 -W ignore:setup.py install is deprecated -W ignore:easy_install command is deprecated setup.py develop --editable --build-directory /mnt/home/leflarsa/av/ECE480Team4/ros2_ws/build/lane_follow/build --no-deps symlink_data
[2.607s] Level 1:colcon.colcon_core.shell:create_environment_hook('perception_sync_node', 'pythonpath_develop')
[2.608s] INFO:colcon.colcon_core.shell:Creating environment hook '/mnt/home/leflarsa/av/ECE480Team4/ros2_ws/build/perception_sync_node/share/perception_sync_node/hook/pythonpath_develop.ps1'
[2.609s] DEBUG:colcon.colcon_core.event_handler.log_command:Invoking command in '/mnt/home/leflarsa/av/ECE480Team4/ros2_ws/build/obstacle_det': PS1=humble:\u@\h:\w\$ PYTHONPATH=/mnt/home/leflarsa/av/ECE480Team4/ros2_ws/build/obstacle_det/prefix_override:/usr/lib/python3/dist-packages/colcon_core/task/python/colcon_distutils_commands:/mnt/home/leflarsa/av/ECE480Team4/ros2_ws/install/obstacle_det/lib/python3.10/site-packages:${PYTHONPATH} /usr/bin/python3 -W ignore:setup.py install is deprecated -W ignore:easy_install command is deprecated setup.py develop --editable --build-directory /mnt/home/leflarsa/av/ECE480Team4/ros2_ws/build/obstacle_det/build --no-deps symlink_data
[2.613s] INFO:colcon.colcon_core.shell:Creating environment descriptor '/mnt/home/leflarsa/av/ECE480Team4/ros2_ws/build/perception_sync_node/share/perception_sync_node/hook/pythonpath_develop.dsv'
[2.617s] INFO:colcon.colcon_core.shell:Creating environment hook '/mnt/home/leflarsa/av/ECE480Team4/ros2_ws/build/perception_sync_node/share/perception_sync_node/hook/pythonpath_develop.sh'
[2.620s] DEBUG:colcon.colcon_core.event_handler.log_command:Invoking command in '/mnt/home/leflarsa/av/ECE480Team4/ros2_ws/build/perception_ml_node': PS1=humble:\u@\h:\w\$ PYTHONPATH=/mnt/home/leflarsa/av/ECE480Team4/ros2_ws/build/perception_ml_node/prefix_override:/usr/lib/python3/dist-packages/colcon_core/task/python/colcon_distutils_commands:/mnt/home/leflarsa/av/ECE480Team4/ros2_ws/install/perception_ml_node/lib/python3.10/site-packages:${PYTHONPATH} /usr/bin/python3 -W ignore:setup.py install is deprecated -W ignore:easy_install command is deprecated setup.py develop --editable --build-directory /mnt/home/leflarsa/av/ECE480Team4/ros2_ws/build/perception_ml_node/build --no-deps symlink_data
[2.620s] Level 1:colcon.colcon_core.environment:checking '/mnt/home/leflarsa/av/ECE480Team4/ros2_ws/install/perception_sync_node' for CMake module files
[2.624s] Level 1:colcon.colcon_core.environment:checking '/mnt/home/leflarsa/av/ECE480Team4/ros2_ws/install/perception_sync_node' for CMake config files
[2.632s] DEBUG:colcon.colcon_core.event_handler.log_command:Invoking command in '/mnt/home/leflarsa/av/ECE480Team4/ros2_ws/build/sensors_camera_node': PS1=humble:\u@\h:\w\$ PYTHONPATH=/mnt/home/leflarsa/av/ECE480Team4/ros2_ws/build/sensors_camera_node/prefix_override:/usr/lib/python3/dist-packages/colcon_core/task/python/colcon_distutils_commands:/mnt/home/leflarsa/av/ECE480Team4/ros2_ws/install/sensors_camera_node/lib/python3.10/site-packages:${PYTHONPATH} /usr/bin/python3 -W ignore:setup.py install is deprecated -W ignore:easy_install command is deprecated setup.py develop --editable --build-directory /mnt/home/leflarsa/av/ECE480Team4/ros2_ws/build/sensors_camera_node/build --no-deps symlink_data
[2.633s] DEBUG:colcon.colcon_core.event_handler.log_command:Invoked command in '/mnt/home/leflarsa/av/ECE480Team4/ros2_ws/build/perception_sync_node' returned '0': PS1=humble:\u@\h:\w\$ PYTHONPATH=/mnt/home/leflarsa/av/ECE480Team4/ros2_ws/build/perception_sync_node/prefix_override:/usr/lib/python3/dist-packages/colcon_core/task/python/colcon_distutils_commands:/mnt/home/leflarsa/av/ECE480Team4/ros2_ws/install/perception_sync_node/lib/python3.10/site-packages:${PYTHONPATH} /usr/bin/python3 -W ignore:setup.py install is deprecated -W ignore:easy_install command is deprecated setup.py develop --editable --build-directory /mnt/home/leflarsa/av/ECE480Team4/ros2_ws/build/perception_sync_node/build --no-deps
[2.633s] Level 1:colcon.colcon_core.environment:checking '/mnt/home/leflarsa/av/ECE480Team4/ros2_ws/install/perception_sync_node/lib'
[2.634s] Level 1:colcon.colcon_core.environment:checking '/mnt/home/leflarsa/av/ECE480Team4/ros2_ws/install/perception_sync_node/bin'
[2.634s] Level 1:colcon.colcon_core.environment:checking '/mnt/home/leflarsa/av/ECE480Team4/ros2_ws/install/perception_sync_node/lib/pkgconfig/perception_sync_node.pc'
[2.634s] Level 1:colcon.colcon_core.environment:checking '/mnt/home/leflarsa/av/ECE480Team4/ros2_ws/install/perception_sync_node/lib/python3.10/site-packages'
[2.634s] Level 1:colcon.colcon_core.shell:create_environment_hook('perception_sync_node', 'pythonpath')
[2.634s] INFO:colcon.colcon_core.shell:Creating environment hook '/mnt/home/leflarsa/av/ECE480Team4/ros2_ws/install/perception_sync_node/share/perception_sync_node/hook/pythonpath.ps1'
[2.638s] INFO:colcon.colcon_core.shell:Creating environment descriptor '/mnt/home/leflarsa/av/ECE480Team4/ros2_ws/install/perception_sync_node/share/perception_sync_node/hook/pythonpath.dsv'
[2.641s] INFO:colcon.colcon_core.shell:Creating environment hook '/mnt/home/leflarsa/av/ECE480Team4/ros2_ws/install/perception_sync_node/share/perception_sync_node/hook/pythonpath.sh'
[2.644s] Level 1:colcon.colcon_core.environment:checking '/mnt/home/leflarsa/av/ECE480Team4/ros2_ws/install/perception_sync_node/bin'
[2.644s] Level 1:colcon.colcon_core.environment:create_environment_scripts_only(perception_sync_node)
[2.645s] INFO:colcon.colcon_core.shell:Creating package script '/mnt/home/leflarsa/av/ECE480Team4/ros2_ws/install/perception_sync_node/share/perception_sync_node/package.ps1'
[2.648s] INFO:colcon.colcon_core.shell:Creating package descriptor '/mnt/home/leflarsa/av/ECE480Team4/ros2_ws/install/perception_sync_node/share/perception_sync_node/package.dsv'
[2.651s] INFO:colcon.colcon_core.shell:Creating package script '/mnt/home/leflarsa/av/ECE480Team4/ros2_ws/install/perception_sync_node/share/perception_sync_node/package.sh'
[2.653s] INFO:colcon.colcon_core.shell:Creating package script '/mnt/home/leflarsa/av/ECE480Team4/ros2_ws/install/perception_sync_node/share/perception_sync_node/package.bash'
[2.656s] INFO:colcon.colcon_core.shell:Creating package script '/mnt/home/leflarsa/av/ECE480Team4/ros2_ws/install/perception_sync_node/share/perception_sync_node/package.zsh'
[2.659s] Level 1:colcon.colcon_core.environment:create_file_with_runtime_dependencies(/mnt/home/leflarsa/av/ECE480Team4/ros2_ws/install/perception_sync_node/share/colcon-core/packages/perception_sync_node)
[2.662s] INFO:colcon.colcon_ros.task.ament_python.build:Building ROS package in '/mnt/home/leflarsa/av/ECE480Team4/ros2_ws/src/sensors_lidar_bridge' with build type 'ament_python'
[2.662s] Level 1:colcon.colcon_core.shell:create_environment_hook('sensors_lidar_bridge', 'ament_prefix_path')
[2.662s] INFO:colcon.colcon_core.shell:Creating environment hook '/mnt/home/leflarsa/av/ECE480Team4/ros2_ws/install/sensors_lidar_bridge/share/sensors_lidar_bridge/hook/ament_prefix_path.ps1'
[2.665s] INFO:colcon.colcon_core.shell:Creating environment descriptor '/mnt/home/leflarsa/av/ECE480Team4/ros2_ws/install/sensors_lidar_bridge/share/sensors_lidar_bridge/hook/ament_prefix_path.dsv'
[2.671s] INFO:colcon.colcon_core.shell:Creating environment hook '/mnt/home/leflarsa/av/ECE480Team4/ros2_ws/install/sensors_lidar_bridge/share/sensors_lidar_bridge/hook/ament_prefix_path.sh'
[2.674s] INFO:colcon.colcon_core.shell:Skip shell extension 'powershell' for command environment: Not usable outside of PowerShell
[2.674s] DEBUG:colcon.colcon_core.shell:Skip shell extension 'dsv' for command environment
[3.004s] INFO:colcon.colcon_core.task.python.build:Building Python package in '/mnt/home/leflarsa/av/ECE480Team4/ros2_ws/src/sensors_lidar_bridge'
[3.004s] INFO:colcon.colcon_core.shell:Skip shell extension 'powershell' for command environment: Not usable outside of PowerShell
[3.004s] DEBUG:colcon.colcon_core.shell:Skip shell extension 'dsv' for command environment
[3.103s] DEBUG:colcon.colcon_core.event_handler.log_command:Invoking command in '/mnt/home/leflarsa/av/ECE480Team4/ros2_ws/build/sensors_imu_bridge': PS1=humble:\u@\h:\w\$ PYTHONPATH=/mnt/home/leflarsa/av/ECE480Team4/ros2_ws/build/sensors_imu_bridge/prefix_override:/usr/lib/python3/dist-packages/colcon_core/task/python/colcon_distutils_commands:/mnt/home/leflarsa/av/ECE480Team4/ros2_ws/install/sensors_imu_bridge/lib/python3.10/site-packages:${PYTHONPATH} /usr/bin/python3 -W ignore:setup.py install is deprecated -W ignore:easy_install command is deprecated setup.py develop --editable --build-directory /mnt/home/leflarsa/av/ECE480Team4/ros2_ws/build/sensors_imu_bridge/build --no-deps symlink_data
[3.122s] Level 1:colcon.colcon_core.shell:create_environment_hook('perception_ml_node', 'pythonpath_develop')
[3.123s] INFO:colcon.colcon_core.shell:Creating environment hook '/mnt/home/leflarsa/av/ECE480Team4/ros2_ws/build/perception_ml_node/share/perception_ml_node/hook/pythonpath_develop.ps1'
[3.124s] DEBUG:colcon.colcon_core.event_handler.log_command:Invoked command in '/mnt/home/leflarsa/av/ECE480Team4/ros2_ws/build/perception_ml_node' returned '0': PS1=humble:\u@\h:\w\$ PYTHONPATH=/mnt/home/leflarsa/av/ECE480Team4/ros2_ws/build/perception_ml_node/prefix_override:/usr/lib/python3/dist-packages/colcon_core/task/python/colcon_distutils_commands:/mnt/home/leflarsa/av/ECE480Team4/ros2_ws/install/perception_ml_node/lib/python3.10/site-packages:${PYTHONPATH} /usr/bin/python3 -W ignore:setup.py install is deprecated -W ignore:easy_install command is deprecated setup.py develop --editable --build-directory /mnt/home/leflarsa/av/ECE480Team4/ros2_ws/build/perception_ml_node/build --no-deps symlink_data
[3.127s] INFO:colcon.colcon_core.shell:Creating environment descriptor '/mnt/home/leflarsa/av/ECE480Team4/ros2_ws/build/perception_ml_node/share/perception_ml_node/hook/pythonpath_develop.dsv'
[3.130s] INFO:colcon.colcon_core.shell:Creating environment hook '/mnt/home/leflarsa/av/ECE480Team4/ros2_ws/build/perception_ml_node/share/perception_ml_node/hook/pythonpath_develop.sh'
[3.133s] Level 1:colcon.colcon_core.environment:checking '/mnt/home/leflarsa/av/ECE480Team4/ros2_ws/install/perception_ml_node' for CMake module files
[3.137s] Level 1:colcon.colcon_core.environment:checking '/mnt/home/leflarsa/av/ECE480Team4/ros2_ws/install/perception_ml_node' for CMake config files
[3.147s] Level 1:colcon.colcon_core.environment:checking '/mnt/home/leflarsa/av/ECE480Team4/ros2_ws/install/perception_ml_node/lib'
[3.147s] Level 1:colcon.colcon_core.environment:checking '/mnt/home/leflarsa/av/ECE480Team4/ros2_ws/install/perception_ml_node/bin'
[3.147s] Level 1:colcon.colcon_core.environment:checking '/mnt/home/leflarsa/av/ECE480Team4/ros2_ws/install/perception_ml_node/lib/pkgconfig/perception_ml_node.pc'
[3.148s] Level 1:colcon.colcon_core.environment:checking '/mnt/home/leflarsa/av/ECE480Team4/ros2_ws/install/perception_ml_node/lib/python3.10/site-packages'
[3.148s] Level 1:colcon.colcon_core.shell:create_environment_hook('perception_ml_node', 'pythonpath')
[3.148s] INFO:colcon.colcon_core.shell:Creating environment hook '/mnt/home/leflarsa/av/ECE480Team4/ros2_ws/install/perception_ml_node/share/perception_ml_node/hook/pythonpath.ps1'
[3.151s] INFO:colcon.colcon_core.shell:Creating environment descriptor '/mnt/home/leflarsa/av/ECE480Team4/ros2_ws/install/perception_ml_node/share/perception_ml_node/hook/pythonpath.dsv'
[3.153s] INFO:colcon.colcon_core.shell:Creating environment hook '/mnt/home/leflarsa/av/ECE480Team4/ros2_ws/install/perception_ml_node/share/perception_ml_node/hook/pythonpath.sh'
[3.156s] Level 1:colcon.colcon_core.environment:checking '/mnt/home/leflarsa/av/ECE480Team4/ros2_ws/install/perception_ml_node/bin'
[3.156s] Level 1:colcon.colcon_core.environment:create_environment_scripts_only(perception_ml_node)
[3.157s] INFO:colcon.colcon_core.shell:Creating package script '/mnt/home/leflarsa/av/ECE480Team4/ros2_ws/install/perception_ml_node/share/perception_ml_node/package.ps1'
[3.160s] INFO:colcon.colcon_core.shell:Creating package descriptor '/mnt/home/leflarsa/av/ECE480Team4/ros2_ws/install/perception_ml_node/share/perception_ml_node/package.dsv'
[3.163s] INFO:colcon.colcon_core.shell:Creating package script '/mnt/home/leflarsa/av/ECE480Team4/ros2_ws/install/perception_ml_node/share/perception_ml_node/package.sh'
[3.166s] INFO:colcon.colcon_core.shell:Creating package script '/mnt/home/leflarsa/av/ECE480Team4/ros2_ws/install/perception_ml_node/share/perception_ml_node/package.bash'
[3.168s] INFO:colcon.colcon_core.shell:Creating package script '/mnt/home/leflarsa/av/ECE480Team4/ros2_ws/install/perception_ml_node/share/perception_ml_node/package.zsh'
[3.172s] Level 1:colcon.colcon_core.environment:create_file_with_runtime_dependencies(/mnt/home/leflarsa/av/ECE480Team4/ros2_ws/install/perception_ml_node/share/colcon-core/packages/perception_ml_node)
[3.176s] Level 1:colcon.colcon_core.shell:create_environment_hook('obstacle_det', 'pythonpath_develop')
[3.176s] INFO:colcon.colcon_core.shell:Creating environment hook '/mnt/home/leflarsa/av/ECE480Team4/ros2_ws/build/obstacle_det/share/obstacle_det/hook/pythonpath_develop.ps1'
[3.179s] INFO:colcon.colcon_core.shell:Creating environment descriptor '/mnt/home/leflarsa/av/ECE480Team4/ros2_ws/build/obstacle_det/share/obstacle_det/hook/pythonpath_develop.dsv'
[3.182s] DEBUG:colcon.colcon_core.event_handler.log_command:Invoked command in '/mnt/home/leflarsa/av/ECE480Team4/ros2_ws/build/obstacle_det' returned '0': PS1=humble:\u@\h:\w\$ PYTHONPATH=/mnt/home/leflarsa/av/ECE480Team4/ros2_ws/build/obstacle_det/prefix_override:/usr/lib/python3/dist-packages/colcon_core/task/python/colcon_distutils_commands:/mnt/home/leflarsa/av/ECE480Team4/ros2_ws/install/obstacle_det/lib/python3.10/site-packages:${PYTHONPATH} /usr/bin/python3 -W ignore:setup.py install is deprecated -W ignore:easy_install command is deprecated setup.py develop --editable --build-directory /mnt/home/leflarsa/av/ECE480Team4/ros2_ws/build/obstacle_det/build --no-deps symlink_data
[3.182s] INFO:colcon.colcon_core.shell:Creating environment hook '/mnt/home/leflarsa/av/ECE480Team4/ros2_ws/build/obstacle_det/share/obstacle_det/hook/pythonpath_develop.sh'
[3.186s] Level 1:colcon.colcon_core.environment:checking '/mnt/home/leflarsa/av/ECE480Team4/ros2_ws/install/obstacle_det' for CMake module files
[3.189s] Level 1:colcon.colcon_core.environment:checking '/mnt/home/leflarsa/av/ECE480Team4/ros2_ws/install/obstacle_det' for CMake config files
[3.193s] Level 1:colcon.colcon_core.environment:checking '/mnt/home/leflarsa/av/ECE480Team4/ros2_ws/install/obstacle_det/lib'
[3.194s] Level 1:colcon.colcon_core.environment:checking '/mnt/home/leflarsa/av/ECE480Team4/ros2_ws/install/obstacle_det/bin'
[3.194s] Level 1:colcon.colcon_core.environment:checking '/mnt/home/leflarsa/av/ECE480Team4/ros2_ws/install/obstacle_det/lib/pkgconfig/obstacle_det.pc'
[3.194s] Level 1:colcon.colcon_core.environment:checking '/mnt/home/leflarsa/av/ECE480Team4/ros2_ws/install/obstacle_det/lib/python3.10/site-packages'
[3.194s] Level 1:colcon.colcon_core.shell:create_environment_hook('obstacle_det', 'pythonpath')
[3.194s] INFO:colcon.colcon_core.shell:Creating environment hook '/mnt/home/leflarsa/av/ECE480Team4/ros2_ws/install/obstacle_det/share/obstacle_det/hook/pythonpath.ps1'
[3.197s] INFO:colcon.colcon_core.shell:Creating environment descriptor '/mnt/home/leflarsa/av/ECE480Team4/ros2_ws/install/obstacle_det/share/obstacle_det/hook/pythonpath.dsv'
[3.199s] INFO:colcon.colcon_core.shell:Creating environment hook '/mnt/home/leflarsa/av/ECE480Team4/ros2_ws/install/obstacle_det/share/obstacle_det/hook/pythonpath.sh'
[3.202s] Level 1:colcon.colcon_core.environment:checking '/mnt/home/leflarsa/av/ECE480Team4/ros2_ws/install/obstacle_det/bin'
[3.202s] Level 1:colcon.colcon_core.environment:create_environment_scripts_only(obstacle_det)
[3.202s] INFO:colcon.colcon_core.shell:Creating package script '/mnt/home/leflarsa/av/ECE480Team4/ros2_ws/install/obstacle_det/share/obstacle_det/package.ps1'
[3.205s] INFO:colcon.colcon_core.shell:Creating package descriptor '/mnt/home/leflarsa/av/ECE480Team4/ros2_ws/install/obstacle_det/share/obstacle_det/package.dsv'
[3.208s] INFO:colcon.colcon_core.shell:Creating package script '/mnt/home/leflarsa/av/ECE480Team4/ros2_ws/install/obstacle_det/share/obstacle_det/package.sh'
[3.211s] INFO:colcon.colcon_core.shell:Creating package script '/mnt/home/leflarsa/av/ECE480Team4/ros2_ws/install/obstacle_det/share/obstacle_det/package.bash'
[3.214s] INFO:colcon.colcon_core.shell:Creating package script '/mnt/home/leflarsa/av/ECE480Team4/ros2_ws/install/obstacle_det/share/obstacle_det/package.zsh'
[3.217s] Level 1:colcon.colcon_core.environment:create_file_with_runtime_dependencies(/mnt/home/leflarsa/av/ECE480Team4/ros2_ws/install/obstacle_det/share/colcon-core/packages/obstacle_det)
[3.220s] Level 1:colcon.colcon_core.shell:create_environment_hook('lane_follow', 'pythonpath_develop')
[3.220s] INFO:colcon.colcon_core.shell:Creating environment hook '/mnt/home/leflarsa/av/ECE480Team4/ros2_ws/build/lane_follow/share/lane_follow/hook/pythonpath_develop.ps1'
[3.223s] INFO:colcon.colcon_core.shell:Creating environment descriptor '/mnt/home/leflarsa/av/ECE480Team4/ros2_ws/build/lane_follow/share/lane_follow/hook/pythonpath_develop.dsv'
[3.226s] INFO:colcon.colcon_core.shell:Creating environment hook '/mnt/home/leflarsa/av/ECE480Team4/ros2_ws/build/lane_follow/share/lane_follow/hook/pythonpath_develop.sh'
[3.228s] DEBUG:colcon.colcon_core.event_handler.log_command:Invoked command in '/mnt/home/leflarsa/av/ECE480Team4/ros2_ws/build/lane_follow' returned '0': PS1=humble:\u@\h:\w\$ PYTHONPATH=/mnt/home/leflarsa/av/ECE480Team4/ros2_ws/build/lane_follow/prefix_override:/usr/lib/python3/dist-packages/colcon_core/task/python/colcon_distutils_commands:/mnt/home/leflarsa/av/ECE480Team4/ros2_ws/install/lane_follow/lib/python3.10/site-packages:${PYTHONPATH} /usr/bin/python3 -W ignore:setup.py install is deprecated -W ignore:easy_install command is deprecated setup.py develop --editable --build-directory /mnt/home/leflarsa/av/ECE480Team4/ros2_ws/build/lane_follow/build --no-deps symlink_data
[3.231s] Level 1:colcon.colcon_core.environment:checking '/mnt/home/leflarsa/av/ECE480Team4/ros2_ws/install/lane_follow' for CMake module files
[3.234s] Level 1:colcon.colcon_core.environment:checking '/mnt/home/leflarsa/av/ECE480Team4/ros2_ws/install/lane_follow' for CMake config files
[3.240s] Level 1:colcon.colcon_core.environment:checking '/mnt/home/leflarsa/av/ECE480Team4/ros2_ws/install/lane_follow/lib'
[3.240s] Level 1:colcon.colcon_core.environment:checking '/mnt/home/leflarsa/av/ECE480Team4/ros2_ws/install/lane_follow/bin'
[3.240s] Level 1:colcon.colcon_core.environment:checking '/mnt/home/leflarsa/av/ECE480Team4/ros2_ws/install/lane_follow/lib/pkgconfig/lane_follow.pc'
[3.240s] Level 1:colcon.colcon_core.environment:checking '/mnt/home/leflarsa/av/ECE480Team4/ros2_ws/install/lane_follow/lib/python3.10/site-packages'
[3.240s] Level 1:colcon.colcon_core.shell:create_environment_hook('lane_follow', 'pythonpath')
[3.241s] INFO:colcon.colcon_core.shell:Creating environment hook '/mnt/home/leflarsa/av/ECE480Team4/ros2_ws/install/lane_follow/share/lane_follow/hook/pythonpath.ps1'
[3.244s] INFO:colcon.colcon_core.shell:Creating environment descriptor '/mnt/home/leflarsa/av/ECE480Team4/ros2_ws/install/lane_follow/share/lane_follow/hook/pythonpath.dsv'
[3.247s] INFO:colcon.colcon_core.shell:Creating environment hook '/mnt/home/leflarsa/av/ECE480Team4/ros2_ws/install/lane_follow/share/lane_follow/hook/pythonpath.sh'
[3.251s] Level 1:colcon.colcon_core.environment:checking '/mnt/home/leflarsa/av/ECE480Team4/ros2_ws/install/lane_follow/bin'
[3.251s] Level 1:colcon.colcon_core.environment:create_environment_scripts_only(lane_follow)
[3.251s] INFO:colcon.colcon_core.shell:Creating package script '/mnt/home/leflarsa/av/ECE480Team4/ros2_ws/install/lane_follow/share/lane_follow/package.ps1'
[3.254s] INFO:colcon.colcon_core.shell:Creating package descriptor '/mnt/home/leflarsa/av/ECE480Team4/ros2_ws/install/lane_follow/share/lane_follow/package.dsv'
[3.257s] INFO:colcon.colcon_core.shell:Creating package script '/mnt/home/leflarsa/av/ECE480Team4/ros2_ws/install/lane_follow/share/lane_follow/package.sh'
[3.260s] INFO:colcon.colcon_core.shell:Creating package script '/mnt/home/leflarsa/av/ECE480Team4/ros2_ws/install/lane_follow/share/lane_follow/package.bash'
[3.263s] INFO:colcon.colcon_core.shell:Creating package script '/mnt/home/leflarsa/av/ECE480Team4/ros2_ws/install/lane_follow/share/lane_follow/package.zsh'
[3.266s] Level 1:colcon.colcon_core.environment:create_file_with_runtime_dependencies(/mnt/home/leflarsa/av/ECE480Team4/ros2_ws/install/lane_follow/share/colcon-core/packages/lane_follow)
[3.268s] Level 1:colcon.colcon_core.shell:create_environment_hook('sensors_camera_node', 'pythonpath_develop')
[3.268s] INFO:colcon.colcon_core.shell:Creating environment hook '/mnt/home/leflarsa/av/ECE480Team4/ros2_ws/build/sensors_camera_node/share/sensors_camera_node/hook/pythonpath_develop.ps1'
[3.271s] INFO:colcon.colcon_core.shell:Creating environment descriptor '/mnt/home/leflarsa/av/ECE480Team4/ros2_ws/build/sensors_camera_node/share/sensors_camera_node/hook/pythonpath_develop.dsv'
[3.274s] INFO:colcon.colcon_core.shell:Creating environment hook '/mnt/home/leflarsa/av/ECE480Team4/ros2_ws/build/sensors_camera_node/share/sensors_camera_node/hook/pythonpath_develop.sh'
[3.276s] DEBUG:colcon.colcon_core.event_handler.log_command:Invoked command in '/mnt/home/leflarsa/av/ECE480Team4/ros2_ws/build/sensors_camera_node' returned '0': PS1=humble:\u@\h:\w\$ PYTHONPATH=/mnt/home/leflarsa/av/ECE480Team4/ros2_ws/build/sensors_camera_node/prefix_override:/usr/lib/python3/dist-packages/colcon_core/task/python/colcon_distutils_commands:/mnt/home/leflarsa/av/ECE480Team4/ros2_ws/install/sensors_camera_node/lib/python3.10/site-packages:${PYTHONPATH} /usr/bin/python3 -W ignore:setup.py install is deprecated -W ignore:easy_install command is deprecated setup.py develop --editable --build-directory /mnt/home/leflarsa/av/ECE480Team4/ros2_ws/build/sensors_camera_node/build --no-deps symlink_data
[3.279s] Level 1:colcon.colcon_core.environment:checking '/mnt/home/leflarsa/av/ECE480Team4/ros2_ws/install/sensors_camera_node' for CMake module files
[3.280s] Level 1:colcon.colcon_core.environment:checking '/mnt/home/leflarsa/av/ECE480Team4/ros2_ws/install/sensors_camera_node' for CMake config files
[3.286s] Level 1:colcon.colcon_core.environment:checking '/mnt/home/leflarsa/av/ECE480Team4/ros2_ws/install/sensors_camera_node/lib'
[3.286s] Level 1:colcon.colcon_core.environment:checking '/mnt/home/leflarsa/av/ECE480Team4/ros2_ws/install/sensors_camera_node/bin'
[3.286s] Level 1:colcon.colcon_core.shell:create_environment_hook('sensors_camera_node', 'path')
[3.287s] INFO:colcon.colcon_core.shell:Creating environment hook '/mnt/home/leflarsa/av/ECE480Team4/ros2_ws/install/sensors_camera_node/share/sensors_camera_node/hook/path.ps1'
[3.289s] INFO:colcon.colcon_core.shell:Creating environment descriptor '/mnt/home/leflarsa/av/ECE480Team4/ros2_ws/install/sensors_camera_node/share/sensors_camera_node/hook/path.dsv'
[3.292s] INFO:colcon.colcon_core.shell:Creating environment hook '/mnt/home/leflarsa/av/ECE480Team4/ros2_ws/install/sensors_camera_node/share/sensors_camera_node/hook/path.sh'
[3.296s] Level 1:colcon.colcon_core.environment:checking '/mnt/home/leflarsa/av/ECE480Team4/ros2_ws/install/sensors_camera_node/lib/pkgconfig/sensors_camera_node.pc'
[3.296s] Level 1:colcon.colcon_core.environment:checking '/mnt/home/leflarsa/av/ECE480Team4/ros2_ws/install/sensors_camera_node/lib/python3.10/site-packages'
[3.296s] Level 1:colcon.colcon_core.shell:create_environment_hook('sensors_camera_node', 'pythonpath')
[3.296s] INFO:colcon.colcon_core.shell:Creating environment hook '/mnt/home/leflarsa/av/ECE480Team4/ros2_ws/install/sensors_camera_node/share/sensors_camera_node/hook/pythonpath.ps1'
[3.300s] INFO:colcon.colcon_core.shell:Creating environment descriptor '/mnt/home/leflarsa/av/ECE480Team4/ros2_ws/install/sensors_camera_node/share/sensors_camera_node/hook/pythonpath.dsv'
[3.302s] INFO:colcon.colcon_core.shell:Creating environment hook '/mnt/home/leflarsa/av/ECE480Team4/ros2_ws/install/sensors_camera_node/share/sensors_camera_node/hook/pythonpath.sh'
[3.305s] Level 1:colcon.colcon_core.environment:checking '/mnt/home/leflarsa/av/ECE480Team4/ros2_ws/install/sensors_camera_node/bin'
[3.305s] Level 1:colcon.colcon_core.shell:create_environment_hook('sensors_camera_node', 'pythonscriptspath')
[3.305s] INFO:colcon.colcon_core.shell:Creating environment hook '/mnt/home/leflarsa/av/ECE480Team4/ros2_ws/install/sensors_camera_node/share/sensors_camera_node/hook/pythonscriptspath.ps1'
[3.309s] INFO:colcon.colcon_core.shell:Creating environment descriptor '/mnt/home/leflarsa/av/ECE480Team4/ros2_ws/install/sensors_camera_node/share/sensors_camera_node/hook/pythonscriptspath.dsv'
[3.313s] INFO:colcon.colcon_core.shell:Creating environment hook '/mnt/home/leflarsa/av/ECE480Team4/ros2_ws/install/sensors_camera_node/share/sensors_camera_node/hook/pythonscriptspath.sh'
[3.316s] Level 1:colcon.colcon_core.environment:create_environment_scripts_only(sensors_camera_node)
[3.316s] INFO:colcon.colcon_core.shell:Creating package script '/mnt/home/leflarsa/av/ECE480Team4/ros2_ws/install/sensors_camera_node/share/sensors_camera_node/package.ps1'
[3.319s] INFO:colcon.colcon_core.shell:Creating package descriptor '/mnt/home/leflarsa/av/ECE480Team4/ros2_ws/install/sensors_camera_node/share/sensors_camera_node/package.dsv'
[3.322s] INFO:colcon.colcon_core.shell:Creating package script '/mnt/home/leflarsa/av/ECE480Team4/ros2_ws/install/sensors_camera_node/share/sensors_camera_node/package.sh'
[3.325s] INFO:colcon.colcon_core.shell:Creating package script '/mnt/home/leflarsa/av/ECE480Team4/ros2_ws/install/sensors_camera_node/share/sensors_camera_node/package.bash'
[3.327s] INFO:colcon.colcon_core.shell:Creating package script '/mnt/home/leflarsa/av/ECE480Team4/ros2_ws/install/sensors_camera_node/share/sensors_camera_node/package.zsh'
[3.330s] Level 1:colcon.colcon_core.environment:create_file_with_runtime_dependencies(/mnt/home/leflarsa/av/ECE480Team4/ros2_ws/install/sensors_camera_node/share/colcon-core/packages/sensors_camera_node)
[3.417s] DEBUG:colcon.colcon_core.event_handler.log_command:Invoking command in '/mnt/home/leflarsa/av/ECE480Team4/ros2_ws/build/sensors_lidar_bridge': PS1=humble:\u@\h:\w\$ PYTHONPATH=/mnt/home/leflarsa/av/ECE480Team4/ros2_ws/build/sensors_lidar_bridge/prefix_override:/usr/lib/python3/dist-packages/colcon_core/task/python/colcon_distutils_commands:/mnt/home/leflarsa/av/ECE480Team4/ros2_ws/install/sensors_lidar_bridge/lib/python3.10/site-packages:${PYTHONPATH} /usr/bin/python3 -W ignore:setup.py install is deprecated -W ignore:easy_install command is deprecated setup.py develop --editable --build-directory /mnt/home/leflarsa/av/ECE480Team4/ros2_ws/build/sensors_lidar_bridge/build --no-deps symlink_data
[3.592s] DEBUG:colcon.colcon_core.event_handler.log_command:Invoked command in '/mnt/home/leflarsa/av/ECE480Team4/ros2_ws/build/sensors_imu_bridge' returned '1': PS1=humble:\u@\h:\w\$ PYTHONPATH=/mnt/home/leflarsa/av/ECE480Team4/ros2_ws/build/sensors_imu_bridge/prefix_override:/usr/lib/python3/dist-packages/colcon_core/task/python/colcon_distutils_commands:/mnt/home/leflarsa/av/ECE480Team4/ros2_ws/install/sensors_imu_bridge/lib/python3.10/site-packages:${PYTHONPATH} /usr/bin/python3 -W ignore:setup.py install is deprecated -W ignore:easy_install command is deprecated setup.py develop --editable --build-directory /mnt/home/leflarsa/av/ECE480Team4/ros2_ws/build/sensors_imu_bridge/build --no-deps symlink_data
[3.889s] DEBUG:colcon.colcon_parallel_executor.executor.parallel:closing loop
[3.889s] DEBUG:colcon.colcon_parallel_executor.executor.parallel:loop closed
[3.889s] DEBUG:colcon.colcon_parallel_executor.executor.parallel:run_until_complete finished with '1'
[3.889s] DEBUG:colcon.colcon_core.event_reactor:joining thread
[3.903s] INFO:colcon.colcon_core.plugin_system:Skipping extension 'colcon_notification.desktop_notification.notify_send': Could not find 'notify-send'
[3.903s] INFO:colcon.colcon_core.plugin_system:Skipping extension 'colcon_notification.desktop_notification.terminal_notifier': Not used on non-Darwin systems
[3.903s] INFO:colcon.colcon_core.plugin_system:Skipping extension 'colcon_notification.desktop_notification.win32': Not used on non-Windows systems
[3.903s] INFO:colcon.colcon_notification.desktop_notification:Sending desktop notification using 'notify2'
[4.066s] DEBUG:colcon.colcon_core.event_reactor:joined thread
[4.066s] INFO:colcon.colcon_core.shell:Creating prefix script '/mnt/home/leflarsa/av/ECE480Team4/ros2_ws/install/local_setup.ps1'
[4.070s] INFO:colcon.colcon_core.shell:Creating prefix util module '/mnt/home/leflarsa/av/ECE480Team4/ros2_ws/install/_local_setup_util_ps1.py'
[4.075s] INFO:colcon.colcon_core.shell:Creating prefix chain script '/mnt/home/leflarsa/av/ECE480Team4/ros2_ws/install/setup.ps1'
[4.078s] INFO:colcon.colcon_core.shell:Creating prefix script '/mnt/home/leflarsa/av/ECE480Team4/ros2_ws/install/local_setup.sh'
[4.081s] INFO:colcon.colcon_core.shell:Creating prefix util module '/mnt/home/leflarsa/av/ECE480Team4/ros2_ws/install/_local_setup_util_sh.py'
[4.085s] INFO:colcon.colcon_core.shell:Creating prefix chain script '/mnt/home/leflarsa/av/ECE480Team4/ros2_ws/install/setup.sh'
[4.088s] INFO:colcon.colcon_core.shell:Creating prefix script '/mnt/home/leflarsa/av/ECE480Team4/ros2_ws/install/local_setup.bash'
[4.092s] INFO:colcon.colcon_core.shell:Creating prefix chain script '/mnt/home/leflarsa/av/ECE480Team4/ros2_ws/install/setup.bash'
[4.095s] INFO:colcon.colcon_core.shell:Creating prefix script '/mnt/home/leflarsa/av/ECE480Team4/ros2_ws/install/local_setup.zsh'
[4.098s] INFO:colcon.colcon_core.shell:Creating prefix chain script '/mnt/home/leflarsa/av/ECE480Team4/ros2_ws/install/setup.zsh'
