[0.058s] Invoking command in '/home/eceteam4/ECE480Team4/ros2_ws/build/vesc_ackermann': AMENT_PREFIX_PATH=/home/eceteam4/ECE480Team4/ros2_ws/install/vesc_msgs CMAKE_PREFIX_PATH=/home/eceteam4/ECE480Team4/ros2_ws/install/vesc_msgs LD_LIBRARY_PATH=/home/eceteam4/ECE480Team4/ros2_ws/install/vesc_msgs/lib PYTHONPATH=/home/eceteam4/ECE480Team4/ros2_ws/install/vesc_msgs/local/lib/python3.10/dist-packages /usr/bin/cmake --build /home/eceteam4/ECE480Team4/ros2_ws/build/vesc_ackermann -- -j6 -l6
[0.291s] [ 28%] Built target ackermann_to_vesc_node
[0.309s] [ 71%] Built target vesc_ackermann
[0.317s] [100%] Built target vesc_to_odom_node
[0.342s] Invoked command in '/home/eceteam4/ECE480Team4/ros2_ws/build/vesc_ackermann' returned '0': AMENT_PREFIX_PATH=/home/eceteam4/ECE480Team4/ros2_ws/install/vesc_msgs CMAKE_PREFIX_PATH=/home/eceteam4/ECE480Team4/ros2_ws/install/vesc_msgs LD_LIBRARY_PATH=/home/eceteam4/ECE480Team4/ros2_ws/install/vesc_msgs/lib PYTHONPATH=/home/eceteam4/ECE480Team4/ros2_ws/install/vesc_msgs/local/lib/python3.10/dist-packages /usr/bin/cmake --build /home/eceteam4/ECE480Team4/ros2_ws/build/vesc_ackermann -- -j6 -l6
[0.351s] Invoking command in '/home/eceteam4/ECE480Team4/ros2_ws/build/vesc_ackermann': AMENT_PREFIX_PATH=/home/eceteam4/ECE480Team4/ros2_ws/install/vesc_msgs CMAKE_PREFIX_PATH=/home/eceteam4/ECE480Team4/ros2_ws/install/vesc_msgs LD_LIBRARY_PATH=/home/eceteam4/ECE480Team4/ros2_ws/install/vesc_msgs/lib PYTHONPATH=/home/eceteam4/ECE480Team4/ros2_ws/install/vesc_msgs/local/lib/python3.10/dist-packages /usr/bin/cmake --install /home/eceteam4/ECE480Team4/ros2_ws/build/vesc_ackermann
[0.367s] -- Install configuration: ""
[0.369s] -- Execute custom install script
[0.373s] -- Up-to-date symlink: /home/eceteam4/ECE480Team4/ros2_ws/install/vesc_ackermann/lib/vesc_ackermann/ackermann_to_vesc_node
[0.375s] -- Up-to-date symlink: /home/eceteam4/ECE480Team4/ros2_ws/install/vesc_ackermann/lib/vesc_ackermann/vesc_to_odom_node
[0.379s] -- Up-to-date symlink: /home/eceteam4/ECE480Team4/ros2_ws/install/vesc_ackermann/include/vesc_ackermann/ackermann_to_vesc.hpp
[0.380s] -- Up-to-date symlink: /home/eceteam4/ECE480Team4/ros2_ws/install/vesc_ackermann/include/vesc_ackermann/vesc_to_odom.hpp
[0.382s] -- Up-to-date symlink: /home/eceteam4/ECE480Team4/ros2_ws/install/vesc_ackermann/share/vesc_ackermann/environment/library_path.sh
[0.383s] -- Up-to-date symlink: /home/eceteam4/ECE480Team4/ros2_ws/install/vesc_ackermann/share/vesc_ackermann/environment/library_path.dsv
[0.385s] -- Up-to-date symlink: /home/eceteam4/ECE480Team4/ros2_ws/install/vesc_ackermann/lib/libvesc_ackermann.so
[0.388s] -- Up-to-date symlink: /home/eceteam4/ECE480Team4/ros2_ws/install/vesc_ackermann/share/vesc_ackermann/launch/ackermann_to_vesc_node.launch.xml
[0.389s] -- Up-to-date symlink: /home/eceteam4/ECE480Team4/ros2_ws/install/vesc_ackermann/share/vesc_ackermann/launch/vesc_to_odom_node.launch.xml
[0.391s] -- Up-to-date symlink: /home/eceteam4/ECE480Team4/ros2_ws/install/vesc_ackermann/share/ament_index/resource_index/package_run_dependencies/vesc_ackermann
[0.392s] -- Up-to-date symlink: /home/eceteam4/ECE480Team4/ros2_ws/install/vesc_ackermann/share/ament_index/resource_index/parent_prefix_path/vesc_ackermann
[0.393s] -- Up-to-date symlink: /home/eceteam4/ECE480Team4/ros2_ws/install/vesc_ackermann/share/vesc_ackermann/environment/ament_prefix_path.sh
[0.395s] -- Up-to-date symlink: /home/eceteam4/ECE480Team4/ros2_ws/install/vesc_ackermann/share/vesc_ackermann/environment/ament_prefix_path.dsv
[0.399s] -- Up-to-date symlink: /home/eceteam4/ECE480Team4/ros2_ws/install/vesc_ackermann/share/vesc_ackermann/environment/path.sh
[0.399s] -- Up-to-date symlink: /home/eceteam4/ECE480Team4/ros2_ws/install/vesc_ackermann/share/vesc_ackermann/environment/path.dsv
[0.400s] -- Up-to-date symlink: /home/eceteam4/ECE480Team4/ros2_ws/install/vesc_ackermann/share/vesc_ackermann/local_setup.bash
[0.401s] -- Up-to-date symlink: /home/eceteam4/ECE480Team4/ros2_ws/install/vesc_ackermann/share/vesc_ackermann/local_setup.sh
[0.401s] -- Up-to-date symlink: /home/eceteam4/ECE480Team4/ros2_ws/install/vesc_ackermann/share/vesc_ackermann/local_setup.zsh
[0.402s] -- Up-to-date symlink: /home/eceteam4/ECE480Team4/ros2_ws/install/vesc_ackermann/share/vesc_ackermann/local_setup.dsv
[0.402s] -- Symlinking: /home/eceteam4/ECE480Team4/ros2_ws/install/vesc_ackermann/share/vesc_ackermann/package.dsv
[0.425s] -- Up-to-date symlink: /home/eceteam4/ECE480Team4/ros2_ws/install/vesc_ackermann/share/ament_index/resource_index/packages/vesc_ackermann
[0.426s] -- Up-to-date symlink: /home/eceteam4/ECE480Team4/ros2_ws/install/vesc_ackermann/share/ament_index/resource_index/rclcpp_components/vesc_ackermann
[0.428s] -- Up-to-date symlink: /home/eceteam4/ECE480Team4/ros2_ws/install/vesc_ackermann/share/vesc_ackermann/cmake/ament_cmake_export_dependencies-extras.cmake
[0.428s] -- Up-to-date symlink: /home/eceteam4/ECE480Team4/ros2_ws/install/vesc_ackermann/share/vesc_ackermann/cmake/ament_cmake_export_include_directories-extras.cmake
[0.429s] -- Up-to-date symlink: /home/eceteam4/ECE480Team4/ros2_ws/install/vesc_ackermann/share/vesc_ackermann/cmake/ament_cmake_export_libraries-extras.cmake
[0.430s] -- Up-to-date symlink: /home/eceteam4/ECE480Team4/ros2_ws/install/vesc_ackermann/share/vesc_ackermann/cmake/vesc_ackermannConfig.cmake
[0.431s] -- Up-to-date symlink: /home/eceteam4/ECE480Team4/ros2_ws/install/vesc_ackermann/share/vesc_ackermann/cmake/vesc_ackermannConfig-version.cmake
[0.434s] -- Up-to-date symlink: /home/eceteam4/ECE480Team4/ros2_ws/install/vesc_ackermann/share/vesc_ackermann/package.xml
[0.439s] Invoked command in '/home/eceteam4/ECE480Team4/ros2_ws/build/vesc_ackermann' returned '0': AMENT_PREFIX_PATH=/home/eceteam4/ECE480Team4/ros2_ws/install/vesc_msgs CMAKE_PREFIX_PATH=/home/eceteam4/ECE480Team4/ros2_ws/install/vesc_msgs LD_LIBRARY_PATH=/home/eceteam4/ECE480Team4/ros2_ws/install/vesc_msgs/lib PYTHONPATH=/home/eceteam4/ECE480Team4/ros2_ws/install/vesc_msgs/local/lib/python3.10/dist-packages /usr/bin/cmake --install /home/eceteam4/ECE480Team4/ros2_ws/build/vesc_ackermann
