running develop
running egg_info
creating perception_ml_node.egg-info
writing perception_ml_node.egg-info/PKG-INFO
writing dependency_links to perception_ml_node.egg-info/dependency_links.txt
writing requirements to perception_ml_node.egg-info/requires.txt
writing top-level names to perception_ml_node.egg-info/top_level.txt
writing manifest file 'perception_ml_node.egg-info/SOURCES.txt'
reading manifest file 'perception_ml_node.egg-info/SOURCES.txt'
writing manifest file 'perception_ml_node.egg-info/SOURCES.txt'
running build_ext
Creating /mnt/home/leflarsa/av/ECE480Team4/ros2_ws/install/perception_ml_node/lib/python3.10/site-packages/perception-ml-node.egg-link (link to .)

Installed /mnt/home/leflarsa/av/ECE480Team4/ros2_ws/build/perception_ml_node
running symlink_data
creating /mnt/home/leflarsa/av/ECE480Team4/ros2_ws/install/perception_ml_node/share/ament_index
creating /mnt/home/leflarsa/av/ECE480Team4/ros2_ws/install/perception_ml_node/share/ament_index/resource_index
creating /mnt/home/leflarsa/av/ECE480Team4/ros2_ws/install/perception_ml_node/share/ament_index/resource_index/packages
symbolically linking /mnt/home/leflarsa/av/ECE480Team4/ros2_ws/build/perception_ml_node/resource/perception_ml_node -> /mnt/home/leflarsa/av/ECE480Team4/ros2_ws/install/perception_ml_node/share/ament_index/resource_index/packages
symbolically linking /mnt/home/leflarsa/av/ECE480Team4/ros2_ws/build/perception_ml_node/package.xml -> /mnt/home/leflarsa/av/ECE480Team4/ros2_ws/install/perception_ml_node/share/perception_ml_node
creating /mnt/home/leflarsa/av/ECE480Team4/ros2_ws/install/perception_ml_node/share/scripts
symbolically linking /mnt/home/leflarsa/av/ECE480Team4/ros2_ws/build/perception_ml_node/perception_ml_node/scripts/run_yolopv2_demo.py -> /mnt/home/leflarsa/av/ECE480Team4/ros2_ws/install/perception_ml_node/share//scripts
