[1.906s] Invoking command in '/mnt/home/leflarsa/av/ECE480Team4/ros2_ws/build/perception_ml_node': PS1=humble:\u@\h:\w\$ PYTHONPATH=/mnt/home/leflarsa/av/ECE480Team4/ros2_ws/build/perception_ml_node/prefix_override:/usr/lib/python3/dist-packages/colcon_core/task/python/colcon_distutils_commands:/mnt/home/leflarsa/av/ECE480Team4/ros2_ws/install/perception_ml_node/lib/python3.10/site-packages:${PYTHONPATH} /usr/bin/python3 -W ignore:setup.py install is deprecated -W ignore:easy_install command is deprecated setup.py develop --editable --build-directory /mnt/home/leflarsa/av/ECE480Team4/ros2_ws/build/perception_ml_node/build --no-deps symlink_data
[2.162s] running develop
[2.385s] running egg_info
[2.385s] creating perception_ml_node.egg-info
[2.387s] writing perception_ml_node.egg-info/PKG-INFO
[2.392s] writing dependency_links to perception_ml_node.egg-info/dependency_links.txt
[2.395s] writing requirements to perception_ml_node.egg-info/requires.txt
[2.397s] writing top-level names to perception_ml_node.egg-info/top_level.txt
[2.400s] writing manifest file 'perception_ml_node.egg-info/SOURCES.txt'
[2.406s] reading manifest file 'perception_ml_node.egg-info/SOURCES.txt'
[2.409s] writing manifest file 'perception_ml_node.egg-info/SOURCES.txt'
[2.416s] running build_ext
[2.416s] Creating /mnt/home/leflarsa/av/ECE480Team4/ros2_ws/install/perception_ml_node/lib/python3.10/site-packages/perception-ml-node.egg-link (link to .)
[2.430s] 
[2.430s] Installed /mnt/home/leflarsa/av/ECE480Team4/ros2_ws/build/perception_ml_node
[2.430s] running symlink_data
[2.430s] creating /mnt/home/leflarsa/av/ECE480Team4/ros2_ws/install/perception_ml_node/share/ament_index
[2.430s] creating /mnt/home/leflarsa/av/ECE480Team4/ros2_ws/install/perception_ml_node/share/ament_index/resource_index
[2.430s] creating /mnt/home/leflarsa/av/ECE480Team4/ros2_ws/install/perception_ml_node/share/ament_index/resource_index/packages
[2.430s] symbolically linking /mnt/home/leflarsa/av/ECE480Team4/ros2_ws/build/perception_ml_node/resource/perception_ml_node -> /mnt/home/leflarsa/av/ECE480Team4/ros2_ws/install/perception_ml_node/share/ament_index/resource_index/packages
[2.431s] symbolically linking /mnt/home/leflarsa/av/ECE480Team4/ros2_ws/build/perception_ml_node/package.xml -> /mnt/home/leflarsa/av/ECE480Team4/ros2_ws/install/perception_ml_node/share/perception_ml_node
[2.431s] creating /mnt/home/leflarsa/av/ECE480Team4/ros2_ws/install/perception_ml_node/share/scripts
[2.431s] symbolically linking /mnt/home/leflarsa/av/ECE480Team4/ros2_ws/build/perception_ml_node/perception_ml_node/scripts/run_yolopv2_demo.py -> /mnt/home/leflarsa/av/ECE480Team4/ros2_ws/install/perception_ml_node/share//scripts
[2.608s] Invoked command in '/mnt/home/leflarsa/av/ECE480Team4/ros2_ws/build/perception_ml_node' returned '0': PS1=humble:\u@\h:\w\$ PYTHONPATH=/mnt/home/leflarsa/av/ECE480Team4/ros2_ws/build/perception_ml_node/prefix_override:/usr/lib/python3/dist-packages/colcon_core/task/python/colcon_distutils_commands:/mnt/home/leflarsa/av/ECE480Team4/ros2_ws/install/perception_ml_node/lib/python3.10/site-packages:${PYTHONPATH} /usr/bin/python3 -W ignore:setup.py install is deprecated -W ignore:easy_install command is deprecated setup.py develop --editable --build-directory /mnt/home/leflarsa/av/ECE480Team4/ros2_ws/build/perception_ml_node/build --no-deps symlink_data
