[2.328s] Invoking command in '/mnt/home/leflarsa/av/ECE480Team4/ros2_ws/build/lane_follow': PS1=humble:\u@\h:\w\$ PYTHONPATH=/mnt/home/leflarsa/av/ECE480Team4/ros2_ws/build/lane_follow/prefix_override:/usr/lib/python3/dist-packages/colcon_core/task/python/colcon_distutils_commands:/mnt/home/leflarsa/av/ECE480Team4/ros2_ws/install/lane_follow/lib/python3.10/site-packages:${PYTHONPATH} /usr/bin/python3 -W ignore:setup.py install is deprecated -W ignore:easy_install command is deprecated setup.py develop --editable --build-directory /mnt/home/leflarsa/av/ECE480Team4/ros2_ws/build/lane_follow/build --no-deps symlink_data
[2.636s] running develop
[2.845s] running egg_info
[2.846s] writing lane_follow.egg-info/PKG-INFO
[2.849s] writing dependency_links to lane_follow.egg-info/dependency_links.txt
[2.852s] writing entry points to lane_follow.egg-info/entry_points.txt
[2.855s] writing requirements to lane_follow.egg-info/requires.txt
[2.861s] writing top-level names to lane_follow.egg-info/top_level.txt
[2.865s] reading manifest file 'lane_follow.egg-info/SOURCES.txt'
[2.868s] writing manifest file 'lane_follow.egg-info/SOURCES.txt'
[2.874s] running build_ext
[2.874s] Creating /mnt/home/leflarsa/av/ECE480Team4/ros2_ws/install/lane_follow/lib/python3.10/site-packages/lane-follow.egg-link (link to .)
[2.877s] Installing detect script to /mnt/home/leflarsa/av/ECE480Team4/ros2_ws/install/lane_follow/lib/lane_follow
[2.882s] Installing follow_pid script to /mnt/home/leflarsa/av/ECE480Team4/ros2_ws/install/lane_follow/lib/lane_follow
[2.887s] Installing follow_pure_pursuit script to /mnt/home/leflarsa/av/ECE480Team4/ros2_ws/install/lane_follow/lib/lane_follow
[2.892s] Installing ground_spot script to /mnt/home/leflarsa/av/ECE480Team4/ros2_ws/install/lane_follow/lib/lane_follow
[2.899s] 
[2.899s] Installed /mnt/home/leflarsa/av/ECE480Team4/ros2_ws/build/lane_follow
[2.900s] running symlink_data
[3.176s] Invoked command in '/mnt/home/leflarsa/av/ECE480Team4/ros2_ws/build/lane_follow' returned '0': PS1=humble:\u@\h:\w\$ PYTHONPATH=/mnt/home/leflarsa/av/ECE480Team4/ros2_ws/build/lane_follow/prefix_override:/usr/lib/python3/dist-packages/colcon_core/task/python/colcon_distutils_commands:/mnt/home/leflarsa/av/ECE480Team4/ros2_ws/install/lane_follow/lib/python3.10/site-packages:${PYTHONPATH} /usr/bin/python3 -W ignore:setup.py install is deprecated -W ignore:easy_install command is deprecated setup.py develop --editable --build-directory /mnt/home/leflarsa/av/ECE480Team4/ros2_ws/build/lane_follow/build --no-deps symlink_data
