[2.306s] Invoking command in '/home/eceteam4/ECE480Team4/ros2_ws/build/obstacle_det': PYTHONPATH=/home/eceteam4/ECE480Team4/ros2_ws/build/obstacle_det/prefix_override:/usr/lib/python3/dist-packages/colcon_core/task/python/colcon_distutils_commands:/home/eceteam4/ECE480Team4/ros2_ws/install/obstacle_det/lib/python3.10/site-packages:${PYTHONPATH} /usr/bin/python3 -W ignore:setup.py install is deprecated -W ignore:easy_install command is deprecated setup.py develop --editable --build-directory /home/eceteam4/ECE480Team4/ros2_ws/build/obstacle_det/build --no-deps symlink_data
[2.871s] running develop
[3.607s] running egg_info
[3.608s] creating obstacle_det.egg-info
[3.608s] writing obstacle_det.egg-info/PKG-INFO
[3.608s] writing dependency_links to obstacle_det.egg-info/dependency_links.txt
[3.609s] writing entry points to obstacle_det.egg-info/entry_points.txt
[3.609s] writing requirements to obstacle_det.egg-info/requires.txt
[3.609s] writing top-level names to obstacle_det.egg-info/top_level.txt
[3.609s] writing manifest file 'obstacle_det.egg-info/SOURCES.txt'
[3.614s] reading manifest file 'obstacle_det.egg-info/SOURCES.txt'
[3.615s] writing manifest file 'obstacle_det.egg-info/SOURCES.txt'
[3.620s] running build_ext
[3.620s] Creating /home/eceteam4/ECE480Team4/ros2_ws/install/obstacle_det/lib/python3.10/site-packages/obstacle-det.egg-link (link to .)
[3.622s] Installing obstacles_det script to /home/eceteam4/ECE480Team4/ros2_ws/install/obstacle_det/lib/obstacle_det
[3.622s] 
[3.622s] Installed /home/eceteam4/ECE480Team4/ros2_ws/build/obstacle_det
[3.623s] running symlink_data
[3.623s] creating /home/eceteam4/ECE480Team4/ros2_ws/install/obstacle_det/share/ament_index
[3.623s] creating /home/eceteam4/ECE480Team4/ros2_ws/install/obstacle_det/share/ament_index/resource_index
[3.623s] creating /home/eceteam4/ECE480Team4/ros2_ws/install/obstacle_det/share/ament_index/resource_index/packages
[3.623s] symbolically linking /home/eceteam4/ECE480Team4/ros2_ws/build/obstacle_det/resource/obstacle_det -> /home/eceteam4/ECE480Team4/ros2_ws/install/obstacle_det/share/ament_index/resource_index/packages
[3.623s] symbolically linking /home/eceteam4/ECE480Team4/ros2_ws/build/obstacle_det/package.xml -> /home/eceteam4/ECE480Team4/ros2_ws/install/obstacle_det/share/obstacle_det
[3.828s] Invoked command in '/home/eceteam4/ECE480Team4/ros2_ws/build/obstacle_det' returned '0': PYTHONPATH=/home/eceteam4/ECE480Team4/ros2_ws/build/obstacle_det/prefix_override:/usr/lib/python3/dist-packages/colcon_core/task/python/colcon_distutils_commands:/home/eceteam4/ECE480Team4/ros2_ws/install/obstacle_det/lib/python3.10/site-packages:${PYTHONPATH} /usr/bin/python3 -W ignore:setup.py install is deprecated -W ignore:easy_install command is deprecated setup.py develop --editable --build-directory /home/eceteam4/ECE480Team4/ros2_ws/build/obstacle_det/build --no-deps symlink_data
