[0.062s] Invoking command in '/home/eceteam4/ECE480Team4/build/vesc_driver': CMAKE_PREFIX_PATH=/home/eceteam4/ECE480Team4/install/vesc_msgs:/home/eceteam4/ECE480Team4/install/vesc:/home/eceteam4/ECE480Team4/install/vesc_driver:/home/eceteam4/ECE480Team4/install/vesc_ackermann:/home/eceteam4/ECE480Team4/install/gazebo_world:/home/eceteam4/ECE480Team4/install/curvy_road:/home/eceteam4/ECE480Team4/install/vesc_control:/home/eceteam4/ECE480Team4/install/sensors_lidar_bridge:/home/eceteam4/ECE480Team4/install/sensors_imu_bridge:/home/eceteam4/ECE480Team4/install/sensors_camera_node:/home/eceteam4/ECE480Team4/install/racing_line:/home/eceteam4/ECE480Team4/install/perception_sync_node:/home/eceteam4/ECE480Team4/install/perception_ml_node:/home/eceteam4/ECE480Team4/install/obstacle_det:/home/eceteam4/ECE480Team4/install/lane_follow:/home/eceteam4/ECE480Team4/install/bot_slam:/opt/ros/humble LD_LIBRARY_PATH=/home/eceteam4/ECE480Team4/install/vesc_msgs/lib:/home/eceteam4/ECE480Team4/install/vesc_driver/lib:/home/eceteam4/ECE480Team4/install/vesc_ackermann/lib:/opt/ros/humble/opt/rviz_ogre_vendor/lib:/opt/ros/humble/lib/aarch64-linux-gnu:/opt/ros/humble/lib /usr/bin/cmake --build /home/eceteam4/ECE480Team4/build/vesc_driver -- -j6 -l6
[0.230s] [ 50%] Built target vesc_driver
[0.266s] [ 70%] Built target vesc_driver_node
[0.325s] [100%] Built target vesc_device_namer
[0.368s] Invoked command in '/home/eceteam4/ECE480Team4/build/vesc_driver' returned '0': CMAKE_PREFIX_PATH=/home/eceteam4/ECE480Team4/install/vesc_msgs:/home/eceteam4/ECE480Team4/install/vesc:/home/eceteam4/ECE480Team4/install/vesc_driver:/home/eceteam4/ECE480Team4/install/vesc_ackermann:/home/eceteam4/ECE480Team4/install/gazebo_world:/home/eceteam4/ECE480Team4/install/curvy_road:/home/eceteam4/ECE480Team4/install/vesc_control:/home/eceteam4/ECE480Team4/install/sensors_lidar_bridge:/home/eceteam4/ECE480Team4/install/sensors_imu_bridge:/home/eceteam4/ECE480Team4/install/sensors_camera_node:/home/eceteam4/ECE480Team4/install/racing_line:/home/eceteam4/ECE480Team4/install/perception_sync_node:/home/eceteam4/ECE480Team4/install/perception_ml_node:/home/eceteam4/ECE480Team4/install/obstacle_det:/home/eceteam4/ECE480Team4/install/lane_follow:/home/eceteam4/ECE480Team4/install/bot_slam:/opt/ros/humble LD_LIBRARY_PATH=/home/eceteam4/ECE480Team4/install/vesc_msgs/lib:/home/eceteam4/ECE480Team4/install/vesc_driver/lib:/home/eceteam4/ECE480Team4/install/vesc_ackermann/lib:/opt/ros/humble/opt/rviz_ogre_vendor/lib:/opt/ros/humble/lib/aarch64-linux-gnu:/opt/ros/humble/lib /usr/bin/cmake --build /home/eceteam4/ECE480Team4/build/vesc_driver -- -j6 -l6
[0.369s] Invoking command in '/home/eceteam4/ECE480Team4/build/vesc_driver': CMAKE_PREFIX_PATH=/home/eceteam4/ECE480Team4/install/vesc_msgs:/home/eceteam4/ECE480Team4/install/vesc:/home/eceteam4/ECE480Team4/install/vesc_driver:/home/eceteam4/ECE480Team4/install/vesc_ackermann:/home/eceteam4/ECE480Team4/install/gazebo_world:/home/eceteam4/ECE480Team4/install/curvy_road:/home/eceteam4/ECE480Team4/install/vesc_control:/home/eceteam4/ECE480Team4/install/sensors_lidar_bridge:/home/eceteam4/ECE480Team4/install/sensors_imu_bridge:/home/eceteam4/ECE480Team4/install/sensors_camera_node:/home/eceteam4/ECE480Team4/install/racing_line:/home/eceteam4/ECE480Team4/install/perception_sync_node:/home/eceteam4/ECE480Team4/install/perception_ml_node:/home/eceteam4/ECE480Team4/install/obstacle_det:/home/eceteam4/ECE480Team4/install/lane_follow:/home/eceteam4/ECE480Team4/install/bot_slam:/opt/ros/humble LD_LIBRARY_PATH=/home/eceteam4/ECE480Team4/install/vesc_msgs/lib:/home/eceteam4/ECE480Team4/install/vesc_driver/lib:/home/eceteam4/ECE480Team4/install/vesc_ackermann/lib:/opt/ros/humble/opt/rviz_ogre_vendor/lib:/opt/ros/humble/lib/aarch64-linux-gnu:/opt/ros/humble/lib /usr/bin/cmake --install /home/eceteam4/ECE480Team4/build/vesc_driver
[0.560s] -- Install configuration: ""
[0.560s] -- Execute custom install script
[0.561s] -- Up-to-date symlink: /home/eceteam4/ECE480Team4/install/vesc_driver/lib/vesc_driver/vesc_driver_node
[0.561s] -- Up-to-date symlink: /home/eceteam4/ECE480Team4/install/vesc_driver/include/vesc_driver/crc.hpp
[0.561s] -- Up-to-date symlink: /home/eceteam4/ECE480Team4/install/vesc_driver/include/vesc_driver/datatypes.hpp
[0.561s] -- Up-to-date symlink: /home/eceteam4/ECE480Team4/install/vesc_driver/include/vesc_driver/vesc_device_uuid_lookup.hpp
[0.561s] -- Up-to-date symlink: /home/eceteam4/ECE480Team4/install/vesc_driver/include/vesc_driver/vesc_driver.hpp
[0.561s] -- Up-to-date symlink: /home/eceteam4/ECE480Team4/install/vesc_driver/include/vesc_driver/vesc_interface.hpp
[0.561s] -- Up-to-date symlink: /home/eceteam4/ECE480Team4/install/vesc_driver/include/vesc_driver/vesc_packet.hpp
[0.561s] -- Up-to-date symlink: /home/eceteam4/ECE480Team4/install/vesc_driver/include/vesc_driver/vesc_packet_factory.hpp
[0.561s] -- Up-to-date symlink: /home/eceteam4/ECE480Team4/install/vesc_driver/share/vesc_driver/environment/library_path.sh
[0.562s] -- Up-to-date symlink: /home/eceteam4/ECE480Team4/install/vesc_driver/share/vesc_driver/environment/library_path.dsv
[0.562s] -- Up-to-date symlink: /home/eceteam4/ECE480Team4/install/vesc_driver/lib/libvesc_driver.so
[0.562s] -- Up-to-date symlink: /home/eceteam4/ECE480Team4/install/vesc_driver/lib/vesc_driver/vesc_device_namer
[0.562s] -- Up-to-date symlink: /home/eceteam4/ECE480Team4/install/vesc_driver/share/vesc_driver/launch/vesc_driver_node.launch.py
[0.562s] -- Up-to-date symlink: /home/eceteam4/ECE480Team4/install/vesc_driver/share/vesc_driver/params/vesc_config.yaml
[0.562s] -- Up-to-date symlink: /home/eceteam4/ECE480Team4/install/vesc_driver/share/ament_index/resource_index/package_run_dependencies/vesc_driver
[0.562s] -- Up-to-date symlink: /home/eceteam4/ECE480Team4/install/vesc_driver/share/ament_index/resource_index/parent_prefix_path/vesc_driver
[0.562s] -- Up-to-date symlink: /home/eceteam4/ECE480Team4/install/vesc_driver/share/vesc_driver/environment/ament_prefix_path.sh
[0.562s] -- Up-to-date symlink: /home/eceteam4/ECE480Team4/install/vesc_driver/share/vesc_driver/environment/ament_prefix_path.dsv
[0.562s] -- Up-to-date symlink: /home/eceteam4/ECE480Team4/install/vesc_driver/share/vesc_driver/environment/path.sh
[0.563s] -- Up-to-date symlink: /home/eceteam4/ECE480Team4/install/vesc_driver/share/vesc_driver/environment/path.dsv
[0.563s] -- Up-to-date symlink: /home/eceteam4/ECE480Team4/install/vesc_driver/share/vesc_driver/local_setup.bash
[0.563s] -- Up-to-date symlink: /home/eceteam4/ECE480Team4/install/vesc_driver/share/vesc_driver/local_setup.sh
[0.563s] -- Up-to-date symlink: /home/eceteam4/ECE480Team4/install/vesc_driver/share/vesc_driver/local_setup.zsh
[0.563s] -- Up-to-date symlink: /home/eceteam4/ECE480Team4/install/vesc_driver/share/vesc_driver/local_setup.dsv
[0.563s] -- Symlinking: /home/eceteam4/ECE480Team4/install/vesc_driver/share/vesc_driver/package.dsv
[0.563s] -- Up-to-date symlink: /home/eceteam4/ECE480Team4/install/vesc_driver/share/ament_index/resource_index/packages/vesc_driver
[0.563s] -- Up-to-date symlink: /home/eceteam4/ECE480Team4/install/vesc_driver/share/ament_index/resource_index/rclcpp_components/vesc_driver
[0.563s] -- Up-to-date symlink: /home/eceteam4/ECE480Team4/install/vesc_driver/share/vesc_driver/cmake/ament_cmake_export_dependencies-extras.cmake
[0.564s] -- Up-to-date symlink: /home/eceteam4/ECE480Team4/install/vesc_driver/share/vesc_driver/cmake/ament_cmake_export_include_directories-extras.cmake
[0.564s] -- Up-to-date symlink: /home/eceteam4/ECE480Team4/install/vesc_driver/share/vesc_driver/cmake/ament_cmake_export_libraries-extras.cmake
[0.564s] -- Up-to-date symlink: /home/eceteam4/ECE480Team4/install/vesc_driver/share/vesc_driver/cmake/vesc_driverConfig.cmake
[0.564s] -- Up-to-date symlink: /home/eceteam4/ECE480Team4/install/vesc_driver/share/vesc_driver/cmake/vesc_driverConfig-version.cmake
[0.564s] -- Up-to-date symlink: /home/eceteam4/ECE480Team4/install/vesc_driver/share/vesc_driver/package.xml
[0.589s] Invoked command in '/home/eceteam4/ECE480Team4/build/vesc_driver' returned '0': CMAKE_PREFIX_PATH=/home/eceteam4/ECE480Team4/install/vesc_msgs:/home/eceteam4/ECE480Team4/install/vesc:/home/eceteam4/ECE480Team4/install/vesc_driver:/home/eceteam4/ECE480Team4/install/vesc_ackermann:/home/eceteam4/ECE480Team4/install/gazebo_world:/home/eceteam4/ECE480Team4/install/curvy_road:/home/eceteam4/ECE480Team4/install/vesc_control:/home/eceteam4/ECE480Team4/install/sensors_lidar_bridge:/home/eceteam4/ECE480Team4/install/sensors_imu_bridge:/home/eceteam4/ECE480Team4/install/sensors_camera_node:/home/eceteam4/ECE480Team4/install/racing_line:/home/eceteam4/ECE480Team4/install/perception_sync_node:/home/eceteam4/ECE480Team4/install/perception_ml_node:/home/eceteam4/ECE480Team4/install/obstacle_det:/home/eceteam4/ECE480Team4/install/lane_follow:/home/eceteam4/ECE480Team4/install/bot_slam:/opt/ros/humble LD_LIBRARY_PATH=/home/eceteam4/ECE480Team4/install/vesc_msgs/lib:/home/eceteam4/ECE480Team4/install/vesc_driver/lib:/home/eceteam4/ECE480Team4/install/vesc_ackermann/lib:/opt/ros/humble/opt/rviz_ogre_vendor/lib:/opt/ros/humble/lib/aarch64-linux-gnu:/opt/ros/humble/lib /usr/bin/cmake --install /home/eceteam4/ECE480Team4/build/vesc_driver
