[0.028s] Invoking command in '/home/eceteam4/ECE480Team4/build/vesc': AMENT_PREFIX_PATH=/home/eceteam4/ECE480Team4/install/vesc_driver:/home/eceteam4/ECE480Team4/install/vesc_ackermann:/home/eceteam4/ECE480Team4/install/vesc_msgs:${AMENT_PREFIX_PATH} CMAKE_PREFIX_PATH=/home/eceteam4/ECE480Team4/install/vesc_driver:/home/eceteam4/ECE480Team4/install/vesc_ackermann:/home/eceteam4/ECE480Team4/install/vesc_msgs:/opt/ros/humble LD_LIBRARY_PATH=/home/eceteam4/ECE480Team4/install/vesc_driver/lib:/home/eceteam4/ECE480Team4/install/vesc_ackermann/lib:/home/eceteam4/ECE480Team4/install/vesc_msgs/lib:${LD_LIBRARY_PATH} PYTHONPATH=/home/eceteam4/ECE480Team4/install/vesc_msgs/local/lib/python3.10/dist-packages:${PYTHONPATH} /usr/bin/cmake /home/eceteam4/ECE480Team4/ros2_ws/src/vesc -DAMENT_CMAKE_SYMLINK_INSTALL=1 -DCMAKE_INSTALL_PREFIX=/home/eceteam4/ECE480Team4/install/vesc
[0.133s] -- The C compiler identification is GNU 11.4.0
[0.241s] -- The CXX compiler identification is GNU 11.4.0
[0.263s] -- Detecting C compiler ABI info
[0.395s] -- Detecting C compiler ABI info - done
[0.419s] -- Check for working C compiler: /usr/bin/cc - skipped
[0.420s] -- Detecting C compile features
[0.421s] -- Detecting C compile features - done
[0.432s] -- Detecting CXX compiler ABI info
[0.583s] -- Detecting CXX compiler ABI info - done
[0.600s] -- Check for working CXX compiler: /usr/bin/c++ - skipped
[0.600s] -- Detecting CXX compile features
[0.602s] -- Detecting CXX compile features - done
[0.609s] -- Found ament_cmake_auto: 1.3.13 (/opt/ros/humble/share/ament_cmake_auto/cmake)
[0.947s] -- Found Python3: /usr/bin/python3 (found version "3.10.12") found components: Interpreter 
[1.083s] -- Override CMake install command with custom implementation using symlinks instead of copying resources
[1.306s] -- Configuring done
[1.315s] -- Generating done
[1.319s] -- Build files have been written to: /home/eceteam4/ECE480Team4/build/vesc
[1.333s] Invoked command in '/home/eceteam4/ECE480Team4/build/vesc' returned '0': AMENT_PREFIX_PATH=/home/eceteam4/ECE480Team4/install/vesc_driver:/home/eceteam4/ECE480Team4/install/vesc_ackermann:/home/eceteam4/ECE480Team4/install/vesc_msgs:${AMENT_PREFIX_PATH} CMAKE_PREFIX_PATH=/home/eceteam4/ECE480Team4/install/vesc_driver:/home/eceteam4/ECE480Team4/install/vesc_ackermann:/home/eceteam4/ECE480Team4/install/vesc_msgs:/opt/ros/humble LD_LIBRARY_PATH=/home/eceteam4/ECE480Team4/install/vesc_driver/lib:/home/eceteam4/ECE480Team4/install/vesc_ackermann/lib:/home/eceteam4/ECE480Team4/install/vesc_msgs/lib:${LD_LIBRARY_PATH} PYTHONPATH=/home/eceteam4/ECE480Team4/install/vesc_msgs/local/lib/python3.10/dist-packages:${PYTHONPATH} /usr/bin/cmake /home/eceteam4/ECE480Team4/ros2_ws/src/vesc -DAMENT_CMAKE_SYMLINK_INSTALL=1 -DCMAKE_INSTALL_PREFIX=/home/eceteam4/ECE480Team4/install/vesc
[1.352s] Invoking command in '/home/eceteam4/ECE480Team4/build/vesc': AMENT_PREFIX_PATH=/home/eceteam4/ECE480Team4/install/vesc_driver:/home/eceteam4/ECE480Team4/install/vesc_ackermann:/home/eceteam4/ECE480Team4/install/vesc_msgs:${AMENT_PREFIX_PATH} CMAKE_PREFIX_PATH=/home/eceteam4/ECE480Team4/install/vesc_driver:/home/eceteam4/ECE480Team4/install/vesc_ackermann:/home/eceteam4/ECE480Team4/install/vesc_msgs:/opt/ros/humble LD_LIBRARY_PATH=/home/eceteam4/ECE480Team4/install/vesc_driver/lib:/home/eceteam4/ECE480Team4/install/vesc_ackermann/lib:/home/eceteam4/ECE480Team4/install/vesc_msgs/lib:${LD_LIBRARY_PATH} PYTHONPATH=/home/eceteam4/ECE480Team4/install/vesc_msgs/local/lib/python3.10/dist-packages:${PYTHONPATH} /usr/bin/cmake --build /home/eceteam4/ECE480Team4/build/vesc -- -j6 -l6
[1.411s] Invoked command in '/home/eceteam4/ECE480Team4/build/vesc' returned '0': AMENT_PREFIX_PATH=/home/eceteam4/ECE480Team4/install/vesc_driver:/home/eceteam4/ECE480Team4/install/vesc_ackermann:/home/eceteam4/ECE480Team4/install/vesc_msgs:${AMENT_PREFIX_PATH} CMAKE_PREFIX_PATH=/home/eceteam4/ECE480Team4/install/vesc_driver:/home/eceteam4/ECE480Team4/install/vesc_ackermann:/home/eceteam4/ECE480Team4/install/vesc_msgs:/opt/ros/humble LD_LIBRARY_PATH=/home/eceteam4/ECE480Team4/install/vesc_driver/lib:/home/eceteam4/ECE480Team4/install/vesc_ackermann/lib:/home/eceteam4/ECE480Team4/install/vesc_msgs/lib:${LD_LIBRARY_PATH} PYTHONPATH=/home/eceteam4/ECE480Team4/install/vesc_msgs/local/lib/python3.10/dist-packages:${PYTHONPATH} /usr/bin/cmake --build /home/eceteam4/ECE480Team4/build/vesc -- -j6 -l6
[1.416s] Invoking command in '/home/eceteam4/ECE480Team4/build/vesc': AMENT_PREFIX_PATH=/home/eceteam4/ECE480Team4/install/vesc_driver:/home/eceteam4/ECE480Team4/install/vesc_ackermann:/home/eceteam4/ECE480Team4/install/vesc_msgs:${AMENT_PREFIX_PATH} CMAKE_PREFIX_PATH=/home/eceteam4/ECE480Team4/install/vesc_driver:/home/eceteam4/ECE480Team4/install/vesc_ackermann:/home/eceteam4/ECE480Team4/install/vesc_msgs:/opt/ros/humble LD_LIBRARY_PATH=/home/eceteam4/ECE480Team4/install/vesc_driver/lib:/home/eceteam4/ECE480Team4/install/vesc_ackermann/lib:/home/eceteam4/ECE480Team4/install/vesc_msgs/lib:${LD_LIBRARY_PATH} PYTHONPATH=/home/eceteam4/ECE480Team4/install/vesc_msgs/local/lib/python3.10/dist-packages:${PYTHONPATH} /usr/bin/cmake --install /home/eceteam4/ECE480Team4/build/vesc
[1.432s] -- Install configuration: ""
[1.432s] -- Execute custom install script
[1.433s] -- Symlinking: /home/eceteam4/ECE480Team4/install/vesc/share/ament_index/resource_index/package_run_dependencies/vesc
[1.452s] -- Symlinking: /home/eceteam4/ECE480Team4/install/vesc/share/ament_index/resource_index/parent_prefix_path/vesc
[1.468s] -- Symlinking: /home/eceteam4/ECE480Team4/install/vesc/share/vesc/environment/ament_prefix_path.sh
[1.485s] -- Symlinking: /home/eceteam4/ECE480Team4/install/vesc/share/vesc/environment/ament_prefix_path.dsv
[1.505s] -- Symlinking: /home/eceteam4/ECE480Team4/install/vesc/share/vesc/environment/path.sh
[1.522s] -- Symlinking: /home/eceteam4/ECE480Team4/install/vesc/share/vesc/environment/path.dsv
[1.540s] -- Symlinking: /home/eceteam4/ECE480Team4/install/vesc/share/vesc/local_setup.bash
[1.558s] -- Symlinking: /home/eceteam4/ECE480Team4/install/vesc/share/vesc/local_setup.sh
[1.577s] -- Symlinking: /home/eceteam4/ECE480Team4/install/vesc/share/vesc/local_setup.zsh
[1.595s] -- Symlinking: /home/eceteam4/ECE480Team4/install/vesc/share/vesc/local_setup.dsv
[1.612s] -- Symlinking: /home/eceteam4/ECE480Team4/install/vesc/share/vesc/package.dsv
[1.631s] -- Symlinking: /home/eceteam4/ECE480Team4/install/vesc/share/ament_index/resource_index/packages/vesc
[1.649s] -- Symlinking: /home/eceteam4/ECE480Team4/install/vesc/share/vesc/cmake/vescConfig.cmake
[1.668s] -- Symlinking: /home/eceteam4/ECE480Team4/install/vesc/share/vesc/cmake/vescConfig-version.cmake
[1.686s] -- Symlinking: /home/eceteam4/ECE480Team4/install/vesc/share/vesc/package.xml
[1.709s] Invoked command in '/home/eceteam4/ECE480Team4/build/vesc' returned '0': AMENT_PREFIX_PATH=/home/eceteam4/ECE480Team4/install/vesc_driver:/home/eceteam4/ECE480Team4/install/vesc_ackermann:/home/eceteam4/ECE480Team4/install/vesc_msgs:${AMENT_PREFIX_PATH} CMAKE_PREFIX_PATH=/home/eceteam4/ECE480Team4/install/vesc_driver:/home/eceteam4/ECE480Team4/install/vesc_ackermann:/home/eceteam4/ECE480Team4/install/vesc_msgs:/opt/ros/humble LD_LIBRARY_PATH=/home/eceteam4/ECE480Team4/install/vesc_driver/lib:/home/eceteam4/ECE480Team4/install/vesc_ackermann/lib:/home/eceteam4/ECE480Team4/install/vesc_msgs/lib:${LD_LIBRARY_PATH} PYTHONPATH=/home/eceteam4/ECE480Team4/install/vesc_msgs/local/lib/python3.10/dist-packages:${PYTHONPATH} /usr/bin/cmake --install /home/eceteam4/ECE480Team4/build/vesc
