[0.064s] Invoking command in '/home/eceteam4/ECE480Team4/build/vesc_msgs': CMAKE_PREFIX_PATH=/opt/ros/humble /usr/bin/cmake /home/eceteam4/ECE480Team4/ros2_ws/src/vesc_msgs -DAMENT_CMAKE_SYMLINK_INSTALL=1 -DCMAKE_INSTALL_PREFIX=/home/eceteam4/ECE480Team4/install/vesc_msgs
[1.709s] -- The C compiler identification is GNU 11.4.0
[1.711s] -- The CXX compiler identification is GNU 11.4.0
[1.711s] -- Detecting C compiler ABI info
[1.712s] -- Detecting C compiler ABI info - done
[1.712s] -- Check for working C compiler: /usr/bin/cc - skipped
[1.712s] -- Detecting C compile features
[1.712s] -- Detecting C compile features - done
[1.712s] -- Detecting CXX compiler ABI info
[1.713s] -- Detecting CXX compiler ABI info - done
[1.713s] -- Check for working CXX compiler: /usr/bin/c++ - skipped
[1.714s] -- Detecting CXX compile features
[1.715s] -- Detecting CXX compile features - done
[1.716s] -- Found ament_cmake_auto: 1.3.13 (/opt/ros/humble/share/ament_cmake_auto/cmake)
[1.717s] -- Found Python3: /usr/bin/python3 (found version "3.10.12") found components: Interpreter 
[1.853s] -- Override CMake install command with custom implementation using symlinks instead of copying resources
[2.106s] -- Using all available rosidl_typesupport_c: rosidl_typesupport_fastrtps_c;rosidl_typesupport_introspection_c
[2.115s] -- Found rosidl_adapter: 3.1.8 (/opt/ros/humble/share/rosidl_adapter/cmake)
[2.214s] -- Using all available rosidl_typesupport_cpp: rosidl_typesupport_fastrtps_cpp;rosidl_typesupport_introspection_cpp
[2.989s] -- Found ament_cmake_ros: 0.10.0 (/opt/ros/humble/share/ament_cmake_ros/cmake)
[3.523s] -- Using all available rosidl_typesupport_c: rosidl_typesupport_fastrtps_c;rosidl_typesupport_introspection_c
[4.310s] -- Using all available rosidl_typesupport_cpp: rosidl_typesupport_fastrtps_cpp;rosidl_typesupport_introspection_cpp
[4.361s] -- Found PythonInterp: /usr/bin/python3 (found suitable version "3.10.12", minimum required is "3.6") 
[4.368s] -- Found python_cmake_module: 0.10.0 (/opt/ros/humble/share/python_cmake_module/cmake)
[4.434s] -- Found PythonLibs: /usr/lib/aarch64-linux-gnu/libpython3.10.so (found suitable version "3.10.12", minimum required is "3.5") 
[4.434s] -- Using PYTHON_EXECUTABLE: /usr/bin/python3
[4.434s] -- Using PYTHON_INCLUDE_DIRS: /usr/include/python3.10
[4.434s] -- Using PYTHON_LIBRARIES: /usr/lib/aarch64-linux-gnu/libpython3.10.so
[4.474s] -- Found PythonExtra: .so  
[4.641s] -- Found ament_lint_auto: 0.12.15 (/opt/ros/humble/share/ament_lint_auto/cmake)
[4.707s] -- Added test 'copyright' to check source files copyright and LICENSE
[4.713s] -- Added test 'lint_cmake' to check CMake code style
[4.717s] -- Added test 'xmllint' to check XML markup files
[4.724s] -- Configuring done
[4.808s] -- Generating done
[4.829s] -- Build files have been written to: /home/eceteam4/ECE480Team4/build/vesc_msgs
[6.416s] Invoked command in '/home/eceteam4/ECE480Team4/build/vesc_msgs' returned '0': CMAKE_PREFIX_PATH=/opt/ros/humble /usr/bin/cmake /home/eceteam4/ECE480Team4/ros2_ws/src/vesc_msgs -DAMENT_CMAKE_SYMLINK_INSTALL=1 -DCMAKE_INSTALL_PREFIX=/home/eceteam4/ECE480Team4/install/vesc_msgs
[6.418s] Invoking command in '/home/eceteam4/ECE480Team4/build/vesc_msgs': CMAKE_PREFIX_PATH=/opt/ros/humble /usr/bin/cmake --build /home/eceteam4/ECE480Team4/build/vesc_msgs -- -j6 -l6
[6.499s] [  1%] [34m[1mGenerating C code for ROS interfaces[0m
[6.556s] [  1%] Built target ament_cmake_python_symlink_vesc_msgs
[6.567s] [  3%] [34m[1mGenerating C++ code for ROS interfaces[0m
[7.129s] running egg_info
[7.131s] creating vesc_msgs.egg-info
[7.131s] writing vesc_msgs.egg-info/PKG-INFO
[7.131s] writing dependency_links to vesc_msgs.egg-info/dependency_links.txt
[7.132s] writing top-level names to vesc_msgs.egg-info/top_level.txt
[7.132s] writing manifest file 'vesc_msgs.egg-info/SOURCES.txt'
[7.137s] reading manifest file 'vesc_msgs.egg-info/SOURCES.txt'
[7.138s] writing manifest file 'vesc_msgs.egg-info/SOURCES.txt'
[7.234s] [  3%] Built target ament_cmake_python_build_vesc_msgs_egg
[8.126s] [  4%] [32mBuilding C object CMakeFiles/vesc_msgs__rosidl_generator_c.dir/rosidl_generator_c/vesc_msgs/msg/detail/vesc_cmd__functions.c.o[0m
[8.150s] [  6%] [32mBuilding C object CMakeFiles/vesc_msgs__rosidl_generator_c.dir/rosidl_generator_c/vesc_msgs/msg/detail/vesc_imu__functions.c.o[0m
[8.159s] [  7%] [32mBuilding C object CMakeFiles/vesc_msgs__rosidl_generator_c.dir/rosidl_generator_c/vesc_msgs/msg/detail/vesc_imu_stamped__functions.c.o[0m
[8.171s] [  9%] [32mBuilding C object CMakeFiles/vesc_msgs__rosidl_generator_c.dir/rosidl_generator_c/vesc_msgs/msg/detail/vesc_state__functions.c.o[0m
[8.174s] [ 11%] [32mBuilding C object CMakeFiles/vesc_msgs__rosidl_generator_c.dir/rosidl_generator_c/vesc_msgs/msg/detail/vesc_state_stamped__functions.c.o[0m
[8.373s] [ 12%] [32m[1mLinking C shared library libvesc_msgs__rosidl_generator_c.so[0m
[8.464s] [ 12%] Built target vesc_msgs__cpp
[8.483s] [ 14%] [34m[1mGenerating C++ type support for eProsima Fast-RTPS[0m
[8.489s] [ 15%] [34m[1mGenerating C++ type support dispatch for ROS interfaces[0m
[8.493s] [ 15%] Built target vesc_msgs__rosidl_generator_c
[8.496s] [ 17%] [34m[1mGenerating C++ introspection for ROS interfaces[0m
[8.531s] [ 19%] [34m[1mGenerating C introspection for ROS interfaces[0m
[8.533s] [ 20%] [34m[1mGenerating C type support for eProsima Fast-RTPS[0m
[8.543s] [ 22%] [34m[1mGenerating C type support dispatch for ROS interfaces[0m
[9.630s] [ 23%] [32mBuilding CXX object CMakeFiles/vesc_msgs__rosidl_typesupport_cpp.dir/rosidl_typesupport_cpp/vesc_msgs/msg/vesc_cmd__type_support.cpp.o[0m
[9.653s] [ 25%] [32mBuilding CXX object CMakeFiles/vesc_msgs__rosidl_typesupport_c.dir/rosidl_typesupport_c/vesc_msgs/msg/vesc_cmd__type_support.cpp.o[0m
[9.725s] [ 26%] [32mBuilding CXX object CMakeFiles/vesc_msgs__rosidl_typesupport_c.dir/rosidl_typesupport_c/vesc_msgs/msg/vesc_imu__type_support.cpp.o[0m
[9.827s] [ 28%] [32mBuilding CXX object CMakeFiles/vesc_msgs__rosidl_typesupport_c.dir/rosidl_typesupport_c/vesc_msgs/msg/vesc_imu_stamped__type_support.cpp.o[0m
[9.858s] [ 30%] [32mBuilding CXX object CMakeFiles/vesc_msgs__rosidl_typesupport_fastrtps_cpp.dir/rosidl_typesupport_fastrtps_cpp/vesc_msgs/msg/detail/dds_fastrtps/vesc_cmd__type_support.cpp.o[0m
[9.904s] [ 31%] [32mBuilding CXX object CMakeFiles/vesc_msgs__rosidl_typesupport_fastrtps_c.dir/rosidl_typesupport_fastrtps_c/vesc_msgs/msg/detail/vesc_cmd__type_support_c.cpp.o[0m
[9.912s] [ 33%] [32mBuilding CXX object CMakeFiles/vesc_msgs__rosidl_typesupport_c.dir/rosidl_typesupport_c/vesc_msgs/msg/vesc_state__type_support.cpp.o[0m
[9.953s] [ 34%] [32mBuilding C object CMakeFiles/vesc_msgs__rosidl_typesupport_introspection_c.dir/rosidl_typesupport_introspection_c/vesc_msgs/msg/detail/vesc_cmd__type_support.c.o[0m
[9.973s] [ 36%] [32mBuilding CXX object CMakeFiles/vesc_msgs__rosidl_typesupport_c.dir/rosidl_typesupport_c/vesc_msgs/msg/vesc_state_stamped__type_support.cpp.o[0m
[9.991s] [ 38%] [32mBuilding CXX object CMakeFiles/vesc_msgs__rosidl_typesupport_introspection_cpp.dir/rosidl_typesupport_introspection_cpp/vesc_msgs/msg/detail/vesc_cmd__type_support.cpp.o[0m
[10.031s] [ 39%] [32mBuilding C object CMakeFiles/vesc_msgs__rosidl_typesupport_introspection_c.dir/rosidl_typesupport_introspection_c/vesc_msgs/msg/detail/vesc_imu__type_support.c.o[0m
[10.047s] [ 41%] [32m[1mLinking CXX shared library libvesc_msgs__rosidl_typesupport_c.so[0m
[10.123s] [ 41%] Built target vesc_msgs__rosidl_typesupport_c
[10.143s] [ 42%] [32mBuilding C object CMakeFiles/vesc_msgs__rosidl_typesupport_introspection_c.dir/rosidl_typesupport_introspection_c/vesc_msgs/msg/detail/vesc_imu_stamped__type_support.c.o[0m
[10.160s] [ 44%] [32mBuilding C object CMakeFiles/vesc_msgs__rosidl_typesupport_introspection_c.dir/rosidl_typesupport_introspection_c/vesc_msgs/msg/detail/vesc_state__type_support.c.o[0m
[10.232s] [ 46%] [32mBuilding C object CMakeFiles/vesc_msgs__rosidl_typesupport_introspection_c.dir/rosidl_typesupport_introspection_c/vesc_msgs/msg/detail/vesc_state_stamped__type_support.c.o[0m
[10.274s] [ 47%] [32mBuilding CXX object CMakeFiles/vesc_msgs__rosidl_typesupport_fastrtps_c.dir/rosidl_typesupport_fastrtps_c/vesc_msgs/msg/detail/vesc_imu__type_support_c.cpp.o[0m
[10.336s] [ 49%] [32m[1mLinking C shared library libvesc_msgs__rosidl_typesupport_introspection_c.so[0m
[10.387s] [ 50%] [32mBuilding CXX object CMakeFiles/vesc_msgs__rosidl_typesupport_cpp.dir/rosidl_typesupport_cpp/vesc_msgs/msg/vesc_imu__type_support.cpp.o[0m
[10.405s] [ 50%] Built target vesc_msgs__rosidl_typesupport_introspection_c
[10.421s] [ 52%] [32mBuilding CXX object CMakeFiles/vesc_msgs__rosidl_typesupport_cpp.dir/rosidl_typesupport_cpp/vesc_msgs/msg/vesc_imu_stamped__type_support.cpp.o[0m
[10.597s] [ 53%] [32mBuilding CXX object CMakeFiles/vesc_msgs__rosidl_typesupport_fastrtps_c.dir/rosidl_typesupport_fastrtps_c/vesc_msgs/msg/detail/vesc_imu_stamped__type_support_c.cpp.o[0m
[10.821s] [ 55%] [32mBuilding CXX object CMakeFiles/vesc_msgs__rosidl_typesupport_fastrtps_cpp.dir/rosidl_typesupport_fastrtps_cpp/vesc_msgs/msg/detail/dds_fastrtps/vesc_imu__type_support.cpp.o[0m
[10.959s] [ 57%] [32mBuilding CXX object CMakeFiles/vesc_msgs__rosidl_typesupport_introspection_cpp.dir/rosidl_typesupport_introspection_cpp/vesc_msgs/msg/detail/vesc_imu__type_support.cpp.o[0m
[10.986s] [ 58%] [32mBuilding CXX object CMakeFiles/vesc_msgs__rosidl_typesupport_cpp.dir/rosidl_typesupport_cpp/vesc_msgs/msg/vesc_state__type_support.cpp.o[0m
[11.038s] [ 60%] [32mBuilding CXX object CMakeFiles/vesc_msgs__rosidl_typesupport_cpp.dir/rosidl_typesupport_cpp/vesc_msgs/msg/vesc_state_stamped__type_support.cpp.o[0m
[11.168s] [ 61%] [32mBuilding CXX object CMakeFiles/vesc_msgs__rosidl_typesupport_fastrtps_c.dir/rosidl_typesupport_fastrtps_c/vesc_msgs/msg/detail/vesc_state__type_support_c.cpp.o[0m
[11.350s] [ 63%] [32mBuilding CXX object CMakeFiles/vesc_msgs__rosidl_typesupport_fastrtps_c.dir/rosidl_typesupport_fastrtps_c/vesc_msgs/msg/detail/vesc_state_stamped__type_support_c.cpp.o[0m
[11.705s] [ 65%] [32mBuilding CXX object CMakeFiles/vesc_msgs__rosidl_typesupport_introspection_cpp.dir/rosidl_typesupport_introspection_cpp/vesc_msgs/msg/detail/vesc_imu_stamped__type_support.cpp.o[0m
[11.718s] [ 66%] [32m[1mLinking CXX shared library libvesc_msgs__rosidl_typesupport_cpp.so[0m
[11.722s] [ 68%] [32mBuilding CXX object CMakeFiles/vesc_msgs__rosidl_typesupport_fastrtps_cpp.dir/rosidl_typesupport_fastrtps_cpp/vesc_msgs/msg/detail/dds_fastrtps/vesc_imu_stamped__type_support.cpp.o[0m
[11.815s] [ 69%] [32mBuilding CXX object CMakeFiles/vesc_msgs__rosidl_typesupport_introspection_cpp.dir/rosidl_typesupport_introspection_cpp/vesc_msgs/msg/detail/vesc_state__type_support.cpp.o[0m
[11.831s] [ 69%] Built target vesc_msgs__rosidl_typesupport_cpp
[11.882s] [ 71%] [32mBuilding CXX object CMakeFiles/vesc_msgs__rosidl_typesupport_fastrtps_cpp.dir/rosidl_typesupport_fastrtps_cpp/vesc_msgs/msg/detail/dds_fastrtps/vesc_state__type_support.cpp.o[0m
[12.116s] [ 73%] [32mBuilding CXX object CMakeFiles/vesc_msgs__rosidl_typesupport_fastrtps_cpp.dir/rosidl_typesupport_fastrtps_cpp/vesc_msgs/msg/detail/dds_fastrtps/vesc_state_stamped__type_support.cpp.o[0m
[12.203s] [ 74%] [32m[1mLinking CXX shared library libvesc_msgs__rosidl_typesupport_fastrtps_c.so[0m
[12.513s] [ 74%] Built target vesc_msgs__rosidl_typesupport_fastrtps_c
[12.537s] [ 76%] [32mBuilding CXX object CMakeFiles/vesc_msgs__rosidl_typesupport_introspection_cpp.dir/rosidl_typesupport_introspection_cpp/vesc_msgs/msg/detail/vesc_state_stamped__type_support.cpp.o[0m
[12.938s] [ 77%] [32m[1mLinking CXX shared library libvesc_msgs__rosidl_typesupport_fastrtps_cpp.so[0m
[13.082s] [ 77%] Built target vesc_msgs__rosidl_typesupport_fastrtps_cpp
[13.283s] [ 79%] [32m[1mLinking CXX shared library libvesc_msgs__rosidl_typesupport_introspection_cpp.so[0m
[13.408s] [ 79%] Built target vesc_msgs__rosidl_typesupport_introspection_cpp
[13.445s] [ 79%] Built target vesc_msgs
[13.477s] [ 80%] [34m[1mGenerating Python code for ROS interfaces[0m
[15.424s] [ 80%] Built target vesc_msgs__py
[15.457s] [ 85%] [32mBuilding C object CMakeFiles/vesc_msgs__rosidl_generator_py.dir/rosidl_generator_py/vesc_msgs/msg/_vesc_cmd_s.c.o[0m
[15.458s] [ 85%] [32mBuilding C object CMakeFiles/vesc_msgs__rosidl_generator_py.dir/rosidl_generator_py/vesc_msgs/msg/_vesc_state_s.c.o[0m
[15.458s] [ 85%] [32mBuilding C object CMakeFiles/vesc_msgs__rosidl_generator_py.dir/rosidl_generator_py/vesc_msgs/msg/_vesc_imu_stamped_s.c.o[0m
[15.458s] [ 88%] [32mBuilding C object CMakeFiles/vesc_msgs__rosidl_generator_py.dir/rosidl_generator_py/vesc_msgs/msg/_vesc_state_stamped_s.c.o[0m
[15.458s] [ 88%] [32mBuilding C object CMakeFiles/vesc_msgs__rosidl_generator_py.dir/rosidl_generator_py/vesc_msgs/msg/_vesc_imu_s.c.o[0m
[15.779s] [ 90%] [32m[1mLinking C shared library rosidl_generator_py/vesc_msgs/libvesc_msgs__rosidl_generator_py.so[0m
[15.865s] [ 90%] Built target vesc_msgs__rosidl_generator_py
[15.900s] [ 93%] [32mBuilding C object CMakeFiles/vesc_msgs__rosidl_typesupport_fastrtps_c__pyext.dir/rosidl_generator_py/vesc_msgs/_vesc_msgs_s.ep.rosidl_typesupport_fastrtps_c.c.o[0m
[15.900s] [ 93%] [32mBuilding C object CMakeFiles/vesc_msgs__rosidl_typesupport_c__pyext.dir/rosidl_generator_py/vesc_msgs/_vesc_msgs_s.ep.rosidl_typesupport_c.c.o[0m
[15.900s] [ 95%] [32mBuilding C object CMakeFiles/vesc_msgs__rosidl_typesupport_introspection_c__pyext.dir/rosidl_generator_py/vesc_msgs/_vesc_msgs_s.ep.rosidl_typesupport_introspection_c.c.o[0m
[16.104s] [100%] [32m[1mLinking C shared library rosidl_generator_py/vesc_msgs/vesc_msgs_s__rosidl_typesupport_fastrtps_c.cpython-310-aarch64-linux-gnu.so[0m
[16.105s] [100%] [32m[1mLinking C shared library rosidl_generator_py/vesc_msgs/vesc_msgs_s__rosidl_typesupport_introspection_c.cpython-310-aarch64-linux-gnu.so[0m
[16.105s] [100%] [32m[1mLinking C shared library rosidl_generator_py/vesc_msgs/vesc_msgs_s__rosidl_typesupport_c.cpython-310-aarch64-linux-gnu.so[0m
[16.178s] [100%] Built target vesc_msgs__rosidl_typesupport_c__pyext
[16.178s] [100%] Built target vesc_msgs__rosidl_typesupport_introspection_c__pyext
[16.179s] [100%] Built target vesc_msgs__rosidl_typesupport_fastrtps_c__pyext
[16.204s] Invoked command in '/home/eceteam4/ECE480Team4/build/vesc_msgs' returned '0': CMAKE_PREFIX_PATH=/opt/ros/humble /usr/bin/cmake --build /home/eceteam4/ECE480Team4/build/vesc_msgs -- -j6 -l6
[16.207s] Invoking command in '/home/eceteam4/ECE480Team4/build/vesc_msgs': CMAKE_PREFIX_PATH=/opt/ros/humble /usr/bin/cmake --install /home/eceteam4/ECE480Team4/build/vesc_msgs
[16.223s] -- Install configuration: ""
[16.224s] -- Execute custom install script
[16.224s] -- Symlinking: /home/eceteam4/ECE480Team4/install/vesc_msgs/share/ament_index/resource_index/rosidl_interfaces/vesc_msgs
[16.243s] -- Symlinking: /home/eceteam4/ECE480Team4/install/vesc_msgs/include/vesc_msgs/vesc_msgs/msg/detail/vesc_cmd__functions.h
[16.261s] -- Symlinking: /home/eceteam4/ECE480Team4/install/vesc_msgs/include/vesc_msgs/vesc_msgs/msg/detail/vesc_cmd__struct.h
[16.280s] -- Symlinking: /home/eceteam4/ECE480Team4/install/vesc_msgs/include/vesc_msgs/vesc_msgs/msg/detail/vesc_cmd__type_support.h
[16.298s] -- Symlinking: /home/eceteam4/ECE480Team4/install/vesc_msgs/include/vesc_msgs/vesc_msgs/msg/detail/vesc_imu__functions.h
[16.317s] -- Symlinking: /home/eceteam4/ECE480Team4/install/vesc_msgs/include/vesc_msgs/vesc_msgs/msg/detail/vesc_imu__struct.h
[16.336s] -- Symlinking: /home/eceteam4/ECE480Team4/install/vesc_msgs/include/vesc_msgs/vesc_msgs/msg/detail/vesc_imu__type_support.h
[16.355s] -- Symlinking: /home/eceteam4/ECE480Team4/install/vesc_msgs/include/vesc_msgs/vesc_msgs/msg/detail/vesc_imu_stamped__functions.h
[16.374s] -- Symlinking: /home/eceteam4/ECE480Team4/install/vesc_msgs/include/vesc_msgs/vesc_msgs/msg/detail/vesc_imu_stamped__struct.h
[16.393s] -- Symlinking: /home/eceteam4/ECE480Team4/install/vesc_msgs/include/vesc_msgs/vesc_msgs/msg/detail/vesc_imu_stamped__type_support.h
[16.412s] -- Symlinking: /home/eceteam4/ECE480Team4/install/vesc_msgs/include/vesc_msgs/vesc_msgs/msg/detail/vesc_state__functions.h
[16.430s] -- Symlinking: /home/eceteam4/ECE480Team4/install/vesc_msgs/include/vesc_msgs/vesc_msgs/msg/detail/vesc_state__struct.h
[16.448s] -- Symlinking: /home/eceteam4/ECE480Team4/install/vesc_msgs/include/vesc_msgs/vesc_msgs/msg/detail/vesc_state__type_support.h
[16.466s] -- Symlinking: /home/eceteam4/ECE480Team4/install/vesc_msgs/include/vesc_msgs/vesc_msgs/msg/detail/vesc_state_stamped__functions.h
[16.484s] -- Symlinking: /home/eceteam4/ECE480Team4/install/vesc_msgs/include/vesc_msgs/vesc_msgs/msg/detail/vesc_state_stamped__struct.h
[16.503s] -- Symlinking: /home/eceteam4/ECE480Team4/install/vesc_msgs/include/vesc_msgs/vesc_msgs/msg/detail/vesc_state_stamped__type_support.h
[16.523s] -- Symlinking: /home/eceteam4/ECE480Team4/install/vesc_msgs/include/vesc_msgs/vesc_msgs/msg/rosidl_generator_c__visibility_control.h
[16.540s] -- Symlinking: /home/eceteam4/ECE480Team4/install/vesc_msgs/include/vesc_msgs/vesc_msgs/msg/vesc_cmd.h
[16.559s] -- Symlinking: /home/eceteam4/ECE480Team4/install/vesc_msgs/include/vesc_msgs/vesc_msgs/msg/vesc_imu.h
[16.577s] -- Symlinking: /home/eceteam4/ECE480Team4/install/vesc_msgs/include/vesc_msgs/vesc_msgs/msg/vesc_imu_stamped.h
[16.595s] -- Symlinking: /home/eceteam4/ECE480Team4/install/vesc_msgs/include/vesc_msgs/vesc_msgs/msg/vesc_state.h
[16.612s] -- Symlinking: /home/eceteam4/ECE480Team4/install/vesc_msgs/include/vesc_msgs/vesc_msgs/msg/vesc_state_stamped.h
[16.631s] -- Symlinking: /home/eceteam4/ECE480Team4/install/vesc_msgs/share/vesc_msgs/environment/library_path.sh
[16.649s] -- Symlinking: /home/eceteam4/ECE480Team4/install/vesc_msgs/share/vesc_msgs/environment/library_path.dsv
[16.669s] -- Symlinking: /home/eceteam4/ECE480Team4/install/vesc_msgs/include/vesc_msgs/vesc_msgs/msg/detail/vesc_cmd__rosidl_typesupport_fastrtps_c.h
[16.688s] -- Symlinking: /home/eceteam4/ECE480Team4/install/vesc_msgs/include/vesc_msgs/vesc_msgs/msg/detail/vesc_imu__rosidl_typesupport_fastrtps_c.h
[16.708s] -- Symlinking: /home/eceteam4/ECE480Team4/install/vesc_msgs/include/vesc_msgs/vesc_msgs/msg/detail/vesc_imu_stamped__rosidl_typesupport_fastrtps_c.h
[16.726s] -- Symlinking: /home/eceteam4/ECE480Team4/install/vesc_msgs/include/vesc_msgs/vesc_msgs/msg/detail/vesc_state__rosidl_typesupport_fastrtps_c.h
[16.745s] -- Symlinking: /home/eceteam4/ECE480Team4/install/vesc_msgs/include/vesc_msgs/vesc_msgs/msg/detail/vesc_state_stamped__rosidl_typesupport_fastrtps_c.h
[16.762s] -- Symlinking: /home/eceteam4/ECE480Team4/install/vesc_msgs/include/vesc_msgs/vesc_msgs/msg/rosidl_typesupport_fastrtps_c__visibility_control.h
[16.780s] -- Symlinking: /home/eceteam4/ECE480Team4/install/vesc_msgs/include/vesc_msgs/vesc_msgs/msg/detail/vesc_cmd__rosidl_typesupport_introspection_c.h
[16.799s] -- Symlinking: /home/eceteam4/ECE480Team4/install/vesc_msgs/include/vesc_msgs/vesc_msgs/msg/detail/vesc_imu__rosidl_typesupport_introspection_c.h
[16.816s] -- Symlinking: /home/eceteam4/ECE480Team4/install/vesc_msgs/include/vesc_msgs/vesc_msgs/msg/detail/vesc_imu_stamped__rosidl_typesupport_introspection_c.h
[16.834s] -- Symlinking: /home/eceteam4/ECE480Team4/install/vesc_msgs/include/vesc_msgs/vesc_msgs/msg/detail/vesc_state__rosidl_typesupport_introspection_c.h
[16.851s] -- Symlinking: /home/eceteam4/ECE480Team4/install/vesc_msgs/include/vesc_msgs/vesc_msgs/msg/detail/vesc_state_stamped__rosidl_typesupport_introspection_c.h
[16.870s] -- Symlinking: /home/eceteam4/ECE480Team4/install/vesc_msgs/include/vesc_msgs/vesc_msgs/msg/rosidl_typesupport_introspection_c__visibility_control.h
[16.889s] -- Symlinking: /home/eceteam4/ECE480Team4/install/vesc_msgs/include/vesc_msgs/vesc_msgs/msg/detail/vesc_cmd__builder.hpp
[16.908s] -- Symlinking: /home/eceteam4/ECE480Team4/install/vesc_msgs/include/vesc_msgs/vesc_msgs/msg/detail/vesc_cmd__struct.hpp
[16.924s] -- Symlinking: /home/eceteam4/ECE480Team4/install/vesc_msgs/include/vesc_msgs/vesc_msgs/msg/detail/vesc_cmd__traits.hpp
[16.940s] -- Symlinking: /home/eceteam4/ECE480Team4/install/vesc_msgs/include/vesc_msgs/vesc_msgs/msg/detail/vesc_cmd__type_support.hpp
[16.957s] -- Symlinking: /home/eceteam4/ECE480Team4/install/vesc_msgs/include/vesc_msgs/vesc_msgs/msg/detail/vesc_imu__builder.hpp
[16.974s] -- Symlinking: /home/eceteam4/ECE480Team4/install/vesc_msgs/include/vesc_msgs/vesc_msgs/msg/detail/vesc_imu__struct.hpp
[16.990s] -- Symlinking: /home/eceteam4/ECE480Team4/install/vesc_msgs/include/vesc_msgs/vesc_msgs/msg/detail/vesc_imu__traits.hpp
[17.007s] -- Symlinking: /home/eceteam4/ECE480Team4/install/vesc_msgs/include/vesc_msgs/vesc_msgs/msg/detail/vesc_imu__type_support.hpp
[17.037s] -- Symlinking: /home/eceteam4/ECE480Team4/install/vesc_msgs/include/vesc_msgs/vesc_msgs/msg/detail/vesc_imu_stamped__builder.hpp
[17.055s] -- Symlinking: /home/eceteam4/ECE480Team4/install/vesc_msgs/include/vesc_msgs/vesc_msgs/msg/detail/vesc_imu_stamped__struct.hpp
[17.072s] -- Symlinking: /home/eceteam4/ECE480Team4/install/vesc_msgs/include/vesc_msgs/vesc_msgs/msg/detail/vesc_imu_stamped__traits.hpp
[17.089s] -- Symlinking: /home/eceteam4/ECE480Team4/install/vesc_msgs/include/vesc_msgs/vesc_msgs/msg/detail/vesc_imu_stamped__type_support.hpp
[17.106s] -- Symlinking: /home/eceteam4/ECE480Team4/install/vesc_msgs/include/vesc_msgs/vesc_msgs/msg/detail/vesc_state__builder.hpp
[17.122s] -- Symlinking: /home/eceteam4/ECE480Team4/install/vesc_msgs/include/vesc_msgs/vesc_msgs/msg/detail/vesc_state__struct.hpp
[17.138s] -- Symlinking: /home/eceteam4/ECE480Team4/install/vesc_msgs/include/vesc_msgs/vesc_msgs/msg/detail/vesc_state__traits.hpp
[17.155s] -- Symlinking: /home/eceteam4/ECE480Team4/install/vesc_msgs/include/vesc_msgs/vesc_msgs/msg/detail/vesc_state__type_support.hpp
[17.171s] -- Symlinking: /home/eceteam4/ECE480Team4/install/vesc_msgs/include/vesc_msgs/vesc_msgs/msg/detail/vesc_state_stamped__builder.hpp
[17.187s] -- Symlinking: /home/eceteam4/ECE480Team4/install/vesc_msgs/include/vesc_msgs/vesc_msgs/msg/detail/vesc_state_stamped__struct.hpp
[17.206s] -- Symlinking: /home/eceteam4/ECE480Team4/install/vesc_msgs/include/vesc_msgs/vesc_msgs/msg/detail/vesc_state_stamped__traits.hpp
[17.223s] -- Symlinking: /home/eceteam4/ECE480Team4/install/vesc_msgs/include/vesc_msgs/vesc_msgs/msg/detail/vesc_state_stamped__type_support.hpp
[17.240s] -- Symlinking: /home/eceteam4/ECE480Team4/install/vesc_msgs/include/vesc_msgs/vesc_msgs/msg/rosidl_generator_cpp__visibility_control.hpp
[17.257s] -- Symlinking: /home/eceteam4/ECE480Team4/install/vesc_msgs/include/vesc_msgs/vesc_msgs/msg/vesc_cmd.hpp
[17.274s] -- Symlinking: /home/eceteam4/ECE480Team4/install/vesc_msgs/include/vesc_msgs/vesc_msgs/msg/vesc_imu.hpp
[17.291s] -- Symlinking: /home/eceteam4/ECE480Team4/install/vesc_msgs/include/vesc_msgs/vesc_msgs/msg/vesc_imu_stamped.hpp
[17.308s] -- Symlinking: /home/eceteam4/ECE480Team4/install/vesc_msgs/include/vesc_msgs/vesc_msgs/msg/vesc_state.hpp
[17.324s] -- Symlinking: /home/eceteam4/ECE480Team4/install/vesc_msgs/include/vesc_msgs/vesc_msgs/msg/vesc_state_stamped.hpp
[17.341s] -- Symlinking: /home/eceteam4/ECE480Team4/install/vesc_msgs/include/vesc_msgs/vesc_msgs/msg/detail/vesc_cmd__rosidl_typesupport_fastrtps_cpp.hpp
[17.357s] -- Symlinking: /home/eceteam4/ECE480Team4/install/vesc_msgs/include/vesc_msgs/vesc_msgs/msg/detail/vesc_imu__rosidl_typesupport_fastrtps_cpp.hpp
[17.374s] -- Symlinking: /home/eceteam4/ECE480Team4/install/vesc_msgs/include/vesc_msgs/vesc_msgs/msg/detail/vesc_imu_stamped__rosidl_typesupport_fastrtps_cpp.hpp
[17.392s] -- Symlinking: /home/eceteam4/ECE480Team4/install/vesc_msgs/include/vesc_msgs/vesc_msgs/msg/detail/vesc_state__rosidl_typesupport_fastrtps_cpp.hpp
[17.410s] -- Symlinking: /home/eceteam4/ECE480Team4/install/vesc_msgs/include/vesc_msgs/vesc_msgs/msg/detail/vesc_state_stamped__rosidl_typesupport_fastrtps_cpp.hpp
[17.428s] -- Symlinking: /home/eceteam4/ECE480Team4/install/vesc_msgs/include/vesc_msgs/vesc_msgs/msg/rosidl_typesupport_fastrtps_cpp__visibility_control.h
[17.445s] -- Symlinking: /home/eceteam4/ECE480Team4/install/vesc_msgs/include/vesc_msgs/vesc_msgs/msg/detail/vesc_cmd__rosidl_typesupport_introspection_cpp.hpp
[17.464s] -- Symlinking: /home/eceteam4/ECE480Team4/install/vesc_msgs/include/vesc_msgs/vesc_msgs/msg/detail/vesc_imu__rosidl_typesupport_introspection_cpp.hpp
[17.482s] -- Symlinking: /home/eceteam4/ECE480Team4/install/vesc_msgs/include/vesc_msgs/vesc_msgs/msg/detail/vesc_imu_stamped__rosidl_typesupport_introspection_cpp.hpp
[17.499s] -- Symlinking: /home/eceteam4/ECE480Team4/install/vesc_msgs/include/vesc_msgs/vesc_msgs/msg/detail/vesc_state__rosidl_typesupport_introspection_cpp.hpp
[17.515s] -- Symlinking: /home/eceteam4/ECE480Team4/install/vesc_msgs/include/vesc_msgs/vesc_msgs/msg/detail/vesc_state_stamped__rosidl_typesupport_introspection_cpp.hpp
[17.530s] -- Symlinking: /home/eceteam4/ECE480Team4/install/vesc_msgs/share/vesc_msgs/environment/pythonpath.sh
[17.547s] -- Symlinking: /home/eceteam4/ECE480Team4/install/vesc_msgs/share/vesc_msgs/environment/pythonpath.dsv
[17.564s] -- Symlinking: /home/eceteam4/ECE480Team4/install/vesc_msgs/local/lib/python3.10/dist-packages/vesc_msgs-1.1.0-py3.10.egg-info/PKG-INFO
[17.583s] -- Symlinking: /home/eceteam4/ECE480Team4/install/vesc_msgs/local/lib/python3.10/dist-packages/vesc_msgs-1.1.0-py3.10.egg-info/SOURCES.txt
[17.599s] -- Symlinking: /home/eceteam4/ECE480Team4/install/vesc_msgs/local/lib/python3.10/dist-packages/vesc_msgs-1.1.0-py3.10.egg-info/dependency_links.txt
[17.618s] -- Symlinking: /home/eceteam4/ECE480Team4/install/vesc_msgs/local/lib/python3.10/dist-packages/vesc_msgs-1.1.0-py3.10.egg-info/top_level.txt
[17.636s] -- Symlinking: /home/eceteam4/ECE480Team4/install/vesc_msgs/local/lib/python3.10/dist-packages/vesc_msgs/__init__.py
[17.655s] -- Symlinking: /home/eceteam4/ECE480Team4/install/vesc_msgs/local/lib/python3.10/dist-packages/vesc_msgs/_vesc_msgs_s.ep.rosidl_typesupport_c.c
[17.672s] -- Symlinking: /home/eceteam4/ECE480Team4/install/vesc_msgs/local/lib/python3.10/dist-packages/vesc_msgs/_vesc_msgs_s.ep.rosidl_typesupport_fastrtps_c.c
[17.689s] -- Symlinking: /home/eceteam4/ECE480Team4/install/vesc_msgs/local/lib/python3.10/dist-packages/vesc_msgs/_vesc_msgs_s.ep.rosidl_typesupport_introspection_c.c
[17.706s] -- Symlinking: /home/eceteam4/ECE480Team4/install/vesc_msgs/local/lib/python3.10/dist-packages/vesc_msgs/libvesc_msgs__rosidl_generator_py.so
[17.723s] -- Symlinking: /home/eceteam4/ECE480Team4/install/vesc_msgs/local/lib/python3.10/dist-packages/vesc_msgs/msg/__init__.py
[17.740s] -- Symlinking: /home/eceteam4/ECE480Team4/install/vesc_msgs/local/lib/python3.10/dist-packages/vesc_msgs/msg/_vesc_cmd.py
[17.759s] -- Symlinking: /home/eceteam4/ECE480Team4/install/vesc_msgs/local/lib/python3.10/dist-packages/vesc_msgs/msg/_vesc_cmd_s.c
[17.778s] -- Symlinking: /home/eceteam4/ECE480Team4/install/vesc_msgs/local/lib/python3.10/dist-packages/vesc_msgs/msg/_vesc_imu.py
[17.796s] -- Symlinking: /home/eceteam4/ECE480Team4/install/vesc_msgs/local/lib/python3.10/dist-packages/vesc_msgs/msg/_vesc_imu_s.c
[17.815s] -- Symlinking: /home/eceteam4/ECE480Team4/install/vesc_msgs/local/lib/python3.10/dist-packages/vesc_msgs/msg/_vesc_imu_stamped.py
[17.831s] -- Symlinking: /home/eceteam4/ECE480Team4/install/vesc_msgs/local/lib/python3.10/dist-packages/vesc_msgs/msg/_vesc_imu_stamped_s.c
[17.850s] -- Symlinking: /home/eceteam4/ECE480Team4/install/vesc_msgs/local/lib/python3.10/dist-packages/vesc_msgs/msg/_vesc_state.py
[17.868s] -- Symlinking: /home/eceteam4/ECE480Team4/install/vesc_msgs/local/lib/python3.10/dist-packages/vesc_msgs/msg/_vesc_state_s.c
[17.887s] -- Symlinking: /home/eceteam4/ECE480Team4/install/vesc_msgs/local/lib/python3.10/dist-packages/vesc_msgs/msg/_vesc_state_stamped.py
[17.904s] -- Symlinking: /home/eceteam4/ECE480Team4/install/vesc_msgs/local/lib/python3.10/dist-packages/vesc_msgs/msg/_vesc_state_stamped_s.c
[17.922s] -- Symlinking: /home/eceteam4/ECE480Team4/install/vesc_msgs/local/lib/python3.10/dist-packages/vesc_msgs/vesc_msgs_s__rosidl_typesupport_c.cpython-310-aarch64-linux-gnu.so
[17.940s] -- Symlinking: /home/eceteam4/ECE480Team4/install/vesc_msgs/local/lib/python3.10/dist-packages/vesc_msgs/vesc_msgs_s__rosidl_typesupport_fastrtps_c.cpython-310-aarch64-linux-gnu.so
[17.957s] -- Symlinking: /home/eceteam4/ECE480Team4/install/vesc_msgs/local/lib/python3.10/dist-packages/vesc_msgs/vesc_msgs_s__rosidl_typesupport_introspection_c.cpython-310-aarch64-linux-gnu.so
[17.976s] -- Up-to-date symlink: /home/eceteam4/ECE480Team4/install/vesc_msgs/local/lib/python3.10/dist-packages/vesc_msgs/vesc_msgs_s__rosidl_typesupport_fastrtps_c.cpython-310-aarch64-linux-gnu.so
[17.976s] -- Up-to-date symlink: /home/eceteam4/ECE480Team4/install/vesc_msgs/local/lib/python3.10/dist-packages/vesc_msgs/vesc_msgs_s__rosidl_typesupport_introspection_c.cpython-310-aarch64-linux-gnu.so
[17.977s] -- Up-to-date symlink: /home/eceteam4/ECE480Team4/install/vesc_msgs/local/lib/python3.10/dist-packages/vesc_msgs/vesc_msgs_s__rosidl_typesupport_c.cpython-310-aarch64-linux-gnu.so
[17.978s] -- Symlinking: /home/eceteam4/ECE480Team4/install/vesc_msgs/share/vesc_msgs/msg/VescCmd.idl
[17.996s] -- Symlinking: /home/eceteam4/ECE480Team4/install/vesc_msgs/share/vesc_msgs/msg/VescImu.idl
[18.016s] -- Symlinking: /home/eceteam4/ECE480Team4/install/vesc_msgs/share/vesc_msgs/msg/VescImuStamped.idl
[18.034s] -- Symlinking: /home/eceteam4/ECE480Team4/install/vesc_msgs/share/vesc_msgs/msg/VescState.idl
[18.052s] -- Symlinking: /home/eceteam4/ECE480Team4/install/vesc_msgs/share/vesc_msgs/msg/VescStateStamped.idl
[18.071s] -- Symlinking: /home/eceteam4/ECE480Team4/install/vesc_msgs/share/vesc_msgs/msg/VescCmd.msg
[18.089s] -- Symlinking: /home/eceteam4/ECE480Team4/install/vesc_msgs/share/vesc_msgs/msg/VescImu.msg
[18.108s] -- Symlinking: /home/eceteam4/ECE480Team4/install/vesc_msgs/share/vesc_msgs/msg/VescImuStamped.msg
[18.124s] -- Symlinking: /home/eceteam4/ECE480Team4/install/vesc_msgs/share/vesc_msgs/msg/VescState.msg
[18.145s] -- Symlinking: /home/eceteam4/ECE480Team4/install/vesc_msgs/share/vesc_msgs/msg/VescStateStamped.msg
[18.163s] -- Symlinking: /home/eceteam4/ECE480Team4/install/vesc_msgs/share/ament_index/resource_index/package_run_dependencies/vesc_msgs
[18.186s] -- Symlinking: /home/eceteam4/ECE480Team4/install/vesc_msgs/share/ament_index/resource_index/parent_prefix_path/vesc_msgs
[18.204s] -- Symlinking: /home/eceteam4/ECE480Team4/install/vesc_msgs/share/vesc_msgs/environment/ament_prefix_path.sh
[18.222s] -- Symlinking: /home/eceteam4/ECE480Team4/install/vesc_msgs/share/vesc_msgs/environment/ament_prefix_path.dsv
[18.239s] -- Symlinking: /home/eceteam4/ECE480Team4/install/vesc_msgs/share/vesc_msgs/environment/path.sh
[18.257s] -- Symlinking: /home/eceteam4/ECE480Team4/install/vesc_msgs/share/vesc_msgs/environment/path.dsv
[18.274s] -- Symlinking: /home/eceteam4/ECE480Team4/install/vesc_msgs/share/vesc_msgs/local_setup.bash
[18.292s] -- Symlinking: /home/eceteam4/ECE480Team4/install/vesc_msgs/share/vesc_msgs/local_setup.sh
[18.311s] -- Symlinking: /home/eceteam4/ECE480Team4/install/vesc_msgs/share/vesc_msgs/local_setup.zsh
[18.327s] -- Symlinking: /home/eceteam4/ECE480Team4/install/vesc_msgs/share/vesc_msgs/local_setup.dsv
[18.344s] -- Symlinking: /home/eceteam4/ECE480Team4/install/vesc_msgs/share/vesc_msgs/package.dsv
[18.362s] -- Symlinking: /home/eceteam4/ECE480Team4/install/vesc_msgs/share/ament_index/resource_index/packages/vesc_msgs
[18.381s] -- Symlinking: /home/eceteam4/ECE480Team4/install/vesc_msgs/share/vesc_msgs/cmake/rosidl_cmake-extras.cmake
[18.399s] -- Symlinking: /home/eceteam4/ECE480Team4/install/vesc_msgs/share/vesc_msgs/cmake/ament_cmake_export_dependencies-extras.cmake
[18.418s] -- Symlinking: /home/eceteam4/ECE480Team4/install/vesc_msgs/share/vesc_msgs/cmake/ament_cmake_export_include_directories-extras.cmake
[18.436s] -- Symlinking: /home/eceteam4/ECE480Team4/install/vesc_msgs/share/vesc_msgs/cmake/ament_cmake_export_libraries-extras.cmake
[18.456s] -- Symlinking: /home/eceteam4/ECE480Team4/install/vesc_msgs/share/vesc_msgs/cmake/ament_cmake_export_targets-extras.cmake
[18.477s] -- Symlinking: /home/eceteam4/ECE480Team4/install/vesc_msgs/share/vesc_msgs/cmake/rosidl_cmake_export_typesupport_targets-extras.cmake
[18.497s] -- Symlinking: /home/eceteam4/ECE480Team4/install/vesc_msgs/share/vesc_msgs/cmake/rosidl_cmake_export_typesupport_libraries-extras.cmake
[18.516s] -- Symlinking: /home/eceteam4/ECE480Team4/install/vesc_msgs/share/vesc_msgs/cmake/vesc_msgsConfig.cmake
[18.538s] -- Symlinking: /home/eceteam4/ECE480Team4/install/vesc_msgs/share/vesc_msgs/cmake/vesc_msgsConfig-version.cmake
[18.556s] -- Symlinking: /home/eceteam4/ECE480Team4/install/vesc_msgs/share/vesc_msgs/package.xml
[18.573s] -- Installing: /home/eceteam4/ECE480Team4/install/vesc_msgs/lib/libvesc_msgs__rosidl_generator_c.so
[18.574s] -- Set runtime path of "/home/eceteam4/ECE480Team4/install/vesc_msgs/lib/libvesc_msgs__rosidl_generator_c.so" to ""
[18.574s] -- Installing: /home/eceteam4/ECE480Team4/install/vesc_msgs/lib/libvesc_msgs__rosidl_typesupport_fastrtps_c.so
[18.575s] -- Set runtime path of "/home/eceteam4/ECE480Team4/install/vesc_msgs/lib/libvesc_msgs__rosidl_typesupport_fastrtps_c.so" to ""
[18.575s] -- Installing: /home/eceteam4/ECE480Team4/install/vesc_msgs/lib/libvesc_msgs__rosidl_typesupport_introspection_c.so
[18.575s] -- Set runtime path of "/home/eceteam4/ECE480Team4/install/vesc_msgs/lib/libvesc_msgs__rosidl_typesupport_introspection_c.so" to ""
[18.575s] -- Installing: /home/eceteam4/ECE480Team4/install/vesc_msgs/lib/libvesc_msgs__rosidl_typesupport_c.so
[18.576s] -- Set runtime path of "/home/eceteam4/ECE480Team4/install/vesc_msgs/lib/libvesc_msgs__rosidl_typesupport_c.so" to ""
[18.576s] -- Installing: /home/eceteam4/ECE480Team4/install/vesc_msgs/lib/libvesc_msgs__rosidl_typesupport_fastrtps_cpp.so
[18.576s] -- Set runtime path of "/home/eceteam4/ECE480Team4/install/vesc_msgs/lib/libvesc_msgs__rosidl_typesupport_fastrtps_cpp.so" to ""
[18.577s] -- Installing: /home/eceteam4/ECE480Team4/install/vesc_msgs/lib/libvesc_msgs__rosidl_typesupport_introspection_cpp.so
[18.577s] -- Set runtime path of "/home/eceteam4/ECE480Team4/install/vesc_msgs/lib/libvesc_msgs__rosidl_typesupport_introspection_cpp.so" to ""
[18.577s] -- Installing: /home/eceteam4/ECE480Team4/install/vesc_msgs/lib/libvesc_msgs__rosidl_typesupport_cpp.so
[18.578s] -- Set runtime path of "/home/eceteam4/ECE480Team4/install/vesc_msgs/lib/libvesc_msgs__rosidl_typesupport_cpp.so" to ""
[18.667s] Listing '/home/eceteam4/ECE480Team4/install/vesc_msgs/local/lib/python3.10/dist-packages/vesc_msgs'...
[18.667s] Compiling '/home/eceteam4/ECE480Team4/install/vesc_msgs/local/lib/python3.10/dist-packages/vesc_msgs/__init__.py'...
[18.667s] Listing '/home/eceteam4/ECE480Team4/install/vesc_msgs/local/lib/python3.10/dist-packages/vesc_msgs/msg'...
[18.667s] Compiling '/home/eceteam4/ECE480Team4/install/vesc_msgs/local/lib/python3.10/dist-packages/vesc_msgs/msg/__init__.py'...
[18.667s] Compiling '/home/eceteam4/ECE480Team4/install/vesc_msgs/local/lib/python3.10/dist-packages/vesc_msgs/msg/_vesc_cmd.py'...
[18.667s] Compiling '/home/eceteam4/ECE480Team4/install/vesc_msgs/local/lib/python3.10/dist-packages/vesc_msgs/msg/_vesc_imu.py'...
[18.667s] Compiling '/home/eceteam4/ECE480Team4/install/vesc_msgs/local/lib/python3.10/dist-packages/vesc_msgs/msg/_vesc_imu_stamped.py'...
[18.668s] Compiling '/home/eceteam4/ECE480Team4/install/vesc_msgs/local/lib/python3.10/dist-packages/vesc_msgs/msg/_vesc_state.py'...
[18.668s] Compiling '/home/eceteam4/ECE480Team4/install/vesc_msgs/local/lib/python3.10/dist-packages/vesc_msgs/msg/_vesc_state_stamped.py'...
[18.678s] -- Installing: /home/eceteam4/ECE480Team4/install/vesc_msgs/lib/libvesc_msgs__rosidl_generator_py.so
[18.679s] -- Set runtime path of "/home/eceteam4/ECE480Team4/install/vesc_msgs/lib/libvesc_msgs__rosidl_generator_py.so" to ""
[18.680s] -- Installing: /home/eceteam4/ECE480Team4/install/vesc_msgs/share/vesc_msgs/cmake/export_vesc_msgs__rosidl_generator_cExport.cmake
[18.680s] -- Installing: /home/eceteam4/ECE480Team4/install/vesc_msgs/share/vesc_msgs/cmake/export_vesc_msgs__rosidl_generator_cExport-noconfig.cmake
[18.680s] -- Installing: /home/eceteam4/ECE480Team4/install/vesc_msgs/share/vesc_msgs/cmake/export_vesc_msgs__rosidl_typesupport_fastrtps_cExport.cmake
[18.681s] -- Installing: /home/eceteam4/ECE480Team4/install/vesc_msgs/share/vesc_msgs/cmake/export_vesc_msgs__rosidl_typesupport_fastrtps_cExport-noconfig.cmake
[18.681s] -- Installing: /home/eceteam4/ECE480Team4/install/vesc_msgs/share/vesc_msgs/cmake/vesc_msgs__rosidl_typesupport_introspection_cExport.cmake
[18.682s] -- Installing: /home/eceteam4/ECE480Team4/install/vesc_msgs/share/vesc_msgs/cmake/vesc_msgs__rosidl_typesupport_introspection_cExport-noconfig.cmake
[18.683s] -- Installing: /home/eceteam4/ECE480Team4/install/vesc_msgs/share/vesc_msgs/cmake/vesc_msgs__rosidl_typesupport_cExport.cmake
[18.683s] -- Installing: /home/eceteam4/ECE480Team4/install/vesc_msgs/share/vesc_msgs/cmake/vesc_msgs__rosidl_typesupport_cExport-noconfig.cmake
[18.684s] -- Installing: /home/eceteam4/ECE480Team4/install/vesc_msgs/share/vesc_msgs/cmake/export_vesc_msgs__rosidl_generator_cppExport.cmake
[18.684s] -- Installing: /home/eceteam4/ECE480Team4/install/vesc_msgs/share/vesc_msgs/cmake/export_vesc_msgs__rosidl_typesupport_fastrtps_cppExport.cmake
[18.684s] -- Installing: /home/eceteam4/ECE480Team4/install/vesc_msgs/share/vesc_msgs/cmake/export_vesc_msgs__rosidl_typesupport_fastrtps_cppExport-noconfig.cmake
[18.685s] -- Installing: /home/eceteam4/ECE480Team4/install/vesc_msgs/share/vesc_msgs/cmake/vesc_msgs__rosidl_typesupport_introspection_cppExport.cmake
[18.685s] -- Installing: /home/eceteam4/ECE480Team4/install/vesc_msgs/share/vesc_msgs/cmake/vesc_msgs__rosidl_typesupport_introspection_cppExport-noconfig.cmake
[18.686s] -- Installing: /home/eceteam4/ECE480Team4/install/vesc_msgs/share/vesc_msgs/cmake/vesc_msgs__rosidl_typesupport_cppExport.cmake
[18.687s] -- Installing: /home/eceteam4/ECE480Team4/install/vesc_msgs/share/vesc_msgs/cmake/vesc_msgs__rosidl_typesupport_cppExport-noconfig.cmake
[18.687s] -- Installing: /home/eceteam4/ECE480Team4/install/vesc_msgs/share/vesc_msgs/cmake/export_vesc_msgs__rosidl_generator_pyExport.cmake
[18.688s] -- Installing: /home/eceteam4/ECE480Team4/install/vesc_msgs/share/vesc_msgs/cmake/export_vesc_msgs__rosidl_generator_pyExport-noconfig.cmake
[18.698s] Invoked command in '/home/eceteam4/ECE480Team4/build/vesc_msgs' returned '0': CMAKE_PREFIX_PATH=/opt/ros/humble /usr/bin/cmake --install /home/eceteam4/ECE480Team4/build/vesc_msgs
