[0.107s] DEBUG:colcon:Command line arguments: ['/usr/bin/colcon', 'build', '--symlink-install']
[0.107s] DEBUG:colcon:Parsed command line arguments: Namespace(log_base=None, log_level=None, verb_name='build', build_base='build', install_base='install', merge_install=False, symlink_install=True, test_result_base=None, continue_on_error=False, executor='parallel', parallel_workers=6, event_handlers=None, ignore_user_meta=False, metas=['./colcon.meta'], base_paths=['.'], packages_ignore=None, packages_ignore_regex=None, paths=None, packages_up_to=None, packages_up_to_regex=None, packages_above=None, packages_above_and_dependencies=None, packages_above_depth=None, packages_select_by_dep=None, packages_skip_by_dep=None, packages_skip_up_to=None, packages_select_build_failed=False, packages_skip_build_finished=False, packages_select_test_failures=False, packages_skip_test_passed=False, packages_select=None, packages_skip=None, packages_select_regex=None, packages_skip_regex=None, packages_start=None, packages_end=None, cmake_args=None, cmake_target=None, cmake_target_skip_unavailable=False, cmake_clean_cache=False, cmake_clean_first=False, cmake_force_configure=False, ament_cmake_args=None, catkin_cmake_args=None, catkin_skip_building_tests=False, mixin_files=None, mixin=None, verb_parser=<colcon_mixin.mixin.mixin_argument.MixinArgumentDecorator object at 0x149117fe29e0>, verb_extension=<colcon_core.verb.build.BuildVerb object at 0x14911812b910>, main=<bound method BuildVerb.main of <colcon_core.verb.build.BuildVerb object at 0x14911812b910>>, mixin_verb=('build',))
[0.272s] Level 1:colcon.colcon_core.package_discovery:discover_packages(colcon_meta) check parameters
[0.272s] Level 1:colcon.colcon_core.package_discovery:discover_packages(recursive) check parameters
[0.272s] Level 1:colcon.colcon_core.package_discovery:discover_packages(ignore) check parameters
[0.272s] Level 1:colcon.colcon_core.package_discovery:discover_packages(path) check parameters
[0.273s] Level 1:colcon.colcon_core.package_discovery:discover_packages(colcon_meta) discover
[0.273s] Level 1:colcon.colcon_core.package_discovery:discover_packages(recursive) discover
[0.273s] INFO:colcon.colcon_core.package_discovery:Crawling recursively for packages in '/mnt/home/leflarsa/av/autonomous-vehicle-project/ros2_ws'
[0.273s] Level 1:colcon.colcon_core.package_identification:_identify(.) by extensions ['ignore', 'ignore_ament_install']
[0.273s] Level 1:colcon.colcon_core.package_identification:_identify(.) by extension 'ignore'
[0.273s] Level 1:colcon.colcon_core.package_identification:_identify(.) by extension 'ignore_ament_install'
[0.273s] Level 1:colcon.colcon_core.package_identification:_identify(.) by extensions ['colcon_pkg']
[0.273s] Level 1:colcon.colcon_core.package_identification:_identify(.) by extension 'colcon_pkg'
[0.273s] Level 1:colcon.colcon_core.package_identification:_identify(.) by extensions ['colcon_meta']
[0.273s] Level 1:colcon.colcon_core.package_identification:_identify(.) by extension 'colcon_meta'
[0.273s] Level 1:colcon.colcon_core.package_identification:_identify(.) by extensions ['ros']
[0.273s] Level 1:colcon.colcon_core.package_identification:_identify(.) by extension 'ros'
[0.283s] Level 1:colcon.colcon_core.package_identification:_identify(.) by extensions ['cmake', 'python']
[0.283s] Level 1:colcon.colcon_core.package_identification:_identify(.) by extension 'cmake'
[0.283s] Level 1:colcon.colcon_core.package_identification:_identify(.) by extension 'python'
[0.283s] Level 1:colcon.colcon_core.package_identification:_identify(.) by extensions ['python_setup_py']
[0.283s] Level 1:colcon.colcon_core.package_identification:_identify(.) by extension 'python_setup_py'
[0.283s] Level 1:colcon.colcon_core.package_identification:_identify(build) by extensions ['ignore', 'ignore_ament_install']
[0.283s] Level 1:colcon.colcon_core.package_identification:_identify(build) by extension 'ignore'
[0.283s] Level 1:colcon.colcon_core.package_identification:_identify(build) ignored
[0.284s] Level 1:colcon.colcon_core.package_identification:_identify(config) by extensions ['ignore', 'ignore_ament_install']
[0.284s] Level 1:colcon.colcon_core.package_identification:_identify(config) by extension 'ignore'
[0.284s] Level 1:colcon.colcon_core.package_identification:_identify(config) by extension 'ignore_ament_install'
[0.284s] Level 1:colcon.colcon_core.package_identification:_identify(config) by extensions ['colcon_pkg']
[0.284s] Level 1:colcon.colcon_core.package_identification:_identify(config) by extension 'colcon_pkg'
[0.284s] Level 1:colcon.colcon_core.package_identification:_identify(config) by extensions ['colcon_meta']
[0.284s] Level 1:colcon.colcon_core.package_identification:_identify(config) by extension 'colcon_meta'
[0.284s] Level 1:colcon.colcon_core.package_identification:_identify(config) by extensions ['ros']
[0.284s] Level 1:colcon.colcon_core.package_identification:_identify(config) by extension 'ros'
[0.284s] Level 1:colcon.colcon_core.package_identification:_identify(config) by extensions ['cmake', 'python']
[0.284s] Level 1:colcon.colcon_core.package_identification:_identify(config) by extension 'cmake'
[0.284s] Level 1:colcon.colcon_core.package_identification:_identify(config) by extension 'python'
[0.284s] Level 1:colcon.colcon_core.package_identification:_identify(config) by extensions ['python_setup_py']
[0.284s] Level 1:colcon.colcon_core.package_identification:_identify(config) by extension 'python_setup_py'
[0.284s] Level 1:colcon.colcon_core.package_identification:_identify(install) by extensions ['ignore', 'ignore_ament_install']
[0.284s] Level 1:colcon.colcon_core.package_identification:_identify(install) by extension 'ignore'
[0.285s] Level 1:colcon.colcon_core.package_identification:_identify(install) ignored
[0.285s] Level 1:colcon.colcon_core.package_identification:_identify(launch) by extensions ['ignore', 'ignore_ament_install']
[0.285s] Level 1:colcon.colcon_core.package_identification:_identify(launch) by extension 'ignore'
[0.285s] Level 1:colcon.colcon_core.package_identification:_identify(launch) by extension 'ignore_ament_install'
[0.285s] Level 1:colcon.colcon_core.package_identification:_identify(launch) by extensions ['colcon_pkg']
[0.285s] Level 1:colcon.colcon_core.package_identification:_identify(launch) by extension 'colcon_pkg'
[0.285s] Level 1:colcon.colcon_core.package_identification:_identify(launch) by extensions ['colcon_meta']
[0.285s] Level 1:colcon.colcon_core.package_identification:_identify(launch) by extension 'colcon_meta'
[0.285s] Level 1:colcon.colcon_core.package_identification:_identify(launch) by extensions ['ros']
[0.285s] Level 1:colcon.colcon_core.package_identification:_identify(launch) by extension 'ros'
[0.285s] Level 1:colcon.colcon_core.package_identification:_identify(launch) by extensions ['cmake', 'python']
[0.285s] Level 1:colcon.colcon_core.package_identification:_identify(launch) by extension 'cmake'
[0.285s] Level 1:colcon.colcon_core.package_identification:_identify(launch) by extension 'python'
[0.285s] Level 1:colcon.colcon_core.package_identification:_identify(launch) by extensions ['python_setup_py']
[0.285s] Level 1:colcon.colcon_core.package_identification:_identify(launch) by extension 'python_setup_py'
[0.287s] Level 1:colcon.colcon_core.package_identification:_identify(log) by extensions ['ignore', 'ignore_ament_install']
[0.287s] Level 1:colcon.colcon_core.package_identification:_identify(log) by extension 'ignore'
[0.287s] Level 1:colcon.colcon_core.package_identification:_identify(log) ignored
[0.287s] Level 1:colcon.colcon_core.package_identification:_identify(src) by extensions ['ignore', 'ignore_ament_install']
[0.287s] Level 1:colcon.colcon_core.package_identification:_identify(src) by extension 'ignore'
[0.287s] Level 1:colcon.colcon_core.package_identification:_identify(src) by extension 'ignore_ament_install'
[0.287s] Level 1:colcon.colcon_core.package_identification:_identify(src) by extensions ['colcon_pkg']
[0.287s] Level 1:colcon.colcon_core.package_identification:_identify(src) by extension 'colcon_pkg'
[0.287s] Level 1:colcon.colcon_core.package_identification:_identify(src) by extensions ['colcon_meta']
[0.287s] Level 1:colcon.colcon_core.package_identification:_identify(src) by extension 'colcon_meta'
[0.287s] Level 1:colcon.colcon_core.package_identification:_identify(src) by extensions ['ros']
[0.287s] Level 1:colcon.colcon_core.package_identification:_identify(src) by extension 'ros'
[0.287s] Level 1:colcon.colcon_core.package_identification:_identify(src) by extensions ['cmake', 'python']
[0.288s] Level 1:colcon.colcon_core.package_identification:_identify(src) by extension 'cmake'
[0.288s] Level 1:colcon.colcon_core.package_identification:_identify(src) by extension 'python'
[0.288s] Level 1:colcon.colcon_core.package_identification:_identify(src) by extensions ['python_setup_py']
[0.288s] Level 1:colcon.colcon_core.package_identification:_identify(src) by extension 'python_setup_py'
[0.289s] Level 1:colcon.colcon_core.package_identification:_identify(src/build) by extensions ['ignore', 'ignore_ament_install']
[0.289s] Level 1:colcon.colcon_core.package_identification:_identify(src/build) by extension 'ignore'
[0.289s] Level 1:colcon.colcon_core.package_identification:_identify(src/build) ignored
[0.289s] Level 1:colcon.colcon_core.package_identification:_identify(src/control_pure_pursuit_node) by extensions ['ignore', 'ignore_ament_install']
[0.289s] Level 1:colcon.colcon_core.package_identification:_identify(src/control_pure_pursuit_node) by extension 'ignore'
[0.289s] Level 1:colcon.colcon_core.package_identification:_identify(src/control_pure_pursuit_node) by extension 'ignore_ament_install'
[0.289s] Level 1:colcon.colcon_core.package_identification:_identify(src/control_pure_pursuit_node) by extensions ['colcon_pkg']
[0.289s] Level 1:colcon.colcon_core.package_identification:_identify(src/control_pure_pursuit_node) by extension 'colcon_pkg'
[0.289s] Level 1:colcon.colcon_core.package_identification:_identify(src/control_pure_pursuit_node) by extensions ['colcon_meta']
[0.289s] Level 1:colcon.colcon_core.package_identification:_identify(src/control_pure_pursuit_node) by extension 'colcon_meta'
[0.290s] Level 1:colcon.colcon_core.package_identification:_identify(src/control_pure_pursuit_node) by extensions ['ros']
[0.290s] Level 1:colcon.colcon_core.package_identification:_identify(src/control_pure_pursuit_node) by extension 'ros'
[0.290s] Level 1:colcon.colcon_core.package_identification:_identify(src/control_pure_pursuit_node) by extensions ['cmake', 'python']
[0.290s] Level 1:colcon.colcon_core.package_identification:_identify(src/control_pure_pursuit_node) by extension 'cmake'
[0.290s] Level 1:colcon.colcon_core.package_identification:_identify(src/control_pure_pursuit_node) by extension 'python'
[0.290s] Level 1:colcon.colcon_core.package_identification:_identify(src/control_pure_pursuit_node) by extensions ['python_setup_py']
[0.290s] Level 1:colcon.colcon_core.package_identification:_identify(src/control_pure_pursuit_node) by extension 'python_setup_py'
[0.290s] Level 1:colcon.colcon_core.package_identification:_identify(src/curvy_road) by extensions ['ignore', 'ignore_ament_install']
[0.290s] Level 1:colcon.colcon_core.package_identification:_identify(src/curvy_road) by extension 'ignore'
[0.290s] Level 1:colcon.colcon_core.package_identification:_identify(src/curvy_road) by extension 'ignore_ament_install'
[0.290s] Level 1:colcon.colcon_core.package_identification:_identify(src/curvy_road) by extensions ['colcon_pkg']
[0.290s] Level 1:colcon.colcon_core.package_identification:_identify(src/curvy_road) by extension 'colcon_pkg'
[0.290s] Level 1:colcon.colcon_core.package_identification:_identify(src/curvy_road) by extensions ['colcon_meta']
[0.290s] Level 1:colcon.colcon_core.package_identification:_identify(src/curvy_road) by extension 'colcon_meta'
[0.290s] Level 1:colcon.colcon_core.package_identification:_identify(src/curvy_road) by extensions ['ros']
[0.290s] Level 1:colcon.colcon_core.package_identification:_identify(src/curvy_road) by extension 'ros'
[0.294s] DEBUG:colcon.colcon_core.package_identification:Package 'src/curvy_road' with type 'ros.ament_cmake' and name 'curvy_road'
[0.295s] Level 1:colcon.colcon_core.package_identification:_identify(src/install) by extensions ['ignore', 'ignore_ament_install']
[0.296s] Level 1:colcon.colcon_core.package_identification:_identify(src/install) by extension 'ignore'
[0.296s] Level 1:colcon.colcon_core.package_identification:_identify(src/install) ignored
[0.296s] Level 1:colcon.colcon_core.package_identification:_identify(src/localization_ekf_node) by extensions ['ignore', 'ignore_ament_install']
[0.296s] Level 1:colcon.colcon_core.package_identification:_identify(src/localization_ekf_node) by extension 'ignore'
[0.296s] Level 1:colcon.colcon_core.package_identification:_identify(src/localization_ekf_node) by extension 'ignore_ament_install'
[0.296s] Level 1:colcon.colcon_core.package_identification:_identify(src/localization_ekf_node) by extensions ['colcon_pkg']
[0.296s] Level 1:colcon.colcon_core.package_identification:_identify(src/localization_ekf_node) by extension 'colcon_pkg'
[0.296s] Level 1:colcon.colcon_core.package_identification:_identify(src/localization_ekf_node) by extensions ['colcon_meta']
[0.296s] Level 1:colcon.colcon_core.package_identification:_identify(src/localization_ekf_node) by extension 'colcon_meta'
[0.296s] Level 1:colcon.colcon_core.package_identification:_identify(src/localization_ekf_node) by extensions ['ros']
[0.296s] Level 1:colcon.colcon_core.package_identification:_identify(src/localization_ekf_node) by extension 'ros'
[0.296s] Level 1:colcon.colcon_core.package_identification:_identify(src/localization_ekf_node) by extensions ['cmake', 'python']
[0.296s] Level 1:colcon.colcon_core.package_identification:_identify(src/localization_ekf_node) by extension 'cmake'
[0.296s] Level 1:colcon.colcon_core.package_identification:_identify(src/localization_ekf_node) by extension 'python'
[0.296s] Level 1:colcon.colcon_core.package_identification:_identify(src/localization_ekf_node) by extensions ['python_setup_py']
[0.296s] Level 1:colcon.colcon_core.package_identification:_identify(src/localization_ekf_node) by extension 'python_setup_py'
[0.297s] Level 1:colcon.colcon_core.package_identification:_identify(src/localization_orb_slam_vio_node) by extensions ['ignore', 'ignore_ament_install']
[0.297s] Level 1:colcon.colcon_core.package_identification:_identify(src/localization_orb_slam_vio_node) by extension 'ignore'
[0.297s] Level 1:colcon.colcon_core.package_identification:_identify(src/localization_orb_slam_vio_node) by extension 'ignore_ament_install'
[0.297s] Level 1:colcon.colcon_core.package_identification:_identify(src/localization_orb_slam_vio_node) by extensions ['colcon_pkg']
[0.297s] Level 1:colcon.colcon_core.package_identification:_identify(src/localization_orb_slam_vio_node) by extension 'colcon_pkg'
[0.297s] Level 1:colcon.colcon_core.package_identification:_identify(src/localization_orb_slam_vio_node) by extensions ['colcon_meta']
[0.297s] Level 1:colcon.colcon_core.package_identification:_identify(src/localization_orb_slam_vio_node) by extension 'colcon_meta'
[0.297s] Level 1:colcon.colcon_core.package_identification:_identify(src/localization_orb_slam_vio_node) by extensions ['ros']
[0.297s] Level 1:colcon.colcon_core.package_identification:_identify(src/localization_orb_slam_vio_node) by extension 'ros'
[0.297s] Level 1:colcon.colcon_core.package_identification:_identify(src/localization_orb_slam_vio_node) by extensions ['cmake', 'python']
[0.297s] Level 1:colcon.colcon_core.package_identification:_identify(src/localization_orb_slam_vio_node) by extension 'cmake'
[0.297s] Level 1:colcon.colcon_core.package_identification:_identify(src/localization_orb_slam_vio_node) by extension 'python'
[0.297s] Level 1:colcon.colcon_core.package_identification:_identify(src/localization_orb_slam_vio_node) by extensions ['python_setup_py']
[0.297s] Level 1:colcon.colcon_core.package_identification:_identify(src/localization_orb_slam_vio_node) by extension 'python_setup_py'
[0.298s] Level 1:colcon.colcon_core.package_identification:_identify(src/log) by extensions ['ignore', 'ignore_ament_install']
[0.298s] Level 1:colcon.colcon_core.package_identification:_identify(src/log) by extension 'ignore'
[0.298s] Level 1:colcon.colcon_core.package_identification:_identify(src/log) ignored
[0.298s] Level 1:colcon.colcon_core.package_identification:_identify(src/perception_fusion_node) by extensions ['ignore', 'ignore_ament_install']
[0.299s] Level 1:colcon.colcon_core.package_identification:_identify(src/perception_fusion_node) by extension 'ignore'
[0.299s] Level 1:colcon.colcon_core.package_identification:_identify(src/perception_fusion_node) by extension 'ignore_ament_install'
[0.299s] Level 1:colcon.colcon_core.package_identification:_identify(src/perception_fusion_node) by extensions ['colcon_pkg']
[0.299s] Level 1:colcon.colcon_core.package_identification:_identify(src/perception_fusion_node) by extension 'colcon_pkg'
[0.299s] Level 1:colcon.colcon_core.package_identification:_identify(src/perception_fusion_node) by extensions ['colcon_meta']
[0.299s] Level 1:colcon.colcon_core.package_identification:_identify(src/perception_fusion_node) by extension 'colcon_meta'
[0.299s] Level 1:colcon.colcon_core.package_identification:_identify(src/perception_fusion_node) by extensions ['ros']
[0.299s] Level 1:colcon.colcon_core.package_identification:_identify(src/perception_fusion_node) by extension 'ros'
[0.299s] Level 1:colcon.colcon_core.package_identification:_identify(src/perception_fusion_node) by extensions ['cmake', 'python']
[0.299s] Level 1:colcon.colcon_core.package_identification:_identify(src/perception_fusion_node) by extension 'cmake'
[0.299s] Level 1:colcon.colcon_core.package_identification:_identify(src/perception_fusion_node) by extension 'python'
[0.299s] Level 1:colcon.colcon_core.package_identification:_identify(src/perception_fusion_node) by extensions ['python_setup_py']
[0.299s] Level 1:colcon.colcon_core.package_identification:_identify(src/perception_fusion_node) by extension 'python_setup_py'
[0.299s] Level 1:colcon.colcon_core.package_identification:_identify(src/perception_ml_node) by extensions ['ignore', 'ignore_ament_install']
[0.299s] Level 1:colcon.colcon_core.package_identification:_identify(src/perception_ml_node) by extension 'ignore'
[0.300s] Level 1:colcon.colcon_core.package_identification:_identify(src/perception_ml_node) by extension 'ignore_ament_install'
[0.300s] Level 1:colcon.colcon_core.package_identification:_identify(src/perception_ml_node) by extensions ['colcon_pkg']
[0.300s] Level 1:colcon.colcon_core.package_identification:_identify(src/perception_ml_node) by extension 'colcon_pkg'
[0.300s] Level 1:colcon.colcon_core.package_identification:_identify(src/perception_ml_node) by extensions ['colcon_meta']
[0.300s] Level 1:colcon.colcon_core.package_identification:_identify(src/perception_ml_node) by extension 'colcon_meta'
[0.300s] Level 1:colcon.colcon_core.package_identification:_identify(src/perception_ml_node) by extensions ['ros']
[0.300s] Level 1:colcon.colcon_core.package_identification:_identify(src/perception_ml_node) by extension 'ros'
[0.301s] DEBUG:colcon.colcon_core.package_identification:Package 'src/perception_ml_node' with type 'ros.ament_python' and name 'perception_ml_node'
[0.302s] Level 1:colcon.colcon_core.package_identification:_identify(src/perception_sync_node) by extensions ['ignore', 'ignore_ament_install']
[0.302s] Level 1:colcon.colcon_core.package_identification:_identify(src/perception_sync_node) by extension 'ignore'
[0.302s] Level 1:colcon.colcon_core.package_identification:_identify(src/perception_sync_node) by extension 'ignore_ament_install'
[0.302s] Level 1:colcon.colcon_core.package_identification:_identify(src/perception_sync_node) by extensions ['colcon_pkg']
[0.302s] Level 1:colcon.colcon_core.package_identification:_identify(src/perception_sync_node) by extension 'colcon_pkg'
[0.302s] Level 1:colcon.colcon_core.package_identification:_identify(src/perception_sync_node) by extensions ['colcon_meta']
[0.302s] Level 1:colcon.colcon_core.package_identification:_identify(src/perception_sync_node) by extension 'colcon_meta'
[0.302s] Level 1:colcon.colcon_core.package_identification:_identify(src/perception_sync_node) by extensions ['ros']
[0.302s] Level 1:colcon.colcon_core.package_identification:_identify(src/perception_sync_node) by extension 'ros'
[0.303s] DEBUG:colcon.colcon_core.package_identification:Failed to parse potential ROS package manifest in'src/perception_sync_node': Error(s) in package 'src/perception_sync_node/package.xml':
The manifest contains invalid XML:
not well-formed (invalid token): line 6, column 36
[0.303s] Level 1:colcon.colcon_core.package_identification:_identify(src/perception_sync_node) by extensions ['cmake', 'python']
[0.303s] Level 1:colcon.colcon_core.package_identification:_identify(src/perception_sync_node) by extension 'cmake'
[0.303s] Level 1:colcon.colcon_core.package_identification:_identify(src/perception_sync_node) by extension 'python'
[0.303s] DEBUG:colcon.colcon_core.package_identification:Python package in 'src/perception_sync_node' passes arguments to the setup() function which requires a different identification extension than 'python'
[0.303s] Level 1:colcon.colcon_core.package_identification:_identify(src/perception_sync_node) by extensions ['python_setup_py']
[0.303s] Level 1:colcon.colcon_core.package_identification:_identify(src/perception_sync_node) by extension 'python_setup_py'
[0.544s] DEBUG:colcon.colcon_core.package_identification:Package 'src/perception_sync_node' with type 'python' and name 'perception_sync_node'
[0.545s] Level 1:colcon.colcon_core.package_identification:_identify(src/planning_global_planner_node) by extensions ['ignore', 'ignore_ament_install']
[0.545s] Level 1:colcon.colcon_core.package_identification:_identify(src/planning_global_planner_node) by extension 'ignore'
[0.545s] Level 1:colcon.colcon_core.package_identification:_identify(src/planning_global_planner_node) by extension 'ignore_ament_install'
[0.545s] Level 1:colcon.colcon_core.package_identification:_identify(src/planning_global_planner_node) by extensions ['colcon_pkg']
[0.545s] Level 1:colcon.colcon_core.package_identification:_identify(src/planning_global_planner_node) by extension 'colcon_pkg'
[0.545s] Level 1:colcon.colcon_core.package_identification:_identify(src/planning_global_planner_node) by extensions ['colcon_meta']
[0.545s] Level 1:colcon.colcon_core.package_identification:_identify(src/planning_global_planner_node) by extension 'colcon_meta'
[0.545s] Level 1:colcon.colcon_core.package_identification:_identify(src/planning_global_planner_node) by extensions ['ros']
[0.545s] Level 1:colcon.colcon_core.package_identification:_identify(src/planning_global_planner_node) by extension 'ros'
[0.545s] Level 1:colcon.colcon_core.package_identification:_identify(src/planning_global_planner_node) by extensions ['cmake', 'python']
[0.545s] Level 1:colcon.colcon_core.package_identification:_identify(src/planning_global_planner_node) by extension 'cmake'
[0.545s] Level 1:colcon.colcon_core.package_identification:_identify(src/planning_global_planner_node) by extension 'python'
[0.545s] Level 1:colcon.colcon_core.package_identification:_identify(src/planning_global_planner_node) by extensions ['python_setup_py']
[0.545s] Level 1:colcon.colcon_core.package_identification:_identify(src/planning_global_planner_node) by extension 'python_setup_py'
[0.545s] Level 1:colcon.colcon_core.package_identification:_identify(src/sensors_camera_node) by extensions ['ignore', 'ignore_ament_install']
[0.546s] Level 1:colcon.colcon_core.package_identification:_identify(src/sensors_camera_node) by extension 'ignore'
[0.546s] Level 1:colcon.colcon_core.package_identification:_identify(src/sensors_camera_node) by extension 'ignore_ament_install'
[0.546s] Level 1:colcon.colcon_core.package_identification:_identify(src/sensors_camera_node) by extensions ['colcon_pkg']
[0.546s] Level 1:colcon.colcon_core.package_identification:_identify(src/sensors_camera_node) by extension 'colcon_pkg'
[0.546s] Level 1:colcon.colcon_core.package_identification:_identify(src/sensors_camera_node) by extensions ['colcon_meta']
[0.546s] Level 1:colcon.colcon_core.package_identification:_identify(src/sensors_camera_node) by extension 'colcon_meta'
[0.546s] Level 1:colcon.colcon_core.package_identification:_identify(src/sensors_camera_node) by extensions ['ros']
[0.546s] Level 1:colcon.colcon_core.package_identification:_identify(src/sensors_camera_node) by extension 'ros'
[0.548s] DEBUG:colcon.colcon_core.package_identification:Package 'src/sensors_camera_node' with type 'ros.ament_python' and name 'sensors_camera_node'
[0.548s] Level 1:colcon.colcon_core.package_identification:_identify(src/sensors_imu_bridge) by extensions ['ignore', 'ignore_ament_install']
[0.548s] Level 1:colcon.colcon_core.package_identification:_identify(src/sensors_imu_bridge) by extension 'ignore'
[0.548s] Level 1:colcon.colcon_core.package_identification:_identify(src/sensors_imu_bridge) by extension 'ignore_ament_install'
[0.548s] Level 1:colcon.colcon_core.package_identification:_identify(src/sensors_imu_bridge) by extensions ['colcon_pkg']
[0.548s] Level 1:colcon.colcon_core.package_identification:_identify(src/sensors_imu_bridge) by extension 'colcon_pkg'
[0.548s] Level 1:colcon.colcon_core.package_identification:_identify(src/sensors_imu_bridge) by extensions ['colcon_meta']
[0.548s] Level 1:colcon.colcon_core.package_identification:_identify(src/sensors_imu_bridge) by extension 'colcon_meta'
[0.548s] Level 1:colcon.colcon_core.package_identification:_identify(src/sensors_imu_bridge) by extensions ['ros']
[0.548s] Level 1:colcon.colcon_core.package_identification:_identify(src/sensors_imu_bridge) by extension 'ros'
[0.550s] DEBUG:colcon.colcon_core.package_identification:Package 'src/sensors_imu_bridge' with type 'ros.ament_python' and name 'sensors_imu_bridge'
[0.550s] Level 1:colcon.colcon_core.package_identification:_identify(src/sensors_lidar_bridge) by extensions ['ignore', 'ignore_ament_install']
[0.550s] Level 1:colcon.colcon_core.package_identification:_identify(src/sensors_lidar_bridge) by extension 'ignore'
[0.550s] Level 1:colcon.colcon_core.package_identification:_identify(src/sensors_lidar_bridge) by extension 'ignore_ament_install'
[0.551s] Level 1:colcon.colcon_core.package_identification:_identify(src/sensors_lidar_bridge) by extensions ['colcon_pkg']
[0.551s] Level 1:colcon.colcon_core.package_identification:_identify(src/sensors_lidar_bridge) by extension 'colcon_pkg'
[0.551s] Level 1:colcon.colcon_core.package_identification:_identify(src/sensors_lidar_bridge) by extensions ['colcon_meta']
[0.551s] Level 1:colcon.colcon_core.package_identification:_identify(src/sensors_lidar_bridge) by extension 'colcon_meta'
[0.551s] Level 1:colcon.colcon_core.package_identification:_identify(src/sensors_lidar_bridge) by extensions ['ros']
[0.551s] Level 1:colcon.colcon_core.package_identification:_identify(src/sensors_lidar_bridge) by extension 'ros'
[0.552s] DEBUG:colcon.colcon_core.package_identification:Package 'src/sensors_lidar_bridge' with type 'ros.ament_python' and name 'sensors_lidar_bridge'
[0.553s] Level 1:colcon.colcon_core.package_identification:_identify(src/tools_bag_recorder) by extensions ['ignore', 'ignore_ament_install']
[0.553s] Level 1:colcon.colcon_core.package_identification:_identify(src/tools_bag_recorder) by extension 'ignore'
[0.553s] Level 1:colcon.colcon_core.package_identification:_identify(src/tools_bag_recorder) by extension 'ignore_ament_install'
[0.553s] Level 1:colcon.colcon_core.package_identification:_identify(src/tools_bag_recorder) by extensions ['colcon_pkg']
[0.553s] Level 1:colcon.colcon_core.package_identification:_identify(src/tools_bag_recorder) by extension 'colcon_pkg'
[0.553s] Level 1:colcon.colcon_core.package_identification:_identify(src/tools_bag_recorder) by extensions ['colcon_meta']
[0.553s] Level 1:colcon.colcon_core.package_identification:_identify(src/tools_bag_recorder) by extension 'colcon_meta'
[0.553s] Level 1:colcon.colcon_core.package_identification:_identify(src/tools_bag_recorder) by extensions ['ros']
[0.553s] Level 1:colcon.colcon_core.package_identification:_identify(src/tools_bag_recorder) by extension 'ros'
[0.553s] Level 1:colcon.colcon_core.package_identification:_identify(src/tools_bag_recorder) by extensions ['cmake', 'python']
[0.553s] Level 1:colcon.colcon_core.package_identification:_identify(src/tools_bag_recorder) by extension 'cmake'
[0.553s] Level 1:colcon.colcon_core.package_identification:_identify(src/tools_bag_recorder) by extension 'python'
[0.553s] Level 1:colcon.colcon_core.package_identification:_identify(src/tools_bag_recorder) by extensions ['python_setup_py']
[0.553s] Level 1:colcon.colcon_core.package_identification:_identify(src/tools_bag_recorder) by extension 'python_setup_py'
[0.553s] Level 1:colcon.colcon_core.package_identification:_identify(src/viz_rviz) by extensions ['ignore', 'ignore_ament_install']
[0.553s] Level 1:colcon.colcon_core.package_identification:_identify(src/viz_rviz) by extension 'ignore'
[0.553s] Level 1:colcon.colcon_core.package_identification:_identify(src/viz_rviz) by extension 'ignore_ament_install'
[0.554s] Level 1:colcon.colcon_core.package_identification:_identify(src/viz_rviz) by extensions ['colcon_pkg']
[0.554s] Level 1:colcon.colcon_core.package_identification:_identify(src/viz_rviz) by extension 'colcon_pkg'
[0.554s] Level 1:colcon.colcon_core.package_identification:_identify(src/viz_rviz) by extensions ['colcon_meta']
[0.554s] Level 1:colcon.colcon_core.package_identification:_identify(src/viz_rviz) by extension 'colcon_meta'
[0.554s] Level 1:colcon.colcon_core.package_identification:_identify(src/viz_rviz) by extensions ['ros']
[0.554s] Level 1:colcon.colcon_core.package_identification:_identify(src/viz_rviz) by extension 'ros'
[0.554s] Level 1:colcon.colcon_core.package_identification:_identify(src/viz_rviz) by extensions ['cmake', 'python']
[0.554s] Level 1:colcon.colcon_core.package_identification:_identify(src/viz_rviz) by extension 'cmake'
[0.554s] Level 1:colcon.colcon_core.package_identification:_identify(src/viz_rviz) by extension 'python'
[0.554s] Level 1:colcon.colcon_core.package_identification:_identify(src/viz_rviz) by extensions ['python_setup_py']
[0.554s] Level 1:colcon.colcon_core.package_identification:_identify(src/viz_rviz) by extension 'python_setup_py'
[0.554s] Level 1:colcon.colcon_core.package_identification:_identify(test) by extensions ['ignore', 'ignore_ament_install']
[0.554s] Level 1:colcon.colcon_core.package_identification:_identify(test) by extension 'ignore'
[0.554s] Level 1:colcon.colcon_core.package_identification:_identify(test) by extension 'ignore_ament_install'
[0.554s] Level 1:colcon.colcon_core.package_identification:_identify(test) by extensions ['colcon_pkg']
[0.554s] Level 1:colcon.colcon_core.package_identification:_identify(test) by extension 'colcon_pkg'
[0.554s] Level 1:colcon.colcon_core.package_identification:_identify(test) by extensions ['colcon_meta']
[0.554s] Level 1:colcon.colcon_core.package_identification:_identify(test) by extension 'colcon_meta'
[0.554s] Level 1:colcon.colcon_core.package_identification:_identify(test) by extensions ['ros']
[0.554s] Level 1:colcon.colcon_core.package_identification:_identify(test) by extension 'ros'
[0.555s] Level 1:colcon.colcon_core.package_identification:_identify(test) by extensions ['cmake', 'python']
[0.555s] Level 1:colcon.colcon_core.package_identification:_identify(test) by extension 'cmake'
[0.555s] Level 1:colcon.colcon_core.package_identification:_identify(test) by extension 'python'
[0.555s] Level 1:colcon.colcon_core.package_identification:_identify(test) by extensions ['python_setup_py']
[0.555s] Level 1:colcon.colcon_core.package_identification:_identify(test) by extension 'python_setup_py'
[0.555s] Level 1:colcon.colcon_core.package_discovery:discover_packages(recursive) using defaults
[0.555s] Level 1:colcon.colcon_core.package_discovery:discover_packages(ignore) discover
[0.555s] Level 1:colcon.colcon_core.package_discovery:discover_packages(ignore) using defaults
[0.555s] Level 1:colcon.colcon_core.package_discovery:discover_packages(path) discover
[0.555s] Level 1:colcon.colcon_core.package_discovery:discover_packages(path) using defaults
[0.587s] Level 5:colcon.colcon_core.verb:set package 'curvy_road' build argument 'cmake_args' from command line to 'None'
[0.588s] Level 5:colcon.colcon_core.verb:set package 'curvy_road' build argument 'cmake_target' from command line to 'None'
[0.588s] Level 5:colcon.colcon_core.verb:set package 'curvy_road' build argument 'cmake_target_skip_unavailable' from command line to 'False'
[0.588s] Level 5:colcon.colcon_core.verb:set package 'curvy_road' build argument 'cmake_clean_cache' from command line to 'False'
[0.588s] Level 5:colcon.colcon_core.verb:set package 'curvy_road' build argument 'cmake_clean_first' from command line to 'False'
[0.588s] Level 5:colcon.colcon_core.verb:set package 'curvy_road' build argument 'cmake_force_configure' from command line to 'False'
[0.588s] Level 5:colcon.colcon_core.verb:set package 'curvy_road' build argument 'ament_cmake_args' from command line to 'None'
[0.588s] Level 5:colcon.colcon_core.verb:set package 'curvy_road' build argument 'catkin_cmake_args' from command line to 'None'
[0.588s] Level 5:colcon.colcon_core.verb:set package 'curvy_road' build argument 'catkin_skip_building_tests' from command line to 'False'
[0.588s] DEBUG:colcon.colcon_core.verb:Building package 'curvy_road' with the following arguments: {'ament_cmake_args': None, 'build_base': '/mnt/home/leflarsa/av/autonomous-vehicle-project/ros2_ws/build/curvy_road', 'catkin_cmake_args': None, 'catkin_skip_building_tests': False, 'cmake_args': None, 'cmake_clean_cache': False, 'cmake_clean_first': False, 'cmake_force_configure': False, 'cmake_target': None, 'cmake_target_skip_unavailable': False, 'install_base': '/mnt/home/leflarsa/av/autonomous-vehicle-project/ros2_ws/install/curvy_road', 'merge_install': False, 'path': '/mnt/home/leflarsa/av/autonomous-vehicle-project/ros2_ws/src/curvy_road', 'symlink_install': True, 'test_result_base': None}
[0.588s] Level 5:colcon.colcon_core.verb:set package 'perception_ml_node' build argument 'cmake_args' from command line to 'None'
[0.588s] Level 5:colcon.colcon_core.verb:set package 'perception_ml_node' build argument 'cmake_target' from command line to 'None'
[0.588s] Level 5:colcon.colcon_core.verb:set package 'perception_ml_node' build argument 'cmake_target_skip_unavailable' from command line to 'False'
[0.588s] Level 5:colcon.colcon_core.verb:set package 'perception_ml_node' build argument 'cmake_clean_cache' from command line to 'False'
[0.588s] Level 5:colcon.colcon_core.verb:set package 'perception_ml_node' build argument 'cmake_clean_first' from command line to 'False'
[0.588s] Level 5:colcon.colcon_core.verb:set package 'perception_ml_node' build argument 'cmake_force_configure' from command line to 'False'
[0.588s] Level 5:colcon.colcon_core.verb:set package 'perception_ml_node' build argument 'ament_cmake_args' from command line to 'None'
[0.588s] Level 5:colcon.colcon_core.verb:set package 'perception_ml_node' build argument 'catkin_cmake_args' from command line to 'None'
[0.588s] Level 5:colcon.colcon_core.verb:set package 'perception_ml_node' build argument 'catkin_skip_building_tests' from command line to 'False'
[0.588s] DEBUG:colcon.colcon_core.verb:Building package 'perception_ml_node' with the following arguments: {'ament_cmake_args': None, 'build_base': '/mnt/home/leflarsa/av/autonomous-vehicle-project/ros2_ws/build/perception_ml_node', 'catkin_cmake_args': None, 'catkin_skip_building_tests': False, 'cmake_args': None, 'cmake_clean_cache': False, 'cmake_clean_first': False, 'cmake_force_configure': False, 'cmake_target': None, 'cmake_target_skip_unavailable': False, 'install_base': '/mnt/home/leflarsa/av/autonomous-vehicle-project/ros2_ws/install/perception_ml_node', 'merge_install': False, 'path': '/mnt/home/leflarsa/av/autonomous-vehicle-project/ros2_ws/src/perception_ml_node', 'symlink_install': True, 'test_result_base': None}
[0.589s] Level 5:colcon.colcon_core.verb:set package 'perception_sync_node' build argument 'cmake_args' from command line to 'None'
[0.589s] Level 5:colcon.colcon_core.verb:set package 'perception_sync_node' build argument 'cmake_target' from command line to 'None'
[0.589s] Level 5:colcon.colcon_core.verb:set package 'perception_sync_node' build argument 'cmake_target_skip_unavailable' from command line to 'False'
[0.589s] Level 5:colcon.colcon_core.verb:set package 'perception_sync_node' build argument 'cmake_clean_cache' from command line to 'False'
[0.589s] Level 5:colcon.colcon_core.verb:set package 'perception_sync_node' build argument 'cmake_clean_first' from command line to 'False'
[0.589s] Level 5:colcon.colcon_core.verb:set package 'perception_sync_node' build argument 'cmake_force_configure' from command line to 'False'
[0.589s] Level 5:colcon.colcon_core.verb:set package 'perception_sync_node' build argument 'ament_cmake_args' from command line to 'None'
[0.589s] Level 5:colcon.colcon_core.verb:set package 'perception_sync_node' build argument 'catkin_cmake_args' from command line to 'None'
[0.589s] Level 5:colcon.colcon_core.verb:set package 'perception_sync_node' build argument 'catkin_skip_building_tests' from command line to 'False'
[0.589s] DEBUG:colcon.colcon_core.verb:Building package 'perception_sync_node' with the following arguments: {'ament_cmake_args': None, 'build_base': '/mnt/home/leflarsa/av/autonomous-vehicle-project/ros2_ws/build/perception_sync_node', 'catkin_cmake_args': None, 'catkin_skip_building_tests': False, 'cmake_args': None, 'cmake_clean_cache': False, 'cmake_clean_first': False, 'cmake_force_configure': False, 'cmake_target': None, 'cmake_target_skip_unavailable': False, 'install_base': '/mnt/home/leflarsa/av/autonomous-vehicle-project/ros2_ws/install/perception_sync_node', 'merge_install': False, 'path': '/mnt/home/leflarsa/av/autonomous-vehicle-project/ros2_ws/src/perception_sync_node', 'symlink_install': True, 'test_result_base': None}
[0.589s] Level 5:colcon.colcon_core.verb:set package 'sensors_camera_node' build argument 'cmake_args' from command line to 'None'
[0.589s] Level 5:colcon.colcon_core.verb:set package 'sensors_camera_node' build argument 'cmake_target' from command line to 'None'
[0.589s] Level 5:colcon.colcon_core.verb:set package 'sensors_camera_node' build argument 'cmake_target_skip_unavailable' from command line to 'False'
[0.589s] Level 5:colcon.colcon_core.verb:set package 'sensors_camera_node' build argument 'cmake_clean_cache' from command line to 'False'
[0.589s] Level 5:colcon.colcon_core.verb:set package 'sensors_camera_node' build argument 'cmake_clean_first' from command line to 'False'
[0.589s] Level 5:colcon.colcon_core.verb:set package 'sensors_camera_node' build argument 'cmake_force_configure' from command line to 'False'
[0.589s] Level 5:colcon.colcon_core.verb:set package 'sensors_camera_node' build argument 'ament_cmake_args' from command line to 'None'
[0.589s] Level 5:colcon.colcon_core.verb:set package 'sensors_camera_node' build argument 'catkin_cmake_args' from command line to 'None'
[0.589s] Level 5:colcon.colcon_core.verb:set package 'sensors_camera_node' build argument 'catkin_skip_building_tests' from command line to 'False'
[0.589s] DEBUG:colcon.colcon_core.verb:Building package 'sensors_camera_node' with the following arguments: {'ament_cmake_args': None, 'build_base': '/mnt/home/leflarsa/av/autonomous-vehicle-project/ros2_ws/build/sensors_camera_node', 'catkin_cmake_args': None, 'catkin_skip_building_tests': False, 'cmake_args': None, 'cmake_clean_cache': False, 'cmake_clean_first': False, 'cmake_force_configure': False, 'cmake_target': None, 'cmake_target_skip_unavailable': False, 'install_base': '/mnt/home/leflarsa/av/autonomous-vehicle-project/ros2_ws/install/sensors_camera_node', 'merge_install': False, 'path': '/mnt/home/leflarsa/av/autonomous-vehicle-project/ros2_ws/src/sensors_camera_node', 'symlink_install': True, 'test_result_base': None}
[0.590s] Level 5:colcon.colcon_core.verb:set package 'sensors_imu_bridge' build argument 'cmake_args' from command line to 'None'
[0.590s] Level 5:colcon.colcon_core.verb:set package 'sensors_imu_bridge' build argument 'cmake_target' from command line to 'None'
[0.590s] Level 5:colcon.colcon_core.verb:set package 'sensors_imu_bridge' build argument 'cmake_target_skip_unavailable' from command line to 'False'
[0.590s] Level 5:colcon.colcon_core.verb:set package 'sensors_imu_bridge' build argument 'cmake_clean_cache' from command line to 'False'
[0.590s] Level 5:colcon.colcon_core.verb:set package 'sensors_imu_bridge' build argument 'cmake_clean_first' from command line to 'False'
[0.590s] Level 5:colcon.colcon_core.verb:set package 'sensors_imu_bridge' build argument 'cmake_force_configure' from command line to 'False'
[0.590s] Level 5:colcon.colcon_core.verb:set package 'sensors_imu_bridge' build argument 'ament_cmake_args' from command line to 'None'
[0.590s] Level 5:colcon.colcon_core.verb:set package 'sensors_imu_bridge' build argument 'catkin_cmake_args' from command line to 'None'
[0.590s] Level 5:colcon.colcon_core.verb:set package 'sensors_imu_bridge' build argument 'catkin_skip_building_tests' from command line to 'False'
[0.590s] DEBUG:colcon.colcon_core.verb:Building package 'sensors_imu_bridge' with the following arguments: {'ament_cmake_args': None, 'build_base': '/mnt/home/leflarsa/av/autonomous-vehicle-project/ros2_ws/build/sensors_imu_bridge', 'catkin_cmake_args': None, 'catkin_skip_building_tests': False, 'cmake_args': None, 'cmake_clean_cache': False, 'cmake_clean_first': False, 'cmake_force_configure': False, 'cmake_target': None, 'cmake_target_skip_unavailable': False, 'install_base': '/mnt/home/leflarsa/av/autonomous-vehicle-project/ros2_ws/install/sensors_imu_bridge', 'merge_install': False, 'path': '/mnt/home/leflarsa/av/autonomous-vehicle-project/ros2_ws/src/sensors_imu_bridge', 'symlink_install': True, 'test_result_base': None}
[0.590s] Level 5:colcon.colcon_core.verb:set package 'sensors_lidar_bridge' build argument 'cmake_args' from command line to 'None'
[0.590s] Level 5:colcon.colcon_core.verb:set package 'sensors_lidar_bridge' build argument 'cmake_target' from command line to 'None'
[0.590s] Level 5:colcon.colcon_core.verb:set package 'sensors_lidar_bridge' build argument 'cmake_target_skip_unavailable' from command line to 'False'
[0.590s] Level 5:colcon.colcon_core.verb:set package 'sensors_lidar_bridge' build argument 'cmake_clean_cache' from command line to 'False'
[0.590s] Level 5:colcon.colcon_core.verb:set package 'sensors_lidar_bridge' build argument 'cmake_clean_first' from command line to 'False'
[0.590s] Level 5:colcon.colcon_core.verb:set package 'sensors_lidar_bridge' build argument 'cmake_force_configure' from command line to 'False'
[0.590s] Level 5:colcon.colcon_core.verb:set package 'sensors_lidar_bridge' build argument 'ament_cmake_args' from command line to 'None'
[0.590s] Level 5:colcon.colcon_core.verb:set package 'sensors_lidar_bridge' build argument 'catkin_cmake_args' from command line to 'None'
[0.590s] Level 5:colcon.colcon_core.verb:set package 'sensors_lidar_bridge' build argument 'catkin_skip_building_tests' from command line to 'False'
[0.590s] DEBUG:colcon.colcon_core.verb:Building package 'sensors_lidar_bridge' with the following arguments: {'ament_cmake_args': None, 'build_base': '/mnt/home/leflarsa/av/autonomous-vehicle-project/ros2_ws/build/sensors_lidar_bridge', 'catkin_cmake_args': None, 'catkin_skip_building_tests': False, 'cmake_args': None, 'cmake_clean_cache': False, 'cmake_clean_first': False, 'cmake_force_configure': False, 'cmake_target': None, 'cmake_target_skip_unavailable': False, 'install_base': '/mnt/home/leflarsa/av/autonomous-vehicle-project/ros2_ws/install/sensors_lidar_bridge', 'merge_install': False, 'path': '/mnt/home/leflarsa/av/autonomous-vehicle-project/ros2_ws/src/sensors_lidar_bridge', 'symlink_install': True, 'test_result_base': None}
[0.590s] INFO:colcon.colcon_core.executor:Executing jobs using 'parallel' executor
[0.591s] DEBUG:colcon.colcon_parallel_executor.executor.parallel:run_until_complete
[0.592s] INFO:colcon.colcon_ros.task.ament_cmake.build:Building ROS package in '/mnt/home/leflarsa/av/autonomous-vehicle-project/ros2_ws/src/curvy_road' with build type 'ament_cmake'
[0.592s] INFO:colcon.colcon_cmake.task.cmake.build:Building CMake package in '/mnt/home/leflarsa/av/autonomous-vehicle-project/ros2_ws/src/curvy_road'
[0.594s] INFO:colcon.colcon_core.plugin_system:Skipping extension 'colcon_core.shell.bat': Not used on non-Windows systems
[0.594s] INFO:colcon.colcon_core.shell:Skip shell extension 'powershell' for command environment: Not usable outside of PowerShell
[0.594s] DEBUG:colcon.colcon_core.shell:Skip shell extension 'dsv' for command environment
[0.595s] WARNING:colcon.colcon_core.prefix_path.colcon:The path '/mnt/home/leflarsa/autonomous-vehicle-project/ros2_ws/install' in the environment variable COLCON_PREFIX_PATH doesn't exist
[0.611s] INFO:colcon.colcon_ros.task.ament_python.build:Building ROS package in '/mnt/home/leflarsa/av/autonomous-vehicle-project/ros2_ws/src/perception_ml_node' with build type 'ament_python'
[0.611s] Level 1:colcon.colcon_core.shell:create_environment_hook('perception_ml_node', 'ament_prefix_path')
[0.611s] INFO:colcon.colcon_core.shell:Creating environment hook '/mnt/home/leflarsa/av/autonomous-vehicle-project/ros2_ws/install/perception_ml_node/share/perception_ml_node/hook/ament_prefix_path.ps1'
[0.617s] INFO:colcon.colcon_core.shell:Creating environment descriptor '/mnt/home/leflarsa/av/autonomous-vehicle-project/ros2_ws/install/perception_ml_node/share/perception_ml_node/hook/ament_prefix_path.dsv'
[0.621s] INFO:colcon.colcon_core.shell:Creating environment hook '/mnt/home/leflarsa/av/autonomous-vehicle-project/ros2_ws/install/perception_ml_node/share/perception_ml_node/hook/ament_prefix_path.sh'
[0.623s] INFO:colcon.colcon_core.shell:Skip shell extension 'powershell' for command environment: Not usable outside of PowerShell
[0.623s] DEBUG:colcon.colcon_core.shell:Skip shell extension 'dsv' for command environment
[0.631s] INFO:colcon.colcon_core.task.python.build:Building Python package in '/mnt/home/leflarsa/av/autonomous-vehicle-project/ros2_ws/src/perception_sync_node'
[0.631s] INFO:colcon.colcon_core.shell:Skip shell extension 'powershell' for command environment: Not usable outside of PowerShell
[0.631s] DEBUG:colcon.colcon_core.shell:Skip shell extension 'dsv' for command environment
[0.639s] INFO:colcon.colcon_ros.task.ament_python.build:Building ROS package in '/mnt/home/leflarsa/av/autonomous-vehicle-project/ros2_ws/src/sensors_camera_node' with build type 'ament_python'
[0.639s] Level 1:colcon.colcon_core.shell:create_environment_hook('sensors_camera_node', 'ament_prefix_path')
[0.640s] INFO:colcon.colcon_core.shell:Creating environment hook '/mnt/home/leflarsa/av/autonomous-vehicle-project/ros2_ws/install/sensors_camera_node/share/sensors_camera_node/hook/ament_prefix_path.ps1'
[0.645s] INFO:colcon.colcon_core.shell:Creating environment descriptor '/mnt/home/leflarsa/av/autonomous-vehicle-project/ros2_ws/install/sensors_camera_node/share/sensors_camera_node/hook/ament_prefix_path.dsv'
[0.647s] INFO:colcon.colcon_core.shell:Creating environment hook '/mnt/home/leflarsa/av/autonomous-vehicle-project/ros2_ws/install/sensors_camera_node/share/sensors_camera_node/hook/ament_prefix_path.sh'
[0.650s] INFO:colcon.colcon_core.shell:Skip shell extension 'powershell' for command environment: Not usable outside of PowerShell
[0.650s] DEBUG:colcon.colcon_core.shell:Skip shell extension 'dsv' for command environment
[0.657s] INFO:colcon.colcon_ros.task.ament_python.build:Building ROS package in '/mnt/home/leflarsa/av/autonomous-vehicle-project/ros2_ws/src/sensors_imu_bridge' with build type 'ament_python'
[0.657s] Level 1:colcon.colcon_core.shell:create_environment_hook('sensors_imu_bridge', 'ament_prefix_path')
[0.658s] INFO:colcon.colcon_core.shell:Creating environment hook '/mnt/home/leflarsa/av/autonomous-vehicle-project/ros2_ws/install/sensors_imu_bridge/share/sensors_imu_bridge/hook/ament_prefix_path.ps1'
[0.670s] INFO:colcon.colcon_core.shell:Creating environment descriptor '/mnt/home/leflarsa/av/autonomous-vehicle-project/ros2_ws/install/sensors_imu_bridge/share/sensors_imu_bridge/hook/ament_prefix_path.dsv'
[0.672s] INFO:colcon.colcon_core.shell:Creating environment hook '/mnt/home/leflarsa/av/autonomous-vehicle-project/ros2_ws/install/sensors_imu_bridge/share/sensors_imu_bridge/hook/ament_prefix_path.sh'
[0.675s] INFO:colcon.colcon_core.shell:Skip shell extension 'powershell' for command environment: Not usable outside of PowerShell
[0.675s] DEBUG:colcon.colcon_core.shell:Skip shell extension 'dsv' for command environment
[0.682s] INFO:colcon.colcon_ros.task.ament_python.build:Building ROS package in '/mnt/home/leflarsa/av/autonomous-vehicle-project/ros2_ws/src/sensors_lidar_bridge' with build type 'ament_python'
[0.682s] Level 1:colcon.colcon_core.shell:create_environment_hook('sensors_lidar_bridge', 'ament_prefix_path')
[0.683s] INFO:colcon.colcon_core.shell:Creating environment hook '/mnt/home/leflarsa/av/autonomous-vehicle-project/ros2_ws/install/sensors_lidar_bridge/share/sensors_lidar_bridge/hook/ament_prefix_path.ps1'
[0.694s] INFO:colcon.colcon_core.shell:Creating environment descriptor '/mnt/home/leflarsa/av/autonomous-vehicle-project/ros2_ws/install/sensors_lidar_bridge/share/sensors_lidar_bridge/hook/ament_prefix_path.dsv'
[0.696s] INFO:colcon.colcon_core.shell:Creating environment hook '/mnt/home/leflarsa/av/autonomous-vehicle-project/ros2_ws/install/sensors_lidar_bridge/share/sensors_lidar_bridge/hook/ament_prefix_path.sh'
[0.699s] INFO:colcon.colcon_core.shell:Skip shell extension 'powershell' for command environment: Not usable outside of PowerShell
[0.699s] DEBUG:colcon.colcon_core.shell:Skip shell extension 'dsv' for command environment
[0.738s] DEBUG:colcon.colcon_core.event_handler.log_command:Invoking command in '/mnt/home/leflarsa/av/autonomous-vehicle-project/ros2_ws/build/curvy_road': CMAKE_PREFIX_PATH=/opt/ros/humble PS1=humble:\u@\h:\w\$ /usr/bin/cmake --build /mnt/home/leflarsa/av/autonomous-vehicle-project/ros2_ws/build/curvy_road -- -j6 -l6
[0.977s] INFO:colcon.colcon_core.task.python.build:Building Python package in '/mnt/home/leflarsa/av/autonomous-vehicle-project/ros2_ws/src/perception_ml_node'
[0.978s] INFO:colcon.colcon_core.shell:Skip shell extension 'powershell' for command environment: Not usable outside of PowerShell
[0.978s] DEBUG:colcon.colcon_core.shell:Skip shell extension 'dsv' for command environment
[1.489s] WARNING:colcon.colcon_ros.task.ament_python.build:Package 'sensors_camera_node' doesn't explicitly install a marker in the package index (colcon-ros currently does it implicitly but that fallback will be removed in the future)
[1.497s] INFO:colcon.colcon_core.task.python.build:Building Python package in '/mnt/home/leflarsa/av/autonomous-vehicle-project/ros2_ws/src/sensors_camera_node'
[1.497s] INFO:colcon.colcon_core.shell:Skip shell extension 'powershell' for command environment: Not usable outside of PowerShell
[1.497s] DEBUG:colcon.colcon_core.shell:Skip shell extension 'dsv' for command environment
[1.748s] WARNING:colcon.colcon_ros.task.ament_python.build:Package 'sensors_imu_bridge' doesn't explicitly install a marker in the package index (colcon-ros currently does it implicitly but that fallback will be removed in the future)
[1.758s] INFO:colcon.colcon_core.task.python.build:Building Python package in '/mnt/home/leflarsa/av/autonomous-vehicle-project/ros2_ws/src/sensors_imu_bridge'
[1.758s] INFO:colcon.colcon_core.shell:Skip shell extension 'powershell' for command environment: Not usable outside of PowerShell
[1.758s] DEBUG:colcon.colcon_core.shell:Skip shell extension 'dsv' for command environment
[2.011s] WARNING:colcon.colcon_ros.task.ament_python.build:Package 'sensors_lidar_bridge' doesn't explicitly install a marker in the package index (colcon-ros currently does it implicitly but that fallback will be removed in the future)
[2.021s] INFO:colcon.colcon_core.task.python.build:Building Python package in '/mnt/home/leflarsa/av/autonomous-vehicle-project/ros2_ws/src/sensors_lidar_bridge'
[2.021s] INFO:colcon.colcon_core.shell:Skip shell extension 'powershell' for command environment: Not usable outside of PowerShell
[2.021s] DEBUG:colcon.colcon_core.shell:Skip shell extension 'dsv' for command environment
[2.035s] DEBUG:colcon.colcon_core.event_handler.log_command:Invoked command in '/mnt/home/leflarsa/av/autonomous-vehicle-project/ros2_ws/build/curvy_road' returned '2': CMAKE_PREFIX_PATH=/opt/ros/humble PS1=humble:\u@\h:\w\$ /usr/bin/cmake --build /mnt/home/leflarsa/av/autonomous-vehicle-project/ros2_ws/build/curvy_road -- -j6 -l6
[2.036s] Level 1:colcon.colcon_core.environment:create_environment_scripts_only(curvy_road)
[2.038s] Level 1:colcon.colcon_core.environment:checking '/mnt/home/leflarsa/av/autonomous-vehicle-project/ros2_ws/install/curvy_road' for CMake module files
[2.042s] Level 1:colcon.colcon_core.environment:checking '/mnt/home/leflarsa/av/autonomous-vehicle-project/ros2_ws/install/curvy_road' for CMake config files
[2.046s] Level 1:colcon.colcon_core.environment:checking '/mnt/home/leflarsa/av/autonomous-vehicle-project/ros2_ws/install/curvy_road/bin'
[2.046s] Level 1:colcon.colcon_core.environment:checking '/mnt/home/leflarsa/av/autonomous-vehicle-project/ros2_ws/install/curvy_road/lib/pkgconfig/curvy_road.pc'
[2.046s] Level 1:colcon.colcon_core.environment:checking '/mnt/home/leflarsa/av/autonomous-vehicle-project/ros2_ws/install/curvy_road/lib/python3.10/site-packages'
[2.047s] Level 1:colcon.colcon_core.environment:checking '/mnt/home/leflarsa/av/autonomous-vehicle-project/ros2_ws/install/curvy_road/bin'
[2.047s] INFO:colcon.colcon_core.shell:Creating package script '/mnt/home/leflarsa/av/autonomous-vehicle-project/ros2_ws/install/curvy_road/share/curvy_road/package.ps1'
[2.050s] INFO:colcon.colcon_core.shell:Creating package descriptor '/mnt/home/leflarsa/av/autonomous-vehicle-project/ros2_ws/install/curvy_road/share/curvy_road/package.dsv'
[2.053s] INFO:colcon.colcon_core.shell:Creating package script '/mnt/home/leflarsa/av/autonomous-vehicle-project/ros2_ws/install/curvy_road/share/curvy_road/package.sh'
[2.057s] INFO:colcon.colcon_core.shell:Creating package script '/mnt/home/leflarsa/av/autonomous-vehicle-project/ros2_ws/install/curvy_road/share/curvy_road/package.bash'
[2.061s] INFO:colcon.colcon_core.shell:Creating package script '/mnt/home/leflarsa/av/autonomous-vehicle-project/ros2_ws/install/curvy_road/share/curvy_road/package.zsh'
[2.065s] Level 1:colcon.colcon_core.environment:create_file_with_runtime_dependencies(/mnt/home/leflarsa/av/autonomous-vehicle-project/ros2_ws/install/curvy_road/share/colcon-core/packages/curvy_road)
[2.099s] DEBUG:colcon.colcon_parallel_executor.executor.parallel:closing loop
[2.099s] DEBUG:colcon.colcon_parallel_executor.executor.parallel:loop closed
[2.099s] DEBUG:colcon.colcon_parallel_executor.executor.parallel:run_until_complete finished with '2'
[2.099s] DEBUG:colcon.colcon_core.event_reactor:joining thread
[2.104s] INFO:colcon.colcon_core.plugin_system:Skipping extension 'colcon_notification.desktop_notification.notify_send': Could not find 'notify-send'
[2.104s] INFO:colcon.colcon_core.plugin_system:Skipping extension 'colcon_notification.desktop_notification.terminal_notifier': Not used on non-Darwin systems
[2.104s] INFO:colcon.colcon_core.plugin_system:Skipping extension 'colcon_notification.desktop_notification.win32': Not used on non-Windows systems
[2.104s] INFO:colcon.colcon_notification.desktop_notification:Sending desktop notification using 'notify2'
[2.317s] DEBUG:colcon.colcon_core.event_reactor:joined thread
[2.317s] INFO:colcon.colcon_core.shell:Creating prefix script '/mnt/home/leflarsa/av/autonomous-vehicle-project/ros2_ws/install/local_setup.ps1'
[2.321s] INFO:colcon.colcon_core.shell:Creating prefix util module '/mnt/home/leflarsa/av/autonomous-vehicle-project/ros2_ws/install/_local_setup_util_ps1.py'
[2.325s] INFO:colcon.colcon_core.shell:Creating prefix chain script '/mnt/home/leflarsa/av/autonomous-vehicle-project/ros2_ws/install/setup.ps1'
[2.329s] INFO:colcon.colcon_core.shell:Creating prefix script '/mnt/home/leflarsa/av/autonomous-vehicle-project/ros2_ws/install/local_setup.sh'
[2.332s] INFO:colcon.colcon_core.shell:Creating prefix util module '/mnt/home/leflarsa/av/autonomous-vehicle-project/ros2_ws/install/_local_setup_util_sh.py'
[2.335s] INFO:colcon.colcon_core.shell:Creating prefix chain script '/mnt/home/leflarsa/av/autonomous-vehicle-project/ros2_ws/install/setup.sh'
[2.338s] INFO:colcon.colcon_core.shell:Creating prefix script '/mnt/home/leflarsa/av/autonomous-vehicle-project/ros2_ws/install/local_setup.bash'
[2.342s] INFO:colcon.colcon_core.shell:Creating prefix chain script '/mnt/home/leflarsa/av/autonomous-vehicle-project/ros2_ws/install/setup.bash'
[2.345s] INFO:colcon.colcon_core.shell:Creating prefix script '/mnt/home/leflarsa/av/autonomous-vehicle-project/ros2_ws/install/local_setup.zsh'
[2.348s] INFO:colcon.colcon_core.shell:Creating prefix chain script '/mnt/home/leflarsa/av/autonomous-vehicle-project/ros2_ws/install/setup.zsh'
