[0.080s] Invoking command in '/home/eceteam4/ECE480Team4/ros2_ws/build/vesc_msgs': CMAKE_PREFIX_PATH=/opt/ros/humble /usr/bin/cmake --build /home/eceteam4/ECE480Team4/ros2_ws/build/vesc_msgs -- -j6 -l6
[1.436s] -- The C compiler identification is GNU 11.4.0
[1.438s] [0mCMake Deprecation Warning at CMakeLists.txt:1 (cmake_minimum_required):
[1.439s]   Compatibility with CMake < 3.10 will be removed from a future version of
[1.439s]   CMake.
[1.439s] 
[1.439s]   Update the VERSION argument <min> value.  Or, use the <min>...<max> syntax
[1.439s]   to tell CMake that the project requires at least <min> but has been updated
[1.439s]   to work with policies introduced by <max> or earlier.
[1.439s] 
[1.439s] [0m
[1.589s] -- The CXX compiler identification is GNU 11.4.0
[1.655s] -- Detecting C compiler ABI info
[1.878s] -- Detecting C compiler ABI info - done
[1.921s] -- Check for working C compiler: /usr/bin/cc - skipped
[1.923s] -- Detecting C compile features
[1.924s] -- Detecting C compile features - done
[1.970s] -- Detecting CXX compiler ABI info
[2.183s] -- Detecting CXX compiler ABI info - done
[2.220s] -- Check for working CXX compiler: /usr/bin/c++ - skipped
[2.220s] -- Detecting CXX compile features
[2.222s] -- Detecting CXX compile features - done
[2.237s] -- Found ament_cmake_auto: 1.3.13 (/opt/ros/humble/share/ament_cmake_auto/cmake)
[2.590s] -- Found Python3: /usr/bin/python3 (found version "3.10.12") found components: Interpreter
[2.715s] -- Override CMake install command with custom implementation using symlinks instead of copying resources
[2.928s] -- Using all available rosidl_typesupport_c: rosidl_typesupport_fastrtps_c;rosidl_typesupport_introspection_c
[2.934s] -- Found rosidl_adapter: 3.1.8 (/opt/ros/humble/share/rosidl_adapter/cmake)
[3.026s] -- Using all available rosidl_typesupport_cpp: rosidl_typesupport_fastrtps_cpp;rosidl_typesupport_introspection_cpp
[4.520s] -- Found ament_cmake_ros: 0.10.0 (/opt/ros/humble/share/ament_cmake_ros/cmake)
[5.583s] -- Using all available rosidl_typesupport_c: rosidl_typesupport_fastrtps_c;rosidl_typesupport_introspection_c
[7.488s] -- Using all available rosidl_typesupport_cpp: rosidl_typesupport_fastrtps_cpp;rosidl_typesupport_introspection_cpp
[7.495s] [33mCMake Warning (dev) at /opt/ros/humble/share/rosidl_generator_py/cmake/rosidl_generator_py_generate_interfaces.cmake:20 (find_package):
[7.495s]   Policy CMP0148 is not set: The FindPythonInterp and FindPythonLibs modules
[7.495s]   are removed.  Run "cmake --help-policy CMP0148" for policy details.  Use
[7.495s]   the cmake_policy command to set the policy and suppress this warning.
[7.495s] 
[7.495s] Call Stack (most recent call first):
[7.495s]   /opt/ros/humble/share/ament_cmake_core/cmake/core/ament_execute_extensions.cmake:48 (include)
[7.496s]   /opt/ros/humble/share/rosidl_cmake/cmake/rosidl_generate_interfaces.cmake:286 (ament_execute_extensions)
[7.496s]   CMakeLists.txt:7 (rosidl_generate_interfaces)
[7.496s] This warning is for project developers.  Use -Wno-dev to suppress it.
[7.496s] [0m
[7.578s] -- Found python_cmake_module: 0.10.0 (/opt/ros/humble/share/python_cmake_module/cmake)
[7.580s] [33mCMake Warning (dev) at /opt/ros/humble/share/python_cmake_module/cmake/Modules/FindPythonExtra.cmake:52 (find_package):
[7.580s]   Policy CMP0148 is not set: The FindPythonInterp and FindPythonLibs modules
[7.581s]   are removed.  Run "cmake --help-policy CMP0148" for policy details.  Use
[7.581s]   the cmake_policy command to set the policy and suppress this warning.
[7.581s] 
[7.581s] Call Stack (most recent call first):
[7.581s]   /opt/ros/humble/share/rosidl_generator_py/cmake/rosidl_generator_py_generate_interfaces.cmake:23 (find_package)
[7.581s]   /opt/ros/humble/share/ament_cmake_core/cmake/core/ament_execute_extensions.cmake:48 (include)
[7.581s]   /opt/ros/humble/share/rosidl_cmake/cmake/rosidl_generate_interfaces.cmake:286 (ament_execute_extensions)
[7.581s]   CMakeLists.txt:7 (rosidl_generate_interfaces)
[7.581s] This warning is for project developers.  Use -Wno-dev to suppress it.
[7.582s] [0m
[7.665s] [33mCMake Warning (dev) at /opt/ros/humble/share/python_cmake_module/cmake/Modules/FindPythonExtra.cmake:140 (find_package):
[7.665s]   Policy CMP0148 is not set: The FindPythonInterp and FindPythonLibs modules
[7.666s]   are removed.  Run "cmake --help-policy CMP0148" for policy details.  Use
[7.666s]   the cmake_policy command to set the policy and suppress this warning.
[7.666s] 
[7.666s] Call Stack (most recent call first):
[7.666s]   /opt/ros/humble/share/rosidl_generator_py/cmake/rosidl_generator_py_generate_interfaces.cmake:23 (find_package)
[7.666s]   /opt/ros/humble/share/ament_cmake_core/cmake/core/ament_execute_extensions.cmake:48 (include)
[7.666s]   /opt/ros/humble/share/rosidl_cmake/cmake/rosidl_generate_interfaces.cmake:286 (ament_execute_extensions)
[7.666s]   CMakeLists.txt:7 (rosidl_generate_interfaces)
[7.666s] This warning is for project developers.  Use -Wno-dev to suppress it.
[7.667s] [0m
[7.675s] -- Using PYTHON_EXECUTABLE: /usr/bin/python3
[7.675s] -- Using PYTHON_INCLUDE_DIRS: /usr/include/python3.10
[7.675s] -- Using PYTHON_LIBRARIES: /usr/lib/aarch64-linux-gnu/libpython3.10.so
[7.845s] -- Found ament_lint_auto: 0.12.15 (/opt/ros/humble/share/ament_lint_auto/cmake)
[7.943s] -- Added test 'copyright' to check source files copyright and LICENSE
[7.955s] -- Added test 'lint_cmake' to check CMake code style
[7.963s] -- Added test 'xmllint' to check XML markup files
[7.997s] -- Configuring done (7.7s)
[8.318s] -- Generating done (0.3s)
[8.372s] -- Build files have been written to: /home/eceteam4/ECE480Team4/ros2_ws/build/vesc_msgs
[8.443s] [  1%] Built target vesc_msgs__cpp
[8.500s] [  1%] Built target ament_cmake_python_symlink_vesc_msgs
[8.507s] [  3%] [32mBuilding C object CMakeFiles/vesc_msgs__rosidl_generator_c.dir/rosidl_generator_c/vesc_msgs/msg/detail/vesc_cmd__functions.c.o[0m
[8.518s] [  4%] [32mBuilding C object CMakeFiles/vesc_msgs__rosidl_generator_c.dir/rosidl_generator_c/vesc_msgs/msg/detail/vesc_imu__functions.c.o[0m
[8.555s] [  6%] [32mBuilding CXX object CMakeFiles/vesc_msgs__rosidl_typesupport_cpp.dir/rosidl_typesupport_cpp/vesc_msgs/msg/vesc_cmd__type_support.cpp.o[0m
[8.583s] [  7%] [32mBuilding CXX object CMakeFiles/vesc_msgs__rosidl_typesupport_fastrtps_cpp.dir/rosidl_typesupport_fastrtps_cpp/vesc_msgs/msg/detail/dds_fastrtps/vesc_cmd__type_support.cpp.o[0m
[8.619s] [  9%] [32mBuilding CXX object CMakeFiles/vesc_msgs__rosidl_typesupport_introspection_cpp.dir/rosidl_typesupport_introspection_cpp/vesc_msgs/msg/detail/vesc_cmd__type_support.cpp.o[0m
[8.779s] [ 11%] [32mBuilding C object CMakeFiles/vesc_msgs__rosidl_generator_c.dir/rosidl_generator_c/vesc_msgs/msg/detail/vesc_imu_stamped__functions.c.o[0m
[8.791s] [ 12%] [32mBuilding C object CMakeFiles/vesc_msgs__rosidl_generator_c.dir/rosidl_generator_c/vesc_msgs/msg/detail/vesc_state__functions.c.o[0m
[8.943s] [ 14%] [32mBuilding C object CMakeFiles/vesc_msgs__rosidl_generator_c.dir/rosidl_generator_c/vesc_msgs/msg/detail/vesc_state_stamped__functions.c.o[0m
[9.005s] [ 15%] [32mBuilding CXX object CMakeFiles/vesc_msgs__rosidl_typesupport_cpp.dir/rosidl_typesupport_cpp/vesc_msgs/msg/vesc_imu__type_support.cpp.o[0m
[9.157s] [ 17%] [1m[32mLinking C shared library libvesc_msgs__rosidl_generator_c.so[0m
[9.824s] running egg_info
[9.825s] writing vesc_msgs.egg-info/PKG-INFO
[9.826s] writing dependency_links to vesc_msgs.egg-info/dependency_links.txt
[9.826s] writing top-level names to vesc_msgs.egg-info/top_level.txt
[9.831s] reading manifest file 'vesc_msgs.egg-info/SOURCES.txt'
[9.898s] writing manifest file 'vesc_msgs.egg-info/SOURCES.txt'
[10.800s] [ 17%] Built target ament_cmake_python_build_vesc_msgs_egg
[10.811s] [ 19%] [32mBuilding CXX object CMakeFiles/vesc_msgs__rosidl_typesupport_cpp.dir/rosidl_typesupport_cpp/vesc_msgs/msg/vesc_imu_stamped__type_support.cpp.o[0m
[10.829s] [ 20%] [32mBuilding CXX object CMakeFiles/vesc_msgs__rosidl_typesupport_introspection_cpp.dir/rosidl_typesupport_introspection_cpp/vesc_msgs/msg/detail/vesc_imu__type_support.cpp.o[0m
[10.836s] [ 22%] [32mBuilding CXX object CMakeFiles/vesc_msgs__rosidl_typesupport_cpp.dir/rosidl_typesupport_cpp/vesc_msgs/msg/vesc_state__type_support.cpp.o[0m
[10.839s] [ 23%] [32mBuilding CXX object CMakeFiles/vesc_msgs__rosidl_typesupport_fastrtps_cpp.dir/rosidl_typesupport_fastrtps_cpp/vesc_msgs/msg/detail/dds_fastrtps/vesc_imu__type_support.cpp.o[0m
[11.003s] [ 25%] [32mBuilding CXX object CMakeFiles/vesc_msgs__rosidl_typesupport_cpp.dir/rosidl_typesupport_cpp/vesc_msgs/msg/vesc_state_stamped__type_support.cpp.o[0m
[11.969s] [ 26%] Built target vesc_msgs__rosidl_generator_c
[12.003s] [ 28%] [32mBuilding CXX object CMakeFiles/vesc_msgs__rosidl_typesupport_fastrtps_cpp.dir/rosidl_typesupport_fastrtps_cpp/vesc_msgs/msg/detail/dds_fastrtps/vesc_imu_stamped__type_support.cpp.o[0m
[12.863s] [ 30%] [32mBuilding CXX object CMakeFiles/vesc_msgs__rosidl_typesupport_fastrtps_cpp.dir/rosidl_typesupport_fastrtps_cpp/vesc_msgs/msg/detail/dds_fastrtps/vesc_state__type_support.cpp.o[0m
[12.971s] [ 31%] [32mBuilding CXX object CMakeFiles/vesc_msgs__rosidl_typesupport_fastrtps_cpp.dir/rosidl_typesupport_fastrtps_cpp/vesc_msgs/msg/detail/dds_fastrtps/vesc_state_stamped__type_support.cpp.o[0m
[12.981s] [ 33%] [1m[32mLinking CXX shared library libvesc_msgs__rosidl_typesupport_cpp.so[0m
[13.144s] [ 34%] Built target vesc_msgs__rosidl_typesupport_cpp
[13.284s] [ 36%] [32mBuilding CXX object CMakeFiles/vesc_msgs__rosidl_typesupport_fastrtps_c.dir/rosidl_typesupport_fastrtps_c/vesc_msgs/msg/detail/vesc_cmd__type_support_c.cpp.o[0m
[13.355s] [ 38%] [32mBuilding C object CMakeFiles/vesc_msgs__rosidl_typesupport_introspection_c.dir/rosidl_typesupport_introspection_c/vesc_msgs/msg/detail/vesc_cmd__type_support.c.o[0m
[13.452s] [ 39%] [32mBuilding CXX object CMakeFiles/vesc_msgs__rosidl_typesupport_introspection_cpp.dir/rosidl_typesupport_introspection_cpp/vesc_msgs/msg/detail/vesc_imu_stamped__type_support.cpp.o[0m
[13.471s] [ 41%] [32mBuilding CXX object CMakeFiles/vesc_msgs__rosidl_typesupport_fastrtps_c.dir/rosidl_typesupport_fastrtps_c/vesc_msgs/msg/detail/vesc_imu__type_support_c.cpp.o[0m
[13.509s] [ 42%] [32mBuilding C object CMakeFiles/vesc_msgs__rosidl_typesupport_introspection_c.dir/rosidl_typesupport_introspection_c/vesc_msgs/msg/detail/vesc_imu__type_support.c.o[0m
[13.691s] [ 44%] [32mBuilding C object CMakeFiles/vesc_msgs__rosidl_typesupport_introspection_c.dir/rosidl_typesupport_introspection_c/vesc_msgs/msg/detail/vesc_imu_stamped__type_support.c.o[0m
[13.896s] [ 46%] [32mBuilding C object CMakeFiles/vesc_msgs__rosidl_typesupport_introspection_c.dir/rosidl_typesupport_introspection_c/vesc_msgs/msg/detail/vesc_state__type_support.c.o[0m
[14.007s] [ 47%] [32mBuilding CXX object CMakeFiles/vesc_msgs__rosidl_typesupport_fastrtps_c.dir/rosidl_typesupport_fastrtps_c/vesc_msgs/msg/detail/vesc_imu_stamped__type_support_c.cpp.o[0m
[14.016s] [ 49%] [32mBuilding C object CMakeFiles/vesc_msgs__rosidl_typesupport_introspection_c.dir/rosidl_typesupport_introspection_c/vesc_msgs/msg/detail/vesc_state_stamped__type_support.c.o[0m
[14.094s] [ 50%] [1m[32mLinking CXX shared library libvesc_msgs__rosidl_typesupport_fastrtps_cpp.so[0m
[14.168s] [ 52%] [1m[32mLinking C shared library libvesc_msgs__rosidl_typesupport_introspection_c.so[0m
[14.196s] [ 53%] [32mBuilding CXX object CMakeFiles/vesc_msgs__rosidl_typesupport_fastrtps_c.dir/rosidl_typesupport_fastrtps_c/vesc_msgs/msg/detail/vesc_state__type_support_c.cpp.o[0m
[14.299s] [ 55%] Built target vesc_msgs__rosidl_typesupport_introspection_c
[14.302s] [ 57%] [32mBuilding CXX object CMakeFiles/vesc_msgs__rosidl_typesupport_fastrtps_c.dir/rosidl_typesupport_fastrtps_c/vesc_msgs/msg/detail/vesc_state_stamped__type_support_c.cpp.o[0m
[14.335s] [ 58%] Built target vesc_msgs__rosidl_typesupport_fastrtps_cpp
[14.347s] [ 60%] [32mBuilding CXX object CMakeFiles/vesc_msgs__rosidl_typesupport_introspection_cpp.dir/rosidl_typesupport_introspection_cpp/vesc_msgs/msg/detail/vesc_state__type_support.cpp.o[0m
[14.367s] [ 61%] [32mBuilding CXX object CMakeFiles/vesc_msgs__rosidl_typesupport_c.dir/rosidl_typesupport_c/vesc_msgs/msg/vesc_cmd__type_support.cpp.o[0m
[14.473s] [ 63%] [32mBuilding CXX object CMakeFiles/vesc_msgs__rosidl_typesupport_introspection_cpp.dir/rosidl_typesupport_introspection_cpp/vesc_msgs/msg/detail/vesc_state_stamped__type_support.cpp.o[0m
[14.519s] [ 65%] [32mBuilding CXX object CMakeFiles/vesc_msgs__rosidl_typesupport_c.dir/rosidl_typesupport_c/vesc_msgs/msg/vesc_imu__type_support.cpp.o[0m
[14.655s] [ 66%] [32mBuilding CXX object CMakeFiles/vesc_msgs__rosidl_typesupport_c.dir/rosidl_typesupport_c/vesc_msgs/msg/vesc_imu_stamped__type_support.cpp.o[0m
[14.816s] [ 68%] [32mBuilding CXX object CMakeFiles/vesc_msgs__rosidl_typesupport_c.dir/rosidl_typesupport_c/vesc_msgs/msg/vesc_state__type_support.cpp.o[0m
[14.895s] [ 69%] [32mBuilding CXX object CMakeFiles/vesc_msgs__rosidl_typesupport_c.dir/rosidl_typesupport_c/vesc_msgs/msg/vesc_state_stamped__type_support.cpp.o[0m
[14.947s] [ 71%] [1m[32mLinking CXX shared library libvesc_msgs__rosidl_typesupport_c.so[0m
[15.012s] [ 73%] Built target vesc_msgs__rosidl_typesupport_c
[15.106s] [ 74%] [1m[32mLinking CXX shared library libvesc_msgs__rosidl_typesupport_fastrtps_c.so[0m
[15.252s] [ 76%] Built target vesc_msgs__rosidl_typesupport_fastrtps_c
[15.351s] [ 77%] [1m[32mLinking CXX shared library libvesc_msgs__rosidl_typesupport_introspection_cpp.so[0m
[15.460s] [ 79%] Built target vesc_msgs__rosidl_typesupport_introspection_cpp
[15.485s] [ 79%] Built target vesc_msgs
[15.511s] [ 80%] Built target vesc_msgs__py
[15.559s] [ 84%] [32mBuilding C object CMakeFiles/vesc_msgs__rosidl_generator_py.dir/rosidl_generator_py/vesc_msgs/msg/_vesc_cmd_s.c.o[0m
[15.559s] [ 84%] [32mBuilding C object CMakeFiles/vesc_msgs__rosidl_generator_py.dir/rosidl_generator_py/vesc_msgs/msg/_vesc_imu_s.c.o[0m
[15.559s] [ 85%] [32mBuilding C object CMakeFiles/vesc_msgs__rosidl_generator_py.dir/rosidl_generator_py/vesc_msgs/msg/_vesc_state_s.c.o[0m
[15.562s] [ 87%] [32mBuilding C object CMakeFiles/vesc_msgs__rosidl_generator_py.dir/rosidl_generator_py/vesc_msgs/msg/_vesc_imu_stamped_s.c.o[0m
[15.565s] [ 88%] [32mBuilding C object CMakeFiles/vesc_msgs__rosidl_generator_py.dir/rosidl_generator_py/vesc_msgs/msg/_vesc_state_stamped_s.c.o[0m
[15.885s] [ 90%] [1m[32mLinking C shared library rosidl_generator_py/vesc_msgs/libvesc_msgs__rosidl_generator_py.so[0m
[15.955s] [ 90%] Built target vesc_msgs__rosidl_generator_py
[15.983s] [ 95%] [32mBuilding C object CMakeFiles/vesc_msgs__rosidl_typesupport_fastrtps_c__pyext.dir/rosidl_generator_py/vesc_msgs/_vesc_msgs_s.ep.rosidl_typesupport_fastrtps_c.c.o[0m
[15.984s] [ 95%] [32mBuilding C object CMakeFiles/vesc_msgs__rosidl_typesupport_c__pyext.dir/rosidl_generator_py/vesc_msgs/_vesc_msgs_s.ep.rosidl_typesupport_c.c.o[0m
[15.984s] [ 95%] [32mBuilding C object CMakeFiles/vesc_msgs__rosidl_typesupport_introspection_c__pyext.dir/rosidl_generator_py/vesc_msgs/_vesc_msgs_s.ep.rosidl_typesupport_introspection_c.c.o[0m
[16.184s] [ 96%] [1m[32mLinking C shared library rosidl_generator_py/vesc_msgs/vesc_msgs_s__rosidl_typesupport_c.cpython-310-aarch64-linux-gnu.so[0m
[16.241s] [ 96%] Built target vesc_msgs__rosidl_typesupport_c__pyext
[18.014s] [100%] [1m[32mLinking C shared library rosidl_generator_py/vesc_msgs/vesc_msgs_s__rosidl_typesupport_fastrtps_c.cpython-310-aarch64-linux-gnu.so[0m
[18.015s] [100%] [1m[32mLinking C shared library rosidl_generator_py/vesc_msgs/vesc_msgs_s__rosidl_typesupport_introspection_c.cpython-310-aarch64-linux-gnu.so[0m
[18.084s] [100%] Built target vesc_msgs__rosidl_typesupport_fastrtps_c__pyext
[18.084s] [100%] Built target vesc_msgs__rosidl_typesupport_introspection_c__pyext
[18.105s] Invoked command in '/home/eceteam4/ECE480Team4/ros2_ws/build/vesc_msgs' returned '0': CMAKE_PREFIX_PATH=/opt/ros/humble /usr/bin/cmake --build /home/eceteam4/ECE480Team4/ros2_ws/build/vesc_msgs -- -j6 -l6
[18.111s] Invoking command in '/home/eceteam4/ECE480Team4/ros2_ws/build/vesc_msgs': CMAKE_PREFIX_PATH=/opt/ros/humble /usr/bin/cmake --install /home/eceteam4/ECE480Team4/ros2_ws/build/vesc_msgs
[18.117s] -- Install configuration: ""
[18.118s] -- Execute custom install script
[18.120s] -- Up-to-date symlink: /home/eceteam4/ECE480Team4/ros2_ws/install/vesc_msgs/share/ament_index/resource_index/rosidl_interfaces/vesc_msgs
[18.124s] -- Up-to-date symlink: /home/eceteam4/ECE480Team4/ros2_ws/install/vesc_msgs/include/vesc_msgs/vesc_msgs/msg/detail/vesc_cmd__functions.h
[18.125s] -- Up-to-date symlink: /home/eceteam4/ECE480Team4/ros2_ws/install/vesc_msgs/include/vesc_msgs/vesc_msgs/msg/detail/vesc_cmd__struct.h
[18.125s] -- Up-to-date symlink: /home/eceteam4/ECE480Team4/ros2_ws/install/vesc_msgs/include/vesc_msgs/vesc_msgs/msg/detail/vesc_cmd__type_support.h
[18.126s] -- Up-to-date symlink: /home/eceteam4/ECE480Team4/ros2_ws/install/vesc_msgs/include/vesc_msgs/vesc_msgs/msg/detail/vesc_imu__functions.h
[18.127s] -- Up-to-date symlink: /home/eceteam4/ECE480Team4/ros2_ws/install/vesc_msgs/include/vesc_msgs/vesc_msgs/msg/detail/vesc_imu__struct.h
[18.127s] -- Up-to-date symlink: /home/eceteam4/ECE480Team4/ros2_ws/install/vesc_msgs/include/vesc_msgs/vesc_msgs/msg/detail/vesc_imu__type_support.h
[18.128s] -- Up-to-date symlink: /home/eceteam4/ECE480Team4/ros2_ws/install/vesc_msgs/include/vesc_msgs/vesc_msgs/msg/detail/vesc_imu_stamped__functions.h
[18.129s] -- Up-to-date symlink: /home/eceteam4/ECE480Team4/ros2_ws/install/vesc_msgs/include/vesc_msgs/vesc_msgs/msg/detail/vesc_imu_stamped__struct.h
[18.129s] -- Up-to-date symlink: /home/eceteam4/ECE480Team4/ros2_ws/install/vesc_msgs/include/vesc_msgs/vesc_msgs/msg/detail/vesc_imu_stamped__type_support.h
[18.130s] -- Up-to-date symlink: /home/eceteam4/ECE480Team4/ros2_ws/install/vesc_msgs/include/vesc_msgs/vesc_msgs/msg/detail/vesc_state__functions.h
[18.130s] -- Up-to-date symlink: /home/eceteam4/ECE480Team4/ros2_ws/install/vesc_msgs/include/vesc_msgs/vesc_msgs/msg/detail/vesc_state__struct.h
[18.131s] -- Up-to-date symlink: /home/eceteam4/ECE480Team4/ros2_ws/install/vesc_msgs/include/vesc_msgs/vesc_msgs/msg/detail/vesc_state__type_support.h
[18.132s] -- Up-to-date symlink: /home/eceteam4/ECE480Team4/ros2_ws/install/vesc_msgs/include/vesc_msgs/vesc_msgs/msg/detail/vesc_state_stamped__functions.h
[18.132s] -- Up-to-date symlink: /home/eceteam4/ECE480Team4/ros2_ws/install/vesc_msgs/include/vesc_msgs/vesc_msgs/msg/detail/vesc_state_stamped__struct.h
[18.133s] -- Up-to-date symlink: /home/eceteam4/ECE480Team4/ros2_ws/install/vesc_msgs/include/vesc_msgs/vesc_msgs/msg/detail/vesc_state_stamped__type_support.h
[18.134s] -- Up-to-date symlink: /home/eceteam4/ECE480Team4/ros2_ws/install/vesc_msgs/include/vesc_msgs/vesc_msgs/msg/rosidl_generator_c__visibility_control.h
[18.134s] -- Up-to-date symlink: /home/eceteam4/ECE480Team4/ros2_ws/install/vesc_msgs/include/vesc_msgs/vesc_msgs/msg/vesc_cmd.h
[18.135s] -- Up-to-date symlink: /home/eceteam4/ECE480Team4/ros2_ws/install/vesc_msgs/include/vesc_msgs/vesc_msgs/msg/vesc_imu.h
[18.136s] -- Up-to-date symlink: /home/eceteam4/ECE480Team4/ros2_ws/install/vesc_msgs/include/vesc_msgs/vesc_msgs/msg/vesc_imu_stamped.h
[18.137s] -- Up-to-date symlink: /home/eceteam4/ECE480Team4/ros2_ws/install/vesc_msgs/include/vesc_msgs/vesc_msgs/msg/vesc_state.h
[18.137s] -- Up-to-date symlink: /home/eceteam4/ECE480Team4/ros2_ws/install/vesc_msgs/include/vesc_msgs/vesc_msgs/msg/vesc_state_stamped.h
[18.139s] -- Up-to-date symlink: /home/eceteam4/ECE480Team4/ros2_ws/install/vesc_msgs/share/vesc_msgs/environment/library_path.sh
[18.139s] -- Up-to-date symlink: /home/eceteam4/ECE480Team4/ros2_ws/install/vesc_msgs/share/vesc_msgs/environment/library_path.dsv
[18.141s] -- Up-to-date symlink: /home/eceteam4/ECE480Team4/ros2_ws/install/vesc_msgs/include/vesc_msgs/vesc_msgs/msg/detail/vesc_cmd__rosidl_typesupport_fastrtps_c.h
[18.141s] -- Up-to-date symlink: /home/eceteam4/ECE480Team4/ros2_ws/install/vesc_msgs/include/vesc_msgs/vesc_msgs/msg/detail/vesc_imu__rosidl_typesupport_fastrtps_c.h
[18.142s] -- Up-to-date symlink: /home/eceteam4/ECE480Team4/ros2_ws/install/vesc_msgs/include/vesc_msgs/vesc_msgs/msg/detail/vesc_imu_stamped__rosidl_typesupport_fastrtps_c.h
[18.143s] -- Up-to-date symlink: /home/eceteam4/ECE480Team4/ros2_ws/install/vesc_msgs/include/vesc_msgs/vesc_msgs/msg/detail/vesc_state__rosidl_typesupport_fastrtps_c.h
[18.144s] -- Up-to-date symlink: /home/eceteam4/ECE480Team4/ros2_ws/install/vesc_msgs/include/vesc_msgs/vesc_msgs/msg/detail/vesc_state_stamped__rosidl_typesupport_fastrtps_c.h
[18.144s] -- Up-to-date symlink: /home/eceteam4/ECE480Team4/ros2_ws/install/vesc_msgs/include/vesc_msgs/vesc_msgs/msg/rosidl_typesupport_fastrtps_c__visibility_control.h
[18.146s] -- Up-to-date symlink: /home/eceteam4/ECE480Team4/ros2_ws/install/vesc_msgs/include/vesc_msgs/vesc_msgs/msg/detail/vesc_cmd__rosidl_typesupport_introspection_c.h
[18.146s] -- Up-to-date symlink: /home/eceteam4/ECE480Team4/ros2_ws/install/vesc_msgs/include/vesc_msgs/vesc_msgs/msg/detail/vesc_imu__rosidl_typesupport_introspection_c.h
[18.147s] -- Up-to-date symlink: /home/eceteam4/ECE480Team4/ros2_ws/install/vesc_msgs/include/vesc_msgs/vesc_msgs/msg/detail/vesc_imu_stamped__rosidl_typesupport_introspection_c.h
[18.148s] -- Up-to-date symlink: /home/eceteam4/ECE480Team4/ros2_ws/install/vesc_msgs/include/vesc_msgs/vesc_msgs/msg/detail/vesc_state__rosidl_typesupport_introspection_c.h
[18.148s] -- Up-to-date symlink: /home/eceteam4/ECE480Team4/ros2_ws/install/vesc_msgs/include/vesc_msgs/vesc_msgs/msg/detail/vesc_state_stamped__rosidl_typesupport_introspection_c.h
[18.149s] -- Up-to-date symlink: /home/eceteam4/ECE480Team4/ros2_ws/install/vesc_msgs/include/vesc_msgs/vesc_msgs/msg/rosidl_typesupport_introspection_c__visibility_control.h
[18.151s] -- Up-to-date symlink: /home/eceteam4/ECE480Team4/ros2_ws/install/vesc_msgs/include/vesc_msgs/vesc_msgs/msg/detail/vesc_cmd__builder.hpp
[18.151s] -- Up-to-date symlink: /home/eceteam4/ECE480Team4/ros2_ws/install/vesc_msgs/include/vesc_msgs/vesc_msgs/msg/detail/vesc_cmd__struct.hpp
[18.152s] -- Up-to-date symlink: /home/eceteam4/ECE480Team4/ros2_ws/install/vesc_msgs/include/vesc_msgs/vesc_msgs/msg/detail/vesc_cmd__traits.hpp
[18.153s] -- Up-to-date symlink: /home/eceteam4/ECE480Team4/ros2_ws/install/vesc_msgs/include/vesc_msgs/vesc_msgs/msg/detail/vesc_cmd__type_support.hpp
[18.153s] -- Up-to-date symlink: /home/eceteam4/ECE480Team4/ros2_ws/install/vesc_msgs/include/vesc_msgs/vesc_msgs/msg/detail/vesc_imu__builder.hpp
[18.154s] -- Up-to-date symlink: /home/eceteam4/ECE480Team4/ros2_ws/install/vesc_msgs/include/vesc_msgs/vesc_msgs/msg/detail/vesc_imu__struct.hpp
[18.155s] -- Up-to-date symlink: /home/eceteam4/ECE480Team4/ros2_ws/install/vesc_msgs/include/vesc_msgs/vesc_msgs/msg/detail/vesc_imu__traits.hpp
[18.156s] -- Up-to-date symlink: /home/eceteam4/ECE480Team4/ros2_ws/install/vesc_msgs/include/vesc_msgs/vesc_msgs/msg/detail/vesc_imu__type_support.hpp
[18.156s] -- Up-to-date symlink: /home/eceteam4/ECE480Team4/ros2_ws/install/vesc_msgs/include/vesc_msgs/vesc_msgs/msg/detail/vesc_imu_stamped__builder.hpp
[18.157s] -- Up-to-date symlink: /home/eceteam4/ECE480Team4/ros2_ws/install/vesc_msgs/include/vesc_msgs/vesc_msgs/msg/detail/vesc_imu_stamped__struct.hpp
[18.158s] -- Up-to-date symlink: /home/eceteam4/ECE480Team4/ros2_ws/install/vesc_msgs/include/vesc_msgs/vesc_msgs/msg/detail/vesc_imu_stamped__traits.hpp
[18.158s] -- Up-to-date symlink: /home/eceteam4/ECE480Team4/ros2_ws/install/vesc_msgs/include/vesc_msgs/vesc_msgs/msg/detail/vesc_imu_stamped__type_support.hpp
[18.159s] -- Up-to-date symlink: /home/eceteam4/ECE480Team4/ros2_ws/install/vesc_msgs/include/vesc_msgs/vesc_msgs/msg/detail/vesc_state__builder.hpp
[18.160s] -- Up-to-date symlink: /home/eceteam4/ECE480Team4/ros2_ws/install/vesc_msgs/include/vesc_msgs/vesc_msgs/msg/detail/vesc_state__struct.hpp
[18.160s] -- Up-to-date symlink: /home/eceteam4/ECE480Team4/ros2_ws/install/vesc_msgs/include/vesc_msgs/vesc_msgs/msg/detail/vesc_state__traits.hpp
[18.161s] -- Up-to-date symlink: /home/eceteam4/ECE480Team4/ros2_ws/install/vesc_msgs/include/vesc_msgs/vesc_msgs/msg/detail/vesc_state__type_support.hpp
[18.161s] -- Up-to-date symlink: /home/eceteam4/ECE480Team4/ros2_ws/install/vesc_msgs/include/vesc_msgs/vesc_msgs/msg/detail/vesc_state_stamped__builder.hpp
[18.162s] -- Up-to-date symlink: /home/eceteam4/ECE480Team4/ros2_ws/install/vesc_msgs/include/vesc_msgs/vesc_msgs/msg/detail/vesc_state_stamped__struct.hpp
[18.162s] -- Up-to-date symlink: /home/eceteam4/ECE480Team4/ros2_ws/install/vesc_msgs/include/vesc_msgs/vesc_msgs/msg/detail/vesc_state_stamped__traits.hpp
[18.163s] -- Up-to-date symlink: /home/eceteam4/ECE480Team4/ros2_ws/install/vesc_msgs/include/vesc_msgs/vesc_msgs/msg/detail/vesc_state_stamped__type_support.hpp
[18.163s] -- Up-to-date symlink: /home/eceteam4/ECE480Team4/ros2_ws/install/vesc_msgs/include/vesc_msgs/vesc_msgs/msg/rosidl_generator_cpp__visibility_control.hpp
[18.164s] -- Up-to-date symlink: /home/eceteam4/ECE480Team4/ros2_ws/install/vesc_msgs/include/vesc_msgs/vesc_msgs/msg/vesc_cmd.hpp
[18.165s] -- Up-to-date symlink: /home/eceteam4/ECE480Team4/ros2_ws/install/vesc_msgs/include/vesc_msgs/vesc_msgs/msg/vesc_imu.hpp
[18.165s] -- Up-to-date symlink: /home/eceteam4/ECE480Team4/ros2_ws/install/vesc_msgs/include/vesc_msgs/vesc_msgs/msg/vesc_imu_stamped.hpp
[18.168s] -- Up-to-date symlink: /home/eceteam4/ECE480Team4/ros2_ws/install/vesc_msgs/include/vesc_msgs/vesc_msgs/msg/vesc_state.hpp
[18.168s] -- Up-to-date symlink: /home/eceteam4/ECE480Team4/ros2_ws/install/vesc_msgs/include/vesc_msgs/vesc_msgs/msg/vesc_state_stamped.hpp
[18.170s] -- Up-to-date symlink: /home/eceteam4/ECE480Team4/ros2_ws/install/vesc_msgs/include/vesc_msgs/vesc_msgs/msg/detail/vesc_cmd__rosidl_typesupport_fastrtps_cpp.hpp
[18.170s] -- Up-to-date symlink: /home/eceteam4/ECE480Team4/ros2_ws/install/vesc_msgs/include/vesc_msgs/vesc_msgs/msg/detail/vesc_imu__rosidl_typesupport_fastrtps_cpp.hpp
[18.171s] -- Up-to-date symlink: /home/eceteam4/ECE480Team4/ros2_ws/install/vesc_msgs/include/vesc_msgs/vesc_msgs/msg/detail/vesc_imu_stamped__rosidl_typesupport_fastrtps_cpp.hpp
[18.171s] -- Up-to-date symlink: /home/eceteam4/ECE480Team4/ros2_ws/install/vesc_msgs/include/vesc_msgs/vesc_msgs/msg/detail/vesc_state__rosidl_typesupport_fastrtps_cpp.hpp
[18.172s] -- Up-to-date symlink: /home/eceteam4/ECE480Team4/ros2_ws/install/vesc_msgs/include/vesc_msgs/vesc_msgs/msg/detail/vesc_state_stamped__rosidl_typesupport_fastrtps_cpp.hpp
[18.173s] -- Up-to-date symlink: /home/eceteam4/ECE480Team4/ros2_ws/install/vesc_msgs/include/vesc_msgs/vesc_msgs/msg/rosidl_typesupport_fastrtps_cpp__visibility_control.h
[18.174s] -- Up-to-date symlink: /home/eceteam4/ECE480Team4/ros2_ws/install/vesc_msgs/include/vesc_msgs/vesc_msgs/msg/detail/vesc_cmd__rosidl_typesupport_introspection_cpp.hpp
[18.175s] -- Up-to-date symlink: /home/eceteam4/ECE480Team4/ros2_ws/install/vesc_msgs/include/vesc_msgs/vesc_msgs/msg/detail/vesc_imu__rosidl_typesupport_introspection_cpp.hpp
[18.176s] -- Up-to-date symlink: /home/eceteam4/ECE480Team4/ros2_ws/install/vesc_msgs/include/vesc_msgs/vesc_msgs/msg/detail/vesc_imu_stamped__rosidl_typesupport_introspection_cpp.hpp
[18.176s] -- Up-to-date symlink: /home/eceteam4/ECE480Team4/ros2_ws/install/vesc_msgs/include/vesc_msgs/vesc_msgs/msg/detail/vesc_state__rosidl_typesupport_introspection_cpp.hpp
[18.177s] -- Up-to-date symlink: /home/eceteam4/ECE480Team4/ros2_ws/install/vesc_msgs/include/vesc_msgs/vesc_msgs/msg/detail/vesc_state_stamped__rosidl_typesupport_introspection_cpp.hpp
[18.177s] -- Up-to-date symlink: /home/eceteam4/ECE480Team4/ros2_ws/install/vesc_msgs/share/vesc_msgs/environment/pythonpath.sh
[18.178s] -- Up-to-date symlink: /home/eceteam4/ECE480Team4/ros2_ws/install/vesc_msgs/share/vesc_msgs/environment/pythonpath.dsv
[18.181s] -- Up-to-date symlink: /home/eceteam4/ECE480Team4/ros2_ws/install/vesc_msgs/local/lib/python3.10/dist-packages/vesc_msgs-1.1.0-py3.10.egg-info/PKG-INFO
[18.181s] -- Up-to-date symlink: /home/eceteam4/ECE480Team4/ros2_ws/install/vesc_msgs/local/lib/python3.10/dist-packages/vesc_msgs-1.1.0-py3.10.egg-info/SOURCES.txt
[18.182s] -- Up-to-date symlink: /home/eceteam4/ECE480Team4/ros2_ws/install/vesc_msgs/local/lib/python3.10/dist-packages/vesc_msgs-1.1.0-py3.10.egg-info/dependency_links.txt
[18.182s] -- Up-to-date symlink: /home/eceteam4/ECE480Team4/ros2_ws/install/vesc_msgs/local/lib/python3.10/dist-packages/vesc_msgs-1.1.0-py3.10.egg-info/top_level.txt
[18.185s] -- Up-to-date symlink: /home/eceteam4/ECE480Team4/ros2_ws/install/vesc_msgs/local/lib/python3.10/dist-packages/vesc_msgs/__init__.py
[18.186s] -- Up-to-date symlink: /home/eceteam4/ECE480Team4/ros2_ws/install/vesc_msgs/local/lib/python3.10/dist-packages/vesc_msgs/_vesc_msgs_s.ep.rosidl_typesupport_c.c
[18.186s] -- Up-to-date symlink: /home/eceteam4/ECE480Team4/ros2_ws/install/vesc_msgs/local/lib/python3.10/dist-packages/vesc_msgs/_vesc_msgs_s.ep.rosidl_typesupport_fastrtps_c.c
[18.187s] -- Up-to-date symlink: /home/eceteam4/ECE480Team4/ros2_ws/install/vesc_msgs/local/lib/python3.10/dist-packages/vesc_msgs/_vesc_msgs_s.ep.rosidl_typesupport_introspection_c.c
[18.188s] -- Up-to-date symlink: /home/eceteam4/ECE480Team4/ros2_ws/install/vesc_msgs/local/lib/python3.10/dist-packages/vesc_msgs/libvesc_msgs__rosidl_generator_py.so
[18.189s] -- Up-to-date symlink: /home/eceteam4/ECE480Team4/ros2_ws/install/vesc_msgs/local/lib/python3.10/dist-packages/vesc_msgs/msg/__init__.py
[18.189s] -- Up-to-date symlink: /home/eceteam4/ECE480Team4/ros2_ws/install/vesc_msgs/local/lib/python3.10/dist-packages/vesc_msgs/msg/_vesc_cmd.py
[18.190s] -- Up-to-date symlink: /home/eceteam4/ECE480Team4/ros2_ws/install/vesc_msgs/local/lib/python3.10/dist-packages/vesc_msgs/msg/_vesc_cmd_s.c
[18.190s] -- Up-to-date symlink: /home/eceteam4/ECE480Team4/ros2_ws/install/vesc_msgs/local/lib/python3.10/dist-packages/vesc_msgs/msg/_vesc_imu.py
[18.191s] -- Up-to-date symlink: /home/eceteam4/ECE480Team4/ros2_ws/install/vesc_msgs/local/lib/python3.10/dist-packages/vesc_msgs/msg/_vesc_imu_s.c
[18.191s] -- Up-to-date symlink: /home/eceteam4/ECE480Team4/ros2_ws/install/vesc_msgs/local/lib/python3.10/dist-packages/vesc_msgs/msg/_vesc_imu_stamped.py
[18.192s] -- Up-to-date symlink: /home/eceteam4/ECE480Team4/ros2_ws/install/vesc_msgs/local/lib/python3.10/dist-packages/vesc_msgs/msg/_vesc_imu_stamped_s.c
[18.193s] -- Up-to-date symlink: /home/eceteam4/ECE480Team4/ros2_ws/install/vesc_msgs/local/lib/python3.10/dist-packages/vesc_msgs/msg/_vesc_state.py
[18.194s] -- Up-to-date symlink: /home/eceteam4/ECE480Team4/ros2_ws/install/vesc_msgs/local/lib/python3.10/dist-packages/vesc_msgs/msg/_vesc_state_s.c
[18.195s] -- Up-to-date symlink: /home/eceteam4/ECE480Team4/ros2_ws/install/vesc_msgs/local/lib/python3.10/dist-packages/vesc_msgs/msg/_vesc_state_stamped.py
[18.196s] -- Up-to-date symlink: /home/eceteam4/ECE480Team4/ros2_ws/install/vesc_msgs/local/lib/python3.10/dist-packages/vesc_msgs/msg/_vesc_state_stamped_s.c
[18.197s] -- Up-to-date symlink: /home/eceteam4/ECE480Team4/ros2_ws/install/vesc_msgs/local/lib/python3.10/dist-packages/vesc_msgs/vesc_msgs_s__rosidl_typesupport_c.cpython-310-aarch64-linux-gnu.so
[18.198s] -- Up-to-date symlink: /home/eceteam4/ECE480Team4/ros2_ws/install/vesc_msgs/local/lib/python3.10/dist-packages/vesc_msgs/vesc_msgs_s__rosidl_typesupport_fastrtps_c.cpython-310-aarch64-linux-gnu.so
[18.198s] -- Up-to-date symlink: /home/eceteam4/ECE480Team4/ros2_ws/install/vesc_msgs/local/lib/python3.10/dist-packages/vesc_msgs/vesc_msgs_s__rosidl_typesupport_introspection_c.cpython-310-aarch64-linux-gnu.so
[18.199s] -- Up-to-date symlink: /home/eceteam4/ECE480Team4/ros2_ws/install/vesc_msgs/local/lib/python3.10/dist-packages/vesc_msgs/vesc_msgs_s__rosidl_typesupport_fastrtps_c.cpython-310-aarch64-linux-gnu.so
[18.199s] -- Up-to-date symlink: /home/eceteam4/ECE480Team4/ros2_ws/install/vesc_msgs/local/lib/python3.10/dist-packages/vesc_msgs/vesc_msgs_s__rosidl_typesupport_introspection_c.cpython-310-aarch64-linux-gnu.so
[18.199s] -- Up-to-date symlink: /home/eceteam4/ECE480Team4/ros2_ws/install/vesc_msgs/local/lib/python3.10/dist-packages/vesc_msgs/vesc_msgs_s__rosidl_typesupport_c.cpython-310-aarch64-linux-gnu.so
[18.201s] -- Up-to-date symlink: /home/eceteam4/ECE480Team4/ros2_ws/install/vesc_msgs/share/vesc_msgs/msg/VescCmd.idl
[18.202s] -- Up-to-date symlink: /home/eceteam4/ECE480Team4/ros2_ws/install/vesc_msgs/share/vesc_msgs/msg/VescImu.idl
[18.204s] -- Up-to-date symlink: /home/eceteam4/ECE480Team4/ros2_ws/install/vesc_msgs/share/vesc_msgs/msg/VescImuStamped.idl
[18.205s] -- Up-to-date symlink: /home/eceteam4/ECE480Team4/ros2_ws/install/vesc_msgs/share/vesc_msgs/msg/VescState.idl
[18.206s] -- Up-to-date symlink: /home/eceteam4/ECE480Team4/ros2_ws/install/vesc_msgs/share/vesc_msgs/msg/VescStateStamped.idl
[18.207s] -- Up-to-date symlink: /home/eceteam4/ECE480Team4/ros2_ws/install/vesc_msgs/share/vesc_msgs/msg/VescCmd.msg
[18.208s] -- Up-to-date symlink: /home/eceteam4/ECE480Team4/ros2_ws/install/vesc_msgs/share/vesc_msgs/msg/VescImu.msg
[18.209s] -- Up-to-date symlink: /home/eceteam4/ECE480Team4/ros2_ws/install/vesc_msgs/share/vesc_msgs/msg/VescImuStamped.msg
[18.212s] -- Up-to-date symlink: /home/eceteam4/ECE480Team4/ros2_ws/install/vesc_msgs/share/vesc_msgs/msg/VescState.msg
[18.212s] -- Up-to-date symlink: /home/eceteam4/ECE480Team4/ros2_ws/install/vesc_msgs/share/vesc_msgs/msg/VescStateStamped.msg
[18.213s] -- Up-to-date symlink: /home/eceteam4/ECE480Team4/ros2_ws/install/vesc_msgs/share/ament_index/resource_index/package_run_dependencies/vesc_msgs
[18.214s] -- Up-to-date symlink: /home/eceteam4/ECE480Team4/ros2_ws/install/vesc_msgs/share/ament_index/resource_index/parent_prefix_path/vesc_msgs
[18.215s] -- Up-to-date symlink: /home/eceteam4/ECE480Team4/ros2_ws/install/vesc_msgs/share/vesc_msgs/environment/ament_prefix_path.sh
[18.215s] -- Up-to-date symlink: /home/eceteam4/ECE480Team4/ros2_ws/install/vesc_msgs/share/vesc_msgs/environment/ament_prefix_path.dsv
[18.216s] -- Up-to-date symlink: /home/eceteam4/ECE480Team4/ros2_ws/install/vesc_msgs/share/vesc_msgs/environment/path.sh
[18.217s] -- Up-to-date symlink: /home/eceteam4/ECE480Team4/ros2_ws/install/vesc_msgs/share/vesc_msgs/environment/path.dsv
[18.217s] -- Up-to-date symlink: /home/eceteam4/ECE480Team4/ros2_ws/install/vesc_msgs/share/vesc_msgs/local_setup.bash
[18.218s] -- Up-to-date symlink: /home/eceteam4/ECE480Team4/ros2_ws/install/vesc_msgs/share/vesc_msgs/local_setup.sh
[18.218s] -- Up-to-date symlink: /home/eceteam4/ECE480Team4/ros2_ws/install/vesc_msgs/share/vesc_msgs/local_setup.zsh
[18.219s] -- Up-to-date symlink: /home/eceteam4/ECE480Team4/ros2_ws/install/vesc_msgs/share/vesc_msgs/local_setup.dsv
[18.219s] -- Symlinking: /home/eceteam4/ECE480Team4/ros2_ws/install/vesc_msgs/share/vesc_msgs/package.dsv
[18.232s] -- Up-to-date symlink: /home/eceteam4/ECE480Team4/ros2_ws/install/vesc_msgs/share/ament_index/resource_index/packages/vesc_msgs
[18.234s] -- Up-to-date symlink: /home/eceteam4/ECE480Team4/ros2_ws/install/vesc_msgs/share/vesc_msgs/cmake/rosidl_cmake-extras.cmake
[18.234s] -- Up-to-date symlink: /home/eceteam4/ECE480Team4/ros2_ws/install/vesc_msgs/share/vesc_msgs/cmake/ament_cmake_export_dependencies-extras.cmake
[18.235s] -- Up-to-date symlink: /home/eceteam4/ECE480Team4/ros2_ws/install/vesc_msgs/share/vesc_msgs/cmake/ament_cmake_export_include_directories-extras.cmake
[18.238s] -- Up-to-date symlink: /home/eceteam4/ECE480Team4/ros2_ws/install/vesc_msgs/share/vesc_msgs/cmake/ament_cmake_export_libraries-extras.cmake
[18.238s] -- Up-to-date symlink: /home/eceteam4/ECE480Team4/ros2_ws/install/vesc_msgs/share/vesc_msgs/cmake/ament_cmake_export_targets-extras.cmake
[18.240s] -- Up-to-date symlink: /home/eceteam4/ECE480Team4/ros2_ws/install/vesc_msgs/share/vesc_msgs/cmake/rosidl_cmake_export_typesupport_targets-extras.cmake
[18.241s] -- Up-to-date symlink: /home/eceteam4/ECE480Team4/ros2_ws/install/vesc_msgs/share/vesc_msgs/cmake/rosidl_cmake_export_typesupport_libraries-extras.cmake
[18.242s] -- Up-to-date symlink: /home/eceteam4/ECE480Team4/ros2_ws/install/vesc_msgs/share/vesc_msgs/cmake/vesc_msgsConfig.cmake
[18.243s] -- Up-to-date symlink: /home/eceteam4/ECE480Team4/ros2_ws/install/vesc_msgs/share/vesc_msgs/cmake/vesc_msgsConfig-version.cmake
[18.244s] -- Up-to-date symlink: /home/eceteam4/ECE480Team4/ros2_ws/install/vesc_msgs/share/vesc_msgs/package.xml
[18.248s] -- Installing: /home/eceteam4/ECE480Team4/ros2_ws/install/vesc_msgs/lib/libvesc_msgs__rosidl_generator_c.so
[18.248s] -- Set non-toolchain portion of runtime path of "/home/eceteam4/ECE480Team4/ros2_ws/install/vesc_msgs/lib/libvesc_msgs__rosidl_generator_c.so" to ""
[18.249s] -- Installing: /home/eceteam4/ECE480Team4/ros2_ws/install/vesc_msgs/lib/libvesc_msgs__rosidl_typesupport_fastrtps_c.so
[18.250s] -- Set non-toolchain portion of runtime path of "/home/eceteam4/ECE480Team4/ros2_ws/install/vesc_msgs/lib/libvesc_msgs__rosidl_typesupport_fastrtps_c.so" to ""
[18.251s] -- Installing: /home/eceteam4/ECE480Team4/ros2_ws/install/vesc_msgs/lib/libvesc_msgs__rosidl_typesupport_introspection_c.so
[18.252s] -- Set non-toolchain portion of runtime path of "/home/eceteam4/ECE480Team4/ros2_ws/install/vesc_msgs/lib/libvesc_msgs__rosidl_typesupport_introspection_c.so" to ""
[18.253s] -- Installing: /home/eceteam4/ECE480Team4/ros2_ws/install/vesc_msgs/lib/libvesc_msgs__rosidl_typesupport_c.so
[18.254s] -- Set non-toolchain portion of runtime path of "/home/eceteam4/ECE480Team4/ros2_ws/install/vesc_msgs/lib/libvesc_msgs__rosidl_typesupport_c.so" to ""
[18.256s] -- Installing: /home/eceteam4/ECE480Team4/ros2_ws/install/vesc_msgs/lib/libvesc_msgs__rosidl_typesupport_fastrtps_cpp.so
[18.257s] -- Set non-toolchain portion of runtime path of "/home/eceteam4/ECE480Team4/ros2_ws/install/vesc_msgs/lib/libvesc_msgs__rosidl_typesupport_fastrtps_cpp.so" to ""
[18.258s] -- Installing: /home/eceteam4/ECE480Team4/ros2_ws/install/vesc_msgs/lib/libvesc_msgs__rosidl_typesupport_introspection_cpp.so
[18.259s] -- Set non-toolchain portion of runtime path of "/home/eceteam4/ECE480Team4/ros2_ws/install/vesc_msgs/lib/libvesc_msgs__rosidl_typesupport_introspection_cpp.so" to ""
[18.259s] -- Installing: /home/eceteam4/ECE480Team4/ros2_ws/install/vesc_msgs/lib/libvesc_msgs__rosidl_typesupport_cpp.so
[18.260s] -- Set non-toolchain portion of runtime path of "/home/eceteam4/ECE480Team4/ros2_ws/install/vesc_msgs/lib/libvesc_msgs__rosidl_typesupport_cpp.so" to ""
[18.335s] Listing '/home/eceteam4/ECE480Team4/ros2_ws/install/vesc_msgs/local/lib/python3.10/dist-packages/vesc_msgs'...
[18.335s] Compiling '/home/eceteam4/ECE480Team4/ros2_ws/install/vesc_msgs/local/lib/python3.10/dist-packages/vesc_msgs/__init__.py'...
[18.336s] Listing '/home/eceteam4/ECE480Team4/ros2_ws/install/vesc_msgs/local/lib/python3.10/dist-packages/vesc_msgs/msg'...
[18.352s] -- Installing: /home/eceteam4/ECE480Team4/ros2_ws/install/vesc_msgs/lib/libvesc_msgs__rosidl_generator_py.so
[18.352s] -- Set non-toolchain portion of runtime path of "/home/eceteam4/ECE480Team4/ros2_ws/install/vesc_msgs/lib/libvesc_msgs__rosidl_generator_py.so" to ""
[18.353s] -- Old export file "/home/eceteam4/ECE480Team4/ros2_ws/install/vesc_msgs/share/vesc_msgs/cmake/export_vesc_msgs__rosidl_generator_cExport.cmake" will be replaced.  Removing files [/home/eceteam4/ECE480Team4/ros2_ws/install/vesc_msgs/share/vesc_msgs/cmake/export_vesc_msgs__rosidl_generator_cExport-noconfig.cmake].
[18.353s] -- Installing: /home/eceteam4/ECE480Team4/ros2_ws/install/vesc_msgs/share/vesc_msgs/cmake/export_vesc_msgs__rosidl_generator_cExport.cmake
[18.353s] -- Installing: /home/eceteam4/ECE480Team4/ros2_ws/install/vesc_msgs/share/vesc_msgs/cmake/export_vesc_msgs__rosidl_generator_cExport-noconfig.cmake
[18.354s] -- Old export file "/home/eceteam4/ECE480Team4/ros2_ws/install/vesc_msgs/share/vesc_msgs/cmake/export_vesc_msgs__rosidl_typesupport_fastrtps_cExport.cmake" will be replaced.  Removing files [/home/eceteam4/ECE480Team4/ros2_ws/install/vesc_msgs/share/vesc_msgs/cmake/export_vesc_msgs__rosidl_typesupport_fastrtps_cExport-noconfig.cmake].
[18.354s] -- Installing: /home/eceteam4/ECE480Team4/ros2_ws/install/vesc_msgs/share/vesc_msgs/cmake/export_vesc_msgs__rosidl_typesupport_fastrtps_cExport.cmake
[18.354s] -- Installing: /home/eceteam4/ECE480Team4/ros2_ws/install/vesc_msgs/share/vesc_msgs/cmake/export_vesc_msgs__rosidl_typesupport_fastrtps_cExport-noconfig.cmake
[18.355s] -- Old export file "/home/eceteam4/ECE480Team4/ros2_ws/install/vesc_msgs/share/vesc_msgs/cmake/vesc_msgs__rosidl_typesupport_introspection_cExport.cmake" will be replaced.  Removing files [/home/eceteam4/ECE480Team4/ros2_ws/install/vesc_msgs/share/vesc_msgs/cmake/vesc_msgs__rosidl_typesupport_introspection_cExport-noconfig.cmake].
[18.355s] -- Installing: /home/eceteam4/ECE480Team4/ros2_ws/install/vesc_msgs/share/vesc_msgs/cmake/vesc_msgs__rosidl_typesupport_introspection_cExport.cmake
[18.355s] -- Installing: /home/eceteam4/ECE480Team4/ros2_ws/install/vesc_msgs/share/vesc_msgs/cmake/vesc_msgs__rosidl_typesupport_introspection_cExport-noconfig.cmake
[18.356s] -- Old export file "/home/eceteam4/ECE480Team4/ros2_ws/install/vesc_msgs/share/vesc_msgs/cmake/vesc_msgs__rosidl_typesupport_cExport.cmake" will be replaced.  Removing files [/home/eceteam4/ECE480Team4/ros2_ws/install/vesc_msgs/share/vesc_msgs/cmake/vesc_msgs__rosidl_typesupport_cExport-noconfig.cmake].
[18.356s] -- Installing: /home/eceteam4/ECE480Team4/ros2_ws/install/vesc_msgs/share/vesc_msgs/cmake/vesc_msgs__rosidl_typesupport_cExport.cmake
[18.356s] -- Installing: /home/eceteam4/ECE480Team4/ros2_ws/install/vesc_msgs/share/vesc_msgs/cmake/vesc_msgs__rosidl_typesupport_cExport-noconfig.cmake
[18.357s] -- Installing: /home/eceteam4/ECE480Team4/ros2_ws/install/vesc_msgs/share/vesc_msgs/cmake/export_vesc_msgs__rosidl_generator_cppExport.cmake
[18.357s] -- Old export file "/home/eceteam4/ECE480Team4/ros2_ws/install/vesc_msgs/share/vesc_msgs/cmake/export_vesc_msgs__rosidl_typesupport_fastrtps_cppExport.cmake" will be replaced.  Removing files [/home/eceteam4/ECE480Team4/ros2_ws/install/vesc_msgs/share/vesc_msgs/cmake/export_vesc_msgs__rosidl_typesupport_fastrtps_cppExport-noconfig.cmake].
[18.358s] -- Installing: /home/eceteam4/ECE480Team4/ros2_ws/install/vesc_msgs/share/vesc_msgs/cmake/export_vesc_msgs__rosidl_typesupport_fastrtps_cppExport.cmake
[18.358s] -- Installing: /home/eceteam4/ECE480Team4/ros2_ws/install/vesc_msgs/share/vesc_msgs/cmake/export_vesc_msgs__rosidl_typesupport_fastrtps_cppExport-noconfig.cmake
[18.358s] -- Old export file "/home/eceteam4/ECE480Team4/ros2_ws/install/vesc_msgs/share/vesc_msgs/cmake/vesc_msgs__rosidl_typesupport_introspection_cppExport.cmake" will be replaced.  Removing files [/home/eceteam4/ECE480Team4/ros2_ws/install/vesc_msgs/share/vesc_msgs/cmake/vesc_msgs__rosidl_typesupport_introspection_cppExport-noconfig.cmake].
[18.362s] -- Installing: /home/eceteam4/ECE480Team4/ros2_ws/install/vesc_msgs/share/vesc_msgs/cmake/vesc_msgs__rosidl_typesupport_introspection_cppExport.cmake
[18.362s] -- Installing: /home/eceteam4/ECE480Team4/ros2_ws/install/vesc_msgs/share/vesc_msgs/cmake/vesc_msgs__rosidl_typesupport_introspection_cppExport-noconfig.cmake
[18.362s] -- Old export file "/home/eceteam4/ECE480Team4/ros2_ws/install/vesc_msgs/share/vesc_msgs/cmake/vesc_msgs__rosidl_typesupport_cppExport.cmake" will be replaced.  Removing files [/home/eceteam4/ECE480Team4/ros2_ws/install/vesc_msgs/share/vesc_msgs/cmake/vesc_msgs__rosidl_typesupport_cppExport-noconfig.cmake].
[18.362s] -- Installing: /home/eceteam4/ECE480Team4/ros2_ws/install/vesc_msgs/share/vesc_msgs/cmake/vesc_msgs__rosidl_typesupport_cppExport.cmake
[18.363s] -- Installing: /home/eceteam4/ECE480Team4/ros2_ws/install/vesc_msgs/share/vesc_msgs/cmake/vesc_msgs__rosidl_typesupport_cppExport-noconfig.cmake
[18.363s] -- Old export file "/home/eceteam4/ECE480Team4/ros2_ws/install/vesc_msgs/share/vesc_msgs/cmake/export_vesc_msgs__rosidl_generator_pyExport.cmake" will be replaced.  Removing files [/home/eceteam4/ECE480Team4/ros2_ws/install/vesc_msgs/share/vesc_msgs/cmake/export_vesc_msgs__rosidl_generator_pyExport-noconfig.cmake].
[18.363s] -- Installing: /home/eceteam4/ECE480Team4/ros2_ws/install/vesc_msgs/share/vesc_msgs/cmake/export_vesc_msgs__rosidl_generator_pyExport.cmake
[18.363s] -- Installing: /home/eceteam4/ECE480Team4/ros2_ws/install/vesc_msgs/share/vesc_msgs/cmake/export_vesc_msgs__rosidl_generator_pyExport-noconfig.cmake
[18.369s] Invoked command in '/home/eceteam4/ECE480Team4/ros2_ws/build/vesc_msgs' returned '0': CMAKE_PREFIX_PATH=/opt/ros/humble /usr/bin/cmake --install /home/eceteam4/ECE480Team4/ros2_ws/build/vesc_msgs
