[0.067s] Invoking command in '/home/eceteam4/ECE480Team4/ros2_ws/build/vesc_ackermann': /usr/bin/cmake /home/eceteam4/ECE480Team4/ros2_ws/src/vesc_ackermann -DAMENT_CMAKE_SYMLINK_INSTALL=1 -DCMAKE_INSTALL_PREFIX=/home/eceteam4/ECE480Team4/ros2_ws/install/vesc_ackermann
[1.372s] -- The C compiler identification is GNU 11.4.0
[1.374s] -- The CXX compiler identification is GNU 11.4.0
[1.375s] -- Detecting C compiler ABI info
[1.375s] -- Detecting C compiler ABI info - done
[1.382s] -- Check for working C compiler: /usr/bin/cc - skipped
[1.382s] -- Detecting C compile features
[1.382s] -- Detecting C compile features - done
[1.406s] -- Detecting CXX compiler ABI info
[1.544s] -- Detecting CXX compiler ABI info - done
[1.559s] -- Check for working CXX compiler: /usr/bin/c++ - skipped
[1.560s] -- Detecting CXX compile features
[1.560s] -- Detecting CXX compile features - done
[1.582s] [31mCMake Error at CMakeLists.txt:13 (find_package):
[1.582s]   By not providing "Findament_cmake_auto.cmake" in CMAKE_MODULE_PATH this
[1.583s]   project has asked CMake to find a package configuration file provided by
[1.583s]   "ament_cmake_auto", but CMake did not find one.
[1.583s] 
[1.583s]   Could not find a package configuration file provided by "ament_cmake_auto"
[1.583s]   with any of the following names:
[1.583s] 
[1.583s]     ament_cmake_autoConfig.cmake
[1.583s]     ament_cmake_auto-config.cmake
[1.583s] 
[1.584s]   Add the installation prefix of "ament_cmake_auto" to CMAKE_PREFIX_PATH or
[1.584s]   set "ament_cmake_auto_DIR" to a directory containing one of the above
[1.584s]   files.  If "ament_cmake_auto" provides a separate development package or
[1.584s]   SDK, be sure it has been installed.
[1.584s] 
[1.584s] [0m
[1.584s] -- Configuring incomplete, errors occurred!
[1.585s] See also "/home/eceteam4/ECE480Team4/ros2_ws/build/vesc_ackermann/CMakeFiles/CMakeOutput.log".
[1.595s] Invoked command in '/home/eceteam4/ECE480Team4/ros2_ws/build/vesc_ackermann' returned '1': /usr/bin/cmake /home/eceteam4/ECE480Team4/ros2_ws/src/vesc_ackermann -DAMENT_CMAKE_SYMLINK_INSTALL=1 -DCMAKE_INSTALL_PREFIX=/home/eceteam4/ECE480Team4/ros2_ws/install/vesc_ackermann
