[0.000000] (-) TimerEvent: {}
[0.000978] (curvy_road) JobQueued: {'identifier': 'curvy_road', 'dependencies': OrderedDict()}
[0.001238] (lane_follow) JobQueued: {'identifier': 'lane_follow', 'dependencies': OrderedDict()}
[0.001508] (obstacle_det) JobQueued: {'identifier': 'obstacle_det', 'dependencies': OrderedDict()}
[0.001607] (perception_ml_node) JobQueued: {'identifier': 'perception_ml_node', 'dependencies': OrderedDict()}
[0.001671] (perception_sync_node) JobQueued: {'identifier': 'perception_sync_node', 'dependencies': OrderedDict()}
[0.001732] (sensors_camera_node) JobQueued: {'identifier': 'sensors_camera_node', 'dependencies': OrderedDict()}
[0.001791] (sensors_imu_bridge) JobQueued: {'identifier': 'sensors_imu_bridge', 'dependencies': OrderedDict()}
[0.001851] (sensors_lidar_bridge) JobQueued: {'identifier': 'sensors_lidar_bridge', 'dependencies': OrderedDict()}
[0.001909] (curvy_road) JobStarted: {'identifier': 'curvy_road'}
[0.011188] (lane_follow) JobStarted: {'identifier': 'lane_follow'}
[0.021089] (obstacle_det) JobStarted: {'identifier': 'obstacle_det'}
[0.032979] (perception_ml_node) JobStarted: {'identifier': 'perception_ml_node'}
[0.041566] (perception_sync_node) JobStarted: {'identifier': 'perception_sync_node'}
[0.047713] (sensors_camera_node) JobStarted: {'identifier': 'sensors_camera_node'}
[0.061910] (curvy_road) JobProgress: {'identifier': 'curvy_road', 'progress': 'cmake'}
[0.062828] (curvy_road) Command: {'cmd': ['/usr/bin/cmake', '/home/eceteam4/ECE480Team4/ros2_ws/src/curvy_road', '-DAMENT_CMAKE_SYMLINK_INSTALL=1', '-DCMAKE_INSTALL_PREFIX=/home/eceteam4/ECE480Team4/ros2_ws/install/curvy_road'], 'cwd': '/home/eceteam4/ECE480Team4/ros2_ws/build/curvy_road', 'env': OrderedDict([('USER', 'eceteam4'), ('XDG_SESSION_TYPE', 'x11'), ('SHLVL', '1'), ('LD_LIBRARY_PATH', '/opt/ros/humble/opt/rviz_ogre_vendor/lib:/opt/ros/humble/lib/aarch64-linux-gnu:/opt/ros/humble/lib'), ('HOME', '/home/eceteam4'), ('OLDPWD', '/home/eceteam4/ECE480Team4/ros2_ws/src/sensors_lidar_bridge'), ('DESKTOP_SESSION', 'ubuntu'), ('ROS_PYTHON_VERSION', '3'), ('GNOME_SHELL_SESSION_MODE', 'ubuntu'), ('GTK_MODULES', 'gail:atk-bridge'), ('SYSTEMD_EXEC_PID', '5065'), ('DBUS_SESSION_BUS_ADDRESS', 'unix:path=/run/user/1000/bus'), ('COLORTERM', 'truecolor'), ('IM_CONFIG_PHASE', '1'), ('COLCON_PREFIX_PATH', '/home/eceteam4/ECE480Team4/ros2_ws/install'), ('ROS_DISTRO', 'humble'), ('GTK_IM_MODULE', 'ibus'), ('LOGNAME', 'eceteam4'), ('_', '/usr/bin/colcon'), ('ROS_VERSION', '2'), ('XDG_SESSION_CLASS', 'user'), ('PROMPT_DIRTRIM', '4'), ('USERNAME', 'eceteam4'), ('TERM', 'xterm-256color'), ('GNOME_DESKTOP_SESSION_ID', 'this-is-deprecated'), ('ROS_LOCALHOST_ONLY', '0'), ('WINDOWPATH', '2'), ('PATH', '/home/eceteam4/ECE480Team4/ros2_ws/install/sensors_lidar_bridge/bin:/home/eceteam4/ECE480Team4/ros2_ws/install/sensors_imu_bridge/bin:/home/eceteam4/ECE480Team4/ros2_ws/install/sensors_camera_node/bin:/opt/ros/humble/bin:/home/eceteam4/.local/bin:/usr/local/sbin:/usr/local/bin:/usr/sbin:/usr/bin:/sbin:/bin:/usr/games:/usr/local/games:/snap/bin:/snap/bin'), ('SESSION_MANAGER', 'local/eceteam4-desktop:@/tmp/.ICE-unix/1761,unix/eceteam4-desktop:/tmp/.ICE-unix/1761'), ('XDG_MENU_PREFIX', 'gnome-'), ('GNOME_TERMINAL_SCREEN', '/org/gnome/Terminal/screen/17b35643_794d_4474_877c_5a84a7709980'), ('XDG_RUNTIME_DIR', '/run/user/1000'), ('DISPLAY', ':0'), ('LANG', 'en_US.UTF-8'), ('XDG_CURRENT_DESKTOP', 'ubuntu:GNOME'), ('XMODIFIERS', '@im=ibus'), ('XDG_SESSION_DESKTOP', 'ubuntu'), ('XAUTHORITY', '/run/user/1000/gdm/Xauthority'), ('GNOME_TERMINAL_SERVICE', ':1.114'), ('SSH_AGENT_LAUNCHER', 'gnome-keyring'), ('SSH_AUTH_SOCK', '/run/user/1000/keyring/ssh'), ('AMENT_PREFIX_PATH', '/home/eceteam4/ECE480Team4/ros2_ws/install/sensors_lidar_bridge:/home/eceteam4/ECE480Team4/ros2_ws/install/sensors_imu_bridge:/home/eceteam4/ECE480Team4/ros2_ws/install/sensors_camera_node:/home/eceteam4/ECE480Team4/ros2_ws/install/perception_ml_node:/home/eceteam4/ECE480Team4/ros2_ws/install/obstacle_det:/home/eceteam4/ECE480Team4/ros2_ws/install/lane_follow:/home/eceteam4/ECE480Team4/ros2_ws/install/curvy_road:/opt/ros/humble'), ('SHELL', '/bin/bash'), ('QT_ACCESSIBILITY', '1'), ('GDMSESSION', 'ubuntu'), ('GPG_AGENT_INFO', '/run/user/1000/gnupg/S.gpg-agent:0:1'), ('QT_IM_MODULE', 'ibus'), ('PWD', '/home/eceteam4/ECE480Team4/ros2_ws/build/curvy_road'), ('XDG_CONFIG_DIRS', '/etc/xdg/xdg-ubuntu:/etc/xdg'), ('XDG_DATA_DIRS', '/usr/share/ubuntu:/usr/share/gnome:/usr/local/share/:/usr/share/:/var/lib/snapd/desktop'), ('PYTHONPATH', '/home/eceteam4/ECE480Team4/ros2_ws/build/sensors_lidar_bridge:/home/eceteam4/ECE480Team4/ros2_ws/install/sensors_lidar_bridge/lib/python3.10/site-packages:/home/eceteam4/ECE480Team4/ros2_ws/build/sensors_imu_bridge:/home/eceteam4/ECE480Team4/ros2_ws/install/sensors_imu_bridge/lib/python3.10/site-packages:/home/eceteam4/ECE480Team4/ros2_ws/build/sensors_camera_node:/home/eceteam4/ECE480Team4/ros2_ws/install/sensors_camera_node/lib/python3.10/site-packages:/home/eceteam4/ECE480Team4/ros2_ws/build/perception_sync_node:/home/eceteam4/ECE480Team4/ros2_ws/install/perception_sync_node/lib/python3.10/site-packages:/home/eceteam4/ECE480Team4/ros2_ws/build/perception_ml_node:/home/eceteam4/ECE480Team4/ros2_ws/install/perception_ml_node/lib/python3.10/site-packages:/home/eceteam4/ECE480Team4/ros2_ws/build/obstacle_det:/home/eceteam4/ECE480Team4/ros2_ws/install/obstacle_det/lib/python3.10/site-packages:/home/eceteam4/ECE480Team4/ros2_ws/build/lane_follow:/home/eceteam4/ECE480Team4/ros2_ws/install/lane_follow/lib/python3.10/site-packages:/opt/ros/humble/lib/python3.10/site-packages:/opt/ros/humble/local/lib/python3.10/dist-packages'), ('COLCON', '1'), ('VTE_VERSION', '6800'), ('CMAKE_PREFIX_PATH', '/home/eceteam4/ECE480Team4/ros2_ws/install/curvy_road:/home/eceteam4/ECE480Team4/ros2_ws/install/sensors_lidar_bridge:/home/eceteam4/ECE480Team4/ros2_ws/install/sensors_imu_bridge:/home/eceteam4/ECE480Team4/ros2_ws/install/sensors_camera_node:/home/eceteam4/ECE480Team4/ros2_ws/install/perception_ml_node:/home/eceteam4/ECE480Team4/ros2_ws/install/obstacle_det:/home/eceteam4/ECE480Team4/ros2_ws/install/lane_follow:/opt/ros/humble')]), 'shell': False}
[0.099348] (-) TimerEvent: {}
[0.199996] (-) TimerEvent: {}
[0.301090] (-) TimerEvent: {}
[0.401930] (-) TimerEvent: {}
[0.502782] (-) TimerEvent: {}
[0.603590] (-) TimerEvent: {}
[0.704390] (-) TimerEvent: {}
[0.805023] (-) TimerEvent: {}
[0.905642] (-) TimerEvent: {}
[1.006275] (-) TimerEvent: {}
[1.106882] (-) TimerEvent: {}
[1.207716] (-) TimerEvent: {}
[1.308373] (-) TimerEvent: {}
[1.408937] (-) TimerEvent: {}
[1.509438] (-) TimerEvent: {}
[1.610151] (-) TimerEvent: {}
[1.710998] (-) TimerEvent: {}
[1.811607] (-) TimerEvent: {}
[1.912082] (-) TimerEvent: {}
[2.012557] (-) TimerEvent: {}
[2.113177] (-) TimerEvent: {}
[2.128590] (curvy_road) StdoutLine: {'line': b'-- The C compiler identification is GNU 11.4.0\n'}
[2.129665] (curvy_road) StdoutLine: {'line': b'-- The CXX compiler identification is GNU 11.4.0\n'}
[2.130436] (curvy_road) StdoutLine: {'line': b'-- Detecting C compiler ABI info\n'}
[2.131685] (curvy_road) StdoutLine: {'line': b'-- Detecting C compiler ABI info - done\n'}
[2.133670] (curvy_road) StdoutLine: {'line': b'-- Check for working C compiler: /usr/bin/cc - skipped\n'}
[2.134188] (curvy_road) StdoutLine: {'line': b'-- Detecting C compile features\n'}
[2.134836] (curvy_road) StdoutLine: {'line': b'-- Detecting C compile features - done\n'}
[2.136363] (curvy_road) StdoutLine: {'line': b'-- Detecting CXX compiler ABI info\n'}
[2.136890] (curvy_road) StdoutLine: {'line': b'-- Detecting CXX compiler ABI info - done\n'}
[2.137175] (curvy_road) StdoutLine: {'line': b'-- Check for working CXX compiler: /usr/bin/c++ - skipped\n'}
[2.137421] (curvy_road) StdoutLine: {'line': b'-- Detecting CXX compile features\n'}
[2.137646] (curvy_road) StdoutLine: {'line': b'-- Detecting CXX compile features - done\n'}
[2.137859] (curvy_road) StdoutLine: {'line': b'-- Found ament_cmake: 1.3.12 (/opt/ros/humble/share/ament_cmake/cmake)\n'}
[2.138376] (curvy_road) StdoutLine: {'line': b'-- Found Python3: /usr/bin/python3 (found version "3.10.12") found components: Interpreter \n'}
[2.138742] (curvy_road) StdoutLine: {'line': b'-- Override CMake install command with custom implementation using symlinks instead of copying resources\n'}
[2.138994] (curvy_road) StdoutLine: {'line': b'-- Found geometry_msgs: 4.9.0 (/opt/ros/humble/share/geometry_msgs/cmake)\n'}
[2.139227] (curvy_road) StdoutLine: {'line': b'-- Found rosidl_generator_c: 3.1.7 (/opt/ros/humble/share/rosidl_generator_c/cmake)\n'}
[2.139456] (curvy_road) StdoutLine: {'line': b'-- Found rosidl_adapter: 3.1.7 (/opt/ros/humble/share/rosidl_adapter/cmake)\n'}
[2.139679] (curvy_road) StdoutLine: {'line': b'-- Found rosidl_generator_cpp: 3.1.7 (/opt/ros/humble/share/rosidl_generator_cpp/cmake)\n'}
[2.139900] (curvy_road) StdoutLine: {'line': b'-- Using all available rosidl_typesupport_c: rosidl_typesupport_fastrtps_c;rosidl_typesupport_introspection_c\n'}
[2.140120] (curvy_road) StdoutLine: {'line': b'-- Using all available rosidl_typesupport_cpp: rosidl_typesupport_fastrtps_cpp;rosidl_typesupport_introspection_cpp\n'}
[2.140340] (curvy_road) StdoutLine: {'line': b'-- Found nav_msgs: 4.9.0 (/opt/ros/humble/share/nav_msgs/cmake)\n'}
[2.140557] (curvy_road) StdoutLine: {'line': b'-- Found rclcpp: 16.0.16 (/opt/ros/humble/share/rclcpp/cmake)\n'}
[2.140772] (curvy_road) StdoutLine: {'line': b'-- Found rmw_implementation_cmake: 6.1.2 (/opt/ros/humble/share/rmw_implementation_cmake/cmake)\n'}
[2.140988] (curvy_road) StdoutLine: {'line': b'-- Found rmw_fastrtps_cpp: 6.2.9 (/opt/ros/humble/share/rmw_fastrtps_cpp/cmake)\n'}
[2.141205] (curvy_road) StdoutLine: {'line': b'-- Found OpenSSL: /usr/lib/aarch64-linux-gnu/libcrypto.so (found version "3.0.2")  \n'}
[2.141422] (curvy_road) StdoutLine: {'line': b'-- Found FastRTPS: /opt/ros/humble/include  \n'}
[2.141638] (curvy_road) StdoutLine: {'line': b"-- Using RMW implementation 'rmw_fastrtps_cpp' as default\n"}
[2.141852] (curvy_road) StdoutLine: {'line': b'-- Looking for pthread.h\n'}
[2.142098] (curvy_road) StdoutLine: {'line': b'-- Looking for pthread.h - found\n'}
[2.142331] (curvy_road) StdoutLine: {'line': b'-- Performing Test CMAKE_HAVE_LIBC_PTHREAD\n'}
[2.142549] (curvy_road) StdoutLine: {'line': b'-- Performing Test CMAKE_HAVE_LIBC_PTHREAD - Success\n'}
[2.142767] (curvy_road) StdoutLine: {'line': b'-- Found Threads: TRUE  \n'}
[2.142980] (curvy_road) StdoutLine: {'line': b'-- Found sensor_msgs: 4.9.0 (/opt/ros/humble/share/sensor_msgs/cmake)\n'}
[2.143193] (curvy_road) StdoutLine: {'line': b'-- Found tf2: 0.25.17 (/opt/ros/humble/share/tf2/cmake)\n'}
[2.213334] (-) TimerEvent: {}
[2.293197] (curvy_road) StdoutLine: {'line': b'-- Configuring done\n'}
[2.302869] (curvy_road) StdoutLine: {'line': b'-- Generating done\n'}
[2.307150] (curvy_road) StdoutLine: {'line': b'-- Build files have been written to: /home/eceteam4/ECE480Team4/ros2_ws/build/curvy_road\n'}
[2.313412] (-) TimerEvent: {}
[2.414105] (-) TimerEvent: {}
[2.514931] (-) TimerEvent: {}
[2.615748] (-) TimerEvent: {}
[2.665094] (curvy_road) CommandEnded: {'returncode': 0}
[2.666459] (curvy_road) JobProgress: {'identifier': 'curvy_road', 'progress': 'build'}
[2.667818] (curvy_road) Command: {'cmd': ['/usr/bin/cmake', '--build', '/home/eceteam4/ECE480Team4/ros2_ws/build/curvy_road', '--', '-j6', '-l6'], 'cwd': '/home/eceteam4/ECE480Team4/ros2_ws/build/curvy_road', 'env': OrderedDict([('USER', 'eceteam4'), ('XDG_SESSION_TYPE', 'x11'), ('SHLVL', '1'), ('LD_LIBRARY_PATH', '/opt/ros/humble/opt/rviz_ogre_vendor/lib:/opt/ros/humble/lib/aarch64-linux-gnu:/opt/ros/humble/lib'), ('HOME', '/home/eceteam4'), ('OLDPWD', '/home/eceteam4/ECE480Team4/ros2_ws/src/sensors_lidar_bridge'), ('DESKTOP_SESSION', 'ubuntu'), ('ROS_PYTHON_VERSION', '3'), ('GNOME_SHELL_SESSION_MODE', 'ubuntu'), ('GTK_MODULES', 'gail:atk-bridge'), ('SYSTEMD_EXEC_PID', '5065'), ('DBUS_SESSION_BUS_ADDRESS', 'unix:path=/run/user/1000/bus'), ('COLORTERM', 'truecolor'), ('IM_CONFIG_PHASE', '1'), ('COLCON_PREFIX_PATH', '/home/eceteam4/ECE480Team4/ros2_ws/install'), ('ROS_DISTRO', 'humble'), ('GTK_IM_MODULE', 'ibus'), ('LOGNAME', 'eceteam4'), ('_', '/usr/bin/colcon'), ('ROS_VERSION', '2'), ('XDG_SESSION_CLASS', 'user'), ('PROMPT_DIRTRIM', '4'), ('USERNAME', 'eceteam4'), ('TERM', 'xterm-256color'), ('GNOME_DESKTOP_SESSION_ID', 'this-is-deprecated'), ('ROS_LOCALHOST_ONLY', '0'), ('WINDOWPATH', '2'), ('PATH', '/home/eceteam4/ECE480Team4/ros2_ws/install/sensors_lidar_bridge/bin:/home/eceteam4/ECE480Team4/ros2_ws/install/sensors_imu_bridge/bin:/home/eceteam4/ECE480Team4/ros2_ws/install/sensors_camera_node/bin:/opt/ros/humble/bin:/home/eceteam4/.local/bin:/usr/local/sbin:/usr/local/bin:/usr/sbin:/usr/bin:/sbin:/bin:/usr/games:/usr/local/games:/snap/bin:/snap/bin'), ('SESSION_MANAGER', 'local/eceteam4-desktop:@/tmp/.ICE-unix/1761,unix/eceteam4-desktop:/tmp/.ICE-unix/1761'), ('XDG_MENU_PREFIX', 'gnome-'), ('GNOME_TERMINAL_SCREEN', '/org/gnome/Terminal/screen/17b35643_794d_4474_877c_5a84a7709980'), ('XDG_RUNTIME_DIR', '/run/user/1000'), ('DISPLAY', ':0'), ('LANG', 'en_US.UTF-8'), ('XDG_CURRENT_DESKTOP', 'ubuntu:GNOME'), ('XMODIFIERS', '@im=ibus'), ('XDG_SESSION_DESKTOP', 'ubuntu'), ('XAUTHORITY', '/run/user/1000/gdm/Xauthority'), ('GNOME_TERMINAL_SERVICE', ':1.114'), ('SSH_AGENT_LAUNCHER', 'gnome-keyring'), ('SSH_AUTH_SOCK', '/run/user/1000/keyring/ssh'), ('AMENT_PREFIX_PATH', '/home/eceteam4/ECE480Team4/ros2_ws/install/sensors_lidar_bridge:/home/eceteam4/ECE480Team4/ros2_ws/install/sensors_imu_bridge:/home/eceteam4/ECE480Team4/ros2_ws/install/sensors_camera_node:/home/eceteam4/ECE480Team4/ros2_ws/install/perception_ml_node:/home/eceteam4/ECE480Team4/ros2_ws/install/obstacle_det:/home/eceteam4/ECE480Team4/ros2_ws/install/lane_follow:/home/eceteam4/ECE480Team4/ros2_ws/install/curvy_road:/opt/ros/humble'), ('SHELL', '/bin/bash'), ('QT_ACCESSIBILITY', '1'), ('GDMSESSION', 'ubuntu'), ('GPG_AGENT_INFO', '/run/user/1000/gnupg/S.gpg-agent:0:1'), ('QT_IM_MODULE', 'ibus'), ('PWD', '/home/eceteam4/ECE480Team4/ros2_ws/build/curvy_road'), ('XDG_CONFIG_DIRS', '/etc/xdg/xdg-ubuntu:/etc/xdg'), ('XDG_DATA_DIRS', '/usr/share/ubuntu:/usr/share/gnome:/usr/local/share/:/usr/share/:/var/lib/snapd/desktop'), ('PYTHONPATH', '/home/eceteam4/ECE480Team4/ros2_ws/build/sensors_lidar_bridge:/home/eceteam4/ECE480Team4/ros2_ws/install/sensors_lidar_bridge/lib/python3.10/site-packages:/home/eceteam4/ECE480Team4/ros2_ws/build/sensors_imu_bridge:/home/eceteam4/ECE480Team4/ros2_ws/install/sensors_imu_bridge/lib/python3.10/site-packages:/home/eceteam4/ECE480Team4/ros2_ws/build/sensors_camera_node:/home/eceteam4/ECE480Team4/ros2_ws/install/sensors_camera_node/lib/python3.10/site-packages:/home/eceteam4/ECE480Team4/ros2_ws/build/perception_sync_node:/home/eceteam4/ECE480Team4/ros2_ws/install/perception_sync_node/lib/python3.10/site-packages:/home/eceteam4/ECE480Team4/ros2_ws/build/perception_ml_node:/home/eceteam4/ECE480Team4/ros2_ws/install/perception_ml_node/lib/python3.10/site-packages:/home/eceteam4/ECE480Team4/ros2_ws/build/obstacle_det:/home/eceteam4/ECE480Team4/ros2_ws/install/obstacle_det/lib/python3.10/site-packages:/home/eceteam4/ECE480Team4/ros2_ws/build/lane_follow:/home/eceteam4/ECE480Team4/ros2_ws/install/lane_follow/lib/python3.10/site-packages:/opt/ros/humble/lib/python3.10/site-packages:/opt/ros/humble/local/lib/python3.10/dist-packages'), ('COLCON', '1'), ('VTE_VERSION', '6800'), ('CMAKE_PREFIX_PATH', '/home/eceteam4/ECE480Team4/ros2_ws/install/curvy_road:/home/eceteam4/ECE480Team4/ros2_ws/install/sensors_lidar_bridge:/home/eceteam4/ECE480Team4/ros2_ws/install/sensors_imu_bridge:/home/eceteam4/ECE480Team4/ros2_ws/install/sensors_camera_node:/home/eceteam4/ECE480Team4/ros2_ws/install/perception_ml_node:/home/eceteam4/ECE480Team4/ros2_ws/install/obstacle_det:/home/eceteam4/ECE480Team4/ros2_ws/install/lane_follow:/opt/ros/humble')]), 'shell': False}
[2.715907] (-) TimerEvent: {}
[2.742424] (curvy_road) CommandEnded: {'returncode': 0}
[2.743352] (curvy_road) JobProgress: {'identifier': 'curvy_road', 'progress': 'install'}
[2.764316] (curvy_road) Command: {'cmd': ['/usr/bin/cmake', '--install', '/home/eceteam4/ECE480Team4/ros2_ws/build/curvy_road'], 'cwd': '/home/eceteam4/ECE480Team4/ros2_ws/build/curvy_road', 'env': OrderedDict([('USER', 'eceteam4'), ('XDG_SESSION_TYPE', 'x11'), ('SHLVL', '1'), ('LD_LIBRARY_PATH', '/opt/ros/humble/opt/rviz_ogre_vendor/lib:/opt/ros/humble/lib/aarch64-linux-gnu:/opt/ros/humble/lib'), ('HOME', '/home/eceteam4'), ('OLDPWD', '/home/eceteam4/ECE480Team4/ros2_ws/src/sensors_lidar_bridge'), ('DESKTOP_SESSION', 'ubuntu'), ('ROS_PYTHON_VERSION', '3'), ('GNOME_SHELL_SESSION_MODE', 'ubuntu'), ('GTK_MODULES', 'gail:atk-bridge'), ('SYSTEMD_EXEC_PID', '5065'), ('DBUS_SESSION_BUS_ADDRESS', 'unix:path=/run/user/1000/bus'), ('COLORTERM', 'truecolor'), ('IM_CONFIG_PHASE', '1'), ('COLCON_PREFIX_PATH', '/home/eceteam4/ECE480Team4/ros2_ws/install'), ('ROS_DISTRO', 'humble'), ('GTK_IM_MODULE', 'ibus'), ('LOGNAME', 'eceteam4'), ('_', '/usr/bin/colcon'), ('ROS_VERSION', '2'), ('XDG_SESSION_CLASS', 'user'), ('PROMPT_DIRTRIM', '4'), ('USERNAME', 'eceteam4'), ('TERM', 'xterm-256color'), ('GNOME_DESKTOP_SESSION_ID', 'this-is-deprecated'), ('ROS_LOCALHOST_ONLY', '0'), ('WINDOWPATH', '2'), ('PATH', '/home/eceteam4/ECE480Team4/ros2_ws/install/sensors_lidar_bridge/bin:/home/eceteam4/ECE480Team4/ros2_ws/install/sensors_imu_bridge/bin:/home/eceteam4/ECE480Team4/ros2_ws/install/sensors_camera_node/bin:/opt/ros/humble/bin:/home/eceteam4/.local/bin:/usr/local/sbin:/usr/local/bin:/usr/sbin:/usr/bin:/sbin:/bin:/usr/games:/usr/local/games:/snap/bin:/snap/bin'), ('SESSION_MANAGER', 'local/eceteam4-desktop:@/tmp/.ICE-unix/1761,unix/eceteam4-desktop:/tmp/.ICE-unix/1761'), ('XDG_MENU_PREFIX', 'gnome-'), ('GNOME_TERMINAL_SCREEN', '/org/gnome/Terminal/screen/17b35643_794d_4474_877c_5a84a7709980'), ('XDG_RUNTIME_DIR', '/run/user/1000'), ('DISPLAY', ':0'), ('LANG', 'en_US.UTF-8'), ('XDG_CURRENT_DESKTOP', 'ubuntu:GNOME'), ('XMODIFIERS', '@im=ibus'), ('XDG_SESSION_DESKTOP', 'ubuntu'), ('XAUTHORITY', '/run/user/1000/gdm/Xauthority'), ('GNOME_TERMINAL_SERVICE', ':1.114'), ('SSH_AGENT_LAUNCHER', 'gnome-keyring'), ('SSH_AUTH_SOCK', '/run/user/1000/keyring/ssh'), ('AMENT_PREFIX_PATH', '/home/eceteam4/ECE480Team4/ros2_ws/install/sensors_lidar_bridge:/home/eceteam4/ECE480Team4/ros2_ws/install/sensors_imu_bridge:/home/eceteam4/ECE480Team4/ros2_ws/install/sensors_camera_node:/home/eceteam4/ECE480Team4/ros2_ws/install/perception_ml_node:/home/eceteam4/ECE480Team4/ros2_ws/install/obstacle_det:/home/eceteam4/ECE480Team4/ros2_ws/install/lane_follow:/home/eceteam4/ECE480Team4/ros2_ws/install/curvy_road:/opt/ros/humble'), ('SHELL', '/bin/bash'), ('QT_ACCESSIBILITY', '1'), ('GDMSESSION', 'ubuntu'), ('GPG_AGENT_INFO', '/run/user/1000/gnupg/S.gpg-agent:0:1'), ('QT_IM_MODULE', 'ibus'), ('PWD', '/home/eceteam4/ECE480Team4/ros2_ws/build/curvy_road'), ('XDG_CONFIG_DIRS', '/etc/xdg/xdg-ubuntu:/etc/xdg'), ('XDG_DATA_DIRS', '/usr/share/ubuntu:/usr/share/gnome:/usr/local/share/:/usr/share/:/var/lib/snapd/desktop'), ('PYTHONPATH', '/home/eceteam4/ECE480Team4/ros2_ws/build/sensors_lidar_bridge:/home/eceteam4/ECE480Team4/ros2_ws/install/sensors_lidar_bridge/lib/python3.10/site-packages:/home/eceteam4/ECE480Team4/ros2_ws/build/sensors_imu_bridge:/home/eceteam4/ECE480Team4/ros2_ws/install/sensors_imu_bridge/lib/python3.10/site-packages:/home/eceteam4/ECE480Team4/ros2_ws/build/sensors_camera_node:/home/eceteam4/ECE480Team4/ros2_ws/install/sensors_camera_node/lib/python3.10/site-packages:/home/eceteam4/ECE480Team4/ros2_ws/build/perception_sync_node:/home/eceteam4/ECE480Team4/ros2_ws/install/perception_sync_node/lib/python3.10/site-packages:/home/eceteam4/ECE480Team4/ros2_ws/build/perception_ml_node:/home/eceteam4/ECE480Team4/ros2_ws/install/perception_ml_node/lib/python3.10/site-packages:/home/eceteam4/ECE480Team4/ros2_ws/build/obstacle_det:/home/eceteam4/ECE480Team4/ros2_ws/install/obstacle_det/lib/python3.10/site-packages:/home/eceteam4/ECE480Team4/ros2_ws/build/lane_follow:/home/eceteam4/ECE480Team4/ros2_ws/install/lane_follow/lib/python3.10/site-packages:/opt/ros/humble/lib/python3.10/site-packages:/opt/ros/humble/local/lib/python3.10/dist-packages'), ('COLCON', '1'), ('VTE_VERSION', '6800'), ('CMAKE_PREFIX_PATH', '/home/eceteam4/ECE480Team4/ros2_ws/install/curvy_road:/home/eceteam4/ECE480Team4/ros2_ws/install/sensors_lidar_bridge:/home/eceteam4/ECE480Team4/ros2_ws/install/sensors_imu_bridge:/home/eceteam4/ECE480Team4/ros2_ws/install/sensors_camera_node:/home/eceteam4/ECE480Team4/ros2_ws/install/perception_ml_node:/home/eceteam4/ECE480Team4/ros2_ws/install/obstacle_det:/home/eceteam4/ECE480Team4/ros2_ws/install/lane_follow:/opt/ros/humble')]), 'shell': False}
[2.779438] (curvy_road) StdoutLine: {'line': b'-- Install configuration: ""\n'}
[2.780357] (curvy_road) StdoutLine: {'line': b'-- Execute custom install script\n'}
[2.781344] (curvy_road) StdoutLine: {'line': b'-- Symlinking: /home/eceteam4/ECE480Team4/ros2_ws/install/curvy_road/share/curvy_road//launch/curvy_road.launch.py\n'}
[2.797847] (curvy_road) StdoutLine: {'line': b'-- Symlinking: /home/eceteam4/ECE480Team4/ros2_ws/install/curvy_road/share/curvy_road//launch/empty_world.launch.py\n'}
[2.813692] (curvy_road) StdoutLine: {'line': b'-- Symlinking: /home/eceteam4/ECE480Team4/ros2_ws/install/curvy_road/share/curvy_road//launch/robot_state_publisher.launch.py\n'}
[2.816052] (-) TimerEvent: {}
[2.828741] (perception_sync_node) Command: {'cmd': ['/usr/bin/python3', '-W', 'ignore:setup.py install is deprecated', '-W', 'ignore:easy_install command is deprecated', 'setup.py', 'develop', '--editable', '--build-directory', '/home/eceteam4/ECE480Team4/ros2_ws/build/perception_sync_node/build', '--no-deps'], 'cwd': '/home/eceteam4/ECE480Team4/ros2_ws/build/perception_sync_node', 'env': {'USER': 'eceteam4', 'XDG_SESSION_TYPE': 'x11', 'SHLVL': '1', 'LD_LIBRARY_PATH': '/opt/ros/humble/opt/rviz_ogre_vendor/lib:/opt/ros/humble/lib/aarch64-linux-gnu:/opt/ros/humble/lib', 'HOME': '/home/eceteam4', 'OLDPWD': '/home/eceteam4/ECE480Team4/ros2_ws/src/sensors_lidar_bridge', 'DESKTOP_SESSION': 'ubuntu', 'ROS_PYTHON_VERSION': '3', 'GNOME_SHELL_SESSION_MODE': 'ubuntu', 'GTK_MODULES': 'gail:atk-bridge', 'SYSTEMD_EXEC_PID': '5065', 'DBUS_SESSION_BUS_ADDRESS': 'unix:path=/run/user/1000/bus', 'COLORTERM': 'truecolor', 'IM_CONFIG_PHASE': '1', 'COLCON_PREFIX_PATH': '/home/eceteam4/ECE480Team4/ros2_ws/install', 'ROS_DISTRO': 'humble', 'GTK_IM_MODULE': 'ibus', 'LOGNAME': 'eceteam4', '_': '/usr/bin/colcon', 'ROS_VERSION': '2', 'XDG_SESSION_CLASS': 'user', 'PROMPT_DIRTRIM': '4', 'USERNAME': 'eceteam4', 'TERM': 'xterm-256color', 'GNOME_DESKTOP_SESSION_ID': 'this-is-deprecated', 'ROS_LOCALHOST_ONLY': '0', 'WINDOWPATH': '2', 'PATH': '/home/eceteam4/ECE480Team4/ros2_ws/install/sensors_lidar_bridge/bin:/home/eceteam4/ECE480Team4/ros2_ws/install/sensors_imu_bridge/bin:/home/eceteam4/ECE480Team4/ros2_ws/install/sensors_camera_node/bin:/opt/ros/humble/bin:/home/eceteam4/.local/bin:/usr/local/sbin:/usr/local/bin:/usr/sbin:/usr/bin:/sbin:/bin:/usr/games:/usr/local/games:/snap/bin:/snap/bin', 'SESSION_MANAGER': 'local/eceteam4-desktop:@/tmp/.ICE-unix/1761,unix/eceteam4-desktop:/tmp/.ICE-unix/1761', 'XDG_MENU_PREFIX': 'gnome-', 'GNOME_TERMINAL_SCREEN': '/org/gnome/Terminal/screen/17b35643_794d_4474_877c_5a84a7709980', 'XDG_RUNTIME_DIR': '/run/user/1000', 'DISPLAY': ':0', 'LANG': 'en_US.UTF-8', 'XDG_CURRENT_DESKTOP': 'ubuntu:GNOME', 'XMODIFIERS': '@im=ibus', 'XDG_SESSION_DESKTOP': 'ubuntu', 'XAUTHORITY': '/run/user/1000/gdm/Xauthority', 'GNOME_TERMINAL_SERVICE': ':1.114', 'SSH_AGENT_LAUNCHER': 'gnome-keyring', 'SSH_AUTH_SOCK': '/run/user/1000/keyring/ssh', 'AMENT_PREFIX_PATH': '/home/eceteam4/ECE480Team4/ros2_ws/install/sensors_lidar_bridge:/home/eceteam4/ECE480Team4/ros2_ws/install/sensors_imu_bridge:/home/eceteam4/ECE480Team4/ros2_ws/install/sensors_camera_node:/home/eceteam4/ECE480Team4/ros2_ws/install/perception_ml_node:/home/eceteam4/ECE480Team4/ros2_ws/install/obstacle_det:/home/eceteam4/ECE480Team4/ros2_ws/install/lane_follow:/home/eceteam4/ECE480Team4/ros2_ws/install/curvy_road:/opt/ros/humble', 'SHELL': '/bin/bash', 'QT_ACCESSIBILITY': '1', 'GDMSESSION': 'ubuntu', 'GPG_AGENT_INFO': '/run/user/1000/gnupg/S.gpg-agent:0:1', 'QT_IM_MODULE': 'ibus', 'PWD': '/home/eceteam4/ECE480Team4/ros2_ws/build/perception_sync_node', 'XDG_CONFIG_DIRS': '/etc/xdg/xdg-ubuntu:/etc/xdg', 'XDG_DATA_DIRS': '/usr/share/ubuntu:/usr/share/gnome:/usr/local/share/:/usr/share/:/var/lib/snapd/desktop', 'PYTHONPATH': '/home/eceteam4/ECE480Team4/ros2_ws/build/perception_sync_node/prefix_override:/usr/lib/python3/dist-packages/colcon_core/task/python/colcon_distutils_commands:/home/eceteam4/ECE480Team4/ros2_ws/install/perception_sync_node/lib/python3.10/site-packages:/home/eceteam4/ECE480Team4/ros2_ws/build/sensors_lidar_bridge:/home/eceteam4/ECE480Team4/ros2_ws/install/sensors_lidar_bridge/lib/python3.10/site-packages:/home/eceteam4/ECE480Team4/ros2_ws/build/sensors_imu_bridge:/home/eceteam4/ECE480Team4/ros2_ws/install/sensors_imu_bridge/lib/python3.10/site-packages:/home/eceteam4/ECE480Team4/ros2_ws/build/sensors_camera_node:/home/eceteam4/ECE480Team4/ros2_ws/install/sensors_camera_node/lib/python3.10/site-packages:/home/eceteam4/ECE480Team4/ros2_ws/build/perception_sync_node:/home/eceteam4/ECE480Team4/ros2_ws/install/perception_sync_node/lib/python3.10/site-packages:/home/eceteam4/ECE480Team4/ros2_ws/build/perception_ml_node:/home/eceteam4/ECE480Team4/ros2_ws/install/perception_ml_node/lib/python3.10/site-packages:/home/eceteam4/ECE480Team4/ros2_ws/build/obstacle_det:/home/eceteam4/ECE480Team4/ros2_ws/install/obstacle_det/lib/python3.10/site-packages:/home/eceteam4/ECE480Team4/ros2_ws/build/lane_follow:/home/eceteam4/ECE480Team4/ros2_ws/install/lane_follow/lib/python3.10/site-packages:/opt/ros/humble/lib/python3.10/site-packages:/opt/ros/humble/local/lib/python3.10/dist-packages', 'COLCON': '1', 'VTE_VERSION': '6800', 'CMAKE_PREFIX_PATH': '/home/eceteam4/ECE480Team4/ros2_ws/install/curvy_road'}, 'shell': False}
[2.830239] (curvy_road) StdoutLine: {'line': b'-- Symlinking: /home/eceteam4/ECE480Team4/ros2_ws/install/curvy_road/share/curvy_road//launch/turtlebot3_world.launch.py\n'}
[2.846784] (curvy_road) StdoutLine: {'line': b'-- Symlinking: /home/eceteam4/ECE480Team4/ros2_ws/install/curvy_road/share/curvy_road//models/turtlebot3_burger/meshes/burger_base.dae\n'}
[2.865673] (curvy_road) StdoutLine: {'line': b'-- Symlinking: /home/eceteam4/ECE480Team4/ros2_ws/install/curvy_road/share/curvy_road//models/turtlebot3_burger/meshes/lds.dae\n'}
[2.885369] (curvy_road) StdoutLine: {'line': b'-- Symlinking: /home/eceteam4/ECE480Team4/ros2_ws/install/curvy_road/share/curvy_road//models/turtlebot3_burger/meshes/tire.dae\n'}
[2.900514] (curvy_road) StdoutLine: {'line': b'-- Symlinking: /home/eceteam4/ECE480Team4/ros2_ws/install/curvy_road/share/curvy_road//models/turtlebot3_burger/model-1_4.sdf\n'}
[2.915748] (curvy_road) StdoutLine: {'line': b'-- Symlinking: /home/eceteam4/ECE480Team4/ros2_ws/install/curvy_road/share/curvy_road//models/turtlebot3_burger/model.config\n'}
[2.916152] (-) TimerEvent: {}
[2.930285] (curvy_road) StdoutLine: {'line': b'-- Symlinking: /home/eceteam4/ECE480Team4/ros2_ws/install/curvy_road/share/curvy_road//models/turtlebot3_burger/model.sdf\n'}
[2.945513] (curvy_road) StdoutLine: {'line': b'-- Symlinking: /home/eceteam4/ECE480Team4/ros2_ws/install/curvy_road/share/curvy_road//models/turtlebot3_curvy_road/course/materials/scripts/course.material\n'}
[2.960651] (curvy_road) StdoutLine: {'line': b'-- Symlinking: /home/eceteam4/ECE480Team4/ros2_ws/install/curvy_road/share/curvy_road//models/turtlebot3_curvy_road/course/materials/textures/road_2.png\n'}
[2.975517] (curvy_road) StdoutLine: {'line': b'-- Symlinking: /home/eceteam4/ECE480Team4/ros2_ws/install/curvy_road/share/curvy_road//models/turtlebot3_curvy_road/course/materials/textures/road_3.png\n'}
[2.989892] (curvy_road) StdoutLine: {'line': b'-- Symlinking: /home/eceteam4/ECE480Team4/ros2_ws/install/curvy_road/share/curvy_road//models/turtlebot3_curvy_road/course/model.config\n'}
[3.005050] (curvy_road) StdoutLine: {'line': b'-- Symlinking: /home/eceteam4/ECE480Team4/ros2_ws/install/curvy_road/share/curvy_road//models/turtlebot3_curvy_road/course/model.sdf\n'}
[3.016342] (-) TimerEvent: {}
[3.019511] (curvy_road) StdoutLine: {'line': b'-- Symlinking: /home/eceteam4/ECE480Team4/ros2_ws/install/curvy_road/share/curvy_road//models/turtlebot3_curvy_road/curvy_road/model.config\n'}
[3.034545] (curvy_road) StdoutLine: {'line': b'-- Symlinking: /home/eceteam4/ECE480Team4/ros2_ws/install/curvy_road/share/curvy_road//models/turtlebot3_curvy_road/curvy_road/model.sdf\n'}
[3.049309] (curvy_road) StdoutLine: {'line': b'-- Symlinking: /home/eceteam4/ECE480Team4/ros2_ws/install/curvy_road/share/curvy_road//models/turtlebot3_curvy_road/curvy_road_world/model.config\n'}
[3.064333] (curvy_road) StdoutLine: {'line': b'-- Symlinking: /home/eceteam4/ECE480Team4/ros2_ws/install/curvy_road/share/curvy_road//models/turtlebot3_curvy_road/curvy_road_world/model.sdf\n'}
[3.079464] (curvy_road) StdoutLine: {'line': b'-- Symlinking: /home/eceteam4/ECE480Team4/ros2_ws/install/curvy_road/share/curvy_road//models/turtlebot3_curvy_road/model.config\n'}
[3.094586] (curvy_road) StdoutLine: {'line': b'-- Symlinking: /home/eceteam4/ECE480Team4/ros2_ws/install/curvy_road/share/curvy_road//models/turtlebot3_curvy_road/traffic_parking/materials/scripts/traffic_parking.material\n'}
[3.109468] (curvy_road) StdoutLine: {'line': b'-- Symlinking: /home/eceteam4/ECE480Team4/ros2_ws/install/curvy_road/share/curvy_road//models/turtlebot3_curvy_road/traffic_parking/materials/textures/traffic_parking.png\n'}
[3.116527] (-) TimerEvent: {}
[3.124421] (curvy_road) StdoutLine: {'line': b'-- Symlinking: /home/eceteam4/ECE480Team4/ros2_ws/install/curvy_road/share/curvy_road//models/turtlebot3_curvy_road/traffic_parking/model.config\n'}
[3.140546] (curvy_road) StdoutLine: {'line': b'-- Symlinking: /home/eceteam4/ECE480Team4/ros2_ws/install/curvy_road/share/curvy_road//models/turtlebot3_curvy_road/traffic_parking/model.sdf\n'}
[3.156545] (curvy_road) StdoutLine: {'line': b'-- Symlinking: /home/eceteam4/ECE480Team4/ros2_ws/install/curvy_road/share/curvy_road//models/turtlebot3_waffle/meshes/lds.dae\n'}
[3.171629] (curvy_road) StdoutLine: {'line': b'-- Symlinking: /home/eceteam4/ECE480Team4/ros2_ws/install/curvy_road/share/curvy_road//models/turtlebot3_waffle/meshes/r200.dae\n'}
[3.186784] (curvy_road) StdoutLine: {'line': b'-- Symlinking: /home/eceteam4/ECE480Team4/ros2_ws/install/curvy_road/share/curvy_road//models/turtlebot3_waffle/meshes/tire.dae\n'}
[3.202664] (curvy_road) StdoutLine: {'line': b'-- Symlinking: /home/eceteam4/ECE480Team4/ros2_ws/install/curvy_road/share/curvy_road//models/turtlebot3_waffle/meshes/waffle_base.dae\n'}
[3.216697] (-) TimerEvent: {}
[3.218375] (curvy_road) StdoutLine: {'line': b'-- Symlinking: /home/eceteam4/ECE480Team4/ros2_ws/install/curvy_road/share/curvy_road//models/turtlebot3_waffle/model-1_4.sdf\n'}
[3.235850] (curvy_road) StdoutLine: {'line': b'-- Symlinking: /home/eceteam4/ECE480Team4/ros2_ws/install/curvy_road/share/curvy_road//models/turtlebot3_waffle/model.config\n'}
[3.265425] (curvy_road) StdoutLine: {'line': b'-- Symlinking: /home/eceteam4/ECE480Team4/ros2_ws/install/curvy_road/share/curvy_road//models/turtlebot3_waffle/model.sdf\n'}
[3.284053] (curvy_road) StdoutLine: {'line': b'-- Symlinking: /home/eceteam4/ECE480Team4/ros2_ws/install/curvy_road/share/curvy_road//models/turtlebot3_waffle_pi/meshes/lds.dae\n'}
[3.302419] (curvy_road) StdoutLine: {'line': b'-- Symlinking: /home/eceteam4/ECE480Team4/ros2_ws/install/curvy_road/share/curvy_road//models/turtlebot3_waffle_pi/meshes/tire.dae\n'}
[3.316897] (-) TimerEvent: {}
[3.321708] (curvy_road) StdoutLine: {'line': b'-- Symlinking: /home/eceteam4/ECE480Team4/ros2_ws/install/curvy_road/share/curvy_road//models/turtlebot3_waffle_pi/meshes/waffle_pi_base.dae\n'}
[3.343365] (curvy_road) StdoutLine: {'line': b'-- Symlinking: /home/eceteam4/ECE480Team4/ros2_ws/install/curvy_road/share/curvy_road//models/turtlebot3_waffle_pi/model-1_4_.sdf\n'}
[3.372143] (obstacle_det) Command: {'cmd': ['/usr/bin/python3', '-W', 'ignore:setup.py install is deprecated', '-W', 'ignore:easy_install command is deprecated', 'setup.py', 'develop', '--editable', '--build-directory', '/home/eceteam4/ECE480Team4/ros2_ws/build/obstacle_det/build', '--no-deps', 'symlink_data'], 'cwd': '/home/eceteam4/ECE480Team4/ros2_ws/build/obstacle_det', 'env': {'USER': 'eceteam4', 'XDG_SESSION_TYPE': 'x11', 'SHLVL': '1', 'LD_LIBRARY_PATH': '/opt/ros/humble/opt/rviz_ogre_vendor/lib:/opt/ros/humble/lib/aarch64-linux-gnu:/opt/ros/humble/lib', 'HOME': '/home/eceteam4', 'OLDPWD': '/home/eceteam4/ECE480Team4/ros2_ws/src/sensors_lidar_bridge', 'DESKTOP_SESSION': 'ubuntu', 'ROS_PYTHON_VERSION': '3', 'GNOME_SHELL_SESSION_MODE': 'ubuntu', 'GTK_MODULES': 'gail:atk-bridge', 'SYSTEMD_EXEC_PID': '5065', 'DBUS_SESSION_BUS_ADDRESS': 'unix:path=/run/user/1000/bus', 'COLORTERM': 'truecolor', 'IM_CONFIG_PHASE': '1', 'COLCON_PREFIX_PATH': '/home/eceteam4/ECE480Team4/ros2_ws/install', 'ROS_DISTRO': 'humble', 'GTK_IM_MODULE': 'ibus', 'LOGNAME': 'eceteam4', '_': '/usr/bin/colcon', 'ROS_VERSION': '2', 'XDG_SESSION_CLASS': 'user', 'PROMPT_DIRTRIM': '4', 'USERNAME': 'eceteam4', 'TERM': 'xterm-256color', 'GNOME_DESKTOP_SESSION_ID': 'this-is-deprecated', 'ROS_LOCALHOST_ONLY': '0', 'WINDOWPATH': '2', 'PATH': '/home/eceteam4/ECE480Team4/ros2_ws/install/sensors_lidar_bridge/bin:/home/eceteam4/ECE480Team4/ros2_ws/install/sensors_imu_bridge/bin:/home/eceteam4/ECE480Team4/ros2_ws/install/sensors_camera_node/bin:/opt/ros/humble/bin:/home/eceteam4/.local/bin:/usr/local/sbin:/usr/local/bin:/usr/sbin:/usr/bin:/sbin:/bin:/usr/games:/usr/local/games:/snap/bin:/snap/bin', 'SESSION_MANAGER': 'local/eceteam4-desktop:@/tmp/.ICE-unix/1761,unix/eceteam4-desktop:/tmp/.ICE-unix/1761', 'XDG_MENU_PREFIX': 'gnome-', 'GNOME_TERMINAL_SCREEN': '/org/gnome/Terminal/screen/17b35643_794d_4474_877c_5a84a7709980', 'XDG_RUNTIME_DIR': '/run/user/1000', 'DISPLAY': ':0', 'LANG': 'en_US.UTF-8', 'XDG_CURRENT_DESKTOP': 'ubuntu:GNOME', 'XMODIFIERS': '@im=ibus', 'XDG_SESSION_DESKTOP': 'ubuntu', 'XAUTHORITY': '/run/user/1000/gdm/Xauthority', 'GNOME_TERMINAL_SERVICE': ':1.114', 'SSH_AGENT_LAUNCHER': 'gnome-keyring', 'SSH_AUTH_SOCK': '/run/user/1000/keyring/ssh', 'AMENT_PREFIX_PATH': '/home/eceteam4/ECE480Team4/ros2_ws/install/sensors_lidar_bridge:/home/eceteam4/ECE480Team4/ros2_ws/install/sensors_imu_bridge:/home/eceteam4/ECE480Team4/ros2_ws/install/sensors_camera_node:/home/eceteam4/ECE480Team4/ros2_ws/install/perception_ml_node:/home/eceteam4/ECE480Team4/ros2_ws/install/obstacle_det:/home/eceteam4/ECE480Team4/ros2_ws/install/lane_follow:/home/eceteam4/ECE480Team4/ros2_ws/install/curvy_road:/opt/ros/humble', 'SHELL': '/bin/bash', 'QT_ACCESSIBILITY': '1', 'GDMSESSION': 'ubuntu', 'GPG_AGENT_INFO': '/run/user/1000/gnupg/S.gpg-agent:0:1', 'QT_IM_MODULE': 'ibus', 'PWD': '/home/eceteam4/ECE480Team4/ros2_ws/build/obstacle_det', 'XDG_CONFIG_DIRS': '/etc/xdg/xdg-ubuntu:/etc/xdg', 'XDG_DATA_DIRS': '/usr/share/ubuntu:/usr/share/gnome:/usr/local/share/:/usr/share/:/var/lib/snapd/desktop', 'PYTHONPATH': '/home/eceteam4/ECE480Team4/ros2_ws/build/obstacle_det/prefix_override:/usr/lib/python3/dist-packages/colcon_core/task/python/colcon_distutils_commands:/home/eceteam4/ECE480Team4/ros2_ws/install/obstacle_det/lib/python3.10/site-packages:/home/eceteam4/ECE480Team4/ros2_ws/build/sensors_lidar_bridge:/home/eceteam4/ECE480Team4/ros2_ws/install/sensors_lidar_bridge/lib/python3.10/site-packages:/home/eceteam4/ECE480Team4/ros2_ws/build/sensors_imu_bridge:/home/eceteam4/ECE480Team4/ros2_ws/install/sensors_imu_bridge/lib/python3.10/site-packages:/home/eceteam4/ECE480Team4/ros2_ws/build/sensors_camera_node:/home/eceteam4/ECE480Team4/ros2_ws/install/sensors_camera_node/lib/python3.10/site-packages:/home/eceteam4/ECE480Team4/ros2_ws/build/perception_sync_node:/home/eceteam4/ECE480Team4/ros2_ws/install/perception_sync_node/lib/python3.10/site-packages:/home/eceteam4/ECE480Team4/ros2_ws/build/perception_ml_node:/home/eceteam4/ECE480Team4/ros2_ws/install/perception_ml_node/lib/python3.10/site-packages:/home/eceteam4/ECE480Team4/ros2_ws/build/obstacle_det:/home/eceteam4/ECE480Team4/ros2_ws/install/obstacle_det/lib/python3.10/site-packages:/home/eceteam4/ECE480Team4/ros2_ws/build/lane_follow:/home/eceteam4/ECE480Team4/ros2_ws/install/lane_follow/lib/python3.10/site-packages:/opt/ros/humble/lib/python3.10/site-packages:/opt/ros/humble/local/lib/python3.10/dist-packages', 'COLCON': '1', 'VTE_VERSION': '6800', 'CMAKE_PREFIX_PATH': '/home/eceteam4/ECE480Team4/ros2_ws/install/curvy_road'}, 'shell': False}
[3.375737] (curvy_road) StdoutLine: {'line': b'-- Symlinking: /home/eceteam4/ECE480Team4/ros2_ws/install/curvy_road/share/curvy_road//models/turtlebot3_waffle_pi/model.config\n'}
[3.380921] (perception_sync_node) StdoutLine: {'line': b'running develop\n'}
[3.405578] (curvy_road) StdoutLine: {'line': b'-- Symlinking: /home/eceteam4/ECE480Team4/ros2_ws/install/curvy_road/share/curvy_road//models/turtlebot3_waffle_pi/model.sdf\n'}
[3.417108] (-) TimerEvent: {}
[3.427370] (curvy_road) StdoutLine: {'line': b'-- Symlinking: /home/eceteam4/ECE480Team4/ros2_ws/install/curvy_road/share/curvy_road//models/turtlebot3_waffle_robot1/meshes/lds.dae\n'}
[3.437870] (perception_ml_node) Command: {'cmd': ['/usr/bin/python3', '-W', 'ignore:setup.py install is deprecated', '-W', 'ignore:easy_install command is deprecated', 'setup.py', 'develop', '--editable', '--build-directory', '/home/eceteam4/ECE480Team4/ros2_ws/build/perception_ml_node/build', '--no-deps', 'symlink_data'], 'cwd': '/home/eceteam4/ECE480Team4/ros2_ws/build/perception_ml_node', 'env': {'USER': 'eceteam4', 'XDG_SESSION_TYPE': 'x11', 'SHLVL': '1', 'LD_LIBRARY_PATH': '/opt/ros/humble/opt/rviz_ogre_vendor/lib:/opt/ros/humble/lib/aarch64-linux-gnu:/opt/ros/humble/lib', 'HOME': '/home/eceteam4', 'OLDPWD': '/home/eceteam4/ECE480Team4/ros2_ws/src/sensors_lidar_bridge', 'DESKTOP_SESSION': 'ubuntu', 'ROS_PYTHON_VERSION': '3', 'GNOME_SHELL_SESSION_MODE': 'ubuntu', 'GTK_MODULES': 'gail:atk-bridge', 'SYSTEMD_EXEC_PID': '5065', 'DBUS_SESSION_BUS_ADDRESS': 'unix:path=/run/user/1000/bus', 'COLORTERM': 'truecolor', 'IM_CONFIG_PHASE': '1', 'COLCON_PREFIX_PATH': '/home/eceteam4/ECE480Team4/ros2_ws/install', 'ROS_DISTRO': 'humble', 'GTK_IM_MODULE': 'ibus', 'LOGNAME': 'eceteam4', '_': '/usr/bin/colcon', 'ROS_VERSION': '2', 'XDG_SESSION_CLASS': 'user', 'PROMPT_DIRTRIM': '4', 'USERNAME': 'eceteam4', 'TERM': 'xterm-256color', 'GNOME_DESKTOP_SESSION_ID': 'this-is-deprecated', 'ROS_LOCALHOST_ONLY': '0', 'WINDOWPATH': '2', 'PATH': '/home/eceteam4/ECE480Team4/ros2_ws/install/sensors_lidar_bridge/bin:/home/eceteam4/ECE480Team4/ros2_ws/install/sensors_imu_bridge/bin:/home/eceteam4/ECE480Team4/ros2_ws/install/sensors_camera_node/bin:/opt/ros/humble/bin:/home/eceteam4/.local/bin:/usr/local/sbin:/usr/local/bin:/usr/sbin:/usr/bin:/sbin:/bin:/usr/games:/usr/local/games:/snap/bin:/snap/bin', 'SESSION_MANAGER': 'local/eceteam4-desktop:@/tmp/.ICE-unix/1761,unix/eceteam4-desktop:/tmp/.ICE-unix/1761', 'XDG_MENU_PREFIX': 'gnome-', 'GNOME_TERMINAL_SCREEN': '/org/gnome/Terminal/screen/17b35643_794d_4474_877c_5a84a7709980', 'XDG_RUNTIME_DIR': '/run/user/1000', 'DISPLAY': ':0', 'LANG': 'en_US.UTF-8', 'XDG_CURRENT_DESKTOP': 'ubuntu:GNOME', 'XMODIFIERS': '@im=ibus', 'XDG_SESSION_DESKTOP': 'ubuntu', 'XAUTHORITY': '/run/user/1000/gdm/Xauthority', 'GNOME_TERMINAL_SERVICE': ':1.114', 'SSH_AGENT_LAUNCHER': 'gnome-keyring', 'SSH_AUTH_SOCK': '/run/user/1000/keyring/ssh', 'AMENT_PREFIX_PATH': '/home/eceteam4/ECE480Team4/ros2_ws/install/sensors_lidar_bridge:/home/eceteam4/ECE480Team4/ros2_ws/install/sensors_imu_bridge:/home/eceteam4/ECE480Team4/ros2_ws/install/sensors_camera_node:/home/eceteam4/ECE480Team4/ros2_ws/install/perception_ml_node:/home/eceteam4/ECE480Team4/ros2_ws/install/obstacle_det:/home/eceteam4/ECE480Team4/ros2_ws/install/lane_follow:/home/eceteam4/ECE480Team4/ros2_ws/install/curvy_road:/opt/ros/humble', 'SHELL': '/bin/bash', 'QT_ACCESSIBILITY': '1', 'GDMSESSION': 'ubuntu', 'GPG_AGENT_INFO': '/run/user/1000/gnupg/S.gpg-agent:0:1', 'QT_IM_MODULE': 'ibus', 'PWD': '/home/eceteam4/ECE480Team4/ros2_ws/build/perception_ml_node', 'XDG_CONFIG_DIRS': '/etc/xdg/xdg-ubuntu:/etc/xdg', 'XDG_DATA_DIRS': '/usr/share/ubuntu:/usr/share/gnome:/usr/local/share/:/usr/share/:/var/lib/snapd/desktop', 'PYTHONPATH': '/home/eceteam4/ECE480Team4/ros2_ws/build/perception_ml_node/prefix_override:/usr/lib/python3/dist-packages/colcon_core/task/python/colcon_distutils_commands:/home/eceteam4/ECE480Team4/ros2_ws/install/perception_ml_node/lib/python3.10/site-packages:/home/eceteam4/ECE480Team4/ros2_ws/build/sensors_lidar_bridge:/home/eceteam4/ECE480Team4/ros2_ws/install/sensors_lidar_bridge/lib/python3.10/site-packages:/home/eceteam4/ECE480Team4/ros2_ws/build/sensors_imu_bridge:/home/eceteam4/ECE480Team4/ros2_ws/install/sensors_imu_bridge/lib/python3.10/site-packages:/home/eceteam4/ECE480Team4/ros2_ws/build/sensors_camera_node:/home/eceteam4/ECE480Team4/ros2_ws/install/sensors_camera_node/lib/python3.10/site-packages:/home/eceteam4/ECE480Team4/ros2_ws/build/perception_sync_node:/home/eceteam4/ECE480Team4/ros2_ws/install/perception_sync_node/lib/python3.10/site-packages:/home/eceteam4/ECE480Team4/ros2_ws/build/perception_ml_node:/home/eceteam4/ECE480Team4/ros2_ws/install/perception_ml_node/lib/python3.10/site-packages:/home/eceteam4/ECE480Team4/ros2_ws/build/obstacle_det:/home/eceteam4/ECE480Team4/ros2_ws/install/obstacle_det/lib/python3.10/site-packages:/home/eceteam4/ECE480Team4/ros2_ws/build/lane_follow:/home/eceteam4/ECE480Team4/ros2_ws/install/lane_follow/lib/python3.10/site-packages:/opt/ros/humble/lib/python3.10/site-packages:/opt/ros/humble/local/lib/python3.10/dist-packages', 'COLCON': '1', 'VTE_VERSION': '6800', 'CMAKE_PREFIX_PATH': '/home/eceteam4/ECE480Team4/ros2_ws/install/curvy_road'}, 'shell': False}
[3.443408] (lane_follow) Command: {'cmd': ['/usr/bin/python3', '-W', 'ignore:setup.py install is deprecated', '-W', 'ignore:easy_install command is deprecated', 'setup.py', 'develop', '--editable', '--build-directory', '/home/eceteam4/ECE480Team4/ros2_ws/build/lane_follow/build', '--no-deps', 'symlink_data'], 'cwd': '/home/eceteam4/ECE480Team4/ros2_ws/build/lane_follow', 'env': {'USER': 'eceteam4', 'XDG_SESSION_TYPE': 'x11', 'SHLVL': '1', 'LD_LIBRARY_PATH': '/opt/ros/humble/opt/rviz_ogre_vendor/lib:/opt/ros/humble/lib/aarch64-linux-gnu:/opt/ros/humble/lib', 'HOME': '/home/eceteam4', 'OLDPWD': '/home/eceteam4/ECE480Team4/ros2_ws/src/sensors_lidar_bridge', 'DESKTOP_SESSION': 'ubuntu', 'ROS_PYTHON_VERSION': '3', 'GNOME_SHELL_SESSION_MODE': 'ubuntu', 'GTK_MODULES': 'gail:atk-bridge', 'SYSTEMD_EXEC_PID': '5065', 'DBUS_SESSION_BUS_ADDRESS': 'unix:path=/run/user/1000/bus', 'COLORTERM': 'truecolor', 'IM_CONFIG_PHASE': '1', 'COLCON_PREFIX_PATH': '/home/eceteam4/ECE480Team4/ros2_ws/install', 'ROS_DISTRO': 'humble', 'GTK_IM_MODULE': 'ibus', 'LOGNAME': 'eceteam4', '_': '/usr/bin/colcon', 'ROS_VERSION': '2', 'XDG_SESSION_CLASS': 'user', 'PROMPT_DIRTRIM': '4', 'USERNAME': 'eceteam4', 'TERM': 'xterm-256color', 'GNOME_DESKTOP_SESSION_ID': 'this-is-deprecated', 'ROS_LOCALHOST_ONLY': '0', 'WINDOWPATH': '2', 'PATH': '/home/eceteam4/ECE480Team4/ros2_ws/install/sensors_lidar_bridge/bin:/home/eceteam4/ECE480Team4/ros2_ws/install/sensors_imu_bridge/bin:/home/eceteam4/ECE480Team4/ros2_ws/install/sensors_camera_node/bin:/opt/ros/humble/bin:/home/eceteam4/.local/bin:/usr/local/sbin:/usr/local/bin:/usr/sbin:/usr/bin:/sbin:/bin:/usr/games:/usr/local/games:/snap/bin:/snap/bin', 'SESSION_MANAGER': 'local/eceteam4-desktop:@/tmp/.ICE-unix/1761,unix/eceteam4-desktop:/tmp/.ICE-unix/1761', 'XDG_MENU_PREFIX': 'gnome-', 'GNOME_TERMINAL_SCREEN': '/org/gnome/Terminal/screen/17b35643_794d_4474_877c_5a84a7709980', 'XDG_RUNTIME_DIR': '/run/user/1000', 'DISPLAY': ':0', 'LANG': 'en_US.UTF-8', 'XDG_CURRENT_DESKTOP': 'ubuntu:GNOME', 'XMODIFIERS': '@im=ibus', 'XDG_SESSION_DESKTOP': 'ubuntu', 'XAUTHORITY': '/run/user/1000/gdm/Xauthority', 'GNOME_TERMINAL_SERVICE': ':1.114', 'SSH_AGENT_LAUNCHER': 'gnome-keyring', 'SSH_AUTH_SOCK': '/run/user/1000/keyring/ssh', 'AMENT_PREFIX_PATH': '/home/eceteam4/ECE480Team4/ros2_ws/install/sensors_lidar_bridge:/home/eceteam4/ECE480Team4/ros2_ws/install/sensors_imu_bridge:/home/eceteam4/ECE480Team4/ros2_ws/install/sensors_camera_node:/home/eceteam4/ECE480Team4/ros2_ws/install/perception_ml_node:/home/eceteam4/ECE480Team4/ros2_ws/install/obstacle_det:/home/eceteam4/ECE480Team4/ros2_ws/install/lane_follow:/home/eceteam4/ECE480Team4/ros2_ws/install/curvy_road:/opt/ros/humble', 'SHELL': '/bin/bash', 'QT_ACCESSIBILITY': '1', 'GDMSESSION': 'ubuntu', 'GPG_AGENT_INFO': '/run/user/1000/gnupg/S.gpg-agent:0:1', 'QT_IM_MODULE': 'ibus', 'PWD': '/home/eceteam4/ECE480Team4/ros2_ws/build/lane_follow', 'XDG_CONFIG_DIRS': '/etc/xdg/xdg-ubuntu:/etc/xdg', 'XDG_DATA_DIRS': '/usr/share/ubuntu:/usr/share/gnome:/usr/local/share/:/usr/share/:/var/lib/snapd/desktop', 'PYTHONPATH': '/home/eceteam4/ECE480Team4/ros2_ws/build/lane_follow/prefix_override:/usr/lib/python3/dist-packages/colcon_core/task/python/colcon_distutils_commands:/home/eceteam4/ECE480Team4/ros2_ws/install/lane_follow/lib/python3.10/site-packages:/home/eceteam4/ECE480Team4/ros2_ws/build/sensors_lidar_bridge:/home/eceteam4/ECE480Team4/ros2_ws/install/sensors_lidar_bridge/lib/python3.10/site-packages:/home/eceteam4/ECE480Team4/ros2_ws/build/sensors_imu_bridge:/home/eceteam4/ECE480Team4/ros2_ws/install/sensors_imu_bridge/lib/python3.10/site-packages:/home/eceteam4/ECE480Team4/ros2_ws/build/sensors_camera_node:/home/eceteam4/ECE480Team4/ros2_ws/install/sensors_camera_node/lib/python3.10/site-packages:/home/eceteam4/ECE480Team4/ros2_ws/build/perception_sync_node:/home/eceteam4/ECE480Team4/ros2_ws/install/perception_sync_node/lib/python3.10/site-packages:/home/eceteam4/ECE480Team4/ros2_ws/build/perception_ml_node:/home/eceteam4/ECE480Team4/ros2_ws/install/perception_ml_node/lib/python3.10/site-packages:/home/eceteam4/ECE480Team4/ros2_ws/build/obstacle_det:/home/eceteam4/ECE480Team4/ros2_ws/install/obstacle_det/lib/python3.10/site-packages:/home/eceteam4/ECE480Team4/ros2_ws/build/lane_follow:/home/eceteam4/ECE480Team4/ros2_ws/install/lane_follow/lib/python3.10/site-packages:/opt/ros/humble/lib/python3.10/site-packages:/opt/ros/humble/local/lib/python3.10/dist-packages', 'COLCON': '1', 'VTE_VERSION': '6800', 'CMAKE_PREFIX_PATH': '/home/eceteam4/ECE480Team4/ros2_ws/install/curvy_road'}, 'shell': False}
[3.454780] (curvy_road) StdoutLine: {'line': b'-- Symlinking: /home/eceteam4/ECE480Team4/ros2_ws/install/curvy_road/share/curvy_road//models/turtlebot3_waffle_robot1/meshes/r200.dae\n'}
[3.469240] (curvy_road) StdoutLine: {'line': b'-- Symlinking: /home/eceteam4/ECE480Team4/ros2_ws/install/curvy_road/share/curvy_road//models/turtlebot3_waffle_robot1/meshes/tire.dae\n'}
[3.489780] (curvy_road) StdoutLine: {'line': b'-- Symlinking: /home/eceteam4/ECE480Team4/ros2_ws/install/curvy_road/share/curvy_road//models/turtlebot3_waffle_robot1/meshes/waffle_base.dae\n'}
[3.501425] (sensors_camera_node) Command: {'cmd': ['/usr/bin/python3', '-W', 'ignore:setup.py install is deprecated', '-W', 'ignore:easy_install command is deprecated', 'setup.py', 'develop', '--editable', '--build-directory', '/home/eceteam4/ECE480Team4/ros2_ws/build/sensors_camera_node/build', '--no-deps', 'symlink_data'], 'cwd': '/home/eceteam4/ECE480Team4/ros2_ws/build/sensors_camera_node', 'env': {'USER': 'eceteam4', 'XDG_SESSION_TYPE': 'x11', 'SHLVL': '1', 'LD_LIBRARY_PATH': '/opt/ros/humble/opt/rviz_ogre_vendor/lib:/opt/ros/humble/lib/aarch64-linux-gnu:/opt/ros/humble/lib', 'HOME': '/home/eceteam4', 'OLDPWD': '/home/eceteam4/ECE480Team4/ros2_ws/src/sensors_lidar_bridge', 'DESKTOP_SESSION': 'ubuntu', 'ROS_PYTHON_VERSION': '3', 'GNOME_SHELL_SESSION_MODE': 'ubuntu', 'GTK_MODULES': 'gail:atk-bridge', 'SYSTEMD_EXEC_PID': '5065', 'DBUS_SESSION_BUS_ADDRESS': 'unix:path=/run/user/1000/bus', 'COLORTERM': 'truecolor', 'IM_CONFIG_PHASE': '1', 'COLCON_PREFIX_PATH': '/home/eceteam4/ECE480Team4/ros2_ws/install', 'ROS_DISTRO': 'humble', 'GTK_IM_MODULE': 'ibus', 'LOGNAME': 'eceteam4', '_': '/usr/bin/colcon', 'ROS_VERSION': '2', 'XDG_SESSION_CLASS': 'user', 'PROMPT_DIRTRIM': '4', 'USERNAME': 'eceteam4', 'TERM': 'xterm-256color', 'GNOME_DESKTOP_SESSION_ID': 'this-is-deprecated', 'ROS_LOCALHOST_ONLY': '0', 'WINDOWPATH': '2', 'PATH': '/home/eceteam4/ECE480Team4/ros2_ws/install/sensors_lidar_bridge/bin:/home/eceteam4/ECE480Team4/ros2_ws/install/sensors_imu_bridge/bin:/home/eceteam4/ECE480Team4/ros2_ws/install/sensors_camera_node/bin:/opt/ros/humble/bin:/home/eceteam4/.local/bin:/usr/local/sbin:/usr/local/bin:/usr/sbin:/usr/bin:/sbin:/bin:/usr/games:/usr/local/games:/snap/bin:/snap/bin', 'SESSION_MANAGER': 'local/eceteam4-desktop:@/tmp/.ICE-unix/1761,unix/eceteam4-desktop:/tmp/.ICE-unix/1761', 'XDG_MENU_PREFIX': 'gnome-', 'GNOME_TERMINAL_SCREEN': '/org/gnome/Terminal/screen/17b35643_794d_4474_877c_5a84a7709980', 'XDG_RUNTIME_DIR': '/run/user/1000', 'DISPLAY': ':0', 'LANG': 'en_US.UTF-8', 'XDG_CURRENT_DESKTOP': 'ubuntu:GNOME', 'XMODIFIERS': '@im=ibus', 'XDG_SESSION_DESKTOP': 'ubuntu', 'XAUTHORITY': '/run/user/1000/gdm/Xauthority', 'GNOME_TERMINAL_SERVICE': ':1.114', 'SSH_AGENT_LAUNCHER': 'gnome-keyring', 'SSH_AUTH_SOCK': '/run/user/1000/keyring/ssh', 'AMENT_PREFIX_PATH': '/home/eceteam4/ECE480Team4/ros2_ws/install/sensors_lidar_bridge:/home/eceteam4/ECE480Team4/ros2_ws/install/sensors_imu_bridge:/home/eceteam4/ECE480Team4/ros2_ws/install/sensors_camera_node:/home/eceteam4/ECE480Team4/ros2_ws/install/perception_ml_node:/home/eceteam4/ECE480Team4/ros2_ws/install/obstacle_det:/home/eceteam4/ECE480Team4/ros2_ws/install/lane_follow:/home/eceteam4/ECE480Team4/ros2_ws/install/curvy_road:/opt/ros/humble', 'SHELL': '/bin/bash', 'QT_ACCESSIBILITY': '1', 'GDMSESSION': 'ubuntu', 'GPG_AGENT_INFO': '/run/user/1000/gnupg/S.gpg-agent:0:1', 'QT_IM_MODULE': 'ibus', 'PWD': '/home/eceteam4/ECE480Team4/ros2_ws/build/sensors_camera_node', 'XDG_CONFIG_DIRS': '/etc/xdg/xdg-ubuntu:/etc/xdg', 'XDG_DATA_DIRS': '/usr/share/ubuntu:/usr/share/gnome:/usr/local/share/:/usr/share/:/var/lib/snapd/desktop', 'PYTHONPATH': '/home/eceteam4/ECE480Team4/ros2_ws/build/sensors_camera_node/prefix_override:/usr/lib/python3/dist-packages/colcon_core/task/python/colcon_distutils_commands:/home/eceteam4/ECE480Team4/ros2_ws/install/sensors_camera_node/lib/python3.10/site-packages:/home/eceteam4/ECE480Team4/ros2_ws/build/sensors_lidar_bridge:/home/eceteam4/ECE480Team4/ros2_ws/install/sensors_lidar_bridge/lib/python3.10/site-packages:/home/eceteam4/ECE480Team4/ros2_ws/build/sensors_imu_bridge:/home/eceteam4/ECE480Team4/ros2_ws/install/sensors_imu_bridge/lib/python3.10/site-packages:/home/eceteam4/ECE480Team4/ros2_ws/build/sensors_camera_node:/home/eceteam4/ECE480Team4/ros2_ws/install/sensors_camera_node/lib/python3.10/site-packages:/home/eceteam4/ECE480Team4/ros2_ws/build/perception_sync_node:/home/eceteam4/ECE480Team4/ros2_ws/install/perception_sync_node/lib/python3.10/site-packages:/home/eceteam4/ECE480Team4/ros2_ws/build/perception_ml_node:/home/eceteam4/ECE480Team4/ros2_ws/install/perception_ml_node/lib/python3.10/site-packages:/home/eceteam4/ECE480Team4/ros2_ws/build/obstacle_det:/home/eceteam4/ECE480Team4/ros2_ws/install/obstacle_det/lib/python3.10/site-packages:/home/eceteam4/ECE480Team4/ros2_ws/build/lane_follow:/home/eceteam4/ECE480Team4/ros2_ws/install/lane_follow/lib/python3.10/site-packages:/opt/ros/humble/lib/python3.10/site-packages:/opt/ros/humble/local/lib/python3.10/dist-packages', 'COLCON': '1', 'VTE_VERSION': '6800', 'CMAKE_PREFIX_PATH': '/home/eceteam4/ECE480Team4/ros2_ws/install/curvy_road'}, 'shell': False}
[3.507426] (curvy_road) StdoutLine: {'line': b'-- Symlinking: /home/eceteam4/ECE480Team4/ros2_ws/install/curvy_road/share/curvy_road//models/turtlebot3_waffle_robot1/model-1_4.sdf\n'}
[3.517283] (-) TimerEvent: {}
[3.525877] (curvy_road) StdoutLine: {'line': b'-- Symlinking: /home/eceteam4/ECE480Team4/ros2_ws/install/curvy_road/share/curvy_road//models/turtlebot3_waffle_robot1/model.config\n'}
[3.543470] (curvy_road) StdoutLine: {'line': b'-- Symlinking: /home/eceteam4/ECE480Team4/ros2_ws/install/curvy_road/share/curvy_road//models/turtlebot3_waffle_robot1/model.sdf\n'}
[3.565074] (curvy_road) StdoutLine: {'line': b'-- Symlinking: /home/eceteam4/ECE480Team4/ros2_ws/install/curvy_road/share/curvy_road//models/turtlebot3_world/meshes/hexagon.dae\n'}
[3.582742] (curvy_road) StdoutLine: {'line': b'-- Symlinking: /home/eceteam4/ECE480Team4/ros2_ws/install/curvy_road/share/curvy_road//models/turtlebot3_world/meshes/wall.dae\n'}
[3.600657] (curvy_road) StdoutLine: {'line': b'-- Symlinking: /home/eceteam4/ECE480Team4/ros2_ws/install/curvy_road/share/curvy_road//models/turtlebot3_world/model-1_4.sdf\n'}
[3.618270] (-) TimerEvent: {}
[3.618839] (curvy_road) StdoutLine: {'line': b'-- Symlinking: /home/eceteam4/ECE480Team4/ros2_ws/install/curvy_road/share/curvy_road//models/turtlebot3_world/model.config\n'}
[3.635387] (curvy_road) StdoutLine: {'line': b'-- Symlinking: /home/eceteam4/ECE480Team4/ros2_ws/install/curvy_road/share/curvy_road//models/turtlebot3_world/model.sdf\n'}
[3.653127] (curvy_road) StdoutLine: {'line': b'-- Symlinking: /home/eceteam4/ECE480Team4/ros2_ws/install/curvy_road/share/curvy_road//rviz/tb3_gazebo.rviz\n'}
[3.671411] (curvy_road) StdoutLine: {'line': b'-- Symlinking: /home/eceteam4/ECE480Team4/ros2_ws/install/curvy_road/share/curvy_road//worlds/empty_worlds/burger.model\n'}
[3.690628] (curvy_road) StdoutLine: {'line': b'-- Symlinking: /home/eceteam4/ECE480Team4/ros2_ws/install/curvy_road/share/curvy_road//worlds/empty_worlds/waffle.model\n'}
[3.706833] (curvy_road) StdoutLine: {'line': b'-- Symlinking: /home/eceteam4/ECE480Team4/ros2_ws/install/curvy_road/share/curvy_road//worlds/empty_worlds/waffle_pi.model\n'}
[3.718423] (-) TimerEvent: {}
[3.725870] (curvy_road) StdoutLine: {'line': b'-- Symlinking: /home/eceteam4/ECE480Team4/ros2_ws/install/curvy_road/share/curvy_road//worlds/turtlebot3_curvy_road/burger.model\n'}
[3.736513] (perception_sync_node) StdoutLine: {'line': b'running egg_info\n'}
[3.737232] (perception_sync_node) StdoutLine: {'line': b'creating perception_sync_node.egg-info\n'}
[3.738202] (perception_sync_node) StdoutLine: {'line': b'writing perception_sync_node.egg-info/PKG-INFO\n'}
[3.739214] (perception_sync_node) StdoutLine: {'line': b'writing dependency_links to perception_sync_node.egg-info/dependency_links.txt\n'}
[3.739976] (perception_sync_node) StdoutLine: {'line': b'writing entry points to perception_sync_node.egg-info/entry_points.txt\n'}
[3.740611] (perception_sync_node) StdoutLine: {'line': b'writing requirements to perception_sync_node.egg-info/requires.txt\n'}
[3.741612] (curvy_road) StdoutLine: {'line': b'-- Symlinking: /home/eceteam4/ECE480Team4/ros2_ws/install/curvy_road/share/curvy_road//worlds/turtlebot3_curvy_road/waffle.model\n'}
[3.741922] (perception_sync_node) StdoutLine: {'line': b'writing top-level names to perception_sync_node.egg-info/top_level.txt\n'}
[3.742174] (perception_sync_node) StdoutLine: {'line': b"writing manifest file 'perception_sync_node.egg-info/SOURCES.txt'\n"}
[3.747241] (perception_sync_node) StdoutLine: {'line': b"reading manifest file 'perception_sync_node.egg-info/SOURCES.txt'\n"}
[3.749029] (perception_sync_node) StdoutLine: {'line': b"writing manifest file 'perception_sync_node.egg-info/SOURCES.txt'\n"}
[3.753383] (perception_sync_node) StdoutLine: {'line': b'running build_ext\n'}
[3.754354] (perception_sync_node) StdoutLine: {'line': b'Creating /home/eceteam4/ECE480Team4/ros2_ws/install/perception_sync_node/lib/python3.10/site-packages/perception-sync-node.egg-link (link to .)\n'}
[3.756629] (perception_sync_node) StdoutLine: {'line': b'Installing perception_sync_node script to /home/eceteam4/ECE480Team4/ros2_ws/install/perception_sync_node/lib/perception_sync_node\n'}
[3.757618] (perception_sync_node) StdoutLine: {'line': b'\n'}
[3.758598] (curvy_road) StdoutLine: {'line': b'-- Symlinking: /home/eceteam4/ECE480Team4/ros2_ws/install/curvy_road/share/curvy_road//worlds/turtlebot3_curvy_road/waffle_pi.model\n'}
[3.758850] (perception_sync_node) StdoutLine: {'line': b'Installed /home/eceteam4/ECE480Team4/ros2_ws/build/perception_sync_node\n'}
[3.778982] (curvy_road) StdoutLine: {'line': b'-- Symlinking: /home/eceteam4/ECE480Team4/ros2_ws/install/curvy_road/share/curvy_road//worlds/turtlebot3_worlds/burger.model\n'}
[3.796953] (curvy_road) StdoutLine: {'line': b'-- Symlinking: /home/eceteam4/ECE480Team4/ros2_ws/install/curvy_road/share/curvy_road//worlds/turtlebot3_worlds/waffle.model\n'}
[3.815354] (curvy_road) StdoutLine: {'line': b'-- Symlinking: /home/eceteam4/ECE480Team4/ros2_ws/install/curvy_road/share/curvy_road//worlds/turtlebot3_worlds/waffle_pi.model\n'}
[3.818571] (-) TimerEvent: {}
[3.833491] (curvy_road) StdoutLine: {'line': b'-- Symlinking: /home/eceteam4/ECE480Team4/ros2_ws/install/curvy_road/share/ament_index/resource_index/package_run_dependencies/curvy_road\n'}
[3.851479] (curvy_road) StdoutLine: {'line': b'-- Symlinking: /home/eceteam4/ECE480Team4/ros2_ws/install/curvy_road/share/ament_index/resource_index/parent_prefix_path/curvy_road\n'}
[3.860764] (perception_sync_node) CommandEnded: {'returncode': 0}
[3.869876] (curvy_road) StdoutLine: {'line': b'-- Symlinking: /home/eceteam4/ECE480Team4/ros2_ws/install/curvy_road/share/curvy_road/environment/ament_prefix_path.sh\n'}
[3.881621] (perception_sync_node) JobEnded: {'identifier': 'perception_sync_node', 'rc': 0}
[3.883239] (sensors_imu_bridge) JobStarted: {'identifier': 'sensors_imu_bridge'}
[3.886426] (curvy_road) StdoutLine: {'line': b'-- Symlinking: /home/eceteam4/ECE480Team4/ros2_ws/install/curvy_road/share/curvy_road/environment/ament_prefix_path.dsv\n'}
[3.904111] (curvy_road) StdoutLine: {'line': b'-- Symlinking: /home/eceteam4/ECE480Team4/ros2_ws/install/curvy_road/share/curvy_road/environment/path.sh\n'}
[3.906195] (obstacle_det) StdoutLine: {'line': b'running develop\n'}
[3.918756] (-) TimerEvent: {}
[3.923053] (curvy_road) StdoutLine: {'line': b'-- Symlinking: /home/eceteam4/ECE480Team4/ros2_ws/install/curvy_road/share/curvy_road/environment/path.dsv\n'}
[3.939074] (curvy_road) StdoutLine: {'line': b'-- Symlinking: /home/eceteam4/ECE480Team4/ros2_ws/install/curvy_road/share/curvy_road/local_setup.bash\n'}
[3.977390] (curvy_road) StdoutLine: {'line': b'-- Symlinking: /home/eceteam4/ECE480Team4/ros2_ws/install/curvy_road/share/curvy_road/local_setup.sh\n'}
[3.999460] (curvy_road) StdoutLine: {'line': b'-- Symlinking: /home/eceteam4/ECE480Team4/ros2_ws/install/curvy_road/share/curvy_road/local_setup.zsh\n'}
[4.012718] (perception_ml_node) StdoutLine: {'line': b'running develop\n'}
[4.018866] (-) TimerEvent: {}
[4.028683] (sensors_camera_node) StdoutLine: {'line': b'running develop\n'}
[4.042091] (curvy_road) StdoutLine: {'line': b'-- Symlinking: /home/eceteam4/ECE480Team4/ros2_ws/install/curvy_road/share/curvy_road/local_setup.dsv\n'}
[4.059677] (curvy_road) StdoutLine: {'line': b'-- Symlinking: /home/eceteam4/ECE480Team4/ros2_ws/install/curvy_road/share/curvy_road/package.dsv\n'}
[4.076885] (curvy_road) StdoutLine: {'line': b'-- Symlinking: /home/eceteam4/ECE480Team4/ros2_ws/install/curvy_road/share/ament_index/resource_index/packages/curvy_road\n'}
[4.094161] (curvy_road) StdoutLine: {'line': b'-- Symlinking: /home/eceteam4/ECE480Team4/ros2_ws/install/curvy_road/share/curvy_road/cmake/ament_cmake_export_include_directories-extras.cmake\n'}
[4.096721] (lane_follow) StdoutLine: {'line': b'running develop\n'}
[4.110591] (curvy_road) StdoutLine: {'line': b'-- Symlinking: /home/eceteam4/ECE480Team4/ros2_ws/install/curvy_road/share/curvy_road/cmake/ament_cmake_export_dependencies-extras.cmake\n'}
[4.119003] (-) TimerEvent: {}
[4.126540] (curvy_road) StdoutLine: {'line': b'-- Symlinking: /home/eceteam4/ECE480Team4/ros2_ws/install/curvy_road/share/curvy_road/cmake/curvy_roadConfig.cmake\n'}
[4.143211] (curvy_road) StdoutLine: {'line': b'-- Symlinking: /home/eceteam4/ECE480Team4/ros2_ws/install/curvy_road/share/curvy_road/cmake/curvy_roadConfig-version.cmake\n'}
[4.159193] (curvy_road) StdoutLine: {'line': b'-- Symlinking: /home/eceteam4/ECE480Team4/ros2_ws/install/curvy_road/share/curvy_road/package.xml\n'}
[4.219169] (-) TimerEvent: {}
[4.225752] (obstacle_det) StdoutLine: {'line': b'running egg_info\n'}
[4.226194] (obstacle_det) StdoutLine: {'line': b'creating obstacle_det.egg-info\n'}
[4.226443] (obstacle_det) StdoutLine: {'line': b'writing obstacle_det.egg-info/PKG-INFO\n'}
[4.226812] (obstacle_det) StdoutLine: {'line': b'writing dependency_links to obstacle_det.egg-info/dependency_links.txt\n'}
[4.227073] (obstacle_det) StdoutLine: {'line': b'writing entry points to obstacle_det.egg-info/entry_points.txt\n'}
[4.227267] (obstacle_det) StdoutLine: {'line': b'writing requirements to obstacle_det.egg-info/requires.txt\n'}
[4.227449] (obstacle_det) StdoutLine: {'line': b'writing top-level names to obstacle_det.egg-info/top_level.txt\n'}
[4.227899] (obstacle_det) StdoutLine: {'line': b"writing manifest file 'obstacle_det.egg-info/SOURCES.txt'\n"}
[4.231223] (obstacle_det) StdoutLine: {'line': b"reading manifest file 'obstacle_det.egg-info/SOURCES.txt'\n"}
[4.232232] (obstacle_det) StdoutLine: {'line': b"writing manifest file 'obstacle_det.egg-info/SOURCES.txt'\n"}
[4.235349] (obstacle_det) StdoutLine: {'line': b'running build_ext\n'}
[4.235738] (obstacle_det) StdoutLine: {'line': b'Creating /home/eceteam4/ECE480Team4/ros2_ws/install/obstacle_det/lib/python3.10/site-packages/obstacle-det.egg-link (link to .)\n'}
[4.237337] (obstacle_det) StdoutLine: {'line': b'Installing obstacles_det script to /home/eceteam4/ECE480Team4/ros2_ws/install/obstacle_det/lib/obstacle_det\n'}
[4.237857] (obstacle_det) StdoutLine: {'line': b'\n'}
[4.238014] (obstacle_det) StdoutLine: {'line': b'Installed /home/eceteam4/ECE480Team4/ros2_ws/build/obstacle_det\n'}
[4.238226] (obstacle_det) StdoutLine: {'line': b'running symlink_data\n'}
[4.238406] (obstacle_det) StdoutLine: {'line': b'creating /home/eceteam4/ECE480Team4/ros2_ws/install/obstacle_det/share/ament_index\n'}
[4.238603] (obstacle_det) StdoutLine: {'line': b'creating /home/eceteam4/ECE480Team4/ros2_ws/install/obstacle_det/share/ament_index/resource_index\n'}
[4.238771] (obstacle_det) StdoutLine: {'line': b'creating /home/eceteam4/ECE480Team4/ros2_ws/install/obstacle_det/share/ament_index/resource_index/packages\n'}
[4.238890] (obstacle_det) StdoutLine: {'line': b'symbolically linking /home/eceteam4/ECE480Team4/ros2_ws/build/obstacle_det/resource/obstacle_det -> /home/eceteam4/ECE480Team4/ros2_ws/install/obstacle_det/share/ament_index/resource_index/packages\n'}
[4.239000] (obstacle_det) StdoutLine: {'line': b'symbolically linking /home/eceteam4/ECE480Team4/ros2_ws/build/obstacle_det/package.xml -> /home/eceteam4/ECE480Team4/ros2_ws/install/obstacle_det/share/obstacle_det\n'}
[4.319293] (-) TimerEvent: {}
[4.333527] (perception_ml_node) StdoutLine: {'line': b'running egg_info\n'}
[4.334043] (sensors_camera_node) StdoutLine: {'line': b'running egg_info\n'}
[4.334237] (sensors_camera_node) StdoutLine: {'line': b'creating sensors_camera_node.egg-info\n'}
[4.334459] (sensors_camera_node) StdoutLine: {'line': b'writing sensors_camera_node.egg-info/PKG-INFO\n'}
[4.334599] (perception_ml_node) StdoutLine: {'line': b'creating perception_ml_node.egg-info\n'}
[4.334818] (sensors_camera_node) StdoutLine: {'line': b'writing dependency_links to sensors_camera_node.egg-info/dependency_links.txt\n'}
[4.334954] (perception_ml_node) StdoutLine: {'line': b'writing perception_ml_node.egg-info/PKG-INFO\n'}
[4.335134] (sensors_camera_node) StdoutLine: {'line': b'writing entry points to sensors_camera_node.egg-info/entry_points.txt\n'}
[4.335367] (sensors_camera_node) StdoutLine: {'line': b'writing requirements to sensors_camera_node.egg-info/requires.txt\n'}
[4.335499] (perception_ml_node) StdoutLine: {'line': b'writing dependency_links to perception_ml_node.egg-info/dependency_links.txt\n'}
[4.335615] (sensors_camera_node) StdoutLine: {'line': b'writing top-level names to sensors_camera_node.egg-info/top_level.txt\n'}
[4.335777] (perception_ml_node) StdoutLine: {'line': b'writing requirements to perception_ml_node.egg-info/requires.txt\n'}
[4.335966] (sensors_camera_node) StdoutLine: {'line': b"writing manifest file 'sensors_camera_node.egg-info/SOURCES.txt'\n"}
[4.336087] (perception_ml_node) StdoutLine: {'line': b'writing top-level names to perception_ml_node.egg-info/top_level.txt\n'}
[4.336374] (perception_ml_node) StdoutLine: {'line': b"writing manifest file 'perception_ml_node.egg-info/SOURCES.txt'\n"}
[4.338926] (sensors_camera_node) StdoutLine: {'line': b"reading manifest file 'sensors_camera_node.egg-info/SOURCES.txt'\n"}
[4.339688] (perception_ml_node) StdoutLine: {'line': b"reading manifest file 'perception_ml_node.egg-info/SOURCES.txt'\n"}
[4.339947] (sensors_camera_node) StdoutLine: {'line': b"writing manifest file 'sensors_camera_node.egg-info/SOURCES.txt'\n"}
[4.340861] (perception_ml_node) StdoutLine: {'line': b"writing manifest file 'perception_ml_node.egg-info/SOURCES.txt'\n"}
[4.343340] (sensors_camera_node) StdoutLine: {'line': b'running build_ext\n'}
[4.343728] (sensors_camera_node) StdoutLine: {'line': b'Creating /home/eceteam4/ECE480Team4/ros2_ws/install/sensors_camera_node/lib/python3.10/site-packages/sensors-camera-node.egg-link (link to .)\n'}
[4.344036] (perception_ml_node) StdoutLine: {'line': b'running build_ext\n'}
[4.344446] (perception_ml_node) StdoutLine: {'line': b'Creating /home/eceteam4/ECE480Team4/ros2_ws/install/perception_ml_node/lib/python3.10/site-packages/perception-ml-node.egg-link (link to .)\n'}
[4.345378] (sensors_camera_node) StdoutLine: {'line': b'Installing sensors_camera_node script to /home/eceteam4/ECE480Team4/ros2_ws/install/sensors_camera_node/bin\n'}
[4.345881] (sensors_camera_node) StdoutLine: {'line': b'\n'}
[4.346003] (sensors_camera_node) StdoutLine: {'line': b'Installed /home/eceteam4/ECE480Team4/ros2_ws/build/sensors_camera_node\n'}
[4.346292] (perception_ml_node) StdoutLine: {'line': b'\n'}
[4.346429] (perception_ml_node) StdoutLine: {'line': b'Installed /home/eceteam4/ECE480Team4/ros2_ws/build/perception_ml_node\n'}
[4.346539] (perception_ml_node) StdoutLine: {'line': b'running symlink_data\n'}
[4.346644] (perception_ml_node) StdoutLine: {'line': b'creating /home/eceteam4/ECE480Team4/ros2_ws/install/perception_ml_node/share/ament_index\n'}
[4.346746] (sensors_camera_node) StdoutLine: {'line': b'running symlink_data\n'}
[4.346847] (sensors_camera_node) StdoutLine: {'line': b'creating /home/eceteam4/ECE480Team4/ros2_ws/install/sensors_camera_node/share/ament_index\n'}
[4.346949] (sensors_camera_node) StdoutLine: {'line': b'creating /home/eceteam4/ECE480Team4/ros2_ws/install/sensors_camera_node/share/ament_index/resource_index\n'}
[4.347171] (perception_ml_node) StdoutLine: {'line': b'creating /home/eceteam4/ECE480Team4/ros2_ws/install/perception_ml_node/share/ament_index/resource_index\n'}
[4.347294] (perception_ml_node) StdoutLine: {'line': b'creating /home/eceteam4/ECE480Team4/ros2_ws/install/perception_ml_node/share/ament_index/resource_index/packages\n'}
[4.347401] (perception_ml_node) StdoutLine: {'line': b'symbolically linking /home/eceteam4/ECE480Team4/ros2_ws/build/perception_ml_node/resource/perception_ml_node -> /home/eceteam4/ECE480Team4/ros2_ws/install/perception_ml_node/share/ament_index/resource_index/packages\n'}
[4.347510] (perception_ml_node) StdoutLine: {'line': b'symbolically linking /home/eceteam4/ECE480Team4/ros2_ws/build/perception_ml_node/package.xml -> /home/eceteam4/ECE480Team4/ros2_ws/install/perception_ml_node/share/perception_ml_node\n'}
[4.347615] (perception_ml_node) StdoutLine: {'line': b'creating /home/eceteam4/ECE480Team4/ros2_ws/install/perception_ml_node/share/scripts\n'}
[4.347716] (perception_ml_node) StdoutLine: {'line': b'symbolically linking /home/eceteam4/ECE480Team4/ros2_ws/build/perception_ml_node/perception_ml_node/scripts/run_yolopv2_demo.py -> /home/eceteam4/ECE480Team4/ros2_ws/install/perception_ml_node/share//scripts\n'}
[4.347818] (sensors_camera_node) StdoutLine: {'line': b'creating /home/eceteam4/ECE480Team4/ros2_ws/install/sensors_camera_node/share/ament_index/resource_index/packages\n'}
[4.347920] (sensors_camera_node) StdoutLine: {'line': b'symbolically linking /home/eceteam4/ECE480Team4/ros2_ws/build/sensors_camera_node/resource/sensors_camera_node -> /home/eceteam4/ECE480Team4/ros2_ws/install/sensors_camera_node/share/ament_index/resource_index/packages\n'}
[4.348022] (sensors_camera_node) StdoutLine: {'line': b'symbolically linking /home/eceteam4/ECE480Team4/ros2_ws/build/sensors_camera_node/package.xml -> /home/eceteam4/ECE480Team4/ros2_ws/install/sensors_camera_node/share/sensors_camera_node\n'}
[4.348124] (sensors_camera_node) StdoutLine: {'line': b'creating /home/eceteam4/ECE480Team4/ros2_ws/install/sensors_camera_node/share/sensors_camera_node/launch\n'}
[4.348224] (sensors_camera_node) StdoutLine: {'line': b'symbolically linking /home/eceteam4/ECE480Team4/ros2_ws/build/sensors_camera_node/launch/cam.launch.py -> /home/eceteam4/ECE480Team4/ros2_ws/install/sensors_camera_node/share/sensors_camera_node/launch\n'}
[4.419439] (-) TimerEvent: {}
[4.425323] (lane_follow) StdoutLine: {'line': b'running egg_info\n'}
[4.425728] (lane_follow) StdoutLine: {'line': b'creating lane_follow.egg-info\n'}
[4.425931] (lane_follow) StdoutLine: {'line': b'writing lane_follow.egg-info/PKG-INFO\n'}
[4.426539] (lane_follow) StdoutLine: {'line': b'writing dependency_links to lane_follow.egg-info/dependency_links.txt\n'}
[4.426848] (lane_follow) StdoutLine: {'line': b'writing entry points to lane_follow.egg-info/entry_points.txt\n'}
[4.427057] (lane_follow) StdoutLine: {'line': b'writing requirements to lane_follow.egg-info/requires.txt\n'}
[4.427240] (lane_follow) StdoutLine: {'line': b'writing top-level names to lane_follow.egg-info/top_level.txt\n'}
[4.427735] (lane_follow) StdoutLine: {'line': b"writing manifest file 'lane_follow.egg-info/SOURCES.txt'\n"}
[4.431625] (lane_follow) StdoutLine: {'line': b"reading manifest file 'lane_follow.egg-info/SOURCES.txt'\n"}
[4.432744] (lane_follow) StdoutLine: {'line': b"writing manifest file 'lane_follow.egg-info/SOURCES.txt'\n"}
[4.436239] (lane_follow) StdoutLine: {'line': b'running build_ext\n'}
[4.436872] (lane_follow) StdoutLine: {'line': b'Creating /home/eceteam4/ECE480Team4/ros2_ws/install/lane_follow/lib/python3.10/site-packages/lane-follow.egg-link (link to .)\n'}
[4.438419] (lane_follow) StdoutLine: {'line': b'Installing detect script to /home/eceteam4/ECE480Team4/ros2_ws/install/lane_follow/lib/lane_follow\n'}
[4.438783] (lane_follow) StdoutLine: {'line': b'Installing follow_pid script to /home/eceteam4/ECE480Team4/ros2_ws/install/lane_follow/lib/lane_follow\n'}
[4.438993] (lane_follow) StdoutLine: {'line': b'Installing follow_pure_pursuit script to /home/eceteam4/ECE480Team4/ros2_ws/install/lane_follow/lib/lane_follow\n'}
[4.439180] (lane_follow) StdoutLine: {'line': b'Installing ground_spot script to /home/eceteam4/ECE480Team4/ros2_ws/install/lane_follow/lib/lane_follow\n'}
[4.439385] (lane_follow) StdoutLine: {'line': b'Installing sensors_camera_node script to /home/eceteam4/ECE480Team4/ros2_ws/install/lane_follow/lib/lane_follow\n'}
[4.439734] (lane_follow) StdoutLine: {'line': b'\n'}
[4.439890] (lane_follow) StdoutLine: {'line': b'Installed /home/eceteam4/ECE480Team4/ros2_ws/build/lane_follow\n'}
[4.440012] (lane_follow) StdoutLine: {'line': b'running symlink_data\n'}
[4.440174] (lane_follow) StdoutLine: {'line': b'creating /home/eceteam4/ECE480Team4/ros2_ws/install/lane_follow/share/ament_index\n'}
[4.440308] (lane_follow) StdoutLine: {'line': b'creating /home/eceteam4/ECE480Team4/ros2_ws/install/lane_follow/share/ament_index/resource_index\n'}
[4.440445] (lane_follow) StdoutLine: {'line': b'creating /home/eceteam4/ECE480Team4/ros2_ws/install/lane_follow/share/ament_index/resource_index/packages\n'}
[4.440557] (lane_follow) StdoutLine: {'line': b'symbolically linking /home/eceteam4/ECE480Team4/ros2_ws/build/lane_follow/resource/lane_follow -> /home/eceteam4/ECE480Team4/ros2_ws/install/lane_follow/share/ament_index/resource_index/packages\n'}
[4.440699] (lane_follow) StdoutLine: {'line': b'symbolically linking /home/eceteam4/ECE480Team4/ros2_ws/build/lane_follow/package.xml -> /home/eceteam4/ECE480Team4/ros2_ws/install/lane_follow/share/lane_follow\n'}
[4.440835] (lane_follow) StdoutLine: {'line': b'creating /home/eceteam4/ECE480Team4/ros2_ws/install/lane_follow/share/lane_follow/launch\n'}
[4.440971] (lane_follow) StdoutLine: {'line': b'symbolically linking /home/eceteam4/ECE480Team4/ros2_ws/build/lane_follow/launch/lane_follow.launch.py -> /home/eceteam4/ECE480Team4/ros2_ws/install/lane_follow/share/lane_follow/launch\n'}
[4.519600] (-) TimerEvent: {}
[4.542491] (curvy_road) CommandEnded: {'returncode': 0}
[4.588200] (curvy_road) JobEnded: {'identifier': 'curvy_road', 'rc': 0}
[4.591410] (perception_ml_node) CommandEnded: {'returncode': 0}
[4.617409] (perception_ml_node) JobEnded: {'identifier': 'perception_ml_node', 'rc': 0}
[4.619630] (-) TimerEvent: {}
[4.620184] (obstacle_det) CommandEnded: {'returncode': 0}
[4.637460] (obstacle_det) JobEnded: {'identifier': 'obstacle_det', 'rc': 0}
[4.639261] (lane_follow) CommandEnded: {'returncode': 0}
[4.658536] (lane_follow) JobEnded: {'identifier': 'lane_follow', 'rc': 0}
[4.660691] (sensors_camera_node) CommandEnded: {'returncode': 0}
[4.685152] (sensors_camera_node) JobEnded: {'identifier': 'sensors_camera_node', 'rc': 0}
[4.686533] (sensors_lidar_bridge) JobStarted: {'identifier': 'sensors_lidar_bridge'}
[4.719787] (-) TimerEvent: {}
[4.820442] (-) TimerEvent: {}
[4.921031] (-) TimerEvent: {}
[5.021609] (-) TimerEvent: {}
[5.122202] (-) TimerEvent: {}
[5.222984] (-) TimerEvent: {}
[5.323823] (-) TimerEvent: {}
[5.361542] (sensors_imu_bridge) Command: {'cmd': ['/usr/bin/python3', '-W', 'ignore:setup.py install is deprecated', '-W', 'ignore:easy_install command is deprecated', 'setup.py', 'develop', '--editable', '--build-directory', '/home/eceteam4/ECE480Team4/ros2_ws/build/sensors_imu_bridge/build', '--no-deps', 'symlink_data'], 'cwd': '/home/eceteam4/ECE480Team4/ros2_ws/build/sensors_imu_bridge', 'env': {'USER': 'eceteam4', 'XDG_SESSION_TYPE': 'x11', 'SHLVL': '1', 'LD_LIBRARY_PATH': '/opt/ros/humble/opt/rviz_ogre_vendor/lib:/opt/ros/humble/lib/aarch64-linux-gnu:/opt/ros/humble/lib', 'HOME': '/home/eceteam4', 'OLDPWD': '/home/eceteam4/ECE480Team4/ros2_ws/src/sensors_lidar_bridge', 'DESKTOP_SESSION': 'ubuntu', 'ROS_PYTHON_VERSION': '3', 'GNOME_SHELL_SESSION_MODE': 'ubuntu', 'GTK_MODULES': 'gail:atk-bridge', 'SYSTEMD_EXEC_PID': '5065', 'DBUS_SESSION_BUS_ADDRESS': 'unix:path=/run/user/1000/bus', 'COLORTERM': 'truecolor', 'IM_CONFIG_PHASE': '1', 'COLCON_PREFIX_PATH': '/home/eceteam4/ECE480Team4/ros2_ws/install', 'ROS_DISTRO': 'humble', 'GTK_IM_MODULE': 'ibus', 'LOGNAME': 'eceteam4', '_': '/usr/bin/colcon', 'ROS_VERSION': '2', 'XDG_SESSION_CLASS': 'user', 'PROMPT_DIRTRIM': '4', 'USERNAME': 'eceteam4', 'TERM': 'xterm-256color', 'GNOME_DESKTOP_SESSION_ID': 'this-is-deprecated', 'ROS_LOCALHOST_ONLY': '0', 'WINDOWPATH': '2', 'PATH': '/home/eceteam4/ECE480Team4/ros2_ws/install/sensors_lidar_bridge/bin:/home/eceteam4/ECE480Team4/ros2_ws/install/sensors_imu_bridge/bin:/home/eceteam4/ECE480Team4/ros2_ws/install/sensors_camera_node/bin:/opt/ros/humble/bin:/home/eceteam4/.local/bin:/usr/local/sbin:/usr/local/bin:/usr/sbin:/usr/bin:/sbin:/bin:/usr/games:/usr/local/games:/snap/bin:/snap/bin', 'SESSION_MANAGER': 'local/eceteam4-desktop:@/tmp/.ICE-unix/1761,unix/eceteam4-desktop:/tmp/.ICE-unix/1761', 'XDG_MENU_PREFIX': 'gnome-', 'GNOME_TERMINAL_SCREEN': '/org/gnome/Terminal/screen/17b35643_794d_4474_877c_5a84a7709980', 'XDG_RUNTIME_DIR': '/run/user/1000', 'DISPLAY': ':0', 'LANG': 'en_US.UTF-8', 'XDG_CURRENT_DESKTOP': 'ubuntu:GNOME', 'XMODIFIERS': '@im=ibus', 'XDG_SESSION_DESKTOP': 'ubuntu', 'XAUTHORITY': '/run/user/1000/gdm/Xauthority', 'GNOME_TERMINAL_SERVICE': ':1.114', 'SSH_AGENT_LAUNCHER': 'gnome-keyring', 'SSH_AUTH_SOCK': '/run/user/1000/keyring/ssh', 'AMENT_PREFIX_PATH': '/home/eceteam4/ECE480Team4/ros2_ws/install/sensors_lidar_bridge:/home/eceteam4/ECE480Team4/ros2_ws/install/sensors_imu_bridge:/home/eceteam4/ECE480Team4/ros2_ws/install/sensors_camera_node:/home/eceteam4/ECE480Team4/ros2_ws/install/perception_ml_node:/home/eceteam4/ECE480Team4/ros2_ws/install/obstacle_det:/home/eceteam4/ECE480Team4/ros2_ws/install/lane_follow:/home/eceteam4/ECE480Team4/ros2_ws/install/curvy_road:/opt/ros/humble', 'SHELL': '/bin/bash', 'QT_ACCESSIBILITY': '1', 'GDMSESSION': 'ubuntu', 'GPG_AGENT_INFO': '/run/user/1000/gnupg/S.gpg-agent:0:1', 'QT_IM_MODULE': 'ibus', 'PWD': '/home/eceteam4/ECE480Team4/ros2_ws/build/sensors_imu_bridge', 'XDG_CONFIG_DIRS': '/etc/xdg/xdg-ubuntu:/etc/xdg', 'XDG_DATA_DIRS': '/usr/share/ubuntu:/usr/share/gnome:/usr/local/share/:/usr/share/:/var/lib/snapd/desktop', 'PYTHONPATH': '/home/eceteam4/ECE480Team4/ros2_ws/build/sensors_imu_bridge/prefix_override:/usr/lib/python3/dist-packages/colcon_core/task/python/colcon_distutils_commands:/home/eceteam4/ECE480Team4/ros2_ws/install/sensors_imu_bridge/lib/python3.10/site-packages:/home/eceteam4/ECE480Team4/ros2_ws/build/sensors_lidar_bridge:/home/eceteam4/ECE480Team4/ros2_ws/install/sensors_lidar_bridge/lib/python3.10/site-packages:/home/eceteam4/ECE480Team4/ros2_ws/build/sensors_imu_bridge:/home/eceteam4/ECE480Team4/ros2_ws/install/sensors_imu_bridge/lib/python3.10/site-packages:/home/eceteam4/ECE480Team4/ros2_ws/build/sensors_camera_node:/home/eceteam4/ECE480Team4/ros2_ws/install/sensors_camera_node/lib/python3.10/site-packages:/home/eceteam4/ECE480Team4/ros2_ws/build/perception_sync_node:/home/eceteam4/ECE480Team4/ros2_ws/install/perception_sync_node/lib/python3.10/site-packages:/home/eceteam4/ECE480Team4/ros2_ws/build/perception_ml_node:/home/eceteam4/ECE480Team4/ros2_ws/install/perception_ml_node/lib/python3.10/site-packages:/home/eceteam4/ECE480Team4/ros2_ws/build/obstacle_det:/home/eceteam4/ECE480Team4/ros2_ws/install/obstacle_det/lib/python3.10/site-packages:/home/eceteam4/ECE480Team4/ros2_ws/build/lane_follow:/home/eceteam4/ECE480Team4/ros2_ws/install/lane_follow/lib/python3.10/site-packages:/opt/ros/humble/lib/python3.10/site-packages:/opt/ros/humble/local/lib/python3.10/dist-packages', 'COLCON': '1', 'VTE_VERSION': '6800', 'CMAKE_PREFIX_PATH': '/home/eceteam4/ECE480Team4/ros2_ws/install/curvy_road'}, 'shell': False}
[5.423950] (-) TimerEvent: {}
[5.524497] (-) TimerEvent: {}
[5.624979] (-) TimerEvent: {}
[5.725482] (-) TimerEvent: {}
[5.825923] (-) TimerEvent: {}
[5.864539] (sensors_imu_bridge) StdoutLine: {'line': b'running develop\n'}
[5.896537] (sensors_lidar_bridge) Command: {'cmd': ['/usr/bin/python3', '-W', 'ignore:setup.py install is deprecated', '-W', 'ignore:easy_install command is deprecated', 'setup.py', 'develop', '--editable', '--build-directory', '/home/eceteam4/ECE480Team4/ros2_ws/build/sensors_lidar_bridge/build', '--no-deps', 'symlink_data'], 'cwd': '/home/eceteam4/ECE480Team4/ros2_ws/build/sensors_lidar_bridge', 'env': {'USER': 'eceteam4', 'XDG_SESSION_TYPE': 'x11', 'SHLVL': '1', 'LD_LIBRARY_PATH': '/opt/ros/humble/opt/rviz_ogre_vendor/lib:/opt/ros/humble/lib/aarch64-linux-gnu:/opt/ros/humble/lib', 'HOME': '/home/eceteam4', 'OLDPWD': '/home/eceteam4/ECE480Team4/ros2_ws/src/sensors_lidar_bridge', 'DESKTOP_SESSION': 'ubuntu', 'ROS_PYTHON_VERSION': '3', 'GNOME_SHELL_SESSION_MODE': 'ubuntu', 'GTK_MODULES': 'gail:atk-bridge', 'SYSTEMD_EXEC_PID': '5065', 'DBUS_SESSION_BUS_ADDRESS': 'unix:path=/run/user/1000/bus', 'COLORTERM': 'truecolor', 'IM_CONFIG_PHASE': '1', 'COLCON_PREFIX_PATH': '/home/eceteam4/ECE480Team4/ros2_ws/install', 'ROS_DISTRO': 'humble', 'GTK_IM_MODULE': 'ibus', 'LOGNAME': 'eceteam4', '_': '/usr/bin/colcon', 'ROS_VERSION': '2', 'XDG_SESSION_CLASS': 'user', 'PROMPT_DIRTRIM': '4', 'USERNAME': 'eceteam4', 'TERM': 'xterm-256color', 'GNOME_DESKTOP_SESSION_ID': 'this-is-deprecated', 'ROS_LOCALHOST_ONLY': '0', 'WINDOWPATH': '2', 'PATH': '/home/eceteam4/ECE480Team4/ros2_ws/install/sensors_lidar_bridge/bin:/home/eceteam4/ECE480Team4/ros2_ws/install/sensors_imu_bridge/bin:/home/eceteam4/ECE480Team4/ros2_ws/install/sensors_camera_node/bin:/opt/ros/humble/bin:/home/eceteam4/.local/bin:/usr/local/sbin:/usr/local/bin:/usr/sbin:/usr/bin:/sbin:/bin:/usr/games:/usr/local/games:/snap/bin:/snap/bin', 'SESSION_MANAGER': 'local/eceteam4-desktop:@/tmp/.ICE-unix/1761,unix/eceteam4-desktop:/tmp/.ICE-unix/1761', 'XDG_MENU_PREFIX': 'gnome-', 'GNOME_TERMINAL_SCREEN': '/org/gnome/Terminal/screen/17b35643_794d_4474_877c_5a84a7709980', 'XDG_RUNTIME_DIR': '/run/user/1000', 'DISPLAY': ':0', 'LANG': 'en_US.UTF-8', 'XDG_CURRENT_DESKTOP': 'ubuntu:GNOME', 'XMODIFIERS': '@im=ibus', 'XDG_SESSION_DESKTOP': 'ubuntu', 'XAUTHORITY': '/run/user/1000/gdm/Xauthority', 'GNOME_TERMINAL_SERVICE': ':1.114', 'SSH_AGENT_LAUNCHER': 'gnome-keyring', 'SSH_AUTH_SOCK': '/run/user/1000/keyring/ssh', 'AMENT_PREFIX_PATH': '/home/eceteam4/ECE480Team4/ros2_ws/install/sensors_lidar_bridge:/home/eceteam4/ECE480Team4/ros2_ws/install/sensors_imu_bridge:/home/eceteam4/ECE480Team4/ros2_ws/install/sensors_camera_node:/home/eceteam4/ECE480Team4/ros2_ws/install/perception_ml_node:/home/eceteam4/ECE480Team4/ros2_ws/install/obstacle_det:/home/eceteam4/ECE480Team4/ros2_ws/install/lane_follow:/home/eceteam4/ECE480Team4/ros2_ws/install/curvy_road:/opt/ros/humble', 'SHELL': '/bin/bash', 'QT_ACCESSIBILITY': '1', 'GDMSESSION': 'ubuntu', 'GPG_AGENT_INFO': '/run/user/1000/gnupg/S.gpg-agent:0:1', 'QT_IM_MODULE': 'ibus', 'PWD': '/home/eceteam4/ECE480Team4/ros2_ws/build/sensors_lidar_bridge', 'XDG_CONFIG_DIRS': '/etc/xdg/xdg-ubuntu:/etc/xdg', 'XDG_DATA_DIRS': '/usr/share/ubuntu:/usr/share/gnome:/usr/local/share/:/usr/share/:/var/lib/snapd/desktop', 'PYTHONPATH': '/home/eceteam4/ECE480Team4/ros2_ws/build/sensors_lidar_bridge/prefix_override:/usr/lib/python3/dist-packages/colcon_core/task/python/colcon_distutils_commands:/home/eceteam4/ECE480Team4/ros2_ws/install/sensors_lidar_bridge/lib/python3.10/site-packages:/home/eceteam4/ECE480Team4/ros2_ws/build/sensors_lidar_bridge:/home/eceteam4/ECE480Team4/ros2_ws/install/sensors_lidar_bridge/lib/python3.10/site-packages:/home/eceteam4/ECE480Team4/ros2_ws/build/sensors_imu_bridge:/home/eceteam4/ECE480Team4/ros2_ws/install/sensors_imu_bridge/lib/python3.10/site-packages:/home/eceteam4/ECE480Team4/ros2_ws/build/sensors_camera_node:/home/eceteam4/ECE480Team4/ros2_ws/install/sensors_camera_node/lib/python3.10/site-packages:/home/eceteam4/ECE480Team4/ros2_ws/build/perception_sync_node:/home/eceteam4/ECE480Team4/ros2_ws/install/perception_sync_node/lib/python3.10/site-packages:/home/eceteam4/ECE480Team4/ros2_ws/build/perception_ml_node:/home/eceteam4/ECE480Team4/ros2_ws/install/perception_ml_node/lib/python3.10/site-packages:/home/eceteam4/ECE480Team4/ros2_ws/build/obstacle_det:/home/eceteam4/ECE480Team4/ros2_ws/install/obstacle_det/lib/python3.10/site-packages:/home/eceteam4/ECE480Team4/ros2_ws/build/lane_follow:/home/eceteam4/ECE480Team4/ros2_ws/install/lane_follow/lib/python3.10/site-packages:/opt/ros/humble/lib/python3.10/site-packages:/opt/ros/humble/local/lib/python3.10/dist-packages', 'COLCON': '1', 'VTE_VERSION': '6800', 'CMAKE_PREFIX_PATH': '/home/eceteam4/ECE480Team4/ros2_ws/install/curvy_road'}, 'shell': False}
[5.926075] (-) TimerEvent: {}
[6.026568] (-) TimerEvent: {}
[6.127002] (-) TimerEvent: {}
[6.181091] (sensors_imu_bridge) StdoutLine: {'line': b'running egg_info\n'}
[6.181447] (sensors_imu_bridge) StdoutLine: {'line': b'creating sensors_imu_bridge.egg-info\n'}
[6.181629] (sensors_imu_bridge) StdoutLine: {'line': b'writing sensors_imu_bridge.egg-info/PKG-INFO\n'}
[6.182112] (sensors_imu_bridge) StdoutLine: {'line': b'writing dependency_links to sensors_imu_bridge.egg-info/dependency_links.txt\n'}
[6.182363] (sensors_imu_bridge) StdoutLine: {'line': b'writing entry points to sensors_imu_bridge.egg-info/entry_points.txt\n'}
[6.182547] (sensors_imu_bridge) StdoutLine: {'line': b'writing requirements to sensors_imu_bridge.egg-info/requires.txt\n'}
[6.182714] (sensors_imu_bridge) StdoutLine: {'line': b'writing top-level names to sensors_imu_bridge.egg-info/top_level.txt\n'}
[6.183179] (sensors_imu_bridge) StdoutLine: {'line': b"writing manifest file 'sensors_imu_bridge.egg-info/SOURCES.txt'\n"}
[6.186212] (sensors_imu_bridge) StdoutLine: {'line': b"reading manifest file 'sensors_imu_bridge.egg-info/SOURCES.txt'\n"}
[6.187230] (sensors_imu_bridge) StdoutLine: {'line': b"writing manifest file 'sensors_imu_bridge.egg-info/SOURCES.txt'\n"}
[6.190380] (sensors_imu_bridge) StdoutLine: {'line': b'running build_ext\n'}
[6.190782] (sensors_imu_bridge) StdoutLine: {'line': b'Creating /home/eceteam4/ECE480Team4/ros2_ws/install/sensors_imu_bridge/lib/python3.10/site-packages/sensors-imu-bridge.egg-link (link to .)\n'}
[6.192369] (sensors_imu_bridge) StdoutLine: {'line': b'Installing sensors_imu_bridge script to /home/eceteam4/ECE480Team4/ros2_ws/install/sensors_imu_bridge/bin\n'}
[6.192853] (sensors_imu_bridge) StdoutLine: {'line': b'\n'}
[6.193038] (sensors_imu_bridge) StdoutLine: {'line': b'Installed /home/eceteam4/ECE480Team4/ros2_ws/build/sensors_imu_bridge\n'}
[6.193217] (sensors_imu_bridge) StdoutLine: {'line': b'running symlink_data\n'}
[6.193414] (sensors_imu_bridge) StdoutLine: {'line': b'creating /home/eceteam4/ECE480Team4/ros2_ws/install/sensors_imu_bridge/share/ament_index\n'}
[6.193605] (sensors_imu_bridge) StdoutLine: {'line': b'creating /home/eceteam4/ECE480Team4/ros2_ws/install/sensors_imu_bridge/share/ament_index/resource_index\n'}
[6.193757] (sensors_imu_bridge) StdoutLine: {'line': b'creating /home/eceteam4/ECE480Team4/ros2_ws/install/sensors_imu_bridge/share/ament_index/resource_index/packages\n'}
[6.193868] (sensors_imu_bridge) StdoutLine: {'line': b'symbolically linking /home/eceteam4/ECE480Team4/ros2_ws/build/sensors_imu_bridge/resource/sensors_imu_bridge -> /home/eceteam4/ECE480Team4/ros2_ws/install/sensors_imu_bridge/share/ament_index/resource_index/packages\n'}
[6.194062] (sensors_imu_bridge) StdoutLine: {'line': b'symbolically linking /home/eceteam4/ECE480Team4/ros2_ws/build/sensors_imu_bridge/package.xml -> /home/eceteam4/ECE480Team4/ros2_ws/install/sensors_imu_bridge/share/sensors_imu_bridge\n'}
[6.194181] (sensors_imu_bridge) StdoutLine: {'line': b'creating /home/eceteam4/ECE480Team4/ros2_ws/install/sensors_imu_bridge/share/sensors_imu_bridge/launch\n'}
[6.194289] (sensors_imu_bridge) StdoutLine: {'line': b'symbolically linking /home/eceteam4/ECE480Team4/ros2_ws/build/sensors_imu_bridge/launch/imu.launch.py -> /home/eceteam4/ECE480Team4/ros2_ws/install/sensors_imu_bridge/share/sensors_imu_bridge/launch\n'}
[6.227106] (-) TimerEvent: {}
[6.269043] (sensors_imu_bridge) CommandEnded: {'returncode': 0}
[6.307384] (sensors_imu_bridge) JobEnded: {'identifier': 'sensors_imu_bridge', 'rc': 0}
[6.327200] (-) TimerEvent: {}
[6.406718] (sensors_lidar_bridge) StdoutLine: {'line': b'running develop\n'}
[6.427299] (-) TimerEvent: {}
[6.527688] (-) TimerEvent: {}
[6.628059] (-) TimerEvent: {}
[6.725464] (sensors_lidar_bridge) StdoutLine: {'line': b'running egg_info\n'}
[6.725713] (sensors_lidar_bridge) StdoutLine: {'line': b'creating sensors_lidar_bridge.egg-info\n'}
[6.725894] (sensors_lidar_bridge) StdoutLine: {'line': b'writing sensors_lidar_bridge.egg-info/PKG-INFO\n'}
[6.726107] (sensors_lidar_bridge) StdoutLine: {'line': b'writing dependency_links to sensors_lidar_bridge.egg-info/dependency_links.txt\n'}
[6.726294] (sensors_lidar_bridge) StdoutLine: {'line': b'writing entry points to sensors_lidar_bridge.egg-info/entry_points.txt\n'}
[6.726469] (sensors_lidar_bridge) StdoutLine: {'line': b'writing requirements to sensors_lidar_bridge.egg-info/requires.txt\n'}
[6.726632] (sensors_lidar_bridge) StdoutLine: {'line': b'writing top-level names to sensors_lidar_bridge.egg-info/top_level.txt\n'}
[6.726975] (sensors_lidar_bridge) StdoutLine: {'line': b"writing manifest file 'sensors_lidar_bridge.egg-info/SOURCES.txt'\n"}
[6.728125] (-) TimerEvent: {}
[6.730027] (sensors_lidar_bridge) StdoutLine: {'line': b"reading manifest file 'sensors_lidar_bridge.egg-info/SOURCES.txt'\n"}
[6.731370] (sensors_lidar_bridge) StdoutLine: {'line': b"writing manifest file 'sensors_lidar_bridge.egg-info/SOURCES.txt'\n"}
[6.734291] (sensors_lidar_bridge) StdoutLine: {'line': b'running build_ext\n'}
[6.734633] (sensors_lidar_bridge) StdoutLine: {'line': b'Creating /home/eceteam4/ECE480Team4/ros2_ws/install/sensors_lidar_bridge/lib/python3.10/site-packages/sensors-lidar-bridge.egg-link (link to .)\n'}
[6.736172] (sensors_lidar_bridge) StdoutLine: {'line': b'Installing sensors_lidar_bridge script to /home/eceteam4/ECE480Team4/ros2_ws/install/sensors_lidar_bridge/lib/sensors_lidar_bridge\n'}
[6.736662] (sensors_lidar_bridge) StdoutLine: {'line': b'\n'}
[6.736854] (sensors_lidar_bridge) StdoutLine: {'line': b'Installed /home/eceteam4/ECE480Team4/ros2_ws/build/sensors_lidar_bridge\n'}
[6.737038] (sensors_lidar_bridge) StdoutLine: {'line': b'running symlink_data\n'}
[6.737232] (sensors_lidar_bridge) StdoutLine: {'line': b'creating /home/eceteam4/ECE480Team4/ros2_ws/install/sensors_lidar_bridge/share/ament_index\n'}
[6.737406] (sensors_lidar_bridge) StdoutLine: {'line': b'creating /home/eceteam4/ECE480Team4/ros2_ws/install/sensors_lidar_bridge/share/ament_index/resource_index\n'}
[6.737586] (sensors_lidar_bridge) StdoutLine: {'line': b'creating /home/eceteam4/ECE480Team4/ros2_ws/install/sensors_lidar_bridge/share/ament_index/resource_index/packages\n'}
[6.737810] (sensors_lidar_bridge) StdoutLine: {'line': b'symbolically linking /home/eceteam4/ECE480Team4/ros2_ws/build/sensors_lidar_bridge/resource/sensors_lidar_bridge -> /home/eceteam4/ECE480Team4/ros2_ws/install/sensors_lidar_bridge/share/ament_index/resource_index/packages\n'}
[6.737954] (sensors_lidar_bridge) StdoutLine: {'line': b'symbolically linking /home/eceteam4/ECE480Team4/ros2_ws/build/sensors_lidar_bridge/package.xml -> /home/eceteam4/ECE480Team4/ros2_ws/install/sensors_lidar_bridge/share/sensors_lidar_bridge\n'}
[6.738112] (sensors_lidar_bridge) StdoutLine: {'line': b'creating /home/eceteam4/ECE480Team4/ros2_ws/install/sensors_lidar_bridge/share/sensors_lidar_bridge/launch\n'}
[6.738245] (sensors_lidar_bridge) StdoutLine: {'line': b'symbolically linking /home/eceteam4/ECE480Team4/ros2_ws/build/sensors_lidar_bridge/launch/lidar.launch.py -> /home/eceteam4/ECE480Team4/ros2_ws/install/sensors_lidar_bridge/share/sensors_lidar_bridge/launch\n'}
[6.813390] (sensors_lidar_bridge) CommandEnded: {'returncode': 0}
[6.828305] (-) TimerEvent: {}
[6.843477] (sensors_lidar_bridge) JobEnded: {'identifier': 'sensors_lidar_bridge', 'rc': 0}
[6.846869] (-) EventReactorShutdown: {}
