[3.050s] Invoking command in '/home/eceteam4/ECE480Team4/ros2_ws/build/perception_ml_node': PYTHONPATH=/home/eceteam4/ECE480Team4/ros2_ws/build/perception_ml_node/prefix_override:/usr/lib/python3/dist-packages/colcon_core/task/python/colcon_distutils_commands:/home/eceteam4/ECE480Team4/ros2_ws/install/perception_ml_node/lib/python3.10/site-packages:${PYTHONPATH} /usr/bin/python3 -W ignore:setup.py install is deprecated -W ignore:easy_install command is deprecated setup.py develop --editable --build-directory /home/eceteam4/ECE480Team4/ros2_ws/build/perception_ml_node/build --no-deps symlink_data
[3.586s] running develop
[3.934s] running egg_info
[3.934s] creating perception_ml_node.egg-info
[3.935s] writing perception_ml_node.egg-info/PKG-INFO
[3.936s] writing dependency_links to perception_ml_node.egg-info/dependency_links.txt
[3.936s] writing requirements to perception_ml_node.egg-info/requires.txt
[3.936s] writing top-level names to perception_ml_node.egg-info/top_level.txt
[3.937s] writing manifest file 'perception_ml_node.egg-info/SOURCES.txt'
[3.941s] reading manifest file 'perception_ml_node.egg-info/SOURCES.txt'
[3.942s] writing manifest file 'perception_ml_node.egg-info/SOURCES.txt'
[3.946s] running build_ext
[3.946s] Creating /home/eceteam4/ECE480Team4/ros2_ws/install/perception_ml_node/lib/python3.10/site-packages/perception-ml-node.egg-link (link to .)
[3.948s] 
[3.948s] Installed /home/eceteam4/ECE480Team4/ros2_ws/build/perception_ml_node
[3.949s] running symlink_data
[3.949s] creating /home/eceteam4/ECE480Team4/ros2_ws/install/perception_ml_node/share/ament_index
[3.949s] creating /home/eceteam4/ECE480Team4/ros2_ws/install/perception_ml_node/share/ament_index/resource_index
[3.949s] creating /home/eceteam4/ECE480Team4/ros2_ws/install/perception_ml_node/share/ament_index/resource_index/packages
[3.950s] symbolically linking /home/eceteam4/ECE480Team4/ros2_ws/build/perception_ml_node/resource/perception_ml_node -> /home/eceteam4/ECE480Team4/ros2_ws/install/perception_ml_node/share/ament_index/resource_index/packages
[3.950s] symbolically linking /home/eceteam4/ECE480Team4/ros2_ws/build/perception_ml_node/package.xml -> /home/eceteam4/ECE480Team4/ros2_ws/install/perception_ml_node/share/perception_ml_node
[3.950s] creating /home/eceteam4/ECE480Team4/ros2_ws/install/perception_ml_node/share/scripts
[3.950s] symbolically linking /home/eceteam4/ECE480Team4/ros2_ws/build/perception_ml_node/perception_ml_node/scripts/run_yolopv2_demo.py -> /home/eceteam4/ECE480Team4/ros2_ws/install/perception_ml_node/share//scripts
[4.190s] Invoked command in '/home/eceteam4/ECE480Team4/ros2_ws/build/perception_ml_node' returned '0': PYTHONPATH=/home/eceteam4/ECE480Team4/ros2_ws/build/perception_ml_node/prefix_override:/usr/lib/python3/dist-packages/colcon_core/task/python/colcon_distutils_commands:/home/eceteam4/ECE480Team4/ros2_ws/install/perception_ml_node/lib/python3.10/site-packages:${PYTHONPATH} /usr/bin/python3 -W ignore:setup.py install is deprecated -W ignore:easy_install command is deprecated setup.py develop --editable --build-directory /home/eceteam4/ECE480Team4/ros2_ws/build/perception_ml_node/build --no-deps symlink_data
