[3.636s] Invoking command in '/home/eceteam4/ECE480Team4/ros2_ws/build/sensors_lidar_bridge': PYTHONPATH=/home/eceteam4/ECE480Team4/ros2_ws/build/sensors_lidar_bridge/prefix_override:/usr/lib/python3/dist-packages/colcon_core/task/python/colcon_distutils_commands:/home/eceteam4/ECE480Team4/ros2_ws/install/sensors_lidar_bridge/lib/python3.10/site-packages:${PYTHONPATH} /usr/bin/python3 -W ignore:setup.py install is deprecated -W ignore:easy_install command is deprecated setup.py develop --editable --build-directory /home/eceteam4/ECE480Team4/ros2_ws/build/sensors_lidar_bridge/build --no-deps symlink_data
[4.446s] running develop
[4.898s] running egg_info
[4.898s] creating sensors_lidar_bridge.egg-info
[4.899s] writing sensors_lidar_bridge.egg-info/PKG-INFO
[4.899s] writing dependency_links to sensors_lidar_bridge.egg-info/dependency_links.txt
[4.900s] writing entry points to sensors_lidar_bridge.egg-info/entry_points.txt
[4.900s] writing requirements to sensors_lidar_bridge.egg-info/requires.txt
[4.900s] writing top-level names to sensors_lidar_bridge.egg-info/top_level.txt
[4.901s] writing manifest file 'sensors_lidar_bridge.egg-info/SOURCES.txt'
[4.910s] reading manifest file 'sensors_lidar_bridge.egg-info/SOURCES.txt'
[4.912s] writing manifest file 'sensors_lidar_bridge.egg-info/SOURCES.txt'
[4.915s] running build_ext
[4.916s] Creating /home/eceteam4/ECE480Team4/ros2_ws/install/sensors_lidar_bridge/lib/python3.10/site-packages/sensors-lidar-bridge.egg-link (link to .)
[4.918s] Installing sensors_lidar_bridge script to /home/eceteam4/ECE480Team4/ros2_ws/install/sensors_lidar_bridge/lib/sensors_lidar_bridge
[4.919s] 
[4.919s] Installed /home/eceteam4/ECE480Team4/ros2_ws/build/sensors_lidar_bridge
[4.919s] running symlink_data
[4.919s] creating /home/eceteam4/ECE480Team4/ros2_ws/install/sensors_lidar_bridge/share/ament_index
[4.919s] creating /home/eceteam4/ECE480Team4/ros2_ws/install/sensors_lidar_bridge/share/ament_index/resource_index
[4.919s] creating /home/eceteam4/ECE480Team4/ros2_ws/install/sensors_lidar_bridge/share/ament_index/resource_index/packages
[4.919s] symbolically linking /home/eceteam4/ECE480Team4/ros2_ws/build/sensors_lidar_bridge/resource/sensors_lidar_bridge -> /home/eceteam4/ECE480Team4/ros2_ws/install/sensors_lidar_bridge/share/ament_index/resource_index/packages
[4.920s] symbolically linking /home/eceteam4/ECE480Team4/ros2_ws/build/sensors_lidar_bridge/package.xml -> /home/eceteam4/ECE480Team4/ros2_ws/install/sensors_lidar_bridge/share/sensors_lidar_bridge
[4.920s] creating /home/eceteam4/ECE480Team4/ros2_ws/install/sensors_lidar_bridge/share/sensors_lidar_bridge/launch
[4.920s] symbolically linking /home/eceteam4/ECE480Team4/ros2_ws/build/sensors_lidar_bridge/launch/lidar.launch.py -> /home/eceteam4/ECE480Team4/ros2_ws/install/sensors_lidar_bridge/share/sensors_lidar_bridge/launch
