[0.089s] Invoking command in '/home/eceteam4/ECE480Team4/ros2_ws/build/vesc_msgs': CMAKE_PREFIX_PATH=/opt/ros/humble /usr/bin/cmake --build /home/eceteam4/ECE480Team4/ros2_ws/build/vesc_msgs -- -j6 -l6
[1.772s] [  1%] Built target vesc_msgs__cpp
[1.773s] [ 12%] Built target vesc_msgs__rosidl_generator_c
[1.773s] [ 12%] Built target ament_cmake_python_symlink_vesc_msgs
[1.775s] [ 23%] Built target vesc_msgs__rosidl_typesupport_fastrtps_cpp
[1.776s] [ 34%] Built target vesc_msgs__rosidl_typesupport_cpp
[1.777s] [ 46%] Built target vesc_msgs__rosidl_typesupport_fastrtps_c
[1.777s] [ 57%] Built target vesc_msgs__rosidl_typesupport_introspection_cpp
[1.778s] [ 68%] Built target vesc_msgs__rosidl_typesupport_introspection_c
[1.778s] [ 79%] Built target vesc_msgs__rosidl_typesupport_c
[1.779s] [ 79%] Built target vesc_msgs
[1.779s] [ 80%] Built target vesc_msgs__py
[1.779s] [ 90%] Built target vesc_msgs__rosidl_generator_py
[1.779s] [ 93%] Built target vesc_msgs__rosidl_typesupport_c__pyext
[1.780s] [ 96%] Built target vesc_msgs__rosidl_typesupport_fastrtps_c__pyext
[1.780s] [100%] Built target vesc_msgs__rosidl_typesupport_introspection_c__pyext
[1.781s] running egg_info
[1.782s] writing vesc_msgs.egg-info/PKG-INFO
[1.783s] writing dependency_links to vesc_msgs.egg-info/dependency_links.txt
[1.783s] writing top-level names to vesc_msgs.egg-info/top_level.txt
[1.784s] reading manifest file 'vesc_msgs.egg-info/SOURCES.txt'
[1.784s] writing manifest file 'vesc_msgs.egg-info/SOURCES.txt'
[1.784s] [100%] Built target ament_cmake_python_build_vesc_msgs_egg
[2.347s] Invoked command in '/home/eceteam4/ECE480Team4/ros2_ws/build/vesc_msgs' returned '0': CMAKE_PREFIX_PATH=/opt/ros/humble /usr/bin/cmake --build /home/eceteam4/ECE480Team4/ros2_ws/build/vesc_msgs -- -j6 -l6
[2.354s] Invoking command in '/home/eceteam4/ECE480Team4/ros2_ws/build/vesc_msgs': CMAKE_PREFIX_PATH=/opt/ros/humble /usr/bin/cmake --install /home/eceteam4/ECE480Team4/ros2_ws/build/vesc_msgs
[2.376s] -- Install configuration: ""
[2.378s] -- Execute custom install script
[2.382s] -- Up-to-date symlink: /home/eceteam4/ECE480Team4/ros2_ws/install/vesc_msgs/share/ament_index/resource_index/rosidl_interfaces/vesc_msgs
[2.387s] -- Up-to-date symlink: /home/eceteam4/ECE480Team4/ros2_ws/install/vesc_msgs/include/vesc_msgs/vesc_msgs/msg/detail/vesc_cmd__functions.h
[2.387s] -- Up-to-date symlink: /home/eceteam4/ECE480Team4/ros2_ws/install/vesc_msgs/include/vesc_msgs/vesc_msgs/msg/detail/vesc_cmd__struct.h
[2.388s] -- Up-to-date symlink: /home/eceteam4/ECE480Team4/ros2_ws/install/vesc_msgs/include/vesc_msgs/vesc_msgs/msg/detail/vesc_cmd__type_support.h
[2.389s] -- Up-to-date symlink: /home/eceteam4/ECE480Team4/ros2_ws/install/vesc_msgs/include/vesc_msgs/vesc_msgs/msg/detail/vesc_imu__functions.h
[2.390s] -- Up-to-date symlink: /home/eceteam4/ECE480Team4/ros2_ws/install/vesc_msgs/include/vesc_msgs/vesc_msgs/msg/detail/vesc_imu__struct.h
[2.390s] -- Up-to-date symlink: /home/eceteam4/ECE480Team4/ros2_ws/install/vesc_msgs/include/vesc_msgs/vesc_msgs/msg/detail/vesc_imu__type_support.h
[2.391s] -- Up-to-date symlink: /home/eceteam4/ECE480Team4/ros2_ws/install/vesc_msgs/include/vesc_msgs/vesc_msgs/msg/detail/vesc_imu_stamped__functions.h
[2.392s] -- Up-to-date symlink: /home/eceteam4/ECE480Team4/ros2_ws/install/vesc_msgs/include/vesc_msgs/vesc_msgs/msg/detail/vesc_imu_stamped__struct.h
[2.392s] -- Up-to-date symlink: /home/eceteam4/ECE480Team4/ros2_ws/install/vesc_msgs/include/vesc_msgs/vesc_msgs/msg/detail/vesc_imu_stamped__type_support.h
[2.393s] -- Up-to-date symlink: /home/eceteam4/ECE480Team4/ros2_ws/install/vesc_msgs/include/vesc_msgs/vesc_msgs/msg/detail/vesc_state__functions.h
[2.394s] -- Up-to-date symlink: /home/eceteam4/ECE480Team4/ros2_ws/install/vesc_msgs/include/vesc_msgs/vesc_msgs/msg/detail/vesc_state__struct.h
[2.394s] -- Up-to-date symlink: /home/eceteam4/ECE480Team4/ros2_ws/install/vesc_msgs/include/vesc_msgs/vesc_msgs/msg/detail/vesc_state__type_support.h
[2.395s] -- Up-to-date symlink: /home/eceteam4/ECE480Team4/ros2_ws/install/vesc_msgs/include/vesc_msgs/vesc_msgs/msg/detail/vesc_state_stamped__functions.h
[2.396s] -- Up-to-date symlink: /home/eceteam4/ECE480Team4/ros2_ws/install/vesc_msgs/include/vesc_msgs/vesc_msgs/msg/detail/vesc_state_stamped__struct.h
[2.397s] -- Up-to-date symlink: /home/eceteam4/ECE480Team4/ros2_ws/install/vesc_msgs/include/vesc_msgs/vesc_msgs/msg/detail/vesc_state_stamped__type_support.h
[2.398s] -- Up-to-date symlink: /home/eceteam4/ECE480Team4/ros2_ws/install/vesc_msgs/include/vesc_msgs/vesc_msgs/msg/rosidl_generator_c__visibility_control.h
[2.399s] -- Up-to-date symlink: /home/eceteam4/ECE480Team4/ros2_ws/install/vesc_msgs/include/vesc_msgs/vesc_msgs/msg/vesc_cmd.h
[2.400s] -- Up-to-date symlink: /home/eceteam4/ECE480Team4/ros2_ws/install/vesc_msgs/include/vesc_msgs/vesc_msgs/msg/vesc_imu.h
[2.401s] -- Up-to-date symlink: /home/eceteam4/ECE480Team4/ros2_ws/install/vesc_msgs/include/vesc_msgs/vesc_msgs/msg/vesc_imu_stamped.h
[2.403s] -- Up-to-date symlink: /home/eceteam4/ECE480Team4/ros2_ws/install/vesc_msgs/include/vesc_msgs/vesc_msgs/msg/vesc_state.h
[2.403s] -- Up-to-date symlink: /home/eceteam4/ECE480Team4/ros2_ws/install/vesc_msgs/include/vesc_msgs/vesc_msgs/msg/vesc_state_stamped.h
[2.406s] -- Up-to-date symlink: /home/eceteam4/ECE480Team4/ros2_ws/install/vesc_msgs/share/vesc_msgs/environment/library_path.sh
[2.406s] -- Up-to-date symlink: /home/eceteam4/ECE480Team4/ros2_ws/install/vesc_msgs/share/vesc_msgs/environment/library_path.dsv
[2.410s] -- Up-to-date symlink: /home/eceteam4/ECE480Team4/ros2_ws/install/vesc_msgs/include/vesc_msgs/vesc_msgs/msg/detail/vesc_cmd__rosidl_typesupport_fastrtps_c.h
[2.412s] -- Up-to-date symlink: /home/eceteam4/ECE480Team4/ros2_ws/install/vesc_msgs/include/vesc_msgs/vesc_msgs/msg/detail/vesc_imu__rosidl_typesupport_fastrtps_c.h
[2.413s] -- Up-to-date symlink: /home/eceteam4/ECE480Team4/ros2_ws/install/vesc_msgs/include/vesc_msgs/vesc_msgs/msg/detail/vesc_imu_stamped__rosidl_typesupport_fastrtps_c.h
[2.415s] -- Up-to-date symlink: /home/eceteam4/ECE480Team4/ros2_ws/install/vesc_msgs/include/vesc_msgs/vesc_msgs/msg/detail/vesc_state__rosidl_typesupport_fastrtps_c.h
[2.416s] -- Up-to-date symlink: /home/eceteam4/ECE480Team4/ros2_ws/install/vesc_msgs/include/vesc_msgs/vesc_msgs/msg/detail/vesc_state_stamped__rosidl_typesupport_fastrtps_c.h
[2.417s] -- Up-to-date symlink: /home/eceteam4/ECE480Team4/ros2_ws/install/vesc_msgs/include/vesc_msgs/vesc_msgs/msg/rosidl_typesupport_fastrtps_c__visibility_control.h
[2.419s] -- Up-to-date symlink: /home/eceteam4/ECE480Team4/ros2_ws/install/vesc_msgs/include/vesc_msgs/vesc_msgs/msg/detail/vesc_cmd__rosidl_typesupport_introspection_c.h
[2.421s] -- Up-to-date symlink: /home/eceteam4/ECE480Team4/ros2_ws/install/vesc_msgs/include/vesc_msgs/vesc_msgs/msg/detail/vesc_imu__rosidl_typesupport_introspection_c.h
[2.422s] -- Up-to-date symlink: /home/eceteam4/ECE480Team4/ros2_ws/install/vesc_msgs/include/vesc_msgs/vesc_msgs/msg/detail/vesc_imu_stamped__rosidl_typesupport_introspection_c.h
[2.424s] -- Up-to-date symlink: /home/eceteam4/ECE480Team4/ros2_ws/install/vesc_msgs/include/vesc_msgs/vesc_msgs/msg/detail/vesc_state__rosidl_typesupport_introspection_c.h
[2.425s] -- Up-to-date symlink: /home/eceteam4/ECE480Team4/ros2_ws/install/vesc_msgs/include/vesc_msgs/vesc_msgs/msg/detail/vesc_state_stamped__rosidl_typesupport_introspection_c.h
[2.426s] -- Up-to-date symlink: /home/eceteam4/ECE480Team4/ros2_ws/install/vesc_msgs/include/vesc_msgs/vesc_msgs/msg/rosidl_typesupport_introspection_c__visibility_control.h
[2.430s] -- Up-to-date symlink: /home/eceteam4/ECE480Team4/ros2_ws/install/vesc_msgs/include/vesc_msgs/vesc_msgs/msg/detail/vesc_cmd__builder.hpp
[2.431s] -- Up-to-date symlink: /home/eceteam4/ECE480Team4/ros2_ws/install/vesc_msgs/include/vesc_msgs/vesc_msgs/msg/detail/vesc_cmd__struct.hpp
[2.433s] -- Up-to-date symlink: /home/eceteam4/ECE480Team4/ros2_ws/install/vesc_msgs/include/vesc_msgs/vesc_msgs/msg/detail/vesc_cmd__traits.hpp
[2.435s] -- Up-to-date symlink: /home/eceteam4/ECE480Team4/ros2_ws/install/vesc_msgs/include/vesc_msgs/vesc_msgs/msg/detail/vesc_cmd__type_support.hpp
[2.437s] -- Up-to-date symlink: /home/eceteam4/ECE480Team4/ros2_ws/install/vesc_msgs/include/vesc_msgs/vesc_msgs/msg/detail/vesc_imu__builder.hpp
[2.439s] -- Up-to-date symlink: /home/eceteam4/ECE480Team4/ros2_ws/install/vesc_msgs/include/vesc_msgs/vesc_msgs/msg/detail/vesc_imu__struct.hpp
[2.440s] -- Up-to-date symlink: /home/eceteam4/ECE480Team4/ros2_ws/install/vesc_msgs/include/vesc_msgs/vesc_msgs/msg/detail/vesc_imu__traits.hpp
[2.441s] -- Up-to-date symlink: /home/eceteam4/ECE480Team4/ros2_ws/install/vesc_msgs/include/vesc_msgs/vesc_msgs/msg/detail/vesc_imu__type_support.hpp
[2.443s] -- Up-to-date symlink: /home/eceteam4/ECE480Team4/ros2_ws/install/vesc_msgs/include/vesc_msgs/vesc_msgs/msg/detail/vesc_imu_stamped__builder.hpp
[2.447s] -- Up-to-date symlink: /home/eceteam4/ECE480Team4/ros2_ws/install/vesc_msgs/include/vesc_msgs/vesc_msgs/msg/detail/vesc_imu_stamped__struct.hpp
[2.448s] -- Up-to-date symlink: /home/eceteam4/ECE480Team4/ros2_ws/install/vesc_msgs/include/vesc_msgs/vesc_msgs/msg/detail/vesc_imu_stamped__traits.hpp
[2.449s] -- Up-to-date symlink: /home/eceteam4/ECE480Team4/ros2_ws/install/vesc_msgs/include/vesc_msgs/vesc_msgs/msg/detail/vesc_imu_stamped__type_support.hpp
[2.451s] -- Up-to-date symlink: /home/eceteam4/ECE480Team4/ros2_ws/install/vesc_msgs/include/vesc_msgs/vesc_msgs/msg/detail/vesc_state__builder.hpp
[2.453s] -- Up-to-date symlink: /home/eceteam4/ECE480Team4/ros2_ws/install/vesc_msgs/include/vesc_msgs/vesc_msgs/msg/detail/vesc_state__struct.hpp
[2.454s] -- Up-to-date symlink: /home/eceteam4/ECE480Team4/ros2_ws/install/vesc_msgs/include/vesc_msgs/vesc_msgs/msg/detail/vesc_state__traits.hpp
[2.455s] -- Up-to-date symlink: /home/eceteam4/ECE480Team4/ros2_ws/install/vesc_msgs/include/vesc_msgs/vesc_msgs/msg/detail/vesc_state__type_support.hpp
[2.457s] -- Up-to-date symlink: /home/eceteam4/ECE480Team4/ros2_ws/install/vesc_msgs/include/vesc_msgs/vesc_msgs/msg/detail/vesc_state_stamped__builder.hpp
[2.458s] -- Up-to-date symlink: /home/eceteam4/ECE480Team4/ros2_ws/install/vesc_msgs/include/vesc_msgs/vesc_msgs/msg/detail/vesc_state_stamped__struct.hpp
[2.460s] -- Up-to-date symlink: /home/eceteam4/ECE480Team4/ros2_ws/install/vesc_msgs/include/vesc_msgs/vesc_msgs/msg/detail/vesc_state_stamped__traits.hpp
[2.461s] -- Up-to-date symlink: /home/eceteam4/ECE480Team4/ros2_ws/install/vesc_msgs/include/vesc_msgs/vesc_msgs/msg/detail/vesc_state_stamped__type_support.hpp
[2.463s] -- Up-to-date symlink: /home/eceteam4/ECE480Team4/ros2_ws/install/vesc_msgs/include/vesc_msgs/vesc_msgs/msg/rosidl_generator_cpp__visibility_control.hpp
[2.464s] -- Up-to-date symlink: /home/eceteam4/ECE480Team4/ros2_ws/install/vesc_msgs/include/vesc_msgs/vesc_msgs/msg/vesc_cmd.hpp
[2.466s] -- Up-to-date symlink: /home/eceteam4/ECE480Team4/ros2_ws/install/vesc_msgs/include/vesc_msgs/vesc_msgs/msg/vesc_imu.hpp
[2.467s] -- Up-to-date symlink: /home/eceteam4/ECE480Team4/ros2_ws/install/vesc_msgs/include/vesc_msgs/vesc_msgs/msg/vesc_imu_stamped.hpp
[2.469s] -- Up-to-date symlink: /home/eceteam4/ECE480Team4/ros2_ws/install/vesc_msgs/include/vesc_msgs/vesc_msgs/msg/vesc_state.hpp
[2.470s] -- Up-to-date symlink: /home/eceteam4/ECE480Team4/ros2_ws/install/vesc_msgs/include/vesc_msgs/vesc_msgs/msg/vesc_state_stamped.hpp
[2.473s] -- Up-to-date symlink: /home/eceteam4/ECE480Team4/ros2_ws/install/vesc_msgs/include/vesc_msgs/vesc_msgs/msg/detail/vesc_cmd__rosidl_typesupport_fastrtps_cpp.hpp
[2.474s] -- Up-to-date symlink: /home/eceteam4/ECE480Team4/ros2_ws/install/vesc_msgs/include/vesc_msgs/vesc_msgs/msg/detail/vesc_imu__rosidl_typesupport_fastrtps_cpp.hpp
[2.476s] -- Up-to-date symlink: /home/eceteam4/ECE480Team4/ros2_ws/install/vesc_msgs/include/vesc_msgs/vesc_msgs/msg/detail/vesc_imu_stamped__rosidl_typesupport_fastrtps_cpp.hpp
[2.477s] -- Up-to-date symlink: /home/eceteam4/ECE480Team4/ros2_ws/install/vesc_msgs/include/vesc_msgs/vesc_msgs/msg/detail/vesc_state__rosidl_typesupport_fastrtps_cpp.hpp
[2.478s] -- Up-to-date symlink: /home/eceteam4/ECE480Team4/ros2_ws/install/vesc_msgs/include/vesc_msgs/vesc_msgs/msg/detail/vesc_state_stamped__rosidl_typesupport_fastrtps_cpp.hpp
[2.480s] -- Up-to-date symlink: /home/eceteam4/ECE480Team4/ros2_ws/install/vesc_msgs/include/vesc_msgs/vesc_msgs/msg/rosidl_typesupport_fastrtps_cpp__visibility_control.h
[2.482s] -- Up-to-date symlink: /home/eceteam4/ECE480Team4/ros2_ws/install/vesc_msgs/include/vesc_msgs/vesc_msgs/msg/detail/vesc_cmd__rosidl_typesupport_introspection_cpp.hpp
[2.484s] -- Up-to-date symlink: /home/eceteam4/ECE480Team4/ros2_ws/install/vesc_msgs/include/vesc_msgs/vesc_msgs/msg/detail/vesc_imu__rosidl_typesupport_introspection_cpp.hpp
[2.484s] -- Up-to-date symlink: /home/eceteam4/ECE480Team4/ros2_ws/install/vesc_msgs/include/vesc_msgs/vesc_msgs/msg/detail/vesc_imu_stamped__rosidl_typesupport_introspection_cpp.hpp
[2.485s] -- Up-to-date symlink: /home/eceteam4/ECE480Team4/ros2_ws/install/vesc_msgs/include/vesc_msgs/vesc_msgs/msg/detail/vesc_state__rosidl_typesupport_introspection_cpp.hpp
[2.486s] -- Up-to-date symlink: /home/eceteam4/ECE480Team4/ros2_ws/install/vesc_msgs/include/vesc_msgs/vesc_msgs/msg/detail/vesc_state_stamped__rosidl_typesupport_introspection_cpp.hpp
[2.487s] -- Up-to-date symlink: /home/eceteam4/ECE480Team4/ros2_ws/install/vesc_msgs/share/vesc_msgs/environment/pythonpath.sh
[2.487s] -- Up-to-date symlink: /home/eceteam4/ECE480Team4/ros2_ws/install/vesc_msgs/share/vesc_msgs/environment/pythonpath.dsv
[2.490s] -- Up-to-date symlink: /home/eceteam4/ECE480Team4/ros2_ws/install/vesc_msgs/local/lib/python3.10/dist-packages/vesc_msgs-1.1.0-py3.10.egg-info/PKG-INFO
[2.491s] -- Up-to-date symlink: /home/eceteam4/ECE480Team4/ros2_ws/install/vesc_msgs/local/lib/python3.10/dist-packages/vesc_msgs-1.1.0-py3.10.egg-info/SOURCES.txt
[2.491s] -- Up-to-date symlink: /home/eceteam4/ECE480Team4/ros2_ws/install/vesc_msgs/local/lib/python3.10/dist-packages/vesc_msgs-1.1.0-py3.10.egg-info/dependency_links.txt
[2.492s] -- Up-to-date symlink: /home/eceteam4/ECE480Team4/ros2_ws/install/vesc_msgs/local/lib/python3.10/dist-packages/vesc_msgs-1.1.0-py3.10.egg-info/top_level.txt
[2.494s] -- Up-to-date symlink: /home/eceteam4/ECE480Team4/ros2_ws/install/vesc_msgs/local/lib/python3.10/dist-packages/vesc_msgs/__init__.py
[2.495s] -- Up-to-date symlink: /home/eceteam4/ECE480Team4/ros2_ws/install/vesc_msgs/local/lib/python3.10/dist-packages/vesc_msgs/_vesc_msgs_s.ep.rosidl_typesupport_c.c
[2.496s] -- Up-to-date symlink: /home/eceteam4/ECE480Team4/ros2_ws/install/vesc_msgs/local/lib/python3.10/dist-packages/vesc_msgs/_vesc_msgs_s.ep.rosidl_typesupport_fastrtps_c.c
[2.498s] -- Up-to-date symlink: /home/eceteam4/ECE480Team4/ros2_ws/install/vesc_msgs/local/lib/python3.10/dist-packages/vesc_msgs/_vesc_msgs_s.ep.rosidl_typesupport_introspection_c.c
[2.498s] -- Up-to-date symlink: /home/eceteam4/ECE480Team4/ros2_ws/install/vesc_msgs/local/lib/python3.10/dist-packages/vesc_msgs/libvesc_msgs__rosidl_generator_py.so
[2.499s] -- Up-to-date symlink: /home/eceteam4/ECE480Team4/ros2_ws/install/vesc_msgs/local/lib/python3.10/dist-packages/vesc_msgs/msg/__init__.py
[2.500s] -- Up-to-date symlink: /home/eceteam4/ECE480Team4/ros2_ws/install/vesc_msgs/local/lib/python3.10/dist-packages/vesc_msgs/msg/_vesc_cmd.py
[2.501s] -- Up-to-date symlink: /home/eceteam4/ECE480Team4/ros2_ws/install/vesc_msgs/local/lib/python3.10/dist-packages/vesc_msgs/msg/_vesc_cmd_s.c
[2.501s] -- Up-to-date symlink: /home/eceteam4/ECE480Team4/ros2_ws/install/vesc_msgs/local/lib/python3.10/dist-packages/vesc_msgs/msg/_vesc_imu.py
[2.502s] -- Up-to-date symlink: /home/eceteam4/ECE480Team4/ros2_ws/install/vesc_msgs/local/lib/python3.10/dist-packages/vesc_msgs/msg/_vesc_imu_s.c
[2.503s] -- Up-to-date symlink: /home/eceteam4/ECE480Team4/ros2_ws/install/vesc_msgs/local/lib/python3.10/dist-packages/vesc_msgs/msg/_vesc_imu_stamped.py
[2.503s] -- Up-to-date symlink: /home/eceteam4/ECE480Team4/ros2_ws/install/vesc_msgs/local/lib/python3.10/dist-packages/vesc_msgs/msg/_vesc_imu_stamped_s.c
[2.504s] -- Up-to-date symlink: /home/eceteam4/ECE480Team4/ros2_ws/install/vesc_msgs/local/lib/python3.10/dist-packages/vesc_msgs/msg/_vesc_state.py
[2.504s] -- Up-to-date symlink: /home/eceteam4/ECE480Team4/ros2_ws/install/vesc_msgs/local/lib/python3.10/dist-packages/vesc_msgs/msg/_vesc_state_s.c
[2.505s] -- Up-to-date symlink: /home/eceteam4/ECE480Team4/ros2_ws/install/vesc_msgs/local/lib/python3.10/dist-packages/vesc_msgs/msg/_vesc_state_stamped.py
[2.505s] -- Up-to-date symlink: /home/eceteam4/ECE480Team4/ros2_ws/install/vesc_msgs/local/lib/python3.10/dist-packages/vesc_msgs/msg/_vesc_state_stamped_s.c
[2.506s] -- Up-to-date symlink: /home/eceteam4/ECE480Team4/ros2_ws/install/vesc_msgs/local/lib/python3.10/dist-packages/vesc_msgs/vesc_msgs_s__rosidl_typesupport_c.cpython-310-aarch64-linux-gnu.so
[2.507s] -- Up-to-date symlink: /home/eceteam4/ECE480Team4/ros2_ws/install/vesc_msgs/local/lib/python3.10/dist-packages/vesc_msgs/vesc_msgs_s__rosidl_typesupport_fastrtps_c.cpython-310-aarch64-linux-gnu.so
[2.508s] -- Up-to-date symlink: /home/eceteam4/ECE480Team4/ros2_ws/install/vesc_msgs/local/lib/python3.10/dist-packages/vesc_msgs/vesc_msgs_s__rosidl_typesupport_introspection_c.cpython-310-aarch64-linux-gnu.so
[2.510s] -- Up-to-date symlink: /home/eceteam4/ECE480Team4/ros2_ws/install/vesc_msgs/local/lib/python3.10/dist-packages/vesc_msgs/vesc_msgs_s__rosidl_typesupport_fastrtps_c.cpython-310-aarch64-linux-gnu.so
[2.512s] -- Up-to-date symlink: /home/eceteam4/ECE480Team4/ros2_ws/install/vesc_msgs/local/lib/python3.10/dist-packages/vesc_msgs/vesc_msgs_s__rosidl_typesupport_introspection_c.cpython-310-aarch64-linux-gnu.so
[2.513s] -- Up-to-date symlink: /home/eceteam4/ECE480Team4/ros2_ws/install/vesc_msgs/local/lib/python3.10/dist-packages/vesc_msgs/vesc_msgs_s__rosidl_typesupport_c.cpython-310-aarch64-linux-gnu.so
[2.514s] -- Up-to-date symlink: /home/eceteam4/ECE480Team4/ros2_ws/install/vesc_msgs/share/vesc_msgs/msg/VescCmd.idl
[2.514s] -- Up-to-date symlink: /home/eceteam4/ECE480Team4/ros2_ws/install/vesc_msgs/share/vesc_msgs/msg/VescImu.idl
[2.515s] -- Up-to-date symlink: /home/eceteam4/ECE480Team4/ros2_ws/install/vesc_msgs/share/vesc_msgs/msg/VescImuStamped.idl
[2.516s] -- Up-to-date symlink: /home/eceteam4/ECE480Team4/ros2_ws/install/vesc_msgs/share/vesc_msgs/msg/VescState.idl
[2.516s] -- Up-to-date symlink: /home/eceteam4/ECE480Team4/ros2_ws/install/vesc_msgs/share/vesc_msgs/msg/VescStateStamped.idl
[2.517s] -- Up-to-date symlink: /home/eceteam4/ECE480Team4/ros2_ws/install/vesc_msgs/share/vesc_msgs/msg/VescCmd.msg
[2.517s] -- Up-to-date symlink: /home/eceteam4/ECE480Team4/ros2_ws/install/vesc_msgs/share/vesc_msgs/msg/VescImu.msg
[2.518s] -- Up-to-date symlink: /home/eceteam4/ECE480Team4/ros2_ws/install/vesc_msgs/share/vesc_msgs/msg/VescImuStamped.msg
[2.520s] -- Up-to-date symlink: /home/eceteam4/ECE480Team4/ros2_ws/install/vesc_msgs/share/vesc_msgs/msg/VescState.msg
[2.520s] -- Up-to-date symlink: /home/eceteam4/ECE480Team4/ros2_ws/install/vesc_msgs/share/vesc_msgs/msg/VescStateStamped.msg
[2.521s] -- Up-to-date symlink: /home/eceteam4/ECE480Team4/ros2_ws/install/vesc_msgs/share/ament_index/resource_index/package_run_dependencies/vesc_msgs
[2.522s] -- Up-to-date symlink: /home/eceteam4/ECE480Team4/ros2_ws/install/vesc_msgs/share/ament_index/resource_index/parent_prefix_path/vesc_msgs
[2.523s] -- Up-to-date symlink: /home/eceteam4/ECE480Team4/ros2_ws/install/vesc_msgs/share/vesc_msgs/environment/ament_prefix_path.sh
[2.523s] -- Up-to-date symlink: /home/eceteam4/ECE480Team4/ros2_ws/install/vesc_msgs/share/vesc_msgs/environment/ament_prefix_path.dsv
[2.524s] -- Up-to-date symlink: /home/eceteam4/ECE480Team4/ros2_ws/install/vesc_msgs/share/vesc_msgs/environment/path.sh
[2.525s] -- Up-to-date symlink: /home/eceteam4/ECE480Team4/ros2_ws/install/vesc_msgs/share/vesc_msgs/environment/path.dsv
[2.525s] -- Up-to-date symlink: /home/eceteam4/ECE480Team4/ros2_ws/install/vesc_msgs/share/vesc_msgs/local_setup.bash
[2.526s] -- Up-to-date symlink: /home/eceteam4/ECE480Team4/ros2_ws/install/vesc_msgs/share/vesc_msgs/local_setup.sh
[2.526s] -- Up-to-date symlink: /home/eceteam4/ECE480Team4/ros2_ws/install/vesc_msgs/share/vesc_msgs/local_setup.zsh
[2.527s] -- Up-to-date symlink: /home/eceteam4/ECE480Team4/ros2_ws/install/vesc_msgs/share/vesc_msgs/local_setup.dsv
[2.527s] -- Symlinking: /home/eceteam4/ECE480Team4/ros2_ws/install/vesc_msgs/share/vesc_msgs/package.dsv
[2.573s] -- Up-to-date symlink: /home/eceteam4/ECE480Team4/ros2_ws/install/vesc_msgs/share/ament_index/resource_index/packages/vesc_msgs
[2.573s] -- Up-to-date symlink: /home/eceteam4/ECE480Team4/ros2_ws/install/vesc_msgs/share/vesc_msgs/cmake/rosidl_cmake-extras.cmake
[2.573s] -- Up-to-date symlink: /home/eceteam4/ECE480Team4/ros2_ws/install/vesc_msgs/share/vesc_msgs/cmake/ament_cmake_export_dependencies-extras.cmake
[2.574s] -- Up-to-date symlink: /home/eceteam4/ECE480Team4/ros2_ws/install/vesc_msgs/share/vesc_msgs/cmake/ament_cmake_export_include_directories-extras.cmake
[2.574s] -- Up-to-date symlink: /home/eceteam4/ECE480Team4/ros2_ws/install/vesc_msgs/share/vesc_msgs/cmake/ament_cmake_export_libraries-extras.cmake
[2.574s] -- Up-to-date symlink: /home/eceteam4/ECE480Team4/ros2_ws/install/vesc_msgs/share/vesc_msgs/cmake/ament_cmake_export_targets-extras.cmake
[2.574s] -- Up-to-date symlink: /home/eceteam4/ECE480Team4/ros2_ws/install/vesc_msgs/share/vesc_msgs/cmake/rosidl_cmake_export_typesupport_targets-extras.cmake
[2.575s] -- Up-to-date symlink: /home/eceteam4/ECE480Team4/ros2_ws/install/vesc_msgs/share/vesc_msgs/cmake/rosidl_cmake_export_typesupport_libraries-extras.cmake
[2.575s] -- Up-to-date symlink: /home/eceteam4/ECE480Team4/ros2_ws/install/vesc_msgs/share/vesc_msgs/cmake/vesc_msgsConfig.cmake
[2.578s] -- Up-to-date symlink: /home/eceteam4/ECE480Team4/ros2_ws/install/vesc_msgs/share/vesc_msgs/cmake/vesc_msgsConfig-version.cmake
[2.578s] -- Up-to-date symlink: /home/eceteam4/ECE480Team4/ros2_ws/install/vesc_msgs/share/vesc_msgs/package.xml
[2.581s] -- Up-to-date: /home/eceteam4/ECE480Team4/ros2_ws/install/vesc_msgs/lib/libvesc_msgs__rosidl_generator_c.so
[2.585s] -- Up-to-date: /home/eceteam4/ECE480Team4/ros2_ws/install/vesc_msgs/lib/libvesc_msgs__rosidl_typesupport_fastrtps_c.so
[2.586s] -- Up-to-date: /home/eceteam4/ECE480Team4/ros2_ws/install/vesc_msgs/lib/libvesc_msgs__rosidl_typesupport_introspection_c.so
[2.587s] -- Up-to-date: /home/eceteam4/ECE480Team4/ros2_ws/install/vesc_msgs/lib/libvesc_msgs__rosidl_typesupport_c.so
[2.589s] -- Up-to-date: /home/eceteam4/ECE480Team4/ros2_ws/install/vesc_msgs/lib/libvesc_msgs__rosidl_typesupport_fastrtps_cpp.so
[2.590s] -- Up-to-date: /home/eceteam4/ECE480Team4/ros2_ws/install/vesc_msgs/lib/libvesc_msgs__rosidl_typesupport_introspection_cpp.so
[2.592s] -- Up-to-date: /home/eceteam4/ECE480Team4/ros2_ws/install/vesc_msgs/lib/libvesc_msgs__rosidl_typesupport_cpp.so
[2.688s] Listing '/home/eceteam4/ECE480Team4/ros2_ws/install/vesc_msgs/local/lib/python3.10/dist-packages/vesc_msgs'...
[2.688s] Listing '/home/eceteam4/ECE480Team4/ros2_ws/install/vesc_msgs/local/lib/python3.10/dist-packages/vesc_msgs/msg'...
[2.728s] -- Up-to-date: /home/eceteam4/ECE480Team4/ros2_ws/install/vesc_msgs/lib/libvesc_msgs__rosidl_generator_py.so
[2.734s] -- Up-to-date: /home/eceteam4/ECE480Team4/ros2_ws/install/vesc_msgs/share/vesc_msgs/cmake/export_vesc_msgs__rosidl_generator_cExport.cmake
[2.737s] -- Up-to-date: /home/eceteam4/ECE480Team4/ros2_ws/install/vesc_msgs/share/vesc_msgs/cmake/export_vesc_msgs__rosidl_generator_cExport-noconfig.cmake
[2.737s] -- Up-to-date: /home/eceteam4/ECE480Team4/ros2_ws/install/vesc_msgs/share/vesc_msgs/cmake/export_vesc_msgs__rosidl_typesupport_fastrtps_cExport.cmake
[2.737s] -- Up-to-date: /home/eceteam4/ECE480Team4/ros2_ws/install/vesc_msgs/share/vesc_msgs/cmake/export_vesc_msgs__rosidl_typesupport_fastrtps_cExport-noconfig.cmake
[2.738s] -- Up-to-date: /home/eceteam4/ECE480Team4/ros2_ws/install/vesc_msgs/share/vesc_msgs/cmake/vesc_msgs__rosidl_typesupport_introspection_cExport.cmake
[2.738s] -- Up-to-date: /home/eceteam4/ECE480Team4/ros2_ws/install/vesc_msgs/share/vesc_msgs/cmake/vesc_msgs__rosidl_typesupport_introspection_cExport-noconfig.cmake
[2.739s] -- Up-to-date: /home/eceteam4/ECE480Team4/ros2_ws/install/vesc_msgs/share/vesc_msgs/cmake/vesc_msgs__rosidl_typesupport_cExport.cmake
[2.739s] -- Up-to-date: /home/eceteam4/ECE480Team4/ros2_ws/install/vesc_msgs/share/vesc_msgs/cmake/vesc_msgs__rosidl_typesupport_cExport-noconfig.cmake
[2.740s] -- Up-to-date: /home/eceteam4/ECE480Team4/ros2_ws/install/vesc_msgs/share/vesc_msgs/cmake/export_vesc_msgs__rosidl_generator_cppExport.cmake
[2.741s] -- Up-to-date: /home/eceteam4/ECE480Team4/ros2_ws/install/vesc_msgs/share/vesc_msgs/cmake/export_vesc_msgs__rosidl_typesupport_fastrtps_cppExport.cmake
[2.741s] -- Up-to-date: /home/eceteam4/ECE480Team4/ros2_ws/install/vesc_msgs/share/vesc_msgs/cmake/export_vesc_msgs__rosidl_typesupport_fastrtps_cppExport-noconfig.cmake
[2.742s] -- Up-to-date: /home/eceteam4/ECE480Team4/ros2_ws/install/vesc_msgs/share/vesc_msgs/cmake/vesc_msgs__rosidl_typesupport_introspection_cppExport.cmake
[2.743s] -- Up-to-date: /home/eceteam4/ECE480Team4/ros2_ws/install/vesc_msgs/share/vesc_msgs/cmake/vesc_msgs__rosidl_typesupport_introspection_cppExport-noconfig.cmake
[2.744s] -- Up-to-date: /home/eceteam4/ECE480Team4/ros2_ws/install/vesc_msgs/share/vesc_msgs/cmake/vesc_msgs__rosidl_typesupport_cppExport.cmake
[2.744s] -- Up-to-date: /home/eceteam4/ECE480Team4/ros2_ws/install/vesc_msgs/share/vesc_msgs/cmake/vesc_msgs__rosidl_typesupport_cppExport-noconfig.cmake
[2.745s] -- Up-to-date: /home/eceteam4/ECE480Team4/ros2_ws/install/vesc_msgs/share/vesc_msgs/cmake/export_vesc_msgs__rosidl_generator_pyExport.cmake
[2.745s] -- Up-to-date: /home/eceteam4/ECE480Team4/ros2_ws/install/vesc_msgs/share/vesc_msgs/cmake/export_vesc_msgs__rosidl_generator_pyExport-noconfig.cmake
[3.291s] Invoked command in '/home/eceteam4/ECE480Team4/ros2_ws/build/vesc_msgs' returned '0': CMAKE_PREFIX_PATH=/opt/ros/humble /usr/bin/cmake --install /home/eceteam4/ECE480Team4/ros2_ws/build/vesc_msgs
