[0.054s] Invoking command in '/home/eceteam4/ECE480Team4/ros2_ws/build/curvy_road': CMAKE_PREFIX_PATH=/opt/ros/humble /usr/bin/cmake --build /home/eceteam4/ECE480Team4/ros2_ws/build/curvy_road -- -j6 -l6
[1.587s] Invoked command in '/home/eceteam4/ECE480Team4/ros2_ws/build/curvy_road' returned '0': CMAKE_PREFIX_PATH=/opt/ros/humble /usr/bin/cmake --build /home/eceteam4/ECE480Team4/ros2_ws/build/curvy_road -- -j6 -l6
[1.612s] Invoking command in '/home/eceteam4/ECE480Team4/ros2_ws/build/curvy_road': CMAKE_PREFIX_PATH=/opt/ros/humble /usr/bin/cmake --install /home/eceteam4/ECE480Team4/ros2_ws/build/curvy_road
[1.657s] -- Install configuration: ""
[1.657s] -- Execute custom install script
[1.657s] -- Up-to-date symlink: /home/eceteam4/ECE480Team4/ros2_ws/install/curvy_road/share/curvy_road//launch/curvy_road.launch.py
[1.658s] -- Up-to-date symlink: /home/eceteam4/ECE480Team4/ros2_ws/install/curvy_road/share/curvy_road//launch/empty_world.launch.py
[1.658s] -- Up-to-date symlink: /home/eceteam4/ECE480Team4/ros2_ws/install/curvy_road/share/curvy_road//launch/robot_state_publisher.launch.py
[1.658s] -- Up-to-date symlink: /home/eceteam4/ECE480Team4/ros2_ws/install/curvy_road/share/curvy_road//launch/turtlebot3_world.launch.py
[1.658s] -- Up-to-date symlink: /home/eceteam4/ECE480Team4/ros2_ws/install/curvy_road/share/curvy_road//models/turtlebot3_burger/meshes/burger_base.dae
[1.659s] -- Up-to-date symlink: /home/eceteam4/ECE480Team4/ros2_ws/install/curvy_road/share/curvy_road//models/turtlebot3_burger/meshes/lds.dae
[1.659s] -- Up-to-date symlink: /home/eceteam4/ECE480Team4/ros2_ws/install/curvy_road/share/curvy_road//models/turtlebot3_burger/meshes/tire.dae
[1.659s] -- Up-to-date symlink: /home/eceteam4/ECE480Team4/ros2_ws/install/curvy_road/share/curvy_road//models/turtlebot3_burger/model-1_4.sdf
[1.659s] -- Up-to-date symlink: /home/eceteam4/ECE480Team4/ros2_ws/install/curvy_road/share/curvy_road//models/turtlebot3_burger/model.config
[1.659s] -- Up-to-date symlink: /home/eceteam4/ECE480Team4/ros2_ws/install/curvy_road/share/curvy_road//models/turtlebot3_burger/model.sdf
[1.659s] -- Up-to-date symlink: /home/eceteam4/ECE480Team4/ros2_ws/install/curvy_road/share/curvy_road//models/turtlebot3_curvy_road/course/materials/scripts/course.material
[1.660s] -- Up-to-date symlink: /home/eceteam4/ECE480Team4/ros2_ws/install/curvy_road/share/curvy_road//models/turtlebot3_curvy_road/course/materials/textures/road_2.png
[1.660s] -- Up-to-date symlink: /home/eceteam4/ECE480Team4/ros2_ws/install/curvy_road/share/curvy_road//models/turtlebot3_curvy_road/course/materials/textures/road_3.png
[1.660s] -- Up-to-date symlink: /home/eceteam4/ECE480Team4/ros2_ws/install/curvy_road/share/curvy_road//models/turtlebot3_curvy_road/course/model.config
[1.660s] -- Up-to-date symlink: /home/eceteam4/ECE480Team4/ros2_ws/install/curvy_road/share/curvy_road//models/turtlebot3_curvy_road/course/model.sdf
[1.660s] -- Up-to-date symlink: /home/eceteam4/ECE480Team4/ros2_ws/install/curvy_road/share/curvy_road//models/turtlebot3_curvy_road/curvy_road/model.config
[1.660s] -- Up-to-date symlink: /home/eceteam4/ECE480Team4/ros2_ws/install/curvy_road/share/curvy_road//models/turtlebot3_curvy_road/curvy_road/model.sdf
[1.660s] -- Up-to-date symlink: /home/eceteam4/ECE480Team4/ros2_ws/install/curvy_road/share/curvy_road//models/turtlebot3_curvy_road/curvy_road_world/model.config
[1.661s] -- Up-to-date symlink: /home/eceteam4/ECE480Team4/ros2_ws/install/curvy_road/share/curvy_road//models/turtlebot3_curvy_road/curvy_road_world/model.sdf
[1.661s] -- Up-to-date symlink: /home/eceteam4/ECE480Team4/ros2_ws/install/curvy_road/share/curvy_road//models/turtlebot3_curvy_road/model.config
[1.661s] -- Up-to-date symlink: /home/eceteam4/ECE480Team4/ros2_ws/install/curvy_road/share/curvy_road//models/turtlebot3_curvy_road/traffic_parking/materials/scripts/traffic_parking.material
[1.661s] -- Up-to-date symlink: /home/eceteam4/ECE480Team4/ros2_ws/install/curvy_road/share/curvy_road//models/turtlebot3_curvy_road/traffic_parking/materials/textures/traffic_parking.png
[1.661s] -- Up-to-date symlink: /home/eceteam4/ECE480Team4/ros2_ws/install/curvy_road/share/curvy_road//models/turtlebot3_curvy_road/traffic_parking/model.config
[1.662s] -- Up-to-date symlink: /home/eceteam4/ECE480Team4/ros2_ws/install/curvy_road/share/curvy_road//models/turtlebot3_curvy_road/traffic_parking/model.sdf
[1.662s] -- Up-to-date symlink: /home/eceteam4/ECE480Team4/ros2_ws/install/curvy_road/share/curvy_road//models/turtlebot3_waffle/meshes/lds.dae
[1.663s] -- Up-to-date symlink: /home/eceteam4/ECE480Team4/ros2_ws/install/curvy_road/share/curvy_road//models/turtlebot3_waffle/meshes/r200.dae
[1.664s] -- Up-to-date symlink: /home/eceteam4/ECE480Team4/ros2_ws/install/curvy_road/share/curvy_road//models/turtlebot3_waffle/meshes/tire.dae
[1.664s] -- Up-to-date symlink: /home/eceteam4/ECE480Team4/ros2_ws/install/curvy_road/share/curvy_road//models/turtlebot3_waffle/meshes/waffle_base.dae
[1.664s] -- Up-to-date symlink: /home/eceteam4/ECE480Team4/ros2_ws/install/curvy_road/share/curvy_road//models/turtlebot3_waffle/model-1_4.sdf
[1.664s] -- Up-to-date symlink: /home/eceteam4/ECE480Team4/ros2_ws/install/curvy_road/share/curvy_road//models/turtlebot3_waffle/model.config
[1.664s] -- Up-to-date symlink: /home/eceteam4/ECE480Team4/ros2_ws/install/curvy_road/share/curvy_road//models/turtlebot3_waffle/model.sdf
[1.664s] -- Up-to-date symlink: /home/eceteam4/ECE480Team4/ros2_ws/install/curvy_road/share/curvy_road//models/turtlebot3_waffle_pi/meshes/lds.dae
[1.665s] -- Up-to-date symlink: /home/eceteam4/ECE480Team4/ros2_ws/install/curvy_road/share/curvy_road//models/turtlebot3_waffle_pi/meshes/tire.dae
[1.665s] -- Up-to-date symlink: /home/eceteam4/ECE480Team4/ros2_ws/install/curvy_road/share/curvy_road//models/turtlebot3_waffle_pi/meshes/waffle_pi_base.dae
[1.665s] -- Up-to-date symlink: /home/eceteam4/ECE480Team4/ros2_ws/install/curvy_road/share/curvy_road//models/turtlebot3_waffle_pi/model-1_4_.sdf
[1.665s] -- Up-to-date symlink: /home/eceteam4/ECE480Team4/ros2_ws/install/curvy_road/share/curvy_road//models/turtlebot3_waffle_pi/model.config
[1.665s] -- Up-to-date symlink: /home/eceteam4/ECE480Team4/ros2_ws/install/curvy_road/share/curvy_road//models/turtlebot3_waffle_pi/model.sdf
[1.665s] -- Up-to-date symlink: /home/eceteam4/ECE480Team4/ros2_ws/install/curvy_road/share/curvy_road//models/turtlebot3_waffle_robot1/meshes/lds.dae
[1.666s] -- Up-to-date symlink: /home/eceteam4/ECE480Team4/ros2_ws/install/curvy_road/share/curvy_road//models/turtlebot3_waffle_robot1/meshes/r200.dae
[1.666s] -- Up-to-date symlink: /home/eceteam4/ECE480Team4/ros2_ws/install/curvy_road/share/curvy_road//models/turtlebot3_waffle_robot1/meshes/tire.dae
[1.666s] -- Up-to-date symlink: /home/eceteam4/ECE480Team4/ros2_ws/install/curvy_road/share/curvy_road//models/turtlebot3_waffle_robot1/meshes/waffle_base.dae
[1.666s] -- Up-to-date symlink: /home/eceteam4/ECE480Team4/ros2_ws/install/curvy_road/share/curvy_road//models/turtlebot3_waffle_robot1/model-1_4.sdf
[1.666s] -- Up-to-date symlink: /home/eceteam4/ECE480Team4/ros2_ws/install/curvy_road/share/curvy_road//models/turtlebot3_waffle_robot1/model.config
[1.666s] -- Up-to-date symlink: /home/eceteam4/ECE480Team4/ros2_ws/install/curvy_road/share/curvy_road//models/turtlebot3_waffle_robot1/model.sdf
[1.666s] -- Up-to-date symlink: /home/eceteam4/ECE480Team4/ros2_ws/install/curvy_road/share/curvy_road//models/turtlebot3_world/meshes/hexagon.dae
[1.667s] -- Up-to-date symlink: /home/eceteam4/ECE480Team4/ros2_ws/install/curvy_road/share/curvy_road//models/turtlebot3_world/meshes/wall.dae
[1.667s] -- Up-to-date symlink: /home/eceteam4/ECE480Team4/ros2_ws/install/curvy_road/share/curvy_road//models/turtlebot3_world/model-1_4.sdf
[1.667s] -- Up-to-date symlink: /home/eceteam4/ECE480Team4/ros2_ws/install/curvy_road/share/curvy_road//models/turtlebot3_world/model.config
[1.667s] -- Up-to-date symlink: /home/eceteam4/ECE480Team4/ros2_ws/install/curvy_road/share/curvy_road//models/turtlebot3_world/model.sdf
[1.667s] -- Up-to-date symlink: /home/eceteam4/ECE480Team4/ros2_ws/install/curvy_road/share/curvy_road//rviz/tb3_gazebo.rviz
[1.667s] -- Up-to-date symlink: /home/eceteam4/ECE480Team4/ros2_ws/install/curvy_road/share/curvy_road//worlds/empty_worlds/burger.model
[1.668s] -- Up-to-date symlink: /home/eceteam4/ECE480Team4/ros2_ws/install/curvy_road/share/curvy_road//worlds/empty_worlds/waffle.model
[1.668s] -- Up-to-date symlink: /home/eceteam4/ECE480Team4/ros2_ws/install/curvy_road/share/curvy_road//worlds/empty_worlds/waffle_pi.model
[1.668s] -- Up-to-date symlink: /home/eceteam4/ECE480Team4/ros2_ws/install/curvy_road/share/curvy_road//worlds/turtlebot3_curvy_road/burger.model
[1.668s] -- Up-to-date symlink: /home/eceteam4/ECE480Team4/ros2_ws/install/curvy_road/share/curvy_road//worlds/turtlebot3_curvy_road/waffle.model
[1.668s] -- Up-to-date symlink: /home/eceteam4/ECE480Team4/ros2_ws/install/curvy_road/share/curvy_road//worlds/turtlebot3_curvy_road/waffle_pi.model
[1.668s] -- Up-to-date symlink: /home/eceteam4/ECE480Team4/ros2_ws/install/curvy_road/share/curvy_road//worlds/turtlebot3_worlds/burger.model
[1.668s] -- Up-to-date symlink: /home/eceteam4/ECE480Team4/ros2_ws/install/curvy_road/share/curvy_road//worlds/turtlebot3_worlds/waffle.model
[1.669s] -- Up-to-date symlink: /home/eceteam4/ECE480Team4/ros2_ws/install/curvy_road/share/curvy_road//worlds/turtlebot3_worlds/waffle_pi.model
[1.669s] -- Up-to-date symlink: /home/eceteam4/ECE480Team4/ros2_ws/install/curvy_road/share/ament_index/resource_index/package_run_dependencies/curvy_road
[1.669s] -- Up-to-date symlink: /home/eceteam4/ECE480Team4/ros2_ws/install/curvy_road/share/ament_index/resource_index/parent_prefix_path/curvy_road
[1.669s] -- Up-to-date symlink: /home/eceteam4/ECE480Team4/ros2_ws/install/curvy_road/share/curvy_road/environment/ament_prefix_path.sh
[1.669s] -- Up-to-date symlink: /home/eceteam4/ECE480Team4/ros2_ws/install/curvy_road/share/curvy_road/environment/ament_prefix_path.dsv
[1.670s] -- Up-to-date symlink: /home/eceteam4/ECE480Team4/ros2_ws/install/curvy_road/share/curvy_road/environment/path.sh
[1.670s] -- Up-to-date symlink: /home/eceteam4/ECE480Team4/ros2_ws/install/curvy_road/share/curvy_road/environment/path.dsv
[1.670s] -- Up-to-date symlink: /home/eceteam4/ECE480Team4/ros2_ws/install/curvy_road/share/curvy_road/local_setup.bash
[1.670s] -- Up-to-date symlink: /home/eceteam4/ECE480Team4/ros2_ws/install/curvy_road/share/curvy_road/local_setup.sh
[1.670s] -- Up-to-date symlink: /home/eceteam4/ECE480Team4/ros2_ws/install/curvy_road/share/curvy_road/local_setup.zsh
[1.670s] -- Up-to-date symlink: /home/eceteam4/ECE480Team4/ros2_ws/install/curvy_road/share/curvy_road/local_setup.dsv
[1.670s] -- Up-to-date symlink: /home/eceteam4/ECE480Team4/ros2_ws/install/curvy_road/share/curvy_road/package.dsv
[1.671s] -- Up-to-date symlink: /home/eceteam4/ECE480Team4/ros2_ws/install/curvy_road/share/ament_index/resource_index/packages/curvy_road
[1.671s] -- Up-to-date symlink: /home/eceteam4/ECE480Team4/ros2_ws/install/curvy_road/share/curvy_road/cmake/ament_cmake_export_include_directories-extras.cmake
[1.671s] -- Up-to-date symlink: /home/eceteam4/ECE480Team4/ros2_ws/install/curvy_road/share/curvy_road/cmake/ament_cmake_export_dependencies-extras.cmake
[1.671s] -- Up-to-date symlink: /home/eceteam4/ECE480Team4/ros2_ws/install/curvy_road/share/curvy_road/cmake/curvy_roadConfig.cmake
[1.671s] -- Up-to-date symlink: /home/eceteam4/ECE480Team4/ros2_ws/install/curvy_road/share/curvy_road/cmake/curvy_roadConfig-version.cmake
[1.671s] -- Up-to-date symlink: /home/eceteam4/ECE480Team4/ros2_ws/install/curvy_road/share/curvy_road/package.xml
