[0.041s] Invoking command in '/home/eceteam4/ECE480Team4/build/vesc_ackermann': AMENT_PREFIX_PATH=/home/eceteam4/ECE480Team4/install/vesc_msgs CMAKE_PREFIX_PATH=/home/eceteam4/ECE480Team4/install/vesc_msgs LD_LIBRARY_PATH=/home/eceteam4/ECE480Team4/install/vesc_msgs/lib PYTHONPATH=/home/eceteam4/ECE480Team4/install/vesc_msgs/local/lib/python3.10/dist-packages /usr/bin/cmake --build /home/eceteam4/ECE480Team4/build/vesc_ackermann -- -j6 -l6
[0.271s] [ 28%] Built target ackermann_to_vesc_node
[0.284s] [ 57%] Built target vesc_to_odom_node
[0.295s] [100%] Built target vesc_ackermann
[0.320s] Invoked command in '/home/eceteam4/ECE480Team4/build/vesc_ackermann' returned '0': AMENT_PREFIX_PATH=/home/eceteam4/ECE480Team4/install/vesc_msgs CMAKE_PREFIX_PATH=/home/eceteam4/ECE480Team4/install/vesc_msgs LD_LIBRARY_PATH=/home/eceteam4/ECE480Team4/install/vesc_msgs/lib PYTHONPATH=/home/eceteam4/ECE480Team4/install/vesc_msgs/local/lib/python3.10/dist-packages /usr/bin/cmake --build /home/eceteam4/ECE480Team4/build/vesc_ackermann -- -j6 -l6
[0.326s] Invoking command in '/home/eceteam4/ECE480Team4/build/vesc_ackermann': AMENT_PREFIX_PATH=/home/eceteam4/ECE480Team4/install/vesc_msgs CMAKE_PREFIX_PATH=/home/eceteam4/ECE480Team4/install/vesc_msgs LD_LIBRARY_PATH=/home/eceteam4/ECE480Team4/install/vesc_msgs/lib PYTHONPATH=/home/eceteam4/ECE480Team4/install/vesc_msgs/local/lib/python3.10/dist-packages /usr/bin/cmake --install /home/eceteam4/ECE480Team4/build/vesc_ackermann
[0.346s] -- Install configuration: ""
[0.346s] -- Execute custom install script
[0.349s] -- Up-to-date symlink: /home/eceteam4/ECE480Team4/install/vesc_ackermann/lib/vesc_ackermann/ackermann_to_vesc_node
[0.351s] -- Up-to-date symlink: /home/eceteam4/ECE480Team4/install/vesc_ackermann/lib/vesc_ackermann/vesc_to_odom_node
[0.353s] -- Up-to-date symlink: /home/eceteam4/ECE480Team4/install/vesc_ackermann/include/vesc_ackermann/ackermann_to_vesc.hpp
[0.354s] -- Up-to-date symlink: /home/eceteam4/ECE480Team4/install/vesc_ackermann/include/vesc_ackermann/vesc_to_odom.hpp
[0.357s] -- Up-to-date symlink: /home/eceteam4/ECE480Team4/install/vesc_ackermann/share/vesc_ackermann/environment/library_path.sh
[0.358s] -- Up-to-date symlink: /home/eceteam4/ECE480Team4/install/vesc_ackermann/share/vesc_ackermann/environment/library_path.dsv
[0.360s] -- Up-to-date symlink: /home/eceteam4/ECE480Team4/install/vesc_ackermann/lib/libvesc_ackermann.so
[0.362s] -- Up-to-date symlink: /home/eceteam4/ECE480Team4/install/vesc_ackermann/share/vesc_ackermann/launch/ackermann_to_vesc_node.launch.xml
[0.364s] -- Up-to-date symlink: /home/eceteam4/ECE480Team4/install/vesc_ackermann/share/vesc_ackermann/launch/vesc_to_odom_node.launch.xml
[0.366s] -- Up-to-date symlink: /home/eceteam4/ECE480Team4/install/vesc_ackermann/share/ament_index/resource_index/package_run_dependencies/vesc_ackermann
[0.368s] -- Up-to-date symlink: /home/eceteam4/ECE480Team4/install/vesc_ackermann/share/ament_index/resource_index/parent_prefix_path/vesc_ackermann
[0.369s] -- Up-to-date symlink: /home/eceteam4/ECE480Team4/install/vesc_ackermann/share/vesc_ackermann/environment/ament_prefix_path.sh
[0.370s] -- Up-to-date symlink: /home/eceteam4/ECE480Team4/install/vesc_ackermann/share/vesc_ackermann/environment/ament_prefix_path.dsv
[0.371s] -- Up-to-date symlink: /home/eceteam4/ECE480Team4/install/vesc_ackermann/share/vesc_ackermann/environment/path.sh
[0.373s] -- Up-to-date symlink: /home/eceteam4/ECE480Team4/install/vesc_ackermann/share/vesc_ackermann/environment/path.dsv
[0.374s] -- Up-to-date symlink: /home/eceteam4/ECE480Team4/install/vesc_ackermann/share/vesc_ackermann/local_setup.bash
[0.375s] -- Up-to-date symlink: /home/eceteam4/ECE480Team4/install/vesc_ackermann/share/vesc_ackermann/local_setup.sh
[0.376s] -- Up-to-date symlink: /home/eceteam4/ECE480Team4/install/vesc_ackermann/share/vesc_ackermann/local_setup.zsh
[0.377s] -- Up-to-date symlink: /home/eceteam4/ECE480Team4/install/vesc_ackermann/share/vesc_ackermann/local_setup.dsv
[0.378s] -- Symlinking: /home/eceteam4/ECE480Team4/install/vesc_ackermann/share/vesc_ackermann/package.dsv
[0.411s] -- Up-to-date symlink: /home/eceteam4/ECE480Team4/install/vesc_ackermann/share/ament_index/resource_index/packages/vesc_ackermann
[0.412s] -- Up-to-date symlink: /home/eceteam4/ECE480Team4/install/vesc_ackermann/share/ament_index/resource_index/rclcpp_components/vesc_ackermann
[0.413s] -- Up-to-date symlink: /home/eceteam4/ECE480Team4/install/vesc_ackermann/share/vesc_ackermann/cmake/ament_cmake_export_dependencies-extras.cmake
[0.413s] -- Up-to-date symlink: /home/eceteam4/ECE480Team4/install/vesc_ackermann/share/vesc_ackermann/cmake/ament_cmake_export_include_directories-extras.cmake
[0.418s] -- Up-to-date symlink: /home/eceteam4/ECE480Team4/install/vesc_ackermann/share/vesc_ackermann/cmake/ament_cmake_export_libraries-extras.cmake
[0.418s] -- Up-to-date symlink: /home/eceteam4/ECE480Team4/install/vesc_ackermann/share/vesc_ackermann/cmake/vesc_ackermannConfig.cmake
[0.418s] -- Up-to-date symlink: /home/eceteam4/ECE480Team4/install/vesc_ackermann/share/vesc_ackermann/cmake/vesc_ackermannConfig-version.cmake
[0.418s] -- Up-to-date symlink: /home/eceteam4/ECE480Team4/install/vesc_ackermann/share/vesc_ackermann/package.xml
[0.423s] Invoked command in '/home/eceteam4/ECE480Team4/build/vesc_ackermann' returned '0': AMENT_PREFIX_PATH=/home/eceteam4/ECE480Team4/install/vesc_msgs CMAKE_PREFIX_PATH=/home/eceteam4/ECE480Team4/install/vesc_msgs LD_LIBRARY_PATH=/home/eceteam4/ECE480Team4/install/vesc_msgs/lib PYTHONPATH=/home/eceteam4/ECE480Team4/install/vesc_msgs/local/lib/python3.10/dist-packages /usr/bin/cmake --install /home/eceteam4/ECE480Team4/build/vesc_ackermann
