[1.913s] Invoking command in '/mnt/home/leflarsa/av/ECE480Team4/ros2_ws/build/sensors_camera_node': PS1=humble:\u@\h:\w\$ PYTHONPATH=/mnt/home/leflarsa/av/ECE480Team4/ros2_ws/build/sensors_camera_node/prefix_override:/usr/lib/python3/dist-packages/colcon_core/task/python/colcon_distutils_commands:/mnt/home/leflarsa/av/ECE480Team4/ros2_ws/install/sensors_camera_node/lib/python3.10/site-packages:${PYTHONPATH} /usr/bin/python3 -W ignore:setup.py install is deprecated -W ignore:easy_install command is deprecated setup.py develop --editable --build-directory /mnt/home/leflarsa/av/ECE480Team4/ros2_ws/build/sensors_camera_node/build --no-deps symlink_data
[2.190s] running develop
[2.399s] running egg_info
[2.400s] creating sensors_camera_node.egg-info
[2.401s] writing sensors_camera_node.egg-info/PKG-INFO
[2.406s] writing dependency_links to sensors_camera_node.egg-info/dependency_links.txt
[2.409s] writing entry points to sensors_camera_node.egg-info/entry_points.txt
[2.410s] writing requirements to sensors_camera_node.egg-info/requires.txt
[2.419s] writing top-level names to sensors_camera_node.egg-info/top_level.txt
[2.419s] writing manifest file 'sensors_camera_node.egg-info/SOURCES.txt'
[2.424s] reading manifest file 'sensors_camera_node.egg-info/SOURCES.txt'
[2.428s] writing manifest file 'sensors_camera_node.egg-info/SOURCES.txt'
[2.430s] running build_ext
[2.430s] Creating /mnt/home/leflarsa/av/ECE480Team4/ros2_ws/install/sensors_camera_node/lib/python3.10/site-packages/sensors-camera-node.egg-link (link to .)
[2.434s] Installing sensors_camera_node script to /mnt/home/leflarsa/av/ECE480Team4/ros2_ws/install/sensors_camera_node/bin
[2.439s] 
[2.439s] Installed /mnt/home/leflarsa/av/ECE480Team4/ros2_ws/build/sensors_camera_node
[2.439s] running symlink_data
[2.439s] creating /mnt/home/leflarsa/av/ECE480Team4/ros2_ws/install/sensors_camera_node/share/ament_index
[2.440s] creating /mnt/home/leflarsa/av/ECE480Team4/ros2_ws/install/sensors_camera_node/share/ament_index/resource_index
[2.442s] creating /mnt/home/leflarsa/av/ECE480Team4/ros2_ws/install/sensors_camera_node/share/ament_index/resource_index/packages
[2.445s] symbolically linking /mnt/home/leflarsa/av/ECE480Team4/ros2_ws/build/sensors_camera_node/resource/sensors_camera_node -> /mnt/home/leflarsa/av/ECE480Team4/ros2_ws/install/sensors_camera_node/share/ament_index/resource_index/packages
[2.447s] symbolically linking /mnt/home/leflarsa/av/ECE480Team4/ros2_ws/build/sensors_camera_node/package.xml -> /mnt/home/leflarsa/av/ECE480Team4/ros2_ws/install/sensors_camera_node/share/sensors_camera_node
[2.448s] creating /mnt/home/leflarsa/av/ECE480Team4/ros2_ws/install/sensors_camera_node/share/sensors_camera_node/launch
[2.450s] symbolically linking /mnt/home/leflarsa/av/ECE480Team4/ros2_ws/build/sensors_camera_node/launch/cam.launch.py -> /mnt/home/leflarsa/av/ECE480Team4/ros2_ws/install/sensors_camera_node/share/sensors_camera_node/launch
[2.660s] Invoked command in '/mnt/home/leflarsa/av/ECE480Team4/ros2_ws/build/sensors_camera_node' returned '0': PS1=humble:\u@\h:\w\$ PYTHONPATH=/mnt/home/leflarsa/av/ECE480Team4/ros2_ws/build/sensors_camera_node/prefix_override:/usr/lib/python3/dist-packages/colcon_core/task/python/colcon_distutils_commands:/mnt/home/leflarsa/av/ECE480Team4/ros2_ws/install/sensors_camera_node/lib/python3.10/site-packages:${PYTHONPATH} /usr/bin/python3 -W ignore:setup.py install is deprecated -W ignore:easy_install command is deprecated setup.py develop --editable --build-directory /mnt/home/leflarsa/av/ECE480Team4/ros2_ws/build/sensors_camera_node/build --no-deps symlink_data
