[0.078s] Invoking command in '/home/eceteam4/ECE480Team4/ros2_ws/build/vesc_driver': AMENT_PREFIX_PATH=/home/eceteam4/ECE480Team4/ros2_ws/install/vesc_msgs CMAKE_PREFIX_PATH=/home/eceteam4/ECE480Team4/ros2_ws/install/vesc_msgs LD_LIBRARY_PATH=/home/eceteam4/ECE480Team4/ros2_ws/install/vesc_msgs/lib PYTHONPATH=/home/eceteam4/ECE480Team4/ros2_ws/install/vesc_msgs/local/lib/python3.10/dist-packages /usr/bin/cmake --build /home/eceteam4/ECE480Team4/ros2_ws/build/vesc_driver -- -j6 -l6
[0.377s] [35m[1mConsolidate compiler generated dependencies of target vesc_driver_node[0m
[0.402s] [35m[1mConsolidate compiler generated dependencies of target vesc_driver[0m
[0.434s] [ 20%] Built target vesc_driver_node
[0.480s] [ 70%] Built target vesc_driver
[0.499s] [35m[1mConsolidate compiler generated dependencies of target vesc_device_namer[0m
[0.543s] [100%] Built target vesc_device_namer
[1.157s] Invoked command in '/home/eceteam4/ECE480Team4/ros2_ws/build/vesc_driver' returned '0': AMENT_PREFIX_PATH=/home/eceteam4/ECE480Team4/ros2_ws/install/vesc_msgs CMAKE_PREFIX_PATH=/home/eceteam4/ECE480Team4/ros2_ws/install/vesc_msgs LD_LIBRARY_PATH=/home/eceteam4/ECE480Team4/ros2_ws/install/vesc_msgs/lib PYTHONPATH=/home/eceteam4/ECE480Team4/ros2_ws/install/vesc_msgs/local/lib/python3.10/dist-packages /usr/bin/cmake --build /home/eceteam4/ECE480Team4/ros2_ws/build/vesc_driver -- -j6 -l6
[1.162s] Invoking command in '/home/eceteam4/ECE480Team4/ros2_ws/build/vesc_driver': AMENT_PREFIX_PATH=/home/eceteam4/ECE480Team4/ros2_ws/install/vesc_msgs CMAKE_PREFIX_PATH=/home/eceteam4/ECE480Team4/ros2_ws/install/vesc_msgs LD_LIBRARY_PATH=/home/eceteam4/ECE480Team4/ros2_ws/install/vesc_msgs/lib PYTHONPATH=/home/eceteam4/ECE480Team4/ros2_ws/install/vesc_msgs/local/lib/python3.10/dist-packages /usr/bin/cmake --install /home/eceteam4/ECE480Team4/ros2_ws/build/vesc_driver
[1.258s] -- Install configuration: ""
[1.258s] -- Execute custom install script
[1.258s] -- Up-to-date symlink: /home/eceteam4/ECE480Team4/ros2_ws/install/vesc_driver/lib/vesc_driver/vesc_driver_node
[1.259s] -- Up-to-date symlink: /home/eceteam4/ECE480Team4/ros2_ws/install/vesc_driver/include/vesc_driver/crc.hpp
[1.259s] -- Up-to-date symlink: /home/eceteam4/ECE480Team4/ros2_ws/install/vesc_driver/include/vesc_driver/datatypes.hpp
[1.260s] -- Up-to-date symlink: /home/eceteam4/ECE480Team4/ros2_ws/install/vesc_driver/include/vesc_driver/vesc_device_uuid_lookup.hpp
[1.260s] -- Up-to-date symlink: /home/eceteam4/ECE480Team4/ros2_ws/install/vesc_driver/include/vesc_driver/vesc_driver.hpp
[1.260s] -- Up-to-date symlink: /home/eceteam4/ECE480Team4/ros2_ws/install/vesc_driver/include/vesc_driver/vesc_interface.hpp
[1.267s] -- Up-to-date symlink: /home/eceteam4/ECE480Team4/ros2_ws/install/vesc_driver/include/vesc_driver/vesc_packet.hpp
[1.268s] -- Up-to-date symlink: /home/eceteam4/ECE480Team4/ros2_ws/install/vesc_driver/include/vesc_driver/vesc_packet_factory.hpp
[1.268s] -- Up-to-date symlink: /home/eceteam4/ECE480Team4/ros2_ws/install/vesc_driver/share/vesc_driver/environment/library_path.sh
[1.268s] -- Up-to-date symlink: /home/eceteam4/ECE480Team4/ros2_ws/install/vesc_driver/share/vesc_driver/environment/library_path.dsv
[1.269s] -- Up-to-date symlink: /home/eceteam4/ECE480Team4/ros2_ws/install/vesc_driver/lib/libvesc_driver.so
[1.269s] -- Up-to-date symlink: /home/eceteam4/ECE480Team4/ros2_ws/install/vesc_driver/lib/vesc_driver/vesc_device_namer
[1.269s] -- Up-to-date symlink: /home/eceteam4/ECE480Team4/ros2_ws/install/vesc_driver/share/vesc_driver/launch/vesc_driver_node.launch.py
[1.269s] -- Up-to-date symlink: /home/eceteam4/ECE480Team4/ros2_ws/install/vesc_driver/share/vesc_driver/params/vesc_config.yaml
[1.270s] -- Up-to-date symlink: /home/eceteam4/ECE480Team4/ros2_ws/install/vesc_driver/share/ament_index/resource_index/package_run_dependencies/vesc_driver
[1.270s] -- Up-to-date symlink: /home/eceteam4/ECE480Team4/ros2_ws/install/vesc_driver/share/ament_index/resource_index/parent_prefix_path/vesc_driver
[1.271s] -- Up-to-date symlink: /home/eceteam4/ECE480Team4/ros2_ws/install/vesc_driver/share/vesc_driver/environment/ament_prefix_path.sh
[1.272s] -- Up-to-date symlink: /home/eceteam4/ECE480Team4/ros2_ws/install/vesc_driver/share/vesc_driver/environment/ament_prefix_path.dsv
[1.272s] -- Up-to-date symlink: /home/eceteam4/ECE480Team4/ros2_ws/install/vesc_driver/share/vesc_driver/environment/path.sh
[1.272s] -- Up-to-date symlink: /home/eceteam4/ECE480Team4/ros2_ws/install/vesc_driver/share/vesc_driver/environment/path.dsv
[1.272s] -- Up-to-date symlink: /home/eceteam4/ECE480Team4/ros2_ws/install/vesc_driver/share/vesc_driver/local_setup.bash
[1.272s] -- Up-to-date symlink: /home/eceteam4/ECE480Team4/ros2_ws/install/vesc_driver/share/vesc_driver/local_setup.sh
[1.272s] -- Up-to-date symlink: /home/eceteam4/ECE480Team4/ros2_ws/install/vesc_driver/share/vesc_driver/local_setup.zsh
[1.272s] -- Up-to-date symlink: /home/eceteam4/ECE480Team4/ros2_ws/install/vesc_driver/share/vesc_driver/local_setup.dsv
[1.272s] -- Symlinking: /home/eceteam4/ECE480Team4/ros2_ws/install/vesc_driver/share/vesc_driver/package.dsv
[1.272s] -- Up-to-date symlink: /home/eceteam4/ECE480Team4/ros2_ws/install/vesc_driver/share/ament_index/resource_index/packages/vesc_driver
[1.273s] -- Up-to-date symlink: /home/eceteam4/ECE480Team4/ros2_ws/install/vesc_driver/share/ament_index/resource_index/rclcpp_components/vesc_driver
[1.273s] -- Up-to-date symlink: /home/eceteam4/ECE480Team4/ros2_ws/install/vesc_driver/share/vesc_driver/cmake/ament_cmake_export_dependencies-extras.cmake
[1.273s] -- Up-to-date symlink: /home/eceteam4/ECE480Team4/ros2_ws/install/vesc_driver/share/vesc_driver/cmake/ament_cmake_export_include_directories-extras.cmake
[1.273s] -- Up-to-date symlink: /home/eceteam4/ECE480Team4/ros2_ws/install/vesc_driver/share/vesc_driver/cmake/ament_cmake_export_libraries-extras.cmake
[1.273s] -- Up-to-date symlink: /home/eceteam4/ECE480Team4/ros2_ws/install/vesc_driver/share/vesc_driver/cmake/vesc_driverConfig.cmake
[1.273s] -- Up-to-date symlink: /home/eceteam4/ECE480Team4/ros2_ws/install/vesc_driver/share/vesc_driver/cmake/vesc_driverConfig-version.cmake
[1.273s] -- Up-to-date symlink: /home/eceteam4/ECE480Team4/ros2_ws/install/vesc_driver/share/vesc_driver/package.xml
[1.313s] Invoked command in '/home/eceteam4/ECE480Team4/ros2_ws/build/vesc_driver' returned '0': AMENT_PREFIX_PATH=/home/eceteam4/ECE480Team4/ros2_ws/install/vesc_msgs CMAKE_PREFIX_PATH=/home/eceteam4/ECE480Team4/ros2_ws/install/vesc_msgs LD_LIBRARY_PATH=/home/eceteam4/ECE480Team4/ros2_ws/install/vesc_msgs/lib PYTHONPATH=/home/eceteam4/ECE480Team4/ros2_ws/install/vesc_msgs/local/lib/python3.10/dist-packages /usr/bin/cmake --install /home/eceteam4/ECE480Team4/ros2_ws/build/vesc_driver
