[3.053s] Invoking command in '/home/eceteam4/ECE480Team4/ros2_ws/build/perception_sync_node': PYTHONPATH=/home/eceteam4/ECE480Team4/ros2_ws/build/perception_sync_node/prefix_override:/usr/lib/python3/dist-packages/colcon_core/task/python/colcon_distutils_commands:/home/eceteam4/ECE480Team4/ros2_ws/install/perception_sync_node/lib/python3.10/site-packages:${PYTHONPATH} /usr/bin/python3 -W ignore:setup.py install is deprecated -W ignore:easy_install command is deprecated setup.py develop --editable --build-directory /home/eceteam4/ECE480Team4/ros2_ws/build/perception_sync_node/build --no-deps symlink_data
[3.579s] running develop
[3.911s] running egg_info
[3.912s] creating perception_sync_node.egg-info
[3.913s] writing perception_sync_node.egg-info/PKG-INFO
[3.914s] writing dependency_links to perception_sync_node.egg-info/dependency_links.txt
[3.915s] writing entry points to perception_sync_node.egg-info/entry_points.txt
[3.915s] writing requirements to perception_sync_node.egg-info/requires.txt
[3.916s] writing top-level names to perception_sync_node.egg-info/top_level.txt
[3.916s] writing manifest file 'perception_sync_node.egg-info/SOURCES.txt'
[3.920s] reading manifest file 'perception_sync_node.egg-info/SOURCES.txt'
[3.922s] writing manifest file 'perception_sync_node.egg-info/SOURCES.txt'
[3.925s] running build_ext
[3.926s] Creating /home/eceteam4/ECE480Team4/ros2_ws/install/perception_sync_node/lib/python3.10/site-packages/perception-sync-node.egg-link (link to .)
[3.928s] Installing perception_sync_node script to /home/eceteam4/ECE480Team4/ros2_ws/install/perception_sync_node/lib/perception_sync_node
[3.930s] 
[3.930s] Installed /home/eceteam4/ECE480Team4/ros2_ws/build/perception_sync_node
[3.930s] running symlink_data
[3.931s] creating /home/eceteam4/ECE480Team4/ros2_ws/install/perception_sync_node/share/ament_index
[3.931s] creating /home/eceteam4/ECE480Team4/ros2_ws/install/perception_sync_node/share/ament_index/resource_index
[3.932s] creating /home/eceteam4/ECE480Team4/ros2_ws/install/perception_sync_node/share/ament_index/resource_index/packages
[3.933s] symbolically linking /home/eceteam4/ECE480Team4/ros2_ws/build/perception_sync_node/resource/perception_sync_node -> /home/eceteam4/ECE480Team4/ros2_ws/install/perception_sync_node/share/ament_index/resource_index/packages
[3.933s] symbolically linking /home/eceteam4/ECE480Team4/ros2_ws/build/perception_sync_node/package.xml -> /home/eceteam4/ECE480Team4/ros2_ws/install/perception_sync_node/share/perception_sync_node
[4.043s] Invoked command in '/home/eceteam4/ECE480Team4/ros2_ws/build/perception_sync_node' returned '0': PYTHONPATH=/home/eceteam4/ECE480Team4/ros2_ws/build/perception_sync_node/prefix_override:/usr/lib/python3/dist-packages/colcon_core/task/python/colcon_distutils_commands:/home/eceteam4/ECE480Team4/ros2_ws/install/perception_sync_node/lib/python3.10/site-packages:${PYTHONPATH} /usr/bin/python3 -W ignore:setup.py install is deprecated -W ignore:easy_install command is deprecated setup.py develop --editable --build-directory /home/eceteam4/ECE480Team4/ros2_ws/build/perception_sync_node/build --no-deps symlink_data
