[3.066s] Invoking command in '/home/eceteam4/ECE480Team4/ros2_ws/build/obstacle_det': PYTHONPATH=/home/eceteam4/ECE480Team4/ros2_ws/build/obstacle_det/prefix_override:/usr/lib/python3/dist-packages/colcon_core/task/python/colcon_distutils_commands:/home/eceteam4/ECE480Team4/ros2_ws/install/obstacle_det/lib/python3.10/site-packages:${PYTHONPATH} /usr/bin/python3 -W ignore:setup.py install is deprecated -W ignore:easy_install command is deprecated setup.py develop --editable --build-directory /home/eceteam4/ECE480Team4/ros2_ws/build/obstacle_det/build --no-deps symlink_data
[3.628s] running develop
[3.948s] running egg_info
[3.949s] creating obstacle_det.egg-info
[3.949s] writing obstacle_det.egg-info/PKG-INFO
[3.949s] writing dependency_links to obstacle_det.egg-info/dependency_links.txt
[3.950s] writing entry points to obstacle_det.egg-info/entry_points.txt
[3.950s] writing requirements to obstacle_det.egg-info/requires.txt
[3.951s] writing top-level names to obstacle_det.egg-info/top_level.txt
[3.951s] writing manifest file 'obstacle_det.egg-info/SOURCES.txt'
[3.955s] reading manifest file 'obstacle_det.egg-info/SOURCES.txt'
[3.956s] writing manifest file 'obstacle_det.egg-info/SOURCES.txt'
[3.960s] running build_ext
[3.960s] Creating /home/eceteam4/ECE480Team4/ros2_ws/install/obstacle_det/lib/python3.10/site-packages/obstacle-det.egg-link (link to .)
[3.962s] Installing obstacles_det script to /home/eceteam4/ECE480Team4/ros2_ws/install/obstacle_det/lib/obstacle_det
[3.962s] 
[3.963s] Installed /home/eceteam4/ECE480Team4/ros2_ws/build/obstacle_det
[3.963s] running symlink_data
[3.963s] creating /home/eceteam4/ECE480Team4/ros2_ws/install/obstacle_det/share/ament_index
[3.963s] creating /home/eceteam4/ECE480Team4/ros2_ws/install/obstacle_det/share/ament_index/resource_index
[3.963s] creating /home/eceteam4/ECE480Team4/ros2_ws/install/obstacle_det/share/ament_index/resource_index/packages
[3.963s] symbolically linking /home/eceteam4/ECE480Team4/ros2_ws/build/obstacle_det/resource/obstacle_det -> /home/eceteam4/ECE480Team4/ros2_ws/install/obstacle_det/share/ament_index/resource_index/packages
[3.964s] symbolically linking /home/eceteam4/ECE480Team4/ros2_ws/build/obstacle_det/package.xml -> /home/eceteam4/ECE480Team4/ros2_ws/install/obstacle_det/share/obstacle_det
[4.173s] Invoked command in '/home/eceteam4/ECE480Team4/ros2_ws/build/obstacle_det' returned '0': PYTHONPATH=/home/eceteam4/ECE480Team4/ros2_ws/build/obstacle_det/prefix_override:/usr/lib/python3/dist-packages/colcon_core/task/python/colcon_distutils_commands:/home/eceteam4/ECE480Team4/ros2_ws/install/obstacle_det/lib/python3.10/site-packages:${PYTHONPATH} /usr/bin/python3 -W ignore:setup.py install is deprecated -W ignore:easy_install command is deprecated setup.py develop --editable --build-directory /home/eceteam4/ECE480Team4/ros2_ws/build/obstacle_det/build --no-deps symlink_data
