[1.949s] Invoking command in '/home/eceteam4/ECE480Team4/build/vesc_ackermann': CMAKE_PREFIX_PATH=/home/eceteam4/ECE480Team4/install/vesc_msgs:/home/eceteam4/ECE480Team4/install/vesc:/home/eceteam4/ECE480Team4/install/vesc_driver:/home/eceteam4/ECE480Team4/install/vesc_ackermann:/home/eceteam4/ECE480Team4/install/gazebo_world:/home/eceteam4/ECE480Team4/install/curvy_road:/home/eceteam4/ECE480Team4/install/vesc_control:/home/eceteam4/ECE480Team4/install/sensors_lidar_bridge:/home/eceteam4/ECE480Team4/install/sensors_imu_bridge:/home/eceteam4/ECE480Team4/install/sensors_camera_node:/home/eceteam4/ECE480Team4/install/racing_line:/home/eceteam4/ECE480Team4/install/perception_sync_node:/home/eceteam4/ECE480Team4/install/perception_ml_node:/home/eceteam4/ECE480Team4/install/obstacle_det:/home/eceteam4/ECE480Team4/install/lane_follow:/home/eceteam4/ECE480Team4/install/bot_slam:/opt/ros/humble LD_LIBRARY_PATH=/home/eceteam4/ECE480Team4/install/vesc_msgs/lib:/home/eceteam4/ECE480Team4/install/vesc_driver/lib:/home/eceteam4/ECE480Team4/install/vesc_ackermann/lib:/opt/ros/humble/opt/rviz_ogre_vendor/lib:/opt/ros/humble/lib/aarch64-linux-gnu:/opt/ros/humble/lib /usr/bin/cmake --build /home/eceteam4/ECE480Team4/build/vesc_ackermann -- -j6 -l6
[2.255s] [ 42%] Built target vesc_ackermann
[2.421s] [ 71%] Built target vesc_to_odom_node
[2.574s] [100%] Built target ackermann_to_vesc_node
[2.603s] Invoked command in '/home/eceteam4/ECE480Team4/build/vesc_ackermann' returned '0': CMAKE_PREFIX_PATH=/home/eceteam4/ECE480Team4/install/vesc_msgs:/home/eceteam4/ECE480Team4/install/vesc:/home/eceteam4/ECE480Team4/install/vesc_driver:/home/eceteam4/ECE480Team4/install/vesc_ackermann:/home/eceteam4/ECE480Team4/install/gazebo_world:/home/eceteam4/ECE480Team4/install/curvy_road:/home/eceteam4/ECE480Team4/install/vesc_control:/home/eceteam4/ECE480Team4/install/sensors_lidar_bridge:/home/eceteam4/ECE480Team4/install/sensors_imu_bridge:/home/eceteam4/ECE480Team4/install/sensors_camera_node:/home/eceteam4/ECE480Team4/install/racing_line:/home/eceteam4/ECE480Team4/install/perception_sync_node:/home/eceteam4/ECE480Team4/install/perception_ml_node:/home/eceteam4/ECE480Team4/install/obstacle_det:/home/eceteam4/ECE480Team4/install/lane_follow:/home/eceteam4/ECE480Team4/install/bot_slam:/opt/ros/humble LD_LIBRARY_PATH=/home/eceteam4/ECE480Team4/install/vesc_msgs/lib:/home/eceteam4/ECE480Team4/install/vesc_driver/lib:/home/eceteam4/ECE480Team4/install/vesc_ackermann/lib:/opt/ros/humble/opt/rviz_ogre_vendor/lib:/opt/ros/humble/lib/aarch64-linux-gnu:/opt/ros/humble/lib /usr/bin/cmake --build /home/eceteam4/ECE480Team4/build/vesc_ackermann -- -j6 -l6
[2.604s] Invoking command in '/home/eceteam4/ECE480Team4/build/vesc_ackermann': CMAKE_PREFIX_PATH=/home/eceteam4/ECE480Team4/install/vesc_msgs:/home/eceteam4/ECE480Team4/install/vesc:/home/eceteam4/ECE480Team4/install/vesc_driver:/home/eceteam4/ECE480Team4/install/vesc_ackermann:/home/eceteam4/ECE480Team4/install/gazebo_world:/home/eceteam4/ECE480Team4/install/curvy_road:/home/eceteam4/ECE480Team4/install/vesc_control:/home/eceteam4/ECE480Team4/install/sensors_lidar_bridge:/home/eceteam4/ECE480Team4/install/sensors_imu_bridge:/home/eceteam4/ECE480Team4/install/sensors_camera_node:/home/eceteam4/ECE480Team4/install/racing_line:/home/eceteam4/ECE480Team4/install/perception_sync_node:/home/eceteam4/ECE480Team4/install/perception_ml_node:/home/eceteam4/ECE480Team4/install/obstacle_det:/home/eceteam4/ECE480Team4/install/lane_follow:/home/eceteam4/ECE480Team4/install/bot_slam:/opt/ros/humble LD_LIBRARY_PATH=/home/eceteam4/ECE480Team4/install/vesc_msgs/lib:/home/eceteam4/ECE480Team4/install/vesc_driver/lib:/home/eceteam4/ECE480Team4/install/vesc_ackermann/lib:/opt/ros/humble/opt/rviz_ogre_vendor/lib:/opt/ros/humble/lib/aarch64-linux-gnu:/opt/ros/humble/lib /usr/bin/cmake --install /home/eceteam4/ECE480Team4/build/vesc_ackermann
[2.612s] -- Install configuration: ""
[2.618s] -- Execute custom install script
[2.622s] -- Up-to-date symlink: /home/eceteam4/ECE480Team4/install/vesc_ackermann/lib/vesc_ackermann/ackermann_to_vesc_node
[2.623s] -- Up-to-date symlink: /home/eceteam4/ECE480Team4/install/vesc_ackermann/lib/vesc_ackermann/vesc_to_odom_node
[2.623s] -- Up-to-date symlink: /home/eceteam4/ECE480Team4/install/vesc_ackermann/include/vesc_ackermann/ackermann_to_vesc.hpp
[2.623s] -- Up-to-date symlink: /home/eceteam4/ECE480Team4/install/vesc_ackermann/include/vesc_ackermann/vesc_to_odom.hpp
[2.624s] -- Up-to-date symlink: /home/eceteam4/ECE480Team4/install/vesc_ackermann/share/vesc_ackermann/environment/library_path.sh
[2.624s] -- Up-to-date symlink: /home/eceteam4/ECE480Team4/install/vesc_ackermann/share/vesc_ackermann/environment/library_path.dsv
[2.624s] -- Up-to-date symlink: /home/eceteam4/ECE480Team4/install/vesc_ackermann/lib/libvesc_ackermann.so
[2.624s] -- Up-to-date symlink: /home/eceteam4/ECE480Team4/install/vesc_ackermann/share/vesc_ackermann/launch/ackermann_to_vesc_node.launch.xml
[2.625s] -- Up-to-date symlink: /home/eceteam4/ECE480Team4/install/vesc_ackermann/share/vesc_ackermann/launch/odom_plus_mapping.launch.py
[2.625s] -- Up-to-date symlink: /home/eceteam4/ECE480Team4/install/vesc_ackermann/share/vesc_ackermann/launch/vesc_to_odom_node.launch.xml
[2.625s] -- Up-to-date symlink: /home/eceteam4/ECE480Team4/install/vesc_ackermann/share/ament_index/resource_index/package_run_dependencies/vesc_ackermann
[2.625s] -- Up-to-date symlink: /home/eceteam4/ECE480Team4/install/vesc_ackermann/share/ament_index/resource_index/parent_prefix_path/vesc_ackermann
[2.625s] -- Up-to-date symlink: /home/eceteam4/ECE480Team4/install/vesc_ackermann/share/vesc_ackermann/environment/ament_prefix_path.sh
[2.625s] -- Up-to-date symlink: /home/eceteam4/ECE480Team4/install/vesc_ackermann/share/vesc_ackermann/environment/ament_prefix_path.dsv
[2.626s] -- Up-to-date symlink: /home/eceteam4/ECE480Team4/install/vesc_ackermann/share/vesc_ackermann/environment/path.sh
[2.626s] -- Up-to-date symlink: /home/eceteam4/ECE480Team4/install/vesc_ackermann/share/vesc_ackermann/environment/path.dsv
[2.626s] -- Up-to-date symlink: /home/eceteam4/ECE480Team4/install/vesc_ackermann/share/vesc_ackermann/local_setup.bash
[2.626s] -- Up-to-date symlink: /home/eceteam4/ECE480Team4/install/vesc_ackermann/share/vesc_ackermann/local_setup.sh
[2.626s] -- Up-to-date symlink: /home/eceteam4/ECE480Team4/install/vesc_ackermann/share/vesc_ackermann/local_setup.zsh
[2.626s] -- Up-to-date symlink: /home/eceteam4/ECE480Team4/install/vesc_ackermann/share/vesc_ackermann/local_setup.dsv
[2.627s] -- Symlinking: /home/eceteam4/ECE480Team4/install/vesc_ackermann/share/vesc_ackermann/package.dsv
[2.638s] -- Up-to-date symlink: /home/eceteam4/ECE480Team4/install/vesc_ackermann/share/ament_index/resource_index/packages/vesc_ackermann
[2.638s] -- Up-to-date symlink: /home/eceteam4/ECE480Team4/install/vesc_ackermann/share/ament_index/resource_index/rclcpp_components/vesc_ackermann
[2.638s] -- Up-to-date symlink: /home/eceteam4/ECE480Team4/install/vesc_ackermann/share/vesc_ackermann/cmake/ament_cmake_export_dependencies-extras.cmake
[2.638s] -- Up-to-date symlink: /home/eceteam4/ECE480Team4/install/vesc_ackermann/share/vesc_ackermann/cmake/ament_cmake_export_include_directories-extras.cmake
[2.638s] -- Up-to-date symlink: /home/eceteam4/ECE480Team4/install/vesc_ackermann/share/vesc_ackermann/cmake/ament_cmake_export_libraries-extras.cmake
[2.654s] -- Up-to-date symlink: /home/eceteam4/ECE480Team4/install/vesc_ackermann/share/vesc_ackermann/cmake/vesc_ackermannConfig.cmake
[2.654s] -- Up-to-date symlink: /home/eceteam4/ECE480Team4/install/vesc_ackermann/share/vesc_ackermann/cmake/vesc_ackermannConfig-version.cmake
[2.654s] -- Up-to-date symlink: /home/eceteam4/ECE480Team4/install/vesc_ackermann/share/vesc_ackermann/package.xml
[2.657s] Invoked command in '/home/eceteam4/ECE480Team4/build/vesc_ackermann' returned '0': CMAKE_PREFIX_PATH=/home/eceteam4/ECE480Team4/install/vesc_msgs:/home/eceteam4/ECE480Team4/install/vesc:/home/eceteam4/ECE480Team4/install/vesc_driver:/home/eceteam4/ECE480Team4/install/vesc_ackermann:/home/eceteam4/ECE480Team4/install/gazebo_world:/home/eceteam4/ECE480Team4/install/curvy_road:/home/eceteam4/ECE480Team4/install/vesc_control:/home/eceteam4/ECE480Team4/install/sensors_lidar_bridge:/home/eceteam4/ECE480Team4/install/sensors_imu_bridge:/home/eceteam4/ECE480Team4/install/sensors_camera_node:/home/eceteam4/ECE480Team4/install/racing_line:/home/eceteam4/ECE480Team4/install/perception_sync_node:/home/eceteam4/ECE480Team4/install/perception_ml_node:/home/eceteam4/ECE480Team4/install/obstacle_det:/home/eceteam4/ECE480Team4/install/lane_follow:/home/eceteam4/ECE480Team4/install/bot_slam:/opt/ros/humble LD_LIBRARY_PATH=/home/eceteam4/ECE480Team4/install/vesc_msgs/lib:/home/eceteam4/ECE480Team4/install/vesc_driver/lib:/home/eceteam4/ECE480Team4/install/vesc_ackermann/lib:/opt/ros/humble/opt/rviz_ogre_vendor/lib:/opt/ros/humble/lib/aarch64-linux-gnu:/opt/ros/humble/lib /usr/bin/cmake --install /home/eceteam4/ECE480Team4/build/vesc_ackermann
