[ 14%] Built target kiss_icp_metrics
[ 28%] Built target kiss_icp_node
[ 71%] Built target kiss_icp_core
[ 85%] Built target kiss_icp_pipeline
[100%] Built target odometry_component
-- Install configuration: "Release"
-- Execute custom install script
-- Up-to-date symlink: /home/eceteam4/ECE480Team4/ros2_ws/install/kiss_icp/lib/kiss_icp/kiss_icp_node
-- Up-to-date symlink: /home/eceteam4/ECE480Team4/ros2_ws/install/kiss_icp/lib/libodometry_component.so
-- Symlinking: /home/eceteam4/ECE480Team4/ros2_ws/install/kiss_icp/share/kiss_icp//launch/my_odometry.launch.py
-- Up-to-date symlink: /home/eceteam4/ECE480Team4/ros2_ws/install/kiss_icp/share/kiss_icp//launch/odometry.launch.py
-- Up-to-date symlink: /home/eceteam4/ECE480Team4/ros2_ws/install/kiss_icp/share/kiss_icp//rviz/kiss_icp.rviz
-- Up-to-date symlink: /home/eceteam4/ECE480Team4/ros2_ws/install/kiss_icp/share/kiss_icp//config/config.yaml
-- Up-to-date symlink: /home/eceteam4/ECE480Team4/ros2_ws/install/kiss_icp/share/ament_index/resource_index/package_run_dependencies/kiss_icp
-- Up-to-date symlink: /home/eceteam4/ECE480Team4/ros2_ws/install/kiss_icp/share/ament_index/resource_index/parent_prefix_path/kiss_icp
-- Up-to-date symlink: /home/eceteam4/ECE480Team4/ros2_ws/install/kiss_icp/share/kiss_icp/environment/ament_prefix_path.sh
-- Up-to-date symlink: /home/eceteam4/ECE480Team4/ros2_ws/install/kiss_icp/share/kiss_icp/environment/ament_prefix_path.dsv
-- Up-to-date symlink: /home/eceteam4/ECE480Team4/ros2_ws/install/kiss_icp/share/kiss_icp/environment/path.sh
-- Up-to-date symlink: /home/eceteam4/ECE480Team4/ros2_ws/install/kiss_icp/share/kiss_icp/environment/path.dsv
-- Up-to-date symlink: /home/eceteam4/ECE480Team4/ros2_ws/install/kiss_icp/share/kiss_icp/local_setup.bash
-- Up-to-date symlink: /home/eceteam4/ECE480Team4/ros2_ws/install/kiss_icp/share/kiss_icp/local_setup.sh
-- Up-to-date symlink: /home/eceteam4/ECE480Team4/ros2_ws/install/kiss_icp/share/kiss_icp/local_setup.zsh
-- Up-to-date symlink: /home/eceteam4/ECE480Team4/ros2_ws/install/kiss_icp/share/kiss_icp/local_setup.dsv
-- Symlinking: /home/eceteam4/ECE480Team4/ros2_ws/install/kiss_icp/share/kiss_icp/package.dsv
-- Up-to-date symlink: /home/eceteam4/ECE480Team4/ros2_ws/install/kiss_icp/share/ament_index/resource_index/packages/kiss_icp
-- Up-to-date symlink: /home/eceteam4/ECE480Team4/ros2_ws/install/kiss_icp/share/ament_index/resource_index/rclcpp_components/kiss_icp
-- Up-to-date symlink: /home/eceteam4/ECE480Team4/ros2_ws/install/kiss_icp/share/kiss_icp/cmake/kiss_icpConfig.cmake
-- Up-to-date symlink: /home/eceteam4/ECE480Team4/ros2_ws/install/kiss_icp/share/kiss_icp/cmake/kiss_icpConfig-version.cmake
-- Up-to-date symlink: /home/eceteam4/ECE480Team4/ros2_ws/install/kiss_icp/share/kiss_icp/package.xml
