[0.076s] Invoking command in '/home/eceteam4/ECE480Team4/build/vesc_msgs': CMAKE_PREFIX_PATH=${CMAKE_PREFIX_PATH}:/home/eceteam4/ECE480Team4/install/vesc_control:/home/eceteam4/ECE480Team4/install/sensors_lidar_bridge:/home/eceteam4/ECE480Team4/install/sensors_imu_bridge:/home/eceteam4/ECE480Team4/install/sensors_camera_node:/home/eceteam4/ECE480Team4/install/racing_line:/home/eceteam4/ECE480Team4/install/perception_sync_node:/home/eceteam4/ECE480Team4/install/perception_ml_node:/home/eceteam4/ECE480Team4/install/obstacle_det:/home/eceteam4/ECE480Team4/install/lane_follow:/home/eceteam4/ECE480Team4/install/bot_slam:/opt/ros/humble /usr/bin/cmake --build /home/eceteam4/ECE480Team4/build/vesc_msgs -- -j6 -l6
[1.238s] [  1%] Built target vesc_msgs__cpp
[1.239s] [ 12%] Built target vesc_msgs__rosidl_generator_c
[1.239s] [ 12%] Built target ament_cmake_python_symlink_vesc_msgs
[1.242s] [ 34%] Built target vesc_msgs__rosidl_typesupport_introspection_cpp
[1.243s] [ 31%] Built target vesc_msgs__rosidl_typesupport_cpp
[1.243s] [ 46%] Built target vesc_msgs__rosidl_typesupport_introspection_c
[1.243s] [ 68%] Built target vesc_msgs__rosidl_typesupport_fastrtps_cpp
[1.244s] [ 68%] Built target vesc_msgs__rosidl_typesupport_fastrtps_c
[1.245s] [ 79%] Built target vesc_msgs__rosidl_typesupport_c
[1.245s] [ 79%] Built target vesc_msgs
[1.245s] [ 80%] Built target vesc_msgs__py
[1.246s] [ 90%] Built target vesc_msgs__rosidl_generator_py
[1.246s] [ 96%] Built target vesc_msgs__rosidl_typesupport_introspection_c__pyext
[1.246s] [ 96%] Built target vesc_msgs__rosidl_typesupport_c__pyext
[1.246s] [100%] Built target vesc_msgs__rosidl_typesupport_fastrtps_c__pyext
[1.246s] running egg_info
[1.246s] writing vesc_msgs.egg-info/PKG-INFO
[1.247s] writing dependency_links to vesc_msgs.egg-info/dependency_links.txt
[1.247s] writing top-level names to vesc_msgs.egg-info/top_level.txt
[1.247s] reading manifest file 'vesc_msgs.egg-info/SOURCES.txt'
[1.247s] writing manifest file 'vesc_msgs.egg-info/SOURCES.txt'
[1.247s] [100%] Built target ament_cmake_python_build_vesc_msgs_egg
[1.863s] Invoked command in '/home/eceteam4/ECE480Team4/build/vesc_msgs' returned '0': CMAKE_PREFIX_PATH=${CMAKE_PREFIX_PATH}:/home/eceteam4/ECE480Team4/install/vesc_control:/home/eceteam4/ECE480Team4/install/sensors_lidar_bridge:/home/eceteam4/ECE480Team4/install/sensors_imu_bridge:/home/eceteam4/ECE480Team4/install/sensors_camera_node:/home/eceteam4/ECE480Team4/install/racing_line:/home/eceteam4/ECE480Team4/install/perception_sync_node:/home/eceteam4/ECE480Team4/install/perception_ml_node:/home/eceteam4/ECE480Team4/install/obstacle_det:/home/eceteam4/ECE480Team4/install/lane_follow:/home/eceteam4/ECE480Team4/install/bot_slam:/opt/ros/humble /usr/bin/cmake --build /home/eceteam4/ECE480Team4/build/vesc_msgs -- -j6 -l6
[1.866s] Invoking command in '/home/eceteam4/ECE480Team4/build/vesc_msgs': CMAKE_PREFIX_PATH=${CMAKE_PREFIX_PATH}:/home/eceteam4/ECE480Team4/install/vesc_control:/home/eceteam4/ECE480Team4/install/sensors_lidar_bridge:/home/eceteam4/ECE480Team4/install/sensors_imu_bridge:/home/eceteam4/ECE480Team4/install/sensors_camera_node:/home/eceteam4/ECE480Team4/install/racing_line:/home/eceteam4/ECE480Team4/install/perception_sync_node:/home/eceteam4/ECE480Team4/install/perception_ml_node:/home/eceteam4/ECE480Team4/install/obstacle_det:/home/eceteam4/ECE480Team4/install/lane_follow:/home/eceteam4/ECE480Team4/install/bot_slam:/opt/ros/humble /usr/bin/cmake --install /home/eceteam4/ECE480Team4/build/vesc_msgs
[1.890s] -- Install configuration: ""
[1.891s] -- Execute custom install script
[1.891s] -- Up-to-date symlink: /home/eceteam4/ECE480Team4/install/vesc_msgs/share/ament_index/resource_index/rosidl_interfaces/vesc_msgs
[1.892s] -- Up-to-date symlink: /home/eceteam4/ECE480Team4/install/vesc_msgs/include/vesc_msgs/vesc_msgs/msg/detail/vesc_cmd__functions.h
[1.892s] -- Up-to-date symlink: /home/eceteam4/ECE480Team4/install/vesc_msgs/include/vesc_msgs/vesc_msgs/msg/detail/vesc_cmd__struct.h
[1.893s] -- Up-to-date symlink: /home/eceteam4/ECE480Team4/install/vesc_msgs/include/vesc_msgs/vesc_msgs/msg/detail/vesc_cmd__type_support.h
[1.894s] -- Up-to-date symlink: /home/eceteam4/ECE480Team4/install/vesc_msgs/include/vesc_msgs/vesc_msgs/msg/detail/vesc_imu__functions.h
[1.894s] -- Up-to-date symlink: /home/eceteam4/ECE480Team4/install/vesc_msgs/include/vesc_msgs/vesc_msgs/msg/detail/vesc_imu__struct.h
[1.894s] -- Up-to-date symlink: /home/eceteam4/ECE480Team4/install/vesc_msgs/include/vesc_msgs/vesc_msgs/msg/detail/vesc_imu__type_support.h
[1.894s] -- Up-to-date symlink: /home/eceteam4/ECE480Team4/install/vesc_msgs/include/vesc_msgs/vesc_msgs/msg/detail/vesc_imu_stamped__functions.h
[1.895s] -- Up-to-date symlink: /home/eceteam4/ECE480Team4/install/vesc_msgs/include/vesc_msgs/vesc_msgs/msg/detail/vesc_imu_stamped__struct.h
[1.895s] -- Up-to-date symlink: /home/eceteam4/ECE480Team4/install/vesc_msgs/include/vesc_msgs/vesc_msgs/msg/detail/vesc_imu_stamped__type_support.h
[1.896s] -- Up-to-date symlink: /home/eceteam4/ECE480Team4/install/vesc_msgs/include/vesc_msgs/vesc_msgs/msg/detail/vesc_state__functions.h
[1.897s] -- Up-to-date symlink: /home/eceteam4/ECE480Team4/install/vesc_msgs/include/vesc_msgs/vesc_msgs/msg/detail/vesc_state__struct.h
[1.903s] -- Up-to-date symlink: /home/eceteam4/ECE480Team4/install/vesc_msgs/include/vesc_msgs/vesc_msgs/msg/detail/vesc_state__type_support.h
[1.904s] -- Up-to-date symlink: /home/eceteam4/ECE480Team4/install/vesc_msgs/include/vesc_msgs/vesc_msgs/msg/detail/vesc_state_stamped__functions.h
[1.905s] -- Up-to-date symlink: /home/eceteam4/ECE480Team4/install/vesc_msgs/include/vesc_msgs/vesc_msgs/msg/detail/vesc_state_stamped__struct.h
[1.905s] -- Up-to-date symlink: /home/eceteam4/ECE480Team4/install/vesc_msgs/include/vesc_msgs/vesc_msgs/msg/detail/vesc_state_stamped__type_support.h
[1.905s] -- Up-to-date symlink: /home/eceteam4/ECE480Team4/install/vesc_msgs/include/vesc_msgs/vesc_msgs/msg/rosidl_generator_c__visibility_control.h
[1.906s] -- Up-to-date symlink: /home/eceteam4/ECE480Team4/install/vesc_msgs/include/vesc_msgs/vesc_msgs/msg/vesc_cmd.h
[1.906s] -- Up-to-date symlink: /home/eceteam4/ECE480Team4/install/vesc_msgs/include/vesc_msgs/vesc_msgs/msg/vesc_imu.h
[1.906s] -- Up-to-date symlink: /home/eceteam4/ECE480Team4/install/vesc_msgs/include/vesc_msgs/vesc_msgs/msg/vesc_imu_stamped.h
[1.906s] -- Up-to-date symlink: /home/eceteam4/ECE480Team4/install/vesc_msgs/include/vesc_msgs/vesc_msgs/msg/vesc_state.h
[1.906s] -- Up-to-date symlink: /home/eceteam4/ECE480Team4/install/vesc_msgs/include/vesc_msgs/vesc_msgs/msg/vesc_state_stamped.h
[1.906s] -- Up-to-date symlink: /home/eceteam4/ECE480Team4/install/vesc_msgs/share/vesc_msgs/environment/library_path.sh
[1.906s] -- Up-to-date symlink: /home/eceteam4/ECE480Team4/install/vesc_msgs/share/vesc_msgs/environment/library_path.dsv
[1.907s] -- Up-to-date symlink: /home/eceteam4/ECE480Team4/install/vesc_msgs/include/vesc_msgs/vesc_msgs/msg/detail/vesc_cmd__rosidl_typesupport_fastrtps_c.h
[1.907s] -- Up-to-date symlink: /home/eceteam4/ECE480Team4/install/vesc_msgs/include/vesc_msgs/vesc_msgs/msg/detail/vesc_imu__rosidl_typesupport_fastrtps_c.h
[1.907s] -- Up-to-date symlink: /home/eceteam4/ECE480Team4/install/vesc_msgs/include/vesc_msgs/vesc_msgs/msg/detail/vesc_imu_stamped__rosidl_typesupport_fastrtps_c.h
[1.908s] -- Up-to-date symlink: /home/eceteam4/ECE480Team4/install/vesc_msgs/include/vesc_msgs/vesc_msgs/msg/detail/vesc_state__rosidl_typesupport_fastrtps_c.h
[1.909s] -- Up-to-date symlink: /home/eceteam4/ECE480Team4/install/vesc_msgs/include/vesc_msgs/vesc_msgs/msg/detail/vesc_state_stamped__rosidl_typesupport_fastrtps_c.h
[1.917s] -- Up-to-date symlink: /home/eceteam4/ECE480Team4/install/vesc_msgs/include/vesc_msgs/vesc_msgs/msg/rosidl_typesupport_fastrtps_c__visibility_control.h
[1.936s] -- Up-to-date symlink: /home/eceteam4/ECE480Team4/install/vesc_msgs/include/vesc_msgs/vesc_msgs/msg/detail/vesc_cmd__rosidl_typesupport_introspection_c.h
[1.936s] -- Up-to-date symlink: /home/eceteam4/ECE480Team4/install/vesc_msgs/include/vesc_msgs/vesc_msgs/msg/detail/vesc_imu__rosidl_typesupport_introspection_c.h
[1.937s] -- Up-to-date symlink: /home/eceteam4/ECE480Team4/install/vesc_msgs/include/vesc_msgs/vesc_msgs/msg/detail/vesc_imu_stamped__rosidl_typesupport_introspection_c.h
[1.937s] -- Up-to-date symlink: /home/eceteam4/ECE480Team4/install/vesc_msgs/include/vesc_msgs/vesc_msgs/msg/detail/vesc_state__rosidl_typesupport_introspection_c.h
[1.937s] -- Up-to-date symlink: /home/eceteam4/ECE480Team4/install/vesc_msgs/include/vesc_msgs/vesc_msgs/msg/detail/vesc_state_stamped__rosidl_typesupport_introspection_c.h
[1.937s] -- Up-to-date symlink: /home/eceteam4/ECE480Team4/install/vesc_msgs/include/vesc_msgs/vesc_msgs/msg/rosidl_typesupport_introspection_c__visibility_control.h
[1.937s] -- Up-to-date symlink: /home/eceteam4/ECE480Team4/install/vesc_msgs/include/vesc_msgs/vesc_msgs/msg/detail/vesc_cmd__builder.hpp
[1.937s] -- Up-to-date symlink: /home/eceteam4/ECE480Team4/install/vesc_msgs/include/vesc_msgs/vesc_msgs/msg/detail/vesc_cmd__struct.hpp
[1.937s] -- Up-to-date symlink: /home/eceteam4/ECE480Team4/install/vesc_msgs/include/vesc_msgs/vesc_msgs/msg/detail/vesc_cmd__traits.hpp
[1.938s] -- Up-to-date symlink: /home/eceteam4/ECE480Team4/install/vesc_msgs/include/vesc_msgs/vesc_msgs/msg/detail/vesc_cmd__type_support.hpp
[1.938s] -- Up-to-date symlink: /home/eceteam4/ECE480Team4/install/vesc_msgs/include/vesc_msgs/vesc_msgs/msg/detail/vesc_imu__builder.hpp
[1.938s] -- Up-to-date symlink: /home/eceteam4/ECE480Team4/install/vesc_msgs/include/vesc_msgs/vesc_msgs/msg/detail/vesc_imu__struct.hpp
[1.938s] -- Up-to-date symlink: /home/eceteam4/ECE480Team4/install/vesc_msgs/include/vesc_msgs/vesc_msgs/msg/detail/vesc_imu__traits.hpp
[1.938s] -- Up-to-date symlink: /home/eceteam4/ECE480Team4/install/vesc_msgs/include/vesc_msgs/vesc_msgs/msg/detail/vesc_imu__type_support.hpp
[1.938s] -- Up-to-date symlink: /home/eceteam4/ECE480Team4/install/vesc_msgs/include/vesc_msgs/vesc_msgs/msg/detail/vesc_imu_stamped__builder.hpp
[1.938s] -- Up-to-date symlink: /home/eceteam4/ECE480Team4/install/vesc_msgs/include/vesc_msgs/vesc_msgs/msg/detail/vesc_imu_stamped__struct.hpp
[1.939s] -- Up-to-date symlink: /home/eceteam4/ECE480Team4/install/vesc_msgs/include/vesc_msgs/vesc_msgs/msg/detail/vesc_imu_stamped__traits.hpp
[1.939s] -- Up-to-date symlink: /home/eceteam4/ECE480Team4/install/vesc_msgs/include/vesc_msgs/vesc_msgs/msg/detail/vesc_imu_stamped__type_support.hpp
[1.939s] -- Up-to-date symlink: /home/eceteam4/ECE480Team4/install/vesc_msgs/include/vesc_msgs/vesc_msgs/msg/detail/vesc_state__builder.hpp
[1.939s] -- Up-to-date symlink: /home/eceteam4/ECE480Team4/install/vesc_msgs/include/vesc_msgs/vesc_msgs/msg/detail/vesc_state__struct.hpp
[1.939s] -- Up-to-date symlink: /home/eceteam4/ECE480Team4/install/vesc_msgs/include/vesc_msgs/vesc_msgs/msg/detail/vesc_state__traits.hpp
[1.939s] -- Up-to-date symlink: /home/eceteam4/ECE480Team4/install/vesc_msgs/include/vesc_msgs/vesc_msgs/msg/detail/vesc_state__type_support.hpp
[1.939s] -- Up-to-date symlink: /home/eceteam4/ECE480Team4/install/vesc_msgs/include/vesc_msgs/vesc_msgs/msg/detail/vesc_state_stamped__builder.hpp
[1.940s] -- Up-to-date symlink: /home/eceteam4/ECE480Team4/install/vesc_msgs/include/vesc_msgs/vesc_msgs/msg/detail/vesc_state_stamped__struct.hpp
[1.941s] -- Up-to-date symlink: /home/eceteam4/ECE480Team4/install/vesc_msgs/include/vesc_msgs/vesc_msgs/msg/detail/vesc_state_stamped__traits.hpp
[1.941s] -- Up-to-date symlink: /home/eceteam4/ECE480Team4/install/vesc_msgs/include/vesc_msgs/vesc_msgs/msg/detail/vesc_state_stamped__type_support.hpp
[1.941s] -- Up-to-date symlink: /home/eceteam4/ECE480Team4/install/vesc_msgs/include/vesc_msgs/vesc_msgs/msg/rosidl_generator_cpp__visibility_control.hpp
[1.941s] -- Up-to-date symlink: /home/eceteam4/ECE480Team4/install/vesc_msgs/include/vesc_msgs/vesc_msgs/msg/vesc_cmd.hpp
[1.942s] -- Up-to-date symlink: /home/eceteam4/ECE480Team4/install/vesc_msgs/include/vesc_msgs/vesc_msgs/msg/vesc_imu.hpp
[1.942s] -- Up-to-date symlink: /home/eceteam4/ECE480Team4/install/vesc_msgs/include/vesc_msgs/vesc_msgs/msg/vesc_imu_stamped.hpp
[1.942s] -- Up-to-date symlink: /home/eceteam4/ECE480Team4/install/vesc_msgs/include/vesc_msgs/vesc_msgs/msg/vesc_state.hpp
[1.943s] -- Up-to-date symlink: /home/eceteam4/ECE480Team4/install/vesc_msgs/include/vesc_msgs/vesc_msgs/msg/vesc_state_stamped.hpp
[1.943s] -- Up-to-date symlink: /home/eceteam4/ECE480Team4/install/vesc_msgs/include/vesc_msgs/vesc_msgs/msg/detail/vesc_cmd__rosidl_typesupport_fastrtps_cpp.hpp
[1.943s] -- Up-to-date symlink: /home/eceteam4/ECE480Team4/install/vesc_msgs/include/vesc_msgs/vesc_msgs/msg/detail/vesc_imu__rosidl_typesupport_fastrtps_cpp.hpp
[1.944s] -- Up-to-date symlink: /home/eceteam4/ECE480Team4/install/vesc_msgs/include/vesc_msgs/vesc_msgs/msg/detail/vesc_imu_stamped__rosidl_typesupport_fastrtps_cpp.hpp
[1.944s] -- Up-to-date symlink: /home/eceteam4/ECE480Team4/install/vesc_msgs/include/vesc_msgs/vesc_msgs/msg/detail/vesc_state__rosidl_typesupport_fastrtps_cpp.hpp
[1.944s] -- Up-to-date symlink: /home/eceteam4/ECE480Team4/install/vesc_msgs/include/vesc_msgs/vesc_msgs/msg/detail/vesc_state_stamped__rosidl_typesupport_fastrtps_cpp.hpp
[1.945s] -- Up-to-date symlink: /home/eceteam4/ECE480Team4/install/vesc_msgs/include/vesc_msgs/vesc_msgs/msg/rosidl_typesupport_fastrtps_cpp__visibility_control.h
[1.946s] -- Up-to-date symlink: /home/eceteam4/ECE480Team4/install/vesc_msgs/include/vesc_msgs/vesc_msgs/msg/detail/vesc_cmd__rosidl_typesupport_introspection_cpp.hpp
[1.946s] -- Up-to-date symlink: /home/eceteam4/ECE480Team4/install/vesc_msgs/include/vesc_msgs/vesc_msgs/msg/detail/vesc_imu__rosidl_typesupport_introspection_cpp.hpp
[1.946s] -- Up-to-date symlink: /home/eceteam4/ECE480Team4/install/vesc_msgs/include/vesc_msgs/vesc_msgs/msg/detail/vesc_imu_stamped__rosidl_typesupport_introspection_cpp.hpp
[1.946s] -- Up-to-date symlink: /home/eceteam4/ECE480Team4/install/vesc_msgs/include/vesc_msgs/vesc_msgs/msg/detail/vesc_state__rosidl_typesupport_introspection_cpp.hpp
[1.956s] -- Up-to-date symlink: /home/eceteam4/ECE480Team4/install/vesc_msgs/include/vesc_msgs/vesc_msgs/msg/detail/vesc_state_stamped__rosidl_typesupport_introspection_cpp.hpp
[1.956s] -- Up-to-date symlink: /home/eceteam4/ECE480Team4/install/vesc_msgs/share/vesc_msgs/environment/pythonpath.sh
[1.956s] -- Up-to-date symlink: /home/eceteam4/ECE480Team4/install/vesc_msgs/share/vesc_msgs/environment/pythonpath.dsv
[1.956s] -- Up-to-date symlink: /home/eceteam4/ECE480Team4/install/vesc_msgs/local/lib/python3.10/dist-packages/vesc_msgs-1.1.0-py3.10.egg-info/PKG-INFO
[1.956s] -- Up-to-date symlink: /home/eceteam4/ECE480Team4/install/vesc_msgs/local/lib/python3.10/dist-packages/vesc_msgs-1.1.0-py3.10.egg-info/SOURCES.txt
[1.957s] -- Up-to-date symlink: /home/eceteam4/ECE480Team4/install/vesc_msgs/local/lib/python3.10/dist-packages/vesc_msgs-1.1.0-py3.10.egg-info/dependency_links.txt
[1.957s] -- Up-to-date symlink: /home/eceteam4/ECE480Team4/install/vesc_msgs/local/lib/python3.10/dist-packages/vesc_msgs-1.1.0-py3.10.egg-info/top_level.txt
[1.957s] -- Up-to-date symlink: /home/eceteam4/ECE480Team4/install/vesc_msgs/local/lib/python3.10/dist-packages/vesc_msgs/__init__.py
[1.957s] -- Up-to-date symlink: /home/eceteam4/ECE480Team4/install/vesc_msgs/local/lib/python3.10/dist-packages/vesc_msgs/_vesc_msgs_s.ep.rosidl_typesupport_c.c
[1.957s] -- Up-to-date symlink: /home/eceteam4/ECE480Team4/install/vesc_msgs/local/lib/python3.10/dist-packages/vesc_msgs/_vesc_msgs_s.ep.rosidl_typesupport_fastrtps_c.c
[1.957s] -- Up-to-date symlink: /home/eceteam4/ECE480Team4/install/vesc_msgs/local/lib/python3.10/dist-packages/vesc_msgs/_vesc_msgs_s.ep.rosidl_typesupport_introspection_c.c
[1.957s] -- Up-to-date symlink: /home/eceteam4/ECE480Team4/install/vesc_msgs/local/lib/python3.10/dist-packages/vesc_msgs/libvesc_msgs__rosidl_generator_py.so
[1.958s] -- Up-to-date symlink: /home/eceteam4/ECE480Team4/install/vesc_msgs/local/lib/python3.10/dist-packages/vesc_msgs/msg/__init__.py
[1.958s] -- Up-to-date symlink: /home/eceteam4/ECE480Team4/install/vesc_msgs/local/lib/python3.10/dist-packages/vesc_msgs/msg/_vesc_cmd.py
[1.958s] -- Up-to-date symlink: /home/eceteam4/ECE480Team4/install/vesc_msgs/local/lib/python3.10/dist-packages/vesc_msgs/msg/_vesc_cmd_s.c
[1.958s] -- Up-to-date symlink: /home/eceteam4/ECE480Team4/install/vesc_msgs/local/lib/python3.10/dist-packages/vesc_msgs/msg/_vesc_imu.py
[1.958s] -- Up-to-date symlink: /home/eceteam4/ECE480Team4/install/vesc_msgs/local/lib/python3.10/dist-packages/vesc_msgs/msg/_vesc_imu_s.c
[1.958s] -- Up-to-date symlink: /home/eceteam4/ECE480Team4/install/vesc_msgs/local/lib/python3.10/dist-packages/vesc_msgs/msg/_vesc_imu_stamped.py
[1.958s] -- Up-to-date symlink: /home/eceteam4/ECE480Team4/install/vesc_msgs/local/lib/python3.10/dist-packages/vesc_msgs/msg/_vesc_imu_stamped_s.c
[1.958s] -- Up-to-date symlink: /home/eceteam4/ECE480Team4/install/vesc_msgs/local/lib/python3.10/dist-packages/vesc_msgs/msg/_vesc_state.py
[1.958s] -- Up-to-date symlink: /home/eceteam4/ECE480Team4/install/vesc_msgs/local/lib/python3.10/dist-packages/vesc_msgs/msg/_vesc_state_s.c
[1.959s] -- Up-to-date symlink: /home/eceteam4/ECE480Team4/install/vesc_msgs/local/lib/python3.10/dist-packages/vesc_msgs/msg/_vesc_state_stamped.py
[1.959s] -- Up-to-date symlink: /home/eceteam4/ECE480Team4/install/vesc_msgs/local/lib/python3.10/dist-packages/vesc_msgs/msg/_vesc_state_stamped_s.c
[1.959s] -- Up-to-date symlink: /home/eceteam4/ECE480Team4/install/vesc_msgs/local/lib/python3.10/dist-packages/vesc_msgs/vesc_msgs_s__rosidl_typesupport_c.cpython-310-aarch64-linux-gnu.so
[1.959s] -- Up-to-date symlink: /home/eceteam4/ECE480Team4/install/vesc_msgs/local/lib/python3.10/dist-packages/vesc_msgs/vesc_msgs_s__rosidl_typesupport_fastrtps_c.cpython-310-aarch64-linux-gnu.so
[1.959s] -- Up-to-date symlink: /home/eceteam4/ECE480Team4/install/vesc_msgs/local/lib/python3.10/dist-packages/vesc_msgs/vesc_msgs_s__rosidl_typesupport_introspection_c.cpython-310-aarch64-linux-gnu.so
[1.959s] -- Up-to-date symlink: /home/eceteam4/ECE480Team4/install/vesc_msgs/local/lib/python3.10/dist-packages/vesc_msgs/vesc_msgs_s__rosidl_typesupport_fastrtps_c.cpython-310-aarch64-linux-gnu.so
[1.959s] -- Up-to-date symlink: /home/eceteam4/ECE480Team4/install/vesc_msgs/local/lib/python3.10/dist-packages/vesc_msgs/vesc_msgs_s__rosidl_typesupport_introspection_c.cpython-310-aarch64-linux-gnu.so
[1.959s] -- Up-to-date symlink: /home/eceteam4/ECE480Team4/install/vesc_msgs/local/lib/python3.10/dist-packages/vesc_msgs/vesc_msgs_s__rosidl_typesupport_c.cpython-310-aarch64-linux-gnu.so
[1.959s] -- Up-to-date symlink: /home/eceteam4/ECE480Team4/install/vesc_msgs/share/vesc_msgs/msg/VescCmd.idl
[1.960s] -- Up-to-date symlink: /home/eceteam4/ECE480Team4/install/vesc_msgs/share/vesc_msgs/msg/VescImu.idl
[1.960s] -- Up-to-date symlink: /home/eceteam4/ECE480Team4/install/vesc_msgs/share/vesc_msgs/msg/VescImuStamped.idl
[1.960s] -- Up-to-date symlink: /home/eceteam4/ECE480Team4/install/vesc_msgs/share/vesc_msgs/msg/VescState.idl
[1.960s] -- Up-to-date symlink: /home/eceteam4/ECE480Team4/install/vesc_msgs/share/vesc_msgs/msg/VescStateStamped.idl
[1.961s] -- Up-to-date symlink: /home/eceteam4/ECE480Team4/install/vesc_msgs/share/vesc_msgs/msg/VescCmd.msg
[1.961s] -- Up-to-date symlink: /home/eceteam4/ECE480Team4/install/vesc_msgs/share/vesc_msgs/msg/VescImu.msg
[1.961s] -- Up-to-date symlink: /home/eceteam4/ECE480Team4/install/vesc_msgs/share/vesc_msgs/msg/VescImuStamped.msg
[1.969s] -- Up-to-date symlink: /home/eceteam4/ECE480Team4/install/vesc_msgs/share/vesc_msgs/msg/VescState.msg
[1.969s] -- Up-to-date symlink: /home/eceteam4/ECE480Team4/install/vesc_msgs/share/vesc_msgs/msg/VescStateStamped.msg
[1.969s] -- Up-to-date symlink: /home/eceteam4/ECE480Team4/install/vesc_msgs/share/ament_index/resource_index/package_run_dependencies/vesc_msgs
[1.970s] -- Up-to-date symlink: /home/eceteam4/ECE480Team4/install/vesc_msgs/share/ament_index/resource_index/parent_prefix_path/vesc_msgs
[1.970s] -- Up-to-date symlink: /home/eceteam4/ECE480Team4/install/vesc_msgs/share/vesc_msgs/environment/ament_prefix_path.sh
[1.970s] -- Up-to-date symlink: /home/eceteam4/ECE480Team4/install/vesc_msgs/share/vesc_msgs/environment/ament_prefix_path.dsv
[1.970s] -- Up-to-date symlink: /home/eceteam4/ECE480Team4/install/vesc_msgs/share/vesc_msgs/environment/path.sh
[1.970s] -- Up-to-date symlink: /home/eceteam4/ECE480Team4/install/vesc_msgs/share/vesc_msgs/environment/path.dsv
[1.970s] -- Up-to-date symlink: /home/eceteam4/ECE480Team4/install/vesc_msgs/share/vesc_msgs/local_setup.bash
[1.970s] -- Up-to-date symlink: /home/eceteam4/ECE480Team4/install/vesc_msgs/share/vesc_msgs/local_setup.sh
[1.970s] -- Up-to-date symlink: /home/eceteam4/ECE480Team4/install/vesc_msgs/share/vesc_msgs/local_setup.zsh
[1.970s] -- Up-to-date symlink: /home/eceteam4/ECE480Team4/install/vesc_msgs/share/vesc_msgs/local_setup.dsv
[1.971s] -- Symlinking: /home/eceteam4/ECE480Team4/install/vesc_msgs/share/vesc_msgs/package.dsv
[1.971s] -- Up-to-date symlink: /home/eceteam4/ECE480Team4/install/vesc_msgs/share/ament_index/resource_index/packages/vesc_msgs
[1.971s] -- Up-to-date symlink: /home/eceteam4/ECE480Team4/install/vesc_msgs/share/vesc_msgs/cmake/rosidl_cmake-extras.cmake
[1.971s] -- Up-to-date symlink: /home/eceteam4/ECE480Team4/install/vesc_msgs/share/vesc_msgs/cmake/ament_cmake_export_dependencies-extras.cmake
[1.971s] -- Up-to-date symlink: /home/eceteam4/ECE480Team4/install/vesc_msgs/share/vesc_msgs/cmake/ament_cmake_export_include_directories-extras.cmake
[1.971s] -- Up-to-date symlink: /home/eceteam4/ECE480Team4/install/vesc_msgs/share/vesc_msgs/cmake/ament_cmake_export_libraries-extras.cmake
[1.971s] -- Up-to-date symlink: /home/eceteam4/ECE480Team4/install/vesc_msgs/share/vesc_msgs/cmake/ament_cmake_export_targets-extras.cmake
[1.972s] -- Up-to-date symlink: /home/eceteam4/ECE480Team4/install/vesc_msgs/share/vesc_msgs/cmake/rosidl_cmake_export_typesupport_targets-extras.cmake
[1.972s] -- Up-to-date symlink: /home/eceteam4/ECE480Team4/install/vesc_msgs/share/vesc_msgs/cmake/rosidl_cmake_export_typesupport_libraries-extras.cmake
[1.972s] -- Up-to-date symlink: /home/eceteam4/ECE480Team4/install/vesc_msgs/share/vesc_msgs/cmake/vesc_msgsConfig.cmake
[1.972s] -- Up-to-date symlink: /home/eceteam4/ECE480Team4/install/vesc_msgs/share/vesc_msgs/cmake/vesc_msgsConfig-version.cmake
[1.972s] -- Up-to-date symlink: /home/eceteam4/ECE480Team4/install/vesc_msgs/share/vesc_msgs/package.xml
[1.972s] -- Up-to-date: /home/eceteam4/ECE480Team4/install/vesc_msgs/lib/libvesc_msgs__rosidl_generator_c.so
[1.972s] -- Up-to-date: /home/eceteam4/ECE480Team4/install/vesc_msgs/lib/libvesc_msgs__rosidl_typesupport_fastrtps_c.so
[1.972s] -- Up-to-date: /home/eceteam4/ECE480Team4/install/vesc_msgs/lib/libvesc_msgs__rosidl_typesupport_introspection_c.so
[1.972s] -- Up-to-date: /home/eceteam4/ECE480Team4/install/vesc_msgs/lib/libvesc_msgs__rosidl_typesupport_c.so
[1.973s] -- Up-to-date: /home/eceteam4/ECE480Team4/install/vesc_msgs/lib/libvesc_msgs__rosidl_typesupport_fastrtps_cpp.so
[1.973s] -- Up-to-date: /home/eceteam4/ECE480Team4/install/vesc_msgs/lib/libvesc_msgs__rosidl_typesupport_introspection_cpp.so
[1.973s] -- Up-to-date: /home/eceteam4/ECE480Team4/install/vesc_msgs/lib/libvesc_msgs__rosidl_typesupport_cpp.so
[2.079s] Listing '/home/eceteam4/ECE480Team4/install/vesc_msgs/local/lib/python3.10/dist-packages/vesc_msgs'...
[2.079s] Listing '/home/eceteam4/ECE480Team4/install/vesc_msgs/local/lib/python3.10/dist-packages/vesc_msgs/msg'...
[2.104s] -- Up-to-date: /home/eceteam4/ECE480Team4/install/vesc_msgs/lib/libvesc_msgs__rosidl_generator_py.so
[2.104s] -- Up-to-date: /home/eceteam4/ECE480Team4/install/vesc_msgs/share/vesc_msgs/cmake/export_vesc_msgs__rosidl_generator_cExport.cmake
[2.104s] -- Up-to-date: /home/eceteam4/ECE480Team4/install/vesc_msgs/share/vesc_msgs/cmake/export_vesc_msgs__rosidl_generator_cExport-noconfig.cmake
[2.104s] -- Up-to-date: /home/eceteam4/ECE480Team4/install/vesc_msgs/share/vesc_msgs/cmake/export_vesc_msgs__rosidl_typesupport_fastrtps_cExport.cmake
[2.104s] -- Up-to-date: /home/eceteam4/ECE480Team4/install/vesc_msgs/share/vesc_msgs/cmake/export_vesc_msgs__rosidl_typesupport_fastrtps_cExport-noconfig.cmake
[2.105s] -- Up-to-date: /home/eceteam4/ECE480Team4/install/vesc_msgs/share/vesc_msgs/cmake/vesc_msgs__rosidl_typesupport_introspection_cExport.cmake
[2.105s] -- Up-to-date: /home/eceteam4/ECE480Team4/install/vesc_msgs/share/vesc_msgs/cmake/vesc_msgs__rosidl_typesupport_introspection_cExport-noconfig.cmake
[2.105s] -- Up-to-date: /home/eceteam4/ECE480Team4/install/vesc_msgs/share/vesc_msgs/cmake/vesc_msgs__rosidl_typesupport_cExport.cmake
[2.105s] -- Up-to-date: /home/eceteam4/ECE480Team4/install/vesc_msgs/share/vesc_msgs/cmake/vesc_msgs__rosidl_typesupport_cExport-noconfig.cmake
[2.105s] -- Up-to-date: /home/eceteam4/ECE480Team4/install/vesc_msgs/share/vesc_msgs/cmake/export_vesc_msgs__rosidl_generator_cppExport.cmake
[2.105s] -- Up-to-date: /home/eceteam4/ECE480Team4/install/vesc_msgs/share/vesc_msgs/cmake/export_vesc_msgs__rosidl_typesupport_fastrtps_cppExport.cmake
[2.105s] -- Up-to-date: /home/eceteam4/ECE480Team4/install/vesc_msgs/share/vesc_msgs/cmake/export_vesc_msgs__rosidl_typesupport_fastrtps_cppExport-noconfig.cmake
[2.106s] -- Up-to-date: /home/eceteam4/ECE480Team4/install/vesc_msgs/share/vesc_msgs/cmake/vesc_msgs__rosidl_typesupport_introspection_cppExport.cmake
[2.106s] -- Up-to-date: /home/eceteam4/ECE480Team4/install/vesc_msgs/share/vesc_msgs/cmake/vesc_msgs__rosidl_typesupport_introspection_cppExport-noconfig.cmake
[2.106s] -- Up-to-date: /home/eceteam4/ECE480Team4/install/vesc_msgs/share/vesc_msgs/cmake/vesc_msgs__rosidl_typesupport_cppExport.cmake
[2.106s] -- Up-to-date: /home/eceteam4/ECE480Team4/install/vesc_msgs/share/vesc_msgs/cmake/vesc_msgs__rosidl_typesupport_cppExport-noconfig.cmake
[2.106s] -- Up-to-date: /home/eceteam4/ECE480Team4/install/vesc_msgs/share/vesc_msgs/cmake/export_vesc_msgs__rosidl_generator_pyExport.cmake
[2.106s] -- Up-to-date: /home/eceteam4/ECE480Team4/install/vesc_msgs/share/vesc_msgs/cmake/export_vesc_msgs__rosidl_generator_pyExport-noconfig.cmake
[2.693s] Invoked command in '/home/eceteam4/ECE480Team4/build/vesc_msgs' returned '0': CMAKE_PREFIX_PATH=${CMAKE_PREFIX_PATH}:/home/eceteam4/ECE480Team4/install/vesc_control:/home/eceteam4/ECE480Team4/install/sensors_lidar_bridge:/home/eceteam4/ECE480Team4/install/sensors_imu_bridge:/home/eceteam4/ECE480Team4/install/sensors_camera_node:/home/eceteam4/ECE480Team4/install/racing_line:/home/eceteam4/ECE480Team4/install/perception_sync_node:/home/eceteam4/ECE480Team4/install/perception_ml_node:/home/eceteam4/ECE480Team4/install/obstacle_det:/home/eceteam4/ECE480Team4/install/lane_follow:/home/eceteam4/ECE480Team4/install/bot_slam:/opt/ros/humble /usr/bin/cmake --install /home/eceteam4/ECE480Team4/build/vesc_msgs
