[3.066s] Invoking command in '/home/eceteam4/ECE480Team4/ros2_ws/build/lane_follow': PYTHONPATH=/home/eceteam4/ECE480Team4/ros2_ws/build/lane_follow/prefix_override:/usr/lib/python3/dist-packages/colcon_core/task/python/colcon_distutils_commands:/home/eceteam4/ECE480Team4/ros2_ws/install/lane_follow/lib/python3.10/site-packages:${PYTHONPATH} /usr/bin/python3 -W ignore:setup.py install is deprecated -W ignore:easy_install command is deprecated setup.py develop --editable --build-directory /home/eceteam4/ECE480Team4/ros2_ws/build/lane_follow/build --no-deps symlink_data
[3.667s] running develop
[4.040s] running egg_info
[4.041s] writing lane_follow.egg-info/PKG-INFO
[4.041s] writing dependency_links to lane_follow.egg-info/dependency_links.txt
[4.041s] writing entry points to lane_follow.egg-info/entry_points.txt
[4.042s] writing requirements to lane_follow.egg-info/requires.txt
[4.042s] writing top-level names to lane_follow.egg-info/top_level.txt
[4.046s] reading manifest file 'lane_follow.egg-info/SOURCES.txt'
[4.048s] writing manifest file 'lane_follow.egg-info/SOURCES.txt'
[4.051s] running build_ext
[4.051s] Creating /home/eceteam4/ECE480Team4/ros2_ws/install/lane_follow/lib/python3.10/site-packages/lane-follow.egg-link (link to .)
[4.053s] Installing detect script to /home/eceteam4/ECE480Team4/ros2_ws/install/lane_follow/lib/lane_follow
[4.053s] Installing follow_pid script to /home/eceteam4/ECE480Team4/ros2_ws/install/lane_follow/lib/lane_follow
[4.054s] Installing follow_pure_pursuit script to /home/eceteam4/ECE480Team4/ros2_ws/install/lane_follow/lib/lane_follow
[4.054s] Installing ground_spot script to /home/eceteam4/ECE480Team4/ros2_ws/install/lane_follow/lib/lane_follow
[4.054s] Installing sensors_camera_node script to /home/eceteam4/ECE480Team4/ros2_ws/install/lane_follow/lib/lane_follow
[4.055s] 
[4.055s] Installed /home/eceteam4/ECE480Team4/ros2_ws/build/lane_follow
[4.055s] running symlink_data
[4.432s] Invoked command in '/home/eceteam4/ECE480Team4/ros2_ws/build/lane_follow' returned '0': PYTHONPATH=/home/eceteam4/ECE480Team4/ros2_ws/build/lane_follow/prefix_override:/usr/lib/python3/dist-packages/colcon_core/task/python/colcon_distutils_commands:/home/eceteam4/ECE480Team4/ros2_ws/install/lane_follow/lib/python3.10/site-packages:${PYTHONPATH} /usr/bin/python3 -W ignore:setup.py install is deprecated -W ignore:easy_install command is deprecated setup.py develop --editable --build-directory /home/eceteam4/ECE480Team4/ros2_ws/build/lane_follow/build --no-deps symlink_data
