[2.772s] Invoking command in '/home/eceteam4/ECE480Team4/build/sensors_imu_bridge': PYTHONPATH=/home/eceteam4/ECE480Team4/build/sensors_imu_bridge/prefix_override:/usr/lib/python3/dist-packages/colcon_core/task/python/colcon_distutils_commands:/home/eceteam4/ECE480Team4/install/sensors_imu_bridge/lib/python3.10/site-packages:${PYTHONPATH} /usr/bin/python3 -W ignore:setup.py install is deprecated -W ignore:easy_install command is deprecated setup.py develop --editable --build-directory /home/eceteam4/ECE480Team4/build/sensors_imu_bridge/build --no-deps symlink_data
[3.332s] running develop
[3.759s] running egg_info
[3.760s] creating sensors_imu_bridge.egg-info
[3.761s] writing sensors_imu_bridge.egg-info/PKG-INFO
[3.763s] writing dependency_links to sensors_imu_bridge.egg-info/dependency_links.txt
[3.764s] writing entry points to sensors_imu_bridge.egg-info/entry_points.txt
[3.765s] writing requirements to sensors_imu_bridge.egg-info/requires.txt
[3.765s] writing top-level names to sensors_imu_bridge.egg-info/top_level.txt
[3.767s] writing manifest file 'sensors_imu_bridge.egg-info/SOURCES.txt'
[3.781s] reading manifest file 'sensors_imu_bridge.egg-info/SOURCES.txt'
[3.781s] writing manifest file 'sensors_imu_bridge.egg-info/SOURCES.txt'
[3.786s] running build_ext
[3.787s] Creating /home/eceteam4/ECE480Team4/install/sensors_imu_bridge/lib/python3.10/site-packages/sensors-imu-bridge.egg-link (link to .)
[3.789s] Installing sensors_imu_bridge script to /home/eceteam4/ECE480Team4/install/sensors_imu_bridge/lib/sensors_imu_bridge
[3.791s] 
[3.791s] Installed /home/eceteam4/ECE480Team4/build/sensors_imu_bridge
[3.792s] running symlink_data
[3.792s] creating /home/eceteam4/ECE480Team4/install/sensors_imu_bridge/share/ament_index
[3.792s] creating /home/eceteam4/ECE480Team4/install/sensors_imu_bridge/share/ament_index/resource_index
[3.792s] creating /home/eceteam4/ECE480Team4/install/sensors_imu_bridge/share/ament_index/resource_index/packages
[3.793s] symbolically linking /home/eceteam4/ECE480Team4/build/sensors_imu_bridge/resource/sensors_imu_bridge -> /home/eceteam4/ECE480Team4/install/sensors_imu_bridge/share/ament_index/resource_index/packages
[3.793s] symbolically linking /home/eceteam4/ECE480Team4/build/sensors_imu_bridge/package.xml -> /home/eceteam4/ECE480Team4/install/sensors_imu_bridge/share/sensors_imu_bridge
[3.793s] creating /home/eceteam4/ECE480Team4/install/sensors_imu_bridge/share/sensors_imu_bridge/launch
[3.793s] symbolically linking /home/eceteam4/ECE480Team4/build/sensors_imu_bridge/launch/imu.launch.py -> /home/eceteam4/ECE480Team4/install/sensors_imu_bridge/share/sensors_imu_bridge/launch
[3.920s] Invoked command in '/home/eceteam4/ECE480Team4/build/sensors_imu_bridge' returned '0': PYTHONPATH=/home/eceteam4/ECE480Team4/build/sensors_imu_bridge/prefix_override:/usr/lib/python3/dist-packages/colcon_core/task/python/colcon_distutils_commands:/home/eceteam4/ECE480Team4/install/sensors_imu_bridge/lib/python3.10/site-packages:${PYTHONPATH} /usr/bin/python3 -W ignore:setup.py install is deprecated -W ignore:easy_install command is deprecated setup.py develop --editable --build-directory /home/eceteam4/ECE480Team4/build/sensors_imu_bridge/build --no-deps symlink_data
