[3.364s] Invoking command in '/home/eceteam4/ECE480Team4/ros2_ws/build/sensors_imu_bridge': PYTHONPATH=/home/eceteam4/ECE480Team4/ros2_ws/build/sensors_imu_bridge/prefix_override:/usr/lib/python3/dist-packages/colcon_core/task/python/colcon_distutils_commands:/home/eceteam4/ECE480Team4/ros2_ws/install/sensors_imu_bridge/lib/python3.10/site-packages:${PYTHONPATH} /usr/bin/python3 -W ignore:setup.py install is deprecated -W ignore:easy_install command is deprecated setup.py develop --editable --build-directory /home/eceteam4/ECE480Team4/ros2_ws/build/sensors_imu_bridge/build --no-deps symlink_data
[4.147s] running develop
[4.615s] running egg_info
[4.615s] creating sensors_imu_bridge.egg-info
[4.616s] writing sensors_imu_bridge.egg-info/PKG-INFO
[4.616s] writing dependency_links to sensors_imu_bridge.egg-info/dependency_links.txt
[4.616s] writing entry points to sensors_imu_bridge.egg-info/entry_points.txt
[4.617s] writing requirements to sensors_imu_bridge.egg-info/requires.txt
[4.617s] writing top-level names to sensors_imu_bridge.egg-info/top_level.txt
[4.617s] writing manifest file 'sensors_imu_bridge.egg-info/SOURCES.txt'
[4.624s] reading manifest file 'sensors_imu_bridge.egg-info/SOURCES.txt'
[4.625s] writing manifest file 'sensors_imu_bridge.egg-info/SOURCES.txt'
[4.629s] running build_ext
[4.629s] Creating /home/eceteam4/ECE480Team4/ros2_ws/install/sensors_imu_bridge/lib/python3.10/site-packages/sensors-imu-bridge.egg-link (link to .)
[4.631s] Installing sensors_imu_bridge script to /home/eceteam4/ECE480Team4/ros2_ws/install/sensors_imu_bridge/lib/sensors_imu_bridge
[4.632s] 
[4.632s] Installed /home/eceteam4/ECE480Team4/ros2_ws/build/sensors_imu_bridge
[4.632s] running symlink_data
[4.633s] creating /home/eceteam4/ECE480Team4/ros2_ws/install/sensors_imu_bridge/share/ament_index
[4.633s] creating /home/eceteam4/ECE480Team4/ros2_ws/install/sensors_imu_bridge/share/ament_index/resource_index
[4.633s] creating /home/eceteam4/ECE480Team4/ros2_ws/install/sensors_imu_bridge/share/ament_index/resource_index/packages
[4.634s] symbolically linking /home/eceteam4/ECE480Team4/ros2_ws/build/sensors_imu_bridge/resource/sensors_imu_bridge -> /home/eceteam4/ECE480Team4/ros2_ws/install/sensors_imu_bridge/share/ament_index/resource_index/packages
[4.634s] symbolically linking /home/eceteam4/ECE480Team4/ros2_ws/build/sensors_imu_bridge/package.xml -> /home/eceteam4/ECE480Team4/ros2_ws/install/sensors_imu_bridge/share/sensors_imu_bridge
[4.635s] creating /home/eceteam4/ECE480Team4/ros2_ws/install/sensors_imu_bridge/share/sensors_imu_bridge/launch
[4.635s] symbolically linking /home/eceteam4/ECE480Team4/ros2_ws/build/sensors_imu_bridge/launch/imu.launch.py -> /home/eceteam4/ECE480Team4/ros2_ws/install/sensors_imu_bridge/share/sensors_imu_bridge/launch
