[0.142s] DEBUG:colcon:Command line arguments: ['/usr/bin/colcon', 'build', '--symlink-install']
[0.142s] DEBUG:colcon:Parsed command line arguments: Namespace(log_base=None, log_level=None, verb_name='build', build_base='build', install_base='install', merge_install=False, symlink_install=True, test_result_base=None, continue_on_error=False, executor='parallel', parallel_workers=6, event_handlers=None, ignore_user_meta=False, metas=['./colcon.meta'], base_paths=['.'], packages_ignore=None, packages_ignore_regex=None, paths=None, packages_up_to=None, packages_up_to_regex=None, packages_above=None, packages_above_and_dependencies=None, packages_above_depth=None, packages_select_by_dep=None, packages_skip_by_dep=None, packages_skip_up_to=None, packages_select_build_failed=False, packages_skip_build_finished=False, packages_select_test_failures=False, packages_skip_test_passed=False, packages_select=None, packages_skip=None, packages_select_regex=None, packages_skip_regex=None, packages_start=None, packages_end=None, cmake_args=None, cmake_target=None, cmake_target_skip_unavailable=False, cmake_clean_cache=False, cmake_clean_first=False, cmake_force_configure=False, ament_cmake_args=None, catkin_cmake_args=None, catkin_skip_building_tests=False, mixin_files=None, mixin=None, verb_parser=<colcon_mixin.mixin.mixin_argument.MixinArgumentDecorator object at 0x14c4d3f3e9e0>, verb_extension=<colcon_core.verb.build.BuildVerb object at 0x14c4d4087910>, main=<bound method BuildVerb.main of <colcon_core.verb.build.BuildVerb object at 0x14c4d4087910>>, mixin_verb=('build',))
[0.323s] Level 1:colcon.colcon_core.package_discovery:discover_packages(colcon_meta) check parameters
[0.323s] Level 1:colcon.colcon_core.package_discovery:discover_packages(recursive) check parameters
[0.323s] Level 1:colcon.colcon_core.package_discovery:discover_packages(ignore) check parameters
[0.323s] Level 1:colcon.colcon_core.package_discovery:discover_packages(path) check parameters
[0.323s] Level 1:colcon.colcon_core.package_discovery:discover_packages(colcon_meta) discover
[0.323s] Level 1:colcon.colcon_core.package_discovery:discover_packages(recursive) discover
[0.323s] INFO:colcon.colcon_core.package_discovery:Crawling recursively for packages in '/mnt/home/leflarsa/autonomous-vehicle-project/ros2_ws/src'
[0.325s] Level 1:colcon.colcon_core.package_identification:_identify(.) by extensions ['ignore', 'ignore_ament_install']
[0.325s] Level 1:colcon.colcon_core.package_identification:_identify(.) by extension 'ignore'
[0.325s] Level 1:colcon.colcon_core.package_identification:_identify(.) by extension 'ignore_ament_install'
[0.325s] Level 1:colcon.colcon_core.package_identification:_identify(.) by extensions ['colcon_pkg']
[0.325s] Level 1:colcon.colcon_core.package_identification:_identify(.) by extension 'colcon_pkg'
[0.325s] Level 1:colcon.colcon_core.package_identification:_identify(.) by extensions ['colcon_meta']
[0.325s] Level 1:colcon.colcon_core.package_identification:_identify(.) by extension 'colcon_meta'
[0.325s] Level 1:colcon.colcon_core.package_identification:_identify(.) by extensions ['ros']
[0.325s] Level 1:colcon.colcon_core.package_identification:_identify(.) by extension 'ros'
[0.336s] Level 1:colcon.colcon_core.package_identification:_identify(.) by extensions ['cmake', 'python']
[0.336s] Level 1:colcon.colcon_core.package_identification:_identify(.) by extension 'cmake'
[0.336s] Level 1:colcon.colcon_core.package_identification:_identify(.) by extension 'python'
[0.336s] Level 1:colcon.colcon_core.package_identification:_identify(.) by extensions ['python_setup_py']
[0.336s] Level 1:colcon.colcon_core.package_identification:_identify(.) by extension 'python_setup_py'
[0.337s] Level 1:colcon.colcon_core.package_identification:_identify(build) by extensions ['ignore', 'ignore_ament_install']
[0.337s] Level 1:colcon.colcon_core.package_identification:_identify(build) by extension 'ignore'
[0.337s] Level 1:colcon.colcon_core.package_identification:_identify(build) ignored
[0.338s] Level 1:colcon.colcon_core.package_identification:_identify(control_pure_pursuit_node) by extensions ['ignore', 'ignore_ament_install']
[0.338s] Level 1:colcon.colcon_core.package_identification:_identify(control_pure_pursuit_node) by extension 'ignore'
[0.338s] Level 1:colcon.colcon_core.package_identification:_identify(control_pure_pursuit_node) by extension 'ignore_ament_install'
[0.338s] Level 1:colcon.colcon_core.package_identification:_identify(control_pure_pursuit_node) by extensions ['colcon_pkg']
[0.338s] Level 1:colcon.colcon_core.package_identification:_identify(control_pure_pursuit_node) by extension 'colcon_pkg'
[0.338s] Level 1:colcon.colcon_core.package_identification:_identify(control_pure_pursuit_node) by extensions ['colcon_meta']
[0.338s] Level 1:colcon.colcon_core.package_identification:_identify(control_pure_pursuit_node) by extension 'colcon_meta'
[0.338s] Level 1:colcon.colcon_core.package_identification:_identify(control_pure_pursuit_node) by extensions ['ros']
[0.338s] Level 1:colcon.colcon_core.package_identification:_identify(control_pure_pursuit_node) by extension 'ros'
[0.338s] Level 1:colcon.colcon_core.package_identification:_identify(control_pure_pursuit_node) by extensions ['cmake', 'python']
[0.338s] Level 1:colcon.colcon_core.package_identification:_identify(control_pure_pursuit_node) by extension 'cmake'
[0.338s] Level 1:colcon.colcon_core.package_identification:_identify(control_pure_pursuit_node) by extension 'python'
[0.338s] Level 1:colcon.colcon_core.package_identification:_identify(control_pure_pursuit_node) by extensions ['python_setup_py']
[0.338s] Level 1:colcon.colcon_core.package_identification:_identify(control_pure_pursuit_node) by extension 'python_setup_py'
[0.338s] Level 1:colcon.colcon_core.package_identification:_identify(curvy_road) by extensions ['ignore', 'ignore_ament_install']
[0.339s] Level 1:colcon.colcon_core.package_identification:_identify(curvy_road) by extension 'ignore'
[0.339s] Level 1:colcon.colcon_core.package_identification:_identify(curvy_road) by extension 'ignore_ament_install'
[0.339s] Level 1:colcon.colcon_core.package_identification:_identify(curvy_road) by extensions ['colcon_pkg']
[0.339s] Level 1:colcon.colcon_core.package_identification:_identify(curvy_road) by extension 'colcon_pkg'
[0.339s] Level 1:colcon.colcon_core.package_identification:_identify(curvy_road) by extensions ['colcon_meta']
[0.339s] Level 1:colcon.colcon_core.package_identification:_identify(curvy_road) by extension 'colcon_meta'
[0.339s] Level 1:colcon.colcon_core.package_identification:_identify(curvy_road) by extensions ['ros']
[0.339s] Level 1:colcon.colcon_core.package_identification:_identify(curvy_road) by extension 'ros'
[0.342s] DEBUG:colcon.colcon_core.package_identification:Package 'curvy_road' with type 'ros.ament_cmake' and name 'curvy_road'
[0.344s] Level 1:colcon.colcon_core.package_identification:_identify(install) by extensions ['ignore', 'ignore_ament_install']
[0.344s] Level 1:colcon.colcon_core.package_identification:_identify(install) by extension 'ignore'
[0.344s] Level 1:colcon.colcon_core.package_identification:_identify(install) ignored
[0.344s] Level 1:colcon.colcon_core.package_identification:_identify(localization_ekf_node) by extensions ['ignore', 'ignore_ament_install']
[0.344s] Level 1:colcon.colcon_core.package_identification:_identify(localization_ekf_node) by extension 'ignore'
[0.344s] Level 1:colcon.colcon_core.package_identification:_identify(localization_ekf_node) by extension 'ignore_ament_install'
[0.344s] Level 1:colcon.colcon_core.package_identification:_identify(localization_ekf_node) by extensions ['colcon_pkg']
[0.344s] Level 1:colcon.colcon_core.package_identification:_identify(localization_ekf_node) by extension 'colcon_pkg'
[0.344s] Level 1:colcon.colcon_core.package_identification:_identify(localization_ekf_node) by extensions ['colcon_meta']
[0.344s] Level 1:colcon.colcon_core.package_identification:_identify(localization_ekf_node) by extension 'colcon_meta'
[0.344s] Level 1:colcon.colcon_core.package_identification:_identify(localization_ekf_node) by extensions ['ros']
[0.344s] Level 1:colcon.colcon_core.package_identification:_identify(localization_ekf_node) by extension 'ros'
[0.344s] Level 1:colcon.colcon_core.package_identification:_identify(localization_ekf_node) by extensions ['cmake', 'python']
[0.344s] Level 1:colcon.colcon_core.package_identification:_identify(localization_ekf_node) by extension 'cmake'
[0.344s] Level 1:colcon.colcon_core.package_identification:_identify(localization_ekf_node) by extension 'python'
[0.344s] Level 1:colcon.colcon_core.package_identification:_identify(localization_ekf_node) by extensions ['python_setup_py']
[0.344s] Level 1:colcon.colcon_core.package_identification:_identify(localization_ekf_node) by extension 'python_setup_py'
[0.345s] Level 1:colcon.colcon_core.package_identification:_identify(localization_orb_slam_vio_node) by extensions ['ignore', 'ignore_ament_install']
[0.345s] Level 1:colcon.colcon_core.package_identification:_identify(localization_orb_slam_vio_node) by extension 'ignore'
[0.345s] Level 1:colcon.colcon_core.package_identification:_identify(localization_orb_slam_vio_node) by extension 'ignore_ament_install'
[0.345s] Level 1:colcon.colcon_core.package_identification:_identify(localization_orb_slam_vio_node) by extensions ['colcon_pkg']
[0.345s] Level 1:colcon.colcon_core.package_identification:_identify(localization_orb_slam_vio_node) by extension 'colcon_pkg'
[0.345s] Level 1:colcon.colcon_core.package_identification:_identify(localization_orb_slam_vio_node) by extensions ['colcon_meta']
[0.345s] Level 1:colcon.colcon_core.package_identification:_identify(localization_orb_slam_vio_node) by extension 'colcon_meta'
[0.345s] Level 1:colcon.colcon_core.package_identification:_identify(localization_orb_slam_vio_node) by extensions ['ros']
[0.345s] Level 1:colcon.colcon_core.package_identification:_identify(localization_orb_slam_vio_node) by extension 'ros'
[0.345s] Level 1:colcon.colcon_core.package_identification:_identify(localization_orb_slam_vio_node) by extensions ['cmake', 'python']
[0.345s] Level 1:colcon.colcon_core.package_identification:_identify(localization_orb_slam_vio_node) by extension 'cmake'
[0.345s] Level 1:colcon.colcon_core.package_identification:_identify(localization_orb_slam_vio_node) by extension 'python'
[0.345s] Level 1:colcon.colcon_core.package_identification:_identify(localization_orb_slam_vio_node) by extensions ['python_setup_py']
[0.345s] Level 1:colcon.colcon_core.package_identification:_identify(localization_orb_slam_vio_node) by extension 'python_setup_py'
[0.347s] Level 1:colcon.colcon_core.package_identification:_identify(log) by extensions ['ignore', 'ignore_ament_install']
[0.347s] Level 1:colcon.colcon_core.package_identification:_identify(log) by extension 'ignore'
[0.347s] Level 1:colcon.colcon_core.package_identification:_identify(log) ignored
[0.347s] Level 1:colcon.colcon_core.package_identification:_identify(perception_fusion_node) by extensions ['ignore', 'ignore_ament_install']
[0.347s] Level 1:colcon.colcon_core.package_identification:_identify(perception_fusion_node) by extension 'ignore'
[0.347s] Level 1:colcon.colcon_core.package_identification:_identify(perception_fusion_node) by extension 'ignore_ament_install'
[0.347s] Level 1:colcon.colcon_core.package_identification:_identify(perception_fusion_node) by extensions ['colcon_pkg']
[0.347s] Level 1:colcon.colcon_core.package_identification:_identify(perception_fusion_node) by extension 'colcon_pkg'
[0.347s] Level 1:colcon.colcon_core.package_identification:_identify(perception_fusion_node) by extensions ['colcon_meta']
[0.347s] Level 1:colcon.colcon_core.package_identification:_identify(perception_fusion_node) by extension 'colcon_meta'
[0.347s] Level 1:colcon.colcon_core.package_identification:_identify(perception_fusion_node) by extensions ['ros']
[0.347s] Level 1:colcon.colcon_core.package_identification:_identify(perception_fusion_node) by extension 'ros'
[0.347s] Level 1:colcon.colcon_core.package_identification:_identify(perception_fusion_node) by extensions ['cmake', 'python']
[0.348s] Level 1:colcon.colcon_core.package_identification:_identify(perception_fusion_node) by extension 'cmake'
[0.348s] Level 1:colcon.colcon_core.package_identification:_identify(perception_fusion_node) by extension 'python'
[0.348s] Level 1:colcon.colcon_core.package_identification:_identify(perception_fusion_node) by extensions ['python_setup_py']
[0.348s] Level 1:colcon.colcon_core.package_identification:_identify(perception_fusion_node) by extension 'python_setup_py'
[0.348s] Level 1:colcon.colcon_core.package_identification:_identify(perception_ml_node) by extensions ['ignore', 'ignore_ament_install']
[0.348s] Level 1:colcon.colcon_core.package_identification:_identify(perception_ml_node) by extension 'ignore'
[0.348s] Level 1:colcon.colcon_core.package_identification:_identify(perception_ml_node) by extension 'ignore_ament_install'
[0.348s] Level 1:colcon.colcon_core.package_identification:_identify(perception_ml_node) by extensions ['colcon_pkg']
[0.348s] Level 1:colcon.colcon_core.package_identification:_identify(perception_ml_node) by extension 'colcon_pkg'
[0.348s] Level 1:colcon.colcon_core.package_identification:_identify(perception_ml_node) by extensions ['colcon_meta']
[0.348s] Level 1:colcon.colcon_core.package_identification:_identify(perception_ml_node) by extension 'colcon_meta'
[0.348s] Level 1:colcon.colcon_core.package_identification:_identify(perception_ml_node) by extensions ['ros']
[0.348s] Level 1:colcon.colcon_core.package_identification:_identify(perception_ml_node) by extension 'ros'
[0.349s] DEBUG:colcon.colcon_core.package_identification:Package 'perception_ml_node' with type 'ros.catkin' and name 'perception_ml_node'
[0.349s] Level 1:colcon.colcon_core.package_identification:_identify(perception_sync_node) by extensions ['ignore', 'ignore_ament_install']
[0.350s] Level 1:colcon.colcon_core.package_identification:_identify(perception_sync_node) by extension 'ignore'
[0.350s] Level 1:colcon.colcon_core.package_identification:_identify(perception_sync_node) by extension 'ignore_ament_install'
[0.350s] Level 1:colcon.colcon_core.package_identification:_identify(perception_sync_node) by extensions ['colcon_pkg']
[0.350s] Level 1:colcon.colcon_core.package_identification:_identify(perception_sync_node) by extension 'colcon_pkg'
[0.350s] Level 1:colcon.colcon_core.package_identification:_identify(perception_sync_node) by extensions ['colcon_meta']
[0.350s] Level 1:colcon.colcon_core.package_identification:_identify(perception_sync_node) by extension 'colcon_meta'
[0.350s] Level 1:colcon.colcon_core.package_identification:_identify(perception_sync_node) by extensions ['ros']
[0.350s] Level 1:colcon.colcon_core.package_identification:_identify(perception_sync_node) by extension 'ros'
[0.351s] DEBUG:colcon.colcon_core.package_identification:Failed to parse potential ROS package manifest in'perception_sync_node': Error(s) in package 'perception_sync_node/package.xml':
The manifest contains invalid XML:
not well-formed (invalid token): line 6, column 36
[0.351s] Level 1:colcon.colcon_core.package_identification:_identify(perception_sync_node) by extensions ['cmake', 'python']
[0.351s] Level 1:colcon.colcon_core.package_identification:_identify(perception_sync_node) by extension 'cmake'
[0.351s] Level 1:colcon.colcon_core.package_identification:_identify(perception_sync_node) by extension 'python'
[0.351s] DEBUG:colcon.colcon_core.package_identification:Python package in 'perception_sync_node' passes arguments to the setup() function which requires a different identification extension than 'python'
[0.351s] Level 1:colcon.colcon_core.package_identification:_identify(perception_sync_node) by extensions ['python_setup_py']
[0.351s] Level 1:colcon.colcon_core.package_identification:_identify(perception_sync_node) by extension 'python_setup_py'
[0.598s] DEBUG:colcon.colcon_core.package_identification:Package 'perception_sync_node' with type 'python' and name 'perception_sync_node'
[0.599s] Level 1:colcon.colcon_core.package_identification:_identify(planning_global_planner_node) by extensions ['ignore', 'ignore_ament_install']
[0.599s] Level 1:colcon.colcon_core.package_identification:_identify(planning_global_planner_node) by extension 'ignore'
[0.599s] Level 1:colcon.colcon_core.package_identification:_identify(planning_global_planner_node) by extension 'ignore_ament_install'
[0.599s] Level 1:colcon.colcon_core.package_identification:_identify(planning_global_planner_node) by extensions ['colcon_pkg']
[0.599s] Level 1:colcon.colcon_core.package_identification:_identify(planning_global_planner_node) by extension 'colcon_pkg'
[0.599s] Level 1:colcon.colcon_core.package_identification:_identify(planning_global_planner_node) by extensions ['colcon_meta']
[0.599s] Level 1:colcon.colcon_core.package_identification:_identify(planning_global_planner_node) by extension 'colcon_meta'
[0.599s] Level 1:colcon.colcon_core.package_identification:_identify(planning_global_planner_node) by extensions ['ros']
[0.599s] Level 1:colcon.colcon_core.package_identification:_identify(planning_global_planner_node) by extension 'ros'
[0.599s] Level 1:colcon.colcon_core.package_identification:_identify(planning_global_planner_node) by extensions ['cmake', 'python']
[0.599s] Level 1:colcon.colcon_core.package_identification:_identify(planning_global_planner_node) by extension 'cmake'
[0.599s] Level 1:colcon.colcon_core.package_identification:_identify(planning_global_planner_node) by extension 'python'
[0.599s] Level 1:colcon.colcon_core.package_identification:_identify(planning_global_planner_node) by extensions ['python_setup_py']
[0.599s] Level 1:colcon.colcon_core.package_identification:_identify(planning_global_planner_node) by extension 'python_setup_py'
[0.599s] Level 1:colcon.colcon_core.package_identification:_identify(sensors_camera_node) by extensions ['ignore', 'ignore_ament_install']
[0.599s] Level 1:colcon.colcon_core.package_identification:_identify(sensors_camera_node) by extension 'ignore'
[0.599s] Level 1:colcon.colcon_core.package_identification:_identify(sensors_camera_node) by extension 'ignore_ament_install'
[0.600s] Level 1:colcon.colcon_core.package_identification:_identify(sensors_camera_node) by extensions ['colcon_pkg']
[0.600s] Level 1:colcon.colcon_core.package_identification:_identify(sensors_camera_node) by extension 'colcon_pkg'
[0.600s] Level 1:colcon.colcon_core.package_identification:_identify(sensors_camera_node) by extensions ['colcon_meta']
[0.600s] Level 1:colcon.colcon_core.package_identification:_identify(sensors_camera_node) by extension 'colcon_meta'
[0.600s] Level 1:colcon.colcon_core.package_identification:_identify(sensors_camera_node) by extensions ['ros']
[0.600s] Level 1:colcon.colcon_core.package_identification:_identify(sensors_camera_node) by extension 'ros'
[0.601s] DEBUG:colcon.colcon_core.package_identification:Package 'sensors_camera_node' with type 'ros.catkin' and name 'sensors_camera_node'
[0.601s] Level 1:colcon.colcon_core.package_identification:_identify(sensors_imu_bridge) by extensions ['ignore', 'ignore_ament_install']
[0.601s] Level 1:colcon.colcon_core.package_identification:_identify(sensors_imu_bridge) by extension 'ignore'
[0.601s] Level 1:colcon.colcon_core.package_identification:_identify(sensors_imu_bridge) by extension 'ignore_ament_install'
[0.601s] Level 1:colcon.colcon_core.package_identification:_identify(sensors_imu_bridge) by extensions ['colcon_pkg']
[0.601s] Level 1:colcon.colcon_core.package_identification:_identify(sensors_imu_bridge) by extension 'colcon_pkg'
[0.602s] Level 1:colcon.colcon_core.package_identification:_identify(sensors_imu_bridge) by extensions ['colcon_meta']
[0.602s] Level 1:colcon.colcon_core.package_identification:_identify(sensors_imu_bridge) by extension 'colcon_meta'
[0.602s] Level 1:colcon.colcon_core.package_identification:_identify(sensors_imu_bridge) by extensions ['ros']
[0.602s] Level 1:colcon.colcon_core.package_identification:_identify(sensors_imu_bridge) by extension 'ros'
[0.603s] DEBUG:colcon.colcon_core.package_identification:Package 'sensors_imu_bridge' with type 'ros.catkin' and name 'sensors_imu_bridge'
[0.603s] Level 1:colcon.colcon_core.package_identification:_identify(sensors_lidar_bridge) by extensions ['ignore', 'ignore_ament_install']
[0.603s] Level 1:colcon.colcon_core.package_identification:_identify(sensors_lidar_bridge) by extension 'ignore'
[0.603s] Level 1:colcon.colcon_core.package_identification:_identify(sensors_lidar_bridge) by extension 'ignore_ament_install'
[0.603s] Level 1:colcon.colcon_core.package_identification:_identify(sensors_lidar_bridge) by extensions ['colcon_pkg']
[0.603s] Level 1:colcon.colcon_core.package_identification:_identify(sensors_lidar_bridge) by extension 'colcon_pkg'
[0.603s] Level 1:colcon.colcon_core.package_identification:_identify(sensors_lidar_bridge) by extensions ['colcon_meta']
[0.603s] Level 1:colcon.colcon_core.package_identification:_identify(sensors_lidar_bridge) by extension 'colcon_meta'
[0.603s] Level 1:colcon.colcon_core.package_identification:_identify(sensors_lidar_bridge) by extensions ['ros']
[0.603s] Level 1:colcon.colcon_core.package_identification:_identify(sensors_lidar_bridge) by extension 'ros'
[0.604s] DEBUG:colcon.colcon_core.package_identification:Package 'sensors_lidar_bridge' with type 'ros.catkin' and name 'sensors_lidar_bridge'
[0.605s] Level 1:colcon.colcon_core.package_identification:_identify(tools_bag_recorder) by extensions ['ignore', 'ignore_ament_install']
[0.605s] Level 1:colcon.colcon_core.package_identification:_identify(tools_bag_recorder) by extension 'ignore'
[0.605s] Level 1:colcon.colcon_core.package_identification:_identify(tools_bag_recorder) by extension 'ignore_ament_install'
[0.605s] Level 1:colcon.colcon_core.package_identification:_identify(tools_bag_recorder) by extensions ['colcon_pkg']
[0.605s] Level 1:colcon.colcon_core.package_identification:_identify(tools_bag_recorder) by extension 'colcon_pkg'
[0.605s] Level 1:colcon.colcon_core.package_identification:_identify(tools_bag_recorder) by extensions ['colcon_meta']
[0.605s] Level 1:colcon.colcon_core.package_identification:_identify(tools_bag_recorder) by extension 'colcon_meta'
[0.605s] Level 1:colcon.colcon_core.package_identification:_identify(tools_bag_recorder) by extensions ['ros']
[0.605s] Level 1:colcon.colcon_core.package_identification:_identify(tools_bag_recorder) by extension 'ros'
[0.605s] Level 1:colcon.colcon_core.package_identification:_identify(tools_bag_recorder) by extensions ['cmake', 'python']
[0.605s] Level 1:colcon.colcon_core.package_identification:_identify(tools_bag_recorder) by extension 'cmake'
[0.605s] Level 1:colcon.colcon_core.package_identification:_identify(tools_bag_recorder) by extension 'python'
[0.605s] Level 1:colcon.colcon_core.package_identification:_identify(tools_bag_recorder) by extensions ['python_setup_py']
[0.605s] Level 1:colcon.colcon_core.package_identification:_identify(tools_bag_recorder) by extension 'python_setup_py'
[0.605s] Level 1:colcon.colcon_core.package_identification:_identify(viz_rviz) by extensions ['ignore', 'ignore_ament_install']
[0.605s] Level 1:colcon.colcon_core.package_identification:_identify(viz_rviz) by extension 'ignore'
[0.606s] Level 1:colcon.colcon_core.package_identification:_identify(viz_rviz) by extension 'ignore_ament_install'
[0.606s] Level 1:colcon.colcon_core.package_identification:_identify(viz_rviz) by extensions ['colcon_pkg']
[0.606s] Level 1:colcon.colcon_core.package_identification:_identify(viz_rviz) by extension 'colcon_pkg'
[0.606s] Level 1:colcon.colcon_core.package_identification:_identify(viz_rviz) by extensions ['colcon_meta']
[0.606s] Level 1:colcon.colcon_core.package_identification:_identify(viz_rviz) by extension 'colcon_meta'
[0.606s] Level 1:colcon.colcon_core.package_identification:_identify(viz_rviz) by extensions ['ros']
[0.606s] Level 1:colcon.colcon_core.package_identification:_identify(viz_rviz) by extension 'ros'
[0.606s] Level 1:colcon.colcon_core.package_identification:_identify(viz_rviz) by extensions ['cmake', 'python']
[0.606s] Level 1:colcon.colcon_core.package_identification:_identify(viz_rviz) by extension 'cmake'
[0.606s] Level 1:colcon.colcon_core.package_identification:_identify(viz_rviz) by extension 'python'
[0.606s] Level 1:colcon.colcon_core.package_identification:_identify(viz_rviz) by extensions ['python_setup_py']
[0.606s] Level 1:colcon.colcon_core.package_identification:_identify(viz_rviz) by extension 'python_setup_py'
[0.606s] Level 1:colcon.colcon_core.package_discovery:discover_packages(recursive) using defaults
[0.606s] Level 1:colcon.colcon_core.package_discovery:discover_packages(ignore) discover
[0.606s] Level 1:colcon.colcon_core.package_discovery:discover_packages(ignore) using defaults
[0.606s] Level 1:colcon.colcon_core.package_discovery:discover_packages(path) discover
[0.606s] Level 1:colcon.colcon_core.package_discovery:discover_packages(path) using defaults
[0.636s] Level 5:colcon.colcon_core.verb:set package 'curvy_road' build argument 'cmake_args' from command line to 'None'
[0.636s] Level 5:colcon.colcon_core.verb:set package 'curvy_road' build argument 'cmake_target' from command line to 'None'
[0.636s] Level 5:colcon.colcon_core.verb:set package 'curvy_road' build argument 'cmake_target_skip_unavailable' from command line to 'False'
[0.636s] Level 5:colcon.colcon_core.verb:set package 'curvy_road' build argument 'cmake_clean_cache' from command line to 'False'
[0.637s] Level 5:colcon.colcon_core.verb:set package 'curvy_road' build argument 'cmake_clean_first' from command line to 'False'
[0.637s] Level 5:colcon.colcon_core.verb:set package 'curvy_road' build argument 'cmake_force_configure' from command line to 'False'
[0.637s] Level 5:colcon.colcon_core.verb:set package 'curvy_road' build argument 'ament_cmake_args' from command line to 'None'
[0.637s] Level 5:colcon.colcon_core.verb:set package 'curvy_road' build argument 'catkin_cmake_args' from command line to 'None'
[0.637s] Level 5:colcon.colcon_core.verb:set package 'curvy_road' build argument 'catkin_skip_building_tests' from command line to 'False'
[0.637s] DEBUG:colcon.colcon_core.verb:Building package 'curvy_road' with the following arguments: {'ament_cmake_args': None, 'build_base': '/mnt/home/leflarsa/autonomous-vehicle-project/ros2_ws/src/build/curvy_road', 'catkin_cmake_args': None, 'catkin_skip_building_tests': False, 'cmake_args': None, 'cmake_clean_cache': False, 'cmake_clean_first': False, 'cmake_force_configure': False, 'cmake_target': None, 'cmake_target_skip_unavailable': False, 'install_base': '/mnt/home/leflarsa/autonomous-vehicle-project/ros2_ws/src/install/curvy_road', 'merge_install': False, 'path': '/mnt/home/leflarsa/autonomous-vehicle-project/ros2_ws/src/curvy_road', 'symlink_install': True, 'test_result_base': None}
[0.637s] Level 5:colcon.colcon_core.verb:set package 'perception_ml_node' build argument 'cmake_args' from command line to 'None'
[0.637s] Level 5:colcon.colcon_core.verb:set package 'perception_ml_node' build argument 'cmake_target' from command line to 'None'
[0.637s] Level 5:colcon.colcon_core.verb:set package 'perception_ml_node' build argument 'cmake_target_skip_unavailable' from command line to 'False'
[0.637s] Level 5:colcon.colcon_core.verb:set package 'perception_ml_node' build argument 'cmake_clean_cache' from command line to 'False'
[0.637s] Level 5:colcon.colcon_core.verb:set package 'perception_ml_node' build argument 'cmake_clean_first' from command line to 'False'
[0.637s] Level 5:colcon.colcon_core.verb:set package 'perception_ml_node' build argument 'cmake_force_configure' from command line to 'False'
[0.637s] Level 5:colcon.colcon_core.verb:set package 'perception_ml_node' build argument 'ament_cmake_args' from command line to 'None'
[0.637s] Level 5:colcon.colcon_core.verb:set package 'perception_ml_node' build argument 'catkin_cmake_args' from command line to 'None'
[0.637s] Level 5:colcon.colcon_core.verb:set package 'perception_ml_node' build argument 'catkin_skip_building_tests' from command line to 'False'
[0.637s] DEBUG:colcon.colcon_core.verb:Building package 'perception_ml_node' with the following arguments: {'ament_cmake_args': None, 'build_base': '/mnt/home/leflarsa/autonomous-vehicle-project/ros2_ws/src/build/perception_ml_node', 'catkin_cmake_args': None, 'catkin_skip_building_tests': False, 'cmake_args': None, 'cmake_clean_cache': False, 'cmake_clean_first': False, 'cmake_force_configure': False, 'cmake_target': None, 'cmake_target_skip_unavailable': False, 'install_base': '/mnt/home/leflarsa/autonomous-vehicle-project/ros2_ws/src/install/perception_ml_node', 'merge_install': False, 'path': '/mnt/home/leflarsa/autonomous-vehicle-project/ros2_ws/src/perception_ml_node', 'symlink_install': True, 'test_result_base': None}
[0.638s] Level 5:colcon.colcon_core.verb:set package 'perception_sync_node' build argument 'cmake_args' from command line to 'None'
[0.638s] Level 5:colcon.colcon_core.verb:set package 'perception_sync_node' build argument 'cmake_target' from command line to 'None'
[0.638s] Level 5:colcon.colcon_core.verb:set package 'perception_sync_node' build argument 'cmake_target_skip_unavailable' from command line to 'False'
[0.638s] Level 5:colcon.colcon_core.verb:set package 'perception_sync_node' build argument 'cmake_clean_cache' from command line to 'False'
[0.638s] Level 5:colcon.colcon_core.verb:set package 'perception_sync_node' build argument 'cmake_clean_first' from command line to 'False'
[0.638s] Level 5:colcon.colcon_core.verb:set package 'perception_sync_node' build argument 'cmake_force_configure' from command line to 'False'
[0.638s] Level 5:colcon.colcon_core.verb:set package 'perception_sync_node' build argument 'ament_cmake_args' from command line to 'None'
[0.638s] Level 5:colcon.colcon_core.verb:set package 'perception_sync_node' build argument 'catkin_cmake_args' from command line to 'None'
[0.638s] Level 5:colcon.colcon_core.verb:set package 'perception_sync_node' build argument 'catkin_skip_building_tests' from command line to 'False'
[0.638s] DEBUG:colcon.colcon_core.verb:Building package 'perception_sync_node' with the following arguments: {'ament_cmake_args': None, 'build_base': '/mnt/home/leflarsa/autonomous-vehicle-project/ros2_ws/src/build/perception_sync_node', 'catkin_cmake_args': None, 'catkin_skip_building_tests': False, 'cmake_args': None, 'cmake_clean_cache': False, 'cmake_clean_first': False, 'cmake_force_configure': False, 'cmake_target': None, 'cmake_target_skip_unavailable': False, 'install_base': '/mnt/home/leflarsa/autonomous-vehicle-project/ros2_ws/src/install/perception_sync_node', 'merge_install': False, 'path': '/mnt/home/leflarsa/autonomous-vehicle-project/ros2_ws/src/perception_sync_node', 'symlink_install': True, 'test_result_base': None}
[0.638s] Level 5:colcon.colcon_core.verb:set package 'sensors_camera_node' build argument 'cmake_args' from command line to 'None'
[0.638s] Level 5:colcon.colcon_core.verb:set package 'sensors_camera_node' build argument 'cmake_target' from command line to 'None'
[0.638s] Level 5:colcon.colcon_core.verb:set package 'sensors_camera_node' build argument 'cmake_target_skip_unavailable' from command line to 'False'
[0.638s] Level 5:colcon.colcon_core.verb:set package 'sensors_camera_node' build argument 'cmake_clean_cache' from command line to 'False'
[0.638s] Level 5:colcon.colcon_core.verb:set package 'sensors_camera_node' build argument 'cmake_clean_first' from command line to 'False'
[0.638s] Level 5:colcon.colcon_core.verb:set package 'sensors_camera_node' build argument 'cmake_force_configure' from command line to 'False'
[0.638s] Level 5:colcon.colcon_core.verb:set package 'sensors_camera_node' build argument 'ament_cmake_args' from command line to 'None'
[0.638s] Level 5:colcon.colcon_core.verb:set package 'sensors_camera_node' build argument 'catkin_cmake_args' from command line to 'None'
[0.638s] Level 5:colcon.colcon_core.verb:set package 'sensors_camera_node' build argument 'catkin_skip_building_tests' from command line to 'False'
[0.638s] DEBUG:colcon.colcon_core.verb:Building package 'sensors_camera_node' with the following arguments: {'ament_cmake_args': None, 'build_base': '/mnt/home/leflarsa/autonomous-vehicle-project/ros2_ws/src/build/sensors_camera_node', 'catkin_cmake_args': None, 'catkin_skip_building_tests': False, 'cmake_args': None, 'cmake_clean_cache': False, 'cmake_clean_first': False, 'cmake_force_configure': False, 'cmake_target': None, 'cmake_target_skip_unavailable': False, 'install_base': '/mnt/home/leflarsa/autonomous-vehicle-project/ros2_ws/src/install/sensors_camera_node', 'merge_install': False, 'path': '/mnt/home/leflarsa/autonomous-vehicle-project/ros2_ws/src/sensors_camera_node', 'symlink_install': True, 'test_result_base': None}
[0.639s] Level 5:colcon.colcon_core.verb:set package 'sensors_imu_bridge' build argument 'cmake_args' from command line to 'None'
[0.639s] Level 5:colcon.colcon_core.verb:set package 'sensors_imu_bridge' build argument 'cmake_target' from command line to 'None'
[0.639s] Level 5:colcon.colcon_core.verb:set package 'sensors_imu_bridge' build argument 'cmake_target_skip_unavailable' from command line to 'False'
[0.639s] Level 5:colcon.colcon_core.verb:set package 'sensors_imu_bridge' build argument 'cmake_clean_cache' from command line to 'False'
[0.639s] Level 5:colcon.colcon_core.verb:set package 'sensors_imu_bridge' build argument 'cmake_clean_first' from command line to 'False'
[0.639s] Level 5:colcon.colcon_core.verb:set package 'sensors_imu_bridge' build argument 'cmake_force_configure' from command line to 'False'
[0.639s] Level 5:colcon.colcon_core.verb:set package 'sensors_imu_bridge' build argument 'ament_cmake_args' from command line to 'None'
[0.639s] Level 5:colcon.colcon_core.verb:set package 'sensors_imu_bridge' build argument 'catkin_cmake_args' from command line to 'None'
[0.639s] Level 5:colcon.colcon_core.verb:set package 'sensors_imu_bridge' build argument 'catkin_skip_building_tests' from command line to 'False'
[0.639s] DEBUG:colcon.colcon_core.verb:Building package 'sensors_imu_bridge' with the following arguments: {'ament_cmake_args': None, 'build_base': '/mnt/home/leflarsa/autonomous-vehicle-project/ros2_ws/src/build/sensors_imu_bridge', 'catkin_cmake_args': None, 'catkin_skip_building_tests': False, 'cmake_args': None, 'cmake_clean_cache': False, 'cmake_clean_first': False, 'cmake_force_configure': False, 'cmake_target': None, 'cmake_target_skip_unavailable': False, 'install_base': '/mnt/home/leflarsa/autonomous-vehicle-project/ros2_ws/src/install/sensors_imu_bridge', 'merge_install': False, 'path': '/mnt/home/leflarsa/autonomous-vehicle-project/ros2_ws/src/sensors_imu_bridge', 'symlink_install': True, 'test_result_base': None}
[0.639s] Level 5:colcon.colcon_core.verb:set package 'sensors_lidar_bridge' build argument 'cmake_args' from command line to 'None'
[0.639s] Level 5:colcon.colcon_core.verb:set package 'sensors_lidar_bridge' build argument 'cmake_target' from command line to 'None'
[0.639s] Level 5:colcon.colcon_core.verb:set package 'sensors_lidar_bridge' build argument 'cmake_target_skip_unavailable' from command line to 'False'
[0.639s] Level 5:colcon.colcon_core.verb:set package 'sensors_lidar_bridge' build argument 'cmake_clean_cache' from command line to 'False'
[0.639s] Level 5:colcon.colcon_core.verb:set package 'sensors_lidar_bridge' build argument 'cmake_clean_first' from command line to 'False'
[0.639s] Level 5:colcon.colcon_core.verb:set package 'sensors_lidar_bridge' build argument 'cmake_force_configure' from command line to 'False'
[0.639s] Level 5:colcon.colcon_core.verb:set package 'sensors_lidar_bridge' build argument 'ament_cmake_args' from command line to 'None'
[0.639s] Level 5:colcon.colcon_core.verb:set package 'sensors_lidar_bridge' build argument 'catkin_cmake_args' from command line to 'None'
[0.639s] Level 5:colcon.colcon_core.verb:set package 'sensors_lidar_bridge' build argument 'catkin_skip_building_tests' from command line to 'False'
[0.639s] DEBUG:colcon.colcon_core.verb:Building package 'sensors_lidar_bridge' with the following arguments: {'ament_cmake_args': None, 'build_base': '/mnt/home/leflarsa/autonomous-vehicle-project/ros2_ws/src/build/sensors_lidar_bridge', 'catkin_cmake_args': None, 'catkin_skip_building_tests': False, 'cmake_args': None, 'cmake_clean_cache': False, 'cmake_clean_first': False, 'cmake_force_configure': False, 'cmake_target': None, 'cmake_target_skip_unavailable': False, 'install_base': '/mnt/home/leflarsa/autonomous-vehicle-project/ros2_ws/src/install/sensors_lidar_bridge', 'merge_install': False, 'path': '/mnt/home/leflarsa/autonomous-vehicle-project/ros2_ws/src/sensors_lidar_bridge', 'symlink_install': True, 'test_result_base': None}
[0.639s] INFO:colcon.colcon_core.executor:Executing jobs using 'parallel' executor
[0.640s] DEBUG:colcon.colcon_parallel_executor.executor.parallel:run_until_complete
[0.641s] INFO:colcon.colcon_ros.task.ament_cmake.build:Building ROS package in '/mnt/home/leflarsa/autonomous-vehicle-project/ros2_ws/src/curvy_road' with build type 'ament_cmake'
[0.641s] INFO:colcon.colcon_cmake.task.cmake.build:Building CMake package in '/mnt/home/leflarsa/autonomous-vehicle-project/ros2_ws/src/curvy_road'
[0.643s] INFO:colcon.colcon_core.plugin_system:Skipping extension 'colcon_core.shell.bat': Not used on non-Windows systems
[0.643s] INFO:colcon.colcon_core.shell:Skip shell extension 'powershell' for command environment: Not usable outside of PowerShell
[0.643s] DEBUG:colcon.colcon_core.shell:Skip shell extension 'dsv' for command environment
[0.672s] INFO:colcon.colcon_ros.task.catkin.build:Building ROS package in '/mnt/home/leflarsa/autonomous-vehicle-project/ros2_ws/src/perception_ml_node' with build type 'catkin'
[0.672s] INFO:colcon.colcon_cmake.task.cmake.build:Building CMake package in '/mnt/home/leflarsa/autonomous-vehicle-project/ros2_ws/src/perception_ml_node'
[0.672s] INFO:colcon.colcon_core.shell:Skip shell extension 'powershell' for command environment: Not usable outside of PowerShell
[0.672s] DEBUG:colcon.colcon_core.shell:Skip shell extension 'dsv' for command environment
[0.681s] INFO:colcon.colcon_core.task.python.build:Building Python package in '/mnt/home/leflarsa/autonomous-vehicle-project/ros2_ws/src/perception_sync_node'
[0.682s] INFO:colcon.colcon_core.shell:Skip shell extension 'powershell' for command environment: Not usable outside of PowerShell
[0.682s] DEBUG:colcon.colcon_core.shell:Skip shell extension 'dsv' for command environment
[0.690s] INFO:colcon.colcon_ros.task.catkin.build:Building ROS package in '/mnt/home/leflarsa/autonomous-vehicle-project/ros2_ws/src/sensors_camera_node' with build type 'catkin'
[0.691s] INFO:colcon.colcon_cmake.task.cmake.build:Building CMake package in '/mnt/home/leflarsa/autonomous-vehicle-project/ros2_ws/src/sensors_camera_node'
[0.691s] INFO:colcon.colcon_core.shell:Skip shell extension 'powershell' for command environment: Not usable outside of PowerShell
[0.691s] DEBUG:colcon.colcon_core.shell:Skip shell extension 'dsv' for command environment
[0.700s] INFO:colcon.colcon_ros.task.catkin.build:Building ROS package in '/mnt/home/leflarsa/autonomous-vehicle-project/ros2_ws/src/sensors_imu_bridge' with build type 'catkin'
[0.700s] INFO:colcon.colcon_cmake.task.cmake.build:Building CMake package in '/mnt/home/leflarsa/autonomous-vehicle-project/ros2_ws/src/sensors_imu_bridge'
[0.701s] INFO:colcon.colcon_core.shell:Skip shell extension 'powershell' for command environment: Not usable outside of PowerShell
[0.701s] DEBUG:colcon.colcon_core.shell:Skip shell extension 'dsv' for command environment
[0.710s] INFO:colcon.colcon_ros.task.catkin.build:Building ROS package in '/mnt/home/leflarsa/autonomous-vehicle-project/ros2_ws/src/sensors_lidar_bridge' with build type 'catkin'
[0.710s] INFO:colcon.colcon_cmake.task.cmake.build:Building CMake package in '/mnt/home/leflarsa/autonomous-vehicle-project/ros2_ws/src/sensors_lidar_bridge'
[0.710s] INFO:colcon.colcon_core.shell:Skip shell extension 'powershell' for command environment: Not usable outside of PowerShell
[0.710s] DEBUG:colcon.colcon_core.shell:Skip shell extension 'dsv' for command environment
[0.787s] DEBUG:colcon.colcon_core.event_handler.log_command:Invoking command in '/mnt/home/leflarsa/autonomous-vehicle-project/ros2_ws/src/build/curvy_road': CMAKE_PREFIX_PATH=/opt/ros/humble PS1=humble:\u@\h:\w\$ /usr/bin/cmake /mnt/home/leflarsa/autonomous-vehicle-project/ros2_ws/src/curvy_road -DAMENT_CMAKE_SYMLINK_INSTALL=1 -DCMAKE_INSTALL_PREFIX=/mnt/home/leflarsa/autonomous-vehicle-project/ros2_ws/src/install/curvy_road
[0.809s] DEBUG:colcon.colcon_core.event_handler.log_command:Invoking command in '/mnt/home/leflarsa/autonomous-vehicle-project/ros2_ws/src/build/perception_ml_node': PS1=humble:\u@\h:\w\$ /usr/bin/cmake /mnt/home/leflarsa/autonomous-vehicle-project/ros2_ws/src/perception_ml_node -DCATKIN_INSTALL_INTO_PREFIX_ROOT=0 -DCATKIN_SYMLINK_INSTALL=ON -DCMAKE_INSTALL_PREFIX=/mnt/home/leflarsa/autonomous-vehicle-project/ros2_ws/src/install/perception_ml_node
[1.093s] DEBUG:colcon.colcon_core.event_handler.log_command:Invoking command in '/mnt/home/leflarsa/autonomous-vehicle-project/ros2_ws/src/build/sensors_camera_node': PS1=humble:\u@\h:\w\$ /usr/bin/cmake /mnt/home/leflarsa/autonomous-vehicle-project/ros2_ws/src/sensors_camera_node -DCATKIN_INSTALL_INTO_PREFIX_ROOT=0 -DCATKIN_SYMLINK_INSTALL=ON -DCMAKE_INSTALL_PREFIX=/mnt/home/leflarsa/autonomous-vehicle-project/ros2_ws/src/install/sensors_camera_node
[1.118s] DEBUG:colcon.colcon_core.event_handler.log_command:Invoking command in '/mnt/home/leflarsa/autonomous-vehicle-project/ros2_ws/src/build/sensors_imu_bridge': PS1=humble:\u@\h:\w\$ /usr/bin/cmake /mnt/home/leflarsa/autonomous-vehicle-project/ros2_ws/src/sensors_imu_bridge -DCATKIN_INSTALL_INTO_PREFIX_ROOT=0 -DCATKIN_SYMLINK_INSTALL=ON -DCMAKE_INSTALL_PREFIX=/mnt/home/leflarsa/autonomous-vehicle-project/ros2_ws/src/install/sensors_imu_bridge
[1.149s] Level 1:colcon.colcon_core.environment:create_environment_scripts_only(perception_ml_node)
[1.152s] Level 1:colcon.colcon_core.environment:checking '/mnt/home/leflarsa/autonomous-vehicle-project/ros2_ws/src/install/perception_ml_node' for CMake module files
[1.152s] Level 1:colcon.colcon_core.environment:checking '/mnt/home/leflarsa/autonomous-vehicle-project/ros2_ws/src/install/perception_ml_node' for CMake config files
[1.152s] Level 1:colcon.colcon_core.environment:checking '/mnt/home/leflarsa/autonomous-vehicle-project/ros2_ws/src/install/perception_ml_node/bin'
[1.153s] Level 1:colcon.colcon_core.environment:checking '/mnt/home/leflarsa/autonomous-vehicle-project/ros2_ws/src/install/perception_ml_node/lib/pkgconfig/perception_ml_node.pc'
[1.153s] Level 1:colcon.colcon_core.environment:checking '/mnt/home/leflarsa/autonomous-vehicle-project/ros2_ws/src/install/perception_ml_node/lib/python3.10/site-packages'
[1.153s] Level 1:colcon.colcon_core.environment:checking '/mnt/home/leflarsa/autonomous-vehicle-project/ros2_ws/src/install/perception_ml_node/bin'
[1.153s] INFO:colcon.colcon_core.shell:Creating package script '/mnt/home/leflarsa/autonomous-vehicle-project/ros2_ws/src/install/perception_ml_node/share/perception_ml_node/package.ps1'
[1.175s] INFO:colcon.colcon_core.shell:Creating package descriptor '/mnt/home/leflarsa/autonomous-vehicle-project/ros2_ws/src/install/perception_ml_node/share/perception_ml_node/package.dsv'
[1.177s] INFO:colcon.colcon_core.shell:Creating package script '/mnt/home/leflarsa/autonomous-vehicle-project/ros2_ws/src/install/perception_ml_node/share/perception_ml_node/package.sh'
[1.180s] INFO:colcon.colcon_core.shell:Creating package script '/mnt/home/leflarsa/autonomous-vehicle-project/ros2_ws/src/install/perception_ml_node/share/perception_ml_node/package.bash'
[1.183s] INFO:colcon.colcon_core.shell:Creating package script '/mnt/home/leflarsa/autonomous-vehicle-project/ros2_ws/src/install/perception_ml_node/share/perception_ml_node/package.zsh'
[1.186s] DEBUG:colcon.colcon_core.event_handler.log_command:Invoking command in '/mnt/home/leflarsa/autonomous-vehicle-project/ros2_ws/src/build/sensors_lidar_bridge': PS1=humble:\u@\h:\w\$ /usr/bin/cmake /mnt/home/leflarsa/autonomous-vehicle-project/ros2_ws/src/sensors_lidar_bridge -DCATKIN_INSTALL_INTO_PREFIX_ROOT=0 -DCATKIN_SYMLINK_INSTALL=ON -DCMAKE_INSTALL_PREFIX=/mnt/home/leflarsa/autonomous-vehicle-project/ros2_ws/src/install/sensors_lidar_bridge
[1.187s] DEBUG:colcon.colcon_core.event_handler.log_command:Invoked command in '/mnt/home/leflarsa/autonomous-vehicle-project/ros2_ws/src/build/perception_ml_node' returned '1': PS1=humble:\u@\h:\w\$ /usr/bin/cmake /mnt/home/leflarsa/autonomous-vehicle-project/ros2_ws/src/perception_ml_node -DCATKIN_INSTALL_INTO_PREFIX_ROOT=0 -DCATKIN_SYMLINK_INSTALL=ON -DCMAKE_INSTALL_PREFIX=/mnt/home/leflarsa/autonomous-vehicle-project/ros2_ws/src/install/perception_ml_node
[1.188s] Level 1:colcon.colcon_core.environment:create_file_with_runtime_dependencies(/mnt/home/leflarsa/autonomous-vehicle-project/ros2_ws/src/install/perception_ml_node/share/colcon-core/packages/perception_ml_node)
[1.195s] Level 1:colcon.colcon_core.environment:create_environment_scripts_only(sensors_camera_node)
[1.196s] Level 1:colcon.colcon_core.environment:checking '/mnt/home/leflarsa/autonomous-vehicle-project/ros2_ws/src/install/sensors_camera_node' for CMake module files
[1.196s] Level 1:colcon.colcon_core.environment:checking '/mnt/home/leflarsa/autonomous-vehicle-project/ros2_ws/src/install/sensors_camera_node' for CMake config files
[1.196s] Level 1:colcon.colcon_core.environment:checking '/mnt/home/leflarsa/autonomous-vehicle-project/ros2_ws/src/install/sensors_camera_node/bin'
[1.197s] Level 1:colcon.colcon_core.environment:checking '/mnt/home/leflarsa/autonomous-vehicle-project/ros2_ws/src/install/sensors_camera_node/lib/pkgconfig/sensors_camera_node.pc'
[1.197s] Level 1:colcon.colcon_core.environment:checking '/mnt/home/leflarsa/autonomous-vehicle-project/ros2_ws/src/install/sensors_camera_node/lib/python3.10/site-packages'
[1.197s] Level 1:colcon.colcon_core.environment:checking '/mnt/home/leflarsa/autonomous-vehicle-project/ros2_ws/src/install/sensors_camera_node/bin'
[1.197s] INFO:colcon.colcon_core.shell:Creating package script '/mnt/home/leflarsa/autonomous-vehicle-project/ros2_ws/src/install/sensors_camera_node/share/sensors_camera_node/package.ps1'
[1.200s] DEBUG:colcon.colcon_core.event_handler.log_command:Invoked command in '/mnt/home/leflarsa/autonomous-vehicle-project/ros2_ws/src/build/sensors_camera_node' returned '1': PS1=humble:\u@\h:\w\$ /usr/bin/cmake /mnt/home/leflarsa/autonomous-vehicle-project/ros2_ws/src/sensors_camera_node -DCATKIN_INSTALL_INTO_PREFIX_ROOT=0 -DCATKIN_SYMLINK_INSTALL=ON -DCMAKE_INSTALL_PREFIX=/mnt/home/leflarsa/autonomous-vehicle-project/ros2_ws/src/install/sensors_camera_node
[1.205s] INFO:colcon.colcon_core.shell:Creating package descriptor '/mnt/home/leflarsa/autonomous-vehicle-project/ros2_ws/src/install/sensors_camera_node/share/sensors_camera_node/package.dsv'
[1.207s] INFO:colcon.colcon_core.shell:Creating package script '/mnt/home/leflarsa/autonomous-vehicle-project/ros2_ws/src/install/sensors_camera_node/share/sensors_camera_node/package.sh'
[1.210s] INFO:colcon.colcon_core.shell:Creating package script '/mnt/home/leflarsa/autonomous-vehicle-project/ros2_ws/src/install/sensors_camera_node/share/sensors_camera_node/package.bash'
[1.213s] INFO:colcon.colcon_core.shell:Creating package script '/mnt/home/leflarsa/autonomous-vehicle-project/ros2_ws/src/install/sensors_camera_node/share/sensors_camera_node/package.zsh'
[1.216s] Level 1:colcon.colcon_core.environment:create_file_with_runtime_dependencies(/mnt/home/leflarsa/autonomous-vehicle-project/ros2_ws/src/install/sensors_camera_node/share/colcon-core/packages/sensors_camera_node)
[3.967s] DEBUG:colcon.colcon_parallel_executor.executor.parallel:closing loop
[3.967s] DEBUG:colcon.colcon_parallel_executor.executor.parallel:loop closed
[3.967s] DEBUG:colcon.colcon_parallel_executor.executor.parallel:run_until_complete finished with '1'
[3.967s] DEBUG:colcon.colcon_core.event_reactor:joining thread
[3.977s] INFO:colcon.colcon_core.plugin_system:Skipping extension 'colcon_notification.desktop_notification.notify_send': Could not find 'notify-send'
[3.977s] INFO:colcon.colcon_core.plugin_system:Skipping extension 'colcon_notification.desktop_notification.terminal_notifier': Not used on non-Darwin systems
[3.977s] INFO:colcon.colcon_core.plugin_system:Skipping extension 'colcon_notification.desktop_notification.win32': Not used on non-Windows systems
[3.977s] INFO:colcon.colcon_notification.desktop_notification:Sending desktop notification using 'notify2'
[4.184s] DEBUG:colcon.colcon_core.event_reactor:joined thread
[4.185s] INFO:colcon.colcon_core.shell:Creating prefix script '/mnt/home/leflarsa/autonomous-vehicle-project/ros2_ws/src/install/local_setup.ps1'
[4.189s] INFO:colcon.colcon_core.shell:Creating prefix util module '/mnt/home/leflarsa/autonomous-vehicle-project/ros2_ws/src/install/_local_setup_util_ps1.py'
[4.193s] INFO:colcon.colcon_core.shell:Creating prefix chain script '/mnt/home/leflarsa/autonomous-vehicle-project/ros2_ws/src/install/setup.ps1'
[4.197s] INFO:colcon.colcon_core.shell:Creating prefix script '/mnt/home/leflarsa/autonomous-vehicle-project/ros2_ws/src/install/local_setup.sh'
[4.199s] INFO:colcon.colcon_core.shell:Creating prefix util module '/mnt/home/leflarsa/autonomous-vehicle-project/ros2_ws/src/install/_local_setup_util_sh.py'
[4.202s] INFO:colcon.colcon_core.shell:Creating prefix chain script '/mnt/home/leflarsa/autonomous-vehicle-project/ros2_ws/src/install/setup.sh'
[4.205s] INFO:colcon.colcon_core.shell:Creating prefix script '/mnt/home/leflarsa/autonomous-vehicle-project/ros2_ws/src/install/local_setup.bash'
[4.208s] INFO:colcon.colcon_core.shell:Creating prefix chain script '/mnt/home/leflarsa/autonomous-vehicle-project/ros2_ws/src/install/setup.bash'
[4.211s] INFO:colcon.colcon_core.shell:Creating prefix script '/mnt/home/leflarsa/autonomous-vehicle-project/ros2_ws/src/install/local_setup.zsh'
[4.214s] INFO:colcon.colcon_core.shell:Creating prefix chain script '/mnt/home/leflarsa/autonomous-vehicle-project/ros2_ws/src/install/setup.zsh'
