[3.269s] Invoking command in '/home/eceteam4/ECE480Team4/build/lane_follow': PYTHONPATH=/home/eceteam4/ECE480Team4/build/lane_follow/prefix_override:/usr/lib/python3/dist-packages/colcon_core/task/python/colcon_distutils_commands:/home/eceteam4/ECE480Team4/install/lane_follow/lib/python3.10/site-packages:${PYTHONPATH} /usr/bin/python3 -W ignore:setup.py install is deprecated -W ignore:easy_install command is deprecated setup.py develop --editable --build-directory /home/eceteam4/ECE480Team4/build/lane_follow/build --no-deps symlink_data
[3.857s] running develop
[4.228s] running egg_info
[4.228s] writing lane_follow.egg-info/PKG-INFO
[4.229s] writing dependency_links to lane_follow.egg-info/dependency_links.txt
[4.230s] writing entry points to lane_follow.egg-info/entry_points.txt
[4.230s] writing requirements to lane_follow.egg-info/requires.txt
[4.231s] writing top-level names to lane_follow.egg-info/top_level.txt
[4.236s] reading manifest file 'lane_follow.egg-info/SOURCES.txt'
[4.239s] writing manifest file 'lane_follow.egg-info/SOURCES.txt'
[4.243s] running build_ext
[4.244s] Creating /home/eceteam4/ECE480Team4/install/lane_follow/lib/python3.10/site-packages/lane-follow.egg-link (link to .)
[4.248s] Installing detect script to /home/eceteam4/ECE480Team4/install/lane_follow/lib/lane_follow
[4.248s] Installing follow_pid script to /home/eceteam4/ECE480Team4/install/lane_follow/lib/lane_follow
[4.248s] Installing follow_pure_pursuit script to /home/eceteam4/ECE480Team4/install/lane_follow/lib/lane_follow
[4.248s] Installing ground_spot script to /home/eceteam4/ECE480Team4/install/lane_follow/lib/lane_follow
[4.248s] Installing sensors_camera_node script to /home/eceteam4/ECE480Team4/install/lane_follow/lib/lane_follow
[4.249s] 
[4.249s] Installed /home/eceteam4/ECE480Team4/build/lane_follow
[4.249s] running symlink_data
[4.373s] Invoked command in '/home/eceteam4/ECE480Team4/build/lane_follow' returned '0': PYTHONPATH=/home/eceteam4/ECE480Team4/build/lane_follow/prefix_override:/usr/lib/python3/dist-packages/colcon_core/task/python/colcon_distutils_commands:/home/eceteam4/ECE480Team4/install/lane_follow/lib/python3.10/site-packages:${PYTHONPATH} /usr/bin/python3 -W ignore:setup.py install is deprecated -W ignore:easy_install command is deprecated setup.py develop --editable --build-directory /home/eceteam4/ECE480Team4/build/lane_follow/build --no-deps symlink_data
