[0.032s] Invoking command in '/home/eceteam4/ECE480Team4/ros2_ws/build/vesc': AMENT_PREFIX_PATH=/home/eceteam4/ECE480Team4/ros2_ws/install/vesc_driver:/home/eceteam4/ECE480Team4/ros2_ws/install/vesc_ackermann:/home/eceteam4/ECE480Team4/ros2_ws/install/vesc_msgs:${AMENT_PREFIX_PATH} CMAKE_PREFIX_PATH=/home/eceteam4/ECE480Team4/ros2_ws/install/vesc_driver:/home/eceteam4/ECE480Team4/ros2_ws/install/vesc_ackermann:/home/eceteam4/ECE480Team4/ros2_ws/install/vesc_msgs:/opt/ros/humble LD_LIBRARY_PATH=/home/eceteam4/ECE480Team4/ros2_ws/install/vesc_driver/lib:/home/eceteam4/ECE480Team4/ros2_ws/install/vesc_ackermann/lib:/home/eceteam4/ECE480Team4/ros2_ws/install/vesc_msgs/lib:${LD_LIBRARY_PATH} PYTHONPATH=/home/eceteam4/ECE480Team4/ros2_ws/install/vesc_msgs/local/lib/python3.10/dist-packages:${PYTHONPATH} /usr/bin/cmake /home/eceteam4/ECE480Team4/ros2_ws/src/vesc -DAMENT_CMAKE_SYMLINK_INSTALL=1 -DCMAKE_INSTALL_PREFIX=/home/eceteam4/ECE480Team4/ros2_ws/install/vesc
[0.152s] -- The C compiler identification is GNU 11.4.0
[0.277s] -- The CXX compiler identification is GNU 11.4.0
[0.299s] -- Detecting C compiler ABI info
[0.439s] -- Detecting C compiler ABI info - done
[0.456s] -- Check for working C compiler: /usr/bin/cc - skipped
[0.458s] -- Detecting C compile features
[0.459s] -- Detecting C compile features - done
[0.470s] -- Detecting CXX compiler ABI info
[0.655s] -- Detecting CXX compiler ABI info - done
[0.680s] -- Check for working CXX compiler: /usr/bin/c++ - skipped
[0.681s] -- Detecting CXX compile features
[0.683s] -- Detecting CXX compile features - done
[0.691s] -- Found ament_cmake_auto: 1.3.13 (/opt/ros/humble/share/ament_cmake_auto/cmake)
[1.023s] -- Found Python3: /usr/bin/python3 (found version "3.10.12") found components: Interpreter 
[1.154s] -- Override CMake install command with custom implementation using symlinks instead of copying resources
[1.387s] -- Configuring done
[1.397s] -- Generating done
[1.402s] -- Build files have been written to: /home/eceteam4/ECE480Team4/ros2_ws/build/vesc
[1.418s] Invoked command in '/home/eceteam4/ECE480Team4/ros2_ws/build/vesc' returned '0': AMENT_PREFIX_PATH=/home/eceteam4/ECE480Team4/ros2_ws/install/vesc_driver:/home/eceteam4/ECE480Team4/ros2_ws/install/vesc_ackermann:/home/eceteam4/ECE480Team4/ros2_ws/install/vesc_msgs:${AMENT_PREFIX_PATH} CMAKE_PREFIX_PATH=/home/eceteam4/ECE480Team4/ros2_ws/install/vesc_driver:/home/eceteam4/ECE480Team4/ros2_ws/install/vesc_ackermann:/home/eceteam4/ECE480Team4/ros2_ws/install/vesc_msgs:/opt/ros/humble LD_LIBRARY_PATH=/home/eceteam4/ECE480Team4/ros2_ws/install/vesc_driver/lib:/home/eceteam4/ECE480Team4/ros2_ws/install/vesc_ackermann/lib:/home/eceteam4/ECE480Team4/ros2_ws/install/vesc_msgs/lib:${LD_LIBRARY_PATH} PYTHONPATH=/home/eceteam4/ECE480Team4/ros2_ws/install/vesc_msgs/local/lib/python3.10/dist-packages:${PYTHONPATH} /usr/bin/cmake /home/eceteam4/ECE480Team4/ros2_ws/src/vesc -DAMENT_CMAKE_SYMLINK_INSTALL=1 -DCMAKE_INSTALL_PREFIX=/home/eceteam4/ECE480Team4/ros2_ws/install/vesc
[1.423s] Invoking command in '/home/eceteam4/ECE480Team4/ros2_ws/build/vesc': AMENT_PREFIX_PATH=/home/eceteam4/ECE480Team4/ros2_ws/install/vesc_driver:/home/eceteam4/ECE480Team4/ros2_ws/install/vesc_ackermann:/home/eceteam4/ECE480Team4/ros2_ws/install/vesc_msgs:${AMENT_PREFIX_PATH} CMAKE_PREFIX_PATH=/home/eceteam4/ECE480Team4/ros2_ws/install/vesc_driver:/home/eceteam4/ECE480Team4/ros2_ws/install/vesc_ackermann:/home/eceteam4/ECE480Team4/ros2_ws/install/vesc_msgs:/opt/ros/humble LD_LIBRARY_PATH=/home/eceteam4/ECE480Team4/ros2_ws/install/vesc_driver/lib:/home/eceteam4/ECE480Team4/ros2_ws/install/vesc_ackermann/lib:/home/eceteam4/ECE480Team4/ros2_ws/install/vesc_msgs/lib:${LD_LIBRARY_PATH} PYTHONPATH=/home/eceteam4/ECE480Team4/ros2_ws/install/vesc_msgs/local/lib/python3.10/dist-packages:${PYTHONPATH} /usr/bin/cmake --build /home/eceteam4/ECE480Team4/ros2_ws/build/vesc -- -j6 -l6
[1.516s] Invoked command in '/home/eceteam4/ECE480Team4/ros2_ws/build/vesc' returned '0': AMENT_PREFIX_PATH=/home/eceteam4/ECE480Team4/ros2_ws/install/vesc_driver:/home/eceteam4/ECE480Team4/ros2_ws/install/vesc_ackermann:/home/eceteam4/ECE480Team4/ros2_ws/install/vesc_msgs:${AMENT_PREFIX_PATH} CMAKE_PREFIX_PATH=/home/eceteam4/ECE480Team4/ros2_ws/install/vesc_driver:/home/eceteam4/ECE480Team4/ros2_ws/install/vesc_ackermann:/home/eceteam4/ECE480Team4/ros2_ws/install/vesc_msgs:/opt/ros/humble LD_LIBRARY_PATH=/home/eceteam4/ECE480Team4/ros2_ws/install/vesc_driver/lib:/home/eceteam4/ECE480Team4/ros2_ws/install/vesc_ackermann/lib:/home/eceteam4/ECE480Team4/ros2_ws/install/vesc_msgs/lib:${LD_LIBRARY_PATH} PYTHONPATH=/home/eceteam4/ECE480Team4/ros2_ws/install/vesc_msgs/local/lib/python3.10/dist-packages:${PYTHONPATH} /usr/bin/cmake --build /home/eceteam4/ECE480Team4/ros2_ws/build/vesc -- -j6 -l6
[1.520s] Invoking command in '/home/eceteam4/ECE480Team4/ros2_ws/build/vesc': AMENT_PREFIX_PATH=/home/eceteam4/ECE480Team4/ros2_ws/install/vesc_driver:/home/eceteam4/ECE480Team4/ros2_ws/install/vesc_ackermann:/home/eceteam4/ECE480Team4/ros2_ws/install/vesc_msgs:${AMENT_PREFIX_PATH} CMAKE_PREFIX_PATH=/home/eceteam4/ECE480Team4/ros2_ws/install/vesc_driver:/home/eceteam4/ECE480Team4/ros2_ws/install/vesc_ackermann:/home/eceteam4/ECE480Team4/ros2_ws/install/vesc_msgs:/opt/ros/humble LD_LIBRARY_PATH=/home/eceteam4/ECE480Team4/ros2_ws/install/vesc_driver/lib:/home/eceteam4/ECE480Team4/ros2_ws/install/vesc_ackermann/lib:/home/eceteam4/ECE480Team4/ros2_ws/install/vesc_msgs/lib:${LD_LIBRARY_PATH} PYTHONPATH=/home/eceteam4/ECE480Team4/ros2_ws/install/vesc_msgs/local/lib/python3.10/dist-packages:${PYTHONPATH} /usr/bin/cmake --install /home/eceteam4/ECE480Team4/ros2_ws/build/vesc
[1.542s] -- Install configuration: ""
[1.543s] -- Execute custom install script
[1.545s] -- Symlinking: /home/eceteam4/ECE480Team4/ros2_ws/install/vesc/share/ament_index/resource_index/package_run_dependencies/vesc
[1.563s] -- Symlinking: /home/eceteam4/ECE480Team4/ros2_ws/install/vesc/share/ament_index/resource_index/parent_prefix_path/vesc
[1.585s] -- Symlinking: /home/eceteam4/ECE480Team4/ros2_ws/install/vesc/share/vesc/environment/ament_prefix_path.sh
[1.608s] -- Symlinking: /home/eceteam4/ECE480Team4/ros2_ws/install/vesc/share/vesc/environment/ament_prefix_path.dsv
[1.626s] -- Symlinking: /home/eceteam4/ECE480Team4/ros2_ws/install/vesc/share/vesc/environment/path.sh
[1.651s] -- Symlinking: /home/eceteam4/ECE480Team4/ros2_ws/install/vesc/share/vesc/environment/path.dsv
[1.673s] -- Symlinking: /home/eceteam4/ECE480Team4/ros2_ws/install/vesc/share/vesc/local_setup.bash
[1.696s] -- Symlinking: /home/eceteam4/ECE480Team4/ros2_ws/install/vesc/share/vesc/local_setup.sh
[1.719s] -- Symlinking: /home/eceteam4/ECE480Team4/ros2_ws/install/vesc/share/vesc/local_setup.zsh
[1.740s] -- Symlinking: /home/eceteam4/ECE480Team4/ros2_ws/install/vesc/share/vesc/local_setup.dsv
[1.759s] -- Symlinking: /home/eceteam4/ECE480Team4/ros2_ws/install/vesc/share/vesc/package.dsv
[1.779s] -- Symlinking: /home/eceteam4/ECE480Team4/ros2_ws/install/vesc/share/ament_index/resource_index/packages/vesc
[1.802s] -- Symlinking: /home/eceteam4/ECE480Team4/ros2_ws/install/vesc/share/vesc/cmake/vescConfig.cmake
[1.822s] -- Symlinking: /home/eceteam4/ECE480Team4/ros2_ws/install/vesc/share/vesc/cmake/vescConfig-version.cmake
[1.845s] -- Symlinking: /home/eceteam4/ECE480Team4/ros2_ws/install/vesc/share/vesc/package.xml
[1.873s] Invoked command in '/home/eceteam4/ECE480Team4/ros2_ws/build/vesc' returned '0': AMENT_PREFIX_PATH=/home/eceteam4/ECE480Team4/ros2_ws/install/vesc_driver:/home/eceteam4/ECE480Team4/ros2_ws/install/vesc_ackermann:/home/eceteam4/ECE480Team4/ros2_ws/install/vesc_msgs:${AMENT_PREFIX_PATH} CMAKE_PREFIX_PATH=/home/eceteam4/ECE480Team4/ros2_ws/install/vesc_driver:/home/eceteam4/ECE480Team4/ros2_ws/install/vesc_ackermann:/home/eceteam4/ECE480Team4/ros2_ws/install/vesc_msgs:/opt/ros/humble LD_LIBRARY_PATH=/home/eceteam4/ECE480Team4/ros2_ws/install/vesc_driver/lib:/home/eceteam4/ECE480Team4/ros2_ws/install/vesc_ackermann/lib:/home/eceteam4/ECE480Team4/ros2_ws/install/vesc_msgs/lib:${LD_LIBRARY_PATH} PYTHONPATH=/home/eceteam4/ECE480Team4/ros2_ws/install/vesc_msgs/local/lib/python3.10/dist-packages:${PYTHONPATH} /usr/bin/cmake --install /home/eceteam4/ECE480Team4/ros2_ws/build/vesc
