[2.327s] Invoking command in '/home/eceteam4/ECE480Team4/build/sensors_camera_node': PYTHONPATH=/home/eceteam4/ECE480Team4/build/sensors_camera_node/prefix_override:/usr/lib/python3/dist-packages/colcon_core/task/python/colcon_distutils_commands:/home/eceteam4/ECE480Team4/install/sensors_camera_node/lib/python3.10/site-packages:${PYTHONPATH} /usr/bin/python3 -W ignore:setup.py install is deprecated -W ignore:easy_install command is deprecated setup.py develop --editable --build-directory /home/eceteam4/ECE480Team4/build/sensors_camera_node/build --no-deps symlink_data
[3.087s] running develop
[3.441s] running egg_info
[3.441s] creating sensors_camera_node.egg-info
[3.441s] writing sensors_camera_node.egg-info/PKG-INFO
[3.442s] writing dependency_links to sensors_camera_node.egg-info/dependency_links.txt
[3.442s] writing entry points to sensors_camera_node.egg-info/entry_points.txt
[3.442s] writing requirements to sensors_camera_node.egg-info/requires.txt
[3.443s] writing top-level names to sensors_camera_node.egg-info/top_level.txt
[3.443s] writing manifest file 'sensors_camera_node.egg-info/SOURCES.txt'
[3.450s] reading manifest file 'sensors_camera_node.egg-info/SOURCES.txt'
[3.451s] writing manifest file 'sensors_camera_node.egg-info/SOURCES.txt'
[3.456s] running build_ext
[3.456s] Creating /home/eceteam4/ECE480Team4/install/sensors_camera_node/lib/python3.10/site-packages/sensors-camera-node.egg-link (link to .)
[3.458s] Installing sensors_camera_node script to /home/eceteam4/ECE480Team4/install/sensors_camera_node/lib/sensors_camera_node
[3.459s] 
[3.459s] Installed /home/eceteam4/ECE480Team4/build/sensors_camera_node
[3.460s] running symlink_data
[3.460s] creating /home/eceteam4/ECE480Team4/install/sensors_camera_node/share/ament_index
[3.460s] creating /home/eceteam4/ECE480Team4/install/sensors_camera_node/share/ament_index/resource_index
[3.460s] creating /home/eceteam4/ECE480Team4/install/sensors_camera_node/share/ament_index/resource_index/packages
[3.460s] symbolically linking /home/eceteam4/ECE480Team4/build/sensors_camera_node/resource/sensors_camera_node -> /home/eceteam4/ECE480Team4/install/sensors_camera_node/share/ament_index/resource_index/packages
[3.460s] symbolically linking /home/eceteam4/ECE480Team4/build/sensors_camera_node/package.xml -> /home/eceteam4/ECE480Team4/install/sensors_camera_node/share/sensors_camera_node
[3.461s] creating /home/eceteam4/ECE480Team4/install/sensors_camera_node/share/sensors_camera_node/launch
[3.461s] symbolically linking /home/eceteam4/ECE480Team4/build/sensors_camera_node/launch/cam.launch.py -> /home/eceteam4/ECE480Team4/install/sensors_camera_node/share/sensors_camera_node/launch
[3.575s] Invoked command in '/home/eceteam4/ECE480Team4/build/sensors_camera_node' returned '0': PYTHONPATH=/home/eceteam4/ECE480Team4/build/sensors_camera_node/prefix_override:/usr/lib/python3/dist-packages/colcon_core/task/python/colcon_distutils_commands:/home/eceteam4/ECE480Team4/install/sensors_camera_node/lib/python3.10/site-packages:${PYTHONPATH} /usr/bin/python3 -W ignore:setup.py install is deprecated -W ignore:easy_install command is deprecated setup.py develop --editable --build-directory /home/eceteam4/ECE480Team4/build/sensors_camera_node/build --no-deps symlink_data
