[3.265s] Invoking command in '/home/eceteam4/ECE480Team4/build/lane_follow': PYTHONPATH=/home/eceteam4/ECE480Team4/build/lane_follow/prefix_override:/usr/lib/python3/dist-packages/colcon_core/task/python/colcon_distutils_commands:/home/eceteam4/ECE480Team4/install/lane_follow/lib/python3.10/site-packages:${PYTHONPATH} /usr/bin/python3 -W ignore:setup.py install is deprecated -W ignore:easy_install command is deprecated setup.py develop --editable --build-directory /home/eceteam4/ECE480Team4/build/lane_follow/build --no-deps symlink_data
[3.921s] running develop
[4.334s] running egg_info
[4.334s] writing lane_follow.egg-info/PKG-INFO
[4.335s] writing dependency_links to lane_follow.egg-info/dependency_links.txt
[4.336s] writing entry points to lane_follow.egg-info/entry_points.txt
[4.336s] writing requirements to lane_follow.egg-info/requires.txt
[4.337s] writing top-level names to lane_follow.egg-info/top_level.txt
[4.342s] reading manifest file 'lane_follow.egg-info/SOURCES.txt'
[4.344s] writing manifest file 'lane_follow.egg-info/SOURCES.txt'
[4.352s] running build_ext
[4.353s] Creating /home/eceteam4/ECE480Team4/install/lane_follow/lib/python3.10/site-packages/lane-follow.egg-link (link to .)
[4.353s] Installing detect script to /home/eceteam4/ECE480Team4/install/lane_follow/lib/lane_follow
[4.353s] Installing follow_pid script to /home/eceteam4/ECE480Team4/install/lane_follow/lib/lane_follow
[4.353s] Installing follow_pure_pursuit script to /home/eceteam4/ECE480Team4/install/lane_follow/lib/lane_follow
[4.353s] Installing ground_spot script to /home/eceteam4/ECE480Team4/install/lane_follow/lib/lane_follow
[4.354s] Installing sensors_camera_node script to /home/eceteam4/ECE480Team4/install/lane_follow/lib/lane_follow
[4.354s] 
[4.354s] Installed /home/eceteam4/ECE480Team4/build/lane_follow
[4.354s] running symlink_data
[5.085s] Invoked command in '/home/eceteam4/ECE480Team4/build/lane_follow' returned '0': PYTHONPATH=/home/eceteam4/ECE480Team4/build/lane_follow/prefix_override:/usr/lib/python3/dist-packages/colcon_core/task/python/colcon_distutils_commands:/home/eceteam4/ECE480Team4/install/lane_follow/lib/python3.10/site-packages:${PYTHONPATH} /usr/bin/python3 -W ignore:setup.py install is deprecated -W ignore:easy_install command is deprecated setup.py develop --editable --build-directory /home/eceteam4/ECE480Team4/build/lane_follow/build --no-deps symlink_data
