[0.257s] DEBUG:colcon:Command line arguments: ['/usr/bin/colcon', 'build', '--packages-select', 'racing_line']
[0.257s] DEBUG:colcon:Parsed command line arguments: Namespace(log_base=None, log_level=None, verb_name='build', build_base='build', install_base='install', merge_install=False, symlink_install=False, test_result_base=None, continue_on_error=False, executor='parallel', parallel_workers=40, event_handlers=None, ignore_user_meta=False, metas=['./colcon.meta'], base_paths=['.'], packages_ignore=None, packages_ignore_regex=None, paths=None, packages_up_to=None, packages_up_to_regex=None, packages_above=None, packages_above_and_dependencies=None, packages_above_depth=None, packages_select_by_dep=None, packages_skip_by_dep=None, packages_skip_up_to=None, packages_select_build_failed=False, packages_skip_build_finished=False, packages_select_test_failures=False, packages_skip_test_passed=False, packages_select=['racing_line'], packages_skip=None, packages_select_regex=None, packages_skip_regex=None, packages_start=None, packages_end=None, cmake_args=None, cmake_target=None, cmake_target_skip_unavailable=False, cmake_clean_cache=False, cmake_clean_first=False, cmake_force_configure=False, ament_cmake_args=None, catkin_cmake_args=None, catkin_skip_building_tests=False, mixin_files=None, mixin=None, verb_parser=<colcon_mixin.mixin.mixin_argument.MixinArgumentDecorator object at 0x14a27e0aff50>, verb_extension=<colcon_core.verb.build.BuildVerb object at 0x14a27e2445f0>, main=<bound method BuildVerb.main of <colcon_core.verb.build.BuildVerb object at 0x14a27e2445f0>>, mixin_verb=('build',))
[0.349s] Level 1:colcon.colcon_core.package_discovery:discover_packages(colcon_meta) check parameters
[0.350s] Level 1:colcon.colcon_core.package_discovery:discover_packages(recursive) check parameters
[0.350s] Level 1:colcon.colcon_core.package_discovery:discover_packages(ignore) check parameters
[0.350s] Level 1:colcon.colcon_core.package_discovery:discover_packages(path) check parameters
[0.351s] Level 1:colcon.colcon_core.package_discovery:discover_packages(colcon_meta) discover
[0.352s] Level 1:colcon.colcon_core.package_discovery:discover_packages(recursive) discover
[0.352s] INFO:colcon.colcon_core.package_discovery:Crawling recursively for packages in '/mnt/home/ramosriv/av/ECE480Team4/ros2_ws'
[0.353s] Level 1:colcon.colcon_core.package_identification:_identify(.) by extensions ['ignore', 'ignore_ament_install']
[0.354s] Level 1:colcon.colcon_core.package_identification:_identify(.) by extension 'ignore'
[0.355s] Level 1:colcon.colcon_core.package_identification:_identify(.) by extension 'ignore_ament_install'
[0.356s] Level 1:colcon.colcon_core.package_identification:_identify(.) by extensions ['colcon_pkg']
[0.356s] Level 1:colcon.colcon_core.package_identification:_identify(.) by extension 'colcon_pkg'
[0.357s] Level 1:colcon.colcon_core.package_identification:_identify(.) by extensions ['colcon_meta']
[0.357s] Level 1:colcon.colcon_core.package_identification:_identify(.) by extension 'colcon_meta'
[0.357s] Level 1:colcon.colcon_core.package_identification:_identify(.) by extensions ['ros']
[0.358s] Level 1:colcon.colcon_core.package_identification:_identify(.) by extension 'ros'
[0.403s] Level 1:colcon.colcon_core.package_identification:_identify(.) by extensions ['cmake', 'python']
[0.403s] Level 1:colcon.colcon_core.package_identification:_identify(.) by extension 'cmake'
[0.403s] Level 1:colcon.colcon_core.package_identification:_identify(.) by extension 'python'
[0.405s] Level 1:colcon.colcon_core.package_identification:_identify(.) by extensions ['python_setup_py']
[0.405s] Level 1:colcon.colcon_core.package_identification:_identify(.) by extension 'python_setup_py'
[0.406s] Level 1:colcon.colcon_core.package_identification:_identify(build) by extensions ['ignore', 'ignore_ament_install']
[0.406s] Level 1:colcon.colcon_core.package_identification:_identify(build) by extension 'ignore'
[0.407s] Level 1:colcon.colcon_core.package_identification:_identify(build) ignored
[0.408s] Level 1:colcon.colcon_core.package_identification:_identify(config) by extensions ['ignore', 'ignore_ament_install']
[0.408s] Level 1:colcon.colcon_core.package_identification:_identify(config) by extension 'ignore'
[0.409s] Level 1:colcon.colcon_core.package_identification:_identify(config) by extension 'ignore_ament_install'
[0.411s] Level 1:colcon.colcon_core.package_identification:_identify(config) by extensions ['colcon_pkg']
[0.412s] Level 1:colcon.colcon_core.package_identification:_identify(config) by extension 'colcon_pkg'
[0.412s] Level 1:colcon.colcon_core.package_identification:_identify(config) by extensions ['colcon_meta']
[0.413s] Level 1:colcon.colcon_core.package_identification:_identify(config) by extension 'colcon_meta'
[0.413s] Level 1:colcon.colcon_core.package_identification:_identify(config) by extensions ['ros']
[0.414s] Level 1:colcon.colcon_core.package_identification:_identify(config) by extension 'ros'
[0.414s] Level 1:colcon.colcon_core.package_identification:_identify(config) by extensions ['cmake', 'python']
[0.415s] Level 1:colcon.colcon_core.package_identification:_identify(config) by extension 'cmake'
[0.415s] Level 1:colcon.colcon_core.package_identification:_identify(config) by extension 'python'
[0.416s] Level 1:colcon.colcon_core.package_identification:_identify(config) by extensions ['python_setup_py']
[0.417s] Level 1:colcon.colcon_core.package_identification:_identify(config) by extension 'python_setup_py'
[0.417s] Level 1:colcon.colcon_core.package_identification:_identify(install) by extensions ['ignore', 'ignore_ament_install']
[0.417s] Level 1:colcon.colcon_core.package_identification:_identify(install) by extension 'ignore'
[0.419s] Level 1:colcon.colcon_core.package_identification:_identify(install) ignored
[0.420s] Level 1:colcon.colcon_core.package_identification:_identify(launch) by extensions ['ignore', 'ignore_ament_install']
[0.420s] Level 1:colcon.colcon_core.package_identification:_identify(launch) by extension 'ignore'
[0.421s] Level 1:colcon.colcon_core.package_identification:_identify(launch) by extension 'ignore_ament_install'
[0.423s] Level 1:colcon.colcon_core.package_identification:_identify(launch) by extensions ['colcon_pkg']
[0.423s] Level 1:colcon.colcon_core.package_identification:_identify(launch) by extension 'colcon_pkg'
[0.423s] Level 1:colcon.colcon_core.package_identification:_identify(launch) by extensions ['colcon_meta']
[0.424s] Level 1:colcon.colcon_core.package_identification:_identify(launch) by extension 'colcon_meta'
[0.424s] Level 1:colcon.colcon_core.package_identification:_identify(launch) by extensions ['ros']
[0.425s] Level 1:colcon.colcon_core.package_identification:_identify(launch) by extension 'ros'
[0.426s] Level 1:colcon.colcon_core.package_identification:_identify(launch) by extensions ['cmake', 'python']
[0.426s] Level 1:colcon.colcon_core.package_identification:_identify(launch) by extension 'cmake'
[0.426s] Level 1:colcon.colcon_core.package_identification:_identify(launch) by extension 'python'
[0.427s] Level 1:colcon.colcon_core.package_identification:_identify(launch) by extensions ['python_setup_py']
[0.428s] Level 1:colcon.colcon_core.package_identification:_identify(launch) by extension 'python_setup_py'
[0.430s] Level 1:colcon.colcon_core.package_identification:_identify(log) by extensions ['ignore', 'ignore_ament_install']
[0.430s] Level 1:colcon.colcon_core.package_identification:_identify(log) by extension 'ignore'
[0.430s] Level 1:colcon.colcon_core.package_identification:_identify(log) ignored
[0.431s] Level 1:colcon.colcon_core.package_identification:_identify(racing_line) by extensions ['ignore', 'ignore_ament_install']
[0.431s] Level 1:colcon.colcon_core.package_identification:_identify(racing_line) by extension 'ignore'
[0.438s] Level 1:colcon.colcon_core.package_identification:_identify(racing_line) by extension 'ignore_ament_install'
[0.440s] Level 1:colcon.colcon_core.package_identification:_identify(racing_line) by extensions ['colcon_pkg']
[0.440s] Level 1:colcon.colcon_core.package_identification:_identify(racing_line) by extension 'colcon_pkg'
[0.441s] Level 1:colcon.colcon_core.package_identification:_identify(racing_line) by extensions ['colcon_meta']
[0.442s] Level 1:colcon.colcon_core.package_identification:_identify(racing_line) by extension 'colcon_meta'
[0.442s] Level 1:colcon.colcon_core.package_identification:_identify(racing_line) by extensions ['ros']
[0.442s] Level 1:colcon.colcon_core.package_identification:_identify(racing_line) by extension 'ros'
[0.443s] Level 1:colcon.colcon_core.package_identification:_identify(racing_line) by extensions ['cmake', 'python']
[0.443s] Level 1:colcon.colcon_core.package_identification:_identify(racing_line) by extension 'cmake'
[0.444s] Level 1:colcon.colcon_core.package_identification:_identify(racing_line) by extension 'python'
[0.444s] Level 1:colcon.colcon_core.package_identification:_identify(racing_line) by extensions ['python_setup_py']
[0.445s] Level 1:colcon.colcon_core.package_identification:_identify(racing_line) by extension 'python_setup_py'
[0.445s] Level 1:colcon.colcon_core.package_identification:_identify(src) by extensions ['ignore', 'ignore_ament_install']
[0.446s] Level 1:colcon.colcon_core.package_identification:_identify(src) by extension 'ignore'
[0.447s] Level 1:colcon.colcon_core.package_identification:_identify(src) by extension 'ignore_ament_install'
[0.448s] Level 1:colcon.colcon_core.package_identification:_identify(src) by extensions ['colcon_pkg']
[0.448s] Level 1:colcon.colcon_core.package_identification:_identify(src) by extension 'colcon_pkg'
[0.448s] Level 1:colcon.colcon_core.package_identification:_identify(src) by extensions ['colcon_meta']
[0.449s] Level 1:colcon.colcon_core.package_identification:_identify(src) by extension 'colcon_meta'
[0.449s] Level 1:colcon.colcon_core.package_identification:_identify(src) by extensions ['ros']
[0.450s] Level 1:colcon.colcon_core.package_identification:_identify(src) by extension 'ros'
[0.451s] Level 1:colcon.colcon_core.package_identification:_identify(src) by extensions ['cmake', 'python']
[0.451s] Level 1:colcon.colcon_core.package_identification:_identify(src) by extension 'cmake'
[0.451s] Level 1:colcon.colcon_core.package_identification:_identify(src) by extension 'python'
[0.452s] Level 1:colcon.colcon_core.package_identification:_identify(src) by extensions ['python_setup_py']
[0.452s] Level 1:colcon.colcon_core.package_identification:_identify(src) by extension 'python_setup_py'
[0.452s] Level 1:colcon.colcon_core.package_identification:_identify(src/control_pure_pursuit_node) by extensions ['ignore', 'ignore_ament_install']
[0.453s] Level 1:colcon.colcon_core.package_identification:_identify(src/control_pure_pursuit_node) by extension 'ignore'
[0.454s] Level 1:colcon.colcon_core.package_identification:_identify(src/control_pure_pursuit_node) by extension 'ignore_ament_install'
[0.455s] Level 1:colcon.colcon_core.package_identification:_identify(src/control_pure_pursuit_node) by extensions ['colcon_pkg']
[0.456s] Level 1:colcon.colcon_core.package_identification:_identify(src/control_pure_pursuit_node) by extension 'colcon_pkg'
[0.456s] Level 1:colcon.colcon_core.package_identification:_identify(src/control_pure_pursuit_node) by extensions ['colcon_meta']
[0.457s] Level 1:colcon.colcon_core.package_identification:_identify(src/control_pure_pursuit_node) by extension 'colcon_meta'
[0.457s] Level 1:colcon.colcon_core.package_identification:_identify(src/control_pure_pursuit_node) by extensions ['ros']
[0.458s] Level 1:colcon.colcon_core.package_identification:_identify(src/control_pure_pursuit_node) by extension 'ros'
[0.459s] Level 1:colcon.colcon_core.package_identification:_identify(src/control_pure_pursuit_node) by extensions ['cmake', 'python']
[0.459s] Level 1:colcon.colcon_core.package_identification:_identify(src/control_pure_pursuit_node) by extension 'cmake'
[0.460s] Level 1:colcon.colcon_core.package_identification:_identify(src/control_pure_pursuit_node) by extension 'python'
[0.461s] Level 1:colcon.colcon_core.package_identification:_identify(src/control_pure_pursuit_node) by extensions ['python_setup_py']
[0.461s] Level 1:colcon.colcon_core.package_identification:_identify(src/control_pure_pursuit_node) by extension 'python_setup_py'
[0.462s] Level 1:colcon.colcon_core.package_identification:_identify(src/curvy_road) by extensions ['ignore', 'ignore_ament_install']
[0.462s] Level 1:colcon.colcon_core.package_identification:_identify(src/curvy_road) by extension 'ignore'
[0.464s] Level 1:colcon.colcon_core.package_identification:_identify(src/curvy_road) by extension 'ignore_ament_install'
[0.465s] Level 1:colcon.colcon_core.package_identification:_identify(src/curvy_road) by extensions ['colcon_pkg']
[0.465s] Level 1:colcon.colcon_core.package_identification:_identify(src/curvy_road) by extension 'colcon_pkg'
[0.465s] Level 1:colcon.colcon_core.package_identification:_identify(src/curvy_road) by extensions ['colcon_meta']
[0.466s] Level 1:colcon.colcon_core.package_identification:_identify(src/curvy_road) by extension 'colcon_meta'
[0.466s] Level 1:colcon.colcon_core.package_identification:_identify(src/curvy_road) by extensions ['ros']
[0.468s] Level 1:colcon.colcon_core.package_identification:_identify(src/curvy_road) by extension 'ros'
[0.472s] DEBUG:colcon.colcon_core.package_identification:Package 'src/curvy_road' with type 'ros.ament_cmake' and name 'curvy_road'
[0.473s] Level 1:colcon.colcon_core.package_identification:_identify(src/lane_follow) by extensions ['ignore', 'ignore_ament_install']
[0.473s] Level 1:colcon.colcon_core.package_identification:_identify(src/lane_follow) by extension 'ignore'
[0.475s] Level 1:colcon.colcon_core.package_identification:_identify(src/lane_follow) by extension 'ignore_ament_install'
[0.475s] Level 1:colcon.colcon_core.package_identification:_identify(src/lane_follow) by extensions ['colcon_pkg']
[0.476s] Level 1:colcon.colcon_core.package_identification:_identify(src/lane_follow) by extension 'colcon_pkg'
[0.476s] Level 1:colcon.colcon_core.package_identification:_identify(src/lane_follow) by extensions ['colcon_meta']
[0.477s] Level 1:colcon.colcon_core.package_identification:_identify(src/lane_follow) by extension 'colcon_meta'
[0.477s] Level 1:colcon.colcon_core.package_identification:_identify(src/lane_follow) by extensions ['ros']
[0.477s] Level 1:colcon.colcon_core.package_identification:_identify(src/lane_follow) by extension 'ros'
[0.479s] DEBUG:colcon.colcon_core.package_identification:Package 'src/lane_follow' with type 'ros.ament_python' and name 'lane_follow'
[0.479s] Level 1:colcon.colcon_core.package_identification:_identify(src/localization_ekf_node) by extensions ['ignore', 'ignore_ament_install']
[0.480s] Level 1:colcon.colcon_core.package_identification:_identify(src/localization_ekf_node) by extension 'ignore'
[0.481s] Level 1:colcon.colcon_core.package_identification:_identify(src/localization_ekf_node) by extension 'ignore_ament_install'
[0.482s] Level 1:colcon.colcon_core.package_identification:_identify(src/localization_ekf_node) by extensions ['colcon_pkg']
[0.483s] Level 1:colcon.colcon_core.package_identification:_identify(src/localization_ekf_node) by extension 'colcon_pkg'
[0.483s] Level 1:colcon.colcon_core.package_identification:_identify(src/localization_ekf_node) by extensions ['colcon_meta']
[0.483s] Level 1:colcon.colcon_core.package_identification:_identify(src/localization_ekf_node) by extension 'colcon_meta'
[0.483s] Level 1:colcon.colcon_core.package_identification:_identify(src/localization_ekf_node) by extensions ['ros']
[0.484s] Level 1:colcon.colcon_core.package_identification:_identify(src/localization_ekf_node) by extension 'ros'
[0.485s] Level 1:colcon.colcon_core.package_identification:_identify(src/localization_ekf_node) by extensions ['cmake', 'python']
[0.485s] Level 1:colcon.colcon_core.package_identification:_identify(src/localization_ekf_node) by extension 'cmake'
[0.485s] Level 1:colcon.colcon_core.package_identification:_identify(src/localization_ekf_node) by extension 'python'
[0.486s] Level 1:colcon.colcon_core.package_identification:_identify(src/localization_ekf_node) by extensions ['python_setup_py']
[0.487s] Level 1:colcon.colcon_core.package_identification:_identify(src/localization_ekf_node) by extension 'python_setup_py'
[0.487s] Level 1:colcon.colcon_core.package_identification:_identify(src/localization_orb_slam_vio_node) by extensions ['ignore', 'ignore_ament_install']
[0.488s] Level 1:colcon.colcon_core.package_identification:_identify(src/localization_orb_slam_vio_node) by extension 'ignore'
[0.489s] Level 1:colcon.colcon_core.package_identification:_identify(src/localization_orb_slam_vio_node) by extension 'ignore_ament_install'
[0.490s] Level 1:colcon.colcon_core.package_identification:_identify(src/localization_orb_slam_vio_node) by extensions ['colcon_pkg']
[0.490s] Level 1:colcon.colcon_core.package_identification:_identify(src/localization_orb_slam_vio_node) by extension 'colcon_pkg'
[0.490s] Level 1:colcon.colcon_core.package_identification:_identify(src/localization_orb_slam_vio_node) by extensions ['colcon_meta']
[0.491s] Level 1:colcon.colcon_core.package_identification:_identify(src/localization_orb_slam_vio_node) by extension 'colcon_meta'
[0.491s] Level 1:colcon.colcon_core.package_identification:_identify(src/localization_orb_slam_vio_node) by extensions ['ros']
[0.492s] Level 1:colcon.colcon_core.package_identification:_identify(src/localization_orb_slam_vio_node) by extension 'ros'
[0.493s] Level 1:colcon.colcon_core.package_identification:_identify(src/localization_orb_slam_vio_node) by extensions ['cmake', 'python']
[0.493s] Level 1:colcon.colcon_core.package_identification:_identify(src/localization_orb_slam_vio_node) by extension 'cmake'
[0.494s] Level 1:colcon.colcon_core.package_identification:_identify(src/localization_orb_slam_vio_node) by extension 'python'
[0.494s] Level 1:colcon.colcon_core.package_identification:_identify(src/localization_orb_slam_vio_node) by extensions ['python_setup_py']
[0.495s] Level 1:colcon.colcon_core.package_identification:_identify(src/localization_orb_slam_vio_node) by extension 'python_setup_py'
[0.495s] Level 1:colcon.colcon_core.package_identification:_identify(src/obstacles_det) by extensions ['ignore', 'ignore_ament_install']
[0.496s] Level 1:colcon.colcon_core.package_identification:_identify(src/obstacles_det) by extension 'ignore'
[0.497s] Level 1:colcon.colcon_core.package_identification:_identify(src/obstacles_det) by extension 'ignore_ament_install'
[0.498s] Level 1:colcon.colcon_core.package_identification:_identify(src/obstacles_det) by extensions ['colcon_pkg']
[0.498s] Level 1:colcon.colcon_core.package_identification:_identify(src/obstacles_det) by extension 'colcon_pkg'
[0.498s] Level 1:colcon.colcon_core.package_identification:_identify(src/obstacles_det) by extensions ['colcon_meta']
[0.499s] Level 1:colcon.colcon_core.package_identification:_identify(src/obstacles_det) by extension 'colcon_meta'
[0.499s] Level 1:colcon.colcon_core.package_identification:_identify(src/obstacles_det) by extensions ['ros']
[0.500s] Level 1:colcon.colcon_core.package_identification:_identify(src/obstacles_det) by extension 'ros'
[0.501s] Level 1:colcon.colcon_core.package_identification:_identify(src/obstacles_det) by extensions ['cmake', 'python']
[0.501s] Level 1:colcon.colcon_core.package_identification:_identify(src/obstacles_det) by extension 'cmake'
[0.501s] Level 1:colcon.colcon_core.package_identification:_identify(src/obstacles_det) by extension 'python'
[0.502s] Level 1:colcon.colcon_core.package_identification:_identify(src/obstacles_det) by extensions ['python_setup_py']
[0.502s] Level 1:colcon.colcon_core.package_identification:_identify(src/obstacles_det) by extension 'python_setup_py'
[0.503s] Level 1:colcon.colcon_core.package_identification:_identify(src/obstacles_det/obstacle_det) by extensions ['ignore', 'ignore_ament_install']
[0.503s] Level 1:colcon.colcon_core.package_identification:_identify(src/obstacles_det/obstacle_det) by extension 'ignore'
[0.505s] Level 1:colcon.colcon_core.package_identification:_identify(src/obstacles_det/obstacle_det) by extension 'ignore_ament_install'
[0.506s] Level 1:colcon.colcon_core.package_identification:_identify(src/obstacles_det/obstacle_det) by extensions ['colcon_pkg']
[0.506s] Level 1:colcon.colcon_core.package_identification:_identify(src/obstacles_det/obstacle_det) by extension 'colcon_pkg'
[0.506s] Level 1:colcon.colcon_core.package_identification:_identify(src/obstacles_det/obstacle_det) by extensions ['colcon_meta']
[0.507s] Level 1:colcon.colcon_core.package_identification:_identify(src/obstacles_det/obstacle_det) by extension 'colcon_meta'
[0.507s] Level 1:colcon.colcon_core.package_identification:_identify(src/obstacles_det/obstacle_det) by extensions ['ros']
[0.508s] Level 1:colcon.colcon_core.package_identification:_identify(src/obstacles_det/obstacle_det) by extension 'ros'
[0.509s] DEBUG:colcon.colcon_core.package_identification:Package 'src/obstacles_det/obstacle_det' with type 'ros.ament_python' and name 'obstacle_det'
[0.509s] Level 1:colcon.colcon_core.package_identification:_identify(src/perception_fusion_node) by extensions ['ignore', 'ignore_ament_install']
[0.510s] Level 1:colcon.colcon_core.package_identification:_identify(src/perception_fusion_node) by extension 'ignore'
[0.511s] Level 1:colcon.colcon_core.package_identification:_identify(src/perception_fusion_node) by extension 'ignore_ament_install'
[0.512s] Level 1:colcon.colcon_core.package_identification:_identify(src/perception_fusion_node) by extensions ['colcon_pkg']
[0.512s] Level 1:colcon.colcon_core.package_identification:_identify(src/perception_fusion_node) by extension 'colcon_pkg'
[0.512s] Level 1:colcon.colcon_core.package_identification:_identify(src/perception_fusion_node) by extensions ['colcon_meta']
[0.513s] Level 1:colcon.colcon_core.package_identification:_identify(src/perception_fusion_node) by extension 'colcon_meta'
[0.513s] Level 1:colcon.colcon_core.package_identification:_identify(src/perception_fusion_node) by extensions ['ros']
[0.514s] Level 1:colcon.colcon_core.package_identification:_identify(src/perception_fusion_node) by extension 'ros'
[0.514s] Level 1:colcon.colcon_core.package_identification:_identify(src/perception_fusion_node) by extensions ['cmake', 'python']
[0.514s] Level 1:colcon.colcon_core.package_identification:_identify(src/perception_fusion_node) by extension 'cmake'
[0.514s] Level 1:colcon.colcon_core.package_identification:_identify(src/perception_fusion_node) by extension 'python'
[0.515s] Level 1:colcon.colcon_core.package_identification:_identify(src/perception_fusion_node) by extensions ['python_setup_py']
[0.516s] Level 1:colcon.colcon_core.package_identification:_identify(src/perception_fusion_node) by extension 'python_setup_py'
[0.516s] Level 1:colcon.colcon_core.package_identification:_identify(src/perception_ml_node) by extensions ['ignore', 'ignore_ament_install']
[0.516s] Level 1:colcon.colcon_core.package_identification:_identify(src/perception_ml_node) by extension 'ignore'
[0.518s] Level 1:colcon.colcon_core.package_identification:_identify(src/perception_ml_node) by extension 'ignore_ament_install'
[0.519s] Level 1:colcon.colcon_core.package_identification:_identify(src/perception_ml_node) by extensions ['colcon_pkg']
[0.519s] Level 1:colcon.colcon_core.package_identification:_identify(src/perception_ml_node) by extension 'colcon_pkg'
[0.519s] Level 1:colcon.colcon_core.package_identification:_identify(src/perception_ml_node) by extensions ['colcon_meta']
[0.520s] Level 1:colcon.colcon_core.package_identification:_identify(src/perception_ml_node) by extension 'colcon_meta'
[0.520s] Level 1:colcon.colcon_core.package_identification:_identify(src/perception_ml_node) by extensions ['ros']
[0.521s] Level 1:colcon.colcon_core.package_identification:_identify(src/perception_ml_node) by extension 'ros'
[0.522s] DEBUG:colcon.colcon_core.package_identification:Package 'src/perception_ml_node' with type 'ros.ament_python' and name 'perception_ml_node'
[0.522s] Level 1:colcon.colcon_core.package_identification:_identify(src/perception_sync_node) by extensions ['ignore', 'ignore_ament_install']
[0.523s] Level 1:colcon.colcon_core.package_identification:_identify(src/perception_sync_node) by extension 'ignore'
[0.524s] Level 1:colcon.colcon_core.package_identification:_identify(src/perception_sync_node) by extension 'ignore_ament_install'
[0.525s] Level 1:colcon.colcon_core.package_identification:_identify(src/perception_sync_node) by extensions ['colcon_pkg']
[0.525s] Level 1:colcon.colcon_core.package_identification:_identify(src/perception_sync_node) by extension 'colcon_pkg'
[0.526s] Level 1:colcon.colcon_core.package_identification:_identify(src/perception_sync_node) by extensions ['colcon_meta']
[0.526s] Level 1:colcon.colcon_core.package_identification:_identify(src/perception_sync_node) by extension 'colcon_meta'
[0.526s] Level 1:colcon.colcon_core.package_identification:_identify(src/perception_sync_node) by extensions ['ros']
[0.527s] Level 1:colcon.colcon_core.package_identification:_identify(src/perception_sync_node) by extension 'ros'
[0.528s] DEBUG:colcon.colcon_core.package_identification:Package 'src/perception_sync_node' with type 'ros.ament_python' and name 'perception_sync_node'
[0.528s] Level 1:colcon.colcon_core.package_identification:_identify(src/planning_global_planner_node) by extensions ['ignore', 'ignore_ament_install']
[0.529s] Level 1:colcon.colcon_core.package_identification:_identify(src/planning_global_planner_node) by extension 'ignore'
[0.530s] Level 1:colcon.colcon_core.package_identification:_identify(src/planning_global_planner_node) by extension 'ignore_ament_install'
[0.531s] Level 1:colcon.colcon_core.package_identification:_identify(src/planning_global_planner_node) by extensions ['colcon_pkg']
[0.531s] Level 1:colcon.colcon_core.package_identification:_identify(src/planning_global_planner_node) by extension 'colcon_pkg'
[0.532s] Level 1:colcon.colcon_core.package_identification:_identify(src/planning_global_planner_node) by extensions ['colcon_meta']
[0.532s] Level 1:colcon.colcon_core.package_identification:_identify(src/planning_global_planner_node) by extension 'colcon_meta'
[0.532s] Level 1:colcon.colcon_core.package_identification:_identify(src/planning_global_planner_node) by extensions ['ros']
[0.533s] Level 1:colcon.colcon_core.package_identification:_identify(src/planning_global_planner_node) by extension 'ros'
[0.534s] Level 1:colcon.colcon_core.package_identification:_identify(src/planning_global_planner_node) by extensions ['cmake', 'python']
[0.534s] Level 1:colcon.colcon_core.package_identification:_identify(src/planning_global_planner_node) by extension 'cmake'
[0.534s] Level 1:colcon.colcon_core.package_identification:_identify(src/planning_global_planner_node) by extension 'python'
[0.536s] Level 1:colcon.colcon_core.package_identification:_identify(src/planning_global_planner_node) by extensions ['python_setup_py']
[0.536s] Level 1:colcon.colcon_core.package_identification:_identify(src/planning_global_planner_node) by extension 'python_setup_py'
[0.537s] Level 1:colcon.colcon_core.package_identification:_identify(src/racing_line) by extensions ['ignore', 'ignore_ament_install']
[0.537s] Level 1:colcon.colcon_core.package_identification:_identify(src/racing_line) by extension 'ignore'
[0.538s] Level 1:colcon.colcon_core.package_identification:_identify(src/racing_line) by extension 'ignore_ament_install'
[0.539s] Level 1:colcon.colcon_core.package_identification:_identify(src/racing_line) by extensions ['colcon_pkg']
[0.539s] Level 1:colcon.colcon_core.package_identification:_identify(src/racing_line) by extension 'colcon_pkg'
[0.539s] Level 1:colcon.colcon_core.package_identification:_identify(src/racing_line) by extensions ['colcon_meta']
[0.540s] Level 1:colcon.colcon_core.package_identification:_identify(src/racing_line) by extension 'colcon_meta'
[0.540s] Level 1:colcon.colcon_core.package_identification:_identify(src/racing_line) by extensions ['ros']
[0.541s] Level 1:colcon.colcon_core.package_identification:_identify(src/racing_line) by extension 'ros'
[0.544s] DEBUG:colcon.colcon_core.package_identification:Package 'src/racing_line' with type 'ros.ament_python' and name 'racing_line'
[0.544s] Level 1:colcon.colcon_core.package_identification:_identify(src/sensors_camera_node) by extensions ['ignore', 'ignore_ament_install']
[0.545s] Level 1:colcon.colcon_core.package_identification:_identify(src/sensors_camera_node) by extension 'ignore'
[0.546s] Level 1:colcon.colcon_core.package_identification:_identify(src/sensors_camera_node) by extension 'ignore_ament_install'
[0.547s] Level 1:colcon.colcon_core.package_identification:_identify(src/sensors_camera_node) by extensions ['colcon_pkg']
[0.547s] Level 1:colcon.colcon_core.package_identification:_identify(src/sensors_camera_node) by extension 'colcon_pkg'
[0.548s] Level 1:colcon.colcon_core.package_identification:_identify(src/sensors_camera_node) by extensions ['colcon_meta']
[0.548s] Level 1:colcon.colcon_core.package_identification:_identify(src/sensors_camera_node) by extension 'colcon_meta'
[0.548s] Level 1:colcon.colcon_core.package_identification:_identify(src/sensors_camera_node) by extensions ['ros']
[0.549s] Level 1:colcon.colcon_core.package_identification:_identify(src/sensors_camera_node) by extension 'ros'
[0.550s] DEBUG:colcon.colcon_core.package_identification:Package 'src/sensors_camera_node' with type 'ros.ament_python' and name 'sensors_camera_node'
[0.551s] Level 1:colcon.colcon_core.package_identification:_identify(src/sensors_imu_bridge) by extensions ['ignore', 'ignore_ament_install']
[0.552s] Level 1:colcon.colcon_core.package_identification:_identify(src/sensors_imu_bridge) by extension 'ignore'
[0.553s] Level 1:colcon.colcon_core.package_identification:_identify(src/sensors_imu_bridge) by extension 'ignore_ament_install'
[0.554s] Level 1:colcon.colcon_core.package_identification:_identify(src/sensors_imu_bridge) by extensions ['colcon_pkg']
[0.554s] Level 1:colcon.colcon_core.package_identification:_identify(src/sensors_imu_bridge) by extension 'colcon_pkg'
[0.554s] Level 1:colcon.colcon_core.package_identification:_identify(src/sensors_imu_bridge) by extensions ['colcon_meta']
[0.555s] Level 1:colcon.colcon_core.package_identification:_identify(src/sensors_imu_bridge) by extension 'colcon_meta'
[0.555s] Level 1:colcon.colcon_core.package_identification:_identify(src/sensors_imu_bridge) by extensions ['ros']
[0.556s] Level 1:colcon.colcon_core.package_identification:_identify(src/sensors_imu_bridge) by extension 'ros'
[0.557s] DEBUG:colcon.colcon_core.package_identification:Package 'src/sensors_imu_bridge' with type 'ros.ament_python' and name 'sensors_imu_bridge'
[0.557s] Level 1:colcon.colcon_core.package_identification:_identify(src/sensors_lidar_bridge) by extensions ['ignore', 'ignore_ament_install']
[0.558s] Level 1:colcon.colcon_core.package_identification:_identify(src/sensors_lidar_bridge) by extension 'ignore'
[0.559s] Level 1:colcon.colcon_core.package_identification:_identify(src/sensors_lidar_bridge) by extension 'ignore_ament_install'
[0.560s] Level 1:colcon.colcon_core.package_identification:_identify(src/sensors_lidar_bridge) by extensions ['colcon_pkg']
[0.560s] Level 1:colcon.colcon_core.package_identification:_identify(src/sensors_lidar_bridge) by extension 'colcon_pkg'
[0.560s] Level 1:colcon.colcon_core.package_identification:_identify(src/sensors_lidar_bridge) by extensions ['colcon_meta']
[0.561s] Level 1:colcon.colcon_core.package_identification:_identify(src/sensors_lidar_bridge) by extension 'colcon_meta'
[0.561s] Level 1:colcon.colcon_core.package_identification:_identify(src/sensors_lidar_bridge) by extensions ['ros']
[0.562s] Level 1:colcon.colcon_core.package_identification:_identify(src/sensors_lidar_bridge) by extension 'ros'
[0.563s] DEBUG:colcon.colcon_core.package_identification:Package 'src/sensors_lidar_bridge' with type 'ros.ament_python' and name 'sensors_lidar_bridge'
[0.563s] Level 1:colcon.colcon_core.package_identification:_identify(src/tools_bag_recorder) by extensions ['ignore', 'ignore_ament_install']
[0.564s] Level 1:colcon.colcon_core.package_identification:_identify(src/tools_bag_recorder) by extension 'ignore'
[0.565s] Level 1:colcon.colcon_core.package_identification:_identify(src/tools_bag_recorder) by extension 'ignore_ament_install'
[0.566s] Level 1:colcon.colcon_core.package_identification:_identify(src/tools_bag_recorder) by extensions ['colcon_pkg']
[0.566s] Level 1:colcon.colcon_core.package_identification:_identify(src/tools_bag_recorder) by extension 'colcon_pkg'
[0.566s] Level 1:colcon.colcon_core.package_identification:_identify(src/tools_bag_recorder) by extensions ['colcon_meta']
[0.567s] Level 1:colcon.colcon_core.package_identification:_identify(src/tools_bag_recorder) by extension 'colcon_meta'
[0.567s] Level 1:colcon.colcon_core.package_identification:_identify(src/tools_bag_recorder) by extensions ['ros']
[0.568s] Level 1:colcon.colcon_core.package_identification:_identify(src/tools_bag_recorder) by extension 'ros'
[0.569s] Level 1:colcon.colcon_core.package_identification:_identify(src/tools_bag_recorder) by extensions ['cmake', 'python']
[0.569s] Level 1:colcon.colcon_core.package_identification:_identify(src/tools_bag_recorder) by extension 'cmake'
[0.569s] Level 1:colcon.colcon_core.package_identification:_identify(src/tools_bag_recorder) by extension 'python'
[0.570s] Level 1:colcon.colcon_core.package_identification:_identify(src/tools_bag_recorder) by extensions ['python_setup_py']
[0.570s] Level 1:colcon.colcon_core.package_identification:_identify(src/tools_bag_recorder) by extension 'python_setup_py'
[0.571s] Level 1:colcon.colcon_core.package_identification:_identify(src/vesc) by extensions ['ignore', 'ignore_ament_install']
[0.571s] Level 1:colcon.colcon_core.package_identification:_identify(src/vesc) by extension 'ignore'
[0.572s] Level 1:colcon.colcon_core.package_identification:_identify(src/vesc) by extension 'ignore_ament_install'
[0.573s] Level 1:colcon.colcon_core.package_identification:_identify(src/vesc) by extensions ['colcon_pkg']
[0.574s] Level 1:colcon.colcon_core.package_identification:_identify(src/vesc) by extension 'colcon_pkg'
[0.574s] Level 1:colcon.colcon_core.package_identification:_identify(src/vesc) by extensions ['colcon_meta']
[0.574s] Level 1:colcon.colcon_core.package_identification:_identify(src/vesc) by extension 'colcon_meta'
[0.574s] Level 1:colcon.colcon_core.package_identification:_identify(src/vesc) by extensions ['ros']
[0.575s] Level 1:colcon.colcon_core.package_identification:_identify(src/vesc) by extension 'ros'
[0.576s] DEBUG:colcon.colcon_core.package_identification:Package 'src/vesc' with type 'ros.ament_cmake' and name 'vesc'
[0.577s] Level 1:colcon.colcon_core.package_identification:_identify(src/vesc_ackermann) by extensions ['ignore', 'ignore_ament_install']
[0.577s] Level 1:colcon.colcon_core.package_identification:_identify(src/vesc_ackermann) by extension 'ignore'
[0.578s] Level 1:colcon.colcon_core.package_identification:_identify(src/vesc_ackermann) by extension 'ignore_ament_install'
[0.579s] Level 1:colcon.colcon_core.package_identification:_identify(src/vesc_ackermann) by extensions ['colcon_pkg']
[0.580s] Level 1:colcon.colcon_core.package_identification:_identify(src/vesc_ackermann) by extension 'colcon_pkg'
[0.580s] Level 1:colcon.colcon_core.package_identification:_identify(src/vesc_ackermann) by extensions ['colcon_meta']
[0.580s] Level 1:colcon.colcon_core.package_identification:_identify(src/vesc_ackermann) by extension 'colcon_meta'
[0.580s] Level 1:colcon.colcon_core.package_identification:_identify(src/vesc_ackermann) by extensions ['ros']
[0.581s] Level 1:colcon.colcon_core.package_identification:_identify(src/vesc_ackermann) by extension 'ros'
[0.583s] DEBUG:colcon.colcon_core.package_identification:Package 'src/vesc_ackermann' with type 'ros.ament_cmake' and name 'vesc_ackermann'
[0.583s] Level 1:colcon.colcon_core.package_identification:_identify(src/vesc_control) by extensions ['ignore', 'ignore_ament_install']
[0.584s] Level 1:colcon.colcon_core.package_identification:_identify(src/vesc_control) by extension 'ignore'
[0.585s] Level 1:colcon.colcon_core.package_identification:_identify(src/vesc_control) by extension 'ignore_ament_install'
[0.586s] Level 1:colcon.colcon_core.package_identification:_identify(src/vesc_control) by extensions ['colcon_pkg']
[0.586s] Level 1:colcon.colcon_core.package_identification:_identify(src/vesc_control) by extension 'colcon_pkg'
[0.586s] Level 1:colcon.colcon_core.package_identification:_identify(src/vesc_control) by extensions ['colcon_meta']
[0.587s] Level 1:colcon.colcon_core.package_identification:_identify(src/vesc_control) by extension 'colcon_meta'
[0.587s] Level 1:colcon.colcon_core.package_identification:_identify(src/vesc_control) by extensions ['ros']
[0.587s] Level 1:colcon.colcon_core.package_identification:_identify(src/vesc_control) by extension 'ros'
[0.589s] DEBUG:colcon.colcon_core.package_identification:Package 'src/vesc_control' with type 'ros.ament_python' and name 'vesc_control'
[0.589s] Level 1:colcon.colcon_core.package_identification:_identify(src/vesc_driver) by extensions ['ignore', 'ignore_ament_install']
[0.589s] Level 1:colcon.colcon_core.package_identification:_identify(src/vesc_driver) by extension 'ignore'
[0.590s] Level 1:colcon.colcon_core.package_identification:_identify(src/vesc_driver) by extension 'ignore_ament_install'
[0.591s] Level 1:colcon.colcon_core.package_identification:_identify(src/vesc_driver) by extensions ['colcon_pkg']
[0.592s] Level 1:colcon.colcon_core.package_identification:_identify(src/vesc_driver) by extension 'colcon_pkg'
[0.592s] Level 1:colcon.colcon_core.package_identification:_identify(src/vesc_driver) by extensions ['colcon_meta']
[0.592s] Level 1:colcon.colcon_core.package_identification:_identify(src/vesc_driver) by extension 'colcon_meta'
[0.592s] Level 1:colcon.colcon_core.package_identification:_identify(src/vesc_driver) by extensions ['ros']
[0.593s] Level 1:colcon.colcon_core.package_identification:_identify(src/vesc_driver) by extension 'ros'
[0.595s] DEBUG:colcon.colcon_core.package_identification:Package 'src/vesc_driver' with type 'ros.ament_cmake' and name 'vesc_driver'
[0.595s] Level 1:colcon.colcon_core.package_identification:_identify(src/vesc_msgs) by extensions ['ignore', 'ignore_ament_install']
[0.596s] Level 1:colcon.colcon_core.package_identification:_identify(src/vesc_msgs) by extension 'ignore'
[0.597s] Level 1:colcon.colcon_core.package_identification:_identify(src/vesc_msgs) by extension 'ignore_ament_install'
[0.597s] Level 1:colcon.colcon_core.package_identification:_identify(src/vesc_msgs) by extensions ['colcon_pkg']
[0.598s] Level 1:colcon.colcon_core.package_identification:_identify(src/vesc_msgs) by extension 'colcon_pkg'
[0.598s] Level 1:colcon.colcon_core.package_identification:_identify(src/vesc_msgs) by extensions ['colcon_meta']
[0.599s] Level 1:colcon.colcon_core.package_identification:_identify(src/vesc_msgs) by extension 'colcon_meta'
[0.599s] Level 1:colcon.colcon_core.package_identification:_identify(src/vesc_msgs) by extensions ['ros']
[0.599s] Level 1:colcon.colcon_core.package_identification:_identify(src/vesc_msgs) by extension 'ros'
[0.601s] DEBUG:colcon.colcon_core.package_identification:Package 'src/vesc_msgs' with type 'ros.ament_cmake' and name 'vesc_msgs'
[0.601s] Level 1:colcon.colcon_core.package_identification:_identify(src/viz_rviz) by extensions ['ignore', 'ignore_ament_install']
[0.602s] Level 1:colcon.colcon_core.package_identification:_identify(src/viz_rviz) by extension 'ignore'
[0.603s] Level 1:colcon.colcon_core.package_identification:_identify(src/viz_rviz) by extension 'ignore_ament_install'
[0.604s] Level 1:colcon.colcon_core.package_identification:_identify(src/viz_rviz) by extensions ['colcon_pkg']
[0.604s] Level 1:colcon.colcon_core.package_identification:_identify(src/viz_rviz) by extension 'colcon_pkg'
[0.605s] Level 1:colcon.colcon_core.package_identification:_identify(src/viz_rviz) by extensions ['colcon_meta']
[0.605s] Level 1:colcon.colcon_core.package_identification:_identify(src/viz_rviz) by extension 'colcon_meta'
[0.605s] Level 1:colcon.colcon_core.package_identification:_identify(src/viz_rviz) by extensions ['ros']
[0.606s] Level 1:colcon.colcon_core.package_identification:_identify(src/viz_rviz) by extension 'ros'
[0.607s] Level 1:colcon.colcon_core.package_identification:_identify(src/viz_rviz) by extensions ['cmake', 'python']
[0.607s] Level 1:colcon.colcon_core.package_identification:_identify(src/viz_rviz) by extension 'cmake'
[0.607s] Level 1:colcon.colcon_core.package_identification:_identify(src/viz_rviz) by extension 'python'
[0.608s] Level 1:colcon.colcon_core.package_identification:_identify(src/viz_rviz) by extensions ['python_setup_py']
[0.609s] Level 1:colcon.colcon_core.package_identification:_identify(src/viz_rviz) by extension 'python_setup_py'
[0.609s] Level 1:colcon.colcon_core.package_identification:_identify(test) by extensions ['ignore', 'ignore_ament_install']
[0.610s] Level 1:colcon.colcon_core.package_identification:_identify(test) by extension 'ignore'
[0.611s] Level 1:colcon.colcon_core.package_identification:_identify(test) by extension 'ignore_ament_install'
[0.612s] Level 1:colcon.colcon_core.package_identification:_identify(test) by extensions ['colcon_pkg']
[0.612s] Level 1:colcon.colcon_core.package_identification:_identify(test) by extension 'colcon_pkg'
[0.612s] Level 1:colcon.colcon_core.package_identification:_identify(test) by extensions ['colcon_meta']
[0.613s] Level 1:colcon.colcon_core.package_identification:_identify(test) by extension 'colcon_meta'
[0.613s] Level 1:colcon.colcon_core.package_identification:_identify(test) by extensions ['ros']
[0.614s] Level 1:colcon.colcon_core.package_identification:_identify(test) by extension 'ros'
[0.615s] Level 1:colcon.colcon_core.package_identification:_identify(test) by extensions ['cmake', 'python']
[0.615s] Level 1:colcon.colcon_core.package_identification:_identify(test) by extension 'cmake'
[0.616s] Level 1:colcon.colcon_core.package_identification:_identify(test) by extension 'python'
[0.616s] Level 1:colcon.colcon_core.package_identification:_identify(test) by extensions ['python_setup_py']
[0.617s] Level 1:colcon.colcon_core.package_identification:_identify(test) by extension 'python_setup_py'
[0.617s] Level 1:colcon.colcon_core.package_discovery:discover_packages(recursive) using defaults
[0.618s] Level 1:colcon.colcon_core.package_discovery:discover_packages(ignore) discover
[0.618s] Level 1:colcon.colcon_core.package_discovery:discover_packages(ignore) using defaults
[0.619s] Level 1:colcon.colcon_core.package_discovery:discover_packages(path) discover
[0.619s] Level 1:colcon.colcon_core.package_discovery:discover_packages(path) using defaults
[0.665s] INFO:colcon.colcon_core.package_selection:Skipping not selected package 'curvy_road' in 'src/curvy_road'
[0.665s] INFO:colcon.colcon_core.package_selection:Skipping not selected package 'lane_follow' in 'src/lane_follow'
[0.665s] INFO:colcon.colcon_core.package_selection:Skipping not selected package 'obstacle_det' in 'src/obstacles_det/obstacle_det'
[0.665s] INFO:colcon.colcon_core.package_selection:Skipping not selected package 'perception_ml_node' in 'src/perception_ml_node'
[0.665s] INFO:colcon.colcon_core.package_selection:Skipping not selected package 'perception_sync_node' in 'src/perception_sync_node'
[0.665s] INFO:colcon.colcon_core.package_selection:Skipping not selected package 'sensors_camera_node' in 'src/sensors_camera_node'
[0.665s] INFO:colcon.colcon_core.package_selection:Skipping not selected package 'sensors_imu_bridge' in 'src/sensors_imu_bridge'
[0.665s] INFO:colcon.colcon_core.package_selection:Skipping not selected package 'sensors_lidar_bridge' in 'src/sensors_lidar_bridge'
[0.666s] INFO:colcon.colcon_core.package_selection:Skipping not selected package 'vesc_control' in 'src/vesc_control'
[0.667s] INFO:colcon.colcon_core.package_selection:Skipping not selected package 'vesc_msgs' in 'src/vesc_msgs'
[0.667s] INFO:colcon.colcon_core.package_selection:Skipping not selected package 'vesc_ackermann' in 'src/vesc_ackermann'
[0.667s] INFO:colcon.colcon_core.package_selection:Skipping not selected package 'vesc_driver' in 'src/vesc_driver'
[0.667s] INFO:colcon.colcon_core.package_selection:Skipping not selected package 'vesc' in 'src/vesc'
[0.667s] Level 5:colcon.colcon_core.verb:set package 'racing_line' build argument 'cmake_args' from command line to 'None'
[0.668s] Level 5:colcon.colcon_core.verb:set package 'racing_line' build argument 'cmake_target' from command line to 'None'
[0.668s] Level 5:colcon.colcon_core.verb:set package 'racing_line' build argument 'cmake_target_skip_unavailable' from command line to 'False'
[0.668s] Level 5:colcon.colcon_core.verb:set package 'racing_line' build argument 'cmake_clean_cache' from command line to 'False'
[0.668s] Level 5:colcon.colcon_core.verb:set package 'racing_line' build argument 'cmake_clean_first' from command line to 'False'
[0.669s] Level 5:colcon.colcon_core.verb:set package 'racing_line' build argument 'cmake_force_configure' from command line to 'False'
[0.669s] Level 5:colcon.colcon_core.verb:set package 'racing_line' build argument 'ament_cmake_args' from command line to 'None'
[0.669s] Level 5:colcon.colcon_core.verb:set package 'racing_line' build argument 'catkin_cmake_args' from command line to 'None'
[0.677s] Level 5:colcon.colcon_core.verb:set package 'racing_line' build argument 'catkin_skip_building_tests' from command line to 'False'
[0.677s] DEBUG:colcon.colcon_core.verb:Building package 'racing_line' with the following arguments: {'ament_cmake_args': None, 'build_base': '/mnt/home/ramosriv/av/ECE480Team4/ros2_ws/build/racing_line', 'catkin_cmake_args': None, 'catkin_skip_building_tests': False, 'cmake_args': None, 'cmake_clean_cache': False, 'cmake_clean_first': False, 'cmake_force_configure': False, 'cmake_target': None, 'cmake_target_skip_unavailable': False, 'install_base': '/mnt/home/ramosriv/av/ECE480Team4/ros2_ws/install/racing_line', 'merge_install': False, 'path': '/mnt/home/ramosriv/av/ECE480Team4/ros2_ws/src/racing_line', 'symlink_install': False, 'test_result_base': None}
[0.677s] INFO:colcon.colcon_core.executor:Executing jobs using 'parallel' executor
[0.679s] DEBUG:colcon.colcon_parallel_executor.executor.parallel:run_until_complete
[0.679s] INFO:colcon.colcon_ros.task.ament_python.build:Building ROS package in '/mnt/home/ramosriv/av/ECE480Team4/ros2_ws/src/racing_line' with build type 'ament_python'
[0.680s] Level 1:colcon.colcon_core.shell:create_environment_hook('racing_line', 'ament_prefix_path')
[0.685s] INFO:colcon.colcon_core.plugin_system:Skipping extension 'colcon_core.shell.bat': Not used on non-Windows systems
[0.685s] INFO:colcon.colcon_core.shell:Creating environment hook '/mnt/home/ramosriv/av/ECE480Team4/ros2_ws/install/racing_line/share/racing_line/hook/ament_prefix_path.ps1'
[0.696s] INFO:colcon.colcon_core.shell:Creating environment descriptor '/mnt/home/ramosriv/av/ECE480Team4/ros2_ws/install/racing_line/share/racing_line/hook/ament_prefix_path.dsv'
[0.700s] INFO:colcon.colcon_core.shell:Creating environment hook '/mnt/home/ramosriv/av/ECE480Team4/ros2_ws/install/racing_line/share/racing_line/hook/ament_prefix_path.sh'
[0.703s] INFO:colcon.colcon_core.shell:Skip shell extension 'powershell' for command environment: Not usable outside of PowerShell
[0.703s] DEBUG:colcon.colcon_core.shell:Skip shell extension 'dsv' for command environment
[0.960s] INFO:colcon.colcon_core.task.python.build:Building Python package in '/mnt/home/ramosriv/av/ECE480Team4/ros2_ws/src/racing_line'
[0.961s] INFO:colcon.colcon_core.shell:Skip shell extension 'powershell' for command environment: Not usable outside of PowerShell
[0.962s] DEBUG:colcon.colcon_core.shell:Skip shell extension 'dsv' for command environment
[1.915s] DEBUG:colcon.colcon_core.event_handler.log_command:Invoking command in '/mnt/home/ramosriv/av/ECE480Team4/ros2_ws/src/racing_line': PS1=jazzy:\u@\h:\w\$ PYTHONPATH=/mnt/home/ramosriv/av/ECE480Team4/ros2_ws/build/racing_line/prefix_override:/usr/lib/python3/dist-packages/colcon_core/task/python/colcon_distutils_commands:/mnt/home/ramosriv/av/ECE480Team4/ros2_ws/install/racing_line/lib/python3.12/site-packages:${PYTHONPATH} VIRTUAL_ENV_PROMPT=(.venv) /usr/bin/python3 -W ignore:setup.py install is deprecated -W ignore:easy_install command is deprecated setup.py egg_info --egg-base ../../build/racing_line build --build-base /mnt/home/ramosriv/av/ECE480Team4/ros2_ws/build/racing_line/build install --record /mnt/home/ramosriv/av/ECE480Team4/ros2_ws/build/racing_line/install.log --single-version-externally-managed install_data
[2.602s] DEBUG:colcon.colcon_core.event_handler.log_command:Invoked command in '/mnt/home/ramosriv/av/ECE480Team4/ros2_ws/src/racing_line' returned '0': PS1=jazzy:\u@\h:\w\$ PYTHONPATH=/mnt/home/ramosriv/av/ECE480Team4/ros2_ws/build/racing_line/prefix_override:/usr/lib/python3/dist-packages/colcon_core/task/python/colcon_distutils_commands:/mnt/home/ramosriv/av/ECE480Team4/ros2_ws/install/racing_line/lib/python3.12/site-packages:${PYTHONPATH} VIRTUAL_ENV_PROMPT=(.venv) /usr/bin/python3 -W ignore:setup.py install is deprecated -W ignore:easy_install command is deprecated setup.py egg_info --egg-base ../../build/racing_line build --build-base /mnt/home/ramosriv/av/ECE480Team4/ros2_ws/build/racing_line/build install --record /mnt/home/ramosriv/av/ECE480Team4/ros2_ws/build/racing_line/install.log --single-version-externally-managed install_data
[2.607s] Level 1:colcon.colcon_core.environment:checking '/mnt/home/ramosriv/av/ECE480Team4/ros2_ws/install/racing_line' for CMake module files
[2.610s] Level 1:colcon.colcon_core.environment:checking '/mnt/home/ramosriv/av/ECE480Team4/ros2_ws/install/racing_line' for CMake config files
[2.617s] Level 1:colcon.colcon_core.environment:checking '/mnt/home/ramosriv/av/ECE480Team4/ros2_ws/install/racing_line/lib'
[2.618s] Level 1:colcon.colcon_core.environment:checking '/mnt/home/ramosriv/av/ECE480Team4/ros2_ws/install/racing_line/bin'
[2.619s] Level 1:colcon.colcon_core.environment:checking '/mnt/home/ramosriv/av/ECE480Team4/ros2_ws/install/racing_line/lib/pkgconfig/racing_line.pc'
[2.619s] Level 1:colcon.colcon_core.environment:checking '/mnt/home/ramosriv/av/ECE480Team4/ros2_ws/install/racing_line/lib/python3.12/site-packages'
[2.620s] Level 1:colcon.colcon_core.shell:create_environment_hook('racing_line', 'pythonpath')
[2.620s] INFO:colcon.colcon_core.shell:Creating environment hook '/mnt/home/ramosriv/av/ECE480Team4/ros2_ws/install/racing_line/share/racing_line/hook/pythonpath.ps1'
[2.624s] INFO:colcon.colcon_core.shell:Creating environment descriptor '/mnt/home/ramosriv/av/ECE480Team4/ros2_ws/install/racing_line/share/racing_line/hook/pythonpath.dsv'
[2.627s] INFO:colcon.colcon_core.shell:Creating environment hook '/mnt/home/ramosriv/av/ECE480Team4/ros2_ws/install/racing_line/share/racing_line/hook/pythonpath.sh'
[2.629s] Level 1:colcon.colcon_core.environment:checking '/mnt/home/ramosriv/av/ECE480Team4/ros2_ws/install/racing_line/bin'
[2.629s] Level 1:colcon.colcon_core.environment:create_environment_scripts_only(racing_line)
[2.630s] INFO:colcon.colcon_core.shell:Creating package script '/mnt/home/ramosriv/av/ECE480Team4/ros2_ws/install/racing_line/share/racing_line/package.ps1'
[2.634s] INFO:colcon.colcon_core.shell:Creating package descriptor '/mnt/home/ramosriv/av/ECE480Team4/ros2_ws/install/racing_line/share/racing_line/package.dsv'
[2.637s] INFO:colcon.colcon_core.shell:Creating package script '/mnt/home/ramosriv/av/ECE480Team4/ros2_ws/install/racing_line/share/racing_line/package.sh'
[2.640s] INFO:colcon.colcon_core.shell:Creating package script '/mnt/home/ramosriv/av/ECE480Team4/ros2_ws/install/racing_line/share/racing_line/package.bash'
[2.644s] INFO:colcon.colcon_core.shell:Creating package script '/mnt/home/ramosriv/av/ECE480Team4/ros2_ws/install/racing_line/share/racing_line/package.zsh'
[2.648s] Level 1:colcon.colcon_core.environment:create_file_with_runtime_dependencies(/mnt/home/ramosriv/av/ECE480Team4/ros2_ws/install/racing_line/share/colcon-core/packages/racing_line)
[2.654s] DEBUG:colcon.colcon_parallel_executor.executor.parallel:closing loop
[2.654s] DEBUG:colcon.colcon_parallel_executor.executor.parallel:loop closed
[2.655s] DEBUG:colcon.colcon_parallel_executor.executor.parallel:run_until_complete finished with '0'
[2.655s] DEBUG:colcon.colcon_core.event_reactor:joining thread
[2.715s] INFO:colcon.colcon_core.plugin_system:Skipping extension 'colcon_notification.desktop_notification.notify_send': Could not find 'notify-send'
[2.715s] INFO:colcon.colcon_core.plugin_system:Skipping extension 'colcon_notification.desktop_notification.terminal_notifier': Not used on non-Darwin systems
[2.715s] INFO:colcon.colcon_core.plugin_system:Skipping extension 'colcon_notification.desktop_notification.win32': Not used on non-Windows systems
[2.716s] INFO:colcon.colcon_notification.desktop_notification:Sending desktop notification using 'notify2'
[2.716s] DEBUG:colcon.colcon_notification.desktop_notification.notify2:Failed to initialize notify2: org.freedesktop.DBus.Error.FileNotFound: Failed to connect to socket /run/user/6034455/bus: No such file or directory
[2.717s] DEBUG:colcon.colcon_core.event_reactor:joined thread
[2.720s] INFO:colcon.colcon_core.shell:Creating prefix script '/mnt/home/ramosriv/av/ECE480Team4/ros2_ws/install/local_setup.ps1'
[2.725s] INFO:colcon.colcon_core.shell:Creating prefix util module '/mnt/home/ramosriv/av/ECE480Team4/ros2_ws/install/_local_setup_util_ps1.py'
[2.734s] INFO:colcon.colcon_core.shell:Creating prefix chain script '/mnt/home/ramosriv/av/ECE480Team4/ros2_ws/install/setup.ps1'
[2.737s] INFO:colcon.colcon_core.shell:Creating prefix script '/mnt/home/ramosriv/av/ECE480Team4/ros2_ws/install/local_setup.sh'
[2.741s] INFO:colcon.colcon_core.shell:Creating prefix util module '/mnt/home/ramosriv/av/ECE480Team4/ros2_ws/install/_local_setup_util_sh.py'
[2.743s] INFO:colcon.colcon_core.shell:Creating prefix chain script '/mnt/home/ramosriv/av/ECE480Team4/ros2_ws/install/setup.sh'
[2.747s] INFO:colcon.colcon_core.shell:Creating prefix script '/mnt/home/ramosriv/av/ECE480Team4/ros2_ws/install/local_setup.bash'
[2.750s] INFO:colcon.colcon_core.shell:Creating prefix chain script '/mnt/home/ramosriv/av/ECE480Team4/ros2_ws/install/setup.bash'
[2.754s] INFO:colcon.colcon_core.shell:Creating prefix script '/mnt/home/ramosriv/av/ECE480Team4/ros2_ws/install/local_setup.zsh'
[2.757s] INFO:colcon.colcon_core.shell:Creating prefix chain script '/mnt/home/ramosriv/av/ECE480Team4/ros2_ws/install/setup.zsh'
