[0.631s] Invoking command in '/home/eceteam4/ECE480Team4/build/gazebo_world': CMAKE_PREFIX_PATH=${CMAKE_PREFIX_PATH}:/home/eceteam4/ECE480Team4/install/vesc_control:/home/eceteam4/ECE480Team4/install/sensors_lidar_bridge:/home/eceteam4/ECE480Team4/install/sensors_imu_bridge:/home/eceteam4/ECE480Team4/install/sensors_camera_node:/home/eceteam4/ECE480Team4/install/racing_line:/home/eceteam4/ECE480Team4/install/perception_sync_node:/home/eceteam4/ECE480Team4/install/perception_ml_node:/home/eceteam4/ECE480Team4/install/obstacle_det:/home/eceteam4/ECE480Team4/install/lane_follow:/home/eceteam4/ECE480Team4/install/bot_slam:/opt/ros/humble /usr/bin/cmake --build /home/eceteam4/ECE480Team4/build/gazebo_world -- -j6 -l6
[1.224s] Invoked command in '/home/eceteam4/ECE480Team4/build/gazebo_world' returned '0': CMAKE_PREFIX_PATH=${CMAKE_PREFIX_PATH}:/home/eceteam4/ECE480Team4/install/vesc_control:/home/eceteam4/ECE480Team4/install/sensors_lidar_bridge:/home/eceteam4/ECE480Team4/install/sensors_imu_bridge:/home/eceteam4/ECE480Team4/install/sensors_camera_node:/home/eceteam4/ECE480Team4/install/racing_line:/home/eceteam4/ECE480Team4/install/perception_sync_node:/home/eceteam4/ECE480Team4/install/perception_ml_node:/home/eceteam4/ECE480Team4/install/obstacle_det:/home/eceteam4/ECE480Team4/install/lane_follow:/home/eceteam4/ECE480Team4/install/bot_slam:/opt/ros/humble /usr/bin/cmake --build /home/eceteam4/ECE480Team4/build/gazebo_world -- -j6 -l6
[1.239s] Invoking command in '/home/eceteam4/ECE480Team4/build/gazebo_world': CMAKE_PREFIX_PATH=${CMAKE_PREFIX_PATH}:/home/eceteam4/ECE480Team4/install/vesc_control:/home/eceteam4/ECE480Team4/install/sensors_lidar_bridge:/home/eceteam4/ECE480Team4/install/sensors_imu_bridge:/home/eceteam4/ECE480Team4/install/sensors_camera_node:/home/eceteam4/ECE480Team4/install/racing_line:/home/eceteam4/ECE480Team4/install/perception_sync_node:/home/eceteam4/ECE480Team4/install/perception_ml_node:/home/eceteam4/ECE480Team4/install/obstacle_det:/home/eceteam4/ECE480Team4/install/lane_follow:/home/eceteam4/ECE480Team4/install/bot_slam:/opt/ros/humble /usr/bin/cmake --install /home/eceteam4/ECE480Team4/build/gazebo_world
[1.262s] -- Install configuration: ""
[1.262s] -- Execute custom install script
[1.263s] -- Up-to-date symlink: /home/eceteam4/ECE480Team4/install/gazebo_world/share/gazebo_world/launch/empty_world.launch.py
[1.263s] -- Up-to-date symlink: /home/eceteam4/ECE480Team4/install/gazebo_world/share/gazebo_world/launch/world.launch.py
[1.263s] -- Up-to-date symlink: /home/eceteam4/ECE480Team4/install/gazebo_world/share/gazebo_world/worlds/my_world.sdf
[1.263s] -- Up-to-date symlink: /home/eceteam4/ECE480Team4/install/gazebo_world/share/gazebo_world/worlds/my_world2.sdf
[1.263s] -- Up-to-date symlink: /home/eceteam4/ECE480Team4/install/gazebo_world/share/gazebo_world/worlds/package.xml
[1.263s] -- Up-to-date symlink: /home/eceteam4/ECE480Team4/install/gazebo_world/share/ament_index/resource_index/package_run_dependencies/gazebo_world
[1.264s] -- Up-to-date symlink: /home/eceteam4/ECE480Team4/install/gazebo_world/share/ament_index/resource_index/parent_prefix_path/gazebo_world
[1.264s] -- Up-to-date symlink: /home/eceteam4/ECE480Team4/install/gazebo_world/share/gazebo_world/environment/ament_prefix_path.sh
[1.265s] -- Up-to-date symlink: /home/eceteam4/ECE480Team4/install/gazebo_world/share/gazebo_world/environment/ament_prefix_path.dsv
[1.267s] -- Up-to-date symlink: /home/eceteam4/ECE480Team4/install/gazebo_world/share/gazebo_world/environment/path.sh
[1.269s] -- Up-to-date symlink: /home/eceteam4/ECE480Team4/install/gazebo_world/share/gazebo_world/environment/path.dsv
[1.270s] -- Up-to-date symlink: /home/eceteam4/ECE480Team4/install/gazebo_world/share/gazebo_world/local_setup.bash
[1.270s] -- Up-to-date symlink: /home/eceteam4/ECE480Team4/install/gazebo_world/share/gazebo_world/local_setup.sh
[1.270s] -- Up-to-date symlink: /home/eceteam4/ECE480Team4/install/gazebo_world/share/gazebo_world/local_setup.zsh
[1.271s] -- Up-to-date symlink: /home/eceteam4/ECE480Team4/install/gazebo_world/share/gazebo_world/local_setup.dsv
[1.271s] -- Symlinking: /home/eceteam4/ECE480Team4/install/gazebo_world/share/gazebo_world/package.dsv
[1.271s] -- Up-to-date symlink: /home/eceteam4/ECE480Team4/install/gazebo_world/share/ament_index/resource_index/packages/gazebo_world
[1.290s] -- Up-to-date symlink: /home/eceteam4/ECE480Team4/install/gazebo_world/share/gazebo_world/cmake/gazebo_worldConfig.cmake
[1.290s] -- Up-to-date symlink: /home/eceteam4/ECE480Team4/install/gazebo_world/share/gazebo_world/cmake/gazebo_worldConfig-version.cmake
[1.290s] -- Up-to-date symlink: /home/eceteam4/ECE480Team4/install/gazebo_world/share/gazebo_world/package.xml
[1.324s] Invoked command in '/home/eceteam4/ECE480Team4/build/gazebo_world' returned '0': CMAKE_PREFIX_PATH=${CMAKE_PREFIX_PATH}:/home/eceteam4/ECE480Team4/install/vesc_control:/home/eceteam4/ECE480Team4/install/sensors_lidar_bridge:/home/eceteam4/ECE480Team4/install/sensors_imu_bridge:/home/eceteam4/ECE480Team4/install/sensors_camera_node:/home/eceteam4/ECE480Team4/install/racing_line:/home/eceteam4/ECE480Team4/install/perception_sync_node:/home/eceteam4/ECE480Team4/install/perception_ml_node:/home/eceteam4/ECE480Team4/install/obstacle_det:/home/eceteam4/ECE480Team4/install/lane_follow:/home/eceteam4/ECE480Team4/install/bot_slam:/opt/ros/humble /usr/bin/cmake --install /home/eceteam4/ECE480Team4/build/gazebo_world
