[1.211s] Invoking command in '/home/eceteam4/ECE480Team4/ros2_ws/build/sensors_lidar_bridge': PYTHONPATH=/home/eceteam4/ECE480Team4/ros2_ws/build/sensors_lidar_bridge/prefix_override:/usr/lib/python3/dist-packages/colcon_core/task/python/colcon_distutils_commands:/home/eceteam4/ECE480Team4/ros2_ws/install/sensors_lidar_bridge/lib/python3.10/site-packages:${PYTHONPATH} /usr/bin/python3 -W ignore:setup.py install is deprecated -W ignore:easy_install command is deprecated setup.py develop --editable --build-directory /home/eceteam4/ECE480Team4/ros2_ws/build/sensors_lidar_bridge/build --no-deps symlink_data
[1.720s] running develop
[2.039s] running egg_info
[2.039s] creating sensors_lidar_bridge.egg-info
[2.039s] writing sensors_lidar_bridge.egg-info/PKG-INFO
[2.040s] writing dependency_links to sensors_lidar_bridge.egg-info/dependency_links.txt
[2.040s] writing entry points to sensors_lidar_bridge.egg-info/entry_points.txt
[2.040s] writing requirements to sensors_lidar_bridge.egg-info/requires.txt
[2.040s] writing top-level names to sensors_lidar_bridge.egg-info/top_level.txt
[2.040s] writing manifest file 'sensors_lidar_bridge.egg-info/SOURCES.txt'
[2.044s] reading manifest file 'sensors_lidar_bridge.egg-info/SOURCES.txt'
[2.045s] writing manifest file 'sensors_lidar_bridge.egg-info/SOURCES.txt'
[2.048s] running build_ext
[2.048s] Creating /home/eceteam4/ECE480Team4/ros2_ws/install/sensors_lidar_bridge/lib/python3.10/site-packages/sensors-lidar-bridge.egg-link (link to .)
[2.050s] Installing sensors_lidar_bridge script to /home/eceteam4/ECE480Team4/ros2_ws/install/sensors_lidar_bridge/lib/sensors_lidar_bridge
[2.050s] 
[2.050s] Installed /home/eceteam4/ECE480Team4/ros2_ws/build/sensors_lidar_bridge
[2.051s] running symlink_data
[2.051s] creating /home/eceteam4/ECE480Team4/ros2_ws/install/sensors_lidar_bridge/share/ament_index
[2.051s] creating /home/eceteam4/ECE480Team4/ros2_ws/install/sensors_lidar_bridge/share/ament_index/resource_index
[2.051s] creating /home/eceteam4/ECE480Team4/ros2_ws/install/sensors_lidar_bridge/share/ament_index/resource_index/packages
[2.051s] symbolically linking /home/eceteam4/ECE480Team4/ros2_ws/build/sensors_lidar_bridge/resource/sensors_lidar_bridge -> /home/eceteam4/ECE480Team4/ros2_ws/install/sensors_lidar_bridge/share/ament_index/resource_index/packages
[2.051s] symbolically linking /home/eceteam4/ECE480Team4/ros2_ws/build/sensors_lidar_bridge/package.xml -> /home/eceteam4/ECE480Team4/ros2_ws/install/sensors_lidar_bridge/share/sensors_lidar_bridge
[2.052s] creating /home/eceteam4/ECE480Team4/ros2_ws/install/sensors_lidar_bridge/share/sensors_lidar_bridge/launch
[2.052s] symbolically linking /home/eceteam4/ECE480Team4/ros2_ws/build/sensors_lidar_bridge/launch/lidar.launch.py -> /home/eceteam4/ECE480Team4/ros2_ws/install/sensors_lidar_bridge/share/sensors_lidar_bridge/launch
[2.129s] Invoked command in '/home/eceteam4/ECE480Team4/ros2_ws/build/sensors_lidar_bridge' returned '0': PYTHONPATH=/home/eceteam4/ECE480Team4/ros2_ws/build/sensors_lidar_bridge/prefix_override:/usr/lib/python3/dist-packages/colcon_core/task/python/colcon_distutils_commands:/home/eceteam4/ECE480Team4/ros2_ws/install/sensors_lidar_bridge/lib/python3.10/site-packages:${PYTHONPATH} /usr/bin/python3 -W ignore:setup.py install is deprecated -W ignore:easy_install command is deprecated setup.py develop --editable --build-directory /home/eceteam4/ECE480Team4/ros2_ws/build/sensors_lidar_bridge/build --no-deps symlink_data
