[2.393s] Invoking command in '/home/eceteam4/ECE480Team4/build/vesc_control': PYTHONPATH=/home/eceteam4/ECE480Team4/build/vesc_control/prefix_override:/usr/lib/python3/dist-packages/colcon_core/task/python/colcon_distutils_commands:/home/eceteam4/ECE480Team4/install/vesc_control/lib/python3.10/site-packages:${PYTHONPATH} /usr/bin/python3 -W ignore:setup.py install is deprecated -W ignore:easy_install command is deprecated setup.py develop --editable --build-directory /home/eceteam4/ECE480Team4/build/vesc_control/build --no-deps symlink_data
[3.047s] running develop
[3.407s] running egg_info
[3.408s] creating vesc_control.egg-info
[3.408s] writing vesc_control.egg-info/PKG-INFO
[3.408s] writing dependency_links to vesc_control.egg-info/dependency_links.txt
[3.408s] writing entry points to vesc_control.egg-info/entry_points.txt
[3.409s] writing requirements to vesc_control.egg-info/requires.txt
[3.409s] writing top-level names to vesc_control.egg-info/top_level.txt
[3.409s] writing manifest file 'vesc_control.egg-info/SOURCES.txt'
[3.413s] reading manifest file 'vesc_control.egg-info/SOURCES.txt'
[3.414s] writing manifest file 'vesc_control.egg-info/SOURCES.txt'
[3.416s] running build_ext
[3.417s] Creating /home/eceteam4/ECE480Team4/install/vesc_control/lib/python3.10/site-packages/vesc-control.egg-link (link to .)
[3.418s] Installing vesc_bridge script to /home/eceteam4/ECE480Team4/install/vesc_control/lib/vesc_control
[3.419s] 
[3.419s] Installed /home/eceteam4/ECE480Team4/build/vesc_control
[3.420s] running symlink_data
[3.420s] creating /home/eceteam4/ECE480Team4/install/vesc_control/share/ament_index
[3.420s] creating /home/eceteam4/ECE480Team4/install/vesc_control/share/ament_index/resource_index
[3.420s] creating /home/eceteam4/ECE480Team4/install/vesc_control/share/ament_index/resource_index/packages
[3.420s] symbolically linking /home/eceteam4/ECE480Team4/build/vesc_control/resource/vesc_control -> /home/eceteam4/ECE480Team4/install/vesc_control/share/ament_index/resource_index/packages
[3.421s] symbolically linking /home/eceteam4/ECE480Team4/build/vesc_control/package.xml -> /home/eceteam4/ECE480Team4/install/vesc_control/share/vesc_control
[3.526s] Invoked command in '/home/eceteam4/ECE480Team4/build/vesc_control' returned '0': PYTHONPATH=/home/eceteam4/ECE480Team4/build/vesc_control/prefix_override:/usr/lib/python3/dist-packages/colcon_core/task/python/colcon_distutils_commands:/home/eceteam4/ECE480Team4/install/vesc_control/lib/python3.10/site-packages:${PYTHONPATH} /usr/bin/python3 -W ignore:setup.py install is deprecated -W ignore:easy_install command is deprecated setup.py develop --editable --build-directory /home/eceteam4/ECE480Team4/build/vesc_control/build --no-deps symlink_data
