[0.860s] Invoking command in '/mnt/home/leflarsa/av/ECE480Team4/ros2_ws/build/sensors_lidar_bridge': PS1=humble:\u@\h:\w\$ PYTHONPATH=/mnt/home/leflarsa/av/ECE480Team4/ros2_ws/build/sensors_lidar_bridge/prefix_override:/usr/lib/python3/dist-packages/colcon_core/task/python/colcon_distutils_commands:/mnt/home/leflarsa/av/ECE480Team4/ros2_ws/install/sensors_lidar_bridge/lib/python3.10/site-packages:${PYTHONPATH} /usr/bin/python3 -W ignore:setup.py install is deprecated -W ignore:easy_install command is deprecated setup.py develop --editable --build-directory /mnt/home/leflarsa/av/ECE480Team4/ros2_ws/build/sensors_lidar_bridge/build --no-deps symlink_data
[1.100s] running develop
[1.266s] running egg_info
[1.266s] creating sensors_lidar_bridge.egg-info
[1.269s] writing sensors_lidar_bridge.egg-info/PKG-INFO
[1.273s] writing dependency_links to sensors_lidar_bridge.egg-info/dependency_links.txt
[1.276s] writing entry points to sensors_lidar_bridge.egg-info/entry_points.txt
[1.279s] writing requirements to sensors_lidar_bridge.egg-info/requires.txt
[1.280s] writing top-level names to sensors_lidar_bridge.egg-info/top_level.txt
[1.283s] writing manifest file 'sensors_lidar_bridge.egg-info/SOURCES.txt'
[1.289s] reading manifest file 'sensors_lidar_bridge.egg-info/SOURCES.txt'
[1.293s] writing manifest file 'sensors_lidar_bridge.egg-info/SOURCES.txt'
[1.296s] running build_ext
[1.296s] Creating /mnt/home/leflarsa/av/ECE480Team4/ros2_ws/install/sensors_lidar_bridge/lib/python3.10/site-packages/sensors-lidar-bridge.egg-link (link to .)
[1.301s] Installing sensors_lidar_bridge script to /mnt/home/leflarsa/av/ECE480Team4/ros2_ws/install/sensors_lidar_bridge/bin
[1.306s] 
[1.306s] Installed /mnt/home/leflarsa/av/ECE480Team4/ros2_ws/build/sensors_lidar_bridge
[1.307s] running symlink_data
[1.307s] creating /mnt/home/leflarsa/av/ECE480Team4/ros2_ws/install/sensors_lidar_bridge/share/ament_index
[1.308s] creating /mnt/home/leflarsa/av/ECE480Team4/ros2_ws/install/sensors_lidar_bridge/share/ament_index/resource_index
[1.310s] creating /mnt/home/leflarsa/av/ECE480Team4/ros2_ws/install/sensors_lidar_bridge/share/ament_index/resource_index/packages
[1.312s] error: can't copy '/mnt/home/leflarsa/av/ECE480Team4/ros2_ws/build/sensors_lidar_bridge/resource/sensors_lidar_bridge': doesn't exist or not a regular file
