[3.123s] Invoking command in '/home/eceteam4/ECE480Team4/ros2_ws/build/sensors_imu_bridge': PYTHONPATH=/home/eceteam4/ECE480Team4/ros2_ws/build/sensors_imu_bridge/prefix_override:/usr/lib/python3/dist-packages/colcon_core/task/python/colcon_distutils_commands:/home/eceteam4/ECE480Team4/ros2_ws/install/sensors_imu_bridge/lib/python3.10/site-packages:${PYTHONPATH} /usr/bin/python3 -W ignore:setup.py install is deprecated -W ignore:easy_install command is deprecated setup.py develop --editable --build-directory /home/eceteam4/ECE480Team4/ros2_ws/build/sensors_imu_bridge/build --no-deps symlink_data
[3.724s] running develop
[4.060s] running egg_info
[4.060s] creating sensors_imu_bridge.egg-info
[4.061s] writing sensors_imu_bridge.egg-info/PKG-INFO
[4.062s] writing dependency_links to sensors_imu_bridge.egg-info/dependency_links.txt
[4.063s] writing entry points to sensors_imu_bridge.egg-info/entry_points.txt
[4.063s] writing requirements to sensors_imu_bridge.egg-info/requires.txt
[4.064s] writing top-level names to sensors_imu_bridge.egg-info/top_level.txt
[4.065s] writing manifest file 'sensors_imu_bridge.egg-info/SOURCES.txt'
[4.070s] reading manifest file 'sensors_imu_bridge.egg-info/SOURCES.txt'
[4.072s] writing manifest file 'sensors_imu_bridge.egg-info/SOURCES.txt'
[4.076s] running build_ext
[4.076s] Creating /home/eceteam4/ECE480Team4/ros2_ws/install/sensors_imu_bridge/lib/python3.10/site-packages/sensors-imu-bridge.egg-link (link to .)
[4.078s] Installing sensors_imu_bridge script to /home/eceteam4/ECE480Team4/ros2_ws/install/sensors_imu_bridge/lib/sensors_imu_bridge
[4.079s] 
[4.079s] Installed /home/eceteam4/ECE480Team4/ros2_ws/build/sensors_imu_bridge
[4.079s] running symlink_data
[4.079s] creating /home/eceteam4/ECE480Team4/ros2_ws/install/sensors_imu_bridge/share/ament_index
[4.080s] creating /home/eceteam4/ECE480Team4/ros2_ws/install/sensors_imu_bridge/share/ament_index/resource_index
[4.080s] creating /home/eceteam4/ECE480Team4/ros2_ws/install/sensors_imu_bridge/share/ament_index/resource_index/packages
[4.080s] symbolically linking /home/eceteam4/ECE480Team4/ros2_ws/build/sensors_imu_bridge/resource/sensors_imu_bridge -> /home/eceteam4/ECE480Team4/ros2_ws/install/sensors_imu_bridge/share/ament_index/resource_index/packages
[4.081s] symbolically linking /home/eceteam4/ECE480Team4/ros2_ws/build/sensors_imu_bridge/package.xml -> /home/eceteam4/ECE480Team4/ros2_ws/install/sensors_imu_bridge/share/sensors_imu_bridge
[4.081s] creating /home/eceteam4/ECE480Team4/ros2_ws/install/sensors_imu_bridge/share/sensors_imu_bridge/launch
[4.082s] symbolically linking /home/eceteam4/ECE480Team4/ros2_ws/build/sensors_imu_bridge/launch/imu.launch.py -> /home/eceteam4/ECE480Team4/ros2_ws/install/sensors_imu_bridge/share/sensors_imu_bridge/launch
[4.213s] Invoked command in '/home/eceteam4/ECE480Team4/ros2_ws/build/sensors_imu_bridge' returned '0': PYTHONPATH=/home/eceteam4/ECE480Team4/ros2_ws/build/sensors_imu_bridge/prefix_override:/usr/lib/python3/dist-packages/colcon_core/task/python/colcon_distutils_commands:/home/eceteam4/ECE480Team4/ros2_ws/install/sensors_imu_bridge/lib/python3.10/site-packages:${PYTHONPATH} /usr/bin/python3 -W ignore:setup.py install is deprecated -W ignore:easy_install command is deprecated setup.py develop --editable --build-directory /home/eceteam4/ECE480Team4/ros2_ws/build/sensors_imu_bridge/build --no-deps symlink_data
