[0.104s] Invoking command in '/home/eceteam4/ECE480Team4/ros2_ws/build/vesc_msgs': /usr/bin/cmake --build /home/eceteam4/ECE480Team4/ros2_ws/build/vesc_msgs -- -j6 -l6
[2.202s] [35m[1mConsolidate compiler generated dependencies of target vesc_msgs__rosidl_generator_c[0m
[2.202s] [  1%] Built target vesc_msgs__cpp
[2.203s] [ 12%] Built target vesc_msgs__rosidl_generator_c
[2.204s] [35m[1mConsolidate compiler generated dependencies of target vesc_msgs__rosidl_typesupport_introspection_cpp[0m
[2.205s] [35m[1mConsolidate compiler generated dependencies of target vesc_msgs__rosidl_typesupport_cpp[0m
[2.205s] [ 12%] Built target ament_cmake_python_symlink_vesc_msgs
[2.205s] [35m[1mConsolidate compiler generated dependencies of target vesc_msgs__rosidl_typesupport_fastrtps_cpp[0m
[2.206s] [35m[1mConsolidate compiler generated dependencies of target vesc_msgs__rosidl_typesupport_introspection_c[0m
[2.206s] [ 23%] Built target vesc_msgs__rosidl_typesupport_introspection_cpp
[2.206s] [35m[1mConsolidate compiler generated dependencies of target vesc_msgs__rosidl_typesupport_c[0m
[2.206s] [35m[1mConsolidate compiler generated dependencies of target vesc_msgs__rosidl_typesupport_fastrtps_c[0m
[2.206s] [ 34%] Built target vesc_msgs__rosidl_typesupport_cpp
[2.206s] [ 46%] Built target vesc_msgs__rosidl_typesupport_introspection_c
[2.206s] [ 57%] Built target vesc_msgs__rosidl_typesupport_c
[2.207s] [ 68%] Built target vesc_msgs__rosidl_typesupport_fastrtps_c
[2.207s] [ 79%] Built target vesc_msgs__rosidl_typesupport_fastrtps_cpp
[2.207s] [ 79%] Built target vesc_msgs
[2.207s] [ 80%] Built target vesc_msgs__py
[2.207s] [35m[1mConsolidate compiler generated dependencies of target vesc_msgs__rosidl_generator_py[0m
[2.207s] [ 90%] Built target vesc_msgs__rosidl_generator_py
[2.207s] [35m[1mConsolidate compiler generated dependencies of target vesc_msgs__rosidl_typesupport_fastrtps_c__pyext[0m
[2.207s] [35m[1mConsolidate compiler generated dependencies of target vesc_msgs__rosidl_typesupport_c__pyext[0m
[2.208s] [35m[1mConsolidate compiler generated dependencies of target vesc_msgs__rosidl_typesupport_introspection_c__pyext[0m
[2.208s] [ 96%] Built target vesc_msgs__rosidl_typesupport_c__pyext
[2.208s] [ 96%] Built target vesc_msgs__rosidl_typesupport_fastrtps_c__pyext
[2.208s] [100%] Built target vesc_msgs__rosidl_typesupport_introspection_c__pyext
[2.208s] running egg_info
[2.208s] writing vesc_msgs.egg-info/PKG-INFO
[2.208s] writing dependency_links to vesc_msgs.egg-info/dependency_links.txt
[2.208s] writing top-level names to vesc_msgs.egg-info/top_level.txt
[2.209s] reading manifest file 'vesc_msgs.egg-info/SOURCES.txt'
[2.209s] writing manifest file 'vesc_msgs.egg-info/SOURCES.txt'
[2.209s] [100%] Built target ament_cmake_python_build_vesc_msgs_egg
[2.239s] Invoked command in '/home/eceteam4/ECE480Team4/ros2_ws/build/vesc_msgs' returned '0': /usr/bin/cmake --build /home/eceteam4/ECE480Team4/ros2_ws/build/vesc_msgs -- -j6 -l6
[2.240s] Invoking command in '/home/eceteam4/ECE480Team4/ros2_ws/build/vesc_msgs': /usr/bin/cmake --install /home/eceteam4/ECE480Team4/ros2_ws/build/vesc_msgs
[2.261s] -- Install configuration: ""
[2.264s] -- Execute custom install script
[2.264s] -- Up-to-date symlink: /home/eceteam4/ECE480Team4/ros2_ws/install/vesc_msgs/share/ament_index/resource_index/rosidl_interfaces/vesc_msgs
[2.266s] -- Up-to-date symlink: /home/eceteam4/ECE480Team4/ros2_ws/install/vesc_msgs/include/vesc_msgs/vesc_msgs/msg/detail/vesc_cmd__functions.h
[2.266s] -- Up-to-date symlink: /home/eceteam4/ECE480Team4/ros2_ws/install/vesc_msgs/include/vesc_msgs/vesc_msgs/msg/detail/vesc_cmd__struct.h
[2.267s] -- Up-to-date symlink: /home/eceteam4/ECE480Team4/ros2_ws/install/vesc_msgs/include/vesc_msgs/vesc_msgs/msg/detail/vesc_cmd__type_support.h
[2.268s] -- Up-to-date symlink: /home/eceteam4/ECE480Team4/ros2_ws/install/vesc_msgs/include/vesc_msgs/vesc_msgs/msg/detail/vesc_imu__functions.h
[2.268s] -- Up-to-date symlink: /home/eceteam4/ECE480Team4/ros2_ws/install/vesc_msgs/include/vesc_msgs/vesc_msgs/msg/detail/vesc_imu__struct.h
[2.269s] -- Up-to-date symlink: /home/eceteam4/ECE480Team4/ros2_ws/install/vesc_msgs/include/vesc_msgs/vesc_msgs/msg/detail/vesc_imu__type_support.h
[2.269s] -- Up-to-date symlink: /home/eceteam4/ECE480Team4/ros2_ws/install/vesc_msgs/include/vesc_msgs/vesc_msgs/msg/detail/vesc_imu_stamped__functions.h
[2.270s] -- Up-to-date symlink: /home/eceteam4/ECE480Team4/ros2_ws/install/vesc_msgs/include/vesc_msgs/vesc_msgs/msg/detail/vesc_imu_stamped__struct.h
[2.271s] -- Up-to-date symlink: /home/eceteam4/ECE480Team4/ros2_ws/install/vesc_msgs/include/vesc_msgs/vesc_msgs/msg/detail/vesc_imu_stamped__type_support.h
[2.271s] -- Up-to-date symlink: /home/eceteam4/ECE480Team4/ros2_ws/install/vesc_msgs/include/vesc_msgs/vesc_msgs/msg/detail/vesc_state__functions.h
[2.272s] -- Up-to-date symlink: /home/eceteam4/ECE480Team4/ros2_ws/install/vesc_msgs/include/vesc_msgs/vesc_msgs/msg/detail/vesc_state__struct.h
[2.273s] -- Up-to-date symlink: /home/eceteam4/ECE480Team4/ros2_ws/install/vesc_msgs/include/vesc_msgs/vesc_msgs/msg/detail/vesc_state__type_support.h
[2.274s] -- Up-to-date symlink: /home/eceteam4/ECE480Team4/ros2_ws/install/vesc_msgs/include/vesc_msgs/vesc_msgs/msg/detail/vesc_state_stamped__functions.h
[2.276s] -- Up-to-date symlink: /home/eceteam4/ECE480Team4/ros2_ws/install/vesc_msgs/include/vesc_msgs/vesc_msgs/msg/detail/vesc_state_stamped__struct.h
[2.277s] -- Up-to-date symlink: /home/eceteam4/ECE480Team4/ros2_ws/install/vesc_msgs/include/vesc_msgs/vesc_msgs/msg/detail/vesc_state_stamped__type_support.h
[2.278s] -- Up-to-date symlink: /home/eceteam4/ECE480Team4/ros2_ws/install/vesc_msgs/include/vesc_msgs/vesc_msgs/msg/rosidl_generator_c__visibility_control.h
[2.280s] -- Up-to-date symlink: /home/eceteam4/ECE480Team4/ros2_ws/install/vesc_msgs/include/vesc_msgs/vesc_msgs/msg/vesc_cmd.h
[2.281s] -- Up-to-date symlink: /home/eceteam4/ECE480Team4/ros2_ws/install/vesc_msgs/include/vesc_msgs/vesc_msgs/msg/vesc_imu.h
[2.286s] -- Up-to-date symlink: /home/eceteam4/ECE480Team4/ros2_ws/install/vesc_msgs/include/vesc_msgs/vesc_msgs/msg/vesc_imu_stamped.h
[2.287s] -- Up-to-date symlink: /home/eceteam4/ECE480Team4/ros2_ws/install/vesc_msgs/include/vesc_msgs/vesc_msgs/msg/vesc_state.h
[2.288s] -- Up-to-date symlink: /home/eceteam4/ECE480Team4/ros2_ws/install/vesc_msgs/include/vesc_msgs/vesc_msgs/msg/vesc_state_stamped.h
[2.291s] -- Up-to-date symlink: /home/eceteam4/ECE480Team4/ros2_ws/install/vesc_msgs/share/vesc_msgs/environment/library_path.sh
[2.292s] -- Up-to-date symlink: /home/eceteam4/ECE480Team4/ros2_ws/install/vesc_msgs/share/vesc_msgs/environment/library_path.dsv
[2.296s] -- Up-to-date symlink: /home/eceteam4/ECE480Team4/ros2_ws/install/vesc_msgs/include/vesc_msgs/vesc_msgs/msg/detail/vesc_cmd__rosidl_typesupport_fastrtps_c.h
[2.296s] -- Up-to-date symlink: /home/eceteam4/ECE480Team4/ros2_ws/install/vesc_msgs/include/vesc_msgs/vesc_msgs/msg/detail/vesc_imu__rosidl_typesupport_fastrtps_c.h
[2.296s] -- Up-to-date symlink: /home/eceteam4/ECE480Team4/ros2_ws/install/vesc_msgs/include/vesc_msgs/vesc_msgs/msg/detail/vesc_imu_stamped__rosidl_typesupport_fastrtps_c.h
[2.296s] -- Up-to-date symlink: /home/eceteam4/ECE480Team4/ros2_ws/install/vesc_msgs/include/vesc_msgs/vesc_msgs/msg/detail/vesc_state__rosidl_typesupport_fastrtps_c.h
[2.297s] -- Up-to-date symlink: /home/eceteam4/ECE480Team4/ros2_ws/install/vesc_msgs/include/vesc_msgs/vesc_msgs/msg/detail/vesc_state_stamped__rosidl_typesupport_fastrtps_c.h
[2.298s] -- Up-to-date symlink: /home/eceteam4/ECE480Team4/ros2_ws/install/vesc_msgs/include/vesc_msgs/vesc_msgs/msg/rosidl_typesupport_fastrtps_c__visibility_control.h
[2.299s] -- Up-to-date symlink: /home/eceteam4/ECE480Team4/ros2_ws/install/vesc_msgs/include/vesc_msgs/vesc_msgs/msg/detail/vesc_cmd__rosidl_typesupport_introspection_c.h
[2.300s] -- Up-to-date symlink: /home/eceteam4/ECE480Team4/ros2_ws/install/vesc_msgs/include/vesc_msgs/vesc_msgs/msg/detail/vesc_imu__rosidl_typesupport_introspection_c.h
[2.301s] -- Up-to-date symlink: /home/eceteam4/ECE480Team4/ros2_ws/install/vesc_msgs/include/vesc_msgs/vesc_msgs/msg/detail/vesc_imu_stamped__rosidl_typesupport_introspection_c.h
[2.301s] -- Up-to-date symlink: /home/eceteam4/ECE480Team4/ros2_ws/install/vesc_msgs/include/vesc_msgs/vesc_msgs/msg/detail/vesc_state__rosidl_typesupport_introspection_c.h
[2.302s] -- Up-to-date symlink: /home/eceteam4/ECE480Team4/ros2_ws/install/vesc_msgs/include/vesc_msgs/vesc_msgs/msg/detail/vesc_state_stamped__rosidl_typesupport_introspection_c.h
[2.303s] -- Up-to-date symlink: /home/eceteam4/ECE480Team4/ros2_ws/install/vesc_msgs/include/vesc_msgs/vesc_msgs/msg/rosidl_typesupport_introspection_c__visibility_control.h
[2.305s] -- Up-to-date symlink: /home/eceteam4/ECE480Team4/ros2_ws/install/vesc_msgs/include/vesc_msgs/vesc_msgs/msg/detail/vesc_cmd__builder.hpp
[2.306s] -- Up-to-date symlink: /home/eceteam4/ECE480Team4/ros2_ws/install/vesc_msgs/include/vesc_msgs/vesc_msgs/msg/detail/vesc_cmd__struct.hpp
[2.309s] -- Up-to-date symlink: /home/eceteam4/ECE480Team4/ros2_ws/install/vesc_msgs/include/vesc_msgs/vesc_msgs/msg/detail/vesc_cmd__traits.hpp
[2.311s] -- Up-to-date symlink: /home/eceteam4/ECE480Team4/ros2_ws/install/vesc_msgs/include/vesc_msgs/vesc_msgs/msg/detail/vesc_cmd__type_support.hpp
[2.313s] -- Up-to-date symlink: /home/eceteam4/ECE480Team4/ros2_ws/install/vesc_msgs/include/vesc_msgs/vesc_msgs/msg/detail/vesc_imu__builder.hpp
[2.313s] -- Up-to-date symlink: /home/eceteam4/ECE480Team4/ros2_ws/install/vesc_msgs/include/vesc_msgs/vesc_msgs/msg/detail/vesc_imu__struct.hpp
[2.314s] -- Up-to-date symlink: /home/eceteam4/ECE480Team4/ros2_ws/install/vesc_msgs/include/vesc_msgs/vesc_msgs/msg/detail/vesc_imu__traits.hpp
[2.318s] -- Up-to-date symlink: /home/eceteam4/ECE480Team4/ros2_ws/install/vesc_msgs/include/vesc_msgs/vesc_msgs/msg/detail/vesc_imu__type_support.hpp
[2.321s] -- Up-to-date symlink: /home/eceteam4/ECE480Team4/ros2_ws/install/vesc_msgs/include/vesc_msgs/vesc_msgs/msg/detail/vesc_imu_stamped__builder.hpp
[2.321s] -- Up-to-date symlink: /home/eceteam4/ECE480Team4/ros2_ws/install/vesc_msgs/include/vesc_msgs/vesc_msgs/msg/detail/vesc_imu_stamped__struct.hpp
[2.321s] -- Up-to-date symlink: /home/eceteam4/ECE480Team4/ros2_ws/install/vesc_msgs/include/vesc_msgs/vesc_msgs/msg/detail/vesc_imu_stamped__traits.hpp
[2.322s] -- Up-to-date symlink: /home/eceteam4/ECE480Team4/ros2_ws/install/vesc_msgs/include/vesc_msgs/vesc_msgs/msg/detail/vesc_imu_stamped__type_support.hpp
[2.323s] -- Up-to-date symlink: /home/eceteam4/ECE480Team4/ros2_ws/install/vesc_msgs/include/vesc_msgs/vesc_msgs/msg/detail/vesc_state__builder.hpp
[2.323s] -- Up-to-date symlink: /home/eceteam4/ECE480Team4/ros2_ws/install/vesc_msgs/include/vesc_msgs/vesc_msgs/msg/detail/vesc_state__struct.hpp
[2.324s] -- Up-to-date symlink: /home/eceteam4/ECE480Team4/ros2_ws/install/vesc_msgs/include/vesc_msgs/vesc_msgs/msg/detail/vesc_state__traits.hpp
[2.324s] -- Up-to-date symlink: /home/eceteam4/ECE480Team4/ros2_ws/install/vesc_msgs/include/vesc_msgs/vesc_msgs/msg/detail/vesc_state__type_support.hpp
[2.324s] -- Up-to-date symlink: /home/eceteam4/ECE480Team4/ros2_ws/install/vesc_msgs/include/vesc_msgs/vesc_msgs/msg/detail/vesc_state_stamped__builder.hpp
[2.324s] -- Up-to-date symlink: /home/eceteam4/ECE480Team4/ros2_ws/install/vesc_msgs/include/vesc_msgs/vesc_msgs/msg/detail/vesc_state_stamped__struct.hpp
[2.325s] -- Up-to-date symlink: /home/eceteam4/ECE480Team4/ros2_ws/install/vesc_msgs/include/vesc_msgs/vesc_msgs/msg/detail/vesc_state_stamped__traits.hpp
[2.325s] -- Up-to-date symlink: /home/eceteam4/ECE480Team4/ros2_ws/install/vesc_msgs/include/vesc_msgs/vesc_msgs/msg/detail/vesc_state_stamped__type_support.hpp
[2.325s] -- Up-to-date symlink: /home/eceteam4/ECE480Team4/ros2_ws/install/vesc_msgs/include/vesc_msgs/vesc_msgs/msg/rosidl_generator_cpp__visibility_control.hpp
[2.326s] -- Up-to-date symlink: /home/eceteam4/ECE480Team4/ros2_ws/install/vesc_msgs/include/vesc_msgs/vesc_msgs/msg/vesc_cmd.hpp
[2.328s] -- Up-to-date symlink: /home/eceteam4/ECE480Team4/ros2_ws/install/vesc_msgs/include/vesc_msgs/vesc_msgs/msg/vesc_imu.hpp
[2.330s] -- Up-to-date symlink: /home/eceteam4/ECE480Team4/ros2_ws/install/vesc_msgs/include/vesc_msgs/vesc_msgs/msg/vesc_imu_stamped.hpp
[2.331s] -- Up-to-date symlink: /home/eceteam4/ECE480Team4/ros2_ws/install/vesc_msgs/include/vesc_msgs/vesc_msgs/msg/vesc_state.hpp
[2.332s] -- Up-to-date symlink: /home/eceteam4/ECE480Team4/ros2_ws/install/vesc_msgs/include/vesc_msgs/vesc_msgs/msg/vesc_state_stamped.hpp
[2.335s] -- Up-to-date symlink: /home/eceteam4/ECE480Team4/ros2_ws/install/vesc_msgs/include/vesc_msgs/vesc_msgs/msg/detail/vesc_cmd__rosidl_typesupport_fastrtps_cpp.hpp
[2.337s] -- Up-to-date symlink: /home/eceteam4/ECE480Team4/ros2_ws/install/vesc_msgs/include/vesc_msgs/vesc_msgs/msg/detail/vesc_imu__rosidl_typesupport_fastrtps_cpp.hpp
[2.338s] -- Up-to-date symlink: /home/eceteam4/ECE480Team4/ros2_ws/install/vesc_msgs/include/vesc_msgs/vesc_msgs/msg/detail/vesc_imu_stamped__rosidl_typesupport_fastrtps_cpp.hpp
[2.340s] -- Up-to-date symlink: /home/eceteam4/ECE480Team4/ros2_ws/install/vesc_msgs/include/vesc_msgs/vesc_msgs/msg/detail/vesc_state__rosidl_typesupport_fastrtps_cpp.hpp
[2.342s] -- Up-to-date symlink: /home/eceteam4/ECE480Team4/ros2_ws/install/vesc_msgs/include/vesc_msgs/vesc_msgs/msg/detail/vesc_state_stamped__rosidl_typesupport_fastrtps_cpp.hpp
[2.343s] -- Up-to-date symlink: /home/eceteam4/ECE480Team4/ros2_ws/install/vesc_msgs/include/vesc_msgs/vesc_msgs/msg/rosidl_typesupport_fastrtps_cpp__visibility_control.h
[2.346s] -- Up-to-date symlink: /home/eceteam4/ECE480Team4/ros2_ws/install/vesc_msgs/include/vesc_msgs/vesc_msgs/msg/detail/vesc_cmd__rosidl_typesupport_introspection_cpp.hpp
[2.348s] -- Up-to-date symlink: /home/eceteam4/ECE480Team4/ros2_ws/install/vesc_msgs/include/vesc_msgs/vesc_msgs/msg/detail/vesc_imu__rosidl_typesupport_introspection_cpp.hpp
[2.352s] -- Up-to-date symlink: /home/eceteam4/ECE480Team4/ros2_ws/install/vesc_msgs/include/vesc_msgs/vesc_msgs/msg/detail/vesc_imu_stamped__rosidl_typesupport_introspection_cpp.hpp
[2.354s] -- Up-to-date symlink: /home/eceteam4/ECE480Team4/ros2_ws/install/vesc_msgs/include/vesc_msgs/vesc_msgs/msg/detail/vesc_state__rosidl_typesupport_introspection_cpp.hpp
[2.356s] -- Up-to-date symlink: /home/eceteam4/ECE480Team4/ros2_ws/install/vesc_msgs/include/vesc_msgs/vesc_msgs/msg/detail/vesc_state_stamped__rosidl_typesupport_introspection_cpp.hpp
[2.358s] -- Up-to-date symlink: /home/eceteam4/ECE480Team4/ros2_ws/install/vesc_msgs/share/vesc_msgs/environment/pythonpath.sh
[2.359s] -- Up-to-date symlink: /home/eceteam4/ECE480Team4/ros2_ws/install/vesc_msgs/share/vesc_msgs/environment/pythonpath.dsv
[2.370s] -- Up-to-date symlink: /home/eceteam4/ECE480Team4/ros2_ws/install/vesc_msgs/local/lib/python3.10/dist-packages/vesc_msgs-1.1.0-py3.10.egg-info/PKG-INFO
[2.374s] -- Up-to-date symlink: /home/eceteam4/ECE480Team4/ros2_ws/install/vesc_msgs/local/lib/python3.10/dist-packages/vesc_msgs-1.1.0-py3.10.egg-info/SOURCES.txt
[2.377s] -- Up-to-date symlink: /home/eceteam4/ECE480Team4/ros2_ws/install/vesc_msgs/local/lib/python3.10/dist-packages/vesc_msgs-1.1.0-py3.10.egg-info/dependency_links.txt
[2.378s] -- Up-to-date symlink: /home/eceteam4/ECE480Team4/ros2_ws/install/vesc_msgs/local/lib/python3.10/dist-packages/vesc_msgs-1.1.0-py3.10.egg-info/top_level.txt
[2.381s] -- Up-to-date symlink: /home/eceteam4/ECE480Team4/ros2_ws/install/vesc_msgs/local/lib/python3.10/dist-packages/vesc_msgs/__init__.py
[2.381s] -- Up-to-date symlink: /home/eceteam4/ECE480Team4/ros2_ws/install/vesc_msgs/local/lib/python3.10/dist-packages/vesc_msgs/_vesc_msgs_s.ep.rosidl_typesupport_c.c
[2.382s] -- Up-to-date symlink: /home/eceteam4/ECE480Team4/ros2_ws/install/vesc_msgs/local/lib/python3.10/dist-packages/vesc_msgs/_vesc_msgs_s.ep.rosidl_typesupport_fastrtps_c.c
[2.383s] -- Up-to-date symlink: /home/eceteam4/ECE480Team4/ros2_ws/install/vesc_msgs/local/lib/python3.10/dist-packages/vesc_msgs/_vesc_msgs_s.ep.rosidl_typesupport_introspection_c.c
[2.384s] -- Up-to-date symlink: /home/eceteam4/ECE480Team4/ros2_ws/install/vesc_msgs/local/lib/python3.10/dist-packages/vesc_msgs/libvesc_msgs__rosidl_generator_py.so
[2.385s] -- Up-to-date symlink: /home/eceteam4/ECE480Team4/ros2_ws/install/vesc_msgs/local/lib/python3.10/dist-packages/vesc_msgs/msg/__init__.py
[2.386s] -- Up-to-date symlink: /home/eceteam4/ECE480Team4/ros2_ws/install/vesc_msgs/local/lib/python3.10/dist-packages/vesc_msgs/msg/_vesc_cmd.py
[2.386s] -- Up-to-date symlink: /home/eceteam4/ECE480Team4/ros2_ws/install/vesc_msgs/local/lib/python3.10/dist-packages/vesc_msgs/msg/_vesc_cmd_s.c
[2.387s] -- Up-to-date symlink: /home/eceteam4/ECE480Team4/ros2_ws/install/vesc_msgs/local/lib/python3.10/dist-packages/vesc_msgs/msg/_vesc_imu.py
[2.388s] -- Up-to-date symlink: /home/eceteam4/ECE480Team4/ros2_ws/install/vesc_msgs/local/lib/python3.10/dist-packages/vesc_msgs/msg/_vesc_imu_s.c
[2.389s] -- Up-to-date symlink: /home/eceteam4/ECE480Team4/ros2_ws/install/vesc_msgs/local/lib/python3.10/dist-packages/vesc_msgs/msg/_vesc_imu_stamped.py
[2.389s] -- Up-to-date symlink: /home/eceteam4/ECE480Team4/ros2_ws/install/vesc_msgs/local/lib/python3.10/dist-packages/vesc_msgs/msg/_vesc_imu_stamped_s.c
[2.390s] -- Up-to-date symlink: /home/eceteam4/ECE480Team4/ros2_ws/install/vesc_msgs/local/lib/python3.10/dist-packages/vesc_msgs/msg/_vesc_state.py
[2.390s] -- Up-to-date symlink: /home/eceteam4/ECE480Team4/ros2_ws/install/vesc_msgs/local/lib/python3.10/dist-packages/vesc_msgs/msg/_vesc_state_s.c
[2.391s] -- Up-to-date symlink: /home/eceteam4/ECE480Team4/ros2_ws/install/vesc_msgs/local/lib/python3.10/dist-packages/vesc_msgs/msg/_vesc_state_stamped.py
[2.392s] -- Up-to-date symlink: /home/eceteam4/ECE480Team4/ros2_ws/install/vesc_msgs/local/lib/python3.10/dist-packages/vesc_msgs/msg/_vesc_state_stamped_s.c
[2.393s] -- Up-to-date symlink: /home/eceteam4/ECE480Team4/ros2_ws/install/vesc_msgs/local/lib/python3.10/dist-packages/vesc_msgs/vesc_msgs_s__rosidl_typesupport_c.cpython-310-aarch64-linux-gnu.so
[2.394s] -- Up-to-date symlink: /home/eceteam4/ECE480Team4/ros2_ws/install/vesc_msgs/local/lib/python3.10/dist-packages/vesc_msgs/vesc_msgs_s__rosidl_typesupport_fastrtps_c.cpython-310-aarch64-linux-gnu.so
[2.395s] -- Up-to-date symlink: /home/eceteam4/ECE480Team4/ros2_ws/install/vesc_msgs/local/lib/python3.10/dist-packages/vesc_msgs/vesc_msgs_s__rosidl_typesupport_introspection_c.cpython-310-aarch64-linux-gnu.so
[2.397s] -- Up-to-date symlink: /home/eceteam4/ECE480Team4/ros2_ws/install/vesc_msgs/local/lib/python3.10/dist-packages/vesc_msgs/vesc_msgs_s__rosidl_typesupport_fastrtps_c.cpython-310-aarch64-linux-gnu.so
[2.400s] -- Up-to-date symlink: /home/eceteam4/ECE480Team4/ros2_ws/install/vesc_msgs/local/lib/python3.10/dist-packages/vesc_msgs/vesc_msgs_s__rosidl_typesupport_introspection_c.cpython-310-aarch64-linux-gnu.so
[2.406s] -- Up-to-date symlink: /home/eceteam4/ECE480Team4/ros2_ws/install/vesc_msgs/local/lib/python3.10/dist-packages/vesc_msgs/vesc_msgs_s__rosidl_typesupport_c.cpython-310-aarch64-linux-gnu.so
[2.412s] -- Up-to-date symlink: /home/eceteam4/ECE480Team4/ros2_ws/install/vesc_msgs/share/vesc_msgs/msg/VescCmd.idl
[2.415s] -- Up-to-date symlink: /home/eceteam4/ECE480Team4/ros2_ws/install/vesc_msgs/share/vesc_msgs/msg/VescImu.idl
[2.416s] -- Up-to-date symlink: /home/eceteam4/ECE480Team4/ros2_ws/install/vesc_msgs/share/vesc_msgs/msg/VescImuStamped.idl
[2.417s] -- Up-to-date symlink: /home/eceteam4/ECE480Team4/ros2_ws/install/vesc_msgs/share/vesc_msgs/msg/VescState.idl
[2.419s] -- Up-to-date symlink: /home/eceteam4/ECE480Team4/ros2_ws/install/vesc_msgs/share/vesc_msgs/msg/VescStateStamped.idl
[2.420s] -- Up-to-date symlink: /home/eceteam4/ECE480Team4/ros2_ws/install/vesc_msgs/share/vesc_msgs/msg/VescCmd.msg
[2.421s] -- Up-to-date symlink: /home/eceteam4/ECE480Team4/ros2_ws/install/vesc_msgs/share/vesc_msgs/msg/VescImu.msg
[2.422s] -- Up-to-date symlink: /home/eceteam4/ECE480Team4/ros2_ws/install/vesc_msgs/share/vesc_msgs/msg/VescImuStamped.msg
[2.423s] -- Up-to-date symlink: /home/eceteam4/ECE480Team4/ros2_ws/install/vesc_msgs/share/vesc_msgs/msg/VescState.msg
[2.424s] -- Up-to-date symlink: /home/eceteam4/ECE480Team4/ros2_ws/install/vesc_msgs/share/vesc_msgs/msg/VescStateStamped.msg
[2.426s] -- Up-to-date symlink: /home/eceteam4/ECE480Team4/ros2_ws/install/vesc_msgs/share/ament_index/resource_index/package_run_dependencies/vesc_msgs
[2.427s] -- Up-to-date symlink: /home/eceteam4/ECE480Team4/ros2_ws/install/vesc_msgs/share/ament_index/resource_index/parent_prefix_path/vesc_msgs
[2.428s] -- Up-to-date symlink: /home/eceteam4/ECE480Team4/ros2_ws/install/vesc_msgs/share/vesc_msgs/environment/ament_prefix_path.sh
[2.428s] -- Up-to-date symlink: /home/eceteam4/ECE480Team4/ros2_ws/install/vesc_msgs/share/vesc_msgs/environment/ament_prefix_path.dsv
[2.429s] -- Up-to-date symlink: /home/eceteam4/ECE480Team4/ros2_ws/install/vesc_msgs/share/vesc_msgs/environment/path.sh
[2.430s] -- Up-to-date symlink: /home/eceteam4/ECE480Team4/ros2_ws/install/vesc_msgs/share/vesc_msgs/environment/path.dsv
[2.431s] -- Up-to-date symlink: /home/eceteam4/ECE480Team4/ros2_ws/install/vesc_msgs/share/vesc_msgs/local_setup.bash
[2.432s] -- Up-to-date symlink: /home/eceteam4/ECE480Team4/ros2_ws/install/vesc_msgs/share/vesc_msgs/local_setup.sh
[2.433s] -- Up-to-date symlink: /home/eceteam4/ECE480Team4/ros2_ws/install/vesc_msgs/share/vesc_msgs/local_setup.zsh
[2.433s] -- Up-to-date symlink: /home/eceteam4/ECE480Team4/ros2_ws/install/vesc_msgs/share/vesc_msgs/local_setup.dsv
[2.434s] -- Symlinking: /home/eceteam4/ECE480Team4/ros2_ws/install/vesc_msgs/share/vesc_msgs/package.dsv
[2.471s] -- Up-to-date symlink: /home/eceteam4/ECE480Team4/ros2_ws/install/vesc_msgs/share/ament_index/resource_index/packages/vesc_msgs
[2.472s] -- Up-to-date symlink: /home/eceteam4/ECE480Team4/ros2_ws/install/vesc_msgs/share/vesc_msgs/cmake/rosidl_cmake-extras.cmake
[2.472s] -- Up-to-date symlink: /home/eceteam4/ECE480Team4/ros2_ws/install/vesc_msgs/share/vesc_msgs/cmake/ament_cmake_export_dependencies-extras.cmake
[2.472s] -- Up-to-date symlink: /home/eceteam4/ECE480Team4/ros2_ws/install/vesc_msgs/share/vesc_msgs/cmake/ament_cmake_export_include_directories-extras.cmake
[2.473s] -- Up-to-date symlink: /home/eceteam4/ECE480Team4/ros2_ws/install/vesc_msgs/share/vesc_msgs/cmake/ament_cmake_export_libraries-extras.cmake
[2.473s] -- Up-to-date symlink: /home/eceteam4/ECE480Team4/ros2_ws/install/vesc_msgs/share/vesc_msgs/cmake/ament_cmake_export_targets-extras.cmake
[2.473s] -- Up-to-date symlink: /home/eceteam4/ECE480Team4/ros2_ws/install/vesc_msgs/share/vesc_msgs/cmake/rosidl_cmake_export_typesupport_targets-extras.cmake
[2.473s] -- Up-to-date symlink: /home/eceteam4/ECE480Team4/ros2_ws/install/vesc_msgs/share/vesc_msgs/cmake/rosidl_cmake_export_typesupport_libraries-extras.cmake
[2.474s] -- Up-to-date symlink: /home/eceteam4/ECE480Team4/ros2_ws/install/vesc_msgs/share/vesc_msgs/cmake/vesc_msgsConfig.cmake
[2.475s] -- Up-to-date symlink: /home/eceteam4/ECE480Team4/ros2_ws/install/vesc_msgs/share/vesc_msgs/cmake/vesc_msgsConfig-version.cmake
[2.475s] -- Up-to-date symlink: /home/eceteam4/ECE480Team4/ros2_ws/install/vesc_msgs/share/vesc_msgs/package.xml
[2.487s] -- Up-to-date: /home/eceteam4/ECE480Team4/ros2_ws/install/vesc_msgs/lib/libvesc_msgs__rosidl_generator_c.so
[2.488s] -- Up-to-date: /home/eceteam4/ECE480Team4/ros2_ws/install/vesc_msgs/lib/libvesc_msgs__rosidl_typesupport_fastrtps_c.so
[2.488s] -- Up-to-date: /home/eceteam4/ECE480Team4/ros2_ws/install/vesc_msgs/lib/libvesc_msgs__rosidl_typesupport_introspection_c.so
[2.489s] -- Up-to-date: /home/eceteam4/ECE480Team4/ros2_ws/install/vesc_msgs/lib/libvesc_msgs__rosidl_typesupport_c.so
[2.489s] -- Up-to-date: /home/eceteam4/ECE480Team4/ros2_ws/install/vesc_msgs/lib/libvesc_msgs__rosidl_typesupport_fastrtps_cpp.so
[2.490s] -- Up-to-date: /home/eceteam4/ECE480Team4/ros2_ws/install/vesc_msgs/lib/libvesc_msgs__rosidl_typesupport_introspection_cpp.so
[2.490s] -- Up-to-date: /home/eceteam4/ECE480Team4/ros2_ws/install/vesc_msgs/lib/libvesc_msgs__rosidl_typesupport_cpp.so
[2.677s] Listing '/home/eceteam4/ECE480Team4/ros2_ws/install/vesc_msgs/local/lib/python3.10/dist-packages/vesc_msgs'...
[2.677s] Listing '/home/eceteam4/ECE480Team4/ros2_ws/install/vesc_msgs/local/lib/python3.10/dist-packages/vesc_msgs/msg'...
[2.734s] -- Up-to-date: /home/eceteam4/ECE480Team4/ros2_ws/install/vesc_msgs/lib/libvesc_msgs__rosidl_generator_py.so
[2.735s] -- Up-to-date: /home/eceteam4/ECE480Team4/ros2_ws/install/vesc_msgs/share/vesc_msgs/cmake/export_vesc_msgs__rosidl_generator_cExport.cmake
[2.736s] -- Up-to-date: /home/eceteam4/ECE480Team4/ros2_ws/install/vesc_msgs/share/vesc_msgs/cmake/export_vesc_msgs__rosidl_generator_cExport-noconfig.cmake
[2.736s] -- Up-to-date: /home/eceteam4/ECE480Team4/ros2_ws/install/vesc_msgs/share/vesc_msgs/cmake/export_vesc_msgs__rosidl_typesupport_fastrtps_cExport.cmake
[2.736s] -- Up-to-date: /home/eceteam4/ECE480Team4/ros2_ws/install/vesc_msgs/share/vesc_msgs/cmake/export_vesc_msgs__rosidl_typesupport_fastrtps_cExport-noconfig.cmake
[2.737s] -- Up-to-date: /home/eceteam4/ECE480Team4/ros2_ws/install/vesc_msgs/share/vesc_msgs/cmake/vesc_msgs__rosidl_typesupport_introspection_cExport.cmake
[2.737s] -- Up-to-date: /home/eceteam4/ECE480Team4/ros2_ws/install/vesc_msgs/share/vesc_msgs/cmake/vesc_msgs__rosidl_typesupport_introspection_cExport-noconfig.cmake
[2.738s] -- Up-to-date: /home/eceteam4/ECE480Team4/ros2_ws/install/vesc_msgs/share/vesc_msgs/cmake/vesc_msgs__rosidl_typesupport_cExport.cmake
[2.738s] -- Up-to-date: /home/eceteam4/ECE480Team4/ros2_ws/install/vesc_msgs/share/vesc_msgs/cmake/vesc_msgs__rosidl_typesupport_cExport-noconfig.cmake
[2.738s] -- Up-to-date: /home/eceteam4/ECE480Team4/ros2_ws/install/vesc_msgs/share/vesc_msgs/cmake/export_vesc_msgs__rosidl_generator_cppExport.cmake
[2.739s] -- Up-to-date: /home/eceteam4/ECE480Team4/ros2_ws/install/vesc_msgs/share/vesc_msgs/cmake/export_vesc_msgs__rosidl_typesupport_fastrtps_cppExport.cmake
[2.739s] -- Up-to-date: /home/eceteam4/ECE480Team4/ros2_ws/install/vesc_msgs/share/vesc_msgs/cmake/export_vesc_msgs__rosidl_typesupport_fastrtps_cppExport-noconfig.cmake
[2.740s] -- Up-to-date: /home/eceteam4/ECE480Team4/ros2_ws/install/vesc_msgs/share/vesc_msgs/cmake/vesc_msgs__rosidl_typesupport_introspection_cppExport.cmake
[2.741s] -- Up-to-date: /home/eceteam4/ECE480Team4/ros2_ws/install/vesc_msgs/share/vesc_msgs/cmake/vesc_msgs__rosidl_typesupport_introspection_cppExport-noconfig.cmake
[2.743s] -- Up-to-date: /home/eceteam4/ECE480Team4/ros2_ws/install/vesc_msgs/share/vesc_msgs/cmake/vesc_msgs__rosidl_typesupport_cppExport.cmake
[2.743s] -- Up-to-date: /home/eceteam4/ECE480Team4/ros2_ws/install/vesc_msgs/share/vesc_msgs/cmake/vesc_msgs__rosidl_typesupport_cppExport-noconfig.cmake
[2.743s] -- Up-to-date: /home/eceteam4/ECE480Team4/ros2_ws/install/vesc_msgs/share/vesc_msgs/cmake/export_vesc_msgs__rosidl_generator_pyExport.cmake
[2.743s] -- Up-to-date: /home/eceteam4/ECE480Team4/ros2_ws/install/vesc_msgs/share/vesc_msgs/cmake/export_vesc_msgs__rosidl_generator_pyExport-noconfig.cmake
[3.218s] Invoked command in '/home/eceteam4/ECE480Team4/ros2_ws/build/vesc_msgs' returned '0': /usr/bin/cmake --install /home/eceteam4/ECE480Team4/ros2_ws/build/vesc_msgs
