[0.034s] Invoking command in '/home/eceteam4/ECE480Team4/ros2_ws/build/vesc_driver': AMENT_PREFIX_PATH=/home/eceteam4/ECE480Team4/ros2_ws/install/vesc_msgs:${AMENT_PREFIX_PATH} CMAKE_PREFIX_PATH=/home/eceteam4/ECE480Team4/ros2_ws/install/vesc_msgs:/opt/ros/humble LD_LIBRARY_PATH=/home/eceteam4/ECE480Team4/ros2_ws/install/vesc_msgs/lib:${LD_LIBRARY_PATH} PYTHONPATH=/home/eceteam4/ECE480Team4/ros2_ws/install/vesc_msgs/local/lib/python3.10/dist-packages:${PYTHONPATH} /usr/bin/cmake --build /home/eceteam4/ECE480Team4/ros2_ws/build/vesc_driver -- -j6 -l6
[0.265s] [ 20%] Built target vesc_driver_node
[0.286s] [ 70%] Built target vesc_driver
[0.352s] [100%] Built target vesc_device_namer
[0.381s] Invoked command in '/home/eceteam4/ECE480Team4/ros2_ws/build/vesc_driver' returned '0': AMENT_PREFIX_PATH=/home/eceteam4/ECE480Team4/ros2_ws/install/vesc_msgs:${AMENT_PREFIX_PATH} CMAKE_PREFIX_PATH=/home/eceteam4/ECE480Team4/ros2_ws/install/vesc_msgs:/opt/ros/humble LD_LIBRARY_PATH=/home/eceteam4/ECE480Team4/ros2_ws/install/vesc_msgs/lib:${LD_LIBRARY_PATH} PYTHONPATH=/home/eceteam4/ECE480Team4/ros2_ws/install/vesc_msgs/local/lib/python3.10/dist-packages:${PYTHONPATH} /usr/bin/cmake --build /home/eceteam4/ECE480Team4/ros2_ws/build/vesc_driver -- -j6 -l6
[0.387s] Invoking command in '/home/eceteam4/ECE480Team4/ros2_ws/build/vesc_driver': AMENT_PREFIX_PATH=/home/eceteam4/ECE480Team4/ros2_ws/install/vesc_msgs:${AMENT_PREFIX_PATH} CMAKE_PREFIX_PATH=/home/eceteam4/ECE480Team4/ros2_ws/install/vesc_msgs:/opt/ros/humble LD_LIBRARY_PATH=/home/eceteam4/ECE480Team4/ros2_ws/install/vesc_msgs/lib:${LD_LIBRARY_PATH} PYTHONPATH=/home/eceteam4/ECE480Team4/ros2_ws/install/vesc_msgs/local/lib/python3.10/dist-packages:${PYTHONPATH} /usr/bin/cmake --install /home/eceteam4/ECE480Team4/ros2_ws/build/vesc_driver
[0.422s] -- Install configuration: ""
[0.422s] -- Execute custom install script
[0.423s] -- Up-to-date symlink: /home/eceteam4/ECE480Team4/ros2_ws/install/vesc_driver/lib/vesc_driver/vesc_driver_node
[0.424s] -- Up-to-date symlink: /home/eceteam4/ECE480Team4/ros2_ws/install/vesc_driver/include/vesc_driver/crc.hpp
[0.424s] -- Up-to-date symlink: /home/eceteam4/ECE480Team4/ros2_ws/install/vesc_driver/include/vesc_driver/datatypes.hpp
[0.424s] -- Up-to-date symlink: /home/eceteam4/ECE480Team4/ros2_ws/install/vesc_driver/include/vesc_driver/vesc_device_uuid_lookup.hpp
[0.425s] -- Up-to-date symlink: /home/eceteam4/ECE480Team4/ros2_ws/install/vesc_driver/include/vesc_driver/vesc_driver.hpp
[0.426s] -- Up-to-date symlink: /home/eceteam4/ECE480Team4/ros2_ws/install/vesc_driver/include/vesc_driver/vesc_interface.hpp
[0.427s] -- Up-to-date symlink: /home/eceteam4/ECE480Team4/ros2_ws/install/vesc_driver/include/vesc_driver/vesc_packet.hpp
[0.428s] -- Up-to-date symlink: /home/eceteam4/ECE480Team4/ros2_ws/install/vesc_driver/include/vesc_driver/vesc_packet_factory.hpp
[0.433s] -- Up-to-date symlink: /home/eceteam4/ECE480Team4/ros2_ws/install/vesc_driver/share/vesc_driver/environment/library_path.sh
[0.434s] -- Up-to-date symlink: /home/eceteam4/ECE480Team4/ros2_ws/install/vesc_driver/share/vesc_driver/environment/library_path.dsv
[0.436s] -- Up-to-date symlink: /home/eceteam4/ECE480Team4/ros2_ws/install/vesc_driver/lib/libvesc_driver.so
[0.437s] -- Up-to-date symlink: /home/eceteam4/ECE480Team4/ros2_ws/install/vesc_driver/lib/vesc_driver/vesc_device_namer
[0.440s] -- Up-to-date symlink: /home/eceteam4/ECE480Team4/ros2_ws/install/vesc_driver/share/vesc_driver/launch/vesc_driver_node.launch.py
[0.445s] -- Up-to-date symlink: /home/eceteam4/ECE480Team4/ros2_ws/install/vesc_driver/share/vesc_driver/params/vesc_config.yaml
[0.448s] -- Up-to-date symlink: /home/eceteam4/ECE480Team4/ros2_ws/install/vesc_driver/share/ament_index/resource_index/package_run_dependencies/vesc_driver
[0.450s] -- Up-to-date symlink: /home/eceteam4/ECE480Team4/ros2_ws/install/vesc_driver/share/ament_index/resource_index/parent_prefix_path/vesc_driver
[0.452s] -- Up-to-date symlink: /home/eceteam4/ECE480Team4/ros2_ws/install/vesc_driver/share/vesc_driver/environment/ament_prefix_path.sh
[0.454s] -- Up-to-date symlink: /home/eceteam4/ECE480Team4/ros2_ws/install/vesc_driver/share/vesc_driver/environment/ament_prefix_path.dsv
[0.456s] -- Up-to-date symlink: /home/eceteam4/ECE480Team4/ros2_ws/install/vesc_driver/share/vesc_driver/environment/path.sh
[0.457s] -- Up-to-date symlink: /home/eceteam4/ECE480Team4/ros2_ws/install/vesc_driver/share/vesc_driver/environment/path.dsv
[0.459s] -- Up-to-date symlink: /home/eceteam4/ECE480Team4/ros2_ws/install/vesc_driver/share/vesc_driver/local_setup.bash
[0.460s] -- Up-to-date symlink: /home/eceteam4/ECE480Team4/ros2_ws/install/vesc_driver/share/vesc_driver/local_setup.sh
[0.462s] -- Up-to-date symlink: /home/eceteam4/ECE480Team4/ros2_ws/install/vesc_driver/share/vesc_driver/local_setup.zsh
[0.463s] -- Up-to-date symlink: /home/eceteam4/ECE480Team4/ros2_ws/install/vesc_driver/share/vesc_driver/local_setup.dsv
[0.463s] -- Symlinking: /home/eceteam4/ECE480Team4/ros2_ws/install/vesc_driver/share/vesc_driver/package.dsv
[0.486s] -- Up-to-date symlink: /home/eceteam4/ECE480Team4/ros2_ws/install/vesc_driver/share/ament_index/resource_index/packages/vesc_driver
[0.486s] -- Up-to-date symlink: /home/eceteam4/ECE480Team4/ros2_ws/install/vesc_driver/share/ament_index/resource_index/rclcpp_components/vesc_driver
[0.487s] -- Up-to-date symlink: /home/eceteam4/ECE480Team4/ros2_ws/install/vesc_driver/share/vesc_driver/cmake/ament_cmake_export_dependencies-extras.cmake
[0.488s] -- Up-to-date symlink: /home/eceteam4/ECE480Team4/ros2_ws/install/vesc_driver/share/vesc_driver/cmake/ament_cmake_export_include_directories-extras.cmake
[0.489s] -- Up-to-date symlink: /home/eceteam4/ECE480Team4/ros2_ws/install/vesc_driver/share/vesc_driver/cmake/ament_cmake_export_libraries-extras.cmake
[0.490s] -- Up-to-date symlink: /home/eceteam4/ECE480Team4/ros2_ws/install/vesc_driver/share/vesc_driver/cmake/vesc_driverConfig.cmake
[0.492s] -- Up-to-date symlink: /home/eceteam4/ECE480Team4/ros2_ws/install/vesc_driver/share/vesc_driver/cmake/vesc_driverConfig-version.cmake
[0.493s] -- Up-to-date symlink: /home/eceteam4/ECE480Team4/ros2_ws/install/vesc_driver/share/vesc_driver/package.xml
[1.085s] Invoked command in '/home/eceteam4/ECE480Team4/ros2_ws/build/vesc_driver' returned '0': AMENT_PREFIX_PATH=/home/eceteam4/ECE480Team4/ros2_ws/install/vesc_msgs:${AMENT_PREFIX_PATH} CMAKE_PREFIX_PATH=/home/eceteam4/ECE480Team4/ros2_ws/install/vesc_msgs:/opt/ros/humble LD_LIBRARY_PATH=/home/eceteam4/ECE480Team4/ros2_ws/install/vesc_msgs/lib:${LD_LIBRARY_PATH} PYTHONPATH=/home/eceteam4/ECE480Team4/ros2_ws/install/vesc_msgs/local/lib/python3.10/dist-packages:${PYTHONPATH} /usr/bin/cmake --install /home/eceteam4/ECE480Team4/ros2_ws/build/vesc_driver
