[5.881s] Invoking command in '/home/eceteam4/ECE480Team4/build/lane_follow': PYTHONPATH=/home/eceteam4/ECE480Team4/build/lane_follow/prefix_override:/usr/lib/python3/dist-packages/colcon_core/task/python/colcon_distutils_commands:/home/eceteam4/ECE480Team4/install/lane_follow/lib/python3.10/site-packages:${PYTHONPATH} /usr/bin/python3 -W ignore:setup.py install is deprecated -W ignore:easy_install command is deprecated setup.py develop --editable --build-directory /home/eceteam4/ECE480Team4/build/lane_follow/build --no-deps symlink_data
[7.136s] running develop
[7.860s] running egg_info
[7.860s] writing lane_follow.egg-info/PKG-INFO
[7.860s] writing dependency_links to lane_follow.egg-info/dependency_links.txt
[7.860s] writing entry points to lane_follow.egg-info/entry_points.txt
[7.861s] writing requirements to lane_follow.egg-info/requires.txt
[7.864s] writing top-level names to lane_follow.egg-info/top_level.txt
[7.866s] reading manifest file 'lane_follow.egg-info/SOURCES.txt'
[7.867s] writing manifest file 'lane_follow.egg-info/SOURCES.txt'
[7.872s] running build_ext
[7.872s] Creating /home/eceteam4/ECE480Team4/install/lane_follow/lib/python3.10/site-packages/lane-follow.egg-link (link to .)
[7.875s] Installing detect script to /home/eceteam4/ECE480Team4/install/lane_follow/lib/lane_follow
[7.875s] Installing follow_pid script to /home/eceteam4/ECE480Team4/install/lane_follow/lib/lane_follow
[7.876s] Installing follow_pure_pursuit script to /home/eceteam4/ECE480Team4/install/lane_follow/lib/lane_follow
[7.876s] Installing ground_spot script to /home/eceteam4/ECE480Team4/install/lane_follow/lib/lane_follow
[7.876s] Installing sensors_camera_node script to /home/eceteam4/ECE480Team4/install/lane_follow/lib/lane_follow
[7.876s] 
[7.877s] Installed /home/eceteam4/ECE480Team4/build/lane_follow
[7.877s] running symlink_data
[8.332s] Invoked command in '/home/eceteam4/ECE480Team4/build/lane_follow' returned '0': PYTHONPATH=/home/eceteam4/ECE480Team4/build/lane_follow/prefix_override:/usr/lib/python3/dist-packages/colcon_core/task/python/colcon_distutils_commands:/home/eceteam4/ECE480Team4/install/lane_follow/lib/python3.10/site-packages:${PYTHONPATH} /usr/bin/python3 -W ignore:setup.py install is deprecated -W ignore:easy_install command is deprecated setup.py develop --editable --build-directory /home/eceteam4/ECE480Team4/build/lane_follow/build --no-deps symlink_data
