[0.116s] DEBUG:colcon:Command line arguments: ['/usr/bin/colcon', 'build', '--symlink-install']
[0.116s] DEBUG:colcon:Parsed command line arguments: Namespace(log_base=None, log_level=None, verb_name='build', build_base='build', install_base='install', merge_install=False, symlink_install=True, test_result_base=None, continue_on_error=False, executor='parallel', parallel_workers=6, event_handlers=None, ignore_user_meta=False, metas=['./colcon.meta'], base_paths=['.'], packages_ignore=None, packages_ignore_regex=None, paths=None, packages_up_to=None, packages_up_to_regex=None, packages_above=None, packages_above_and_dependencies=None, packages_above_depth=None, packages_select_by_dep=None, packages_skip_by_dep=None, packages_skip_up_to=None, packages_select_build_failed=False, packages_skip_build_finished=False, packages_select_test_failures=False, packages_skip_test_passed=False, packages_select=None, packages_skip=None, packages_select_regex=None, packages_skip_regex=None, packages_start=None, packages_end=None, cmake_args=None, cmake_target=None, cmake_target_skip_unavailable=False, cmake_clean_cache=False, cmake_clean_first=False, cmake_force_configure=False, ament_cmake_args=None, catkin_cmake_args=None, catkin_skip_building_tests=False, mixin_files=None, mixin=None, verb_parser=<colcon_mixin.mixin.mixin_argument.MixinArgumentDecorator object at 0x14ad58dc69e0>, verb_extension=<colcon_core.verb.build.BuildVerb object at 0x14ad58f0f910>, main=<bound method BuildVerb.main of <colcon_core.verb.build.BuildVerb object at 0x14ad58f0f910>>, mixin_verb=('build',))
[0.289s] Level 1:colcon.colcon_core.package_discovery:discover_packages(colcon_meta) check parameters
[0.289s] Level 1:colcon.colcon_core.package_discovery:discover_packages(recursive) check parameters
[0.289s] Level 1:colcon.colcon_core.package_discovery:discover_packages(ignore) check parameters
[0.289s] Level 1:colcon.colcon_core.package_discovery:discover_packages(path) check parameters
[0.289s] Level 1:colcon.colcon_core.package_discovery:discover_packages(colcon_meta) discover
[0.289s] Level 1:colcon.colcon_core.package_discovery:discover_packages(recursive) discover
[0.289s] INFO:colcon.colcon_core.package_discovery:Crawling recursively for packages in '/mnt/home/leflarsa/av/ECE480Team4/ros2_ws'
[0.292s] Level 1:colcon.colcon_core.package_identification:_identify(.) by extensions ['ignore', 'ignore_ament_install']
[0.292s] Level 1:colcon.colcon_core.package_identification:_identify(.) by extension 'ignore'
[0.292s] Level 1:colcon.colcon_core.package_identification:_identify(.) by extension 'ignore_ament_install'
[0.292s] Level 1:colcon.colcon_core.package_identification:_identify(.) by extensions ['colcon_pkg']
[0.292s] Level 1:colcon.colcon_core.package_identification:_identify(.) by extension 'colcon_pkg'
[0.292s] Level 1:colcon.colcon_core.package_identification:_identify(.) by extensions ['colcon_meta']
[0.292s] Level 1:colcon.colcon_core.package_identification:_identify(.) by extension 'colcon_meta'
[0.292s] Level 1:colcon.colcon_core.package_identification:_identify(.) by extensions ['ros']
[0.292s] Level 1:colcon.colcon_core.package_identification:_identify(.) by extension 'ros'
[0.302s] Level 1:colcon.colcon_core.package_identification:_identify(.) by extensions ['cmake', 'python']
[0.302s] Level 1:colcon.colcon_core.package_identification:_identify(.) by extension 'cmake'
[0.302s] Level 1:colcon.colcon_core.package_identification:_identify(.) by extension 'python'
[0.302s] Level 1:colcon.colcon_core.package_identification:_identify(.) by extensions ['python_setup_py']
[0.302s] Level 1:colcon.colcon_core.package_identification:_identify(.) by extension 'python_setup_py'
[0.303s] Level 1:colcon.colcon_core.package_identification:_identify(build) by extensions ['ignore', 'ignore_ament_install']
[0.303s] Level 1:colcon.colcon_core.package_identification:_identify(build) by extension 'ignore'
[0.303s] Level 1:colcon.colcon_core.package_identification:_identify(build) ignored
[0.303s] Level 1:colcon.colcon_core.package_identification:_identify(config) by extensions ['ignore', 'ignore_ament_install']
[0.304s] Level 1:colcon.colcon_core.package_identification:_identify(config) by extension 'ignore'
[0.304s] Level 1:colcon.colcon_core.package_identification:_identify(config) by extension 'ignore_ament_install'
[0.304s] Level 1:colcon.colcon_core.package_identification:_identify(config) by extensions ['colcon_pkg']
[0.304s] Level 1:colcon.colcon_core.package_identification:_identify(config) by extension 'colcon_pkg'
[0.304s] Level 1:colcon.colcon_core.package_identification:_identify(config) by extensions ['colcon_meta']
[0.304s] Level 1:colcon.colcon_core.package_identification:_identify(config) by extension 'colcon_meta'
[0.304s] Level 1:colcon.colcon_core.package_identification:_identify(config) by extensions ['ros']
[0.304s] Level 1:colcon.colcon_core.package_identification:_identify(config) by extension 'ros'
[0.304s] Level 1:colcon.colcon_core.package_identification:_identify(config) by extensions ['cmake', 'python']
[0.304s] Level 1:colcon.colcon_core.package_identification:_identify(config) by extension 'cmake'
[0.304s] Level 1:colcon.colcon_core.package_identification:_identify(config) by extension 'python'
[0.304s] Level 1:colcon.colcon_core.package_identification:_identify(config) by extensions ['python_setup_py']
[0.304s] Level 1:colcon.colcon_core.package_identification:_identify(config) by extension 'python_setup_py'
[0.305s] Level 1:colcon.colcon_core.package_identification:_identify(install) by extensions ['ignore', 'ignore_ament_install']
[0.305s] Level 1:colcon.colcon_core.package_identification:_identify(install) by extension 'ignore'
[0.305s] Level 1:colcon.colcon_core.package_identification:_identify(install) ignored
[0.306s] Level 1:colcon.colcon_core.package_identification:_identify(launch) by extensions ['ignore', 'ignore_ament_install']
[0.306s] Level 1:colcon.colcon_core.package_identification:_identify(launch) by extension 'ignore'
[0.306s] Level 1:colcon.colcon_core.package_identification:_identify(launch) by extension 'ignore_ament_install'
[0.306s] Level 1:colcon.colcon_core.package_identification:_identify(launch) by extensions ['colcon_pkg']
[0.306s] Level 1:colcon.colcon_core.package_identification:_identify(launch) by extension 'colcon_pkg'
[0.306s] Level 1:colcon.colcon_core.package_identification:_identify(launch) by extensions ['colcon_meta']
[0.306s] Level 1:colcon.colcon_core.package_identification:_identify(launch) by extension 'colcon_meta'
[0.306s] Level 1:colcon.colcon_core.package_identification:_identify(launch) by extensions ['ros']
[0.306s] Level 1:colcon.colcon_core.package_identification:_identify(launch) by extension 'ros'
[0.306s] Level 1:colcon.colcon_core.package_identification:_identify(launch) by extensions ['cmake', 'python']
[0.306s] Level 1:colcon.colcon_core.package_identification:_identify(launch) by extension 'cmake'
[0.306s] Level 1:colcon.colcon_core.package_identification:_identify(launch) by extension 'python'
[0.306s] Level 1:colcon.colcon_core.package_identification:_identify(launch) by extensions ['python_setup_py']
[0.306s] Level 1:colcon.colcon_core.package_identification:_identify(launch) by extension 'python_setup_py'
[0.308s] Level 1:colcon.colcon_core.package_identification:_identify(log) by extensions ['ignore', 'ignore_ament_install']
[0.308s] Level 1:colcon.colcon_core.package_identification:_identify(log) by extension 'ignore'
[0.308s] Level 1:colcon.colcon_core.package_identification:_identify(log) ignored
[0.308s] Level 1:colcon.colcon_core.package_identification:_identify(src) by extensions ['ignore', 'ignore_ament_install']
[0.308s] Level 1:colcon.colcon_core.package_identification:_identify(src) by extension 'ignore'
[0.308s] Level 1:colcon.colcon_core.package_identification:_identify(src) by extension 'ignore_ament_install'
[0.309s] Level 1:colcon.colcon_core.package_identification:_identify(src) by extensions ['colcon_pkg']
[0.309s] Level 1:colcon.colcon_core.package_identification:_identify(src) by extension 'colcon_pkg'
[0.309s] Level 1:colcon.colcon_core.package_identification:_identify(src) by extensions ['colcon_meta']
[0.309s] Level 1:colcon.colcon_core.package_identification:_identify(src) by extension 'colcon_meta'
[0.309s] Level 1:colcon.colcon_core.package_identification:_identify(src) by extensions ['ros']
[0.309s] Level 1:colcon.colcon_core.package_identification:_identify(src) by extension 'ros'
[0.309s] Level 1:colcon.colcon_core.package_identification:_identify(src) by extensions ['cmake', 'python']
[0.309s] Level 1:colcon.colcon_core.package_identification:_identify(src) by extension 'cmake'
[0.309s] Level 1:colcon.colcon_core.package_identification:_identify(src) by extension 'python'
[0.309s] Level 1:colcon.colcon_core.package_identification:_identify(src) by extensions ['python_setup_py']
[0.309s] Level 1:colcon.colcon_core.package_identification:_identify(src) by extension 'python_setup_py'
[0.309s] Level 1:colcon.colcon_core.package_identification:_identify(src/control_pure_pursuit_node) by extensions ['ignore', 'ignore_ament_install']
[0.309s] Level 1:colcon.colcon_core.package_identification:_identify(src/control_pure_pursuit_node) by extension 'ignore'
[0.309s] Level 1:colcon.colcon_core.package_identification:_identify(src/control_pure_pursuit_node) by extension 'ignore_ament_install'
[0.309s] Level 1:colcon.colcon_core.package_identification:_identify(src/control_pure_pursuit_node) by extensions ['colcon_pkg']
[0.309s] Level 1:colcon.colcon_core.package_identification:_identify(src/control_pure_pursuit_node) by extension 'colcon_pkg'
[0.309s] Level 1:colcon.colcon_core.package_identification:_identify(src/control_pure_pursuit_node) by extensions ['colcon_meta']
[0.309s] Level 1:colcon.colcon_core.package_identification:_identify(src/control_pure_pursuit_node) by extension 'colcon_meta'
[0.309s] Level 1:colcon.colcon_core.package_identification:_identify(src/control_pure_pursuit_node) by extensions ['ros']
[0.309s] Level 1:colcon.colcon_core.package_identification:_identify(src/control_pure_pursuit_node) by extension 'ros'
[0.309s] Level 1:colcon.colcon_core.package_identification:_identify(src/control_pure_pursuit_node) by extensions ['cmake', 'python']
[0.310s] Level 1:colcon.colcon_core.package_identification:_identify(src/control_pure_pursuit_node) by extension 'cmake'
[0.310s] Level 1:colcon.colcon_core.package_identification:_identify(src/control_pure_pursuit_node) by extension 'python'
[0.310s] Level 1:colcon.colcon_core.package_identification:_identify(src/control_pure_pursuit_node) by extensions ['python_setup_py']
[0.310s] Level 1:colcon.colcon_core.package_identification:_identify(src/control_pure_pursuit_node) by extension 'python_setup_py'
[0.310s] Level 1:colcon.colcon_core.package_identification:_identify(src/curvy_road) by extensions ['ignore', 'ignore_ament_install']
[0.310s] Level 1:colcon.colcon_core.package_identification:_identify(src/curvy_road) by extension 'ignore'
[0.310s] Level 1:colcon.colcon_core.package_identification:_identify(src/curvy_road) by extension 'ignore_ament_install'
[0.310s] Level 1:colcon.colcon_core.package_identification:_identify(src/curvy_road) by extensions ['colcon_pkg']
[0.310s] Level 1:colcon.colcon_core.package_identification:_identify(src/curvy_road) by extension 'colcon_pkg'
[0.310s] Level 1:colcon.colcon_core.package_identification:_identify(src/curvy_road) by extensions ['colcon_meta']
[0.310s] Level 1:colcon.colcon_core.package_identification:_identify(src/curvy_road) by extension 'colcon_meta'
[0.310s] Level 1:colcon.colcon_core.package_identification:_identify(src/curvy_road) by extensions ['ros']
[0.310s] Level 1:colcon.colcon_core.package_identification:_identify(src/curvy_road) by extension 'ros'
[0.317s] DEBUG:colcon.colcon_core.package_identification:Package 'src/curvy_road' with type 'ros.ament_cmake' and name 'curvy_road'
[0.317s] Level 1:colcon.colcon_core.package_identification:_identify(src/lane_follow) by extensions ['ignore', 'ignore_ament_install']
[0.317s] Level 1:colcon.colcon_core.package_identification:_identify(src/lane_follow) by extension 'ignore'
[0.317s] Level 1:colcon.colcon_core.package_identification:_identify(src/lane_follow) by extension 'ignore_ament_install'
[0.317s] Level 1:colcon.colcon_core.package_identification:_identify(src/lane_follow) by extensions ['colcon_pkg']
[0.318s] Level 1:colcon.colcon_core.package_identification:_identify(src/lane_follow) by extension 'colcon_pkg'
[0.318s] Level 1:colcon.colcon_core.package_identification:_identify(src/lane_follow) by extensions ['colcon_meta']
[0.318s] Level 1:colcon.colcon_core.package_identification:_identify(src/lane_follow) by extension 'colcon_meta'
[0.318s] Level 1:colcon.colcon_core.package_identification:_identify(src/lane_follow) by extensions ['ros']
[0.318s] Level 1:colcon.colcon_core.package_identification:_identify(src/lane_follow) by extension 'ros'
[0.319s] DEBUG:colcon.colcon_core.package_identification:Package 'src/lane_follow' with type 'ros.ament_python' and name 'lane_follow'
[0.319s] Level 1:colcon.colcon_core.package_identification:_identify(src/localization_ekf_node) by extensions ['ignore', 'ignore_ament_install']
[0.319s] Level 1:colcon.colcon_core.package_identification:_identify(src/localization_ekf_node) by extension 'ignore'
[0.319s] Level 1:colcon.colcon_core.package_identification:_identify(src/localization_ekf_node) by extension 'ignore_ament_install'
[0.319s] Level 1:colcon.colcon_core.package_identification:_identify(src/localization_ekf_node) by extensions ['colcon_pkg']
[0.319s] Level 1:colcon.colcon_core.package_identification:_identify(src/localization_ekf_node) by extension 'colcon_pkg'
[0.319s] Level 1:colcon.colcon_core.package_identification:_identify(src/localization_ekf_node) by extensions ['colcon_meta']
[0.319s] Level 1:colcon.colcon_core.package_identification:_identify(src/localization_ekf_node) by extension 'colcon_meta'
[0.319s] Level 1:colcon.colcon_core.package_identification:_identify(src/localization_ekf_node) by extensions ['ros']
[0.319s] Level 1:colcon.colcon_core.package_identification:_identify(src/localization_ekf_node) by extension 'ros'
[0.320s] Level 1:colcon.colcon_core.package_identification:_identify(src/localization_ekf_node) by extensions ['cmake', 'python']
[0.320s] Level 1:colcon.colcon_core.package_identification:_identify(src/localization_ekf_node) by extension 'cmake'
[0.320s] Level 1:colcon.colcon_core.package_identification:_identify(src/localization_ekf_node) by extension 'python'
[0.320s] Level 1:colcon.colcon_core.package_identification:_identify(src/localization_ekf_node) by extensions ['python_setup_py']
[0.320s] Level 1:colcon.colcon_core.package_identification:_identify(src/localization_ekf_node) by extension 'python_setup_py'
[0.320s] Level 1:colcon.colcon_core.package_identification:_identify(src/localization_orb_slam_vio_node) by extensions ['ignore', 'ignore_ament_install']
[0.320s] Level 1:colcon.colcon_core.package_identification:_identify(src/localization_orb_slam_vio_node) by extension 'ignore'
[0.320s] Level 1:colcon.colcon_core.package_identification:_identify(src/localization_orb_slam_vio_node) by extension 'ignore_ament_install'
[0.320s] Level 1:colcon.colcon_core.package_identification:_identify(src/localization_orb_slam_vio_node) by extensions ['colcon_pkg']
[0.320s] Level 1:colcon.colcon_core.package_identification:_identify(src/localization_orb_slam_vio_node) by extension 'colcon_pkg'
[0.320s] Level 1:colcon.colcon_core.package_identification:_identify(src/localization_orb_slam_vio_node) by extensions ['colcon_meta']
[0.320s] Level 1:colcon.colcon_core.package_identification:_identify(src/localization_orb_slam_vio_node) by extension 'colcon_meta'
[0.320s] Level 1:colcon.colcon_core.package_identification:_identify(src/localization_orb_slam_vio_node) by extensions ['ros']
[0.320s] Level 1:colcon.colcon_core.package_identification:_identify(src/localization_orb_slam_vio_node) by extension 'ros'
[0.320s] Level 1:colcon.colcon_core.package_identification:_identify(src/localization_orb_slam_vio_node) by extensions ['cmake', 'python']
[0.320s] Level 1:colcon.colcon_core.package_identification:_identify(src/localization_orb_slam_vio_node) by extension 'cmake'
[0.320s] Level 1:colcon.colcon_core.package_identification:_identify(src/localization_orb_slam_vio_node) by extension 'python'
[0.320s] Level 1:colcon.colcon_core.package_identification:_identify(src/localization_orb_slam_vio_node) by extensions ['python_setup_py']
[0.320s] Level 1:colcon.colcon_core.package_identification:_identify(src/localization_orb_slam_vio_node) by extension 'python_setup_py'
[0.321s] Level 1:colcon.colcon_core.package_identification:_identify(src/obstacles_det) by extensions ['ignore', 'ignore_ament_install']
[0.321s] Level 1:colcon.colcon_core.package_identification:_identify(src/obstacles_det) by extension 'ignore'
[0.321s] Level 1:colcon.colcon_core.package_identification:_identify(src/obstacles_det) by extension 'ignore_ament_install'
[0.321s] Level 1:colcon.colcon_core.package_identification:_identify(src/obstacles_det) by extensions ['colcon_pkg']
[0.321s] Level 1:colcon.colcon_core.package_identification:_identify(src/obstacles_det) by extension 'colcon_pkg'
[0.321s] Level 1:colcon.colcon_core.package_identification:_identify(src/obstacles_det) by extensions ['colcon_meta']
[0.321s] Level 1:colcon.colcon_core.package_identification:_identify(src/obstacles_det) by extension 'colcon_meta'
[0.321s] Level 1:colcon.colcon_core.package_identification:_identify(src/obstacles_det) by extensions ['ros']
[0.321s] Level 1:colcon.colcon_core.package_identification:_identify(src/obstacles_det) by extension 'ros'
[0.321s] Level 1:colcon.colcon_core.package_identification:_identify(src/obstacles_det) by extensions ['cmake', 'python']
[0.321s] Level 1:colcon.colcon_core.package_identification:_identify(src/obstacles_det) by extension 'cmake'
[0.321s] Level 1:colcon.colcon_core.package_identification:_identify(src/obstacles_det) by extension 'python'
[0.321s] Level 1:colcon.colcon_core.package_identification:_identify(src/obstacles_det) by extensions ['python_setup_py']
[0.321s] Level 1:colcon.colcon_core.package_identification:_identify(src/obstacles_det) by extension 'python_setup_py'
[0.321s] Level 1:colcon.colcon_core.package_identification:_identify(src/obstacles_det/obstacle_det) by extensions ['ignore', 'ignore_ament_install']
[0.321s] Level 1:colcon.colcon_core.package_identification:_identify(src/obstacles_det/obstacle_det) by extension 'ignore'
[0.321s] Level 1:colcon.colcon_core.package_identification:_identify(src/obstacles_det/obstacle_det) by extension 'ignore_ament_install'
[0.322s] Level 1:colcon.colcon_core.package_identification:_identify(src/obstacles_det/obstacle_det) by extensions ['colcon_pkg']
[0.322s] Level 1:colcon.colcon_core.package_identification:_identify(src/obstacles_det/obstacle_det) by extension 'colcon_pkg'
[0.322s] Level 1:colcon.colcon_core.package_identification:_identify(src/obstacles_det/obstacle_det) by extensions ['colcon_meta']
[0.322s] Level 1:colcon.colcon_core.package_identification:_identify(src/obstacles_det/obstacle_det) by extension 'colcon_meta'
[0.322s] Level 1:colcon.colcon_core.package_identification:_identify(src/obstacles_det/obstacle_det) by extensions ['ros']
[0.322s] Level 1:colcon.colcon_core.package_identification:_identify(src/obstacles_det/obstacle_det) by extension 'ros'
[0.323s] DEBUG:colcon.colcon_core.package_identification:Package 'src/obstacles_det/obstacle_det' with type 'ros.ament_python' and name 'obstacle_det'
[0.323s] Level 1:colcon.colcon_core.package_identification:_identify(src/perception_fusion_node) by extensions ['ignore', 'ignore_ament_install']
[0.323s] Level 1:colcon.colcon_core.package_identification:_identify(src/perception_fusion_node) by extension 'ignore'
[0.323s] Level 1:colcon.colcon_core.package_identification:_identify(src/perception_fusion_node) by extension 'ignore_ament_install'
[0.323s] Level 1:colcon.colcon_core.package_identification:_identify(src/perception_fusion_node) by extensions ['colcon_pkg']
[0.323s] Level 1:colcon.colcon_core.package_identification:_identify(src/perception_fusion_node) by extension 'colcon_pkg'
[0.323s] Level 1:colcon.colcon_core.package_identification:_identify(src/perception_fusion_node) by extensions ['colcon_meta']
[0.323s] Level 1:colcon.colcon_core.package_identification:_identify(src/perception_fusion_node) by extension 'colcon_meta'
[0.323s] Level 1:colcon.colcon_core.package_identification:_identify(src/perception_fusion_node) by extensions ['ros']
[0.323s] Level 1:colcon.colcon_core.package_identification:_identify(src/perception_fusion_node) by extension 'ros'
[0.323s] Level 1:colcon.colcon_core.package_identification:_identify(src/perception_fusion_node) by extensions ['cmake', 'python']
[0.323s] Level 1:colcon.colcon_core.package_identification:_identify(src/perception_fusion_node) by extension 'cmake'
[0.323s] Level 1:colcon.colcon_core.package_identification:_identify(src/perception_fusion_node) by extension 'python'
[0.323s] Level 1:colcon.colcon_core.package_identification:_identify(src/perception_fusion_node) by extensions ['python_setup_py']
[0.323s] Level 1:colcon.colcon_core.package_identification:_identify(src/perception_fusion_node) by extension 'python_setup_py'
[0.324s] Level 1:colcon.colcon_core.package_identification:_identify(src/perception_ml_node) by extensions ['ignore', 'ignore_ament_install']
[0.324s] Level 1:colcon.colcon_core.package_identification:_identify(src/perception_ml_node) by extension 'ignore'
[0.324s] Level 1:colcon.colcon_core.package_identification:_identify(src/perception_ml_node) by extension 'ignore_ament_install'
[0.324s] Level 1:colcon.colcon_core.package_identification:_identify(src/perception_ml_node) by extensions ['colcon_pkg']
[0.324s] Level 1:colcon.colcon_core.package_identification:_identify(src/perception_ml_node) by extension 'colcon_pkg'
[0.324s] Level 1:colcon.colcon_core.package_identification:_identify(src/perception_ml_node) by extensions ['colcon_meta']
[0.324s] Level 1:colcon.colcon_core.package_identification:_identify(src/perception_ml_node) by extension 'colcon_meta'
[0.324s] Level 1:colcon.colcon_core.package_identification:_identify(src/perception_ml_node) by extensions ['ros']
[0.324s] Level 1:colcon.colcon_core.package_identification:_identify(src/perception_ml_node) by extension 'ros'
[0.325s] DEBUG:colcon.colcon_core.package_identification:Package 'src/perception_ml_node' with type 'ros.ament_python' and name 'perception_ml_node'
[0.327s] Level 1:colcon.colcon_core.package_identification:_identify(src/perception_sync_node) by extensions ['ignore', 'ignore_ament_install']
[0.327s] Level 1:colcon.colcon_core.package_identification:_identify(src/perception_sync_node) by extension 'ignore'
[0.327s] Level 1:colcon.colcon_core.package_identification:_identify(src/perception_sync_node) by extension 'ignore_ament_install'
[0.327s] Level 1:colcon.colcon_core.package_identification:_identify(src/perception_sync_node) by extensions ['colcon_pkg']
[0.327s] Level 1:colcon.colcon_core.package_identification:_identify(src/perception_sync_node) by extension 'colcon_pkg'
[0.327s] Level 1:colcon.colcon_core.package_identification:_identify(src/perception_sync_node) by extensions ['colcon_meta']
[0.327s] Level 1:colcon.colcon_core.package_identification:_identify(src/perception_sync_node) by extension 'colcon_meta'
[0.327s] Level 1:colcon.colcon_core.package_identification:_identify(src/perception_sync_node) by extensions ['ros']
[0.327s] Level 1:colcon.colcon_core.package_identification:_identify(src/perception_sync_node) by extension 'ros'
[0.328s] DEBUG:colcon.colcon_core.package_identification:Failed to parse potential ROS package manifest in'src/perception_sync_node': Error(s) in package 'src/perception_sync_node/package.xml':
The manifest contains invalid XML:
not well-formed (invalid token): line 6, column 36
[0.328s] Level 1:colcon.colcon_core.package_identification:_identify(src/perception_sync_node) by extensions ['cmake', 'python']
[0.328s] Level 1:colcon.colcon_core.package_identification:_identify(src/perception_sync_node) by extension 'cmake'
[0.328s] Level 1:colcon.colcon_core.package_identification:_identify(src/perception_sync_node) by extension 'python'
[0.329s] DEBUG:colcon.colcon_core.package_identification:Python package in 'src/perception_sync_node' passes arguments to the setup() function which requires a different identification extension than 'python'
[0.329s] Level 1:colcon.colcon_core.package_identification:_identify(src/perception_sync_node) by extensions ['python_setup_py']
[0.329s] Level 1:colcon.colcon_core.package_identification:_identify(src/perception_sync_node) by extension 'python_setup_py'
[0.569s] DEBUG:colcon.colcon_core.package_identification:Package 'src/perception_sync_node' with type 'python' and name 'perception_sync_node'
[0.570s] Level 1:colcon.colcon_core.package_identification:_identify(src/planning_global_planner_node) by extensions ['ignore', 'ignore_ament_install']
[0.570s] Level 1:colcon.colcon_core.package_identification:_identify(src/planning_global_planner_node) by extension 'ignore'
[0.570s] Level 1:colcon.colcon_core.package_identification:_identify(src/planning_global_planner_node) by extension 'ignore_ament_install'
[0.570s] Level 1:colcon.colcon_core.package_identification:_identify(src/planning_global_planner_node) by extensions ['colcon_pkg']
[0.570s] Level 1:colcon.colcon_core.package_identification:_identify(src/planning_global_planner_node) by extension 'colcon_pkg'
[0.570s] Level 1:colcon.colcon_core.package_identification:_identify(src/planning_global_planner_node) by extensions ['colcon_meta']
[0.570s] Level 1:colcon.colcon_core.package_identification:_identify(src/planning_global_planner_node) by extension 'colcon_meta'
[0.570s] Level 1:colcon.colcon_core.package_identification:_identify(src/planning_global_planner_node) by extensions ['ros']
[0.570s] Level 1:colcon.colcon_core.package_identification:_identify(src/planning_global_planner_node) by extension 'ros'
[0.570s] Level 1:colcon.colcon_core.package_identification:_identify(src/planning_global_planner_node) by extensions ['cmake', 'python']
[0.570s] Level 1:colcon.colcon_core.package_identification:_identify(src/planning_global_planner_node) by extension 'cmake'
[0.570s] Level 1:colcon.colcon_core.package_identification:_identify(src/planning_global_planner_node) by extension 'python'
[0.570s] Level 1:colcon.colcon_core.package_identification:_identify(src/planning_global_planner_node) by extensions ['python_setup_py']
[0.570s] Level 1:colcon.colcon_core.package_identification:_identify(src/planning_global_planner_node) by extension 'python_setup_py'
[0.571s] Level 1:colcon.colcon_core.package_identification:_identify(src/sensors_camera_node) by extensions ['ignore', 'ignore_ament_install']
[0.571s] Level 1:colcon.colcon_core.package_identification:_identify(src/sensors_camera_node) by extension 'ignore'
[0.571s] Level 1:colcon.colcon_core.package_identification:_identify(src/sensors_camera_node) by extension 'ignore_ament_install'
[0.571s] Level 1:colcon.colcon_core.package_identification:_identify(src/sensors_camera_node) by extensions ['colcon_pkg']
[0.571s] Level 1:colcon.colcon_core.package_identification:_identify(src/sensors_camera_node) by extension 'colcon_pkg'
[0.571s] Level 1:colcon.colcon_core.package_identification:_identify(src/sensors_camera_node) by extensions ['colcon_meta']
[0.571s] Level 1:colcon.colcon_core.package_identification:_identify(src/sensors_camera_node) by extension 'colcon_meta'
[0.571s] Level 1:colcon.colcon_core.package_identification:_identify(src/sensors_camera_node) by extensions ['ros']
[0.571s] Level 1:colcon.colcon_core.package_identification:_identify(src/sensors_camera_node) by extension 'ros'
[0.572s] DEBUG:colcon.colcon_core.package_identification:Package 'src/sensors_camera_node' with type 'ros.ament_python' and name 'sensors_camera_node'
[0.572s] Level 1:colcon.colcon_core.package_identification:_identify(src/sensors_imu_bridge) by extensions ['ignore', 'ignore_ament_install']
[0.573s] Level 1:colcon.colcon_core.package_identification:_identify(src/sensors_imu_bridge) by extension 'ignore'
[0.573s] Level 1:colcon.colcon_core.package_identification:_identify(src/sensors_imu_bridge) by extension 'ignore_ament_install'
[0.573s] Level 1:colcon.colcon_core.package_identification:_identify(src/sensors_imu_bridge) by extensions ['colcon_pkg']
[0.573s] Level 1:colcon.colcon_core.package_identification:_identify(src/sensors_imu_bridge) by extension 'colcon_pkg'
[0.573s] Level 1:colcon.colcon_core.package_identification:_identify(src/sensors_imu_bridge) by extensions ['colcon_meta']
[0.573s] Level 1:colcon.colcon_core.package_identification:_identify(src/sensors_imu_bridge) by extension 'colcon_meta'
[0.573s] Level 1:colcon.colcon_core.package_identification:_identify(src/sensors_imu_bridge) by extensions ['ros']
[0.573s] Level 1:colcon.colcon_core.package_identification:_identify(src/sensors_imu_bridge) by extension 'ros'
[0.574s] DEBUG:colcon.colcon_core.package_identification:Package 'src/sensors_imu_bridge' with type 'ros.ament_python' and name 'sensors_imu_bridge'
[0.574s] Level 1:colcon.colcon_core.package_identification:_identify(src/sensors_lidar_bridge) by extensions ['ignore', 'ignore_ament_install']
[0.574s] Level 1:colcon.colcon_core.package_identification:_identify(src/sensors_lidar_bridge) by extension 'ignore'
[0.574s] Level 1:colcon.colcon_core.package_identification:_identify(src/sensors_lidar_bridge) by extension 'ignore_ament_install'
[0.574s] Level 1:colcon.colcon_core.package_identification:_identify(src/sensors_lidar_bridge) by extensions ['colcon_pkg']
[0.574s] Level 1:colcon.colcon_core.package_identification:_identify(src/sensors_lidar_bridge) by extension 'colcon_pkg'
[0.574s] Level 1:colcon.colcon_core.package_identification:_identify(src/sensors_lidar_bridge) by extensions ['colcon_meta']
[0.574s] Level 1:colcon.colcon_core.package_identification:_identify(src/sensors_lidar_bridge) by extension 'colcon_meta'
[0.574s] Level 1:colcon.colcon_core.package_identification:_identify(src/sensors_lidar_bridge) by extensions ['ros']
[0.574s] Level 1:colcon.colcon_core.package_identification:_identify(src/sensors_lidar_bridge) by extension 'ros'
[0.576s] DEBUG:colcon.colcon_core.package_identification:Package 'src/sensors_lidar_bridge' with type 'ros.ament_python' and name 'sensors_lidar_bridge'
[0.576s] Level 1:colcon.colcon_core.package_identification:_identify(src/tools_bag_recorder) by extensions ['ignore', 'ignore_ament_install']
[0.576s] Level 1:colcon.colcon_core.package_identification:_identify(src/tools_bag_recorder) by extension 'ignore'
[0.577s] Level 1:colcon.colcon_core.package_identification:_identify(src/tools_bag_recorder) by extension 'ignore_ament_install'
[0.577s] Level 1:colcon.colcon_core.package_identification:_identify(src/tools_bag_recorder) by extensions ['colcon_pkg']
[0.577s] Level 1:colcon.colcon_core.package_identification:_identify(src/tools_bag_recorder) by extension 'colcon_pkg'
[0.577s] Level 1:colcon.colcon_core.package_identification:_identify(src/tools_bag_recorder) by extensions ['colcon_meta']
[0.577s] Level 1:colcon.colcon_core.package_identification:_identify(src/tools_bag_recorder) by extension 'colcon_meta'
[0.577s] Level 1:colcon.colcon_core.package_identification:_identify(src/tools_bag_recorder) by extensions ['ros']
[0.577s] Level 1:colcon.colcon_core.package_identification:_identify(src/tools_bag_recorder) by extension 'ros'
[0.577s] Level 1:colcon.colcon_core.package_identification:_identify(src/tools_bag_recorder) by extensions ['cmake', 'python']
[0.577s] Level 1:colcon.colcon_core.package_identification:_identify(src/tools_bag_recorder) by extension 'cmake'
[0.577s] Level 1:colcon.colcon_core.package_identification:_identify(src/tools_bag_recorder) by extension 'python'
[0.577s] Level 1:colcon.colcon_core.package_identification:_identify(src/tools_bag_recorder) by extensions ['python_setup_py']
[0.577s] Level 1:colcon.colcon_core.package_identification:_identify(src/tools_bag_recorder) by extension 'python_setup_py'
[0.577s] Level 1:colcon.colcon_core.package_identification:_identify(src/viz_rviz) by extensions ['ignore', 'ignore_ament_install']
[0.577s] Level 1:colcon.colcon_core.package_identification:_identify(src/viz_rviz) by extension 'ignore'
[0.577s] Level 1:colcon.colcon_core.package_identification:_identify(src/viz_rviz) by extension 'ignore_ament_install'
[0.577s] Level 1:colcon.colcon_core.package_identification:_identify(src/viz_rviz) by extensions ['colcon_pkg']
[0.577s] Level 1:colcon.colcon_core.package_identification:_identify(src/viz_rviz) by extension 'colcon_pkg'
[0.577s] Level 1:colcon.colcon_core.package_identification:_identify(src/viz_rviz) by extensions ['colcon_meta']
[0.577s] Level 1:colcon.colcon_core.package_identification:_identify(src/viz_rviz) by extension 'colcon_meta'
[0.577s] Level 1:colcon.colcon_core.package_identification:_identify(src/viz_rviz) by extensions ['ros']
[0.577s] Level 1:colcon.colcon_core.package_identification:_identify(src/viz_rviz) by extension 'ros'
[0.578s] Level 1:colcon.colcon_core.package_identification:_identify(src/viz_rviz) by extensions ['cmake', 'python']
[0.578s] Level 1:colcon.colcon_core.package_identification:_identify(src/viz_rviz) by extension 'cmake'
[0.578s] Level 1:colcon.colcon_core.package_identification:_identify(src/viz_rviz) by extension 'python'
[0.578s] Level 1:colcon.colcon_core.package_identification:_identify(src/viz_rviz) by extensions ['python_setup_py']
[0.578s] Level 1:colcon.colcon_core.package_identification:_identify(src/viz_rviz) by extension 'python_setup_py'
[0.578s] Level 1:colcon.colcon_core.package_identification:_identify(test) by extensions ['ignore', 'ignore_ament_install']
[0.578s] Level 1:colcon.colcon_core.package_identification:_identify(test) by extension 'ignore'
[0.578s] Level 1:colcon.colcon_core.package_identification:_identify(test) by extension 'ignore_ament_install'
[0.578s] Level 1:colcon.colcon_core.package_identification:_identify(test) by extensions ['colcon_pkg']
[0.578s] Level 1:colcon.colcon_core.package_identification:_identify(test) by extension 'colcon_pkg'
[0.578s] Level 1:colcon.colcon_core.package_identification:_identify(test) by extensions ['colcon_meta']
[0.578s] Level 1:colcon.colcon_core.package_identification:_identify(test) by extension 'colcon_meta'
[0.578s] Level 1:colcon.colcon_core.package_identification:_identify(test) by extensions ['ros']
[0.578s] Level 1:colcon.colcon_core.package_identification:_identify(test) by extension 'ros'
[0.578s] Level 1:colcon.colcon_core.package_identification:_identify(test) by extensions ['cmake', 'python']
[0.578s] Level 1:colcon.colcon_core.package_identification:_identify(test) by extension 'cmake'
[0.578s] Level 1:colcon.colcon_core.package_identification:_identify(test) by extension 'python'
[0.578s] Level 1:colcon.colcon_core.package_identification:_identify(test) by extensions ['python_setup_py']
[0.578s] Level 1:colcon.colcon_core.package_identification:_identify(test) by extension 'python_setup_py'
[0.578s] Level 1:colcon.colcon_core.package_discovery:discover_packages(recursive) using defaults
[0.578s] Level 1:colcon.colcon_core.package_discovery:discover_packages(ignore) discover
[0.578s] Level 1:colcon.colcon_core.package_discovery:discover_packages(ignore) using defaults
[0.579s] Level 1:colcon.colcon_core.package_discovery:discover_packages(path) discover
[0.579s] Level 1:colcon.colcon_core.package_discovery:discover_packages(path) using defaults
[0.610s] Level 5:colcon.colcon_core.verb:set package 'curvy_road' build argument 'cmake_args' from command line to 'None'
[0.610s] Level 5:colcon.colcon_core.verb:set package 'curvy_road' build argument 'cmake_target' from command line to 'None'
[0.610s] Level 5:colcon.colcon_core.verb:set package 'curvy_road' build argument 'cmake_target_skip_unavailable' from command line to 'False'
[0.610s] Level 5:colcon.colcon_core.verb:set package 'curvy_road' build argument 'cmake_clean_cache' from command line to 'False'
[0.610s] Level 5:colcon.colcon_core.verb:set package 'curvy_road' build argument 'cmake_clean_first' from command line to 'False'
[0.610s] Level 5:colcon.colcon_core.verb:set package 'curvy_road' build argument 'cmake_force_configure' from command line to 'False'
[0.610s] Level 5:colcon.colcon_core.verb:set package 'curvy_road' build argument 'ament_cmake_args' from command line to 'None'
[0.610s] Level 5:colcon.colcon_core.verb:set package 'curvy_road' build argument 'catkin_cmake_args' from command line to 'None'
[0.610s] Level 5:colcon.colcon_core.verb:set package 'curvy_road' build argument 'catkin_skip_building_tests' from command line to 'False'
[0.610s] DEBUG:colcon.colcon_core.verb:Building package 'curvy_road' with the following arguments: {'ament_cmake_args': None, 'build_base': '/mnt/home/leflarsa/av/ECE480Team4/ros2_ws/build/curvy_road', 'catkin_cmake_args': None, 'catkin_skip_building_tests': False, 'cmake_args': None, 'cmake_clean_cache': False, 'cmake_clean_first': False, 'cmake_force_configure': False, 'cmake_target': None, 'cmake_target_skip_unavailable': False, 'install_base': '/mnt/home/leflarsa/av/ECE480Team4/ros2_ws/install/curvy_road', 'merge_install': False, 'path': '/mnt/home/leflarsa/av/ECE480Team4/ros2_ws/src/curvy_road', 'symlink_install': True, 'test_result_base': None}
[0.611s] Level 5:colcon.colcon_core.verb:set package 'lane_follow' build argument 'cmake_args' from command line to 'None'
[0.611s] Level 5:colcon.colcon_core.verb:set package 'lane_follow' build argument 'cmake_target' from command line to 'None'
[0.611s] Level 5:colcon.colcon_core.verb:set package 'lane_follow' build argument 'cmake_target_skip_unavailable' from command line to 'False'
[0.611s] Level 5:colcon.colcon_core.verb:set package 'lane_follow' build argument 'cmake_clean_cache' from command line to 'False'
[0.611s] Level 5:colcon.colcon_core.verb:set package 'lane_follow' build argument 'cmake_clean_first' from command line to 'False'
[0.611s] Level 5:colcon.colcon_core.verb:set package 'lane_follow' build argument 'cmake_force_configure' from command line to 'False'
[0.611s] Level 5:colcon.colcon_core.verb:set package 'lane_follow' build argument 'ament_cmake_args' from command line to 'None'
[0.611s] Level 5:colcon.colcon_core.verb:set package 'lane_follow' build argument 'catkin_cmake_args' from command line to 'None'
[0.611s] Level 5:colcon.colcon_core.verb:set package 'lane_follow' build argument 'catkin_skip_building_tests' from command line to 'False'
[0.611s] DEBUG:colcon.colcon_core.verb:Building package 'lane_follow' with the following arguments: {'ament_cmake_args': None, 'build_base': '/mnt/home/leflarsa/av/ECE480Team4/ros2_ws/build/lane_follow', 'catkin_cmake_args': None, 'catkin_skip_building_tests': False, 'cmake_args': None, 'cmake_clean_cache': False, 'cmake_clean_first': False, 'cmake_force_configure': False, 'cmake_target': None, 'cmake_target_skip_unavailable': False, 'install_base': '/mnt/home/leflarsa/av/ECE480Team4/ros2_ws/install/lane_follow', 'merge_install': False, 'path': '/mnt/home/leflarsa/av/ECE480Team4/ros2_ws/src/lane_follow', 'symlink_install': True, 'test_result_base': None}
[0.611s] Level 5:colcon.colcon_core.verb:set package 'obstacle_det' build argument 'cmake_args' from command line to 'None'
[0.611s] Level 5:colcon.colcon_core.verb:set package 'obstacle_det' build argument 'cmake_target' from command line to 'None'
[0.611s] Level 5:colcon.colcon_core.verb:set package 'obstacle_det' build argument 'cmake_target_skip_unavailable' from command line to 'False'
[0.611s] Level 5:colcon.colcon_core.verb:set package 'obstacle_det' build argument 'cmake_clean_cache' from command line to 'False'
[0.611s] Level 5:colcon.colcon_core.verb:set package 'obstacle_det' build argument 'cmake_clean_first' from command line to 'False'
[0.611s] Level 5:colcon.colcon_core.verb:set package 'obstacle_det' build argument 'cmake_force_configure' from command line to 'False'
[0.611s] Level 5:colcon.colcon_core.verb:set package 'obstacle_det' build argument 'ament_cmake_args' from command line to 'None'
[0.611s] Level 5:colcon.colcon_core.verb:set package 'obstacle_det' build argument 'catkin_cmake_args' from command line to 'None'
[0.611s] Level 5:colcon.colcon_core.verb:set package 'obstacle_det' build argument 'catkin_skip_building_tests' from command line to 'False'
[0.611s] DEBUG:colcon.colcon_core.verb:Building package 'obstacle_det' with the following arguments: {'ament_cmake_args': None, 'build_base': '/mnt/home/leflarsa/av/ECE480Team4/ros2_ws/build/obstacle_det', 'catkin_cmake_args': None, 'catkin_skip_building_tests': False, 'cmake_args': None, 'cmake_clean_cache': False, 'cmake_clean_first': False, 'cmake_force_configure': False, 'cmake_target': None, 'cmake_target_skip_unavailable': False, 'install_base': '/mnt/home/leflarsa/av/ECE480Team4/ros2_ws/install/obstacle_det', 'merge_install': False, 'path': '/mnt/home/leflarsa/av/ECE480Team4/ros2_ws/src/obstacles_det/obstacle_det', 'symlink_install': True, 'test_result_base': None}
[0.612s] Level 5:colcon.colcon_core.verb:set package 'perception_ml_node' build argument 'cmake_args' from command line to 'None'
[0.612s] Level 5:colcon.colcon_core.verb:set package 'perception_ml_node' build argument 'cmake_target' from command line to 'None'
[0.612s] Level 5:colcon.colcon_core.verb:set package 'perception_ml_node' build argument 'cmake_target_skip_unavailable' from command line to 'False'
[0.612s] Level 5:colcon.colcon_core.verb:set package 'perception_ml_node' build argument 'cmake_clean_cache' from command line to 'False'
[0.612s] Level 5:colcon.colcon_core.verb:set package 'perception_ml_node' build argument 'cmake_clean_first' from command line to 'False'
[0.612s] Level 5:colcon.colcon_core.verb:set package 'perception_ml_node' build argument 'cmake_force_configure' from command line to 'False'
[0.612s] Level 5:colcon.colcon_core.verb:set package 'perception_ml_node' build argument 'ament_cmake_args' from command line to 'None'
[0.612s] Level 5:colcon.colcon_core.verb:set package 'perception_ml_node' build argument 'catkin_cmake_args' from command line to 'None'
[0.612s] Level 5:colcon.colcon_core.verb:set package 'perception_ml_node' build argument 'catkin_skip_building_tests' from command line to 'False'
[0.612s] DEBUG:colcon.colcon_core.verb:Building package 'perception_ml_node' with the following arguments: {'ament_cmake_args': None, 'build_base': '/mnt/home/leflarsa/av/ECE480Team4/ros2_ws/build/perception_ml_node', 'catkin_cmake_args': None, 'catkin_skip_building_tests': False, 'cmake_args': None, 'cmake_clean_cache': False, 'cmake_clean_first': False, 'cmake_force_configure': False, 'cmake_target': None, 'cmake_target_skip_unavailable': False, 'install_base': '/mnt/home/leflarsa/av/ECE480Team4/ros2_ws/install/perception_ml_node', 'merge_install': False, 'path': '/mnt/home/leflarsa/av/ECE480Team4/ros2_ws/src/perception_ml_node', 'symlink_install': True, 'test_result_base': None}
[0.612s] Level 5:colcon.colcon_core.verb:set package 'perception_sync_node' build argument 'cmake_args' from command line to 'None'
[0.612s] Level 5:colcon.colcon_core.verb:set package 'perception_sync_node' build argument 'cmake_target' from command line to 'None'
[0.612s] Level 5:colcon.colcon_core.verb:set package 'perception_sync_node' build argument 'cmake_target_skip_unavailable' from command line to 'False'
[0.612s] Level 5:colcon.colcon_core.verb:set package 'perception_sync_node' build argument 'cmake_clean_cache' from command line to 'False'
[0.612s] Level 5:colcon.colcon_core.verb:set package 'perception_sync_node' build argument 'cmake_clean_first' from command line to 'False'
[0.612s] Level 5:colcon.colcon_core.verb:set package 'perception_sync_node' build argument 'cmake_force_configure' from command line to 'False'
[0.612s] Level 5:colcon.colcon_core.verb:set package 'perception_sync_node' build argument 'ament_cmake_args' from command line to 'None'
[0.612s] Level 5:colcon.colcon_core.verb:set package 'perception_sync_node' build argument 'catkin_cmake_args' from command line to 'None'
[0.612s] Level 5:colcon.colcon_core.verb:set package 'perception_sync_node' build argument 'catkin_skip_building_tests' from command line to 'False'
[0.612s] DEBUG:colcon.colcon_core.verb:Building package 'perception_sync_node' with the following arguments: {'ament_cmake_args': None, 'build_base': '/mnt/home/leflarsa/av/ECE480Team4/ros2_ws/build/perception_sync_node', 'catkin_cmake_args': None, 'catkin_skip_building_tests': False, 'cmake_args': None, 'cmake_clean_cache': False, 'cmake_clean_first': False, 'cmake_force_configure': False, 'cmake_target': None, 'cmake_target_skip_unavailable': False, 'install_base': '/mnt/home/leflarsa/av/ECE480Team4/ros2_ws/install/perception_sync_node', 'merge_install': False, 'path': '/mnt/home/leflarsa/av/ECE480Team4/ros2_ws/src/perception_sync_node', 'symlink_install': True, 'test_result_base': None}
[0.613s] Level 5:colcon.colcon_core.verb:set package 'sensors_camera_node' build argument 'cmake_args' from command line to 'None'
[0.613s] Level 5:colcon.colcon_core.verb:set package 'sensors_camera_node' build argument 'cmake_target' from command line to 'None'
[0.613s] Level 5:colcon.colcon_core.verb:set package 'sensors_camera_node' build argument 'cmake_target_skip_unavailable' from command line to 'False'
[0.613s] Level 5:colcon.colcon_core.verb:set package 'sensors_camera_node' build argument 'cmake_clean_cache' from command line to 'False'
[0.613s] Level 5:colcon.colcon_core.verb:set package 'sensors_camera_node' build argument 'cmake_clean_first' from command line to 'False'
[0.613s] Level 5:colcon.colcon_core.verb:set package 'sensors_camera_node' build argument 'cmake_force_configure' from command line to 'False'
[0.613s] Level 5:colcon.colcon_core.verb:set package 'sensors_camera_node' build argument 'ament_cmake_args' from command line to 'None'
[0.613s] Level 5:colcon.colcon_core.verb:set package 'sensors_camera_node' build argument 'catkin_cmake_args' from command line to 'None'
[0.613s] Level 5:colcon.colcon_core.verb:set package 'sensors_camera_node' build argument 'catkin_skip_building_tests' from command line to 'False'
[0.613s] DEBUG:colcon.colcon_core.verb:Building package 'sensors_camera_node' with the following arguments: {'ament_cmake_args': None, 'build_base': '/mnt/home/leflarsa/av/ECE480Team4/ros2_ws/build/sensors_camera_node', 'catkin_cmake_args': None, 'catkin_skip_building_tests': False, 'cmake_args': None, 'cmake_clean_cache': False, 'cmake_clean_first': False, 'cmake_force_configure': False, 'cmake_target': None, 'cmake_target_skip_unavailable': False, 'install_base': '/mnt/home/leflarsa/av/ECE480Team4/ros2_ws/install/sensors_camera_node', 'merge_install': False, 'path': '/mnt/home/leflarsa/av/ECE480Team4/ros2_ws/src/sensors_camera_node', 'symlink_install': True, 'test_result_base': None}
[0.613s] Level 5:colcon.colcon_core.verb:set package 'sensors_imu_bridge' build argument 'cmake_args' from command line to 'None'
[0.613s] Level 5:colcon.colcon_core.verb:set package 'sensors_imu_bridge' build argument 'cmake_target' from command line to 'None'
[0.613s] Level 5:colcon.colcon_core.verb:set package 'sensors_imu_bridge' build argument 'cmake_target_skip_unavailable' from command line to 'False'
[0.613s] Level 5:colcon.colcon_core.verb:set package 'sensors_imu_bridge' build argument 'cmake_clean_cache' from command line to 'False'
[0.613s] Level 5:colcon.colcon_core.verb:set package 'sensors_imu_bridge' build argument 'cmake_clean_first' from command line to 'False'
[0.613s] Level 5:colcon.colcon_core.verb:set package 'sensors_imu_bridge' build argument 'cmake_force_configure' from command line to 'False'
[0.613s] Level 5:colcon.colcon_core.verb:set package 'sensors_imu_bridge' build argument 'ament_cmake_args' from command line to 'None'
[0.613s] Level 5:colcon.colcon_core.verb:set package 'sensors_imu_bridge' build argument 'catkin_cmake_args' from command line to 'None'
[0.613s] Level 5:colcon.colcon_core.verb:set package 'sensors_imu_bridge' build argument 'catkin_skip_building_tests' from command line to 'False'
[0.613s] DEBUG:colcon.colcon_core.verb:Building package 'sensors_imu_bridge' with the following arguments: {'ament_cmake_args': None, 'build_base': '/mnt/home/leflarsa/av/ECE480Team4/ros2_ws/build/sensors_imu_bridge', 'catkin_cmake_args': None, 'catkin_skip_building_tests': False, 'cmake_args': None, 'cmake_clean_cache': False, 'cmake_clean_first': False, 'cmake_force_configure': False, 'cmake_target': None, 'cmake_target_skip_unavailable': False, 'install_base': '/mnt/home/leflarsa/av/ECE480Team4/ros2_ws/install/sensors_imu_bridge', 'merge_install': False, 'path': '/mnt/home/leflarsa/av/ECE480Team4/ros2_ws/src/sensors_imu_bridge', 'symlink_install': True, 'test_result_base': None}
[0.614s] Level 5:colcon.colcon_core.verb:set package 'sensors_lidar_bridge' build argument 'cmake_args' from command line to 'None'
[0.614s] Level 5:colcon.colcon_core.verb:set package 'sensors_lidar_bridge' build argument 'cmake_target' from command line to 'None'
[0.614s] Level 5:colcon.colcon_core.verb:set package 'sensors_lidar_bridge' build argument 'cmake_target_skip_unavailable' from command line to 'False'
[0.614s] Level 5:colcon.colcon_core.verb:set package 'sensors_lidar_bridge' build argument 'cmake_clean_cache' from command line to 'False'
[0.614s] Level 5:colcon.colcon_core.verb:set package 'sensors_lidar_bridge' build argument 'cmake_clean_first' from command line to 'False'
[0.614s] Level 5:colcon.colcon_core.verb:set package 'sensors_lidar_bridge' build argument 'cmake_force_configure' from command line to 'False'
[0.614s] Level 5:colcon.colcon_core.verb:set package 'sensors_lidar_bridge' build argument 'ament_cmake_args' from command line to 'None'
[0.614s] Level 5:colcon.colcon_core.verb:set package 'sensors_lidar_bridge' build argument 'catkin_cmake_args' from command line to 'None'
[0.614s] Level 5:colcon.colcon_core.verb:set package 'sensors_lidar_bridge' build argument 'catkin_skip_building_tests' from command line to 'False'
[0.614s] DEBUG:colcon.colcon_core.verb:Building package 'sensors_lidar_bridge' with the following arguments: {'ament_cmake_args': None, 'build_base': '/mnt/home/leflarsa/av/ECE480Team4/ros2_ws/build/sensors_lidar_bridge', 'catkin_cmake_args': None, 'catkin_skip_building_tests': False, 'cmake_args': None, 'cmake_clean_cache': False, 'cmake_clean_first': False, 'cmake_force_configure': False, 'cmake_target': None, 'cmake_target_skip_unavailable': False, 'install_base': '/mnt/home/leflarsa/av/ECE480Team4/ros2_ws/install/sensors_lidar_bridge', 'merge_install': False, 'path': '/mnt/home/leflarsa/av/ECE480Team4/ros2_ws/src/sensors_lidar_bridge', 'symlink_install': True, 'test_result_base': None}
[0.614s] INFO:colcon.colcon_core.executor:Executing jobs using 'parallel' executor
[0.615s] DEBUG:colcon.colcon_parallel_executor.executor.parallel:run_until_complete
[0.615s] INFO:colcon.colcon_ros.task.ament_cmake.build:Building ROS package in '/mnt/home/leflarsa/av/ECE480Team4/ros2_ws/src/curvy_road' with build type 'ament_cmake'
[0.615s] INFO:colcon.colcon_cmake.task.cmake.build:Building CMake package in '/mnt/home/leflarsa/av/ECE480Team4/ros2_ws/src/curvy_road'
[0.617s] INFO:colcon.colcon_core.plugin_system:Skipping extension 'colcon_core.shell.bat': Not used on non-Windows systems
[0.617s] INFO:colcon.colcon_core.shell:Skip shell extension 'powershell' for command environment: Not usable outside of PowerShell
[0.617s] DEBUG:colcon.colcon_core.shell:Skip shell extension 'dsv' for command environment
[0.627s] INFO:colcon.colcon_ros.task.ament_python.build:Building ROS package in '/mnt/home/leflarsa/av/ECE480Team4/ros2_ws/src/lane_follow' with build type 'ament_python'
[0.628s] Level 1:colcon.colcon_core.shell:create_environment_hook('lane_follow', 'ament_prefix_path')
[0.628s] INFO:colcon.colcon_core.shell:Creating environment hook '/mnt/home/leflarsa/av/ECE480Team4/ros2_ws/install/lane_follow/share/lane_follow/hook/ament_prefix_path.ps1'
[0.638s] INFO:colcon.colcon_core.shell:Creating environment descriptor '/mnt/home/leflarsa/av/ECE480Team4/ros2_ws/install/lane_follow/share/lane_follow/hook/ament_prefix_path.dsv'
[0.641s] INFO:colcon.colcon_core.shell:Creating environment hook '/mnt/home/leflarsa/av/ECE480Team4/ros2_ws/install/lane_follow/share/lane_follow/hook/ament_prefix_path.sh'
[0.644s] INFO:colcon.colcon_core.shell:Skip shell extension 'powershell' for command environment: Not usable outside of PowerShell
[0.644s] DEBUG:colcon.colcon_core.shell:Skip shell extension 'dsv' for command environment
[0.652s] INFO:colcon.colcon_ros.task.ament_python.build:Building ROS package in '/mnt/home/leflarsa/av/ECE480Team4/ros2_ws/src/obstacles_det/obstacle_det' with build type 'ament_python'
[0.653s] Level 1:colcon.colcon_core.shell:create_environment_hook('obstacle_det', 'ament_prefix_path')
[0.653s] INFO:colcon.colcon_core.shell:Creating environment hook '/mnt/home/leflarsa/av/ECE480Team4/ros2_ws/install/obstacle_det/share/obstacle_det/hook/ament_prefix_path.ps1'
[0.663s] INFO:colcon.colcon_core.shell:Creating environment descriptor '/mnt/home/leflarsa/av/ECE480Team4/ros2_ws/install/obstacle_det/share/obstacle_det/hook/ament_prefix_path.dsv'
[0.666s] INFO:colcon.colcon_core.shell:Creating environment hook '/mnt/home/leflarsa/av/ECE480Team4/ros2_ws/install/obstacle_det/share/obstacle_det/hook/ament_prefix_path.sh'
[0.668s] INFO:colcon.colcon_core.shell:Skip shell extension 'powershell' for command environment: Not usable outside of PowerShell
[0.669s] DEBUG:colcon.colcon_core.shell:Skip shell extension 'dsv' for command environment
[0.678s] INFO:colcon.colcon_ros.task.ament_python.build:Building ROS package in '/mnt/home/leflarsa/av/ECE480Team4/ros2_ws/src/perception_ml_node' with build type 'ament_python'
[0.678s] Level 1:colcon.colcon_core.shell:create_environment_hook('perception_ml_node', 'ament_prefix_path')
[0.678s] INFO:colcon.colcon_core.shell:Creating environment hook '/mnt/home/leflarsa/av/ECE480Team4/ros2_ws/install/perception_ml_node/share/perception_ml_node/hook/ament_prefix_path.ps1'
[0.687s] INFO:colcon.colcon_core.shell:Creating environment descriptor '/mnt/home/leflarsa/av/ECE480Team4/ros2_ws/install/perception_ml_node/share/perception_ml_node/hook/ament_prefix_path.dsv'
[0.690s] INFO:colcon.colcon_core.shell:Creating environment hook '/mnt/home/leflarsa/av/ECE480Team4/ros2_ws/install/perception_ml_node/share/perception_ml_node/hook/ament_prefix_path.sh'
[0.693s] INFO:colcon.colcon_core.shell:Skip shell extension 'powershell' for command environment: Not usable outside of PowerShell
[0.693s] DEBUG:colcon.colcon_core.shell:Skip shell extension 'dsv' for command environment
[0.702s] INFO:colcon.colcon_core.task.python.build:Building Python package in '/mnt/home/leflarsa/av/ECE480Team4/ros2_ws/src/perception_sync_node'
[0.702s] INFO:colcon.colcon_core.shell:Skip shell extension 'powershell' for command environment: Not usable outside of PowerShell
[0.702s] DEBUG:colcon.colcon_core.shell:Skip shell extension 'dsv' for command environment
[0.712s] INFO:colcon.colcon_ros.task.ament_python.build:Building ROS package in '/mnt/home/leflarsa/av/ECE480Team4/ros2_ws/src/sensors_camera_node' with build type 'ament_python'
[0.713s] Level 1:colcon.colcon_core.shell:create_environment_hook('sensors_camera_node', 'ament_prefix_path')
[0.713s] INFO:colcon.colcon_core.shell:Creating environment hook '/mnt/home/leflarsa/av/ECE480Team4/ros2_ws/install/sensors_camera_node/share/sensors_camera_node/hook/ament_prefix_path.ps1'
[0.726s] INFO:colcon.colcon_core.shell:Creating environment descriptor '/mnt/home/leflarsa/av/ECE480Team4/ros2_ws/install/sensors_camera_node/share/sensors_camera_node/hook/ament_prefix_path.dsv'
[0.730s] INFO:colcon.colcon_core.shell:Creating environment hook '/mnt/home/leflarsa/av/ECE480Team4/ros2_ws/install/sensors_camera_node/share/sensors_camera_node/hook/ament_prefix_path.sh'
[0.733s] INFO:colcon.colcon_core.shell:Skip shell extension 'powershell' for command environment: Not usable outside of PowerShell
[0.733s] DEBUG:colcon.colcon_core.shell:Skip shell extension 'dsv' for command environment
[0.789s] DEBUG:colcon.colcon_core.event_handler.log_command:Invoking command in '/mnt/home/leflarsa/av/ECE480Team4/ros2_ws/build/curvy_road': CMAKE_PREFIX_PATH=/opt/ros/humble PS1=humble:\u@\h:\w\$ /usr/bin/cmake /mnt/home/leflarsa/av/ECE480Team4/ros2_ws/src/curvy_road -DAMENT_CMAKE_SYMLINK_INSTALL=1 -DCMAKE_INSTALL_PREFIX=/mnt/home/leflarsa/av/ECE480Team4/ros2_ws/install/curvy_road
[1.016s] INFO:colcon.colcon_core.task.python.build:Building Python package in '/mnt/home/leflarsa/av/ECE480Team4/ros2_ws/src/lane_follow'
[1.016s] INFO:colcon.colcon_core.shell:Skip shell extension 'powershell' for command environment: Not usable outside of PowerShell
[1.016s] DEBUG:colcon.colcon_core.shell:Skip shell extension 'dsv' for command environment
[1.266s] INFO:colcon.colcon_core.task.python.build:Building Python package in '/mnt/home/leflarsa/av/ECE480Team4/ros2_ws/src/obstacles_det/obstacle_det'
[1.266s] INFO:colcon.colcon_core.shell:Skip shell extension 'powershell' for command environment: Not usable outside of PowerShell
[1.266s] DEBUG:colcon.colcon_core.shell:Skip shell extension 'dsv' for command environment
[1.516s] INFO:colcon.colcon_core.task.python.build:Building Python package in '/mnt/home/leflarsa/av/ECE480Team4/ros2_ws/src/perception_ml_node'
[1.516s] INFO:colcon.colcon_core.shell:Skip shell extension 'powershell' for command environment: Not usable outside of PowerShell
[1.516s] DEBUG:colcon.colcon_core.shell:Skip shell extension 'dsv' for command environment
[2.036s] INFO:colcon.colcon_core.task.python.build:Building Python package in '/mnt/home/leflarsa/av/ECE480Team4/ros2_ws/src/sensors_camera_node'
[2.036s] INFO:colcon.colcon_core.shell:Skip shell extension 'powershell' for command environment: Not usable outside of PowerShell
[2.036s] DEBUG:colcon.colcon_core.shell:Skip shell extension 'dsv' for command environment
[2.144s] DEBUG:colcon.colcon_core.event_handler.log_command:Invoking command in '/mnt/home/leflarsa/av/ECE480Team4/ros2_ws/build/perception_sync_node': PS1=humble:\u@\h:\w\$ PYTHONPATH=/mnt/home/leflarsa/av/ECE480Team4/ros2_ws/build/perception_sync_node/prefix_override:/usr/lib/python3/dist-packages/colcon_core/task/python/colcon_distutils_commands:/mnt/home/leflarsa/av/ECE480Team4/ros2_ws/install/perception_sync_node/lib/python3.10/site-packages:${PYTHONPATH} /usr/bin/python3 -W ignore:setup.py install is deprecated -W ignore:easy_install command is deprecated setup.py develop --editable --build-directory /mnt/home/leflarsa/av/ECE480Team4/ros2_ws/build/perception_sync_node/build --no-deps
[2.515s] DEBUG:colcon.colcon_core.event_handler.log_command:Invoking command in '/mnt/home/leflarsa/av/ECE480Team4/ros2_ws/build/lane_follow': PS1=humble:\u@\h:\w\$ PYTHONPATH=/mnt/home/leflarsa/av/ECE480Team4/ros2_ws/build/lane_follow/prefix_override:/usr/lib/python3/dist-packages/colcon_core/task/python/colcon_distutils_commands:/mnt/home/leflarsa/av/ECE480Team4/ros2_ws/install/lane_follow/lib/python3.10/site-packages:${PYTHONPATH} /usr/bin/python3 -W ignore:setup.py install is deprecated -W ignore:easy_install command is deprecated setup.py develop --editable --build-directory /mnt/home/leflarsa/av/ECE480Team4/ros2_ws/build/lane_follow/build --no-deps symlink_data
[2.534s] DEBUG:colcon.colcon_core.event_handler.log_command:Invoking command in '/mnt/home/leflarsa/av/ECE480Team4/ros2_ws/build/obstacle_det': PS1=humble:\u@\h:\w\$ PYTHONPATH=/mnt/home/leflarsa/av/ECE480Team4/ros2_ws/build/obstacle_det/prefix_override:/usr/lib/python3/dist-packages/colcon_core/task/python/colcon_distutils_commands:/mnt/home/leflarsa/av/ECE480Team4/ros2_ws/install/obstacle_det/lib/python3.10/site-packages:${PYTHONPATH} /usr/bin/python3 -W ignore:setup.py install is deprecated -W ignore:easy_install command is deprecated setup.py develop --editable --build-directory /mnt/home/leflarsa/av/ECE480Team4/ros2_ws/build/obstacle_det/build --no-deps symlink_data
[2.585s] DEBUG:colcon.colcon_core.event_handler.log_command:Invoking command in '/mnt/home/leflarsa/av/ECE480Team4/ros2_ws/build/perception_ml_node': PS1=humble:\u@\h:\w\$ PYTHONPATH=/mnt/home/leflarsa/av/ECE480Team4/ros2_ws/build/perception_ml_node/prefix_override:/usr/lib/python3/dist-packages/colcon_core/task/python/colcon_distutils_commands:/mnt/home/leflarsa/av/ECE480Team4/ros2_ws/install/perception_ml_node/lib/python3.10/site-packages:${PYTHONPATH} /usr/bin/python3 -W ignore:setup.py install is deprecated -W ignore:easy_install command is deprecated setup.py develop --editable --build-directory /mnt/home/leflarsa/av/ECE480Team4/ros2_ws/build/perception_ml_node/build --no-deps symlink_data
[2.627s] DEBUG:colcon.colcon_core.event_handler.log_command:Invoking command in '/mnt/home/leflarsa/av/ECE480Team4/ros2_ws/build/sensors_camera_node': PS1=humble:\u@\h:\w\$ PYTHONPATH=/mnt/home/leflarsa/av/ECE480Team4/ros2_ws/build/sensors_camera_node/prefix_override:/usr/lib/python3/dist-packages/colcon_core/task/python/colcon_distutils_commands:/mnt/home/leflarsa/av/ECE480Team4/ros2_ws/install/sensors_camera_node/lib/python3.10/site-packages:${PYTHONPATH} /usr/bin/python3 -W ignore:setup.py install is deprecated -W ignore:easy_install command is deprecated setup.py develop --editable --build-directory /mnt/home/leflarsa/av/ECE480Team4/ros2_ws/build/sensors_camera_node/build --no-deps symlink_data
[2.669s] Level 1:colcon.colcon_core.shell:create_environment_hook('perception_sync_node', 'pythonpath_develop')
[2.669s] INFO:colcon.colcon_core.shell:Creating environment hook '/mnt/home/leflarsa/av/ECE480Team4/ros2_ws/build/perception_sync_node/share/perception_sync_node/hook/pythonpath_develop.ps1'
[2.671s] DEBUG:colcon.colcon_core.event_handler.log_command:Invoked command in '/mnt/home/leflarsa/av/ECE480Team4/ros2_ws/build/perception_sync_node' returned '0': PS1=humble:\u@\h:\w\$ PYTHONPATH=/mnt/home/leflarsa/av/ECE480Team4/ros2_ws/build/perception_sync_node/prefix_override:/usr/lib/python3/dist-packages/colcon_core/task/python/colcon_distutils_commands:/mnt/home/leflarsa/av/ECE480Team4/ros2_ws/install/perception_sync_node/lib/python3.10/site-packages:${PYTHONPATH} /usr/bin/python3 -W ignore:setup.py install is deprecated -W ignore:easy_install command is deprecated setup.py develop --editable --build-directory /mnt/home/leflarsa/av/ECE480Team4/ros2_ws/build/perception_sync_node/build --no-deps
[2.679s] INFO:colcon.colcon_core.shell:Creating environment descriptor '/mnt/home/leflarsa/av/ECE480Team4/ros2_ws/build/perception_sync_node/share/perception_sync_node/hook/pythonpath_develop.dsv'
[2.681s] INFO:colcon.colcon_core.shell:Creating environment hook '/mnt/home/leflarsa/av/ECE480Team4/ros2_ws/build/perception_sync_node/share/perception_sync_node/hook/pythonpath_develop.sh'
[2.686s] Level 1:colcon.colcon_core.environment:checking '/mnt/home/leflarsa/av/ECE480Team4/ros2_ws/install/perception_sync_node' for CMake module files
[2.689s] Level 1:colcon.colcon_core.environment:checking '/mnt/home/leflarsa/av/ECE480Team4/ros2_ws/install/perception_sync_node' for CMake config files
[2.693s] Level 1:colcon.colcon_core.environment:checking '/mnt/home/leflarsa/av/ECE480Team4/ros2_ws/install/perception_sync_node/lib'
[2.693s] Level 1:colcon.colcon_core.environment:checking '/mnt/home/leflarsa/av/ECE480Team4/ros2_ws/install/perception_sync_node/bin'
[2.694s] Level 1:colcon.colcon_core.environment:checking '/mnt/home/leflarsa/av/ECE480Team4/ros2_ws/install/perception_sync_node/lib/pkgconfig/perception_sync_node.pc'
[2.694s] Level 1:colcon.colcon_core.environment:checking '/mnt/home/leflarsa/av/ECE480Team4/ros2_ws/install/perception_sync_node/lib/python3.10/site-packages'
[2.694s] Level 1:colcon.colcon_core.shell:create_environment_hook('perception_sync_node', 'pythonpath')
[2.694s] INFO:colcon.colcon_core.shell:Creating environment hook '/mnt/home/leflarsa/av/ECE480Team4/ros2_ws/install/perception_sync_node/share/perception_sync_node/hook/pythonpath.ps1'
[2.703s] INFO:colcon.colcon_core.shell:Creating environment descriptor '/mnt/home/leflarsa/av/ECE480Team4/ros2_ws/install/perception_sync_node/share/perception_sync_node/hook/pythonpath.dsv'
[2.705s] INFO:colcon.colcon_core.shell:Creating environment hook '/mnt/home/leflarsa/av/ECE480Team4/ros2_ws/install/perception_sync_node/share/perception_sync_node/hook/pythonpath.sh'
[2.708s] Level 1:colcon.colcon_core.environment:checking '/mnt/home/leflarsa/av/ECE480Team4/ros2_ws/install/perception_sync_node/bin'
[2.708s] Level 1:colcon.colcon_core.environment:create_environment_scripts_only(perception_sync_node)
[2.708s] INFO:colcon.colcon_core.shell:Creating package script '/mnt/home/leflarsa/av/ECE480Team4/ros2_ws/install/perception_sync_node/share/perception_sync_node/package.ps1'
[2.712s] INFO:colcon.colcon_core.shell:Creating package descriptor '/mnt/home/leflarsa/av/ECE480Team4/ros2_ws/install/perception_sync_node/share/perception_sync_node/package.dsv'
[2.715s] INFO:colcon.colcon_core.shell:Creating package script '/mnt/home/leflarsa/av/ECE480Team4/ros2_ws/install/perception_sync_node/share/perception_sync_node/package.sh'
[2.718s] INFO:colcon.colcon_core.shell:Creating package script '/mnt/home/leflarsa/av/ECE480Team4/ros2_ws/install/perception_sync_node/share/perception_sync_node/package.bash'
[2.721s] INFO:colcon.colcon_core.shell:Creating package script '/mnt/home/leflarsa/av/ECE480Team4/ros2_ws/install/perception_sync_node/share/perception_sync_node/package.zsh'
[2.725s] Level 1:colcon.colcon_core.environment:create_file_with_runtime_dependencies(/mnt/home/leflarsa/av/ECE480Team4/ros2_ws/install/perception_sync_node/share/colcon-core/packages/perception_sync_node)
[2.732s] INFO:colcon.colcon_ros.task.ament_python.build:Building ROS package in '/mnt/home/leflarsa/av/ECE480Team4/ros2_ws/src/sensors_imu_bridge' with build type 'ament_python'
[2.733s] Level 1:colcon.colcon_core.shell:create_environment_hook('sensors_imu_bridge', 'ament_prefix_path')
[2.733s] INFO:colcon.colcon_core.shell:Creating environment hook '/mnt/home/leflarsa/av/ECE480Team4/ros2_ws/install/sensors_imu_bridge/share/sensors_imu_bridge/hook/ament_prefix_path.ps1'
[2.743s] INFO:colcon.colcon_core.shell:Creating environment descriptor '/mnt/home/leflarsa/av/ECE480Team4/ros2_ws/install/sensors_imu_bridge/share/sensors_imu_bridge/hook/ament_prefix_path.dsv'
[2.745s] INFO:colcon.colcon_core.shell:Creating environment hook '/mnt/home/leflarsa/av/ECE480Team4/ros2_ws/install/sensors_imu_bridge/share/sensors_imu_bridge/hook/ament_prefix_path.sh'
[2.748s] INFO:colcon.colcon_core.shell:Skip shell extension 'powershell' for command environment: Not usable outside of PowerShell
[2.748s] DEBUG:colcon.colcon_core.shell:Skip shell extension 'dsv' for command environment
[3.089s] INFO:colcon.colcon_core.task.python.build:Building Python package in '/mnt/home/leflarsa/av/ECE480Team4/ros2_ws/src/sensors_imu_bridge'
[3.089s] INFO:colcon.colcon_core.shell:Skip shell extension 'powershell' for command environment: Not usable outside of PowerShell
[3.089s] DEBUG:colcon.colcon_core.shell:Skip shell extension 'dsv' for command environment
[3.133s] Level 1:colcon.colcon_core.shell:create_environment_hook('lane_follow', 'pythonpath_develop')
[3.134s] INFO:colcon.colcon_core.shell:Creating environment hook '/mnt/home/leflarsa/av/ECE480Team4/ros2_ws/build/lane_follow/share/lane_follow/hook/pythonpath_develop.ps1'
[3.134s] DEBUG:colcon.colcon_core.event_handler.log_command:Invoked command in '/mnt/home/leflarsa/av/ECE480Team4/ros2_ws/build/lane_follow' returned '0': PS1=humble:\u@\h:\w\$ PYTHONPATH=/mnt/home/leflarsa/av/ECE480Team4/ros2_ws/build/lane_follow/prefix_override:/usr/lib/python3/dist-packages/colcon_core/task/python/colcon_distutils_commands:/mnt/home/leflarsa/av/ECE480Team4/ros2_ws/install/lane_follow/lib/python3.10/site-packages:${PYTHONPATH} /usr/bin/python3 -W ignore:setup.py install is deprecated -W ignore:easy_install command is deprecated setup.py develop --editable --build-directory /mnt/home/leflarsa/av/ECE480Team4/ros2_ws/build/lane_follow/build --no-deps symlink_data
[3.146s] INFO:colcon.colcon_core.shell:Creating environment descriptor '/mnt/home/leflarsa/av/ECE480Team4/ros2_ws/build/lane_follow/share/lane_follow/hook/pythonpath_develop.dsv'
[3.149s] INFO:colcon.colcon_core.shell:Creating environment hook '/mnt/home/leflarsa/av/ECE480Team4/ros2_ws/build/lane_follow/share/lane_follow/hook/pythonpath_develop.sh'
[3.152s] Level 1:colcon.colcon_core.environment:checking '/mnt/home/leflarsa/av/ECE480Team4/ros2_ws/install/lane_follow' for CMake module files
[3.156s] Level 1:colcon.colcon_core.environment:checking '/mnt/home/leflarsa/av/ECE480Team4/ros2_ws/install/lane_follow' for CMake config files
[3.165s] Level 1:colcon.colcon_core.environment:checking '/mnt/home/leflarsa/av/ECE480Team4/ros2_ws/install/lane_follow/lib'
[3.166s] Level 1:colcon.colcon_core.environment:checking '/mnt/home/leflarsa/av/ECE480Team4/ros2_ws/install/lane_follow/bin'
[3.166s] Level 1:colcon.colcon_core.environment:checking '/mnt/home/leflarsa/av/ECE480Team4/ros2_ws/install/lane_follow/lib/pkgconfig/lane_follow.pc'
[3.166s] Level 1:colcon.colcon_core.environment:checking '/mnt/home/leflarsa/av/ECE480Team4/ros2_ws/install/lane_follow/lib/python3.10/site-packages'
[3.166s] Level 1:colcon.colcon_core.shell:create_environment_hook('lane_follow', 'pythonpath')
[3.167s] INFO:colcon.colcon_core.shell:Creating environment hook '/mnt/home/leflarsa/av/ECE480Team4/ros2_ws/install/lane_follow/share/lane_follow/hook/pythonpath.ps1'
[3.170s] INFO:colcon.colcon_core.shell:Creating environment descriptor '/mnt/home/leflarsa/av/ECE480Team4/ros2_ws/install/lane_follow/share/lane_follow/hook/pythonpath.dsv'
[3.173s] INFO:colcon.colcon_core.shell:Creating environment hook '/mnt/home/leflarsa/av/ECE480Team4/ros2_ws/install/lane_follow/share/lane_follow/hook/pythonpath.sh'
[3.175s] Level 1:colcon.colcon_core.environment:checking '/mnt/home/leflarsa/av/ECE480Team4/ros2_ws/install/lane_follow/bin'
[3.176s] Level 1:colcon.colcon_core.environment:create_environment_scripts_only(lane_follow)
[3.176s] INFO:colcon.colcon_core.shell:Creating package script '/mnt/home/leflarsa/av/ECE480Team4/ros2_ws/install/lane_follow/share/lane_follow/package.ps1'
[3.179s] INFO:colcon.colcon_core.shell:Creating package descriptor '/mnt/home/leflarsa/av/ECE480Team4/ros2_ws/install/lane_follow/share/lane_follow/package.dsv'
[3.182s] INFO:colcon.colcon_core.shell:Creating package script '/mnt/home/leflarsa/av/ECE480Team4/ros2_ws/install/lane_follow/share/lane_follow/package.sh'
[3.185s] INFO:colcon.colcon_core.shell:Creating package script '/mnt/home/leflarsa/av/ECE480Team4/ros2_ws/install/lane_follow/share/lane_follow/package.bash'
[3.188s] INFO:colcon.colcon_core.shell:Creating package script '/mnt/home/leflarsa/av/ECE480Team4/ros2_ws/install/lane_follow/share/lane_follow/package.zsh'
[3.190s] Level 1:colcon.colcon_core.environment:create_file_with_runtime_dependencies(/mnt/home/leflarsa/av/ECE480Team4/ros2_ws/install/lane_follow/share/colcon-core/packages/lane_follow)
[3.199s] Level 1:colcon.colcon_core.shell:create_environment_hook('obstacle_det', 'pythonpath_develop')
[3.199s] INFO:colcon.colcon_core.shell:Creating environment hook '/mnt/home/leflarsa/av/ECE480Team4/ros2_ws/build/obstacle_det/share/obstacle_det/hook/pythonpath_develop.ps1'
[3.204s] DEBUG:colcon.colcon_core.event_handler.log_command:Invoked command in '/mnt/home/leflarsa/av/ECE480Team4/ros2_ws/build/obstacle_det' returned '0': PS1=humble:\u@\h:\w\$ PYTHONPATH=/mnt/home/leflarsa/av/ECE480Team4/ros2_ws/build/obstacle_det/prefix_override:/usr/lib/python3/dist-packages/colcon_core/task/python/colcon_distutils_commands:/mnt/home/leflarsa/av/ECE480Team4/ros2_ws/install/obstacle_det/lib/python3.10/site-packages:${PYTHONPATH} /usr/bin/python3 -W ignore:setup.py install is deprecated -W ignore:easy_install command is deprecated setup.py develop --editable --build-directory /mnt/home/leflarsa/av/ECE480Team4/ros2_ws/build/obstacle_det/build --no-deps symlink_data
[3.238s] INFO:colcon.colcon_core.shell:Creating environment descriptor '/mnt/home/leflarsa/av/ECE480Team4/ros2_ws/build/obstacle_det/share/obstacle_det/hook/pythonpath_develop.dsv'
[3.240s] INFO:colcon.colcon_core.shell:Creating environment hook '/mnt/home/leflarsa/av/ECE480Team4/ros2_ws/build/obstacle_det/share/obstacle_det/hook/pythonpath_develop.sh'
[3.243s] Level 1:colcon.colcon_core.environment:checking '/mnt/home/leflarsa/av/ECE480Team4/ros2_ws/install/obstacle_det' for CMake module files
[3.246s] Level 1:colcon.colcon_core.environment:checking '/mnt/home/leflarsa/av/ECE480Team4/ros2_ws/install/obstacle_det' for CMake config files
[3.254s] Level 1:colcon.colcon_core.environment:checking '/mnt/home/leflarsa/av/ECE480Team4/ros2_ws/install/obstacle_det/lib'
[3.254s] Level 1:colcon.colcon_core.environment:checking '/mnt/home/leflarsa/av/ECE480Team4/ros2_ws/install/obstacle_det/bin'
[3.255s] Level 1:colcon.colcon_core.environment:checking '/mnt/home/leflarsa/av/ECE480Team4/ros2_ws/install/obstacle_det/lib/pkgconfig/obstacle_det.pc'
[3.255s] Level 1:colcon.colcon_core.environment:checking '/mnt/home/leflarsa/av/ECE480Team4/ros2_ws/install/obstacle_det/lib/python3.10/site-packages'
[3.255s] Level 1:colcon.colcon_core.shell:create_environment_hook('obstacle_det', 'pythonpath')
[3.255s] INFO:colcon.colcon_core.shell:Creating environment hook '/mnt/home/leflarsa/av/ECE480Team4/ros2_ws/install/obstacle_det/share/obstacle_det/hook/pythonpath.ps1'
[3.258s] INFO:colcon.colcon_core.shell:Creating environment descriptor '/mnt/home/leflarsa/av/ECE480Team4/ros2_ws/install/obstacle_det/share/obstacle_det/hook/pythonpath.dsv'
[3.261s] INFO:colcon.colcon_core.shell:Creating environment hook '/mnt/home/leflarsa/av/ECE480Team4/ros2_ws/install/obstacle_det/share/obstacle_det/hook/pythonpath.sh'
[3.263s] Level 1:colcon.colcon_core.environment:checking '/mnt/home/leflarsa/av/ECE480Team4/ros2_ws/install/obstacle_det/bin'
[3.263s] Level 1:colcon.colcon_core.environment:create_environment_scripts_only(obstacle_det)
[3.263s] INFO:colcon.colcon_core.shell:Creating package script '/mnt/home/leflarsa/av/ECE480Team4/ros2_ws/install/obstacle_det/share/obstacle_det/package.ps1'
[3.266s] INFO:colcon.colcon_core.shell:Creating package descriptor '/mnt/home/leflarsa/av/ECE480Team4/ros2_ws/install/obstacle_det/share/obstacle_det/package.dsv'
[3.269s] INFO:colcon.colcon_core.shell:Creating package script '/mnt/home/leflarsa/av/ECE480Team4/ros2_ws/install/obstacle_det/share/obstacle_det/package.sh'
[3.271s] INFO:colcon.colcon_core.shell:Creating package script '/mnt/home/leflarsa/av/ECE480Team4/ros2_ws/install/obstacle_det/share/obstacle_det/package.bash'
[3.273s] INFO:colcon.colcon_core.shell:Creating package script '/mnt/home/leflarsa/av/ECE480Team4/ros2_ws/install/obstacle_det/share/obstacle_det/package.zsh'
[3.276s] Level 1:colcon.colcon_core.environment:create_file_with_runtime_dependencies(/mnt/home/leflarsa/av/ECE480Team4/ros2_ws/install/obstacle_det/share/colcon-core/packages/obstacle_det)
[3.281s] Level 1:colcon.colcon_core.shell:create_environment_hook('perception_ml_node', 'pythonpath_develop')
[3.281s] INFO:colcon.colcon_core.shell:Creating environment hook '/mnt/home/leflarsa/av/ECE480Team4/ros2_ws/build/perception_ml_node/share/perception_ml_node/hook/pythonpath_develop.ps1'
[3.287s] DEBUG:colcon.colcon_core.event_handler.log_command:Invoked command in '/mnt/home/leflarsa/av/ECE480Team4/ros2_ws/build/perception_ml_node' returned '0': PS1=humble:\u@\h:\w\$ PYTHONPATH=/mnt/home/leflarsa/av/ECE480Team4/ros2_ws/build/perception_ml_node/prefix_override:/usr/lib/python3/dist-packages/colcon_core/task/python/colcon_distutils_commands:/mnt/home/leflarsa/av/ECE480Team4/ros2_ws/install/perception_ml_node/lib/python3.10/site-packages:${PYTHONPATH} /usr/bin/python3 -W ignore:setup.py install is deprecated -W ignore:easy_install command is deprecated setup.py develop --editable --build-directory /mnt/home/leflarsa/av/ECE480Team4/ros2_ws/build/perception_ml_node/build --no-deps symlink_data
[3.290s] INFO:colcon.colcon_core.shell:Creating environment descriptor '/mnt/home/leflarsa/av/ECE480Team4/ros2_ws/build/perception_ml_node/share/perception_ml_node/hook/pythonpath_develop.dsv'
[3.292s] INFO:colcon.colcon_core.shell:Creating environment hook '/mnt/home/leflarsa/av/ECE480Team4/ros2_ws/build/perception_ml_node/share/perception_ml_node/hook/pythonpath_develop.sh'
[3.295s] Level 1:colcon.colcon_core.environment:checking '/mnt/home/leflarsa/av/ECE480Team4/ros2_ws/install/perception_ml_node' for CMake module files
[3.297s] Level 1:colcon.colcon_core.environment:checking '/mnt/home/leflarsa/av/ECE480Team4/ros2_ws/install/perception_ml_node' for CMake config files
[3.306s] Level 1:colcon.colcon_core.environment:checking '/mnt/home/leflarsa/av/ECE480Team4/ros2_ws/install/perception_ml_node/lib'
[3.306s] Level 1:colcon.colcon_core.environment:checking '/mnt/home/leflarsa/av/ECE480Team4/ros2_ws/install/perception_ml_node/bin'
[3.306s] Level 1:colcon.colcon_core.environment:checking '/mnt/home/leflarsa/av/ECE480Team4/ros2_ws/install/perception_ml_node/lib/pkgconfig/perception_ml_node.pc'
[3.306s] Level 1:colcon.colcon_core.environment:checking '/mnt/home/leflarsa/av/ECE480Team4/ros2_ws/install/perception_ml_node/lib/python3.10/site-packages'
[3.306s] Level 1:colcon.colcon_core.shell:create_environment_hook('perception_ml_node', 'pythonpath')
[3.307s] INFO:colcon.colcon_core.shell:Creating environment hook '/mnt/home/leflarsa/av/ECE480Team4/ros2_ws/install/perception_ml_node/share/perception_ml_node/hook/pythonpath.ps1'
[3.309s] INFO:colcon.colcon_core.shell:Creating environment descriptor '/mnt/home/leflarsa/av/ECE480Team4/ros2_ws/install/perception_ml_node/share/perception_ml_node/hook/pythonpath.dsv'
[3.312s] INFO:colcon.colcon_core.shell:Creating environment hook '/mnt/home/leflarsa/av/ECE480Team4/ros2_ws/install/perception_ml_node/share/perception_ml_node/hook/pythonpath.sh'
[3.315s] Level 1:colcon.colcon_core.environment:checking '/mnt/home/leflarsa/av/ECE480Team4/ros2_ws/install/perception_ml_node/bin'
[3.315s] Level 1:colcon.colcon_core.environment:create_environment_scripts_only(perception_ml_node)
[3.316s] INFO:colcon.colcon_core.shell:Creating package script '/mnt/home/leflarsa/av/ECE480Team4/ros2_ws/install/perception_ml_node/share/perception_ml_node/package.ps1'
[3.319s] INFO:colcon.colcon_core.shell:Creating package descriptor '/mnt/home/leflarsa/av/ECE480Team4/ros2_ws/install/perception_ml_node/share/perception_ml_node/package.dsv'
[3.322s] INFO:colcon.colcon_core.shell:Creating package script '/mnt/home/leflarsa/av/ECE480Team4/ros2_ws/install/perception_ml_node/share/perception_ml_node/package.sh'
[3.324s] INFO:colcon.colcon_core.shell:Creating package script '/mnt/home/leflarsa/av/ECE480Team4/ros2_ws/install/perception_ml_node/share/perception_ml_node/package.bash'
[3.327s] INFO:colcon.colcon_core.shell:Creating package script '/mnt/home/leflarsa/av/ECE480Team4/ros2_ws/install/perception_ml_node/share/perception_ml_node/package.zsh'
[3.329s] Level 1:colcon.colcon_core.environment:create_file_with_runtime_dependencies(/mnt/home/leflarsa/av/ECE480Team4/ros2_ws/install/perception_ml_node/share/colcon-core/packages/perception_ml_node)
[3.335s] INFO:colcon.colcon_ros.task.ament_python.build:Building ROS package in '/mnt/home/leflarsa/av/ECE480Team4/ros2_ws/src/sensors_lidar_bridge' with build type 'ament_python'
[3.335s] Level 1:colcon.colcon_core.shell:create_environment_hook('sensors_lidar_bridge', 'ament_prefix_path')
[3.336s] INFO:colcon.colcon_core.shell:Creating environment hook '/mnt/home/leflarsa/av/ECE480Team4/ros2_ws/install/sensors_lidar_bridge/share/sensors_lidar_bridge/hook/ament_prefix_path.ps1'
[3.345s] INFO:colcon.colcon_core.shell:Creating environment descriptor '/mnt/home/leflarsa/av/ECE480Team4/ros2_ws/install/sensors_lidar_bridge/share/sensors_lidar_bridge/hook/ament_prefix_path.dsv'
[3.348s] INFO:colcon.colcon_core.shell:Creating environment hook '/mnt/home/leflarsa/av/ECE480Team4/ros2_ws/install/sensors_lidar_bridge/share/sensors_lidar_bridge/hook/ament_prefix_path.sh'
[3.352s] INFO:colcon.colcon_core.shell:Skip shell extension 'powershell' for command environment: Not usable outside of PowerShell
[3.352s] DEBUG:colcon.colcon_core.shell:Skip shell extension 'dsv' for command environment
[3.371s] Level 1:colcon.colcon_core.shell:create_environment_hook('sensors_camera_node', 'pythonpath_develop')
[3.372s] INFO:colcon.colcon_core.shell:Creating environment hook '/mnt/home/leflarsa/av/ECE480Team4/ros2_ws/build/sensors_camera_node/share/sensors_camera_node/hook/pythonpath_develop.ps1'
[3.374s] DEBUG:colcon.colcon_core.event_handler.log_command:Invoked command in '/mnt/home/leflarsa/av/ECE480Team4/ros2_ws/build/sensors_camera_node' returned '0': PS1=humble:\u@\h:\w\$ PYTHONPATH=/mnt/home/leflarsa/av/ECE480Team4/ros2_ws/build/sensors_camera_node/prefix_override:/usr/lib/python3/dist-packages/colcon_core/task/python/colcon_distutils_commands:/mnt/home/leflarsa/av/ECE480Team4/ros2_ws/install/sensors_camera_node/lib/python3.10/site-packages:${PYTHONPATH} /usr/bin/python3 -W ignore:setup.py install is deprecated -W ignore:easy_install command is deprecated setup.py develop --editable --build-directory /mnt/home/leflarsa/av/ECE480Team4/ros2_ws/build/sensors_camera_node/build --no-deps symlink_data
[3.385s] INFO:colcon.colcon_core.shell:Creating environment descriptor '/mnt/home/leflarsa/av/ECE480Team4/ros2_ws/build/sensors_camera_node/share/sensors_camera_node/hook/pythonpath_develop.dsv'
[3.387s] INFO:colcon.colcon_core.shell:Creating environment hook '/mnt/home/leflarsa/av/ECE480Team4/ros2_ws/build/sensors_camera_node/share/sensors_camera_node/hook/pythonpath_develop.sh'
[3.390s] Level 1:colcon.colcon_core.environment:checking '/mnt/home/leflarsa/av/ECE480Team4/ros2_ws/install/sensors_camera_node' for CMake module files
[3.393s] Level 1:colcon.colcon_core.environment:checking '/mnt/home/leflarsa/av/ECE480Team4/ros2_ws/install/sensors_camera_node' for CMake config files
[3.405s] Level 1:colcon.colcon_core.environment:checking '/mnt/home/leflarsa/av/ECE480Team4/ros2_ws/install/sensors_camera_node/lib'
[3.405s] Level 1:colcon.colcon_core.environment:checking '/mnt/home/leflarsa/av/ECE480Team4/ros2_ws/install/sensors_camera_node/bin'
[3.405s] Level 1:colcon.colcon_core.shell:create_environment_hook('sensors_camera_node', 'path')
[3.406s] INFO:colcon.colcon_core.shell:Creating environment hook '/mnt/home/leflarsa/av/ECE480Team4/ros2_ws/install/sensors_camera_node/share/sensors_camera_node/hook/path.ps1'
[3.409s] INFO:colcon.colcon_core.shell:Creating environment descriptor '/mnt/home/leflarsa/av/ECE480Team4/ros2_ws/install/sensors_camera_node/share/sensors_camera_node/hook/path.dsv'
[3.412s] INFO:colcon.colcon_core.shell:Creating environment hook '/mnt/home/leflarsa/av/ECE480Team4/ros2_ws/install/sensors_camera_node/share/sensors_camera_node/hook/path.sh'
[3.415s] Level 1:colcon.colcon_core.environment:checking '/mnt/home/leflarsa/av/ECE480Team4/ros2_ws/install/sensors_camera_node/lib/pkgconfig/sensors_camera_node.pc'
[3.415s] Level 1:colcon.colcon_core.environment:checking '/mnt/home/leflarsa/av/ECE480Team4/ros2_ws/install/sensors_camera_node/lib/python3.10/site-packages'
[3.415s] Level 1:colcon.colcon_core.shell:create_environment_hook('sensors_camera_node', 'pythonpath')
[3.415s] INFO:colcon.colcon_core.shell:Creating environment hook '/mnt/home/leflarsa/av/ECE480Team4/ros2_ws/install/sensors_camera_node/share/sensors_camera_node/hook/pythonpath.ps1'
[3.420s] INFO:colcon.colcon_core.shell:Creating environment descriptor '/mnt/home/leflarsa/av/ECE480Team4/ros2_ws/install/sensors_camera_node/share/sensors_camera_node/hook/pythonpath.dsv'
[3.423s] INFO:colcon.colcon_core.shell:Creating environment hook '/mnt/home/leflarsa/av/ECE480Team4/ros2_ws/install/sensors_camera_node/share/sensors_camera_node/hook/pythonpath.sh'
[3.426s] Level 1:colcon.colcon_core.environment:checking '/mnt/home/leflarsa/av/ECE480Team4/ros2_ws/install/sensors_camera_node/bin'
[3.427s] Level 1:colcon.colcon_core.shell:create_environment_hook('sensors_camera_node', 'pythonscriptspath')
[3.427s] INFO:colcon.colcon_core.shell:Creating environment hook '/mnt/home/leflarsa/av/ECE480Team4/ros2_ws/install/sensors_camera_node/share/sensors_camera_node/hook/pythonscriptspath.ps1'
[3.430s] INFO:colcon.colcon_core.shell:Creating environment descriptor '/mnt/home/leflarsa/av/ECE480Team4/ros2_ws/install/sensors_camera_node/share/sensors_camera_node/hook/pythonscriptspath.dsv'
[3.432s] INFO:colcon.colcon_core.shell:Creating environment hook '/mnt/home/leflarsa/av/ECE480Team4/ros2_ws/install/sensors_camera_node/share/sensors_camera_node/hook/pythonscriptspath.sh'
[3.435s] Level 1:colcon.colcon_core.environment:create_environment_scripts_only(sensors_camera_node)
[3.435s] INFO:colcon.colcon_core.shell:Creating package script '/mnt/home/leflarsa/av/ECE480Team4/ros2_ws/install/sensors_camera_node/share/sensors_camera_node/package.ps1'
[3.439s] INFO:colcon.colcon_core.shell:Creating package descriptor '/mnt/home/leflarsa/av/ECE480Team4/ros2_ws/install/sensors_camera_node/share/sensors_camera_node/package.dsv'
[3.442s] INFO:colcon.colcon_core.shell:Creating package script '/mnt/home/leflarsa/av/ECE480Team4/ros2_ws/install/sensors_camera_node/share/sensors_camera_node/package.sh'
[3.444s] INFO:colcon.colcon_core.shell:Creating package script '/mnt/home/leflarsa/av/ECE480Team4/ros2_ws/install/sensors_camera_node/share/sensors_camera_node/package.bash'
[3.446s] INFO:colcon.colcon_core.shell:Creating package script '/mnt/home/leflarsa/av/ECE480Team4/ros2_ws/install/sensors_camera_node/share/sensors_camera_node/package.zsh'
[3.449s] Level 1:colcon.colcon_core.environment:create_file_with_runtime_dependencies(/mnt/home/leflarsa/av/ECE480Team4/ros2_ws/install/sensors_camera_node/share/colcon-core/packages/sensors_camera_node)
[3.748s] INFO:colcon.colcon_core.task.python.build:Building Python package in '/mnt/home/leflarsa/av/ECE480Team4/ros2_ws/src/sensors_lidar_bridge'
[3.748s] INFO:colcon.colcon_core.shell:Skip shell extension 'powershell' for command environment: Not usable outside of PowerShell
[3.748s] DEBUG:colcon.colcon_core.shell:Skip shell extension 'dsv' for command environment
[3.787s] DEBUG:colcon.colcon_core.event_handler.log_command:Invoking command in '/mnt/home/leflarsa/av/ECE480Team4/ros2_ws/build/sensors_imu_bridge': PS1=humble:\u@\h:\w\$ PYTHONPATH=/mnt/home/leflarsa/av/ECE480Team4/ros2_ws/build/sensors_imu_bridge/prefix_override:/usr/lib/python3/dist-packages/colcon_core/task/python/colcon_distutils_commands:/mnt/home/leflarsa/av/ECE480Team4/ros2_ws/install/sensors_imu_bridge/lib/python3.10/site-packages:${PYTHONPATH} /usr/bin/python3 -W ignore:setup.py install is deprecated -W ignore:easy_install command is deprecated setup.py develop --editable --build-directory /mnt/home/leflarsa/av/ECE480Team4/ros2_ws/build/sensors_imu_bridge/build --no-deps symlink_data
[4.201s] DEBUG:colcon.colcon_core.event_handler.log_command:Invoking command in '/mnt/home/leflarsa/av/ECE480Team4/ros2_ws/build/sensors_lidar_bridge': PS1=humble:\u@\h:\w\$ PYTHONPATH=/mnt/home/leflarsa/av/ECE480Team4/ros2_ws/build/sensors_lidar_bridge/prefix_override:/usr/lib/python3/dist-packages/colcon_core/task/python/colcon_distutils_commands:/mnt/home/leflarsa/av/ECE480Team4/ros2_ws/install/sensors_lidar_bridge/lib/python3.10/site-packages:${PYTHONPATH} /usr/bin/python3 -W ignore:setup.py install is deprecated -W ignore:easy_install command is deprecated setup.py develop --editable --build-directory /mnt/home/leflarsa/av/ECE480Team4/ros2_ws/build/sensors_lidar_bridge/build --no-deps symlink_data
[4.202s] DEBUG:colcon.colcon_core.event_handler.log_command:Invoked command in '/mnt/home/leflarsa/av/ECE480Team4/ros2_ws/build/curvy_road' returned '0': CMAKE_PREFIX_PATH=/opt/ros/humble PS1=humble:\u@\h:\w\$ /usr/bin/cmake /mnt/home/leflarsa/av/ECE480Team4/ros2_ws/src/curvy_road -DAMENT_CMAKE_SYMLINK_INSTALL=1 -DCMAKE_INSTALL_PREFIX=/mnt/home/leflarsa/av/ECE480Team4/ros2_ws/install/curvy_road
[4.203s] DEBUG:colcon.colcon_core.event_handler.log_command:Invoking command in '/mnt/home/leflarsa/av/ECE480Team4/ros2_ws/build/curvy_road': CMAKE_PREFIX_PATH=/opt/ros/humble PS1=humble:\u@\h:\w\$ /usr/bin/cmake --build /mnt/home/leflarsa/av/ECE480Team4/ros2_ws/build/curvy_road -- -j6 -l6
[4.249s] DEBUG:colcon.colcon_core.event_handler.log_command:Invoked command in '/mnt/home/leflarsa/av/ECE480Team4/ros2_ws/build/curvy_road' returned '0': CMAKE_PREFIX_PATH=/opt/ros/humble PS1=humble:\u@\h:\w\$ /usr/bin/cmake --build /mnt/home/leflarsa/av/ECE480Team4/ros2_ws/build/curvy_road -- -j6 -l6
[4.276s] DEBUG:colcon.colcon_core.event_handler.log_command:Invoking command in '/mnt/home/leflarsa/av/ECE480Team4/ros2_ws/build/curvy_road': CMAKE_PREFIX_PATH=/opt/ros/humble PS1=humble:\u@\h:\w\$ /usr/bin/cmake --install /mnt/home/leflarsa/av/ECE480Team4/ros2_ws/build/curvy_road
[4.296s] DEBUG:colcon.colcon_core.event_handler.log_command:Invoked command in '/mnt/home/leflarsa/av/ECE480Team4/ros2_ws/build/sensors_imu_bridge' returned '1': PS1=humble:\u@\h:\w\$ PYTHONPATH=/mnt/home/leflarsa/av/ECE480Team4/ros2_ws/build/sensors_imu_bridge/prefix_override:/usr/lib/python3/dist-packages/colcon_core/task/python/colcon_distutils_commands:/mnt/home/leflarsa/av/ECE480Team4/ros2_ws/install/sensors_imu_bridge/lib/python3.10/site-packages:${PYTHONPATH} /usr/bin/python3 -W ignore:setup.py install is deprecated -W ignore:easy_install command is deprecated setup.py develop --editable --build-directory /mnt/home/leflarsa/av/ECE480Team4/ros2_ws/build/sensors_imu_bridge/build --no-deps symlink_data
[5.132s] DEBUG:colcon.colcon_parallel_executor.executor.parallel:closing loop
[5.133s] DEBUG:colcon.colcon_parallel_executor.executor.parallel:loop closed
[5.133s] DEBUG:colcon.colcon_parallel_executor.executor.parallel:run_until_complete finished with '1'
[5.133s] DEBUG:colcon.colcon_core.event_reactor:joining thread
[5.142s] INFO:colcon.colcon_core.plugin_system:Skipping extension 'colcon_notification.desktop_notification.notify_send': Could not find 'notify-send'
[5.142s] INFO:colcon.colcon_core.plugin_system:Skipping extension 'colcon_notification.desktop_notification.terminal_notifier': Not used on non-Darwin systems
[5.142s] INFO:colcon.colcon_core.plugin_system:Skipping extension 'colcon_notification.desktop_notification.win32': Not used on non-Windows systems
[5.142s] INFO:colcon.colcon_notification.desktop_notification:Sending desktop notification using 'notify2'
[5.364s] DEBUG:colcon.colcon_core.event_reactor:joined thread
[5.364s] INFO:colcon.colcon_core.shell:Creating prefix script '/mnt/home/leflarsa/av/ECE480Team4/ros2_ws/install/local_setup.ps1'
[5.367s] INFO:colcon.colcon_core.shell:Creating prefix util module '/mnt/home/leflarsa/av/ECE480Team4/ros2_ws/install/_local_setup_util_ps1.py'
[5.371s] INFO:colcon.colcon_core.shell:Creating prefix chain script '/mnt/home/leflarsa/av/ECE480Team4/ros2_ws/install/setup.ps1'
[5.374s] INFO:colcon.colcon_core.shell:Creating prefix script '/mnt/home/leflarsa/av/ECE480Team4/ros2_ws/install/local_setup.sh'
[5.377s] INFO:colcon.colcon_core.shell:Creating prefix util module '/mnt/home/leflarsa/av/ECE480Team4/ros2_ws/install/_local_setup_util_sh.py'
[5.382s] INFO:colcon.colcon_core.shell:Creating prefix chain script '/mnt/home/leflarsa/av/ECE480Team4/ros2_ws/install/setup.sh'
[5.385s] INFO:colcon.colcon_core.shell:Creating prefix script '/mnt/home/leflarsa/av/ECE480Team4/ros2_ws/install/local_setup.bash'
[5.388s] INFO:colcon.colcon_core.shell:Creating prefix chain script '/mnt/home/leflarsa/av/ECE480Team4/ros2_ws/install/setup.bash'
[5.391s] INFO:colcon.colcon_core.shell:Creating prefix script '/mnt/home/leflarsa/av/ECE480Team4/ros2_ws/install/local_setup.zsh'
[5.394s] INFO:colcon.colcon_core.shell:Creating prefix chain script '/mnt/home/leflarsa/av/ECE480Team4/ros2_ws/install/setup.zsh'
