[0.077s] Invoking command in '/home/eceteam4/ECE480Team4/build/vesc_driver': AMENT_PREFIX_PATH=/home/eceteam4/ECE480Team4/install/vesc_msgs CMAKE_PREFIX_PATH=/home/eceteam4/ECE480Team4/install/vesc_msgs LD_LIBRARY_PATH=/home/eceteam4/ECE480Team4/install/vesc_msgs/lib PYTHONPATH=/home/eceteam4/ECE480Team4/install/vesc_msgs/local/lib/python3.10/dist-packages /usr/bin/cmake --build /home/eceteam4/ECE480Team4/build/vesc_driver -- -j6 -l6
[0.307s] [ 20%] Built target vesc_driver_node
[0.353s] [ 70%] Built target vesc_driver
[0.427s] [100%] Built target vesc_device_namer
[0.458s] Invoked command in '/home/eceteam4/ECE480Team4/build/vesc_driver' returned '0': AMENT_PREFIX_PATH=/home/eceteam4/ECE480Team4/install/vesc_msgs CMAKE_PREFIX_PATH=/home/eceteam4/ECE480Team4/install/vesc_msgs LD_LIBRARY_PATH=/home/eceteam4/ECE480Team4/install/vesc_msgs/lib PYTHONPATH=/home/eceteam4/ECE480Team4/install/vesc_msgs/local/lib/python3.10/dist-packages /usr/bin/cmake --build /home/eceteam4/ECE480Team4/build/vesc_driver -- -j6 -l6
[0.464s] Invoking command in '/home/eceteam4/ECE480Team4/build/vesc_driver': AMENT_PREFIX_PATH=/home/eceteam4/ECE480Team4/install/vesc_msgs CMAKE_PREFIX_PATH=/home/eceteam4/ECE480Team4/install/vesc_msgs LD_LIBRARY_PATH=/home/eceteam4/ECE480Team4/install/vesc_msgs/lib PYTHONPATH=/home/eceteam4/ECE480Team4/install/vesc_msgs/local/lib/python3.10/dist-packages /usr/bin/cmake --install /home/eceteam4/ECE480Team4/build/vesc_driver
[0.488s] -- Install configuration: ""
[0.490s] -- Execute custom install script
[0.494s] -- Up-to-date symlink: /home/eceteam4/ECE480Team4/install/vesc_driver/lib/vesc_driver/vesc_driver_node
[0.496s] -- Up-to-date symlink: /home/eceteam4/ECE480Team4/install/vesc_driver/include/vesc_driver/crc.hpp
[0.497s] -- Up-to-date symlink: /home/eceteam4/ECE480Team4/install/vesc_driver/include/vesc_driver/datatypes.hpp
[0.498s] -- Up-to-date symlink: /home/eceteam4/ECE480Team4/install/vesc_driver/include/vesc_driver/vesc_device_uuid_lookup.hpp
[0.501s] -- Up-to-date symlink: /home/eceteam4/ECE480Team4/install/vesc_driver/include/vesc_driver/vesc_driver.hpp
[0.505s] -- Up-to-date symlink: /home/eceteam4/ECE480Team4/install/vesc_driver/include/vesc_driver/vesc_interface.hpp
[0.506s] -- Up-to-date symlink: /home/eceteam4/ECE480Team4/install/vesc_driver/include/vesc_driver/vesc_packet.hpp
[0.507s] -- Up-to-date symlink: /home/eceteam4/ECE480Team4/install/vesc_driver/include/vesc_driver/vesc_packet_factory.hpp
[0.509s] -- Up-to-date symlink: /home/eceteam4/ECE480Team4/install/vesc_driver/share/vesc_driver/environment/library_path.sh
[0.511s] -- Up-to-date symlink: /home/eceteam4/ECE480Team4/install/vesc_driver/share/vesc_driver/environment/library_path.dsv
[0.515s] -- Up-to-date symlink: /home/eceteam4/ECE480Team4/install/vesc_driver/lib/libvesc_driver.so
[0.519s] -- Up-to-date symlink: /home/eceteam4/ECE480Team4/install/vesc_driver/lib/vesc_driver/vesc_device_namer
[0.529s] -- Up-to-date symlink: /home/eceteam4/ECE480Team4/install/vesc_driver/share/vesc_driver/launch/vesc_driver_node.launch.py
[0.533s] -- Up-to-date symlink: /home/eceteam4/ECE480Team4/install/vesc_driver/share/vesc_driver/params/vesc_config.yaml
[0.538s] -- Up-to-date symlink: /home/eceteam4/ECE480Team4/install/vesc_driver/share/ament_index/resource_index/package_run_dependencies/vesc_driver
[0.541s] -- Up-to-date symlink: /home/eceteam4/ECE480Team4/install/vesc_driver/share/ament_index/resource_index/parent_prefix_path/vesc_driver
[0.543s] -- Up-to-date symlink: /home/eceteam4/ECE480Team4/install/vesc_driver/share/vesc_driver/environment/ament_prefix_path.sh
[0.543s] -- Up-to-date symlink: /home/eceteam4/ECE480Team4/install/vesc_driver/share/vesc_driver/environment/ament_prefix_path.dsv
[0.548s] -- Up-to-date symlink: /home/eceteam4/ECE480Team4/install/vesc_driver/share/vesc_driver/environment/path.sh
[0.553s] -- Up-to-date symlink: /home/eceteam4/ECE480Team4/install/vesc_driver/share/vesc_driver/environment/path.dsv
[0.556s] -- Up-to-date symlink: /home/eceteam4/ECE480Team4/install/vesc_driver/share/vesc_driver/local_setup.bash
[0.556s] -- Up-to-date symlink: /home/eceteam4/ECE480Team4/install/vesc_driver/share/vesc_driver/local_setup.sh
[0.556s] -- Up-to-date symlink: /home/eceteam4/ECE480Team4/install/vesc_driver/share/vesc_driver/local_setup.zsh
[0.558s] -- Up-to-date symlink: /home/eceteam4/ECE480Team4/install/vesc_driver/share/vesc_driver/local_setup.dsv
[0.559s] -- Symlinking: /home/eceteam4/ECE480Team4/install/vesc_driver/share/vesc_driver/package.dsv
[0.596s] -- Up-to-date symlink: /home/eceteam4/ECE480Team4/install/vesc_driver/share/ament_index/resource_index/packages/vesc_driver
[0.597s] -- Up-to-date symlink: /home/eceteam4/ECE480Team4/install/vesc_driver/share/ament_index/resource_index/rclcpp_components/vesc_driver
[0.598s] -- Up-to-date symlink: /home/eceteam4/ECE480Team4/install/vesc_driver/share/vesc_driver/cmake/ament_cmake_export_dependencies-extras.cmake
[0.599s] -- Up-to-date symlink: /home/eceteam4/ECE480Team4/install/vesc_driver/share/vesc_driver/cmake/ament_cmake_export_include_directories-extras.cmake
[0.599s] -- Up-to-date symlink: /home/eceteam4/ECE480Team4/install/vesc_driver/share/vesc_driver/cmake/ament_cmake_export_libraries-extras.cmake
[0.600s] -- Up-to-date symlink: /home/eceteam4/ECE480Team4/install/vesc_driver/share/vesc_driver/cmake/vesc_driverConfig.cmake
[0.600s] -- Up-to-date symlink: /home/eceteam4/ECE480Team4/install/vesc_driver/share/vesc_driver/cmake/vesc_driverConfig-version.cmake
[0.601s] -- Up-to-date symlink: /home/eceteam4/ECE480Team4/install/vesc_driver/share/vesc_driver/package.xml
[1.034s] Invoked command in '/home/eceteam4/ECE480Team4/build/vesc_driver' returned '0': AMENT_PREFIX_PATH=/home/eceteam4/ECE480Team4/install/vesc_msgs CMAKE_PREFIX_PATH=/home/eceteam4/ECE480Team4/install/vesc_msgs LD_LIBRARY_PATH=/home/eceteam4/ECE480Team4/install/vesc_msgs/lib PYTHONPATH=/home/eceteam4/ECE480Team4/install/vesc_msgs/local/lib/python3.10/dist-packages /usr/bin/cmake --install /home/eceteam4/ECE480Team4/build/vesc_driver
