[0.633s] Invoking command in '/home/eceteam4/ECE480Team4/build/curvy_road': CMAKE_PREFIX_PATH=${CMAKE_PREFIX_PATH}:/home/eceteam4/ECE480Team4/install/vesc_control:/home/eceteam4/ECE480Team4/install/sensors_lidar_bridge:/home/eceteam4/ECE480Team4/install/sensors_imu_bridge:/home/eceteam4/ECE480Team4/install/sensors_camera_node:/home/eceteam4/ECE480Team4/install/racing_line:/home/eceteam4/ECE480Team4/install/perception_sync_node:/home/eceteam4/ECE480Team4/install/perception_ml_node:/home/eceteam4/ECE480Team4/install/obstacle_det:/home/eceteam4/ECE480Team4/install/lane_follow:/home/eceteam4/ECE480Team4/install/bot_slam:/opt/ros/humble /usr/bin/cmake --build /home/eceteam4/ECE480Team4/build/curvy_road -- -j6 -l6
[1.249s] Invoked command in '/home/eceteam4/ECE480Team4/build/curvy_road' returned '0': CMAKE_PREFIX_PATH=${CMAKE_PREFIX_PATH}:/home/eceteam4/ECE480Team4/install/vesc_control:/home/eceteam4/ECE480Team4/install/sensors_lidar_bridge:/home/eceteam4/ECE480Team4/install/sensors_imu_bridge:/home/eceteam4/ECE480Team4/install/sensors_camera_node:/home/eceteam4/ECE480Team4/install/racing_line:/home/eceteam4/ECE480Team4/install/perception_sync_node:/home/eceteam4/ECE480Team4/install/perception_ml_node:/home/eceteam4/ECE480Team4/install/obstacle_det:/home/eceteam4/ECE480Team4/install/lane_follow:/home/eceteam4/ECE480Team4/install/bot_slam:/opt/ros/humble /usr/bin/cmake --build /home/eceteam4/ECE480Team4/build/curvy_road -- -j6 -l6
[1.253s] Invoking command in '/home/eceteam4/ECE480Team4/build/curvy_road': CMAKE_PREFIX_PATH=${CMAKE_PREFIX_PATH}:/home/eceteam4/ECE480Team4/install/vesc_control:/home/eceteam4/ECE480Team4/install/sensors_lidar_bridge:/home/eceteam4/ECE480Team4/install/sensors_imu_bridge:/home/eceteam4/ECE480Team4/install/sensors_camera_node:/home/eceteam4/ECE480Team4/install/racing_line:/home/eceteam4/ECE480Team4/install/perception_sync_node:/home/eceteam4/ECE480Team4/install/perception_ml_node:/home/eceteam4/ECE480Team4/install/obstacle_det:/home/eceteam4/ECE480Team4/install/lane_follow:/home/eceteam4/ECE480Team4/install/bot_slam:/opt/ros/humble /usr/bin/cmake --install /home/eceteam4/ECE480Team4/build/curvy_road
[1.279s] -- Install configuration: ""
[1.279s] -- Execute custom install script
[1.279s] -- Up-to-date symlink: /home/eceteam4/ECE480Team4/install/curvy_road/share/curvy_road//launch/curvy_road.launch.py
[1.279s] -- Up-to-date symlink: /home/eceteam4/ECE480Team4/install/curvy_road/share/curvy_road//launch/empty_world.launch.py
[1.279s] -- Up-to-date symlink: /home/eceteam4/ECE480Team4/install/curvy_road/share/curvy_road//launch/robot_state_publisher.launch.py
[1.281s] -- Up-to-date symlink: /home/eceteam4/ECE480Team4/install/curvy_road/share/curvy_road//launch/turtlebot3_world.launch.py
[1.283s] -- Up-to-date symlink: /home/eceteam4/ECE480Team4/install/curvy_road/share/curvy_road//models/turtlebot3_burger/meshes/burger_base.dae
[1.283s] -- Up-to-date symlink: /home/eceteam4/ECE480Team4/install/curvy_road/share/curvy_road//models/turtlebot3_burger/meshes/lds.dae
[1.284s] -- Up-to-date symlink: /home/eceteam4/ECE480Team4/install/curvy_road/share/curvy_road//models/turtlebot3_burger/meshes/tire.dae
[1.284s] -- Up-to-date symlink: /home/eceteam4/ECE480Team4/install/curvy_road/share/curvy_road//models/turtlebot3_burger/model-1_4.sdf
[1.284s] -- Up-to-date symlink: /home/eceteam4/ECE480Team4/install/curvy_road/share/curvy_road//models/turtlebot3_burger/model.config
[1.284s] -- Up-to-date symlink: /home/eceteam4/ECE480Team4/install/curvy_road/share/curvy_road//models/turtlebot3_burger/model.sdf
[1.285s] -- Up-to-date symlink: /home/eceteam4/ECE480Team4/install/curvy_road/share/curvy_road//models/turtlebot3_curvy_road/course/materials/scripts/course.material
[1.285s] -- Up-to-date symlink: /home/eceteam4/ECE480Team4/install/curvy_road/share/curvy_road//models/turtlebot3_curvy_road/course/materials/textures/road_2.png
[1.285s] -- Up-to-date symlink: /home/eceteam4/ECE480Team4/install/curvy_road/share/curvy_road//models/turtlebot3_curvy_road/course/materials/textures/road_3.png
[1.286s] -- Up-to-date symlink: /home/eceteam4/ECE480Team4/install/curvy_road/share/curvy_road//models/turtlebot3_curvy_road/course/model.config
[1.287s] -- Up-to-date symlink: /home/eceteam4/ECE480Team4/install/curvy_road/share/curvy_road//models/turtlebot3_curvy_road/course/model.sdf
[1.287s] -- Up-to-date symlink: /home/eceteam4/ECE480Team4/install/curvy_road/share/curvy_road//models/turtlebot3_curvy_road/curvy_road/model.config
[1.287s] -- Up-to-date symlink: /home/eceteam4/ECE480Team4/install/curvy_road/share/curvy_road//models/turtlebot3_curvy_road/curvy_road/model.sdf
[1.287s] -- Up-to-date symlink: /home/eceteam4/ECE480Team4/install/curvy_road/share/curvy_road//models/turtlebot3_curvy_road/curvy_road_world/model.config
[1.287s] -- Up-to-date symlink: /home/eceteam4/ECE480Team4/install/curvy_road/share/curvy_road//models/turtlebot3_curvy_road/curvy_road_world/model.sdf
[1.287s] -- Up-to-date symlink: /home/eceteam4/ECE480Team4/install/curvy_road/share/curvy_road//models/turtlebot3_curvy_road/model.config
[1.287s] -- Up-to-date symlink: /home/eceteam4/ECE480Team4/install/curvy_road/share/curvy_road//models/turtlebot3_curvy_road/traffic_parking/materials/scripts/traffic_parking.material
[1.288s] -- Up-to-date symlink: /home/eceteam4/ECE480Team4/install/curvy_road/share/curvy_road//models/turtlebot3_curvy_road/traffic_parking/materials/textures/traffic_parking.png
[1.296s] -- Up-to-date symlink: /home/eceteam4/ECE480Team4/install/curvy_road/share/curvy_road//models/turtlebot3_curvy_road/traffic_parking/model.config
[1.296s] -- Up-to-date symlink: /home/eceteam4/ECE480Team4/install/curvy_road/share/curvy_road//models/turtlebot3_curvy_road/traffic_parking/model.sdf
[1.296s] -- Up-to-date symlink: /home/eceteam4/ECE480Team4/install/curvy_road/share/curvy_road//models/turtlebot3_waffle/meshes/lds.dae
[1.296s] -- Up-to-date symlink: /home/eceteam4/ECE480Team4/install/curvy_road/share/curvy_road//models/turtlebot3_waffle/meshes/r200.dae
[1.297s] -- Up-to-date symlink: /home/eceteam4/ECE480Team4/install/curvy_road/share/curvy_road//models/turtlebot3_waffle/meshes/tire.dae
[1.297s] -- Up-to-date symlink: /home/eceteam4/ECE480Team4/install/curvy_road/share/curvy_road//models/turtlebot3_waffle/meshes/waffle_base.dae
[1.297s] -- Up-to-date symlink: /home/eceteam4/ECE480Team4/install/curvy_road/share/curvy_road//models/turtlebot3_waffle/model-1_4.sdf
[1.297s] -- Up-to-date symlink: /home/eceteam4/ECE480Team4/install/curvy_road/share/curvy_road//models/turtlebot3_waffle/model.config
[1.298s] -- Up-to-date symlink: /home/eceteam4/ECE480Team4/install/curvy_road/share/curvy_road//models/turtlebot3_waffle/model.sdf
[1.298s] -- Up-to-date symlink: /home/eceteam4/ECE480Team4/install/curvy_road/share/curvy_road//models/turtlebot3_waffle_pi/meshes/lds.dae
[1.298s] -- Up-to-date symlink: /home/eceteam4/ECE480Team4/install/curvy_road/share/curvy_road//models/turtlebot3_waffle_pi/meshes/tire.dae
[1.298s] -- Up-to-date symlink: /home/eceteam4/ECE480Team4/install/curvy_road/share/curvy_road//models/turtlebot3_waffle_pi/meshes/waffle_pi_base.dae
[1.298s] -- Up-to-date symlink: /home/eceteam4/ECE480Team4/install/curvy_road/share/curvy_road//models/turtlebot3_waffle_pi/model-1_4_.sdf
[1.298s] -- Up-to-date symlink: /home/eceteam4/ECE480Team4/install/curvy_road/share/curvy_road//models/turtlebot3_waffle_pi/model.config
[1.298s] -- Up-to-date symlink: /home/eceteam4/ECE480Team4/install/curvy_road/share/curvy_road//models/turtlebot3_waffle_pi/model.sdf
[1.299s] -- Up-to-date symlink: /home/eceteam4/ECE480Team4/install/curvy_road/share/curvy_road//models/turtlebot3_waffle_robot1/meshes/lds.dae
[1.299s] -- Up-to-date symlink: /home/eceteam4/ECE480Team4/install/curvy_road/share/curvy_road//models/turtlebot3_waffle_robot1/meshes/r200.dae
[1.299s] -- Up-to-date symlink: /home/eceteam4/ECE480Team4/install/curvy_road/share/curvy_road//models/turtlebot3_waffle_robot1/meshes/tire.dae
[1.299s] -- Up-to-date symlink: /home/eceteam4/ECE480Team4/install/curvy_road/share/curvy_road//models/turtlebot3_waffle_robot1/meshes/waffle_base.dae
[1.299s] -- Up-to-date symlink: /home/eceteam4/ECE480Team4/install/curvy_road/share/curvy_road//models/turtlebot3_waffle_robot1/model-1_4.sdf
[1.299s] -- Up-to-date symlink: /home/eceteam4/ECE480Team4/install/curvy_road/share/curvy_road//models/turtlebot3_waffle_robot1/model.config
[1.299s] -- Up-to-date symlink: /home/eceteam4/ECE480Team4/install/curvy_road/share/curvy_road//models/turtlebot3_waffle_robot1/model.sdf
[1.299s] -- Up-to-date symlink: /home/eceteam4/ECE480Team4/install/curvy_road/share/curvy_road//models/turtlebot3_world/meshes/hexagon.dae
[1.299s] -- Up-to-date symlink: /home/eceteam4/ECE480Team4/install/curvy_road/share/curvy_road//models/turtlebot3_world/meshes/wall.dae
[1.300s] -- Up-to-date symlink: /home/eceteam4/ECE480Team4/install/curvy_road/share/curvy_road//models/turtlebot3_world/model-1_4.sdf
[1.300s] -- Up-to-date symlink: /home/eceteam4/ECE480Team4/install/curvy_road/share/curvy_road//models/turtlebot3_world/model.config
[1.302s] -- Up-to-date symlink: /home/eceteam4/ECE480Team4/install/curvy_road/share/curvy_road//models/turtlebot3_world/model.sdf
[1.302s] -- Up-to-date symlink: /home/eceteam4/ECE480Team4/install/curvy_road/share/curvy_road//rviz/tb3_gazebo.rviz
[1.304s] -- Up-to-date symlink: /home/eceteam4/ECE480Team4/install/curvy_road/share/curvy_road//worlds/empty_worlds/burger.model
[1.304s] -- Up-to-date symlink: /home/eceteam4/ECE480Team4/install/curvy_road/share/curvy_road//worlds/empty_worlds/waffle.model
[1.309s] -- Up-to-date symlink: /home/eceteam4/ECE480Team4/install/curvy_road/share/curvy_road//worlds/empty_worlds/waffle_pi.model
[1.309s] -- Up-to-date symlink: /home/eceteam4/ECE480Team4/install/curvy_road/share/curvy_road//worlds/turtlebot3_curvy_road/burger.model
[1.311s] -- Up-to-date symlink: /home/eceteam4/ECE480Team4/install/curvy_road/share/curvy_road//worlds/turtlebot3_curvy_road/waffle.model
[1.311s] -- Up-to-date symlink: /home/eceteam4/ECE480Team4/install/curvy_road/share/curvy_road//worlds/turtlebot3_curvy_road/waffle_pi.model
[1.311s] -- Up-to-date symlink: /home/eceteam4/ECE480Team4/install/curvy_road/share/curvy_road//worlds/turtlebot3_worlds/burger.model
[1.311s] -- Up-to-date symlink: /home/eceteam4/ECE480Team4/install/curvy_road/share/curvy_road//worlds/turtlebot3_worlds/waffle.model
[1.312s] -- Up-to-date symlink: /home/eceteam4/ECE480Team4/install/curvy_road/share/curvy_road//worlds/turtlebot3_worlds/waffle_pi.model
[1.313s] -- Up-to-date symlink: /home/eceteam4/ECE480Team4/install/curvy_road/share/ament_index/resource_index/package_run_dependencies/curvy_road
[1.313s] -- Up-to-date symlink: /home/eceteam4/ECE480Team4/install/curvy_road/share/ament_index/resource_index/parent_prefix_path/curvy_road
[1.316s] -- Up-to-date symlink: /home/eceteam4/ECE480Team4/install/curvy_road/share/curvy_road/environment/ament_prefix_path.sh
[1.317s] -- Up-to-date symlink: /home/eceteam4/ECE480Team4/install/curvy_road/share/curvy_road/environment/ament_prefix_path.dsv
[1.317s] -- Up-to-date symlink: /home/eceteam4/ECE480Team4/install/curvy_road/share/curvy_road/environment/path.sh
[1.318s] -- Up-to-date symlink: /home/eceteam4/ECE480Team4/install/curvy_road/share/curvy_road/environment/path.dsv
[1.318s] -- Up-to-date symlink: /home/eceteam4/ECE480Team4/install/curvy_road/share/curvy_road/local_setup.bash
[1.320s] -- Up-to-date symlink: /home/eceteam4/ECE480Team4/install/curvy_road/share/curvy_road/local_setup.sh
[1.320s] -- Up-to-date symlink: /home/eceteam4/ECE480Team4/install/curvy_road/share/curvy_road/local_setup.zsh
[1.321s] -- Up-to-date symlink: /home/eceteam4/ECE480Team4/install/curvy_road/share/curvy_road/local_setup.dsv
[1.321s] -- Symlinking: /home/eceteam4/ECE480Team4/install/curvy_road/share/curvy_road/package.dsv
[1.341s] -- Up-to-date symlink: /home/eceteam4/ECE480Team4/install/curvy_road/share/ament_index/resource_index/packages/curvy_road
[1.341s] -- Up-to-date symlink: /home/eceteam4/ECE480Team4/install/curvy_road/share/curvy_road/cmake/ament_cmake_export_include_directories-extras.cmake
[1.342s] -- Up-to-date symlink: /home/eceteam4/ECE480Team4/install/curvy_road/share/curvy_road/cmake/ament_cmake_export_dependencies-extras.cmake
[1.343s] -- Up-to-date symlink: /home/eceteam4/ECE480Team4/install/curvy_road/share/curvy_road/cmake/curvy_roadConfig.cmake
[1.343s] -- Up-to-date symlink: /home/eceteam4/ECE480Team4/install/curvy_road/share/curvy_road/cmake/curvy_roadConfig-version.cmake
[1.344s] -- Up-to-date symlink: /home/eceteam4/ECE480Team4/install/curvy_road/share/curvy_road/package.xml
[1.370s] Invoked command in '/home/eceteam4/ECE480Team4/build/curvy_road' returned '0': CMAKE_PREFIX_PATH=${CMAKE_PREFIX_PATH}:/home/eceteam4/ECE480Team4/install/vesc_control:/home/eceteam4/ECE480Team4/install/sensors_lidar_bridge:/home/eceteam4/ECE480Team4/install/sensors_imu_bridge:/home/eceteam4/ECE480Team4/install/sensors_camera_node:/home/eceteam4/ECE480Team4/install/racing_line:/home/eceteam4/ECE480Team4/install/perception_sync_node:/home/eceteam4/ECE480Team4/install/perception_ml_node:/home/eceteam4/ECE480Team4/install/obstacle_det:/home/eceteam4/ECE480Team4/install/lane_follow:/home/eceteam4/ECE480Team4/install/bot_slam:/opt/ros/humble /usr/bin/cmake --install /home/eceteam4/ECE480Team4/build/curvy_road
