[0.926s] Invoking command in '/mnt/home/leflarsa/av/ECE480Team4/ros2_ws/build/sensors_lidar_bridge': PS1=humble:\u@\h:\w\$ PYTHONPATH=/mnt/home/leflarsa/av/ECE480Team4/ros2_ws/build/sensors_lidar_bridge/prefix_override:/usr/lib/python3/dist-packages/colcon_core/task/python/colcon_distutils_commands:/mnt/home/leflarsa/av/ECE480Team4/ros2_ws/install/sensors_lidar_bridge/lib/python3.10/site-packages:${PYTHONPATH} /usr/bin/python3 -W ignore:setup.py install is deprecated -W ignore:easy_install command is deprecated setup.py develop --editable --build-directory /mnt/home/leflarsa/av/ECE480Team4/ros2_ws/build/sensors_lidar_bridge/build --no-deps symlink_data
[1.163s] running develop
[1.336s] running egg_info
[1.337s] writing sensors_lidar_bridge.egg-info/PKG-INFO
[1.340s] writing dependency_links to sensors_lidar_bridge.egg-info/dependency_links.txt
[1.342s] writing entry points to sensors_lidar_bridge.egg-info/entry_points.txt
[1.345s] writing requirements to sensors_lidar_bridge.egg-info/requires.txt
[1.347s] writing top-level names to sensors_lidar_bridge.egg-info/top_level.txt
[1.351s] reading manifest file 'sensors_lidar_bridge.egg-info/SOURCES.txt'
[1.353s] writing manifest file 'sensors_lidar_bridge.egg-info/SOURCES.txt'
[1.356s] running build_ext
[1.356s] Creating /mnt/home/leflarsa/av/ECE480Team4/ros2_ws/install/sensors_lidar_bridge/lib/python3.10/site-packages/sensors-lidar-bridge.egg-link (link to .)
[1.361s] Installing sensors_lidar_bridge script to /mnt/home/leflarsa/av/ECE480Team4/ros2_ws/install/sensors_lidar_bridge/bin
[1.365s] 
[1.365s] Installed /mnt/home/leflarsa/av/ECE480Team4/ros2_ws/build/sensors_lidar_bridge
[1.365s] running symlink_data
[1.366s] symbolically linking /mnt/home/leflarsa/av/ECE480Team4/ros2_ws/build/sensors_lidar_bridge/resource/sensors_lidar_bridge -> /mnt/home/leflarsa/av/ECE480Team4/ros2_ws/install/sensors_lidar_bridge/share/ament_index/resource_index/packages
[1.367s] symbolically linking /mnt/home/leflarsa/av/ECE480Team4/ros2_ws/build/sensors_lidar_bridge/package.xml -> /mnt/home/leflarsa/av/ECE480Team4/ros2_ws/install/sensors_lidar_bridge/share/sensors_lidar_bridge
[1.369s] creating /mnt/home/leflarsa/av/ECE480Team4/ros2_ws/install/sensors_lidar_bridge/share/sensors_lidar_bridge/launch
[1.370s] symbolically linking /mnt/home/leflarsa/av/ECE480Team4/ros2_ws/build/sensors_lidar_bridge/launch/lidar.launch.py -> /mnt/home/leflarsa/av/ECE480Team4/ros2_ws/install/sensors_lidar_bridge/share/sensors_lidar_bridge/launch
[1.393s] Invoked command in '/mnt/home/leflarsa/av/ECE480Team4/ros2_ws/build/sensors_lidar_bridge' returned '0': PS1=humble:\u@\h:\w\$ PYTHONPATH=/mnt/home/leflarsa/av/ECE480Team4/ros2_ws/build/sensors_lidar_bridge/prefix_override:/usr/lib/python3/dist-packages/colcon_core/task/python/colcon_distutils_commands:/mnt/home/leflarsa/av/ECE480Team4/ros2_ws/install/sensors_lidar_bridge/lib/python3.10/site-packages:${PYTHONPATH} /usr/bin/python3 -W ignore:setup.py install is deprecated -W ignore:easy_install command is deprecated setup.py develop --editable --build-directory /mnt/home/leflarsa/av/ECE480Team4/ros2_ws/build/sensors_lidar_bridge/build --no-deps symlink_data
