[0.520s] Invoking command in '/home/eceteam4/ECE480Team4/build/curvy_road': /usr/bin/cmake --build /home/eceteam4/ECE480Team4/build/curvy_road -- -j6 -l6
[1.373s] Invoked command in '/home/eceteam4/ECE480Team4/build/curvy_road' returned '0': /usr/bin/cmake --build /home/eceteam4/ECE480Team4/build/curvy_road -- -j6 -l6
[1.381s] Invoking command in '/home/eceteam4/ECE480Team4/build/curvy_road': /usr/bin/cmake --install /home/eceteam4/ECE480Team4/build/curvy_road
[1.397s] -- Install configuration: ""
[1.401s] -- Execute custom install script
[1.410s] -- Up-to-date symlink: /home/eceteam4/ECE480Team4/install/curvy_road/share/curvy_road//launch/curvy_road.launch.py
[1.411s] -- Up-to-date symlink: /home/eceteam4/ECE480Team4/install/curvy_road/share/curvy_road//launch/empty_world.launch.py
[1.414s] -- Up-to-date symlink: /home/eceteam4/ECE480Team4/install/curvy_road/share/curvy_road//launch/robot_state_publisher.launch.py
[1.414s] -- Up-to-date symlink: /home/eceteam4/ECE480Team4/install/curvy_road/share/curvy_road//launch/turtlebot3_world.launch.py
[1.435s] -- Up-to-date symlink: /home/eceteam4/ECE480Team4/install/curvy_road/share/curvy_road//models/turtlebot3_burger/meshes/burger_base.dae
[1.436s] -- Up-to-date symlink: /home/eceteam4/ECE480Team4/install/curvy_road/share/curvy_road//models/turtlebot3_burger/meshes/lds.dae
[1.437s] -- Up-to-date symlink: /home/eceteam4/ECE480Team4/install/curvy_road/share/curvy_road//models/turtlebot3_burger/meshes/tire.dae
[1.438s] -- Up-to-date symlink: /home/eceteam4/ECE480Team4/install/curvy_road/share/curvy_road//models/turtlebot3_burger/model-1_4.sdf
[1.439s] -- Up-to-date symlink: /home/eceteam4/ECE480Team4/install/curvy_road/share/curvy_road//models/turtlebot3_burger/model.config
[1.441s] -- Up-to-date symlink: /home/eceteam4/ECE480Team4/install/curvy_road/share/curvy_road//models/turtlebot3_burger/model.sdf
[1.442s] -- Up-to-date symlink: /home/eceteam4/ECE480Team4/install/curvy_road/share/curvy_road//models/turtlebot3_curvy_road/course/materials/scripts/course.material
[1.443s] -- Up-to-date symlink: /home/eceteam4/ECE480Team4/install/curvy_road/share/curvy_road//models/turtlebot3_curvy_road/course/materials/textures/road_2.png
[1.444s] -- Up-to-date symlink: /home/eceteam4/ECE480Team4/install/curvy_road/share/curvy_road//models/turtlebot3_curvy_road/course/materials/textures/road_3.png
[1.445s] -- Up-to-date symlink: /home/eceteam4/ECE480Team4/install/curvy_road/share/curvy_road//models/turtlebot3_curvy_road/course/model.config
[1.445s] -- Up-to-date symlink: /home/eceteam4/ECE480Team4/install/curvy_road/share/curvy_road//models/turtlebot3_curvy_road/course/model.sdf
[1.447s] -- Up-to-date symlink: /home/eceteam4/ECE480Team4/install/curvy_road/share/curvy_road//models/turtlebot3_curvy_road/curvy_road/model.config
[1.448s] -- Up-to-date symlink: /home/eceteam4/ECE480Team4/install/curvy_road/share/curvy_road//models/turtlebot3_curvy_road/curvy_road/model.sdf
[1.455s] -- Up-to-date symlink: /home/eceteam4/ECE480Team4/install/curvy_road/share/curvy_road//models/turtlebot3_curvy_road/curvy_road_world/model.config
[1.455s] -- Up-to-date symlink: /home/eceteam4/ECE480Team4/install/curvy_road/share/curvy_road//models/turtlebot3_curvy_road/curvy_road_world/model.sdf
[1.456s] -- Up-to-date symlink: /home/eceteam4/ECE480Team4/install/curvy_road/share/curvy_road//models/turtlebot3_curvy_road/model.config
[1.473s] -- Up-to-date symlink: /home/eceteam4/ECE480Team4/install/curvy_road/share/curvy_road//models/turtlebot3_curvy_road/traffic_parking/materials/scripts/traffic_parking.material
[1.473s] -- Up-to-date symlink: /home/eceteam4/ECE480Team4/install/curvy_road/share/curvy_road//models/turtlebot3_curvy_road/traffic_parking/materials/textures/traffic_parking.png
[1.473s] -- Up-to-date symlink: /home/eceteam4/ECE480Team4/install/curvy_road/share/curvy_road//models/turtlebot3_curvy_road/traffic_parking/model.config
[1.474s] -- Up-to-date symlink: /home/eceteam4/ECE480Team4/install/curvy_road/share/curvy_road//models/turtlebot3_curvy_road/traffic_parking/model.sdf
[1.475s] -- Up-to-date symlink: /home/eceteam4/ECE480Team4/install/curvy_road/share/curvy_road//models/turtlebot3_waffle/meshes/lds.dae
[1.476s] -- Up-to-date symlink: /home/eceteam4/ECE480Team4/install/curvy_road/share/curvy_road//models/turtlebot3_waffle/meshes/r200.dae
[1.476s] -- Up-to-date symlink: /home/eceteam4/ECE480Team4/install/curvy_road/share/curvy_road//models/turtlebot3_waffle/meshes/tire.dae
[1.476s] -- Up-to-date symlink: /home/eceteam4/ECE480Team4/install/curvy_road/share/curvy_road//models/turtlebot3_waffle/meshes/waffle_base.dae
[1.476s] -- Up-to-date symlink: /home/eceteam4/ECE480Team4/install/curvy_road/share/curvy_road//models/turtlebot3_waffle/model-1_4.sdf
[1.476s] -- Up-to-date symlink: /home/eceteam4/ECE480Team4/install/curvy_road/share/curvy_road//models/turtlebot3_waffle/model.config
[1.476s] -- Up-to-date symlink: /home/eceteam4/ECE480Team4/install/curvy_road/share/curvy_road//models/turtlebot3_waffle/model.sdf
[1.476s] -- Up-to-date symlink: /home/eceteam4/ECE480Team4/install/curvy_road/share/curvy_road//models/turtlebot3_waffle_pi/meshes/lds.dae
[1.477s] -- Up-to-date symlink: /home/eceteam4/ECE480Team4/install/curvy_road/share/curvy_road//models/turtlebot3_waffle_pi/meshes/tire.dae
[1.477s] -- Up-to-date symlink: /home/eceteam4/ECE480Team4/install/curvy_road/share/curvy_road//models/turtlebot3_waffle_pi/meshes/waffle_pi_base.dae
[1.477s] -- Up-to-date symlink: /home/eceteam4/ECE480Team4/install/curvy_road/share/curvy_road//models/turtlebot3_waffle_pi/model-1_4_.sdf
[1.477s] -- Up-to-date symlink: /home/eceteam4/ECE480Team4/install/curvy_road/share/curvy_road//models/turtlebot3_waffle_pi/model.config
[1.477s] -- Up-to-date symlink: /home/eceteam4/ECE480Team4/install/curvy_road/share/curvy_road//models/turtlebot3_waffle_pi/model.sdf
[1.488s] -- Up-to-date symlink: /home/eceteam4/ECE480Team4/install/curvy_road/share/curvy_road//models/turtlebot3_waffle_robot1/meshes/lds.dae
[1.488s] -- Up-to-date symlink: /home/eceteam4/ECE480Team4/install/curvy_road/share/curvy_road//models/turtlebot3_waffle_robot1/meshes/r200.dae
[1.493s] -- Up-to-date symlink: /home/eceteam4/ECE480Team4/install/curvy_road/share/curvy_road//models/turtlebot3_waffle_robot1/meshes/tire.dae
[1.494s] -- Up-to-date symlink: /home/eceteam4/ECE480Team4/install/curvy_road/share/curvy_road//models/turtlebot3_waffle_robot1/meshes/waffle_base.dae
[1.494s] -- Up-to-date symlink: /home/eceteam4/ECE480Team4/install/curvy_road/share/curvy_road//models/turtlebot3_waffle_robot1/model-1_4.sdf
[1.494s] -- Up-to-date symlink: /home/eceteam4/ECE480Team4/install/curvy_road/share/curvy_road//models/turtlebot3_waffle_robot1/model.config
[1.494s] -- Up-to-date symlink: /home/eceteam4/ECE480Team4/install/curvy_road/share/curvy_road//models/turtlebot3_waffle_robot1/model.sdf
[1.495s] -- Up-to-date symlink: /home/eceteam4/ECE480Team4/install/curvy_road/share/curvy_road//models/turtlebot3_world/meshes/hexagon.dae
[1.495s] -- Up-to-date symlink: /home/eceteam4/ECE480Team4/install/curvy_road/share/curvy_road//models/turtlebot3_world/meshes/wall.dae
[1.496s] -- Up-to-date symlink: /home/eceteam4/ECE480Team4/install/curvy_road/share/curvy_road//models/turtlebot3_world/model-1_4.sdf
[1.496s] -- Up-to-date symlink: /home/eceteam4/ECE480Team4/install/curvy_road/share/curvy_road//models/turtlebot3_world/model.config
[1.496s] -- Up-to-date symlink: /home/eceteam4/ECE480Team4/install/curvy_road/share/curvy_road//models/turtlebot3_world/model.sdf
[1.497s] -- Up-to-date symlink: /home/eceteam4/ECE480Team4/install/curvy_road/share/curvy_road//rviz/tb3_gazebo.rviz
[1.509s] -- Up-to-date symlink: /home/eceteam4/ECE480Team4/install/curvy_road/share/curvy_road//worlds/empty_worlds/burger.model
[1.509s] -- Up-to-date symlink: /home/eceteam4/ECE480Team4/install/curvy_road/share/curvy_road//worlds/empty_worlds/waffle.model
[1.509s] -- Up-to-date symlink: /home/eceteam4/ECE480Team4/install/curvy_road/share/curvy_road//worlds/empty_worlds/waffle_pi.model
[1.509s] -- Up-to-date symlink: /home/eceteam4/ECE480Team4/install/curvy_road/share/curvy_road//worlds/turtlebot3_curvy_road/burger.model
[1.510s] -- Up-to-date symlink: /home/eceteam4/ECE480Team4/install/curvy_road/share/curvy_road//worlds/turtlebot3_curvy_road/waffle.model
[1.510s] -- Up-to-date symlink: /home/eceteam4/ECE480Team4/install/curvy_road/share/curvy_road//worlds/turtlebot3_curvy_road/waffle_pi.model
[1.510s] -- Up-to-date symlink: /home/eceteam4/ECE480Team4/install/curvy_road/share/curvy_road//worlds/turtlebot3_worlds/burger.model
[1.510s] -- Up-to-date symlink: /home/eceteam4/ECE480Team4/install/curvy_road/share/curvy_road//worlds/turtlebot3_worlds/waffle.model
[1.510s] -- Up-to-date symlink: /home/eceteam4/ECE480Team4/install/curvy_road/share/curvy_road//worlds/turtlebot3_worlds/waffle_pi.model
[1.512s] -- Up-to-date symlink: /home/eceteam4/ECE480Team4/install/curvy_road/share/ament_index/resource_index/package_run_dependencies/curvy_road
[1.513s] -- Up-to-date symlink: /home/eceteam4/ECE480Team4/install/curvy_road/share/ament_index/resource_index/parent_prefix_path/curvy_road
[1.516s] -- Up-to-date symlink: /home/eceteam4/ECE480Team4/install/curvy_road/share/curvy_road/environment/ament_prefix_path.sh
[1.517s] -- Up-to-date symlink: /home/eceteam4/ECE480Team4/install/curvy_road/share/curvy_road/environment/ament_prefix_path.dsv
[1.521s] -- Up-to-date symlink: /home/eceteam4/ECE480Team4/install/curvy_road/share/curvy_road/environment/path.sh
[1.522s] -- Up-to-date symlink: /home/eceteam4/ECE480Team4/install/curvy_road/share/curvy_road/environment/path.dsv
[1.523s] -- Up-to-date symlink: /home/eceteam4/ECE480Team4/install/curvy_road/share/curvy_road/local_setup.bash
[1.523s] -- Up-to-date symlink: /home/eceteam4/ECE480Team4/install/curvy_road/share/curvy_road/local_setup.sh
[1.524s] -- Up-to-date symlink: /home/eceteam4/ECE480Team4/install/curvy_road/share/curvy_road/local_setup.zsh
[1.525s] -- Up-to-date symlink: /home/eceteam4/ECE480Team4/install/curvy_road/share/curvy_road/local_setup.dsv
[1.525s] -- Symlinking: /home/eceteam4/ECE480Team4/install/curvy_road/share/curvy_road/package.dsv
[1.556s] -- Up-to-date symlink: /home/eceteam4/ECE480Team4/install/curvy_road/share/ament_index/resource_index/packages/curvy_road
[1.557s] -- Up-to-date symlink: /home/eceteam4/ECE480Team4/install/curvy_road/share/curvy_road/cmake/ament_cmake_export_include_directories-extras.cmake
[1.558s] -- Up-to-date symlink: /home/eceteam4/ECE480Team4/install/curvy_road/share/curvy_road/cmake/ament_cmake_export_dependencies-extras.cmake
[1.560s] -- Up-to-date symlink: /home/eceteam4/ECE480Team4/install/curvy_road/share/curvy_road/cmake/curvy_roadConfig.cmake
[1.561s] -- Up-to-date symlink: /home/eceteam4/ECE480Team4/install/curvy_road/share/curvy_road/cmake/curvy_roadConfig-version.cmake
[1.562s] -- Up-to-date symlink: /home/eceteam4/ECE480Team4/install/curvy_road/share/curvy_road/package.xml
[1.582s] Invoked command in '/home/eceteam4/ECE480Team4/build/curvy_road' returned '0': /usr/bin/cmake --install /home/eceteam4/ECE480Team4/build/curvy_road
