[0.000000] (-) TimerEvent: {}
[0.000997] (-) JobUnselected: {'identifier': 'curvy_road'}
[0.001277] (-) JobUnselected: {'identifier': 'lane_follow'}
[0.001576] (-) JobUnselected: {'identifier': 'obstacle_det'}
[0.001681] (-) JobUnselected: {'identifier': 'perception_ml_node'}
[0.001766] (-) JobUnselected: {'identifier': 'perception_sync_node'}
[0.001841] (-) JobUnselected: {'identifier': 'sensors_camera_node'}
[0.001909] (-) JobUnselected: {'identifier': 'sensors_imu_bridge'}
[0.001976] (-) JobUnselected: {'identifier': 'sensors_lidar_bridge'}
[0.002041] (-) JobUnselected: {'identifier': 'vesc'}
[0.002107] (-) JobUnselected: {'identifier': 'vesc_control'}
[0.002165] (-) JobUnselected: {'identifier': 'vesc_driver'}
[0.002233] (-) JobUnselected: {'identifier': 'vesc_msgs'}
[0.002304] (vesc_ackermann) JobQueued: {'identifier': 'vesc_ackermann', 'dependencies': OrderedDict([('vesc_msgs', '/home/eceteam4/ECE480Team4/install/vesc_msgs')])}
[0.002487] (vesc_ackermann) JobStarted: {'identifier': 'vesc_ackermann'}
[0.018240] (vesc_ackermann) JobProgress: {'identifier': 'vesc_ackermann', 'progress': 'cmake'}
[0.019602] (vesc_ackermann) JobProgress: {'identifier': 'vesc_ackermann', 'progress': 'build'}
[0.020900] (vesc_ackermann) Command: {'cmd': ['/usr/bin/cmake', '--build', '/home/eceteam4/ECE480Team4/build/vesc_ackermann', '--', '-j6', '-l6'], 'cwd': '/home/eceteam4/ECE480Team4/build/vesc_ackermann', 'env': OrderedDict([('USER', 'eceteam4'), ('XDG_SESSION_TYPE', 'x11'), ('SHLVL', '1'), ('LD_LIBRARY_PATH', '/home/eceteam4/ECE480Team4/install/vesc_msgs/lib:/opt/ros/humble/opt/rviz_ogre_vendor/lib:/opt/ros/humble/lib/aarch64-linux-gnu:/opt/ros/humble/lib'), ('HOME', '/home/eceteam4'), ('OLDPWD', '/home/eceteam4'), ('DESKTOP_SESSION', 'ubuntu'), ('ROS_PYTHON_VERSION', '3'), ('GNOME_SHELL_SESSION_MODE', 'ubuntu'), ('GTK_MODULES', 'gail:atk-bridge'), ('SYSTEMD_EXEC_PID', '1995'), ('DBUS_SESSION_BUS_ADDRESS', 'unix:path=/run/user/1000/bus'), ('COLORTERM', 'truecolor'), ('IM_CONFIG_PHASE', '1'), ('ROS_DISTRO', 'humble'), ('GTK_IM_MODULE', 'ibus'), ('LOGNAME', 'eceteam4'), ('_', '/usr/bin/colcon'), ('ROS_VERSION', '2'), ('XDG_SESSION_CLASS', 'user'), ('PROMPT_DIRTRIM', '4'), ('USERNAME', 'eceteam4'), ('TERM', 'xterm-256color'), ('GNOME_DESKTOP_SESSION_ID', 'this-is-deprecated'), ('ROS_LOCALHOST_ONLY', '0'), ('WINDOWPATH', '2'), ('PATH', '/opt/ros/humble/bin:/home/eceteam4/.local/bin:/usr/local/sbin:/usr/local/bin:/usr/sbin:/usr/bin:/sbin:/bin:/usr/games:/usr/local/games:/snap/bin:/snap/bin'), ('SESSION_MANAGER', 'local/eceteam4-desktop:@/tmp/.ICE-unix/1946,unix/eceteam4-desktop:/tmp/.ICE-unix/1946'), ('XDG_MENU_PREFIX', 'gnome-'), ('GNOME_TERMINAL_SCREEN', '/org/gnome/Terminal/screen/a4a9702f_edef_4454_97af_a5fc7808ca3b'), ('XDG_RUNTIME_DIR', '/run/user/1000'), ('DISPLAY', ':0'), ('LANG', 'en_US.UTF-8'), ('XDG_CURRENT_DESKTOP', 'ubuntu:GNOME'), ('XMODIFIERS', '@im=ibus'), ('XDG_SESSION_DESKTOP', 'ubuntu'), ('XAUTHORITY', '/run/user/1000/gdm/Xauthority'), ('GNOME_TERMINAL_SERVICE', ':1.141'), ('SSH_AGENT_LAUNCHER', 'gnome-keyring'), ('SSH_AUTH_SOCK', '/run/user/1000/keyring/ssh'), ('AMENT_PREFIX_PATH', '/home/eceteam4/ECE480Team4/install/vesc_msgs:/opt/ros/humble'), ('SHELL', '/bin/bash'), ('QT_ACCESSIBILITY', '1'), ('GDMSESSION', 'ubuntu'), ('GPG_AGENT_INFO', '/run/user/1000/gnupg/S.gpg-agent:0:1'), ('QT_IM_MODULE', 'ibus'), ('PWD', '/home/eceteam4/ECE480Team4/build/vesc_ackermann'), ('XDG_CONFIG_DIRS', '/etc/xdg/xdg-ubuntu:/etc/xdg'), ('XDG_DATA_DIRS', '/usr/share/ubuntu:/usr/share/gnome:/usr/local/share/:/usr/share/:/var/lib/snapd/desktop'), ('PYTHONPATH', '/home/eceteam4/ECE480Team4/install/vesc_msgs/local/lib/python3.10/dist-packages:/opt/ros/humble/lib/python3.10/site-packages:/opt/ros/humble/local/lib/python3.10/dist-packages'), ('COLCON', '1'), ('VTE_VERSION', '6800'), ('CMAKE_PREFIX_PATH', '/home/eceteam4/ECE480Team4/install/vesc_msgs:/opt/ros/humble')]), 'shell': False}
[0.099199] (-) TimerEvent: {}
[0.123555] (vesc_ackermann) StdoutLine: {'line': b'\x1b[35m\x1b[1mConsolidate compiler generated dependencies of target vesc_ackermann\x1b[0m\n'}
[0.149457] (vesc_ackermann) StdoutLine: {'line': b'[ 57%] Built target ackermann_to_vesc_node\n'}
[0.150094] (vesc_ackermann) StdoutLine: {'line': b'[ 57%] Built target vesc_to_odom_node\n'}
[0.172565] (vesc_ackermann) StdoutLine: {'line': b'[ 71%] \x1b[32mBuilding CXX object CMakeFiles/vesc_ackermann.dir/src/vesc_to_odom.cpp.o\x1b[0m\n'}
[0.199364] (-) TimerEvent: {}
[0.300144] (-) TimerEvent: {}
[0.400983] (-) TimerEvent: {}
[0.501819] (-) TimerEvent: {}
[0.602637] (-) TimerEvent: {}
[0.703452] (-) TimerEvent: {}
[0.804276] (-) TimerEvent: {}
[0.905049] (-) TimerEvent: {}
[1.005809] (-) TimerEvent: {}
[1.106544] (-) TimerEvent: {}
[1.207243] (-) TimerEvent: {}
[1.307967] (-) TimerEvent: {}
[1.408752] (-) TimerEvent: {}
[1.509528] (-) TimerEvent: {}
[1.610287] (-) TimerEvent: {}
[1.711071] (-) TimerEvent: {}
[1.811862] (-) TimerEvent: {}
[1.912637] (-) TimerEvent: {}
[2.013360] (-) TimerEvent: {}
[2.114088] (-) TimerEvent: {}
[2.214840] (-) TimerEvent: {}
[2.315616] (-) TimerEvent: {}
[2.416416] (-) TimerEvent: {}
[2.517192] (-) TimerEvent: {}
[2.617932] (-) TimerEvent: {}
[2.718689] (-) TimerEvent: {}
[2.819503] (-) TimerEvent: {}
[2.920323] (-) TimerEvent: {}
[3.020994] (-) TimerEvent: {}
[3.121676] (-) TimerEvent: {}
[3.222356] (-) TimerEvent: {}
[3.323032] (-) TimerEvent: {}
[3.423731] (-) TimerEvent: {}
[3.524416] (-) TimerEvent: {}
[3.625114] (-) TimerEvent: {}
[3.726094] (-) TimerEvent: {}
[3.826790] (-) TimerEvent: {}
[3.927486] (-) TimerEvent: {}
[4.028170] (-) TimerEvent: {}
[4.128884] (-) TimerEvent: {}
[4.229561] (-) TimerEvent: {}
[4.330245] (-) TimerEvent: {}
[4.430929] (-) TimerEvent: {}
[4.531654] (-) TimerEvent: {}
[4.632354] (-) TimerEvent: {}
[4.733071] (-) TimerEvent: {}
[4.833741] (-) TimerEvent: {}
[4.934408] (-) TimerEvent: {}
[5.035077] (-) TimerEvent: {}
[5.135745] (-) TimerEvent: {}
[5.236428] (-) TimerEvent: {}
[5.279427] (vesc_ackermann) StderrLine: {'line': b'\x1b[01m\x1b[K/home/eceteam4/ECE480Team4/ros2_ws/src/vesc_ackermann/src/vesc_to_odom.cpp:\x1b[m\x1b[K In member function \xe2\x80\x98\x1b[01m\x1b[Kvoid vesc_ackermann::VescToOdom::vescStateCallback(vesc_msgs::msg::VescStateStamped_<std::allocator<void> >::SharedPtr)\x1b[m\x1b[K\xe2\x80\x99:\n'}
[5.279964] (vesc_ackermann) StderrLine: {'line': b'\x1b[01m\x1b[K/home/eceteam4/ECE480Team4/ros2_ws/src/vesc_ackermann/src/vesc_to_odom.cpp:105:3:\x1b[m\x1b[K \x1b[01;31m\x1b[Kerror: \x1b[m\x1b[Kexpected \xe2\x80\x98\x1b[01m\x1b[K,\x1b[m\x1b[K\xe2\x80\x99 or \xe2\x80\x98\x1b[01m\x1b[K;\x1b[m\x1b[K\xe2\x80\x99 before \xe2\x80\x98\x1b[01m\x1b[Kif\x1b[m\x1b[K\xe2\x80\x99\n'}
[5.280126] (vesc_ackermann) StderrLine: {'line': b'  105 |   \x1b[01;31m\x1b[Kif\x1b[m\x1b[K (std::fabs(current_speed) < 0.05) {\n'}
[5.280276] (vesc_ackermann) StderrLine: {'line': b'      |   \x1b[01;31m\x1b[K^~\x1b[m\x1b[K\n'}
[5.336592] (-) TimerEvent: {}
[5.437246] (-) TimerEvent: {}
[5.537912] (-) TimerEvent: {}
[5.638565] (-) TimerEvent: {}
[5.739227] (-) TimerEvent: {}
[5.839887] (-) TimerEvent: {}
[5.940576] (-) TimerEvent: {}
[6.041253] (-) TimerEvent: {}
[6.141934] (-) TimerEvent: {}
[6.242606] (-) TimerEvent: {}
[6.343545] (-) TimerEvent: {}
[6.444439] (-) TimerEvent: {}
[6.545290] (-) TimerEvent: {}
[6.646151] (-) TimerEvent: {}
[6.747042] (-) TimerEvent: {}
[6.847880] (-) TimerEvent: {}
[6.948757] (-) TimerEvent: {}
[7.049605] (-) TimerEvent: {}
[7.150302] (-) TimerEvent: {}
[7.250989] (-) TimerEvent: {}
[7.351675] (-) TimerEvent: {}
[7.452540] (-) TimerEvent: {}
[7.553452] (-) TimerEvent: {}
[7.654193] (-) TimerEvent: {}
[7.754853] (-) TimerEvent: {}
[7.855524] (-) TimerEvent: {}
[7.956202] (-) TimerEvent: {}
[8.056883] (-) TimerEvent: {}
[8.157543] (-) TimerEvent: {}
[8.258217] (-) TimerEvent: {}
[8.358884] (-) TimerEvent: {}
[8.459543] (-) TimerEvent: {}
[8.560214] (-) TimerEvent: {}
[8.660900] (-) TimerEvent: {}
[8.761581] (-) TimerEvent: {}
[8.862259] (-) TimerEvent: {}
[8.962936] (-) TimerEvent: {}
[9.063612] (-) TimerEvent: {}
[9.164280] (-) TimerEvent: {}
[9.264941] (-) TimerEvent: {}
[9.365588] (-) TimerEvent: {}
[9.466227] (-) TimerEvent: {}
[9.566950] (-) TimerEvent: {}
[9.667654] (-) TimerEvent: {}
[9.768372] (-) TimerEvent: {}
[9.869055] (-) TimerEvent: {}
[9.969737] (-) TimerEvent: {}
[10.070428] (-) TimerEvent: {}
[10.171576] (-) TimerEvent: {}
[10.272300] (-) TimerEvent: {}
[10.372985] (-) TimerEvent: {}
[10.473638] (-) TimerEvent: {}
[10.574293] (-) TimerEvent: {}
[10.674945] (-) TimerEvent: {}
[10.775621] (-) TimerEvent: {}
[10.876305] (-) TimerEvent: {}
[10.976979] (-) TimerEvent: {}
[11.077650] (-) TimerEvent: {}
[11.178293] (-) TimerEvent: {}
[11.278963] (-) TimerEvent: {}
[11.379611] (-) TimerEvent: {}
[11.480293] (-) TimerEvent: {}
[11.580949] (-) TimerEvent: {}
[11.681596] (-) TimerEvent: {}
[11.782251] (-) TimerEvent: {}
[11.882896] (-) TimerEvent: {}
[11.983548] (-) TimerEvent: {}
[12.084214] (-) TimerEvent: {}
[12.184909] (-) TimerEvent: {}
[12.285567] (-) TimerEvent: {}
[12.386232] (-) TimerEvent: {}
[12.486894] (-) TimerEvent: {}
[12.587566] (-) TimerEvent: {}
[12.626167] (vesc_ackermann) StderrLine: {'line': b'gmake[2]: *** [CMakeFiles/vesc_ackermann.dir/build.make:90: CMakeFiles/vesc_ackermann.dir/src/vesc_to_odom.cpp.o] Error 1\n'}
[12.626784] (vesc_ackermann) StderrLine: {'line': b'gmake[1]: *** [CMakeFiles/Makefile2:141: CMakeFiles/vesc_ackermann.dir/all] Error 2\n'}
[12.627352] (vesc_ackermann) StderrLine: {'line': b'gmake: *** [Makefile:146: all] Error 2\n'}
[12.634480] (vesc_ackermann) CommandEnded: {'returncode': 2}
[12.687919] (vesc_ackermann) JobEnded: {'identifier': 'vesc_ackermann', 'rc': 2}
[12.689287] (-) TimerEvent: {}
[12.703320] (-) EventReactorShutdown: {}
