[3.149s] Invoking command in '/home/eceteam4/ECE480Team4/build/lane_follow': PYTHONPATH=/home/eceteam4/ECE480Team4/build/lane_follow/prefix_override:/usr/lib/python3/dist-packages/colcon_core/task/python/colcon_distutils_commands:/home/eceteam4/ECE480Team4/install/lane_follow/lib/python3.10/site-packages:${PYTHONPATH} /usr/bin/python3 -W ignore:setup.py install is deprecated -W ignore:easy_install command is deprecated setup.py develop --editable --build-directory /home/eceteam4/ECE480Team4/build/lane_follow/build --no-deps symlink_data
[3.680s] running develop
[4.043s] running egg_info
[4.044s] creating lane_follow.egg-info
[4.045s] writing lane_follow.egg-info/PKG-INFO
[4.045s] writing dependency_links to lane_follow.egg-info/dependency_links.txt
[4.046s] writing entry points to lane_follow.egg-info/entry_points.txt
[4.046s] writing requirements to lane_follow.egg-info/requires.txt
[4.047s] writing top-level names to lane_follow.egg-info/top_level.txt
[4.047s] writing manifest file 'lane_follow.egg-info/SOURCES.txt'
[4.052s] reading manifest file 'lane_follow.egg-info/SOURCES.txt'
[4.053s] writing manifest file 'lane_follow.egg-info/SOURCES.txt'
[4.057s] running build_ext
[4.057s] Creating /home/eceteam4/ECE480Team4/install/lane_follow/lib/python3.10/site-packages/lane-follow.egg-link (link to .)
[4.059s] Installing detect script to /home/eceteam4/ECE480Team4/install/lane_follow/lib/lane_follow
[4.059s] Installing follow_pid script to /home/eceteam4/ECE480Team4/install/lane_follow/lib/lane_follow
[4.059s] Installing follow_pure_pursuit script to /home/eceteam4/ECE480Team4/install/lane_follow/lib/lane_follow
[4.059s] Installing ground_spot script to /home/eceteam4/ECE480Team4/install/lane_follow/lib/lane_follow
[4.059s] Installing sensors_camera_node script to /home/eceteam4/ECE480Team4/install/lane_follow/lib/lane_follow
[4.060s] 
[4.060s] Installed /home/eceteam4/ECE480Team4/build/lane_follow
[4.060s] running symlink_data
[4.060s] creating /home/eceteam4/ECE480Team4/install/lane_follow/share/ament_index
[4.060s] creating /home/eceteam4/ECE480Team4/install/lane_follow/share/ament_index/resource_index
[4.060s] creating /home/eceteam4/ECE480Team4/install/lane_follow/share/ament_index/resource_index/packages
[4.061s] symbolically linking /home/eceteam4/ECE480Team4/build/lane_follow/resource/lane_follow -> /home/eceteam4/ECE480Team4/install/lane_follow/share/ament_index/resource_index/packages
[4.061s] symbolically linking /home/eceteam4/ECE480Team4/build/lane_follow/package.xml -> /home/eceteam4/ECE480Team4/install/lane_follow/share/lane_follow
[4.061s] creating /home/eceteam4/ECE480Team4/install/lane_follow/share/lane_follow/launch
[4.061s] symbolically linking /home/eceteam4/ECE480Team4/build/lane_follow/launch/lane_follow.launch.py -> /home/eceteam4/ECE480Team4/install/lane_follow/share/lane_follow/launch
[4.682s] Invoked command in '/home/eceteam4/ECE480Team4/build/lane_follow' returned '0': PYTHONPATH=/home/eceteam4/ECE480Team4/build/lane_follow/prefix_override:/usr/lib/python3/dist-packages/colcon_core/task/python/colcon_distutils_commands:/home/eceteam4/ECE480Team4/install/lane_follow/lib/python3.10/site-packages:${PYTHONPATH} /usr/bin/python3 -W ignore:setup.py install is deprecated -W ignore:easy_install command is deprecated setup.py develop --editable --build-directory /home/eceteam4/ECE480Team4/build/lane_follow/build --no-deps symlink_data
