[2.000s] Invoking command in '/mnt/home/leflarsa/av/ECE480Team4/ros2_ws/build/lane_follow': PS1=humble:\u@\h:\w\$ PYTHONPATH=/mnt/home/leflarsa/av/ECE480Team4/ros2_ws/build/lane_follow/prefix_override:/usr/lib/python3/dist-packages/colcon_core/task/python/colcon_distutils_commands:/mnt/home/leflarsa/av/ECE480Team4/ros2_ws/install/lane_follow/lib/python3.10/site-packages:${PYTHONPATH} /usr/bin/python3 -W ignore:setup.py install is deprecated -W ignore:easy_install command is deprecated setup.py develop --editable --build-directory /mnt/home/leflarsa/av/ECE480Team4/ros2_ws/build/lane_follow/build --no-deps symlink_data
[2.261s] running develop
[2.468s] running egg_info
[2.468s] writing lane_follow.egg-info/PKG-INFO
[2.468s] writing dependency_links to lane_follow.egg-info/dependency_links.txt
[2.470s] writing entry points to lane_follow.egg-info/entry_points.txt
[2.472s] writing requirements to lane_follow.egg-info/requires.txt
[2.474s] writing top-level names to lane_follow.egg-info/top_level.txt
[2.479s] reading manifest file 'lane_follow.egg-info/SOURCES.txt'
[2.481s] writing manifest file 'lane_follow.egg-info/SOURCES.txt'
[2.488s] running build_ext
[2.488s] Creating /mnt/home/leflarsa/av/ECE480Team4/ros2_ws/install/lane_follow/lib/python3.10/site-packages/lane-follow.egg-link (link to .)
[2.492s] Installing detect script to /mnt/home/leflarsa/av/ECE480Team4/ros2_ws/install/lane_follow/lib/lane_follow
[2.496s] Installing follow_pid script to /mnt/home/leflarsa/av/ECE480Team4/ros2_ws/install/lane_follow/lib/lane_follow
[2.499s] Installing follow_pure_pursuit script to /mnt/home/leflarsa/av/ECE480Team4/ros2_ws/install/lane_follow/lib/lane_follow
[2.503s] Installing ground_spot script to /mnt/home/leflarsa/av/ECE480Team4/ros2_ws/install/lane_follow/lib/lane_follow
[2.509s] 
[2.509s] Installed /mnt/home/leflarsa/av/ECE480Team4/ros2_ws/build/lane_follow
[2.509s] running symlink_data
[2.600s] Invoked command in '/mnt/home/leflarsa/av/ECE480Team4/ros2_ws/build/lane_follow' returned '0': PS1=humble:\u@\h:\w\$ PYTHONPATH=/mnt/home/leflarsa/av/ECE480Team4/ros2_ws/build/lane_follow/prefix_override:/usr/lib/python3/dist-packages/colcon_core/task/python/colcon_distutils_commands:/mnt/home/leflarsa/av/ECE480Team4/ros2_ws/install/lane_follow/lib/python3.10/site-packages:${PYTHONPATH} /usr/bin/python3 -W ignore:setup.py install is deprecated -W ignore:easy_install command is deprecated setup.py develop --editable --build-directory /mnt/home/leflarsa/av/ECE480Team4/ros2_ws/build/lane_follow/build --no-deps symlink_data
