[  1%] Built target vesc_msgs__cpp
[  1%] Built target ament_cmake_python_symlink_vesc_msgs
[ 12%] Built target vesc_msgs__rosidl_generator_c
[ 23%] Built target vesc_msgs__rosidl_typesupport_cpp
[ 34%] Built target vesc_msgs__rosidl_typesupport_introspection_cpp
[ 46%] Built target vesc_msgs__rosidl_typesupport_fastrtps_cpp
[ 57%] Built target vesc_msgs__rosidl_typesupport_fastrtps_c
[ 68%] Built target vesc_msgs__rosidl_typesupport_introspection_c
[ 79%] Built target vesc_msgs__rosidl_typesupport_c
[ 79%] Built target vesc_msgs
[ 80%] Built target vesc_msgs__py
[ 90%] Built target vesc_msgs__rosidl_generator_py
[ 93%] Built target vesc_msgs__rosidl_typesupport_introspection_c__pyext
[ 96%] Built target vesc_msgs__rosidl_typesupport_c__pyext
[100%] Built target vesc_msgs__rosidl_typesupport_fastrtps_c__pyext
running egg_info
writing vesc_msgs.egg-info/PKG-INFO
writing dependency_links to vesc_msgs.egg-info/dependency_links.txt
writing top-level names to vesc_msgs.egg-info/top_level.txt
reading manifest file 'vesc_msgs.egg-info/SOURCES.txt'
writing manifest file 'vesc_msgs.egg-info/SOURCES.txt'
[100%] Built target ament_cmake_python_build_vesc_msgs_egg
