[0.045s] Invoking command in '/home/eceteam4/ECE480Team4/build/vesc': CMAKE_PREFIX_PATH=/home/eceteam4/ECE480Team4/install/vesc_driver:/home/eceteam4/ECE480Team4/install/vesc_ackermann:/home/eceteam4/ECE480Team4/install/vesc_msgs:/home/eceteam4/ECE480Team4/install/vesc:/home/eceteam4/ECE480Team4/install/gazebo_world:/home/eceteam4/ECE480Team4/install/curvy_road:/home/eceteam4/ECE480Team4/install/vesc_control:/home/eceteam4/ECE480Team4/install/sensors_lidar_bridge:/home/eceteam4/ECE480Team4/install/sensors_imu_bridge:/home/eceteam4/ECE480Team4/install/sensors_camera_node:/home/eceteam4/ECE480Team4/install/racing_line:/home/eceteam4/ECE480Team4/install/perception_sync_node:/home/eceteam4/ECE480Team4/install/perception_ml_node:/home/eceteam4/ECE480Team4/install/obstacle_det:/home/eceteam4/ECE480Team4/install/lane_follow:/home/eceteam4/ECE480Team4/install/bot_slam:/opt/ros/humble /usr/bin/cmake --build /home/eceteam4/ECE480Team4/build/vesc -- -j6 -l6
[0.085s] [0mCMake Deprecation Warning at CMakeLists.txt:1 (cmake_minimum_required):
[0.086s]   Compatibility with CMake < 3.10 will be removed from a future version of
[0.086s]   CMake.
[0.086s] 
[0.086s]   Update the VERSION argument <min> value.  Or, use the <min>...<max> syntax
[0.086s]   to tell CMake that the project requires at least <min> but has been updated
[0.087s]   to work with policies introduced by <max> or earlier.
[0.087s] 
[0.087s] [0m
[0.487s] -- The C compiler identification is GNU 11.4.0
[0.644s] -- The CXX compiler identification is GNU 11.4.0
[0.671s] -- Detecting C compiler ABI info
[0.803s] -- Detecting C compiler ABI info - done
[0.844s] -- Check for working C compiler: /usr/bin/cc - skipped
[0.845s] -- Detecting C compile features
[0.845s] -- Detecting C compile features - done
[0.875s] -- Detecting CXX compiler ABI info
[1.008s] -- Detecting CXX compiler ABI info - done
[1.053s] -- Check for working CXX compiler: /usr/bin/c++ - skipped
[1.054s] -- Detecting CXX compile features
[1.055s] -- Detecting CXX compile features - done
[1.076s] -- Found ament_cmake_auto: 1.3.13 (/opt/ros/humble/share/ament_cmake_auto/cmake)
[1.458s] -- Found Python3: /usr/bin/python3 (found version "3.10.12") found components: Interpreter
[1.642s] -- Override CMake install command with custom implementation using symlinks instead of copying resources
[1.880s] -- Configuring done (1.8s)
[1.902s] -- Generating done (0.0s)
[1.907s] -- Build files have been written to: /home/eceteam4/ECE480Team4/build/vesc
[1.944s] Invoked command in '/home/eceteam4/ECE480Team4/build/vesc' returned '0': CMAKE_PREFIX_PATH=/home/eceteam4/ECE480Team4/install/vesc_driver:/home/eceteam4/ECE480Team4/install/vesc_ackermann:/home/eceteam4/ECE480Team4/install/vesc_msgs:/home/eceteam4/ECE480Team4/install/vesc:/home/eceteam4/ECE480Team4/install/gazebo_world:/home/eceteam4/ECE480Team4/install/curvy_road:/home/eceteam4/ECE480Team4/install/vesc_control:/home/eceteam4/ECE480Team4/install/sensors_lidar_bridge:/home/eceteam4/ECE480Team4/install/sensors_imu_bridge:/home/eceteam4/ECE480Team4/install/sensors_camera_node:/home/eceteam4/ECE480Team4/install/racing_line:/home/eceteam4/ECE480Team4/install/perception_sync_node:/home/eceteam4/ECE480Team4/install/perception_ml_node:/home/eceteam4/ECE480Team4/install/obstacle_det:/home/eceteam4/ECE480Team4/install/lane_follow:/home/eceteam4/ECE480Team4/install/bot_slam:/opt/ros/humble /usr/bin/cmake --build /home/eceteam4/ECE480Team4/build/vesc -- -j6 -l6
[1.949s] Invoking command in '/home/eceteam4/ECE480Team4/build/vesc': CMAKE_PREFIX_PATH=/home/eceteam4/ECE480Team4/install/vesc_driver:/home/eceteam4/ECE480Team4/install/vesc_ackermann:/home/eceteam4/ECE480Team4/install/vesc_msgs:/home/eceteam4/ECE480Team4/install/vesc:/home/eceteam4/ECE480Team4/install/gazebo_world:/home/eceteam4/ECE480Team4/install/curvy_road:/home/eceteam4/ECE480Team4/install/vesc_control:/home/eceteam4/ECE480Team4/install/sensors_lidar_bridge:/home/eceteam4/ECE480Team4/install/sensors_imu_bridge:/home/eceteam4/ECE480Team4/install/sensors_camera_node:/home/eceteam4/ECE480Team4/install/racing_line:/home/eceteam4/ECE480Team4/install/perception_sync_node:/home/eceteam4/ECE480Team4/install/perception_ml_node:/home/eceteam4/ECE480Team4/install/obstacle_det:/home/eceteam4/ECE480Team4/install/lane_follow:/home/eceteam4/ECE480Team4/install/bot_slam:/opt/ros/humble /usr/bin/cmake --install /home/eceteam4/ECE480Team4/build/vesc
[1.957s] -- Install configuration: ""
[1.958s] -- Execute custom install script
[1.961s] -- Up-to-date symlink: /home/eceteam4/ECE480Team4/install/vesc/share/ament_index/resource_index/package_run_dependencies/vesc
[1.961s] -- Up-to-date symlink: /home/eceteam4/ECE480Team4/install/vesc/share/ament_index/resource_index/parent_prefix_path/vesc
[1.962s] -- Up-to-date symlink: /home/eceteam4/ECE480Team4/install/vesc/share/vesc/environment/ament_prefix_path.sh
[1.962s] -- Up-to-date symlink: /home/eceteam4/ECE480Team4/install/vesc/share/vesc/environment/ament_prefix_path.dsv
[1.963s] -- Up-to-date symlink: /home/eceteam4/ECE480Team4/install/vesc/share/vesc/environment/path.sh
[1.963s] -- Up-to-date symlink: /home/eceteam4/ECE480Team4/install/vesc/share/vesc/environment/path.dsv
[1.964s] -- Up-to-date symlink: /home/eceteam4/ECE480Team4/install/vesc/share/vesc/local_setup.bash
[1.964s] -- Up-to-date symlink: /home/eceteam4/ECE480Team4/install/vesc/share/vesc/local_setup.sh
[1.965s] -- Up-to-date symlink: /home/eceteam4/ECE480Team4/install/vesc/share/vesc/local_setup.zsh
[1.965s] -- Up-to-date symlink: /home/eceteam4/ECE480Team4/install/vesc/share/vesc/local_setup.dsv
[1.965s] -- Symlinking: /home/eceteam4/ECE480Team4/install/vesc/share/vesc/package.dsv
[1.976s] -- Up-to-date symlink: /home/eceteam4/ECE480Team4/install/vesc/share/ament_index/resource_index/packages/vesc
[1.976s] -- Up-to-date symlink: /home/eceteam4/ECE480Team4/install/vesc/share/vesc/cmake/vescConfig.cmake
[1.976s] -- Up-to-date symlink: /home/eceteam4/ECE480Team4/install/vesc/share/vesc/cmake/vescConfig-version.cmake
[1.976s] -- Up-to-date symlink: /home/eceteam4/ECE480Team4/install/vesc/share/vesc/package.xml
[1.981s] Invoked command in '/home/eceteam4/ECE480Team4/build/vesc' returned '0': CMAKE_PREFIX_PATH=/home/eceteam4/ECE480Team4/install/vesc_driver:/home/eceteam4/ECE480Team4/install/vesc_ackermann:/home/eceteam4/ECE480Team4/install/vesc_msgs:/home/eceteam4/ECE480Team4/install/vesc:/home/eceteam4/ECE480Team4/install/gazebo_world:/home/eceteam4/ECE480Team4/install/curvy_road:/home/eceteam4/ECE480Team4/install/vesc_control:/home/eceteam4/ECE480Team4/install/sensors_lidar_bridge:/home/eceteam4/ECE480Team4/install/sensors_imu_bridge:/home/eceteam4/ECE480Team4/install/sensors_camera_node:/home/eceteam4/ECE480Team4/install/racing_line:/home/eceteam4/ECE480Team4/install/perception_sync_node:/home/eceteam4/ECE480Team4/install/perception_ml_node:/home/eceteam4/ECE480Team4/install/obstacle_det:/home/eceteam4/ECE480Team4/install/lane_follow:/home/eceteam4/ECE480Team4/install/bot_slam:/opt/ros/humble /usr/bin/cmake --install /home/eceteam4/ECE480Team4/build/vesc
