/home/eceteam4/ECE480Team4/ros2_ws/install/racing_line/lib/python3.10/site-packages/racing_line/lidar_racing_line.py
/home/eceteam4/ECE480Team4/ros2_ws/install/racing_line/lib/python3.10/site-packages/racing_line/__init__.py
/home/eceteam4/ECE480Team4/ros2_ws/install/racing_line/lib/python3.10/site-packages/racing_line/racing_line.py
/home/eceteam4/ECE480Team4/ros2_ws/install/racing_line/lib/python3.10/site-packages/racing_line/lidar_racing_simple.py
/home/eceteam4/ECE480Team4/ros2_ws/install/racing_line/lib/python3.10/site-packages/racing_line/__pycache__/lidar_racing_line.cpython-310.pyc
/home/eceteam4/ECE480Team4/ros2_ws/install/racing_line/lib/python3.10/site-packages/racing_line/__pycache__/__init__.cpython-310.pyc
/home/eceteam4/ECE480Team4/ros2_ws/install/racing_line/lib/python3.10/site-packages/racing_line/__pycache__/racing_line.cpython-310.pyc
/home/eceteam4/ECE480Team4/ros2_ws/install/racing_line/lib/python3.10/site-packages/racing_line/__pycache__/lidar_racing_simple.cpython-310.pyc
/home/eceteam4/ECE480Team4/ros2_ws/install/racing_line/share/ament_index/resource_index/packages/racing_line
/home/eceteam4/ECE480Team4/ros2_ws/install/racing_line/share/racing_line/package.xml
/home/eceteam4/ECE480Team4/ros2_ws/install/racing_line/lib/python3.10/site-packages/racing_line-0.0.0-py3.10.egg-info/PKG-INFO
/home/eceteam4/ECE480Team4/ros2_ws/install/racing_line/lib/python3.10/site-packages/racing_line-0.0.0-py3.10.egg-info/requires.txt
/home/eceteam4/ECE480Team4/ros2_ws/install/racing_line/lib/python3.10/site-packages/racing_line-0.0.0-py3.10.egg-info/entry_points.txt
/home/eceteam4/ECE480Team4/ros2_ws/install/racing_line/lib/python3.10/site-packages/racing_line-0.0.0-py3.10.egg-info/dependency_links.txt
/home/eceteam4/ECE480Team4/ros2_ws/install/racing_line/lib/python3.10/site-packages/racing_line-0.0.0-py3.10.egg-info/SOURCES.txt
/home/eceteam4/ECE480Team4/ros2_ws/install/racing_line/lib/python3.10/site-packages/racing_line-0.0.0-py3.10.egg-info/top_level.txt
/home/eceteam4/ECE480Team4/ros2_ws/install/racing_line/lib/python3.10/site-packages/racing_line-0.0.0-py3.10.egg-info/zip-safe
/home/eceteam4/ECE480Team4/ros2_ws/install/racing_line/lib/racing_line/lidar_racing_line
/home/eceteam4/ECE480Team4/ros2_ws/install/racing_line/lib/racing_line/lidar_racing_simple
/home/eceteam4/ECE480Team4/ros2_ws/install/racing_line/lib/racing_line/racing_line
