[0.038s] Invoking command in '/home/eceteam4/ECE480Team4/ros2_ws/build/vesc': AMENT_PREFIX_PATH=/home/eceteam4/ECE480Team4/ros2_ws/install/vesc_driver:/home/eceteam4/ECE480Team4/ros2_ws/install/vesc_ackermann:/home/eceteam4/ECE480Team4/ros2_ws/install/vesc_msgs:${AMENT_PREFIX_PATH} CMAKE_PREFIX_PATH=/home/eceteam4/ECE480Team4/ros2_ws/install/vesc_driver:/home/eceteam4/ECE480Team4/ros2_ws/install/vesc_ackermann:/home/eceteam4/ECE480Team4/ros2_ws/install/vesc_msgs:/opt/ros/humble LD_LIBRARY_PATH=/home/eceteam4/ECE480Team4/ros2_ws/install/vesc_driver/lib:/home/eceteam4/ECE480Team4/ros2_ws/install/vesc_ackermann/lib:/home/eceteam4/ECE480Team4/ros2_ws/install/vesc_msgs/lib:${LD_LIBRARY_PATH} PYTHONPATH=/home/eceteam4/ECE480Team4/ros2_ws/install/vesc_msgs/local/lib/python3.10/dist-packages:${PYTHONPATH} /usr/bin/cmake /home/eceteam4/ECE480Team4/ros2_ws/src/vesc -DAMENT_CMAKE_SYMLINK_INSTALL=1 -DCMAKE_INSTALL_PREFIX=/home/eceteam4/ECE480Team4/ros2_ws/install/vesc
[0.187s] -- The C compiler identification is GNU 11.4.0
[0.317s] -- The CXX compiler identification is GNU 11.4.0
[0.336s] -- Detecting C compiler ABI info
[0.501s] -- Detecting C compiler ABI info - done
[0.526s] -- Check for working C compiler: /usr/bin/cc - skipped
[0.526s] -- Detecting C compile features
[0.528s] -- Detecting C compile features - done
[0.539s] -- Detecting CXX compiler ABI info
[0.721s] -- Detecting CXX compiler ABI info - done
[0.735s] -- Check for working CXX compiler: /usr/bin/c++ - skipped
[0.736s] -- Detecting CXX compile features
[0.737s] -- Detecting CXX compile features - done
[0.742s] -- Found ament_cmake_auto: 1.3.13 (/opt/ros/humble/share/ament_cmake_auto/cmake)
[1.101s] -- Found Python3: /usr/bin/python3 (found version "3.10.12") found components: Interpreter 
[1.259s] -- Override CMake install command with custom implementation using symlinks instead of copying resources
[1.461s] -- Configuring done
[1.468s] -- Generating done
[1.473s] -- Build files have been written to: /home/eceteam4/ECE480Team4/ros2_ws/build/vesc
[1.486s] Invoked command in '/home/eceteam4/ECE480Team4/ros2_ws/build/vesc' returned '0': AMENT_PREFIX_PATH=/home/eceteam4/ECE480Team4/ros2_ws/install/vesc_driver:/home/eceteam4/ECE480Team4/ros2_ws/install/vesc_ackermann:/home/eceteam4/ECE480Team4/ros2_ws/install/vesc_msgs:${AMENT_PREFIX_PATH} CMAKE_PREFIX_PATH=/home/eceteam4/ECE480Team4/ros2_ws/install/vesc_driver:/home/eceteam4/ECE480Team4/ros2_ws/install/vesc_ackermann:/home/eceteam4/ECE480Team4/ros2_ws/install/vesc_msgs:/opt/ros/humble LD_LIBRARY_PATH=/home/eceteam4/ECE480Team4/ros2_ws/install/vesc_driver/lib:/home/eceteam4/ECE480Team4/ros2_ws/install/vesc_ackermann/lib:/home/eceteam4/ECE480Team4/ros2_ws/install/vesc_msgs/lib:${LD_LIBRARY_PATH} PYTHONPATH=/home/eceteam4/ECE480Team4/ros2_ws/install/vesc_msgs/local/lib/python3.10/dist-packages:${PYTHONPATH} /usr/bin/cmake /home/eceteam4/ECE480Team4/ros2_ws/src/vesc -DAMENT_CMAKE_SYMLINK_INSTALL=1 -DCMAKE_INSTALL_PREFIX=/home/eceteam4/ECE480Team4/ros2_ws/install/vesc
[1.491s] Invoking command in '/home/eceteam4/ECE480Team4/ros2_ws/build/vesc': AMENT_PREFIX_PATH=/home/eceteam4/ECE480Team4/ros2_ws/install/vesc_driver:/home/eceteam4/ECE480Team4/ros2_ws/install/vesc_ackermann:/home/eceteam4/ECE480Team4/ros2_ws/install/vesc_msgs:${AMENT_PREFIX_PATH} CMAKE_PREFIX_PATH=/home/eceteam4/ECE480Team4/ros2_ws/install/vesc_driver:/home/eceteam4/ECE480Team4/ros2_ws/install/vesc_ackermann:/home/eceteam4/ECE480Team4/ros2_ws/install/vesc_msgs:/opt/ros/humble LD_LIBRARY_PATH=/home/eceteam4/ECE480Team4/ros2_ws/install/vesc_driver/lib:/home/eceteam4/ECE480Team4/ros2_ws/install/vesc_ackermann/lib:/home/eceteam4/ECE480Team4/ros2_ws/install/vesc_msgs/lib:${LD_LIBRARY_PATH} PYTHONPATH=/home/eceteam4/ECE480Team4/ros2_ws/install/vesc_msgs/local/lib/python3.10/dist-packages:${PYTHONPATH} /usr/bin/cmake --build /home/eceteam4/ECE480Team4/ros2_ws/build/vesc -- -j6 -l6
[1.578s] Invoked command in '/home/eceteam4/ECE480Team4/ros2_ws/build/vesc' returned '0': AMENT_PREFIX_PATH=/home/eceteam4/ECE480Team4/ros2_ws/install/vesc_driver:/home/eceteam4/ECE480Team4/ros2_ws/install/vesc_ackermann:/home/eceteam4/ECE480Team4/ros2_ws/install/vesc_msgs:${AMENT_PREFIX_PATH} CMAKE_PREFIX_PATH=/home/eceteam4/ECE480Team4/ros2_ws/install/vesc_driver:/home/eceteam4/ECE480Team4/ros2_ws/install/vesc_ackermann:/home/eceteam4/ECE480Team4/ros2_ws/install/vesc_msgs:/opt/ros/humble LD_LIBRARY_PATH=/home/eceteam4/ECE480Team4/ros2_ws/install/vesc_driver/lib:/home/eceteam4/ECE480Team4/ros2_ws/install/vesc_ackermann/lib:/home/eceteam4/ECE480Team4/ros2_ws/install/vesc_msgs/lib:${LD_LIBRARY_PATH} PYTHONPATH=/home/eceteam4/ECE480Team4/ros2_ws/install/vesc_msgs/local/lib/python3.10/dist-packages:${PYTHONPATH} /usr/bin/cmake --build /home/eceteam4/ECE480Team4/ros2_ws/build/vesc -- -j6 -l6
[1.583s] Invoking command in '/home/eceteam4/ECE480Team4/ros2_ws/build/vesc': AMENT_PREFIX_PATH=/home/eceteam4/ECE480Team4/ros2_ws/install/vesc_driver:/home/eceteam4/ECE480Team4/ros2_ws/install/vesc_ackermann:/home/eceteam4/ECE480Team4/ros2_ws/install/vesc_msgs:${AMENT_PREFIX_PATH} CMAKE_PREFIX_PATH=/home/eceteam4/ECE480Team4/ros2_ws/install/vesc_driver:/home/eceteam4/ECE480Team4/ros2_ws/install/vesc_ackermann:/home/eceteam4/ECE480Team4/ros2_ws/install/vesc_msgs:/opt/ros/humble LD_LIBRARY_PATH=/home/eceteam4/ECE480Team4/ros2_ws/install/vesc_driver/lib:/home/eceteam4/ECE480Team4/ros2_ws/install/vesc_ackermann/lib:/home/eceteam4/ECE480Team4/ros2_ws/install/vesc_msgs/lib:${LD_LIBRARY_PATH} PYTHONPATH=/home/eceteam4/ECE480Team4/ros2_ws/install/vesc_msgs/local/lib/python3.10/dist-packages:${PYTHONPATH} /usr/bin/cmake --install /home/eceteam4/ECE480Team4/ros2_ws/build/vesc
[1.603s] -- Install configuration: ""
[1.603s] -- Execute custom install script
[1.605s] -- Symlinking: /home/eceteam4/ECE480Team4/ros2_ws/install/vesc/share/ament_index/resource_index/package_run_dependencies/vesc
[1.625s] -- Symlinking: /home/eceteam4/ECE480Team4/ros2_ws/install/vesc/share/ament_index/resource_index/parent_prefix_path/vesc
[1.644s] -- Symlinking: /home/eceteam4/ECE480Team4/ros2_ws/install/vesc/share/vesc/environment/ament_prefix_path.sh
[1.667s] -- Symlinking: /home/eceteam4/ECE480Team4/ros2_ws/install/vesc/share/vesc/environment/ament_prefix_path.dsv
[1.688s] -- Symlinking: /home/eceteam4/ECE480Team4/ros2_ws/install/vesc/share/vesc/environment/path.sh
[1.709s] -- Symlinking: /home/eceteam4/ECE480Team4/ros2_ws/install/vesc/share/vesc/environment/path.dsv
[1.733s] -- Symlinking: /home/eceteam4/ECE480Team4/ros2_ws/install/vesc/share/vesc/local_setup.bash
[1.753s] -- Symlinking: /home/eceteam4/ECE480Team4/ros2_ws/install/vesc/share/vesc/local_setup.sh
[1.773s] -- Symlinking: /home/eceteam4/ECE480Team4/ros2_ws/install/vesc/share/vesc/local_setup.zsh
[1.794s] -- Symlinking: /home/eceteam4/ECE480Team4/ros2_ws/install/vesc/share/vesc/local_setup.dsv
[1.814s] -- Symlinking: /home/eceteam4/ECE480Team4/ros2_ws/install/vesc/share/vesc/package.dsv
[1.835s] -- Symlinking: /home/eceteam4/ECE480Team4/ros2_ws/install/vesc/share/ament_index/resource_index/packages/vesc
[1.859s] -- Symlinking: /home/eceteam4/ECE480Team4/ros2_ws/install/vesc/share/vesc/cmake/vescConfig.cmake
[1.882s] -- Symlinking: /home/eceteam4/ECE480Team4/ros2_ws/install/vesc/share/vesc/cmake/vescConfig-version.cmake
[1.901s] -- Symlinking: /home/eceteam4/ECE480Team4/ros2_ws/install/vesc/share/vesc/package.xml
[1.926s] Invoked command in '/home/eceteam4/ECE480Team4/ros2_ws/build/vesc' returned '0': AMENT_PREFIX_PATH=/home/eceteam4/ECE480Team4/ros2_ws/install/vesc_driver:/home/eceteam4/ECE480Team4/ros2_ws/install/vesc_ackermann:/home/eceteam4/ECE480Team4/ros2_ws/install/vesc_msgs:${AMENT_PREFIX_PATH} CMAKE_PREFIX_PATH=/home/eceteam4/ECE480Team4/ros2_ws/install/vesc_driver:/home/eceteam4/ECE480Team4/ros2_ws/install/vesc_ackermann:/home/eceteam4/ECE480Team4/ros2_ws/install/vesc_msgs:/opt/ros/humble LD_LIBRARY_PATH=/home/eceteam4/ECE480Team4/ros2_ws/install/vesc_driver/lib:/home/eceteam4/ECE480Team4/ros2_ws/install/vesc_ackermann/lib:/home/eceteam4/ECE480Team4/ros2_ws/install/vesc_msgs/lib:${LD_LIBRARY_PATH} PYTHONPATH=/home/eceteam4/ECE480Team4/ros2_ws/install/vesc_msgs/local/lib/python3.10/dist-packages:${PYTHONPATH} /usr/bin/cmake --install /home/eceteam4/ECE480Team4/ros2_ws/build/vesc
