[0.054s] Invoking command in '/home/eceteam4/ECE480Team4/ros2_ws/build/vesc': AMENT_PREFIX_PATH=/home/eceteam4/ECE480Team4/ros2_ws/install/vesc_driver:/home/eceteam4/ECE480Team4/ros2_ws/install/vesc_ackermann:/home/eceteam4/ECE480Team4/ros2_ws/install/vesc_msgs:${AMENT_PREFIX_PATH} CMAKE_PREFIX_PATH=/home/eceteam4/ECE480Team4/ros2_ws/install/vesc_driver:/home/eceteam4/ECE480Team4/ros2_ws/install/vesc_ackermann:/home/eceteam4/ECE480Team4/ros2_ws/install/vesc_msgs:/opt/ros/humble LD_LIBRARY_PATH=/home/eceteam4/ECE480Team4/ros2_ws/install/vesc_driver/lib:/home/eceteam4/ECE480Team4/ros2_ws/install/vesc_ackermann/lib:/home/eceteam4/ECE480Team4/ros2_ws/install/vesc_msgs/lib:${LD_LIBRARY_PATH} PYTHONPATH=/home/eceteam4/ECE480Team4/ros2_ws/install/vesc_msgs/local/lib/python3.10/dist-packages:${PYTHONPATH} /usr/bin/cmake --build /home/eceteam4/ECE480Team4/ros2_ws/build/vesc -- -j6 -l6
[0.164s] Invoked command in '/home/eceteam4/ECE480Team4/ros2_ws/build/vesc' returned '0': AMENT_PREFIX_PATH=/home/eceteam4/ECE480Team4/ros2_ws/install/vesc_driver:/home/eceteam4/ECE480Team4/ros2_ws/install/vesc_ackermann:/home/eceteam4/ECE480Team4/ros2_ws/install/vesc_msgs:${AMENT_PREFIX_PATH} CMAKE_PREFIX_PATH=/home/eceteam4/ECE480Team4/ros2_ws/install/vesc_driver:/home/eceteam4/ECE480Team4/ros2_ws/install/vesc_ackermann:/home/eceteam4/ECE480Team4/ros2_ws/install/vesc_msgs:/opt/ros/humble LD_LIBRARY_PATH=/home/eceteam4/ECE480Team4/ros2_ws/install/vesc_driver/lib:/home/eceteam4/ECE480Team4/ros2_ws/install/vesc_ackermann/lib:/home/eceteam4/ECE480Team4/ros2_ws/install/vesc_msgs/lib:${LD_LIBRARY_PATH} PYTHONPATH=/home/eceteam4/ECE480Team4/ros2_ws/install/vesc_msgs/local/lib/python3.10/dist-packages:${PYTHONPATH} /usr/bin/cmake --build /home/eceteam4/ECE480Team4/ros2_ws/build/vesc -- -j6 -l6
[0.170s] Invoking command in '/home/eceteam4/ECE480Team4/ros2_ws/build/vesc': AMENT_PREFIX_PATH=/home/eceteam4/ECE480Team4/ros2_ws/install/vesc_driver:/home/eceteam4/ECE480Team4/ros2_ws/install/vesc_ackermann:/home/eceteam4/ECE480Team4/ros2_ws/install/vesc_msgs:${AMENT_PREFIX_PATH} CMAKE_PREFIX_PATH=/home/eceteam4/ECE480Team4/ros2_ws/install/vesc_driver:/home/eceteam4/ECE480Team4/ros2_ws/install/vesc_ackermann:/home/eceteam4/ECE480Team4/ros2_ws/install/vesc_msgs:/opt/ros/humble LD_LIBRARY_PATH=/home/eceteam4/ECE480Team4/ros2_ws/install/vesc_driver/lib:/home/eceteam4/ECE480Team4/ros2_ws/install/vesc_ackermann/lib:/home/eceteam4/ECE480Team4/ros2_ws/install/vesc_msgs/lib:${LD_LIBRARY_PATH} PYTHONPATH=/home/eceteam4/ECE480Team4/ros2_ws/install/vesc_msgs/local/lib/python3.10/dist-packages:${PYTHONPATH} /usr/bin/cmake --install /home/eceteam4/ECE480Team4/ros2_ws/build/vesc
[0.189s] -- Install configuration: ""
[0.192s] -- Execute custom install script
[0.196s] -- Up-to-date symlink: /home/eceteam4/ECE480Team4/ros2_ws/install/vesc/share/ament_index/resource_index/package_run_dependencies/vesc
[0.197s] -- Up-to-date symlink: /home/eceteam4/ECE480Team4/ros2_ws/install/vesc/share/ament_index/resource_index/parent_prefix_path/vesc
[0.200s] -- Up-to-date symlink: /home/eceteam4/ECE480Team4/ros2_ws/install/vesc/share/vesc/environment/ament_prefix_path.sh
[0.201s] -- Up-to-date symlink: /home/eceteam4/ECE480Team4/ros2_ws/install/vesc/share/vesc/environment/ament_prefix_path.dsv
[0.202s] -- Up-to-date symlink: /home/eceteam4/ECE480Team4/ros2_ws/install/vesc/share/vesc/environment/path.sh
[0.203s] -- Up-to-date symlink: /home/eceteam4/ECE480Team4/ros2_ws/install/vesc/share/vesc/environment/path.dsv
[0.204s] -- Up-to-date symlink: /home/eceteam4/ECE480Team4/ros2_ws/install/vesc/share/vesc/local_setup.bash
[0.205s] -- Up-to-date symlink: /home/eceteam4/ECE480Team4/ros2_ws/install/vesc/share/vesc/local_setup.sh
[0.206s] -- Up-to-date symlink: /home/eceteam4/ECE480Team4/ros2_ws/install/vesc/share/vesc/local_setup.zsh
[0.208s] -- Up-to-date symlink: /home/eceteam4/ECE480Team4/ros2_ws/install/vesc/share/vesc/local_setup.dsv
[0.208s] -- Symlinking: /home/eceteam4/ECE480Team4/ros2_ws/install/vesc/share/vesc/package.dsv
[0.230s] -- Up-to-date symlink: /home/eceteam4/ECE480Team4/ros2_ws/install/vesc/share/ament_index/resource_index/packages/vesc
[0.231s] -- Up-to-date symlink: /home/eceteam4/ECE480Team4/ros2_ws/install/vesc/share/vesc/cmake/vescConfig.cmake
[0.232s] -- Up-to-date symlink: /home/eceteam4/ECE480Team4/ros2_ws/install/vesc/share/vesc/cmake/vescConfig-version.cmake
[0.233s] -- Up-to-date symlink: /home/eceteam4/ECE480Team4/ros2_ws/install/vesc/share/vesc/package.xml
[0.239s] Invoked command in '/home/eceteam4/ECE480Team4/ros2_ws/build/vesc' returned '0': AMENT_PREFIX_PATH=/home/eceteam4/ECE480Team4/ros2_ws/install/vesc_driver:/home/eceteam4/ECE480Team4/ros2_ws/install/vesc_ackermann:/home/eceteam4/ECE480Team4/ros2_ws/install/vesc_msgs:${AMENT_PREFIX_PATH} CMAKE_PREFIX_PATH=/home/eceteam4/ECE480Team4/ros2_ws/install/vesc_driver:/home/eceteam4/ECE480Team4/ros2_ws/install/vesc_ackermann:/home/eceteam4/ECE480Team4/ros2_ws/install/vesc_msgs:/opt/ros/humble LD_LIBRARY_PATH=/home/eceteam4/ECE480Team4/ros2_ws/install/vesc_driver/lib:/home/eceteam4/ECE480Team4/ros2_ws/install/vesc_ackermann/lib:/home/eceteam4/ECE480Team4/ros2_ws/install/vesc_msgs/lib:${LD_LIBRARY_PATH} PYTHONPATH=/home/eceteam4/ECE480Team4/ros2_ws/install/vesc_msgs/local/lib/python3.10/dist-packages:${PYTHONPATH} /usr/bin/cmake --install /home/eceteam4/ECE480Team4/ros2_ws/build/vesc
