[3.092s] Invoking command in '/home/eceteam4/ECE480Team4/ros2_ws/build/sensors_lidar_bridge': PYTHONPATH=/home/eceteam4/ECE480Team4/ros2_ws/build/sensors_lidar_bridge/prefix_override:/usr/lib/python3/dist-packages/colcon_core/task/python/colcon_distutils_commands:/home/eceteam4/ECE480Team4/ros2_ws/install/sensors_lidar_bridge/lib/python3.10/site-packages:${PYTHONPATH} /usr/bin/python3 -W ignore:setup.py install is deprecated -W ignore:easy_install command is deprecated setup.py develop --editable --build-directory /home/eceteam4/ECE480Team4/ros2_ws/build/sensors_lidar_bridge/build --no-deps symlink_data
[3.631s] running develop
[4.095s] running egg_info
[4.095s] creating sensors_lidar_bridge.egg-info
[4.096s] writing sensors_lidar_bridge.egg-info/PKG-INFO
[4.096s] writing dependency_links to sensors_lidar_bridge.egg-info/dependency_links.txt
[4.096s] writing entry points to sensors_lidar_bridge.egg-info/entry_points.txt
[4.096s] writing requirements to sensors_lidar_bridge.egg-info/requires.txt
[4.096s] writing top-level names to sensors_lidar_bridge.egg-info/top_level.txt
[4.097s] writing manifest file 'sensors_lidar_bridge.egg-info/SOURCES.txt'
[4.106s] reading manifest file 'sensors_lidar_bridge.egg-info/SOURCES.txt'
[4.107s] writing manifest file 'sensors_lidar_bridge.egg-info/SOURCES.txt'
[4.119s] running build_ext
[4.119s] Creating /home/eceteam4/ECE480Team4/ros2_ws/install/sensors_lidar_bridge/lib/python3.10/site-packages/sensors-lidar-bridge.egg-link (link to .)
[4.121s] Installing sensors_lidar_bridge script to /home/eceteam4/ECE480Team4/ros2_ws/install/sensors_lidar_bridge/lib/sensors_lidar_bridge
[4.130s] 
[4.131s] Installed /home/eceteam4/ECE480Team4/ros2_ws/build/sensors_lidar_bridge
[4.131s] running symlink_data
[4.131s] creating /home/eceteam4/ECE480Team4/ros2_ws/install/sensors_lidar_bridge/share/ament_index
[4.131s] creating /home/eceteam4/ECE480Team4/ros2_ws/install/sensors_lidar_bridge/share/ament_index/resource_index
[4.131s] creating /home/eceteam4/ECE480Team4/ros2_ws/install/sensors_lidar_bridge/share/ament_index/resource_index/packages
[4.132s] symbolically linking /home/eceteam4/ECE480Team4/ros2_ws/build/sensors_lidar_bridge/resource/sensors_lidar_bridge -> /home/eceteam4/ECE480Team4/ros2_ws/install/sensors_lidar_bridge/share/ament_index/resource_index/packages
[4.132s] symbolically linking /home/eceteam4/ECE480Team4/ros2_ws/build/sensors_lidar_bridge/package.xml -> /home/eceteam4/ECE480Team4/ros2_ws/install/sensors_lidar_bridge/share/sensors_lidar_bridge
[4.132s] creating /home/eceteam4/ECE480Team4/ros2_ws/install/sensors_lidar_bridge/share/sensors_lidar_bridge/launch
[4.133s] symbolically linking /home/eceteam4/ECE480Team4/ros2_ws/build/sensors_lidar_bridge/launch/lidar.launch.py -> /home/eceteam4/ECE480Team4/ros2_ws/install/sensors_lidar_bridge/share/sensors_lidar_bridge/launch
[4.294s] Invoked command in '/home/eceteam4/ECE480Team4/ros2_ws/build/sensors_lidar_bridge' returned '0': PYTHONPATH=/home/eceteam4/ECE480Team4/ros2_ws/build/sensors_lidar_bridge/prefix_override:/usr/lib/python3/dist-packages/colcon_core/task/python/colcon_distutils_commands:/home/eceteam4/ECE480Team4/ros2_ws/install/sensors_lidar_bridge/lib/python3.10/site-packages:${PYTHONPATH} /usr/bin/python3 -W ignore:setup.py install is deprecated -W ignore:easy_install command is deprecated setup.py develop --editable --build-directory /home/eceteam4/ECE480Team4/ros2_ws/build/sensors_lidar_bridge/build --no-deps symlink_data
