[0.930s] Invoking command in '/mnt/home/ramosriv/av/ECE480Team4/ros2_ws/src/racing_line': PS1=jazzy:\u@\h:\w\$ PYTHONPATH=/mnt/home/ramosriv/av/ECE480Team4/ros2_ws/build/racing_line/prefix_override:/usr/lib/python3/dist-packages/colcon_core/task/python/colcon_distutils_commands:/mnt/home/ramosriv/av/ECE480Team4/ros2_ws/install/racing_line/lib/python3.12/site-packages:${PYTHONPATH} /usr/bin/python3 -W ignore:setup.py install is deprecated -W ignore:easy_install command is deprecated setup.py egg_info --egg-base ../../build/racing_line build --build-base /mnt/home/ramosriv/av/ECE480Team4/ros2_ws/build/racing_line/build install --record /mnt/home/ramosriv/av/ECE480Team4/ros2_ws/build/racing_line/install.log --single-version-externally-managed install_data
[1.207s] running egg_info
[1.209s] creating ../../build/racing_line/racing_line.egg-info
[1.227s] writing ../../build/racing_line/racing_line.egg-info/PKG-INFO
[1.232s] writing dependency_links to ../../build/racing_line/racing_line.egg-info/dependency_links.txt
[1.236s] writing entry points to ../../build/racing_line/racing_line.egg-info/entry_points.txt
[1.239s] writing requirements to ../../build/racing_line/racing_line.egg-info/requires.txt
[1.242s] writing top-level names to ../../build/racing_line/racing_line.egg-info/top_level.txt
[1.243s] writing manifest file '../../build/racing_line/racing_line.egg-info/SOURCES.txt'
[1.282s] reading manifest file '../../build/racing_line/racing_line.egg-info/SOURCES.txt'
[1.285s] writing manifest file '../../build/racing_line/racing_line.egg-info/SOURCES.txt'
[1.286s] running build
[1.287s] running build_py
[1.288s] creating /mnt/home/ramosriv/av/ECE480Team4/ros2_ws/build/racing_line/build
[1.289s] creating /mnt/home/ramosriv/av/ECE480Team4/ros2_ws/build/racing_line/build/lib
[1.290s] creating /mnt/home/ramosriv/av/ECE480Team4/ros2_ws/build/racing_line/build/lib/racing_line
[1.293s] copying racing_line/__init__.py -> /mnt/home/ramosriv/av/ECE480Team4/ros2_ws/build/racing_line/build/lib/racing_line
[1.296s] copying racing_line/racing_line.py -> /mnt/home/ramosriv/av/ECE480Team4/ros2_ws/build/racing_line/build/lib/racing_line
[1.301s] running install
[1.308s] running install_lib
[1.329s] creating /mnt/home/ramosriv/av/ECE480Team4/ros2_ws/install/racing_line/lib/python3.12/site-packages/racing_line
[1.332s] copying /mnt/home/ramosriv/av/ECE480Team4/ros2_ws/build/racing_line/build/lib/racing_line/__init__.py -> /mnt/home/ramosriv/av/ECE480Team4/ros2_ws/install/racing_line/lib/python3.12/site-packages/racing_line
[1.334s] copying /mnt/home/ramosriv/av/ECE480Team4/ros2_ws/build/racing_line/build/lib/racing_line/racing_line.py -> /mnt/home/ramosriv/av/ECE480Team4/ros2_ws/install/racing_line/lib/python3.12/site-packages/racing_line
[1.339s] byte-compiling /mnt/home/ramosriv/av/ECE480Team4/ros2_ws/install/racing_line/lib/python3.12/site-packages/racing_line/__init__.py to __init__.cpython-312.pyc
[1.347s] byte-compiling /mnt/home/ramosriv/av/ECE480Team4/ros2_ws/install/racing_line/lib/python3.12/site-packages/racing_line/racing_line.py to racing_line.cpython-312.pyc
[1.354s] running install_data
[1.354s] creating /mnt/home/ramosriv/av/ECE480Team4/ros2_ws/install/racing_line/share/ament_index
[1.356s] creating /mnt/home/ramosriv/av/ECE480Team4/ros2_ws/install/racing_line/share/ament_index/resource_index
[1.358s] creating /mnt/home/ramosriv/av/ECE480Team4/ros2_ws/install/racing_line/share/ament_index/resource_index/packages
[1.361s] copying resource/racing_line -> /mnt/home/ramosriv/av/ECE480Team4/ros2_ws/install/racing_line/share/ament_index/resource_index/packages
[1.364s] copying package.xml -> /mnt/home/ramosriv/av/ECE480Team4/ros2_ws/install/racing_line/share/racing_line
[1.368s] running install_egg_info
[1.388s] Copying ../../build/racing_line/racing_line.egg-info to /mnt/home/ramosriv/av/ECE480Team4/ros2_ws/install/racing_line/lib/python3.12/site-packages/racing_line-0.0.0-py3.12.egg-info
[1.423s] running install_scripts
[1.575s] Installing racing_line script to /mnt/home/ramosriv/av/ECE480Team4/ros2_ws/install/racing_line/lib/racing_line_pkg
[1.580s] writing list of installed files to '/mnt/home/ramosriv/av/ECE480Team4/ros2_ws/build/racing_line/install.log'
[1.608s] Invoked command in '/mnt/home/ramosriv/av/ECE480Team4/ros2_ws/src/racing_line' returned '0': PS1=jazzy:\u@\h:\w\$ PYTHONPATH=/mnt/home/ramosriv/av/ECE480Team4/ros2_ws/build/racing_line/prefix_override:/usr/lib/python3/dist-packages/colcon_core/task/python/colcon_distutils_commands:/mnt/home/ramosriv/av/ECE480Team4/ros2_ws/install/racing_line/lib/python3.12/site-packages:${PYTHONPATH} /usr/bin/python3 -W ignore:setup.py install is deprecated -W ignore:easy_install command is deprecated setup.py egg_info --egg-base ../../build/racing_line build --build-base /mnt/home/ramosriv/av/ECE480Team4/ros2_ws/build/racing_line/build install --record /mnt/home/ramosriv/av/ECE480Team4/ros2_ws/build/racing_line/install.log --single-version-externally-managed install_data
