[0.686s] Invoking command in '/home/eceteam4/ECE480Team4/ros2_ws/build/gazebo_world': CMAKE_PREFIX_PATH=/opt/ros/humble /usr/bin/cmake --build /home/eceteam4/ECE480Team4/ros2_ws/build/gazebo_world -- -j6 -l6
[1.911s] Invoked command in '/home/eceteam4/ECE480Team4/ros2_ws/build/gazebo_world' returned '0': CMAKE_PREFIX_PATH=/opt/ros/humble /usr/bin/cmake --build /home/eceteam4/ECE480Team4/ros2_ws/build/gazebo_world -- -j6 -l6
[1.931s] Invoking command in '/home/eceteam4/ECE480Team4/ros2_ws/build/gazebo_world': CMAKE_PREFIX_PATH=/opt/ros/humble /usr/bin/cmake --install /home/eceteam4/ECE480Team4/ros2_ws/build/gazebo_world
[1.944s] -- Install configuration: ""
[1.946s] -- Execute custom install script
[1.946s] -- Up-to-date symlink: /home/eceteam4/ECE480Team4/ros2_ws/install/gazebo_world/share/gazebo_world/launch/empty_world.launch.py
[1.947s] -- Up-to-date symlink: /home/eceteam4/ECE480Team4/ros2_ws/install/gazebo_world/share/gazebo_world/launch/world.launch.py
[1.947s] -- Up-to-date symlink: /home/eceteam4/ECE480Team4/ros2_ws/install/gazebo_world/share/gazebo_world/worlds/my_world.sdf
[1.947s] -- Up-to-date symlink: /home/eceteam4/ECE480Team4/ros2_ws/install/gazebo_world/share/gazebo_world/worlds/my_world2.sdf
[1.947s] -- Up-to-date symlink: /home/eceteam4/ECE480Team4/ros2_ws/install/gazebo_world/share/gazebo_world/worlds/package.xml
[1.947s] -- Up-to-date symlink: /home/eceteam4/ECE480Team4/ros2_ws/install/gazebo_world/share/ament_index/resource_index/package_run_dependencies/gazebo_world
[1.947s] -- Up-to-date symlink: /home/eceteam4/ECE480Team4/ros2_ws/install/gazebo_world/share/ament_index/resource_index/parent_prefix_path/gazebo_world
[1.947s] -- Up-to-date symlink: /home/eceteam4/ECE480Team4/ros2_ws/install/gazebo_world/share/gazebo_world/environment/ament_prefix_path.sh
[1.948s] -- Up-to-date symlink: /home/eceteam4/ECE480Team4/ros2_ws/install/gazebo_world/share/gazebo_world/environment/ament_prefix_path.dsv
[1.948s] -- Up-to-date symlink: /home/eceteam4/ECE480Team4/ros2_ws/install/gazebo_world/share/gazebo_world/environment/path.sh
[1.948s] -- Up-to-date symlink: /home/eceteam4/ECE480Team4/ros2_ws/install/gazebo_world/share/gazebo_world/environment/path.dsv
[1.948s] -- Up-to-date symlink: /home/eceteam4/ECE480Team4/ros2_ws/install/gazebo_world/share/gazebo_world/local_setup.bash
[1.949s] -- Up-to-date symlink: /home/eceteam4/ECE480Team4/ros2_ws/install/gazebo_world/share/gazebo_world/local_setup.sh
[1.949s] -- Up-to-date symlink: /home/eceteam4/ECE480Team4/ros2_ws/install/gazebo_world/share/gazebo_world/local_setup.zsh
[1.949s] -- Up-to-date symlink: /home/eceteam4/ECE480Team4/ros2_ws/install/gazebo_world/share/gazebo_world/local_setup.dsv
[1.950s] -- Symlinking: /home/eceteam4/ECE480Team4/ros2_ws/install/gazebo_world/share/gazebo_world/package.dsv
[1.974s] -- Up-to-date symlink: /home/eceteam4/ECE480Team4/ros2_ws/install/gazebo_world/share/ament_index/resource_index/packages/gazebo_world
[1.974s] -- Up-to-date symlink: /home/eceteam4/ECE480Team4/ros2_ws/install/gazebo_world/share/gazebo_world/cmake/gazebo_worldConfig.cmake
[1.975s] -- Up-to-date symlink: /home/eceteam4/ECE480Team4/ros2_ws/install/gazebo_world/share/gazebo_world/cmake/gazebo_worldConfig-version.cmake
[1.975s] -- Up-to-date symlink: /home/eceteam4/ECE480Team4/ros2_ws/install/gazebo_world/share/gazebo_world/package.xml
[2.019s] Invoked command in '/home/eceteam4/ECE480Team4/ros2_ws/build/gazebo_world' returned '0': CMAKE_PREFIX_PATH=/opt/ros/humble /usr/bin/cmake --install /home/eceteam4/ECE480Team4/ros2_ws/build/gazebo_world
