[0.025s] Invoking command in '/home/eceteam4/ECE480Team4/ros2_ws/build/vesc_driver': AMENT_PREFIX_PATH=/home/eceteam4/ECE480Team4/ros2_ws/install/vesc_msgs:${AMENT_PREFIX_PATH} CMAKE_PREFIX_PATH=/home/eceteam4/ECE480Team4/ros2_ws/install/vesc_msgs:/opt/ros/humble LD_LIBRARY_PATH=/home/eceteam4/ECE480Team4/ros2_ws/install/vesc_msgs/lib:${LD_LIBRARY_PATH} PYTHONPATH=/home/eceteam4/ECE480Team4/ros2_ws/install/vesc_msgs/local/lib/python3.10/dist-packages:${PYTHONPATH} /usr/bin/cmake --build /home/eceteam4/ECE480Team4/ros2_ws/build/vesc_driver -- -j6 -l6
[0.171s] [ 20%] Built target vesc_driver_node
[0.186s] [ 70%] Built target vesc_driver
[0.230s] [100%] Built target vesc_device_namer
[0.259s] Invoked command in '/home/eceteam4/ECE480Team4/ros2_ws/build/vesc_driver' returned '0': AMENT_PREFIX_PATH=/home/eceteam4/ECE480Team4/ros2_ws/install/vesc_msgs:${AMENT_PREFIX_PATH} CMAKE_PREFIX_PATH=/home/eceteam4/ECE480Team4/ros2_ws/install/vesc_msgs:/opt/ros/humble LD_LIBRARY_PATH=/home/eceteam4/ECE480Team4/ros2_ws/install/vesc_msgs/lib:${LD_LIBRARY_PATH} PYTHONPATH=/home/eceteam4/ECE480Team4/ros2_ws/install/vesc_msgs/local/lib/python3.10/dist-packages:${PYTHONPATH} /usr/bin/cmake --build /home/eceteam4/ECE480Team4/ros2_ws/build/vesc_driver -- -j6 -l6
[0.260s] Invoking command in '/home/eceteam4/ECE480Team4/ros2_ws/build/vesc_driver': AMENT_PREFIX_PATH=/home/eceteam4/ECE480Team4/ros2_ws/install/vesc_msgs:${AMENT_PREFIX_PATH} CMAKE_PREFIX_PATH=/home/eceteam4/ECE480Team4/ros2_ws/install/vesc_msgs:/opt/ros/humble LD_LIBRARY_PATH=/home/eceteam4/ECE480Team4/ros2_ws/install/vesc_msgs/lib:${LD_LIBRARY_PATH} PYTHONPATH=/home/eceteam4/ECE480Team4/ros2_ws/install/vesc_msgs/local/lib/python3.10/dist-packages:${PYTHONPATH} /usr/bin/cmake --install /home/eceteam4/ECE480Team4/ros2_ws/build/vesc_driver
[0.280s] -- Install configuration: ""
[0.281s] -- Execute custom install script
[0.282s] -- Up-to-date symlink: /home/eceteam4/ECE480Team4/ros2_ws/install/vesc_driver/lib/vesc_driver/vesc_driver_node
[0.283s] -- Up-to-date symlink: /home/eceteam4/ECE480Team4/ros2_ws/install/vesc_driver/include/vesc_driver/crc.hpp
[0.283s] -- Up-to-date symlink: /home/eceteam4/ECE480Team4/ros2_ws/install/vesc_driver/include/vesc_driver/datatypes.hpp
[0.284s] -- Up-to-date symlink: /home/eceteam4/ECE480Team4/ros2_ws/install/vesc_driver/include/vesc_driver/vesc_device_uuid_lookup.hpp
[0.284s] -- Up-to-date symlink: /home/eceteam4/ECE480Team4/ros2_ws/install/vesc_driver/include/vesc_driver/vesc_driver.hpp
[0.285s] -- Up-to-date symlink: /home/eceteam4/ECE480Team4/ros2_ws/install/vesc_driver/include/vesc_driver/vesc_interface.hpp
[0.285s] -- Up-to-date symlink: /home/eceteam4/ECE480Team4/ros2_ws/install/vesc_driver/include/vesc_driver/vesc_packet.hpp
[0.286s] -- Up-to-date symlink: /home/eceteam4/ECE480Team4/ros2_ws/install/vesc_driver/include/vesc_driver/vesc_packet_factory.hpp
[0.286s] -- Up-to-date symlink: /home/eceteam4/ECE480Team4/ros2_ws/install/vesc_driver/share/vesc_driver/environment/library_path.sh
[0.287s] -- Up-to-date symlink: /home/eceteam4/ECE480Team4/ros2_ws/install/vesc_driver/share/vesc_driver/environment/library_path.dsv
[0.288s] -- Up-to-date symlink: /home/eceteam4/ECE480Team4/ros2_ws/install/vesc_driver/lib/libvesc_driver.so
[0.289s] -- Up-to-date symlink: /home/eceteam4/ECE480Team4/ros2_ws/install/vesc_driver/lib/vesc_driver/vesc_device_namer
[0.290s] -- Up-to-date symlink: /home/eceteam4/ECE480Team4/ros2_ws/install/vesc_driver/share/vesc_driver/launch/vesc_driver_node.launch.py
[0.290s] -- Up-to-date symlink: /home/eceteam4/ECE480Team4/ros2_ws/install/vesc_driver/share/vesc_driver/params/vesc_config.yaml
[0.291s] -- Up-to-date symlink: /home/eceteam4/ECE480Team4/ros2_ws/install/vesc_driver/share/ament_index/resource_index/package_run_dependencies/vesc_driver
[0.292s] -- Up-to-date symlink: /home/eceteam4/ECE480Team4/ros2_ws/install/vesc_driver/share/ament_index/resource_index/parent_prefix_path/vesc_driver
[0.292s] -- Up-to-date symlink: /home/eceteam4/ECE480Team4/ros2_ws/install/vesc_driver/share/vesc_driver/environment/ament_prefix_path.sh
[0.293s] -- Up-to-date symlink: /home/eceteam4/ECE480Team4/ros2_ws/install/vesc_driver/share/vesc_driver/environment/ament_prefix_path.dsv
[0.294s] -- Up-to-date symlink: /home/eceteam4/ECE480Team4/ros2_ws/install/vesc_driver/share/vesc_driver/environment/path.sh
[0.294s] -- Up-to-date symlink: /home/eceteam4/ECE480Team4/ros2_ws/install/vesc_driver/share/vesc_driver/environment/path.dsv
[0.295s] -- Up-to-date symlink: /home/eceteam4/ECE480Team4/ros2_ws/install/vesc_driver/share/vesc_driver/local_setup.bash
[0.295s] -- Up-to-date symlink: /home/eceteam4/ECE480Team4/ros2_ws/install/vesc_driver/share/vesc_driver/local_setup.sh
[0.295s] -- Up-to-date symlink: /home/eceteam4/ECE480Team4/ros2_ws/install/vesc_driver/share/vesc_driver/local_setup.zsh
[0.296s] -- Up-to-date symlink: /home/eceteam4/ECE480Team4/ros2_ws/install/vesc_driver/share/vesc_driver/local_setup.dsv
[0.297s] -- Symlinking: /home/eceteam4/ECE480Team4/ros2_ws/install/vesc_driver/share/vesc_driver/package.dsv
[0.317s] -- Up-to-date symlink: /home/eceteam4/ECE480Team4/ros2_ws/install/vesc_driver/share/ament_index/resource_index/packages/vesc_driver
[0.317s] -- Up-to-date symlink: /home/eceteam4/ECE480Team4/ros2_ws/install/vesc_driver/share/ament_index/resource_index/rclcpp_components/vesc_driver
[0.317s] -- Up-to-date symlink: /home/eceteam4/ECE480Team4/ros2_ws/install/vesc_driver/share/vesc_driver/cmake/ament_cmake_export_dependencies-extras.cmake
[0.317s] -- Up-to-date symlink: /home/eceteam4/ECE480Team4/ros2_ws/install/vesc_driver/share/vesc_driver/cmake/ament_cmake_export_include_directories-extras.cmake
[0.317s] -- Up-to-date symlink: /home/eceteam4/ECE480Team4/ros2_ws/install/vesc_driver/share/vesc_driver/cmake/ament_cmake_export_libraries-extras.cmake
[0.317s] -- Up-to-date symlink: /home/eceteam4/ECE480Team4/ros2_ws/install/vesc_driver/share/vesc_driver/cmake/vesc_driverConfig.cmake
[0.318s] -- Up-to-date symlink: /home/eceteam4/ECE480Team4/ros2_ws/install/vesc_driver/share/vesc_driver/cmake/vesc_driverConfig-version.cmake
[0.318s] -- Up-to-date symlink: /home/eceteam4/ECE480Team4/ros2_ws/install/vesc_driver/share/vesc_driver/package.xml
[0.326s] Invoked command in '/home/eceteam4/ECE480Team4/ros2_ws/build/vesc_driver' returned '0': AMENT_PREFIX_PATH=/home/eceteam4/ECE480Team4/ros2_ws/install/vesc_msgs:${AMENT_PREFIX_PATH} CMAKE_PREFIX_PATH=/home/eceteam4/ECE480Team4/ros2_ws/install/vesc_msgs:/opt/ros/humble LD_LIBRARY_PATH=/home/eceteam4/ECE480Team4/ros2_ws/install/vesc_msgs/lib:${LD_LIBRARY_PATH} PYTHONPATH=/home/eceteam4/ECE480Team4/ros2_ws/install/vesc_msgs/local/lib/python3.10/dist-packages:${PYTHONPATH} /usr/bin/cmake --install /home/eceteam4/ECE480Team4/ros2_ws/build/vesc_driver
