[0.016s] Invoking command in '/home/eceteam4/ECE480Team4/build/vesc_driver': AMENT_PREFIX_PATH=/home/eceteam4/ECE480Team4/install/vesc_msgs:${AMENT_PREFIX_PATH} CMAKE_PREFIX_PATH=/home/eceteam4/ECE480Team4/install/vesc_msgs:/opt/ros/humble LD_LIBRARY_PATH=/home/eceteam4/ECE480Team4/install/vesc_msgs/lib:${LD_LIBRARY_PATH} PYTHONPATH=/home/eceteam4/ECE480Team4/install/vesc_msgs/local/lib/python3.10/dist-packages:${PYTHONPATH} /usr/bin/cmake /home/eceteam4/ECE480Team4/ros2_ws/src/vesc_driver -DAMENT_CMAKE_SYMLINK_INSTALL=1 -DCMAKE_INSTALL_PREFIX=/home/eceteam4/ECE480Team4/install/vesc_driver
[0.114s] -- The C compiler identification is GNU 11.4.0
[0.216s] -- The CXX compiler identification is GNU 11.4.0
[0.238s] -- Detecting C compiler ABI info
[0.365s] -- Detecting C compiler ABI info - done
[0.388s] -- Check for working C compiler: /usr/bin/cc - skipped
[0.388s] -- Detecting C compile features
[0.389s] -- Detecting C compile features - done
[0.397s] -- Detecting CXX compiler ABI info
[0.535s] -- Detecting CXX compiler ABI info - done
[0.545s] -- Check for working CXX compiler: /usr/bin/c++ - skipped
[0.545s] -- Detecting CXX compile features
[0.546s] -- Detecting CXX compile features - done
[0.550s] -- Found ament_cmake_auto: 1.3.13 (/opt/ros/humble/share/ament_cmake_auto/cmake)
[0.863s] -- Found Python3: /usr/bin/python3 (found version "3.10.12") found components: Interpreter 
[0.996s] -- Override CMake install command with custom implementation using symlinks instead of copying resources
[1.042s] -- Found vesc_msgs: 1.1.0 (/home/eceteam4/ECE480Team4/install/vesc_msgs/share/vesc_msgs/cmake)
[1.104s] -- Found rosidl_generator_c: 3.1.8 (/opt/ros/humble/share/rosidl_generator_c/cmake)
[1.111s] -- Found rosidl_adapter: 3.1.8 (/opt/ros/humble/share/rosidl_adapter/cmake)
[1.125s] -- Found rosidl_generator_cpp: 3.1.8 (/opt/ros/humble/share/rosidl_generator_cpp/cmake)
[1.144s] -- Using all available rosidl_typesupport_c: rosidl_typesupport_fastrtps_c;rosidl_typesupport_introspection_c
[1.169s] -- Using all available rosidl_typesupport_cpp: rosidl_typesupport_fastrtps_cpp;rosidl_typesupport_introspection_cpp
[1.457s] -- Found rmw_implementation_cmake: 6.1.2 (/opt/ros/humble/share/rmw_implementation_cmake/cmake)
[1.461s] -- Found rmw_fastrtps_cpp: 6.2.10 (/opt/ros/humble/share/rmw_fastrtps_cpp/cmake)
[1.600s] -- Found OpenSSL: /usr/lib/aarch64-linux-gnu/libcrypto.so (found version "3.0.2")  
[1.650s] -- Found FastRTPS: /opt/ros/humble/include  
[1.727s] -- Using RMW implementation 'rmw_fastrtps_cpp' as default
[1.741s] -- Looking for pthread.h
[1.868s] -- Looking for pthread.h - found
[1.868s] -- Performing Test CMAKE_HAVE_LIBC_PTHREAD
[2.023s] -- Performing Test CMAKE_HAVE_LIBC_PTHREAD - Success
[2.023s] -- Found Threads: TRUE  
[2.230s] -- Found asio_cmake_module: 1.2.0 (/opt/ros/humble/share/asio_cmake_module/cmake)
[2.233s] -- Found ASIO: /usr/include  
[2.423s] -- Found ament_lint_auto: 0.12.15 (/opt/ros/humble/share/ament_lint_auto/cmake)
[2.449s] [0mIn this package, headers install destination is set to `include` by ament_auto_package. It is recommended to install `include/vesc_driver` instead and will be the default behavior of ament_auto_package from ROS 2 Kilted Kaiju. On distributions before Kilted, ament_auto_package behaves the same way when you use USE_SCOPED_HEADER_INSTALL_DIR option.[0m
[2.460s] -- Added test 'copyright' to check source files copyright and LICENSE
[2.465s] -- Added test 'cppcheck' to perform static code analysis on C / C++ code
[2.465s] -- Configured cppcheck include dirs: /home/eceteam4/ECE480Team4/ros2_ws/src/vesc_driver/include
[2.466s] -- Configured cppcheck exclude dirs and/or files: 
[2.468s] -- Added test 'cpplint' to check C / C++ code against the Google style
[2.469s] -- Configured cpplint exclude dirs and/or files: 
[2.469s] -- Added test 'flake8' to check Python code syntax and style conventions
[2.470s] -- Added test 'lint_cmake' to check CMake code style
[2.471s] -- Added test 'pep257' to check Python code against some of the docstring style conventions in PEP 257
[2.474s] -- Added test 'uncrustify' to check C / C++ code style
[2.474s] -- Configured uncrustify additional arguments: 
[2.474s] -- Added test 'xmllint' to check XML markup files
[2.482s] -- Configuring done
[2.593s] -- Generating done
[2.608s] -- Build files have been written to: /home/eceteam4/ECE480Team4/build/vesc_driver
[2.649s] Invoked command in '/home/eceteam4/ECE480Team4/build/vesc_driver' returned '0': AMENT_PREFIX_PATH=/home/eceteam4/ECE480Team4/install/vesc_msgs:${AMENT_PREFIX_PATH} CMAKE_PREFIX_PATH=/home/eceteam4/ECE480Team4/install/vesc_msgs:/opt/ros/humble LD_LIBRARY_PATH=/home/eceteam4/ECE480Team4/install/vesc_msgs/lib:${LD_LIBRARY_PATH} PYTHONPATH=/home/eceteam4/ECE480Team4/install/vesc_msgs/local/lib/python3.10/dist-packages:${PYTHONPATH} /usr/bin/cmake /home/eceteam4/ECE480Team4/ros2_ws/src/vesc_driver -DAMENT_CMAKE_SYMLINK_INSTALL=1 -DCMAKE_INSTALL_PREFIX=/home/eceteam4/ECE480Team4/install/vesc_driver
[2.650s] Invoking command in '/home/eceteam4/ECE480Team4/build/vesc_driver': AMENT_PREFIX_PATH=/home/eceteam4/ECE480Team4/install/vesc_msgs:${AMENT_PREFIX_PATH} CMAKE_PREFIX_PATH=/home/eceteam4/ECE480Team4/install/vesc_msgs:/opt/ros/humble LD_LIBRARY_PATH=/home/eceteam4/ECE480Team4/install/vesc_msgs/lib:${LD_LIBRARY_PATH} PYTHONPATH=/home/eceteam4/ECE480Team4/install/vesc_msgs/local/lib/python3.10/dist-packages:${PYTHONPATH} /usr/bin/cmake --build /home/eceteam4/ECE480Team4/build/vesc_driver -- -j6 -l6
[2.751s] [ 10%] [32mBuilding CXX object CMakeFiles/vesc_driver_node.dir/rclcpp_components/node_main_vesc_driver_node.cpp.o[0m
[2.762s] [ 20%] [32mBuilding CXX object CMakeFiles/vesc_driver.dir/src/vesc_interface.cpp.o[0m
[2.762s] [ 30%] [32mBuilding CXX object CMakeFiles/vesc_driver.dir/src/vesc_driver.cpp.o[0m
[2.775s] [ 40%] [32mBuilding CXX object CMakeFiles/vesc_driver.dir/src/vesc_packet_factory.cpp.o[0m
[2.796s] [ 50%] [32mBuilding CXX object CMakeFiles/vesc_driver.dir/src/vesc_packet.cpp.o[0m
[13.505s] [ 60%] [32m[1mLinking CXX executable vesc_driver_node[0m
[14.169s] [ 60%] Built target vesc_driver_node
[27.202s] [ 70%] [32m[1mLinking CXX shared library libvesc_driver.so[0m
[28.582s] [ 70%] Built target vesc_driver
[28.617s] [ 90%] [32mBuilding CXX object CMakeFiles/vesc_device_namer.dir/src/vesc_device_uuid_lookup.cpp.o[0m
[28.618s] [ 90%] [32mBuilding CXX object CMakeFiles/vesc_device_namer.dir/src/vesc_device_namer.cpp.o[0m
[30.514s] [100%] [32m[1mLinking CXX executable vesc_device_namer[0m
[31.131s] [100%] Built target vesc_device_namer
[31.152s] Invoked command in '/home/eceteam4/ECE480Team4/build/vesc_driver' returned '0': AMENT_PREFIX_PATH=/home/eceteam4/ECE480Team4/install/vesc_msgs:${AMENT_PREFIX_PATH} CMAKE_PREFIX_PATH=/home/eceteam4/ECE480Team4/install/vesc_msgs:/opt/ros/humble LD_LIBRARY_PATH=/home/eceteam4/ECE480Team4/install/vesc_msgs/lib:${LD_LIBRARY_PATH} PYTHONPATH=/home/eceteam4/ECE480Team4/install/vesc_msgs/local/lib/python3.10/dist-packages:${PYTHONPATH} /usr/bin/cmake --build /home/eceteam4/ECE480Team4/build/vesc_driver -- -j6 -l6
[31.155s] Invoking command in '/home/eceteam4/ECE480Team4/build/vesc_driver': AMENT_PREFIX_PATH=/home/eceteam4/ECE480Team4/install/vesc_msgs:${AMENT_PREFIX_PATH} CMAKE_PREFIX_PATH=/home/eceteam4/ECE480Team4/install/vesc_msgs:/opt/ros/humble LD_LIBRARY_PATH=/home/eceteam4/ECE480Team4/install/vesc_msgs/lib:${LD_LIBRARY_PATH} PYTHONPATH=/home/eceteam4/ECE480Team4/install/vesc_msgs/local/lib/python3.10/dist-packages:${PYTHONPATH} /usr/bin/cmake --install /home/eceteam4/ECE480Team4/build/vesc_driver
[31.167s] -- Install configuration: ""
[31.168s] -- Execute custom install script
[31.170s] -- Symlinking: /home/eceteam4/ECE480Team4/install/vesc_driver/lib/vesc_driver/vesc_driver_node
[31.186s] -- Symlinking: /home/eceteam4/ECE480Team4/install/vesc_driver/include/vesc_driver/crc.hpp
[31.201s] -- Symlinking: /home/eceteam4/ECE480Team4/install/vesc_driver/include/vesc_driver/datatypes.hpp
[31.215s] -- Symlinking: /home/eceteam4/ECE480Team4/install/vesc_driver/include/vesc_driver/vesc_device_uuid_lookup.hpp
[31.230s] -- Symlinking: /home/eceteam4/ECE480Team4/install/vesc_driver/include/vesc_driver/vesc_driver.hpp
[31.246s] -- Symlinking: /home/eceteam4/ECE480Team4/install/vesc_driver/include/vesc_driver/vesc_interface.hpp
[31.260s] -- Symlinking: /home/eceteam4/ECE480Team4/install/vesc_driver/include/vesc_driver/vesc_packet.hpp
[31.275s] -- Symlinking: /home/eceteam4/ECE480Team4/install/vesc_driver/include/vesc_driver/vesc_packet_factory.hpp
[31.290s] -- Symlinking: /home/eceteam4/ECE480Team4/install/vesc_driver/share/vesc_driver/environment/library_path.sh
[31.305s] -- Symlinking: /home/eceteam4/ECE480Team4/install/vesc_driver/share/vesc_driver/environment/library_path.dsv
[31.320s] -- Symlinking: /home/eceteam4/ECE480Team4/install/vesc_driver/lib/libvesc_driver.so
[31.335s] -- Symlinking: /home/eceteam4/ECE480Team4/install/vesc_driver/lib/vesc_driver/vesc_device_namer
[31.351s] -- Symlinking: /home/eceteam4/ECE480Team4/install/vesc_driver/share/vesc_driver/launch/vesc_driver_node.launch.py
[31.367s] -- Symlinking: /home/eceteam4/ECE480Team4/install/vesc_driver/share/vesc_driver/params/vesc_config.yaml
[31.385s] -- Symlinking: /home/eceteam4/ECE480Team4/install/vesc_driver/share/ament_index/resource_index/package_run_dependencies/vesc_driver
[31.401s] -- Symlinking: /home/eceteam4/ECE480Team4/install/vesc_driver/share/ament_index/resource_index/parent_prefix_path/vesc_driver
[31.415s] -- Symlinking: /home/eceteam4/ECE480Team4/install/vesc_driver/share/vesc_driver/environment/ament_prefix_path.sh
[31.430s] -- Symlinking: /home/eceteam4/ECE480Team4/install/vesc_driver/share/vesc_driver/environment/ament_prefix_path.dsv
[31.445s] -- Symlinking: /home/eceteam4/ECE480Team4/install/vesc_driver/share/vesc_driver/environment/path.sh
[31.460s] -- Symlinking: /home/eceteam4/ECE480Team4/install/vesc_driver/share/vesc_driver/environment/path.dsv
[31.474s] -- Symlinking: /home/eceteam4/ECE480Team4/install/vesc_driver/share/vesc_driver/local_setup.bash
[31.491s] -- Symlinking: /home/eceteam4/ECE480Team4/install/vesc_driver/share/vesc_driver/local_setup.sh
[31.505s] -- Symlinking: /home/eceteam4/ECE480Team4/install/vesc_driver/share/vesc_driver/local_setup.zsh
[31.519s] -- Symlinking: /home/eceteam4/ECE480Team4/install/vesc_driver/share/vesc_driver/local_setup.dsv
[31.534s] -- Symlinking: /home/eceteam4/ECE480Team4/install/vesc_driver/share/vesc_driver/package.dsv
[31.548s] -- Symlinking: /home/eceteam4/ECE480Team4/install/vesc_driver/share/ament_index/resource_index/packages/vesc_driver
[31.562s] -- Symlinking: /home/eceteam4/ECE480Team4/install/vesc_driver/share/ament_index/resource_index/rclcpp_components/vesc_driver
[31.577s] -- Symlinking: /home/eceteam4/ECE480Team4/install/vesc_driver/share/vesc_driver/cmake/ament_cmake_export_dependencies-extras.cmake
[31.595s] -- Symlinking: /home/eceteam4/ECE480Team4/install/vesc_driver/share/vesc_driver/cmake/ament_cmake_export_include_directories-extras.cmake
[31.610s] -- Symlinking: /home/eceteam4/ECE480Team4/install/vesc_driver/share/vesc_driver/cmake/ament_cmake_export_libraries-extras.cmake
[31.625s] -- Symlinking: /home/eceteam4/ECE480Team4/install/vesc_driver/share/vesc_driver/cmake/vesc_driverConfig.cmake
[31.640s] -- Symlinking: /home/eceteam4/ECE480Team4/install/vesc_driver/share/vesc_driver/cmake/vesc_driverConfig-version.cmake
[31.654s] -- Symlinking: /home/eceteam4/ECE480Team4/install/vesc_driver/share/vesc_driver/package.xml
[31.672s] Invoked command in '/home/eceteam4/ECE480Team4/build/vesc_driver' returned '0': AMENT_PREFIX_PATH=/home/eceteam4/ECE480Team4/install/vesc_msgs:${AMENT_PREFIX_PATH} CMAKE_PREFIX_PATH=/home/eceteam4/ECE480Team4/install/vesc_msgs:/opt/ros/humble LD_LIBRARY_PATH=/home/eceteam4/ECE480Team4/install/vesc_msgs/lib:${LD_LIBRARY_PATH} PYTHONPATH=/home/eceteam4/ECE480Team4/install/vesc_msgs/local/lib/python3.10/dist-packages:${PYTHONPATH} /usr/bin/cmake --install /home/eceteam4/ECE480Team4/build/vesc_driver
