[1.205s] Invoking command in '/home/eceteam4/ECE480Team4/build/curvy_road': CMAKE_PREFIX_PATH=${CMAKE_PREFIX_PATH}:/home/eceteam4/ECE480Team4/install/vesc_control:/home/eceteam4/ECE480Team4/install/sensors_lidar_bridge:/home/eceteam4/ECE480Team4/install/sensors_imu_bridge:/home/eceteam4/ECE480Team4/install/sensors_camera_node:/home/eceteam4/ECE480Team4/install/racing_line:/home/eceteam4/ECE480Team4/install/perception_sync_node:/home/eceteam4/ECE480Team4/install/perception_ml_node:/home/eceteam4/ECE480Team4/install/obstacle_det:/home/eceteam4/ECE480Team4/install/lane_follow:/home/eceteam4/ECE480Team4/install/bot_slam:/opt/ros/humble /usr/bin/cmake --build /home/eceteam4/ECE480Team4/build/curvy_road -- -j6 -l6
[2.484s] Invoked command in '/home/eceteam4/ECE480Team4/build/curvy_road' returned '0': CMAKE_PREFIX_PATH=${CMAKE_PREFIX_PATH}:/home/eceteam4/ECE480Team4/install/vesc_control:/home/eceteam4/ECE480Team4/install/sensors_lidar_bridge:/home/eceteam4/ECE480Team4/install/sensors_imu_bridge:/home/eceteam4/ECE480Team4/install/sensors_camera_node:/home/eceteam4/ECE480Team4/install/racing_line:/home/eceteam4/ECE480Team4/install/perception_sync_node:/home/eceteam4/ECE480Team4/install/perception_ml_node:/home/eceteam4/ECE480Team4/install/obstacle_det:/home/eceteam4/ECE480Team4/install/lane_follow:/home/eceteam4/ECE480Team4/install/bot_slam:/opt/ros/humble /usr/bin/cmake --build /home/eceteam4/ECE480Team4/build/curvy_road -- -j6 -l6
[2.490s] Invoking command in '/home/eceteam4/ECE480Team4/build/curvy_road': CMAKE_PREFIX_PATH=${CMAKE_PREFIX_PATH}:/home/eceteam4/ECE480Team4/install/vesc_control:/home/eceteam4/ECE480Team4/install/sensors_lidar_bridge:/home/eceteam4/ECE480Team4/install/sensors_imu_bridge:/home/eceteam4/ECE480Team4/install/sensors_camera_node:/home/eceteam4/ECE480Team4/install/racing_line:/home/eceteam4/ECE480Team4/install/perception_sync_node:/home/eceteam4/ECE480Team4/install/perception_ml_node:/home/eceteam4/ECE480Team4/install/obstacle_det:/home/eceteam4/ECE480Team4/install/lane_follow:/home/eceteam4/ECE480Team4/install/bot_slam:/opt/ros/humble /usr/bin/cmake --install /home/eceteam4/ECE480Team4/build/curvy_road
[2.520s] -- Install configuration: ""
[2.520s] -- Execute custom install script
[2.520s] -- Up-to-date symlink: /home/eceteam4/ECE480Team4/install/curvy_road/share/curvy_road//launch/curvy_road.launch.py
[2.520s] -- Up-to-date symlink: /home/eceteam4/ECE480Team4/install/curvy_road/share/curvy_road//launch/empty_world.launch.py
[2.520s] -- Up-to-date symlink: /home/eceteam4/ECE480Team4/install/curvy_road/share/curvy_road//launch/robot_state_publisher.launch.py
[2.520s] -- Up-to-date symlink: /home/eceteam4/ECE480Team4/install/curvy_road/share/curvy_road//launch/turtlebot3_world.launch.py
[2.521s] -- Up-to-date symlink: /home/eceteam4/ECE480Team4/install/curvy_road/share/curvy_road//models/turtlebot3_burger/meshes/burger_base.dae
[2.521s] -- Up-to-date symlink: /home/eceteam4/ECE480Team4/install/curvy_road/share/curvy_road//models/turtlebot3_burger/meshes/lds.dae
[2.521s] -- Up-to-date symlink: /home/eceteam4/ECE480Team4/install/curvy_road/share/curvy_road//models/turtlebot3_burger/meshes/tire.dae
[2.521s] -- Up-to-date symlink: /home/eceteam4/ECE480Team4/install/curvy_road/share/curvy_road//models/turtlebot3_burger/model-1_4.sdf
[2.521s] -- Up-to-date symlink: /home/eceteam4/ECE480Team4/install/curvy_road/share/curvy_road//models/turtlebot3_burger/model.config
[2.521s] -- Up-to-date symlink: /home/eceteam4/ECE480Team4/install/curvy_road/share/curvy_road//models/turtlebot3_burger/model.sdf
[2.521s] -- Up-to-date symlink: /home/eceteam4/ECE480Team4/install/curvy_road/share/curvy_road//models/turtlebot3_curvy_road/course/materials/scripts/course.material
[2.521s] -- Up-to-date symlink: /home/eceteam4/ECE480Team4/install/curvy_road/share/curvy_road//models/turtlebot3_curvy_road/course/materials/textures/road_2.png
[2.523s] -- Up-to-date symlink: /home/eceteam4/ECE480Team4/install/curvy_road/share/curvy_road//models/turtlebot3_curvy_road/course/materials/textures/road_3.png
[2.528s] -- Up-to-date symlink: /home/eceteam4/ECE480Team4/install/curvy_road/share/curvy_road//models/turtlebot3_curvy_road/course/model.config
[2.529s] -- Up-to-date symlink: /home/eceteam4/ECE480Team4/install/curvy_road/share/curvy_road//models/turtlebot3_curvy_road/course/model.sdf
[2.530s] -- Up-to-date symlink: /home/eceteam4/ECE480Team4/install/curvy_road/share/curvy_road//models/turtlebot3_curvy_road/curvy_road/model.config
[2.531s] -- Up-to-date symlink: /home/eceteam4/ECE480Team4/install/curvy_road/share/curvy_road//models/turtlebot3_curvy_road/curvy_road/model.sdf
[2.531s] -- Up-to-date symlink: /home/eceteam4/ECE480Team4/install/curvy_road/share/curvy_road//models/turtlebot3_curvy_road/curvy_road_world/model.config
[2.532s] -- Up-to-date symlink: /home/eceteam4/ECE480Team4/install/curvy_road/share/curvy_road//models/turtlebot3_curvy_road/curvy_road_world/model.sdf
[2.532s] -- Up-to-date symlink: /home/eceteam4/ECE480Team4/install/curvy_road/share/curvy_road//models/turtlebot3_curvy_road/model.config
[2.533s] -- Up-to-date symlink: /home/eceteam4/ECE480Team4/install/curvy_road/share/curvy_road//models/turtlebot3_curvy_road/traffic_parking/materials/scripts/traffic_parking.material
[2.539s] -- Up-to-date symlink: /home/eceteam4/ECE480Team4/install/curvy_road/share/curvy_road//models/turtlebot3_curvy_road/traffic_parking/materials/textures/traffic_parking.png
[2.540s] -- Up-to-date symlink: /home/eceteam4/ECE480Team4/install/curvy_road/share/curvy_road//models/turtlebot3_curvy_road/traffic_parking/model.config
[2.540s] -- Up-to-date symlink: /home/eceteam4/ECE480Team4/install/curvy_road/share/curvy_road//models/turtlebot3_curvy_road/traffic_parking/model.sdf
[2.540s] -- Up-to-date symlink: /home/eceteam4/ECE480Team4/install/curvy_road/share/curvy_road//models/turtlebot3_waffle/meshes/lds.dae
[2.540s] -- Up-to-date symlink: /home/eceteam4/ECE480Team4/install/curvy_road/share/curvy_road//models/turtlebot3_waffle/meshes/r200.dae
[2.540s] -- Up-to-date symlink: /home/eceteam4/ECE480Team4/install/curvy_road/share/curvy_road//models/turtlebot3_waffle/meshes/tire.dae
[2.540s] -- Up-to-date symlink: /home/eceteam4/ECE480Team4/install/curvy_road/share/curvy_road//models/turtlebot3_waffle/meshes/waffle_base.dae
[2.543s] -- Up-to-date symlink: /home/eceteam4/ECE480Team4/install/curvy_road/share/curvy_road//models/turtlebot3_waffle/model-1_4.sdf
[2.546s] -- Up-to-date symlink: /home/eceteam4/ECE480Team4/install/curvy_road/share/curvy_road//models/turtlebot3_waffle/model.config
[2.549s] -- Up-to-date symlink: /home/eceteam4/ECE480Team4/install/curvy_road/share/curvy_road//models/turtlebot3_waffle/model.sdf
[2.551s] -- Up-to-date symlink: /home/eceteam4/ECE480Team4/install/curvy_road/share/curvy_road//models/turtlebot3_waffle_pi/meshes/lds.dae
[2.551s] -- Up-to-date symlink: /home/eceteam4/ECE480Team4/install/curvy_road/share/curvy_road//models/turtlebot3_waffle_pi/meshes/tire.dae
[2.551s] -- Up-to-date symlink: /home/eceteam4/ECE480Team4/install/curvy_road/share/curvy_road//models/turtlebot3_waffle_pi/meshes/waffle_pi_base.dae
[2.551s] -- Up-to-date symlink: /home/eceteam4/ECE480Team4/install/curvy_road/share/curvy_road//models/turtlebot3_waffle_pi/model-1_4_.sdf
[2.551s] -- Up-to-date symlink: /home/eceteam4/ECE480Team4/install/curvy_road/share/curvy_road//models/turtlebot3_waffle_pi/model.config
[2.554s] -- Up-to-date symlink: /home/eceteam4/ECE480Team4/install/curvy_road/share/curvy_road//models/turtlebot3_waffle_pi/model.sdf
[2.554s] -- Up-to-date symlink: /home/eceteam4/ECE480Team4/install/curvy_road/share/curvy_road//models/turtlebot3_waffle_robot1/meshes/lds.dae
[2.554s] -- Up-to-date symlink: /home/eceteam4/ECE480Team4/install/curvy_road/share/curvy_road//models/turtlebot3_waffle_robot1/meshes/r200.dae
[2.554s] -- Up-to-date symlink: /home/eceteam4/ECE480Team4/install/curvy_road/share/curvy_road//models/turtlebot3_waffle_robot1/meshes/tire.dae
[2.556s] -- Up-to-date symlink: /home/eceteam4/ECE480Team4/install/curvy_road/share/curvy_road//models/turtlebot3_waffle_robot1/meshes/waffle_base.dae
[2.558s] -- Up-to-date symlink: /home/eceteam4/ECE480Team4/install/curvy_road/share/curvy_road//models/turtlebot3_waffle_robot1/model-1_4.sdf
[2.559s] -- Up-to-date symlink: /home/eceteam4/ECE480Team4/install/curvy_road/share/curvy_road//models/turtlebot3_waffle_robot1/model.config
[2.559s] -- Up-to-date symlink: /home/eceteam4/ECE480Team4/install/curvy_road/share/curvy_road//models/turtlebot3_waffle_robot1/model.sdf
[2.560s] -- Up-to-date symlink: /home/eceteam4/ECE480Team4/install/curvy_road/share/curvy_road//models/turtlebot3_world/meshes/hexagon.dae
[2.560s] -- Up-to-date symlink: /home/eceteam4/ECE480Team4/install/curvy_road/share/curvy_road//models/turtlebot3_world/meshes/wall.dae
[2.560s] -- Up-to-date symlink: /home/eceteam4/ECE480Team4/install/curvy_road/share/curvy_road//models/turtlebot3_world/model-1_4.sdf
[2.560s] -- Up-to-date symlink: /home/eceteam4/ECE480Team4/install/curvy_road/share/curvy_road//models/turtlebot3_world/model.config
[2.561s] -- Up-to-date symlink: /home/eceteam4/ECE480Team4/install/curvy_road/share/curvy_road//models/turtlebot3_world/model.sdf
[2.561s] -- Up-to-date symlink: /home/eceteam4/ECE480Team4/install/curvy_road/share/curvy_road//rviz/tb3_gazebo.rviz
[2.562s] -- Up-to-date symlink: /home/eceteam4/ECE480Team4/install/curvy_road/share/curvy_road//worlds/empty_worlds/burger.model
[2.562s] -- Up-to-date symlink: /home/eceteam4/ECE480Team4/install/curvy_road/share/curvy_road//worlds/empty_worlds/waffle.model
[2.564s] -- Up-to-date symlink: /home/eceteam4/ECE480Team4/install/curvy_road/share/curvy_road//worlds/empty_worlds/waffle_pi.model
[2.566s] -- Up-to-date symlink: /home/eceteam4/ECE480Team4/install/curvy_road/share/curvy_road//worlds/turtlebot3_curvy_road/burger.model
[2.568s] -- Up-to-date symlink: /home/eceteam4/ECE480Team4/install/curvy_road/share/curvy_road//worlds/turtlebot3_curvy_road/waffle.model
[2.573s] -- Up-to-date symlink: /home/eceteam4/ECE480Team4/install/curvy_road/share/curvy_road//worlds/turtlebot3_curvy_road/waffle_pi.model
[2.587s] -- Up-to-date symlink: /home/eceteam4/ECE480Team4/install/curvy_road/share/curvy_road//worlds/turtlebot3_worlds/burger.model
[2.587s] -- Up-to-date symlink: /home/eceteam4/ECE480Team4/install/curvy_road/share/curvy_road//worlds/turtlebot3_worlds/waffle.model
[2.588s] -- Up-to-date symlink: /home/eceteam4/ECE480Team4/install/curvy_road/share/curvy_road//worlds/turtlebot3_worlds/waffle_pi.model
[2.588s] -- Up-to-date symlink: /home/eceteam4/ECE480Team4/install/curvy_road/share/ament_index/resource_index/package_run_dependencies/curvy_road
[2.588s] -- Up-to-date symlink: /home/eceteam4/ECE480Team4/install/curvy_road/share/ament_index/resource_index/parent_prefix_path/curvy_road
[2.588s] -- Up-to-date symlink: /home/eceteam4/ECE480Team4/install/curvy_road/share/curvy_road/environment/ament_prefix_path.sh
[2.589s] -- Up-to-date symlink: /home/eceteam4/ECE480Team4/install/curvy_road/share/curvy_road/environment/ament_prefix_path.dsv
[2.589s] -- Up-to-date symlink: /home/eceteam4/ECE480Team4/install/curvy_road/share/curvy_road/environment/path.sh
[2.590s] -- Up-to-date symlink: /home/eceteam4/ECE480Team4/install/curvy_road/share/curvy_road/environment/path.dsv
[2.590s] -- Up-to-date symlink: /home/eceteam4/ECE480Team4/install/curvy_road/share/curvy_road/local_setup.bash
[2.590s] -- Up-to-date symlink: /home/eceteam4/ECE480Team4/install/curvy_road/share/curvy_road/local_setup.sh
[2.590s] -- Up-to-date symlink: /home/eceteam4/ECE480Team4/install/curvy_road/share/curvy_road/local_setup.zsh
[2.591s] -- Up-to-date symlink: /home/eceteam4/ECE480Team4/install/curvy_road/share/curvy_road/local_setup.dsv
[2.591s] -- Symlinking: /home/eceteam4/ECE480Team4/install/curvy_road/share/curvy_road/package.dsv
[2.591s] -- Up-to-date symlink: /home/eceteam4/ECE480Team4/install/curvy_road/share/ament_index/resource_index/packages/curvy_road
[2.591s] -- Up-to-date symlink: /home/eceteam4/ECE480Team4/install/curvy_road/share/curvy_road/cmake/ament_cmake_export_include_directories-extras.cmake
[2.591s] -- Up-to-date symlink: /home/eceteam4/ECE480Team4/install/curvy_road/share/curvy_road/cmake/ament_cmake_export_dependencies-extras.cmake
[2.591s] -- Up-to-date symlink: /home/eceteam4/ECE480Team4/install/curvy_road/share/curvy_road/cmake/curvy_roadConfig.cmake
[2.592s] -- Up-to-date symlink: /home/eceteam4/ECE480Team4/install/curvy_road/share/curvy_road/cmake/curvy_roadConfig-version.cmake
[2.592s] -- Up-to-date symlink: /home/eceteam4/ECE480Team4/install/curvy_road/share/curvy_road/package.xml
[2.695s] Invoked command in '/home/eceteam4/ECE480Team4/build/curvy_road' returned '0': CMAKE_PREFIX_PATH=${CMAKE_PREFIX_PATH}:/home/eceteam4/ECE480Team4/install/vesc_control:/home/eceteam4/ECE480Team4/install/sensors_lidar_bridge:/home/eceteam4/ECE480Team4/install/sensors_imu_bridge:/home/eceteam4/ECE480Team4/install/sensors_camera_node:/home/eceteam4/ECE480Team4/install/racing_line:/home/eceteam4/ECE480Team4/install/perception_sync_node:/home/eceteam4/ECE480Team4/install/perception_ml_node:/home/eceteam4/ECE480Team4/install/obstacle_det:/home/eceteam4/ECE480Team4/install/lane_follow:/home/eceteam4/ECE480Team4/install/bot_slam:/opt/ros/humble /usr/bin/cmake --install /home/eceteam4/ECE480Team4/build/curvy_road
