[1.048s] Invoking command in '/mnt/home/leflarsa/av/ECE480Team4/ros2_ws/build/sensors_imu_bridge': PS1=humble:\u@\h:\w\$ PYTHONPATH=/mnt/home/leflarsa/av/ECE480Team4/ros2_ws/build/sensors_imu_bridge/prefix_override:/usr/lib/python3/dist-packages/colcon_core/task/python/colcon_distutils_commands:/mnt/home/leflarsa/av/ECE480Team4/ros2_ws/install/sensors_imu_bridge/lib/python3.10/site-packages:${PYTHONPATH} /usr/bin/python3 -W ignore:setup.py install is deprecated -W ignore:easy_install command is deprecated setup.py develop --editable --build-directory /mnt/home/leflarsa/av/ECE480Team4/ros2_ws/build/sensors_imu_bridge/build --no-deps symlink_data
[1.321s] running develop
[1.492s] running egg_info
[1.492s] creating sensors_imu_bridge.egg-info
[1.496s] writing sensors_imu_bridge.egg-info/PKG-INFO
[1.501s] writing dependency_links to sensors_imu_bridge.egg-info/dependency_links.txt
[1.503s] writing entry points to sensors_imu_bridge.egg-info/entry_points.txt
[1.505s] writing requirements to sensors_imu_bridge.egg-info/requires.txt
[1.507s] writing top-level names to sensors_imu_bridge.egg-info/top_level.txt
[1.509s] writing manifest file 'sensors_imu_bridge.egg-info/SOURCES.txt'
[1.522s] reading manifest file 'sensors_imu_bridge.egg-info/SOURCES.txt'
[1.522s] writing manifest file 'sensors_imu_bridge.egg-info/SOURCES.txt'
[1.522s] running build_ext
[1.522s] Creating /mnt/home/leflarsa/av/ECE480Team4/ros2_ws/install/sensors_imu_bridge/lib/python3.10/site-packages/sensors-imu-bridge.egg-link (link to .)
[1.523s] Installing sensors_imu_bridge script to /mnt/home/leflarsa/av/ECE480Team4/ros2_ws/install/sensors_imu_bridge/bin
[1.527s] 
[1.527s] Installed /mnt/home/leflarsa/av/ECE480Team4/ros2_ws/build/sensors_imu_bridge
[1.527s] running symlink_data
[1.527s] creating /mnt/home/leflarsa/av/ECE480Team4/ros2_ws/install/sensors_imu_bridge/share/ament_index
[1.529s] creating /mnt/home/leflarsa/av/ECE480Team4/ros2_ws/install/sensors_imu_bridge/share/ament_index/resource_index
[1.530s] creating /mnt/home/leflarsa/av/ECE480Team4/ros2_ws/install/sensors_imu_bridge/share/ament_index/resource_index/packages
[1.538s] error: can't copy '/mnt/home/leflarsa/av/ECE480Team4/ros2_ws/build/sensors_imu_bridge/resource/sensors_imu_bridge': doesn't exist or not a regular file
[1.557s] Invoked command in '/mnt/home/leflarsa/av/ECE480Team4/ros2_ws/build/sensors_imu_bridge' returned '1': PS1=humble:\u@\h:\w\$ PYTHONPATH=/mnt/home/leflarsa/av/ECE480Team4/ros2_ws/build/sensors_imu_bridge/prefix_override:/usr/lib/python3/dist-packages/colcon_core/task/python/colcon_distutils_commands:/mnt/home/leflarsa/av/ECE480Team4/ros2_ws/install/sensors_imu_bridge/lib/python3.10/site-packages:${PYTHONPATH} /usr/bin/python3 -W ignore:setup.py install is deprecated -W ignore:easy_install command is deprecated setup.py develop --editable --build-directory /mnt/home/leflarsa/av/ECE480Team4/ros2_ws/build/sensors_imu_bridge/build --no-deps symlink_data
