[0.048s] Invoking command in '/home/eceteam4/ECE480Team4/ros2_ws/build/vesc_driver': CMAKE_PREFIX_PATH=/opt/ros/humble /usr/bin/cmake /home/eceteam4/ECE480Team4/ros2_ws/src/vesc_driver -DAMENT_CMAKE_SYMLINK_INSTALL=1 -DCMAKE_INSTALL_PREFIX=/home/eceteam4/ECE480Team4/ros2_ws/install/vesc_driver
[1.618s] -- Found ament_cmake_auto: 1.3.13 (/opt/ros/humble/share/ament_cmake_auto/cmake)
[1.618s] -- Found Python3: /usr/bin/python3 (found version "3.10.12") found components: Interpreter 
[1.618s] -- Override CMake install command with custom implementation using symlinks instead of copying resources
[1.619s] -- Found rosidl_generator_c: 3.1.8 (/opt/ros/humble/share/rosidl_generator_c/cmake)
[1.620s] -- Found rosidl_adapter: 3.1.8 (/opt/ros/humble/share/rosidl_adapter/cmake)
[1.620s] -- Found rosidl_generator_cpp: 3.1.8 (/opt/ros/humble/share/rosidl_generator_cpp/cmake)
[1.620s] -- Using all available rosidl_typesupport_c: rosidl_typesupport_fastrtps_c;rosidl_typesupport_introspection_c
[1.620s] -- Using all available rosidl_typesupport_cpp: rosidl_typesupport_fastrtps_cpp;rosidl_typesupport_introspection_cpp
[1.620s] -- Found rmw_implementation_cmake: 6.1.2 (/opt/ros/humble/share/rmw_implementation_cmake/cmake)
[1.620s] -- Found rmw_fastrtps_cpp: 6.2.10 (/opt/ros/humble/share/rmw_fastrtps_cpp/cmake)
[1.620s] -- Found OpenSSL: /usr/lib/aarch64-linux-gnu/libcrypto.so (found version "3.0.2")  
[1.621s] -- Found FastRTPS: /opt/ros/humble/include  
[1.621s] -- Using RMW implementation 'rmw_fastrtps_cpp' as default
[1.621s] -- Looking for pthread.h
[1.621s] -- Looking for pthread.h - found
[1.621s] -- Performing Test CMAKE_HAVE_LIBC_PTHREAD
[1.737s] -- Performing Test CMAKE_HAVE_LIBC_PTHREAD - Success
[1.739s] -- Found Threads: TRUE  
[2.008s] -- Found asio_cmake_module: 1.2.0 (/opt/ros/humble/share/asio_cmake_module/cmake)
[2.012s] -- Found ASIO: /usr/include  
[2.219s] -- Found ament_lint_auto: 0.12.15 (/opt/ros/humble/share/ament_lint_auto/cmake)
[2.251s] [0mIn this package, headers install destination is set to `include` by ament_auto_package. It is recommended to install `include/vesc_driver` instead and will be the default behavior of ament_auto_package from ROS 2 Kilted Kaiju. On distributions before Kilted, ament_auto_package behaves the same way when you use USE_SCOPED_HEADER_INSTALL_DIR option.[0m
[2.262s] -- Added test 'copyright' to check source files copyright and LICENSE
[2.266s] -- Added test 'cppcheck' to perform static code analysis on C / C++ code
[2.266s] -- Configured cppcheck include dirs: /home/eceteam4/ECE480Team4/ros2_ws/src/vesc_driver/include
[2.266s] -- Configured cppcheck exclude dirs and/or files: 
[2.269s] -- Added test 'cpplint' to check C / C++ code against the Google style
[2.270s] -- Configured cpplint exclude dirs and/or files: 
[2.271s] -- Added test 'flake8' to check Python code syntax and style conventions
[2.272s] -- Added test 'lint_cmake' to check CMake code style
[2.273s] -- Added test 'pep257' to check Python code against some of the docstring style conventions in PEP 257
[2.275s] -- Added test 'uncrustify' to check C / C++ code style
[2.275s] -- Configured uncrustify additional arguments: 
[2.276s] -- Added test 'xmllint' to check XML markup files
[2.283s] -- Configuring done
[2.552s] -- Generating done
[2.569s] -- Build files have been written to: /home/eceteam4/ECE480Team4/ros2_ws/build/vesc_driver
[2.616s] Invoked command in '/home/eceteam4/ECE480Team4/ros2_ws/build/vesc_driver' returned '0': CMAKE_PREFIX_PATH=/opt/ros/humble /usr/bin/cmake /home/eceteam4/ECE480Team4/ros2_ws/src/vesc_driver -DAMENT_CMAKE_SYMLINK_INSTALL=1 -DCMAKE_INSTALL_PREFIX=/home/eceteam4/ECE480Team4/ros2_ws/install/vesc_driver
[2.617s] Invoking command in '/home/eceteam4/ECE480Team4/ros2_ws/build/vesc_driver': CMAKE_PREFIX_PATH=/opt/ros/humble /usr/bin/cmake --build /home/eceteam4/ECE480Team4/ros2_ws/build/vesc_driver -- -j6 -l6
[3.840s] [ 10%] [32mBuilding CXX object CMakeFiles/vesc_driver_node.dir/rclcpp_components/node_main_vesc_driver_node.cpp.o[0m
[3.840s] [ 20%] [32mBuilding CXX object CMakeFiles/vesc_driver.dir/src/vesc_driver.cpp.o[0m
[3.840s] [ 30%] [32mBuilding CXX object CMakeFiles/vesc_driver.dir/src/vesc_packet.cpp.o[0m
[3.841s] [ 40%] [32mBuilding CXX object CMakeFiles/vesc_driver.dir/src/vesc_interface.cpp.o[0m
[3.841s] [ 50%] [32mBuilding CXX object CMakeFiles/vesc_driver.dir/src/vesc_packet_factory.cpp.o[0m
[4.098s] In file included from [01m[K/home/eceteam4/ECE480Team4/ros2_ws/src/vesc_driver/src/vesc_driver.cpp:31[m[K:
[4.098s] [01m[K/home/eceteam4/ECE480Team4/ros2_ws/src/vesc_driver/include/vesc_driver/vesc_driver.hpp:41:10:[m[K [01;31m[Kfatal error: [m[Kvesc_msgs/msg/vesc_state.hpp: No such file or directory
[4.099s]    41 | #include [01;31m[K<vesc_msgs/msg/vesc_state.hpp>[m[K
[4.099s]       |          [01;31m[K^~~~~~~~~~~~~~~~~~~~~~~~~~~~~~[m[K
[4.099s] compilation terminated.
[4.121s] gmake[2]: *** [CMakeFiles/vesc_driver.dir/build.make:76: CMakeFiles/vesc_driver.dir/src/vesc_driver.cpp.o] Error 1
[4.121s] gmake[2]: *** Waiting for unfinished jobs....
[9.882s] gmake[1]: *** [CMakeFiles/Makefile2:141: CMakeFiles/vesc_driver.dir/all] Error 2
[9.882s] gmake[1]: *** Waiting for unfinished jobs....
[12.763s] [ 60%] [32m[1mLinking CXX executable vesc_driver_node[0m
[13.617s] [ 60%] Built target vesc_driver_node
[13.620s] gmake: *** [Makefile:146: all] Error 2
