[0.780s] Invoking command in '/mnt/home/leflarsa/av/ECE480Team4/ros2_ws/build/sensors_imu_bridge': PS1=humble:\u@\h:\w\$ PYTHONPATH=/mnt/home/leflarsa/av/ECE480Team4/ros2_ws/build/sensors_imu_bridge/prefix_override:/usr/lib/python3/dist-packages/colcon_core/task/python/colcon_distutils_commands:/mnt/home/leflarsa/av/ECE480Team4/ros2_ws/install/sensors_imu_bridge/lib/python3.10/site-packages:${PYTHONPATH} /usr/bin/python3 -W ignore:setup.py install is deprecated -W ignore:easy_install command is deprecated setup.py develop --editable --build-directory /mnt/home/leflarsa/av/ECE480Team4/ros2_ws/build/sensors_imu_bridge/build --no-deps symlink_data
[1.036s] running develop
[1.218s] running egg_info
[1.218s] writing sensors_imu_bridge.egg-info/PKG-INFO
[1.221s] writing dependency_links to sensors_imu_bridge.egg-info/dependency_links.txt
[1.223s] writing entry points to sensors_imu_bridge.egg-info/entry_points.txt
[1.226s] writing requirements to sensors_imu_bridge.egg-info/requires.txt
[1.228s] writing top-level names to sensors_imu_bridge.egg-info/top_level.txt
[1.234s] reading manifest file 'sensors_imu_bridge.egg-info/SOURCES.txt'
[1.237s] writing manifest file 'sensors_imu_bridge.egg-info/SOURCES.txt'
[1.240s] running build_ext
[1.240s] Creating /mnt/home/leflarsa/av/ECE480Team4/ros2_ws/install/sensors_imu_bridge/lib/python3.10/site-packages/sensors-imu-bridge.egg-link (link to .)
[1.244s] Installing sensors_imu_bridge script to /mnt/home/leflarsa/av/ECE480Team4/ros2_ws/install/sensors_imu_bridge/bin
[1.249s] 
[1.249s] Installed /mnt/home/leflarsa/av/ECE480Team4/ros2_ws/build/sensors_imu_bridge
[1.250s] running symlink_data
[1.251s] symbolically linking /mnt/home/leflarsa/av/ECE480Team4/ros2_ws/build/sensors_imu_bridge/resource/sensors_imu_bridge -> /mnt/home/leflarsa/av/ECE480Team4/ros2_ws/install/sensors_imu_bridge/share/ament_index/resource_index/packages
[1.252s] symbolically linking /mnt/home/leflarsa/av/ECE480Team4/ros2_ws/build/sensors_imu_bridge/package.xml -> /mnt/home/leflarsa/av/ECE480Team4/ros2_ws/install/sensors_imu_bridge/share/sensors_imu_bridge
[1.254s] creating /mnt/home/leflarsa/av/ECE480Team4/ros2_ws/install/sensors_imu_bridge/share/sensors_imu_bridge/launch
[1.255s] symbolically linking /mnt/home/leflarsa/av/ECE480Team4/ros2_ws/build/sensors_imu_bridge/launch/imu.launch.py -> /mnt/home/leflarsa/av/ECE480Team4/ros2_ws/install/sensors_imu_bridge/share/sensors_imu_bridge/launch
[1.278s] Invoked command in '/mnt/home/leflarsa/av/ECE480Team4/ros2_ws/build/sensors_imu_bridge' returned '0': PS1=humble:\u@\h:\w\$ PYTHONPATH=/mnt/home/leflarsa/av/ECE480Team4/ros2_ws/build/sensors_imu_bridge/prefix_override:/usr/lib/python3/dist-packages/colcon_core/task/python/colcon_distutils_commands:/mnt/home/leflarsa/av/ECE480Team4/ros2_ws/install/sensors_imu_bridge/lib/python3.10/site-packages:${PYTHONPATH} /usr/bin/python3 -W ignore:setup.py install is deprecated -W ignore:easy_install command is deprecated setup.py develop --editable --build-directory /mnt/home/leflarsa/av/ECE480Team4/ros2_ws/build/sensors_imu_bridge/build --no-deps symlink_data
