[0.133s] Invoking command in '/home/eceteam4/ECE480Team4/build/curvy_road': CMAKE_PREFIX_PATH=${CMAKE_PREFIX_PATH}:/home/eceteam4/ECE480Team4/install/vesc_control:/home/eceteam4/ECE480Team4/install/sensors_lidar_bridge:/home/eceteam4/ECE480Team4/install/sensors_imu_bridge:/home/eceteam4/ECE480Team4/install/sensors_camera_node:/home/eceteam4/ECE480Team4/install/perception_sync_node:/home/eceteam4/ECE480Team4/install/perception_ml_node:/home/eceteam4/ECE480Team4/install/obstacle_det:/home/eceteam4/ECE480Team4/install/lane_follow:/opt/ros/humble /usr/bin/cmake --build /home/eceteam4/ECE480Team4/build/curvy_road -- -j6 -l6
[2.762s] Invoked command in '/home/eceteam4/ECE480Team4/build/curvy_road' returned '0': CMAKE_PREFIX_PATH=${CMAKE_PREFIX_PATH}:/home/eceteam4/ECE480Team4/install/vesc_control:/home/eceteam4/ECE480Team4/install/sensors_lidar_bridge:/home/eceteam4/ECE480Team4/install/sensors_imu_bridge:/home/eceteam4/ECE480Team4/install/sensors_camera_node:/home/eceteam4/ECE480Team4/install/perception_sync_node:/home/eceteam4/ECE480Team4/install/perception_ml_node:/home/eceteam4/ECE480Team4/install/obstacle_det:/home/eceteam4/ECE480Team4/install/lane_follow:/opt/ros/humble /usr/bin/cmake --build /home/eceteam4/ECE480Team4/build/curvy_road -- -j6 -l6
[2.786s] Invoking command in '/home/eceteam4/ECE480Team4/build/curvy_road': CMAKE_PREFIX_PATH=${CMAKE_PREFIX_PATH}:/home/eceteam4/ECE480Team4/install/vesc_control:/home/eceteam4/ECE480Team4/install/sensors_lidar_bridge:/home/eceteam4/ECE480Team4/install/sensors_imu_bridge:/home/eceteam4/ECE480Team4/install/sensors_camera_node:/home/eceteam4/ECE480Team4/install/perception_sync_node:/home/eceteam4/ECE480Team4/install/perception_ml_node:/home/eceteam4/ECE480Team4/install/obstacle_det:/home/eceteam4/ECE480Team4/install/lane_follow:/opt/ros/humble /usr/bin/cmake --install /home/eceteam4/ECE480Team4/build/curvy_road
[2.803s] -- Install configuration: ""
[2.812s] -- Execute custom install script
[2.814s] -- Up-to-date symlink: /home/eceteam4/ECE480Team4/install/curvy_road/share/curvy_road//launch/curvy_road.launch.py
[2.815s] -- Up-to-date symlink: /home/eceteam4/ECE480Team4/install/curvy_road/share/curvy_road//launch/empty_world.launch.py
[2.815s] -- Up-to-date symlink: /home/eceteam4/ECE480Team4/install/curvy_road/share/curvy_road//launch/robot_state_publisher.launch.py
[2.817s] -- Up-to-date symlink: /home/eceteam4/ECE480Team4/install/curvy_road/share/curvy_road//launch/turtlebot3_world.launch.py
[2.844s] -- Up-to-date symlink: /home/eceteam4/ECE480Team4/install/curvy_road/share/curvy_road//models/turtlebot3_burger/meshes/burger_base.dae
[2.845s] -- Up-to-date symlink: /home/eceteam4/ECE480Team4/install/curvy_road/share/curvy_road//models/turtlebot3_burger/meshes/lds.dae
[2.845s] -- Up-to-date symlink: /home/eceteam4/ECE480Team4/install/curvy_road/share/curvy_road//models/turtlebot3_burger/meshes/tire.dae
[2.846s] -- Up-to-date symlink: /home/eceteam4/ECE480Team4/install/curvy_road/share/curvy_road//models/turtlebot3_burger/model-1_4.sdf
[2.850s] -- Up-to-date symlink: /home/eceteam4/ECE480Team4/install/curvy_road/share/curvy_road//models/turtlebot3_burger/model.config
[2.850s] -- Up-to-date symlink: /home/eceteam4/ECE480Team4/install/curvy_road/share/curvy_road//models/turtlebot3_burger/model.sdf
[2.855s] -- Up-to-date symlink: /home/eceteam4/ECE480Team4/install/curvy_road/share/curvy_road//models/turtlebot3_curvy_road/course/materials/scripts/course.material
[2.860s] -- Up-to-date symlink: /home/eceteam4/ECE480Team4/install/curvy_road/share/curvy_road//models/turtlebot3_curvy_road/course/materials/textures/road_2.png
[2.861s] -- Up-to-date symlink: /home/eceteam4/ECE480Team4/install/curvy_road/share/curvy_road//models/turtlebot3_curvy_road/course/materials/textures/road_3.png
[2.862s] -- Up-to-date symlink: /home/eceteam4/ECE480Team4/install/curvy_road/share/curvy_road//models/turtlebot3_curvy_road/course/model.config
[2.867s] -- Up-to-date symlink: /home/eceteam4/ECE480Team4/install/curvy_road/share/curvy_road//models/turtlebot3_curvy_road/course/model.sdf
[2.868s] -- Up-to-date symlink: /home/eceteam4/ECE480Team4/install/curvy_road/share/curvy_road//models/turtlebot3_curvy_road/curvy_road/model.config
[2.869s] -- Up-to-date symlink: /home/eceteam4/ECE480Team4/install/curvy_road/share/curvy_road//models/turtlebot3_curvy_road/curvy_road/model.sdf
[2.871s] -- Up-to-date symlink: /home/eceteam4/ECE480Team4/install/curvy_road/share/curvy_road//models/turtlebot3_curvy_road/curvy_road_world/model.config
[2.872s] -- Up-to-date symlink: /home/eceteam4/ECE480Team4/install/curvy_road/share/curvy_road//models/turtlebot3_curvy_road/curvy_road_world/model.sdf
[2.874s] -- Up-to-date symlink: /home/eceteam4/ECE480Team4/install/curvy_road/share/curvy_road//models/turtlebot3_curvy_road/model.config
[2.876s] -- Up-to-date symlink: /home/eceteam4/ECE480Team4/install/curvy_road/share/curvy_road//models/turtlebot3_curvy_road/traffic_parking/materials/scripts/traffic_parking.material
[2.880s] -- Up-to-date symlink: /home/eceteam4/ECE480Team4/install/curvy_road/share/curvy_road//models/turtlebot3_curvy_road/traffic_parking/materials/textures/traffic_parking.png
[2.880s] -- Up-to-date symlink: /home/eceteam4/ECE480Team4/install/curvy_road/share/curvy_road//models/turtlebot3_curvy_road/traffic_parking/model.config
[2.880s] -- Up-to-date symlink: /home/eceteam4/ECE480Team4/install/curvy_road/share/curvy_road//models/turtlebot3_curvy_road/traffic_parking/model.sdf
[2.882s] -- Up-to-date symlink: /home/eceteam4/ECE480Team4/install/curvy_road/share/curvy_road//models/turtlebot3_waffle/meshes/lds.dae
[2.883s] -- Up-to-date symlink: /home/eceteam4/ECE480Team4/install/curvy_road/share/curvy_road//models/turtlebot3_waffle/meshes/r200.dae
[2.883s] -- Up-to-date symlink: /home/eceteam4/ECE480Team4/install/curvy_road/share/curvy_road//models/turtlebot3_waffle/meshes/tire.dae
[2.885s] -- Up-to-date symlink: /home/eceteam4/ECE480Team4/install/curvy_road/share/curvy_road//models/turtlebot3_waffle/meshes/waffle_base.dae
[2.886s] -- Up-to-date symlink: /home/eceteam4/ECE480Team4/install/curvy_road/share/curvy_road//models/turtlebot3_waffle/model-1_4.sdf
[2.887s] -- Up-to-date symlink: /home/eceteam4/ECE480Team4/install/curvy_road/share/curvy_road//models/turtlebot3_waffle/model.config
[2.888s] -- Up-to-date symlink: /home/eceteam4/ECE480Team4/install/curvy_road/share/curvy_road//models/turtlebot3_waffle/model.sdf
[2.890s] -- Up-to-date symlink: /home/eceteam4/ECE480Team4/install/curvy_road/share/curvy_road//models/turtlebot3_waffle_pi/meshes/lds.dae
[2.899s] -- Up-to-date symlink: /home/eceteam4/ECE480Team4/install/curvy_road/share/curvy_road//models/turtlebot3_waffle_pi/meshes/tire.dae
[2.900s] -- Up-to-date symlink: /home/eceteam4/ECE480Team4/install/curvy_road/share/curvy_road//models/turtlebot3_waffle_pi/meshes/waffle_pi_base.dae
[2.900s] -- Up-to-date symlink: /home/eceteam4/ECE480Team4/install/curvy_road/share/curvy_road//models/turtlebot3_waffle_pi/model-1_4_.sdf
[2.900s] -- Up-to-date symlink: /home/eceteam4/ECE480Team4/install/curvy_road/share/curvy_road//models/turtlebot3_waffle_pi/model.config
[2.902s] -- Up-to-date symlink: /home/eceteam4/ECE480Team4/install/curvy_road/share/curvy_road//models/turtlebot3_waffle_pi/model.sdf
[2.904s] -- Up-to-date symlink: /home/eceteam4/ECE480Team4/install/curvy_road/share/curvy_road//models/turtlebot3_waffle_robot1/meshes/lds.dae
[2.905s] -- Up-to-date symlink: /home/eceteam4/ECE480Team4/install/curvy_road/share/curvy_road//models/turtlebot3_waffle_robot1/meshes/r200.dae
[2.905s] -- Up-to-date symlink: /home/eceteam4/ECE480Team4/install/curvy_road/share/curvy_road//models/turtlebot3_waffle_robot1/meshes/tire.dae
[2.906s] -- Up-to-date symlink: /home/eceteam4/ECE480Team4/install/curvy_road/share/curvy_road//models/turtlebot3_waffle_robot1/meshes/waffle_base.dae
[2.907s] -- Up-to-date symlink: /home/eceteam4/ECE480Team4/install/curvy_road/share/curvy_road//models/turtlebot3_waffle_robot1/model-1_4.sdf
[2.908s] -- Up-to-date symlink: /home/eceteam4/ECE480Team4/install/curvy_road/share/curvy_road//models/turtlebot3_waffle_robot1/model.config
[2.908s] -- Up-to-date symlink: /home/eceteam4/ECE480Team4/install/curvy_road/share/curvy_road//models/turtlebot3_waffle_robot1/model.sdf
[2.912s] -- Up-to-date symlink: /home/eceteam4/ECE480Team4/install/curvy_road/share/curvy_road//models/turtlebot3_world/meshes/hexagon.dae
[2.913s] -- Up-to-date symlink: /home/eceteam4/ECE480Team4/install/curvy_road/share/curvy_road//models/turtlebot3_world/meshes/wall.dae
[2.914s] -- Up-to-date symlink: /home/eceteam4/ECE480Team4/install/curvy_road/share/curvy_road//models/turtlebot3_world/model-1_4.sdf
[2.916s] -- Up-to-date symlink: /home/eceteam4/ECE480Team4/install/curvy_road/share/curvy_road//models/turtlebot3_world/model.config
[2.918s] -- Up-to-date symlink: /home/eceteam4/ECE480Team4/install/curvy_road/share/curvy_road//models/turtlebot3_world/model.sdf
[2.927s] -- Up-to-date symlink: /home/eceteam4/ECE480Team4/install/curvy_road/share/curvy_road//rviz/tb3_gazebo.rviz
[2.935s] -- Up-to-date symlink: /home/eceteam4/ECE480Team4/install/curvy_road/share/curvy_road//worlds/empty_worlds/burger.model
[2.936s] -- Up-to-date symlink: /home/eceteam4/ECE480Team4/install/curvy_road/share/curvy_road//worlds/empty_worlds/waffle.model
[2.942s] -- Up-to-date symlink: /home/eceteam4/ECE480Team4/install/curvy_road/share/curvy_road//worlds/empty_worlds/waffle_pi.model
[2.943s] -- Up-to-date symlink: /home/eceteam4/ECE480Team4/install/curvy_road/share/curvy_road//worlds/turtlebot3_curvy_road/burger.model
[2.943s] -- Up-to-date symlink: /home/eceteam4/ECE480Team4/install/curvy_road/share/curvy_road//worlds/turtlebot3_curvy_road/waffle.model
[2.943s] -- Up-to-date symlink: /home/eceteam4/ECE480Team4/install/curvy_road/share/curvy_road//worlds/turtlebot3_curvy_road/waffle_pi.model
[2.949s] -- Up-to-date symlink: /home/eceteam4/ECE480Team4/install/curvy_road/share/curvy_road//worlds/turtlebot3_worlds/burger.model
[2.950s] -- Up-to-date symlink: /home/eceteam4/ECE480Team4/install/curvy_road/share/curvy_road//worlds/turtlebot3_worlds/waffle.model
[2.950s] -- Up-to-date symlink: /home/eceteam4/ECE480Team4/install/curvy_road/share/curvy_road//worlds/turtlebot3_worlds/waffle_pi.model
[2.950s] -- Up-to-date symlink: /home/eceteam4/ECE480Team4/install/curvy_road/share/ament_index/resource_index/package_run_dependencies/curvy_road
[2.950s] -- Up-to-date symlink: /home/eceteam4/ECE480Team4/install/curvy_road/share/ament_index/resource_index/parent_prefix_path/curvy_road
[2.951s] -- Up-to-date symlink: /home/eceteam4/ECE480Team4/install/curvy_road/share/curvy_road/environment/ament_prefix_path.sh
[2.952s] -- Up-to-date symlink: /home/eceteam4/ECE480Team4/install/curvy_road/share/curvy_road/environment/ament_prefix_path.dsv
[2.952s] -- Up-to-date symlink: /home/eceteam4/ECE480Team4/install/curvy_road/share/curvy_road/environment/path.sh
[2.953s] -- Up-to-date symlink: /home/eceteam4/ECE480Team4/install/curvy_road/share/curvy_road/environment/path.dsv
[2.953s] -- Up-to-date symlink: /home/eceteam4/ECE480Team4/install/curvy_road/share/curvy_road/local_setup.bash
[2.955s] -- Up-to-date symlink: /home/eceteam4/ECE480Team4/install/curvy_road/share/curvy_road/local_setup.sh
[2.956s] -- Up-to-date symlink: /home/eceteam4/ECE480Team4/install/curvy_road/share/curvy_road/local_setup.zsh
[2.957s] -- Up-to-date symlink: /home/eceteam4/ECE480Team4/install/curvy_road/share/curvy_road/local_setup.dsv
[2.957s] -- Symlinking: /home/eceteam4/ECE480Team4/install/curvy_road/share/curvy_road/package.dsv
[2.989s] -- Up-to-date symlink: /home/eceteam4/ECE480Team4/install/curvy_road/share/ament_index/resource_index/packages/curvy_road
[2.996s] -- Up-to-date symlink: /home/eceteam4/ECE480Team4/install/curvy_road/share/curvy_road/cmake/ament_cmake_export_include_directories-extras.cmake
[2.998s] -- Up-to-date symlink: /home/eceteam4/ECE480Team4/install/curvy_road/share/curvy_road/cmake/ament_cmake_export_dependencies-extras.cmake
[2.998s] -- Up-to-date symlink: /home/eceteam4/ECE480Team4/install/curvy_road/share/curvy_road/cmake/curvy_roadConfig.cmake
[3.000s] -- Up-to-date symlink: /home/eceteam4/ECE480Team4/install/curvy_road/share/curvy_road/cmake/curvy_roadConfig-version.cmake
[3.001s] -- Up-to-date symlink: /home/eceteam4/ECE480Team4/install/curvy_road/share/curvy_road/package.xml
[3.009s] Invoked command in '/home/eceteam4/ECE480Team4/build/curvy_road' returned '0': CMAKE_PREFIX_PATH=${CMAKE_PREFIX_PATH}:/home/eceteam4/ECE480Team4/install/vesc_control:/home/eceteam4/ECE480Team4/install/sensors_lidar_bridge:/home/eceteam4/ECE480Team4/install/sensors_imu_bridge:/home/eceteam4/ECE480Team4/install/sensors_camera_node:/home/eceteam4/ECE480Team4/install/perception_sync_node:/home/eceteam4/ECE480Team4/install/perception_ml_node:/home/eceteam4/ECE480Team4/install/obstacle_det:/home/eceteam4/ECE480Team4/install/lane_follow:/opt/ros/humble /usr/bin/cmake --install /home/eceteam4/ECE480Team4/build/curvy_road
