[0.000000] (-) TimerEvent: {}
[0.000624] (-) JobUnselected: {'identifier': 'bot_slam'}
[0.001074] (-) JobUnselected: {'identifier': 'curvy_road'}
[0.001332] (-) JobUnselected: {'identifier': 'gazebo_world'}
[0.001561] (-) JobUnselected: {'identifier': 'kiss_icp'}
[0.001642] (-) JobUnselected: {'identifier': 'lane_follow'}
[0.001705] (-) JobUnselected: {'identifier': 'obstacle_det'}
[0.001766] (-) JobUnselected: {'identifier': 'perception_ml_node'}
[0.001827] (-) JobUnselected: {'identifier': 'perception_sync_node'}
[0.001888] (-) JobUnselected: {'identifier': 'sensors_camera_node'}
[0.001939] (-) JobUnselected: {'identifier': 'sensors_imu_bridge'}
[0.001997] (-) JobUnselected: {'identifier': 'sensors_lidar_bridge'}
[0.002043] (-) JobUnselected: {'identifier': 'vesc'}
[0.002090] (-) JobUnselected: {'identifier': 'vesc_ackermann'}
[0.002233] (-) JobUnselected: {'identifier': 'vesc_control'}
[0.002292] (-) JobUnselected: {'identifier': 'vesc_driver'}
[0.002326] (-) JobUnselected: {'identifier': 'vesc_msgs'}
[0.002386] (racing_line) JobQueued: {'identifier': 'racing_line', 'dependencies': OrderedDict()}
[0.002429] (racing_line) JobStarted: {'identifier': 'racing_line'}
[0.099450] (-) TimerEvent: {}
[0.200004] (-) TimerEvent: {}
[0.300585] (-) TimerEvent: {}
[0.401163] (-) TimerEvent: {}
[0.501742] (-) TimerEvent: {}
[0.602376] (-) TimerEvent: {}
[0.702952] (-) TimerEvent: {}
[0.803525] (-) TimerEvent: {}
[0.904083] (-) TimerEvent: {}
[1.004672] (-) TimerEvent: {}
[1.094670] (racing_line) Command: {'cmd': ['/usr/bin/python3', '-W', 'ignore:setup.py install is deprecated', '-W', 'ignore:easy_install command is deprecated', 'setup.py', 'develop', '--uninstall', '--editable', '--build-directory', '/home/eceteam4/ECE480Team4/ros2_ws/build/racing_line/build'], 'cwd': '/home/eceteam4/ECE480Team4/ros2_ws/build/racing_line', 'env': {'USER': 'eceteam4', 'XDG_SESSION_TYPE': 'x11', 'SHLVL': '1', 'HOME': '/home/eceteam4', 'DESKTOP_SESSION': 'ubuntu', 'GNOME_SHELL_SESSION_MODE': 'ubuntu', 'GTK_MODULES': 'gail:atk-bridge', 'SYSTEMD_EXEC_PID': '13201', 'DBUS_SESSION_BUS_ADDRESS': 'unix:path=/run/user/1000/bus', 'COLORTERM': 'truecolor', 'IM_CONFIG_PHASE': '1', 'GTK_IM_MODULE': 'ibus', 'LOGNAME': 'eceteam4', '_': '/usr/bin/colcon', 'XDG_SESSION_CLASS': 'user', 'PROMPT_DIRTRIM': '4', 'USERNAME': 'eceteam4', 'TERM': 'xterm-256color', 'GNOME_DESKTOP_SESSION_ID': 'this-is-deprecated', 'WINDOWPATH': '2', 'PATH': '/home/eceteam4/.local/bin:/usr/local/sbin:/usr/local/bin:/usr/sbin:/usr/bin:/sbin:/bin:/usr/games:/usr/local/games:/snap/bin:/snap/bin', 'SESSION_MANAGER': 'local/eceteam4-desktop:@/tmp/.ICE-unix/1934,unix/eceteam4-desktop:/tmp/.ICE-unix/1934', 'XDG_MENU_PREFIX': 'gnome-', 'GNOME_TERMINAL_SCREEN': '/org/gnome/Terminal/screen/958a42b6_0812_4b47_8527_836285b38088', 'XDG_RUNTIME_DIR': '/run/user/1000', 'DISPLAY': ':0', 'LANG': 'en_US.UTF-8', 'XDG_CURRENT_DESKTOP': 'ubuntu:GNOME', 'XMODIFIERS': '@im=ibus', 'XDG_SESSION_DESKTOP': 'ubuntu', 'XAUTHORITY': '/run/user/1000/gdm/Xauthority', 'GNOME_TERMINAL_SERVICE': ':1.147', 'SSH_AGENT_LAUNCHER': 'gnome-keyring', 'SSH_AUTH_SOCK': '/run/user/1000/keyring/ssh', 'SHELL': '/bin/bash', 'QT_ACCESSIBILITY': '1', 'GDMSESSION': 'ubuntu', 'GPG_AGENT_INFO': '/run/user/1000/gnupg/S.gpg-agent:0:1', 'QT_IM_MODULE': 'ibus', 'PWD': '/home/eceteam4/ECE480Team4/ros2_ws/build/racing_line', 'XDG_CONFIG_DIRS': '/etc/xdg/xdg-ubuntu:/etc/xdg', 'XDG_DATA_DIRS': '/usr/share/ubuntu:/usr/share/gnome:/usr/local/share/:/usr/share/:/var/lib/snapd/desktop', 'COLCON': '1', 'VTE_VERSION': '6800', 'PYTHONPATH': '/home/eceteam4/ECE480Team4/ros2_ws/build/racing_line/prefix_override:/usr/lib/python3/dist-packages/colcon_core/task/python/colcon_distutils_commands:/home/eceteam4/ECE480Team4/ros2_ws/install/racing_line/lib/python3.10/site-packages:'}, 'shell': False}
[1.104733] (-) TimerEvent: {}
[1.205169] (-) TimerEvent: {}
[1.305751] (-) TimerEvent: {}
[1.406410] (-) TimerEvent: {}
[1.507248] (racing_line) StdoutLine: {'line': b'running develop\n'}
[1.507788] (-) TimerEvent: {}
[1.608250] (-) TimerEvent: {}
[1.700475] (racing_line) StdoutLine: {'line': b'Removing /home/eceteam4/ECE480Team4/ros2_ws/install/racing_line/lib/python3.10/site-packages/racing-line.egg-link (link to .)\n'}
[1.708427] (-) TimerEvent: {}
[1.772965] (racing_line) CommandEnded: {'returncode': 0}
[1.777667] (racing_line) Command: {'cmd': ['/usr/bin/python3', '-W', 'ignore:setup.py install is deprecated', '-W', 'ignore:easy_install command is deprecated', 'setup.py', 'egg_info', '--egg-base', '../../build/racing_line', 'build', '--build-base', '/home/eceteam4/ECE480Team4/ros2_ws/build/racing_line/build', 'install', '--record', '/home/eceteam4/ECE480Team4/ros2_ws/build/racing_line/install.log', '--single-version-externally-managed', 'install_data', '--force'], 'cwd': '/home/eceteam4/ECE480Team4/ros2_ws/src/racing_line', 'env': {'USER': 'eceteam4', 'XDG_SESSION_TYPE': 'x11', 'SHLVL': '1', 'HOME': '/home/eceteam4', 'DESKTOP_SESSION': 'ubuntu', 'GNOME_SHELL_SESSION_MODE': 'ubuntu', 'GTK_MODULES': 'gail:atk-bridge', 'SYSTEMD_EXEC_PID': '13201', 'DBUS_SESSION_BUS_ADDRESS': 'unix:path=/run/user/1000/bus', 'COLORTERM': 'truecolor', 'IM_CONFIG_PHASE': '1', 'GTK_IM_MODULE': 'ibus', 'LOGNAME': 'eceteam4', '_': '/usr/bin/colcon', 'XDG_SESSION_CLASS': 'user', 'PROMPT_DIRTRIM': '4', 'USERNAME': 'eceteam4', 'TERM': 'xterm-256color', 'GNOME_DESKTOP_SESSION_ID': 'this-is-deprecated', 'WINDOWPATH': '2', 'PATH': '/home/eceteam4/.local/bin:/usr/local/sbin:/usr/local/bin:/usr/sbin:/usr/bin:/sbin:/bin:/usr/games:/usr/local/games:/snap/bin:/snap/bin', 'SESSION_MANAGER': 'local/eceteam4-desktop:@/tmp/.ICE-unix/1934,unix/eceteam4-desktop:/tmp/.ICE-unix/1934', 'XDG_MENU_PREFIX': 'gnome-', 'GNOME_TERMINAL_SCREEN': '/org/gnome/Terminal/screen/958a42b6_0812_4b47_8527_836285b38088', 'XDG_RUNTIME_DIR': '/run/user/1000', 'DISPLAY': ':0', 'LANG': 'en_US.UTF-8', 'XDG_CURRENT_DESKTOP': 'ubuntu:GNOME', 'XMODIFIERS': '@im=ibus', 'XDG_SESSION_DESKTOP': 'ubuntu', 'XAUTHORITY': '/run/user/1000/gdm/Xauthority', 'GNOME_TERMINAL_SERVICE': ':1.147', 'SSH_AGENT_LAUNCHER': 'gnome-keyring', 'SSH_AUTH_SOCK': '/run/user/1000/keyring/ssh', 'SHELL': '/bin/bash', 'QT_ACCESSIBILITY': '1', 'GDMSESSION': 'ubuntu', 'GPG_AGENT_INFO': '/run/user/1000/gnupg/S.gpg-agent:0:1', 'QT_IM_MODULE': 'ibus', 'PWD': '/home/eceteam4/ECE480Team4/ros2_ws/build/racing_line', 'XDG_CONFIG_DIRS': '/etc/xdg/xdg-ubuntu:/etc/xdg', 'XDG_DATA_DIRS': '/usr/share/ubuntu:/usr/share/gnome:/usr/local/share/:/usr/share/:/var/lib/snapd/desktop', 'COLCON': '1', 'VTE_VERSION': '6800', 'PYTHONPATH': '/home/eceteam4/ECE480Team4/ros2_ws/build/racing_line/prefix_override:/usr/lib/python3/dist-packages/colcon_core/task/python/colcon_distutils_commands:/home/eceteam4/ECE480Team4/ros2_ws/install/racing_line/lib/python3.10/site-packages:'}, 'shell': False}
[1.808547] (-) TimerEvent: {}
[1.909083] (-) TimerEvent: {}
[2.009633] (-) TimerEvent: {}
[2.110200] (-) TimerEvent: {}
[2.134941] (racing_line) StdoutLine: {'line': b'running egg_info\n'}
[2.136002] (racing_line) StdoutLine: {'line': b'writing ../../build/racing_line/racing_line.egg-info/PKG-INFO\n'}
[2.136984] (racing_line) StdoutLine: {'line': b'writing dependency_links to ../../build/racing_line/racing_line.egg-info/dependency_links.txt\n'}
[2.137236] (racing_line) StdoutLine: {'line': b'writing entry points to ../../build/racing_line/racing_line.egg-info/entry_points.txt\n'}
[2.137468] (racing_line) StdoutLine: {'line': b'writing requirements to ../../build/racing_line/racing_line.egg-info/requires.txt\n'}
[2.137594] (racing_line) StdoutLine: {'line': b'writing top-level names to ../../build/racing_line/racing_line.egg-info/top_level.txt\n'}
[2.140918] (racing_line) StdoutLine: {'line': b"reading manifest file '../../build/racing_line/racing_line.egg-info/SOURCES.txt'\n"}
[2.143980] (racing_line) StdoutLine: {'line': b"writing manifest file '../../build/racing_line/racing_line.egg-info/SOURCES.txt'\n"}
[2.144263] (racing_line) StdoutLine: {'line': b'running build\n'}
[2.144404] (racing_line) StdoutLine: {'line': b'running build_py\n'}
[2.144524] (racing_line) StdoutLine: {'line': b'creating /home/eceteam4/ECE480Team4/ros2_ws/build/racing_line/build\n'}
[2.144656] (racing_line) StdoutLine: {'line': b'creating /home/eceteam4/ECE480Team4/ros2_ws/build/racing_line/build/lib\n'}
[2.144781] (racing_line) StdoutLine: {'line': b'creating /home/eceteam4/ECE480Team4/ros2_ws/build/racing_line/build/lib/racing_line\n'}
[2.144889] (racing_line) StdoutLine: {'line': b'copying racing_line/lidar_racing_line.py -> /home/eceteam4/ECE480Team4/ros2_ws/build/racing_line/build/lib/racing_line\n'}
[2.148729] (racing_line) StdoutLine: {'line': b'copying racing_line/__init__.py -> /home/eceteam4/ECE480Team4/ros2_ws/build/racing_line/build/lib/racing_line\n'}
[2.152911] (racing_line) StdoutLine: {'line': b'copying racing_line/racing_line.py -> /home/eceteam4/ECE480Team4/ros2_ws/build/racing_line/build/lib/racing_line\n'}
[2.154802] (racing_line) StdoutLine: {'line': b'copying racing_line/lidar_racing_simple.py -> /home/eceteam4/ECE480Team4/ros2_ws/build/racing_line/build/lib/racing_line\n'}
[2.155576] (racing_line) StdoutLine: {'line': b'running install\n'}
[2.156264] (racing_line) StdoutLine: {'line': b'running install_lib\n'}
[2.157825] (racing_line) StdoutLine: {'line': b'creating /home/eceteam4/ECE480Team4/ros2_ws/install/racing_line/lib/python3.10/site-packages/racing_line\n'}
[2.158347] (racing_line) StdoutLine: {'line': b'copying /home/eceteam4/ECE480Team4/ros2_ws/build/racing_line/build/lib/racing_line/lidar_racing_line.py -> /home/eceteam4/ECE480Team4/ros2_ws/install/racing_line/lib/python3.10/site-packages/racing_line\n'}
[2.158737] (racing_line) StdoutLine: {'line': b'copying /home/eceteam4/ECE480Team4/ros2_ws/build/racing_line/build/lib/racing_line/__init__.py -> /home/eceteam4/ECE480Team4/ros2_ws/install/racing_line/lib/python3.10/site-packages/racing_line\n'}
[2.159002] (racing_line) StdoutLine: {'line': b'copying /home/eceteam4/ECE480Team4/ros2_ws/build/racing_line/build/lib/racing_line/racing_line.py -> /home/eceteam4/ECE480Team4/ros2_ws/install/racing_line/lib/python3.10/site-packages/racing_line\n'}
[2.159161] (racing_line) StdoutLine: {'line': b'copying /home/eceteam4/ECE480Team4/ros2_ws/build/racing_line/build/lib/racing_line/lidar_racing_simple.py -> /home/eceteam4/ECE480Team4/ros2_ws/install/racing_line/lib/python3.10/site-packages/racing_line\n'}
[2.159590] (racing_line) StdoutLine: {'line': b'byte-compiling /home/eceteam4/ECE480Team4/ros2_ws/install/racing_line/lib/python3.10/site-packages/racing_line/lidar_racing_line.py to lidar_racing_line.cpython-310.pyc\n'}
[2.162051] (racing_line) StdoutLine: {'line': b'byte-compiling /home/eceteam4/ECE480Team4/ros2_ws/install/racing_line/lib/python3.10/site-packages/racing_line/__init__.py to __init__.cpython-310.pyc\n'}
[2.162413] (racing_line) StdoutLine: {'line': b'byte-compiling /home/eceteam4/ECE480Team4/ros2_ws/install/racing_line/lib/python3.10/site-packages/racing_line/racing_line.py to racing_line.cpython-310.pyc\n'}
[2.165694] (racing_line) StdoutLine: {'line': b'byte-compiling /home/eceteam4/ECE480Team4/ros2_ws/install/racing_line/lib/python3.10/site-packages/racing_line/lidar_racing_simple.py to lidar_racing_simple.cpython-310.pyc\n'}
[2.166749] (racing_line) StdoutLine: {'line': b'running install_data\n'}
[2.166948] (racing_line) StdoutLine: {'line': b'copying resource/racing_line -> /home/eceteam4/ECE480Team4/ros2_ws/install/racing_line/share/ament_index/resource_index/packages\n'}
[2.168431] (racing_line) StdoutLine: {'line': b'copying package.xml -> /home/eceteam4/ECE480Team4/ros2_ws/install/racing_line/share/racing_line\n'}
[2.169140] (racing_line) StdoutLine: {'line': b'running install_egg_info\n'}
[2.172431] (racing_line) StdoutLine: {'line': b'Copying ../../build/racing_line/racing_line.egg-info to /home/eceteam4/ECE480Team4/ros2_ws/install/racing_line/lib/python3.10/site-packages/racing_line-0.0.0-py3.10.egg-info\n'}
[2.175264] (racing_line) StdoutLine: {'line': b'running install_scripts\n'}
[2.210342] (-) TimerEvent: {}
[2.211821] (racing_line) StdoutLine: {'line': b'Installing lidar_racing_line script to /home/eceteam4/ECE480Team4/ros2_ws/install/racing_line/lib/racing_line\n'}
[2.216499] (racing_line) StdoutLine: {'line': b'Installing lidar_racing_simple script to /home/eceteam4/ECE480Team4/ros2_ws/install/racing_line/lib/racing_line\n'}
[2.216728] (racing_line) StdoutLine: {'line': b'Installing racing_line script to /home/eceteam4/ECE480Team4/ros2_ws/install/racing_line/lib/racing_line\n'}
[2.217494] (racing_line) StdoutLine: {'line': b"writing list of installed files to '/home/eceteam4/ECE480Team4/ros2_ws/build/racing_line/install.log'\n"}
[2.280356] (racing_line) CommandEnded: {'returncode': 0}
[2.310531] (-) TimerEvent: {}
[2.328500] (racing_line) JobEnded: {'identifier': 'racing_line', 'rc': 0}
[2.330279] (-) EventReactorShutdown: {}
