[0.630s] Invoking command in '/home/eceteam4/ECE480Team4/build/curvy_road': CMAKE_PREFIX_PATH=${CMAKE_PREFIX_PATH}:/home/eceteam4/ECE480Team4/install/vesc_control:/home/eceteam4/ECE480Team4/install/sensors_lidar_bridge:/home/eceteam4/ECE480Team4/install/sensors_imu_bridge:/home/eceteam4/ECE480Team4/install/sensors_camera_node:/home/eceteam4/ECE480Team4/install/racing_line:/home/eceteam4/ECE480Team4/install/perception_sync_node:/home/eceteam4/ECE480Team4/install/perception_ml_node:/home/eceteam4/ECE480Team4/install/obstacle_det:/home/eceteam4/ECE480Team4/install/lane_follow:/home/eceteam4/ECE480Team4/install/bot_slam:/opt/ros/humble /usr/bin/cmake --build /home/eceteam4/ECE480Team4/build/curvy_road -- -j6 -l6
[1.755s] Invoked command in '/home/eceteam4/ECE480Team4/build/curvy_road' returned '0': CMAKE_PREFIX_PATH=${CMAKE_PREFIX_PATH}:/home/eceteam4/ECE480Team4/install/vesc_control:/home/eceteam4/ECE480Team4/install/sensors_lidar_bridge:/home/eceteam4/ECE480Team4/install/sensors_imu_bridge:/home/eceteam4/ECE480Team4/install/sensors_camera_node:/home/eceteam4/ECE480Team4/install/racing_line:/home/eceteam4/ECE480Team4/install/perception_sync_node:/home/eceteam4/ECE480Team4/install/perception_ml_node:/home/eceteam4/ECE480Team4/install/obstacle_det:/home/eceteam4/ECE480Team4/install/lane_follow:/home/eceteam4/ECE480Team4/install/bot_slam:/opt/ros/humble /usr/bin/cmake --build /home/eceteam4/ECE480Team4/build/curvy_road -- -j6 -l6
[1.786s] Invoking command in '/home/eceteam4/ECE480Team4/build/curvy_road': CMAKE_PREFIX_PATH=${CMAKE_PREFIX_PATH}:/home/eceteam4/ECE480Team4/install/vesc_control:/home/eceteam4/ECE480Team4/install/sensors_lidar_bridge:/home/eceteam4/ECE480Team4/install/sensors_imu_bridge:/home/eceteam4/ECE480Team4/install/sensors_camera_node:/home/eceteam4/ECE480Team4/install/racing_line:/home/eceteam4/ECE480Team4/install/perception_sync_node:/home/eceteam4/ECE480Team4/install/perception_ml_node:/home/eceteam4/ECE480Team4/install/obstacle_det:/home/eceteam4/ECE480Team4/install/lane_follow:/home/eceteam4/ECE480Team4/install/bot_slam:/opt/ros/humble /usr/bin/cmake --install /home/eceteam4/ECE480Team4/build/curvy_road
[1.808s] -- Install configuration: ""
[1.811s] -- Execute custom install script
[1.811s] -- Up-to-date symlink: /home/eceteam4/ECE480Team4/install/curvy_road/share/curvy_road//launch/curvy_road.launch.py
[1.812s] -- Up-to-date symlink: /home/eceteam4/ECE480Team4/install/curvy_road/share/curvy_road//launch/empty_world.launch.py
[1.812s] -- Up-to-date symlink: /home/eceteam4/ECE480Team4/install/curvy_road/share/curvy_road//launch/robot_state_publisher.launch.py
[1.814s] -- Up-to-date symlink: /home/eceteam4/ECE480Team4/install/curvy_road/share/curvy_road//launch/turtlebot3_world.launch.py
[1.838s] -- Up-to-date symlink: /home/eceteam4/ECE480Team4/install/curvy_road/share/curvy_road//models/turtlebot3_burger/meshes/burger_base.dae
[1.839s] -- Up-to-date symlink: /home/eceteam4/ECE480Team4/install/curvy_road/share/curvy_road//models/turtlebot3_burger/meshes/lds.dae
[1.840s] -- Up-to-date symlink: /home/eceteam4/ECE480Team4/install/curvy_road/share/curvy_road//models/turtlebot3_burger/meshes/tire.dae
[1.840s] -- Up-to-date symlink: /home/eceteam4/ECE480Team4/install/curvy_road/share/curvy_road//models/turtlebot3_burger/model-1_4.sdf
[1.841s] -- Up-to-date symlink: /home/eceteam4/ECE480Team4/install/curvy_road/share/curvy_road//models/turtlebot3_burger/model.config
[1.842s] -- Up-to-date symlink: /home/eceteam4/ECE480Team4/install/curvy_road/share/curvy_road//models/turtlebot3_burger/model.sdf
[1.845s] -- Up-to-date symlink: /home/eceteam4/ECE480Team4/install/curvy_road/share/curvy_road//models/turtlebot3_curvy_road/course/materials/scripts/course.material
[1.846s] -- Up-to-date symlink: /home/eceteam4/ECE480Team4/install/curvy_road/share/curvy_road//models/turtlebot3_curvy_road/course/materials/textures/road_2.png
[1.847s] -- Up-to-date symlink: /home/eceteam4/ECE480Team4/install/curvy_road/share/curvy_road//models/turtlebot3_curvy_road/course/materials/textures/road_3.png
[1.848s] -- Up-to-date symlink: /home/eceteam4/ECE480Team4/install/curvy_road/share/curvy_road//models/turtlebot3_curvy_road/course/model.config
[1.849s] -- Up-to-date symlink: /home/eceteam4/ECE480Team4/install/curvy_road/share/curvy_road//models/turtlebot3_curvy_road/course/model.sdf
[1.850s] -- Up-to-date symlink: /home/eceteam4/ECE480Team4/install/curvy_road/share/curvy_road//models/turtlebot3_curvy_road/curvy_road/model.config
[1.851s] -- Up-to-date symlink: /home/eceteam4/ECE480Team4/install/curvy_road/share/curvy_road//models/turtlebot3_curvy_road/curvy_road/model.sdf
[1.853s] -- Up-to-date symlink: /home/eceteam4/ECE480Team4/install/curvy_road/share/curvy_road//models/turtlebot3_curvy_road/curvy_road_world/model.config
[1.853s] -- Up-to-date symlink: /home/eceteam4/ECE480Team4/install/curvy_road/share/curvy_road//models/turtlebot3_curvy_road/curvy_road_world/model.sdf
[1.854s] -- Up-to-date symlink: /home/eceteam4/ECE480Team4/install/curvy_road/share/curvy_road//models/turtlebot3_curvy_road/model.config
[1.856s] -- Up-to-date symlink: /home/eceteam4/ECE480Team4/install/curvy_road/share/curvy_road//models/turtlebot3_curvy_road/traffic_parking/materials/scripts/traffic_parking.material
[1.857s] -- Up-to-date symlink: /home/eceteam4/ECE480Team4/install/curvy_road/share/curvy_road//models/turtlebot3_curvy_road/traffic_parking/materials/textures/traffic_parking.png
[1.858s] -- Up-to-date symlink: /home/eceteam4/ECE480Team4/install/curvy_road/share/curvy_road//models/turtlebot3_curvy_road/traffic_parking/model.config
[1.858s] -- Up-to-date symlink: /home/eceteam4/ECE480Team4/install/curvy_road/share/curvy_road//models/turtlebot3_curvy_road/traffic_parking/model.sdf
[1.860s] -- Up-to-date symlink: /home/eceteam4/ECE480Team4/install/curvy_road/share/curvy_road//models/turtlebot3_waffle/meshes/lds.dae
[1.860s] -- Up-to-date symlink: /home/eceteam4/ECE480Team4/install/curvy_road/share/curvy_road//models/turtlebot3_waffle/meshes/r200.dae
[1.861s] -- Up-to-date symlink: /home/eceteam4/ECE480Team4/install/curvy_road/share/curvy_road//models/turtlebot3_waffle/meshes/tire.dae
[1.862s] -- Up-to-date symlink: /home/eceteam4/ECE480Team4/install/curvy_road/share/curvy_road//models/turtlebot3_waffle/meshes/waffle_base.dae
[1.863s] -- Up-to-date symlink: /home/eceteam4/ECE480Team4/install/curvy_road/share/curvy_road//models/turtlebot3_waffle/model-1_4.sdf
[1.864s] -- Up-to-date symlink: /home/eceteam4/ECE480Team4/install/curvy_road/share/curvy_road//models/turtlebot3_waffle/model.config
[1.864s] -- Up-to-date symlink: /home/eceteam4/ECE480Team4/install/curvy_road/share/curvy_road//models/turtlebot3_waffle/model.sdf
[1.866s] -- Up-to-date symlink: /home/eceteam4/ECE480Team4/install/curvy_road/share/curvy_road//models/turtlebot3_waffle_pi/meshes/lds.dae
[1.868s] -- Up-to-date symlink: /home/eceteam4/ECE480Team4/install/curvy_road/share/curvy_road//models/turtlebot3_waffle_pi/meshes/tire.dae
[1.878s] -- Up-to-date symlink: /home/eceteam4/ECE480Team4/install/curvy_road/share/curvy_road//models/turtlebot3_waffle_pi/meshes/waffle_pi_base.dae
[1.878s] -- Up-to-date symlink: /home/eceteam4/ECE480Team4/install/curvy_road/share/curvy_road//models/turtlebot3_waffle_pi/model-1_4_.sdf
[1.879s] -- Up-to-date symlink: /home/eceteam4/ECE480Team4/install/curvy_road/share/curvy_road//models/turtlebot3_waffle_pi/model.config
[1.879s] -- Up-to-date symlink: /home/eceteam4/ECE480Team4/install/curvy_road/share/curvy_road//models/turtlebot3_waffle_pi/model.sdf
[1.888s] -- Up-to-date symlink: /home/eceteam4/ECE480Team4/install/curvy_road/share/curvy_road//models/turtlebot3_waffle_robot1/meshes/lds.dae
[1.890s] -- Up-to-date symlink: /home/eceteam4/ECE480Team4/install/curvy_road/share/curvy_road//models/turtlebot3_waffle_robot1/meshes/r200.dae
[1.891s] -- Up-to-date symlink: /home/eceteam4/ECE480Team4/install/curvy_road/share/curvy_road//models/turtlebot3_waffle_robot1/meshes/tire.dae
[1.892s] -- Up-to-date symlink: /home/eceteam4/ECE480Team4/install/curvy_road/share/curvy_road//models/turtlebot3_waffle_robot1/meshes/waffle_base.dae
[1.892s] -- Up-to-date symlink: /home/eceteam4/ECE480Team4/install/curvy_road/share/curvy_road//models/turtlebot3_waffle_robot1/model-1_4.sdf
[1.893s] -- Up-to-date symlink: /home/eceteam4/ECE480Team4/install/curvy_road/share/curvy_road//models/turtlebot3_waffle_robot1/model.config
[1.893s] -- Up-to-date symlink: /home/eceteam4/ECE480Team4/install/curvy_road/share/curvy_road//models/turtlebot3_waffle_robot1/model.sdf
[1.893s] -- Up-to-date symlink: /home/eceteam4/ECE480Team4/install/curvy_road/share/curvy_road//models/turtlebot3_world/meshes/hexagon.dae
[1.896s] -- Up-to-date symlink: /home/eceteam4/ECE480Team4/install/curvy_road/share/curvy_road//models/turtlebot3_world/meshes/wall.dae
[1.897s] -- Up-to-date symlink: /home/eceteam4/ECE480Team4/install/curvy_road/share/curvy_road//models/turtlebot3_world/model-1_4.sdf
[1.897s] -- Up-to-date symlink: /home/eceteam4/ECE480Team4/install/curvy_road/share/curvy_road//models/turtlebot3_world/model.config
[1.897s] -- Up-to-date symlink: /home/eceteam4/ECE480Team4/install/curvy_road/share/curvy_road//models/turtlebot3_world/model.sdf
[1.898s] -- Up-to-date symlink: /home/eceteam4/ECE480Team4/install/curvy_road/share/curvy_road//rviz/tb3_gazebo.rviz
[1.905s] -- Up-to-date symlink: /home/eceteam4/ECE480Team4/install/curvy_road/share/curvy_road//worlds/empty_worlds/burger.model
[1.905s] -- Up-to-date symlink: /home/eceteam4/ECE480Team4/install/curvy_road/share/curvy_road//worlds/empty_worlds/waffle.model
[1.908s] -- Up-to-date symlink: /home/eceteam4/ECE480Team4/install/curvy_road/share/curvy_road//worlds/empty_worlds/waffle_pi.model
[1.908s] -- Up-to-date symlink: /home/eceteam4/ECE480Team4/install/curvy_road/share/curvy_road//worlds/turtlebot3_curvy_road/burger.model
[1.908s] -- Up-to-date symlink: /home/eceteam4/ECE480Team4/install/curvy_road/share/curvy_road//worlds/turtlebot3_curvy_road/waffle.model
[1.910s] -- Up-to-date symlink: /home/eceteam4/ECE480Team4/install/curvy_road/share/curvy_road//worlds/turtlebot3_curvy_road/waffle_pi.model
[1.914s] -- Up-to-date symlink: /home/eceteam4/ECE480Team4/install/curvy_road/share/curvy_road//worlds/turtlebot3_worlds/burger.model
[1.914s] -- Up-to-date symlink: /home/eceteam4/ECE480Team4/install/curvy_road/share/curvy_road//worlds/turtlebot3_worlds/waffle.model
[1.914s] -- Up-to-date symlink: /home/eceteam4/ECE480Team4/install/curvy_road/share/curvy_road//worlds/turtlebot3_worlds/waffle_pi.model
[1.915s] -- Up-to-date symlink: /home/eceteam4/ECE480Team4/install/curvy_road/share/ament_index/resource_index/package_run_dependencies/curvy_road
[1.916s] -- Up-to-date symlink: /home/eceteam4/ECE480Team4/install/curvy_road/share/ament_index/resource_index/parent_prefix_path/curvy_road
[1.916s] -- Up-to-date symlink: /home/eceteam4/ECE480Team4/install/curvy_road/share/curvy_road/environment/ament_prefix_path.sh
[1.916s] -- Up-to-date symlink: /home/eceteam4/ECE480Team4/install/curvy_road/share/curvy_road/environment/ament_prefix_path.dsv
[1.926s] -- Up-to-date symlink: /home/eceteam4/ECE480Team4/install/curvy_road/share/curvy_road/environment/path.sh
[1.926s] -- Up-to-date symlink: /home/eceteam4/ECE480Team4/install/curvy_road/share/curvy_road/environment/path.dsv
[1.929s] -- Up-to-date symlink: /home/eceteam4/ECE480Team4/install/curvy_road/share/curvy_road/local_setup.bash
[1.929s] -- Up-to-date symlink: /home/eceteam4/ECE480Team4/install/curvy_road/share/curvy_road/local_setup.sh
[1.929s] -- Up-to-date symlink: /home/eceteam4/ECE480Team4/install/curvy_road/share/curvy_road/local_setup.zsh
[1.930s] -- Up-to-date symlink: /home/eceteam4/ECE480Team4/install/curvy_road/share/curvy_road/local_setup.dsv
[1.931s] -- Symlinking: /home/eceteam4/ECE480Team4/install/curvy_road/share/curvy_road/package.dsv
[1.954s] -- Up-to-date symlink: /home/eceteam4/ECE480Team4/install/curvy_road/share/ament_index/resource_index/packages/curvy_road
[1.955s] -- Up-to-date symlink: /home/eceteam4/ECE480Team4/install/curvy_road/share/curvy_road/cmake/ament_cmake_export_include_directories-extras.cmake
[1.956s] -- Up-to-date symlink: /home/eceteam4/ECE480Team4/install/curvy_road/share/curvy_road/cmake/ament_cmake_export_dependencies-extras.cmake
[1.956s] -- Up-to-date symlink: /home/eceteam4/ECE480Team4/install/curvy_road/share/curvy_road/cmake/curvy_roadConfig.cmake
[1.956s] -- Up-to-date symlink: /home/eceteam4/ECE480Team4/install/curvy_road/share/curvy_road/cmake/curvy_roadConfig-version.cmake
[1.956s] -- Up-to-date symlink: /home/eceteam4/ECE480Team4/install/curvy_road/share/curvy_road/package.xml
[1.991s] Invoked command in '/home/eceteam4/ECE480Team4/build/curvy_road' returned '0': CMAKE_PREFIX_PATH=${CMAKE_PREFIX_PATH}:/home/eceteam4/ECE480Team4/install/vesc_control:/home/eceteam4/ECE480Team4/install/sensors_lidar_bridge:/home/eceteam4/ECE480Team4/install/sensors_imu_bridge:/home/eceteam4/ECE480Team4/install/sensors_camera_node:/home/eceteam4/ECE480Team4/install/racing_line:/home/eceteam4/ECE480Team4/install/perception_sync_node:/home/eceteam4/ECE480Team4/install/perception_ml_node:/home/eceteam4/ECE480Team4/install/obstacle_det:/home/eceteam4/ECE480Team4/install/lane_follow:/home/eceteam4/ECE480Team4/install/bot_slam:/opt/ros/humble /usr/bin/cmake --install /home/eceteam4/ECE480Team4/build/curvy_road
